=== Found JODA query file, executing JODA queries ===
= File:'Twitter.json' =
0.12.4: Pulling from nicotin/joda
Digest: sha256:b253680f2c5ee1118e2c282e0c4ebff5cb6e87643fb98abcf1e686caaa35152a
Status: Image is up to date for nicotin/joda:0.12.4
770f7ed0cf47be3b628724136af38c5a09d27d646f636a6726f8f8bcb6ff9386
0
JODA: 74.5352 s
joda-benchmark
=== Results ===
= JQ =
Overall: 
= JODA =
Overall: 74.5352
Query Time: 10.3412
5.515473806
0.945237526
0.121151645
0.016404007
0.016961828
0.01481857
2.000908306
0.963027819
0.725310405
0.021928331
= Mongo =
Overall: 

Query Time: 
= PostgreSQL =
Overall: 
=== AGG Results ===
= JQ =

= JODA =
13346336
5073309
2880550
0
0
0
0
11360681
3234640
2383828
0
= Mongo =

= PostgreSQL =

