2022-03-06 21:01:02.841 UTC [1566] LOG:  statement: SELECT * FROM Reddit  WHERE jsonb_path_exists(doc,'$.author_flair_css_class.type() ? (@ == "string")') ;
2022-03-06 21:01:02.843 UTC [1566] LOG:  duration: 1.821 ms
2022-03-06 21:01:02.843 UTC [1566] LOG:  statement: SELECT * FROM Reddit  WHERE ( ( ( ( ( jsonb_path_exists(doc,'$.subreddit ? (@ starts with "A")') OR jsonb_path_exists(doc,'$.subreddit ? (@ starts with "E")') ) OR jsonb_path_exists(doc,'$.subreddit ? (@ starts with "S")') ) OR jsonb_path_exists(doc,'$.subreddit ? (@ starts with "P")') ) OR jsonb_path_exists(doc,'$.subreddit ? (@ starts with "C")') ) OR jsonb_path_exists(doc,'$.retrieved_on ? (@ <= 1425366448.059361)') ) ;
2022-03-06 21:01:02.843 UTC [1566] LOG:  duration: 0.420 ms
2022-03-06 21:01:02.844 UTC [1566] LOG:  statement: SELECT * FROM Reddit  WHERE ( ( ( ( ( jsonb_path_exists(doc,'$.author ? (@ starts with "c")') OR jsonb_path_exists(doc,'$.author ? (@ starts with "H")') ) OR jsonb_path_exists(doc,'$.author ? (@ starts with "L")') ) OR jsonb_path_exists(doc,'$.author ? (@ starts with "N")') ) OR jsonb_path_exists(doc,'$.author ? (@ starts with "S")') ) OR jsonb_path_exists(doc,'$.author_flair_text.type() ? (@ == "string")') ) ;
2022-03-06 21:01:02.844 UTC [1566] LOG:  duration: 0.351 ms
2022-03-06 21:01:02.844 UTC [1566] LOG:  statement: SELECT * FROM Reddit  WHERE jsonb_path_exists(doc,'$.author_flair_text.type() ? (@ == "string")') ;
2022-03-06 21:01:02.844 UTC [1566] LOG:  duration: 0.164 ms
2022-03-06 21:01:02.845 UTC [1566] LOG:  statement: SELECT * FROM Reddit  WHERE jsonb_path_exists(doc,'$.parent_id ? (@ starts with "t")') ;
2022-03-06 21:01:02.845 UTC [1566] LOG:  duration: 0.146 ms
2022-03-06 21:01:02.845 UTC [1566] LOG:  statement: SELECT * FROM Reddit  WHERE ( ( ( ( ( ( ( jsonb_path_exists(doc,'$.author_flair_text ? (@ starts with "ðŸ’ƒ")') OR jsonb_path_exists(doc,'$.author_flair_text ? (@ starts with "à¸™")') ) OR jsonb_path_exists(doc,'$.author_flair_text ? (@ starts with "í‹°")') ) OR jsonb_path_exists(doc,'$.author_flair_text ? (@ starts with "ã¤")') ) OR jsonb_path_exists(doc,'$.author_flair_text ? (@ starts with "\"")') ) OR ( ( ( ( jsonb_path_exists(doc,'$.author_flair_text ? (@ starts with "ðŸ’–")') OR jsonb_path_exists(doc,'$.author_flair_text ? (@ starts with "æ¼¢")') ) OR jsonb_path_exists(doc,'$.author_flair_text ? (@ starts with "ã“")') ) OR jsonb_path_exists(doc,'$.author_flair_text ? (@ starts with "ë„¬")') ) OR jsonb_path_exists(doc,'$.author_flair_text ? (@ starts with "Ï„")') ) ) OR ( ( ( ( jsonb_path_exists(doc,'$.author_flair_text ? (@ starts with "ðŸŸ")') OR jsonb_path_exists(doc,'$.author_flair_text ? (@ starts with "é»’")') ) OR jsonb_path_exists(doc,'$.author_flair_text ? (@ starts with "Ã“")') ) OR jsonb_path_exists(doc,'$.author_flair_text ? (@ starts with "æµ™")') ) OR jsonb_path_exists(doc,'$.author_flair_text ? (@ starts with "Ã˜")') ) ) OR jsonb_path_exists(doc,'$.author_flair_css_class.type() ? (@ == "string")') ) ;
2022-03-06 21:01:02.846 UTC [1566] LOG:  duration: 0.712 ms
2022-03-06 21:01:02.846 UTC [1566] LOG:  statement: SELECT * FROM Reddit  WHERE jsonb_path_exists(doc,'$.parent_id ? (@ starts with "t")') ;
2022-03-06 21:01:02.846 UTC [1566] LOG:  duration: 0.158 ms
2022-03-06 21:01:02.846 UTC [1566] LOG:  statement: SELECT * FROM Reddit  WHERE ( ( jsonb_path_exists(doc,'$.gilded ? (@ == 15)') OR jsonb_path_exists(doc,'$.distinguished ? (@ starts with "m")') ) OR jsonb_path_exists(doc,'$.author_flair_css_class.type() ? (@ == "string")') ) ;
2022-03-06 21:01:02.847 UTC [1566] LOG:  duration: 0.243 ms
2022-03-06 21:01:02.847 UTC [1566] LOG:  statement: SELECT * FROM Reddit  WHERE ( ( ( jsonb_path_exists(doc,'$.gilded ? (@ == 15)') OR jsonb_path_exists(doc,'$.distinguished ? (@ starts with "m")') ) OR jsonb_path_exists(doc,'$.author_flair_css_class.type() ? (@ == "string")') ) AND jsonb_path_exists(doc,'$.parent_id ? (@ starts with "t1")') ) ;
2022-03-06 21:01:02.847 UTC [1566] LOG:  duration: 0.275 ms
2022-03-06 21:01:02.847 UTC [1566] LOG:  statement: SELECT * FROM Reddit  WHERE ( ( ( jsonb_path_exists(doc,'$.gilded ? (@ == 15)') OR jsonb_path_exists(doc,'$.distinguished ? (@ starts with "m")') ) OR jsonb_path_exists(doc,'$.author_flair_css_class.type() ? (@ == "string")') ) AND jsonb_path_exists(doc,'$.retrieved_on ? (@ <= 1425929955.906181)') ) ;
2022-03-06 21:01:02.848 UTC [1566] LOG:  duration: 0.277 ms
