=== Found JODA query file, executing JODA queries ===
= File:'Twitter.json' =
0.12.4: Pulling from nicotin/joda
Digest: sha256:b253680f2c5ee1118e2c282e0c4ebff5cb6e87643fb98abcf1e686caaa35152a
Status: Image is up to date for nicotin/joda:0.12.4
23c7dabb5785112fb07ef1cd4f8f2efd79a4511a1cf6c67dc4934b6fe99656f0
0
JODA: 86.7155 s
joda-benchmark
=== Results ===
= JQ =
Overall: 
= JODA =
Overall: 86.7155
Query Time: 18.0856
5.052910905
2.756801202
1.193113797
2.173229047
1.364657741
1.561467195
1.435854335
1.299067607
0.601575401
0.646961056
= Mongo =
Overall: 

Query Time: 
= PostgreSQL =
Overall: 
=== AGG Results ===
= JQ =

= JODA =
13346336
5073309
5073309
1238937
4732128
4119327
5073309
5073309
10691615
1148301
1830824
= Mongo =

= PostgreSQL =

