=== Found JODA query file, executing JODA queries ===
= File:'Twitter.json' =
0.12.4: Pulling from nicotin/joda
Digest: sha256:b253680f2c5ee1118e2c282e0c4ebff5cb6e87643fb98abcf1e686caaa35152a
Status: Image is up to date for nicotin/joda:0.12.4
b0026c12c386f8d71e2a2663cf9fcc3350e911958c051c92d2999f85ce113305
0
JODA: 232.545 s
joda-benchmark
=== Results ===
= JQ =
Overall: 
= JODA =
Overall: 232.545
Query Time: 81.5262
6.094742627
1.627237235
1.280464679
1.153315073
1.002550591
1.066416124
1.066941297
1.123219213
0.727944387
1.261183509
4.801390712
8.680851903
11.329026614
10.297420673
11.773117431
8.812842008
6.204008377
2.778761593
0.291624241
0.153124699
= Mongo =
Overall: 

Query Time: 
= PostgreSQL =
Overall: 
=== AGG Results ===
= JQ =

= JODA =
13346336
5073309
5073309
10691615
10691615
5073309
10691615
10691615
10691615
5073309
10691615
3185169
5220295
5071567
5073309
5165933
5407738
4101002
1609314
314692
314692
= Mongo =

= PostgreSQL =

