=== Found JODA query file, executing JODA queries ===
= File:'Twitter.json' =
0.12.4: Pulling from nicotin/joda
Digest: sha256:b253680f2c5ee1118e2c282e0c4ebff5cb6e87643fb98abcf1e686caaa35152a
Status: Image is up to date for nicotin/joda:0.12.4
254eaa5f0d4aa37e0ecefb15ab5b3b5137b99d7a9f0f24c1c5d51a1870bc1e79
0
JODA: 73.2406 s
joda-benchmark
=== Results ===
= JQ =
Overall: 
= JODA =
Overall: 73.2406
Query Time: 12.8309
6.195393728
2.585701974
1.422312366
0.362595476
0.312405454
0.165684156
0.103433388
0.082932855
0.08236632
1.518061811
= Mongo =
Overall: 

Query Time: 
= PostgreSQL =
Overall: 
=== AGG Results ===
= JQ =

= JODA =
13346336
10691615
5073309
1707641
1317761
1493294
619997
202258
127613
104996
3304570
= Mongo =

= PostgreSQL =

