=== Found JODA query file, executing JODA queries ===
= File:'Twitter.json' =
0.12.4: Pulling from nicotin/joda
Digest: sha256:b253680f2c5ee1118e2c282e0c4ebff5cb6e87643fb98abcf1e686caaa35152a
Status: Image is up to date for nicotin/joda:0.12.4
9f225d52dc18d84ce730be65894e8b228ed00a12e465142983ae0d8d33d8c457
0
JODA: 95.19 s
joda-benchmark
=== Results ===
= JQ =
Overall: 
= JODA =
Overall: 95.19
Query Time: 21.6055
4.709312484
4.033235178
1.620993552
2.639773092
1.958545516
1.564452805
1.55582873
1.699564185
1.040047701
0.783708106
= Mongo =
Overall: 

Query Time: 
= PostgreSQL =
Overall: 
=== AGG Results ===
= JQ =

= JODA =
13346336
10691615
9502932
7738279
2104226
5073309
5073309
10691615
2544751
1911927
4336701
= Mongo =

= PostgreSQL =

