=== Found JODA query file, executing JODA queries ===
= File:'Twitter.json' =
0.12.4: Pulling from nicotin/joda
Digest: sha256:b253680f2c5ee1118e2c282e0c4ebff5cb6e87643fb98abcf1e686caaa35152a
Status: Image is up to date for nicotin/joda:0.12.4
f352709aea63436d00db8052fcab7a30d84d02887b172a96859296990751e88c
0
JODA: 92.8827 s
joda-benchmark
=== Results ===
= JQ =
Overall: 
= JODA =
Overall: 92.8827
Query Time: 18.528
7.315788499
1.796315366
1.925490977
6.814861293
0.675516066
= Mongo =
Overall: 

Query Time: 
= PostgreSQL =
Overall: 
=== AGG Results ===
= JQ =

= JODA =
13346336
5073309
4457775
5407738
4191952
1046952
= Mongo =

= PostgreSQL =

