=== Found JODA query file, executing JODA queries ===
= File:'Twitter.json' =
0.12.4: Pulling from nicotin/joda
Digest: sha256:b253680f2c5ee1118e2c282e0c4ebff5cb6e87643fb98abcf1e686caaa35152a
Status: Image is up to date for nicotin/joda:0.12.4
8472b05b2b438bcc2cace7f03b4176209faf24b2bc8c8e3f2fa7909e7f13ddab
0
JODA: 80.3711 s
joda-benchmark
=== Results ===
= JQ =
Overall: 
= JODA =
Overall: 80.3711
Query Time: 16.9574
5.587989688
2.420071122
1.416862142
2.218900379
1.439719799
1.412606842
0.739537283
0.348674869
0.962696695
0.410362263
= Mongo =
Overall: 

Query Time: 
= PostgreSQL =
Overall: 
=== AGG Results ===
= JQ =

= JODA =
13346336
5073309
5073309
1238937
4732128
4119327
5073309
1609314
478123
5073309
2538560
= Mongo =

= PostgreSQL =

