=== Found JODA query file, executing JODA queries ===
= File:'Twitter.json' =
0.12.4: Pulling from nicotin/joda
Digest: sha256:b253680f2c5ee1118e2c282e0c4ebff5cb6e87643fb98abcf1e686caaa35152a
Status: Image is up to date for nicotin/joda:0.12.4
b46d654ba8b71345b4297c7ad94c7de1790fdd5f27bf1f36928e5e9338a5e130
0
JODA: 69.5602 s
joda-benchmark
=== Results ===
= JQ =
Overall: 
= JODA =
Overall: 69.5602
Query Time: 9.21579
5.363397621
2.082474007
0.797107345
0.257790988
0.151195833
0.146960172
0.115616863
0.118862529
0.099977791
0.082407446
= Mongo =
Overall: 

Query Time: 
= PostgreSQL =
Overall: 
=== AGG Results ===
= JQ =

= JODA =
13346336
10691615
5073309
1532985
915227
747814
508330
333279
369952
321705
107776
= Mongo =

= PostgreSQL =

