=== Found JODA query file, executing JODA queries ===
= File:'Twitter.json' =
0.12.4: Pulling from nicotin/joda
Digest: sha256:b253680f2c5ee1118e2c282e0c4ebff5cb6e87643fb98abcf1e686caaa35152a
Status: Image is up to date for nicotin/joda:0.12.4
854c7e89894cd088510247f6c4fffb50c590991605d7968d5cd8a2fa00f60053
0
JODA: 64.0967 s
joda-benchmark
=== Results ===
= JQ =
Overall: 
= JODA =
Overall: 64.0967
Query Time: 10.5335
5.779217161
1.917475981
1.140102006
0.393851258
0.259457454
0.320597878
0.144099713
0.163365555
0.167329541
0.248011522
= Mongo =
Overall: 

Query Time: 
= PostgreSQL =
Overall: 
=== AGG Results ===
= JQ =

= JODA =
13346336
5073309
2689798
2812643
1970018
1098848
1470102
314692
314660
701760
1243809
= Mongo =

= PostgreSQL =

