=== Found JODA query file, executing JODA queries ===
=== Found MongoDB query file, executing MongoDB queries ===
=== Found Postgres query file, executing Postgres queries ===
=== Found JQ query file, executing JQ queries ===
Sending build context to Docker daemon  9.434MB
Step 1/2 : FROM alpine
 ---> 14119a10abf4
Step 2/2 : RUN apk add --no-cache --upgrade bash jq
 ---> Using cache
 ---> 91ec4132b45e
Successfully built 91ec4132b45e
Successfully tagged nicotin/jq:05-10-2021
status: timeout
JQ: 14409.9 s
e1c1258307c03b90c994d3104cc4c057f95959f36aff7d15f4e47be300da197c
=== Results ===
= JODA =
Overall: 
Query Time: 

= Mongo =
Overall: 
Query Time: 

= PostgreSQL =
Overall: 
Query Time: 

= JQ =
Overall: 14409.9
