=== Found JODA query file, executing JODA queries ===
= File:'Twitter.json' =
0.12.4: Pulling from nicotin/joda
Digest: sha256:b253680f2c5ee1118e2c282e0c4ebff5cb6e87643fb98abcf1e686caaa35152a
Status: Image is up to date for nicotin/joda:0.12.4
a8bbce1021930b90ca2de1c335251ac33a1a99d373fd48725e15e9229cf6ef91
0
JODA: 80.0067 s
joda-benchmark
=== Results ===
= JQ =
Overall: 
= JODA =
Overall: 80.0067
Query Time: 13.8429
6.004457824
2.235779524
1.051414392
0.846723531
0.641239693
0.60363685
0.740657848
0.605556681
0.672241122
0.44118626
= Mongo =
Overall: 

Query Time: 
= PostgreSQL =
Overall: 
=== AGG Results ===
= JQ =

= JODA =
13346336
6917927
5073309
3791783
3209055
5073309
5073309
5073309
5073309
5073309
1691338
= Mongo =

= PostgreSQL =

