=== Found JODA query file, executing JODA queries ===
= File:'Twitter.json' =
0.12.2: Pulling from nicotin/joda
Digest: sha256:f5e9052c3cc1af5f34dcaa9442d46f2baf40a6a1b6fc3a0d59558d49b5ec8fcf
Status: Image is up to date for nicotin/joda:0.12.2
d0c384ec720d2224461dc6642d06f9a0549d2288857fb4b5d330d2cf7ca01f01
0
JODA: 272.951 s
joda-benchmark
=== Found MongoDB query file, executing MongoDB queries ===
= File:'Twitter.json' =
5.0.3-focal: Pulling from library/mongo
Digest: sha256:f7c401402aa3e689fc42c7109247ab2d5a3e3b4b8a3ace4c2bf7a5fc74ca4917
Status: Image is up to date for mongo:5.0.3-focal
9fb38282b31590d5600d06f914d7cc9973153e393a2c363dd6fd6d3b98773165
2021-10-19T09:11:45.949+0000	connected to: mongodb://localhost/
2021-10-19T09:11:48.950+0000	[........................] benchmark.Twitter	59.7MB/49.1GB (0.1%)
2021-10-19T09:11:51.949+0000	[........................] benchmark.Twitter	121MB/49.1GB (0.2%)
2021-10-19T09:11:54.950+0000	[........................] benchmark.Twitter	184MB/49.1GB (0.4%)
2021-10-19T09:11:57.950+0000	[........................] benchmark.Twitter	247MB/49.1GB (0.5%)
2021-10-19T09:12:00.949+0000	[........................] benchmark.Twitter	310MB/49.1GB (0.6%)
2021-10-19T09:12:03.950+0000	[........................] benchmark.Twitter	372MB/49.1GB (0.7%)
2021-10-19T09:12:06.951+0000	[........................] benchmark.Twitter	434MB/49.1GB (0.9%)
2021-10-19T09:12:09.951+0000	[........................] benchmark.Twitter	497MB/49.1GB (1.0%)
2021-10-19T09:12:12.951+0000	[........................] benchmark.Twitter	560MB/49.1GB (1.1%)
2021-10-19T09:12:15.949+0000	[........................] benchmark.Twitter	623MB/49.1GB (1.2%)
2021-10-19T09:12:18.950+0000	[........................] benchmark.Twitter	686MB/49.1GB (1.4%)
2021-10-19T09:12:21.949+0000	[........................] benchmark.Twitter	750MB/49.1GB (1.5%)
2021-10-19T09:12:24.950+0000	[........................] benchmark.Twitter	814MB/49.1GB (1.6%)
2021-10-19T09:12:27.953+0000	[........................] benchmark.Twitter	876MB/49.1GB (1.7%)
2021-10-19T09:12:30.949+0000	[........................] benchmark.Twitter	939MB/49.1GB (1.9%)
2021-10-19T09:12:33.949+0000	[........................] benchmark.Twitter	1002MB/49.1GB (2.0%)
2021-10-19T09:12:36.949+0000	[........................] benchmark.Twitter	1.04GB/49.1GB (2.1%)
2021-10-19T09:12:39.950+0000	[........................] benchmark.Twitter	1.10GB/49.1GB (2.2%)
2021-10-19T09:12:42.951+0000	[........................] benchmark.Twitter	1.16GB/49.1GB (2.4%)
2021-10-19T09:12:45.951+0000	[........................] benchmark.Twitter	1.23GB/49.1GB (2.5%)
2021-10-19T09:12:48.950+0000	[........................] benchmark.Twitter	1.28GB/49.1GB (2.6%)
2021-10-19T09:12:51.949+0000	[........................] benchmark.Twitter	1.34GB/49.1GB (2.7%)
2021-10-19T09:12:54.950+0000	[........................] benchmark.Twitter	1.40GB/49.1GB (2.8%)
2021-10-19T09:12:57.949+0000	[........................] benchmark.Twitter	1.46GB/49.1GB (3.0%)
2021-10-19T09:13:00.951+0000	[........................] benchmark.Twitter	1.52GB/49.1GB (3.1%)
2021-10-19T09:13:03.950+0000	[........................] benchmark.Twitter	1.59GB/49.1GB (3.2%)
2021-10-19T09:13:06.950+0000	[........................] benchmark.Twitter	1.65GB/49.1GB (3.4%)
2021-10-19T09:13:09.949+0000	[........................] benchmark.Twitter	1.71GB/49.1GB (3.5%)
2021-10-19T09:13:12.950+0000	[........................] benchmark.Twitter	1.77GB/49.1GB (3.6%)
2021-10-19T09:13:15.949+0000	[........................] benchmark.Twitter	1.83GB/49.1GB (3.7%)
2021-10-19T09:13:18.951+0000	[........................] benchmark.Twitter	1.89GB/49.1GB (3.9%)
2021-10-19T09:13:21.949+0000	[........................] benchmark.Twitter	1.95GB/49.1GB (4.0%)
2021-10-19T09:13:24.950+0000	[........................] benchmark.Twitter	2.01GB/49.1GB (4.1%)
2021-10-19T09:13:27.949+0000	[#.......................] benchmark.Twitter	2.07GB/49.1GB (4.2%)
2021-10-19T09:13:30.950+0000	[#.......................] benchmark.Twitter	2.12GB/49.1GB (4.3%)
2021-10-19T09:13:33.949+0000	[#.......................] benchmark.Twitter	2.18GB/49.1GB (4.4%)
2021-10-19T09:13:36.949+0000	[#.......................] benchmark.Twitter	2.24GB/49.1GB (4.6%)
2021-10-19T09:13:39.950+0000	[#.......................] benchmark.Twitter	2.30GB/49.1GB (4.7%)
2021-10-19T09:13:42.950+0000	[#.......................] benchmark.Twitter	2.36GB/49.1GB (4.8%)
2021-10-19T09:13:45.956+0000	[#.......................] benchmark.Twitter	2.42GB/49.1GB (4.9%)
2021-10-19T09:13:48.950+0000	[#.......................] benchmark.Twitter	2.48GB/49.1GB (5.0%)
2021-10-19T09:13:51.950+0000	[#.......................] benchmark.Twitter	2.53GB/49.1GB (5.2%)
2021-10-19T09:13:54.950+0000	[#.......................] benchmark.Twitter	2.59GB/49.1GB (5.3%)
2021-10-19T09:13:57.949+0000	[#.......................] benchmark.Twitter	2.65GB/49.1GB (5.4%)
2021-10-19T09:14:00.951+0000	[#.......................] benchmark.Twitter	2.72GB/49.1GB (5.5%)
2021-10-19T09:14:03.950+0000	[#.......................] benchmark.Twitter	2.78GB/49.1GB (5.7%)
2021-10-19T09:14:06.950+0000	[#.......................] benchmark.Twitter	2.84GB/49.1GB (5.8%)
2021-10-19T09:14:09.950+0000	[#.......................] benchmark.Twitter	2.90GB/49.1GB (5.9%)
2021-10-19T09:14:12.949+0000	[#.......................] benchmark.Twitter	2.96GB/49.1GB (6.0%)
2021-10-19T09:14:15.950+0000	[#.......................] benchmark.Twitter	3.03GB/49.1GB (6.2%)
2021-10-19T09:14:18.950+0000	[#.......................] benchmark.Twitter	3.09GB/49.1GB (6.3%)
2021-10-19T09:14:21.949+0000	[#.......................] benchmark.Twitter	3.15GB/49.1GB (6.4%)
2021-10-19T09:14:24.949+0000	[#.......................] benchmark.Twitter	3.21GB/49.1GB (6.5%)
2021-10-19T09:14:27.950+0000	[#.......................] benchmark.Twitter	3.27GB/49.1GB (6.7%)
2021-10-19T09:14:30.950+0000	[#.......................] benchmark.Twitter	3.33GB/49.1GB (6.8%)
2021-10-19T09:14:33.949+0000	[#.......................] benchmark.Twitter	3.40GB/49.1GB (6.9%)
2021-10-19T09:14:36.950+0000	[#.......................] benchmark.Twitter	3.46GB/49.1GB (7.0%)
2021-10-19T09:14:39.950+0000	[#.......................] benchmark.Twitter	3.52GB/49.1GB (7.2%)
2021-10-19T09:14:42.950+0000	[#.......................] benchmark.Twitter	3.58GB/49.1GB (7.3%)
2021-10-19T09:14:45.950+0000	[#.......................] benchmark.Twitter	3.64GB/49.1GB (7.4%)
2021-10-19T09:14:48.950+0000	[#.......................] benchmark.Twitter	3.71GB/49.1GB (7.5%)
2021-10-19T09:14:51.950+0000	[#.......................] benchmark.Twitter	3.77GB/49.1GB (7.7%)
2021-10-19T09:14:54.949+0000	[#.......................] benchmark.Twitter	3.82GB/49.1GB (7.8%)
2021-10-19T09:14:57.950+0000	[#.......................] benchmark.Twitter	3.88GB/49.1GB (7.9%)
2021-10-19T09:15:00.950+0000	[#.......................] benchmark.Twitter	3.94GB/49.1GB (8.0%)
2021-10-19T09:15:03.950+0000	[#.......................] benchmark.Twitter	4.00GB/49.1GB (8.1%)
2021-10-19T09:15:06.949+0000	[#.......................] benchmark.Twitter	4.06GB/49.1GB (8.3%)
2021-10-19T09:15:09.950+0000	[##......................] benchmark.Twitter	4.13GB/49.1GB (8.4%)
2021-10-19T09:15:12.950+0000	[##......................] benchmark.Twitter	4.19GB/49.1GB (8.5%)
2021-10-19T09:15:15.949+0000	[##......................] benchmark.Twitter	4.25GB/49.1GB (8.6%)
2021-10-19T09:15:18.949+0000	[##......................] benchmark.Twitter	4.31GB/49.1GB (8.8%)
2021-10-19T09:15:21.950+0000	[##......................] benchmark.Twitter	4.37GB/49.1GB (8.9%)
2021-10-19T09:15:24.950+0000	[##......................] benchmark.Twitter	4.43GB/49.1GB (9.0%)
2021-10-19T09:15:27.950+0000	[##......................] benchmark.Twitter	4.49GB/49.1GB (9.1%)
2021-10-19T09:15:30.950+0000	[##......................] benchmark.Twitter	4.56GB/49.1GB (9.3%)
2021-10-19T09:15:33.949+0000	[##......................] benchmark.Twitter	4.62GB/49.1GB (9.4%)
2021-10-19T09:15:36.950+0000	[##......................] benchmark.Twitter	4.68GB/49.1GB (9.5%)
2021-10-19T09:15:39.951+0000	[##......................] benchmark.Twitter	4.74GB/49.1GB (9.6%)
2021-10-19T09:15:42.950+0000	[##......................] benchmark.Twitter	4.80GB/49.1GB (9.8%)
2021-10-19T09:15:45.951+0000	[##......................] benchmark.Twitter	4.87GB/49.1GB (9.9%)
2021-10-19T09:15:48.949+0000	[##......................] benchmark.Twitter	4.93GB/49.1GB (10.0%)
2021-10-19T09:15:51.951+0000	[##......................] benchmark.Twitter	4.99GB/49.1GB (10.2%)
2021-10-19T09:15:54.949+0000	[##......................] benchmark.Twitter	5.05GB/49.1GB (10.3%)
2021-10-19T09:15:57.950+0000	[##......................] benchmark.Twitter	5.10GB/49.1GB (10.4%)
2021-10-19T09:16:00.950+0000	[##......................] benchmark.Twitter	5.16GB/49.1GB (10.5%)
2021-10-19T09:16:03.950+0000	[##......................] benchmark.Twitter	5.22GB/49.1GB (10.6%)
2021-10-19T09:16:06.950+0000	[##......................] benchmark.Twitter	5.28GB/49.1GB (10.8%)
2021-10-19T09:16:09.950+0000	[##......................] benchmark.Twitter	5.34GB/49.1GB (10.9%)
2021-10-19T09:16:12.952+0000	[##......................] benchmark.Twitter	5.40GB/49.1GB (11.0%)
2021-10-19T09:16:15.950+0000	[##......................] benchmark.Twitter	5.46GB/49.1GB (11.1%)
2021-10-19T09:16:18.950+0000	[##......................] benchmark.Twitter	5.52GB/49.1GB (11.2%)
2021-10-19T09:16:21.949+0000	[##......................] benchmark.Twitter	5.58GB/49.1GB (11.4%)
2021-10-19T09:16:24.949+0000	[##......................] benchmark.Twitter	5.63GB/49.1GB (11.5%)
2021-10-19T09:16:27.950+0000	[##......................] benchmark.Twitter	5.69GB/49.1GB (11.6%)
2021-10-19T09:16:30.949+0000	[##......................] benchmark.Twitter	5.75GB/49.1GB (11.7%)
2021-10-19T09:16:33.950+0000	[##......................] benchmark.Twitter	5.81GB/49.1GB (11.8%)
2021-10-19T09:16:36.950+0000	[##......................] benchmark.Twitter	5.87GB/49.1GB (11.9%)
2021-10-19T09:16:39.949+0000	[##......................] benchmark.Twitter	5.92GB/49.1GB (12.1%)
2021-10-19T09:16:42.949+0000	[##......................] benchmark.Twitter	5.98GB/49.1GB (12.2%)
2021-10-19T09:16:45.950+0000	[##......................] benchmark.Twitter	6.04GB/49.1GB (12.3%)
2021-10-19T09:16:48.950+0000	[##......................] benchmark.Twitter	6.10GB/49.1GB (12.4%)
2021-10-19T09:16:51.950+0000	[###.....................] benchmark.Twitter	6.16GB/49.1GB (12.5%)
2021-10-19T09:16:54.949+0000	[###.....................] benchmark.Twitter	6.22GB/49.1GB (12.7%)
2021-10-19T09:16:57.949+0000	[###.....................] benchmark.Twitter	6.28GB/49.1GB (12.8%)
2021-10-19T09:17:00.952+0000	[###.....................] benchmark.Twitter	6.34GB/49.1GB (12.9%)
2021-10-19T09:17:03.949+0000	[###.....................] benchmark.Twitter	6.39GB/49.1GB (13.0%)
2021-10-19T09:17:06.950+0000	[###.....................] benchmark.Twitter	6.46GB/49.1GB (13.1%)
2021-10-19T09:17:09.950+0000	[###.....................] benchmark.Twitter	6.52GB/49.1GB (13.3%)
2021-10-19T09:17:12.950+0000	[###.....................] benchmark.Twitter	6.58GB/49.1GB (13.4%)
2021-10-19T09:17:15.950+0000	[###.....................] benchmark.Twitter	6.64GB/49.1GB (13.5%)
2021-10-19T09:17:18.950+0000	[###.....................] benchmark.Twitter	6.70GB/49.1GB (13.6%)
2021-10-19T09:17:21.949+0000	[###.....................] benchmark.Twitter	6.76GB/49.1GB (13.8%)
2021-10-19T09:17:24.950+0000	[###.....................] benchmark.Twitter	6.82GB/49.1GB (13.9%)
2021-10-19T09:17:27.950+0000	[###.....................] benchmark.Twitter	6.89GB/49.1GB (14.0%)
2021-10-19T09:17:30.950+0000	[###.....................] benchmark.Twitter	6.95GB/49.1GB (14.1%)
2021-10-19T09:17:33.950+0000	[###.....................] benchmark.Twitter	7.01GB/49.1GB (14.3%)
2021-10-19T09:17:36.949+0000	[###.....................] benchmark.Twitter	7.07GB/49.1GB (14.4%)
2021-10-19T09:17:39.950+0000	[###.....................] benchmark.Twitter	7.13GB/49.1GB (14.5%)
2021-10-19T09:17:42.950+0000	[###.....................] benchmark.Twitter	7.19GB/49.1GB (14.6%)
2021-10-19T09:17:45.949+0000	[###.....................] benchmark.Twitter	7.25GB/49.1GB (14.8%)
2021-10-19T09:17:48.949+0000	[###.....................] benchmark.Twitter	7.32GB/49.1GB (14.9%)
2021-10-19T09:17:51.950+0000	[###.....................] benchmark.Twitter	7.38GB/49.1GB (15.0%)
2021-10-19T09:17:54.949+0000	[###.....................] benchmark.Twitter	7.44GB/49.1GB (15.1%)
2021-10-19T09:17:57.951+0000	[###.....................] benchmark.Twitter	7.50GB/49.1GB (15.3%)
2021-10-19T09:18:00.951+0000	[###.....................] benchmark.Twitter	7.56GB/49.1GB (15.4%)
2021-10-19T09:18:03.955+0000	[###.....................] benchmark.Twitter	7.62GB/49.1GB (15.5%)
2021-10-19T09:18:06.950+0000	[###.....................] benchmark.Twitter	7.67GB/49.1GB (15.6%)
2021-10-19T09:18:09.950+0000	[###.....................] benchmark.Twitter	7.73GB/49.1GB (15.7%)
2021-10-19T09:18:12.949+0000	[###.....................] benchmark.Twitter	7.79GB/49.1GB (15.9%)
2021-10-19T09:18:15.951+0000	[###.....................] benchmark.Twitter	7.85GB/49.1GB (16.0%)
2021-10-19T09:18:18.951+0000	[###.....................] benchmark.Twitter	7.91GB/49.1GB (16.1%)
2021-10-19T09:18:21.950+0000	[###.....................] benchmark.Twitter	7.98GB/49.1GB (16.2%)
2021-10-19T09:18:24.949+0000	[###.....................] benchmark.Twitter	8.04GB/49.1GB (16.4%)
2021-10-19T09:18:27.950+0000	[###.....................] benchmark.Twitter	8.10GB/49.1GB (16.5%)
2021-10-19T09:18:30.950+0000	[###.....................] benchmark.Twitter	8.16GB/49.1GB (16.6%)
2021-10-19T09:18:33.951+0000	[####....................] benchmark.Twitter	8.22GB/49.1GB (16.7%)
2021-10-19T09:18:36.950+0000	[####....................] benchmark.Twitter	8.28GB/49.1GB (16.9%)
2021-10-19T09:18:39.950+0000	[####....................] benchmark.Twitter	8.34GB/49.1GB (17.0%)
2021-10-19T09:18:42.949+0000	[####....................] benchmark.Twitter	8.40GB/49.1GB (17.1%)
2021-10-19T09:18:45.950+0000	[####....................] benchmark.Twitter	8.46GB/49.1GB (17.2%)
2021-10-19T09:18:48.950+0000	[####....................] benchmark.Twitter	8.52GB/49.1GB (17.3%)
2021-10-19T09:18:51.950+0000	[####....................] benchmark.Twitter	8.59GB/49.1GB (17.5%)
2021-10-19T09:18:54.949+0000	[####....................] benchmark.Twitter	8.64GB/49.1GB (17.6%)
2021-10-19T09:18:57.949+0000	[####....................] benchmark.Twitter	8.70GB/49.1GB (17.7%)
2021-10-19T09:19:00.950+0000	[####....................] benchmark.Twitter	8.77GB/49.1GB (17.8%)
2021-10-19T09:19:03.950+0000	[####....................] benchmark.Twitter	8.83GB/49.1GB (18.0%)
2021-10-19T09:19:06.949+0000	[####....................] benchmark.Twitter	8.88GB/49.1GB (18.1%)
2021-10-19T09:19:09.950+0000	[####....................] benchmark.Twitter	8.93GB/49.1GB (18.2%)
2021-10-19T09:19:12.949+0000	[####....................] benchmark.Twitter	8.99GB/49.1GB (18.3%)
2021-10-19T09:19:15.949+0000	[####....................] benchmark.Twitter	9.05GB/49.1GB (18.4%)
2021-10-19T09:19:18.950+0000	[####....................] benchmark.Twitter	9.10GB/49.1GB (18.5%)
2021-10-19T09:19:21.949+0000	[####....................] benchmark.Twitter	9.16GB/49.1GB (18.6%)
2021-10-19T09:19:24.950+0000	[####....................] benchmark.Twitter	9.22GB/49.1GB (18.8%)
2021-10-19T09:19:27.949+0000	[####....................] benchmark.Twitter	9.27GB/49.1GB (18.9%)
2021-10-19T09:19:30.950+0000	[####....................] benchmark.Twitter	9.33GB/49.1GB (19.0%)
2021-10-19T09:19:33.949+0000	[####....................] benchmark.Twitter	9.39GB/49.1GB (19.1%)
2021-10-19T09:19:36.950+0000	[####....................] benchmark.Twitter	9.44GB/49.1GB (19.2%)
2021-10-19T09:19:39.949+0000	[####....................] benchmark.Twitter	9.50GB/49.1GB (19.3%)
2021-10-19T09:19:42.949+0000	[####....................] benchmark.Twitter	9.56GB/49.1GB (19.5%)
2021-10-19T09:19:45.950+0000	[####....................] benchmark.Twitter	9.62GB/49.1GB (19.6%)
2021-10-19T09:19:48.950+0000	[####....................] benchmark.Twitter	9.68GB/49.1GB (19.7%)
2021-10-19T09:19:51.950+0000	[####....................] benchmark.Twitter	9.74GB/49.1GB (19.8%)
2021-10-19T09:19:54.952+0000	[####....................] benchmark.Twitter	9.80GB/49.1GB (19.9%)
2021-10-19T09:19:57.949+0000	[####....................] benchmark.Twitter	9.86GB/49.1GB (20.1%)
2021-10-19T09:20:00.950+0000	[####....................] benchmark.Twitter	9.92GB/49.1GB (20.2%)
2021-10-19T09:20:03.949+0000	[####....................] benchmark.Twitter	9.98GB/49.1GB (20.3%)
2021-10-19T09:20:06.949+0000	[####....................] benchmark.Twitter	10.0GB/49.1GB (20.4%)
2021-10-19T09:20:09.952+0000	[####....................] benchmark.Twitter	10.1GB/49.1GB (20.6%)
2021-10-19T09:20:12.952+0000	[####....................] benchmark.Twitter	10.2GB/49.1GB (20.7%)
2021-10-19T09:20:15.950+0000	[####....................] benchmark.Twitter	10.2GB/49.1GB (20.8%)
2021-10-19T09:20:18.950+0000	[#####...................] benchmark.Twitter	10.3GB/49.1GB (20.9%)
2021-10-19T09:20:21.950+0000	[#####...................] benchmark.Twitter	10.3GB/49.1GB (21.0%)
2021-10-19T09:20:24.950+0000	[#####...................] benchmark.Twitter	10.4GB/49.1GB (21.2%)
2021-10-19T09:20:27.949+0000	[#####...................] benchmark.Twitter	10.4GB/49.1GB (21.3%)
2021-10-19T09:20:30.950+0000	[#####...................] benchmark.Twitter	10.5GB/49.1GB (21.4%)
2021-10-19T09:20:33.949+0000	[#####...................] benchmark.Twitter	10.6GB/49.1GB (21.5%)
2021-10-19T09:20:36.949+0000	[#####...................] benchmark.Twitter	10.6GB/49.1GB (21.6%)
2021-10-19T09:20:39.949+0000	[#####...................] benchmark.Twitter	10.7GB/49.1GB (21.8%)
2021-10-19T09:20:42.949+0000	[#####...................] benchmark.Twitter	10.8GB/49.1GB (21.9%)
2021-10-19T09:20:45.950+0000	[#####...................] benchmark.Twitter	10.8GB/49.1GB (22.0%)
2021-10-19T09:20:48.950+0000	[#####...................] benchmark.Twitter	10.9GB/49.1GB (22.1%)
2021-10-19T09:20:51.949+0000	[#####...................] benchmark.Twitter	10.9GB/49.1GB (22.3%)
2021-10-19T09:20:54.951+0000	[#####...................] benchmark.Twitter	11.0GB/49.1GB (22.4%)
2021-10-19T09:20:57.950+0000	[#####...................] benchmark.Twitter	11.1GB/49.1GB (22.5%)
2021-10-19T09:21:00.949+0000	[#####...................] benchmark.Twitter	11.1GB/49.1GB (22.6%)
2021-10-19T09:21:03.951+0000	[#####...................] benchmark.Twitter	11.2GB/49.1GB (22.8%)
2021-10-19T09:21:06.950+0000	[#####...................] benchmark.Twitter	11.2GB/49.1GB (22.9%)
2021-10-19T09:21:09.950+0000	[#####...................] benchmark.Twitter	11.3GB/49.1GB (23.0%)
2021-10-19T09:21:12.950+0000	[#####...................] benchmark.Twitter	11.4GB/49.1GB (23.1%)
2021-10-19T09:21:15.950+0000	[#####...................] benchmark.Twitter	11.4GB/49.1GB (23.2%)
2021-10-19T09:21:18.950+0000	[#####...................] benchmark.Twitter	11.5GB/49.1GB (23.4%)
2021-10-19T09:21:21.949+0000	[#####...................] benchmark.Twitter	11.5GB/49.1GB (23.5%)
2021-10-19T09:21:24.951+0000	[#####...................] benchmark.Twitter	11.6GB/49.1GB (23.6%)
2021-10-19T09:21:27.950+0000	[#####...................] benchmark.Twitter	11.7GB/49.1GB (23.7%)
2021-10-19T09:21:30.950+0000	[#####...................] benchmark.Twitter	11.7GB/49.1GB (23.9%)
2021-10-19T09:21:33.952+0000	[#####...................] benchmark.Twitter	11.8GB/49.1GB (24.0%)
2021-10-19T09:21:36.952+0000	[#####...................] benchmark.Twitter	11.8GB/49.1GB (24.1%)
2021-10-19T09:21:39.950+0000	[#####...................] benchmark.Twitter	11.9GB/49.1GB (24.2%)
2021-10-19T09:21:42.950+0000	[#####...................] benchmark.Twitter	12.0GB/49.1GB (24.3%)
2021-10-19T09:21:45.950+0000	[#####...................] benchmark.Twitter	12.0GB/49.1GB (24.5%)
2021-10-19T09:21:48.951+0000	[#####...................] benchmark.Twitter	12.1GB/49.1GB (24.6%)
2021-10-19T09:21:51.951+0000	[#####...................] benchmark.Twitter	12.1GB/49.1GB (24.7%)
2021-10-19T09:21:54.951+0000	[#####...................] benchmark.Twitter	12.2GB/49.1GB (24.8%)
2021-10-19T09:21:57.950+0000	[#####...................] benchmark.Twitter	12.2GB/49.1GB (24.9%)
2021-10-19T09:22:00.950+0000	[######..................] benchmark.Twitter	12.3GB/49.1GB (25.0%)
2021-10-19T09:22:03.950+0000	[######..................] benchmark.Twitter	12.4GB/49.1GB (25.1%)
2021-10-19T09:22:06.950+0000	[######..................] benchmark.Twitter	12.4GB/49.1GB (25.3%)
2021-10-19T09:22:09.950+0000	[######..................] benchmark.Twitter	12.5GB/49.1GB (25.4%)
2021-10-19T09:22:12.949+0000	[######..................] benchmark.Twitter	12.5GB/49.1GB (25.5%)
2021-10-19T09:22:15.950+0000	[######..................] benchmark.Twitter	12.6GB/49.1GB (25.6%)
2021-10-19T09:22:18.950+0000	[######..................] benchmark.Twitter	12.6GB/49.1GB (25.7%)
2021-10-19T09:22:21.950+0000	[######..................] benchmark.Twitter	12.7GB/49.1GB (25.8%)
2021-10-19T09:22:24.949+0000	[######..................] benchmark.Twitter	12.8GB/49.1GB (26.0%)
2021-10-19T09:22:27.949+0000	[######..................] benchmark.Twitter	12.8GB/49.1GB (26.1%)
2021-10-19T09:22:30.949+0000	[######..................] benchmark.Twitter	12.9GB/49.1GB (26.2%)
2021-10-19T09:22:33.949+0000	[######..................] benchmark.Twitter	12.9GB/49.1GB (26.3%)
2021-10-19T09:22:36.953+0000	[######..................] benchmark.Twitter	13.0GB/49.1GB (26.5%)
2021-10-19T09:22:39.950+0000	[######..................] benchmark.Twitter	13.1GB/49.1GB (26.6%)
2021-10-19T09:22:42.951+0000	[######..................] benchmark.Twitter	13.1GB/49.1GB (26.7%)
2021-10-19T09:22:45.950+0000	[######..................] benchmark.Twitter	13.2GB/49.1GB (26.9%)
2021-10-19T09:22:48.950+0000	[######..................] benchmark.Twitter	13.2GB/49.1GB (27.0%)
2021-10-19T09:22:51.951+0000	[######..................] benchmark.Twitter	13.3GB/49.1GB (27.1%)
2021-10-19T09:22:54.950+0000	[######..................] benchmark.Twitter	13.4GB/49.1GB (27.2%)
2021-10-19T09:22:57.949+0000	[######..................] benchmark.Twitter	13.4GB/49.1GB (27.4%)
2021-10-19T09:23:00.949+0000	[######..................] benchmark.Twitter	13.5GB/49.1GB (27.5%)
2021-10-19T09:23:03.950+0000	[######..................] benchmark.Twitter	13.6GB/49.1GB (27.6%)
2021-10-19T09:23:06.950+0000	[######..................] benchmark.Twitter	13.6GB/49.1GB (27.7%)
2021-10-19T09:23:09.950+0000	[######..................] benchmark.Twitter	13.7GB/49.1GB (27.9%)
2021-10-19T09:23:12.950+0000	[######..................] benchmark.Twitter	13.8GB/49.1GB (28.0%)
2021-10-19T09:23:15.950+0000	[######..................] benchmark.Twitter	13.8GB/49.1GB (28.1%)
2021-10-19T09:23:18.949+0000	[######..................] benchmark.Twitter	13.9GB/49.1GB (28.2%)
2021-10-19T09:23:21.950+0000	[######..................] benchmark.Twitter	13.9GB/49.1GB (28.3%)
2021-10-19T09:23:24.950+0000	[######..................] benchmark.Twitter	14.0GB/49.1GB (28.5%)
2021-10-19T09:23:27.949+0000	[######..................] benchmark.Twitter	14.0GB/49.1GB (28.6%)
2021-10-19T09:23:30.949+0000	[######..................] benchmark.Twitter	14.1GB/49.1GB (28.7%)
2021-10-19T09:23:33.950+0000	[######..................] benchmark.Twitter	14.2GB/49.1GB (28.8%)
2021-10-19T09:23:36.950+0000	[######..................] benchmark.Twitter	14.2GB/49.1GB (29.0%)
2021-10-19T09:23:39.949+0000	[######..................] benchmark.Twitter	14.3GB/49.1GB (29.1%)
2021-10-19T09:23:42.951+0000	[#######.................] benchmark.Twitter	14.3GB/49.1GB (29.2%)
2021-10-19T09:23:45.950+0000	[#######.................] benchmark.Twitter	14.4GB/49.1GB (29.3%)
2021-10-19T09:23:48.951+0000	[#######.................] benchmark.Twitter	14.5GB/49.1GB (29.5%)
2021-10-19T09:23:51.949+0000	[#######.................] benchmark.Twitter	14.5GB/49.1GB (29.6%)
2021-10-19T09:23:54.950+0000	[#######.................] benchmark.Twitter	14.6GB/49.1GB (29.7%)
2021-10-19T09:23:57.950+0000	[#######.................] benchmark.Twitter	14.7GB/49.1GB (29.8%)
2021-10-19T09:24:00.950+0000	[#######.................] benchmark.Twitter	14.7GB/49.1GB (30.0%)
2021-10-19T09:24:03.950+0000	[#######.................] benchmark.Twitter	14.8GB/49.1GB (30.1%)
2021-10-19T09:24:06.949+0000	[#######.................] benchmark.Twitter	14.8GB/49.1GB (30.2%)
2021-10-19T09:24:09.950+0000	[#######.................] benchmark.Twitter	14.9GB/49.1GB (30.3%)
2021-10-19T09:24:12.950+0000	[#######.................] benchmark.Twitter	15.0GB/49.1GB (30.5%)
2021-10-19T09:24:15.950+0000	[#######.................] benchmark.Twitter	15.0GB/49.1GB (30.6%)
2021-10-19T09:24:18.950+0000	[#######.................] benchmark.Twitter	15.1GB/49.1GB (30.7%)
2021-10-19T09:24:21.950+0000	[#######.................] benchmark.Twitter	15.2GB/49.1GB (30.8%)
2021-10-19T09:24:24.949+0000	[#######.................] benchmark.Twitter	15.2GB/49.1GB (30.9%)
2021-10-19T09:24:27.950+0000	[#######.................] benchmark.Twitter	15.2GB/49.1GB (31.0%)
2021-10-19T09:24:30.950+0000	[#######.................] benchmark.Twitter	15.3GB/49.1GB (31.2%)
2021-10-19T09:24:33.949+0000	[#######.................] benchmark.Twitter	15.4GB/49.1GB (31.3%)
2021-10-19T09:24:36.949+0000	[#######.................] benchmark.Twitter	15.4GB/49.1GB (31.4%)
2021-10-19T09:24:39.950+0000	[#######.................] benchmark.Twitter	15.5GB/49.1GB (31.5%)
2021-10-19T09:24:42.951+0000	[#######.................] benchmark.Twitter	15.6GB/49.1GB (31.6%)
2021-10-19T09:24:45.949+0000	[#######.................] benchmark.Twitter	15.6GB/49.1GB (31.8%)
2021-10-19T09:24:48.949+0000	[#######.................] benchmark.Twitter	15.7GB/49.1GB (31.9%)
2021-10-19T09:24:51.952+0000	[#######.................] benchmark.Twitter	15.7GB/49.1GB (32.0%)
2021-10-19T09:24:54.950+0000	[#######.................] benchmark.Twitter	15.8GB/49.1GB (32.1%)
2021-10-19T09:24:57.950+0000	[#######.................] benchmark.Twitter	15.9GB/49.1GB (32.3%)
2021-10-19T09:25:00.949+0000	[#######.................] benchmark.Twitter	15.9GB/49.1GB (32.4%)
2021-10-19T09:25:03.950+0000	[#######.................] benchmark.Twitter	16.0GB/49.1GB (32.5%)
2021-10-19T09:25:06.949+0000	[#######.................] benchmark.Twitter	16.0GB/49.1GB (32.6%)
2021-10-19T09:25:09.949+0000	[#######.................] benchmark.Twitter	16.1GB/49.1GB (32.8%)
2021-10-19T09:25:12.949+0000	[#######.................] benchmark.Twitter	16.2GB/49.1GB (32.9%)
2021-10-19T09:25:15.950+0000	[#######.................] benchmark.Twitter	16.2GB/49.1GB (33.0%)
2021-10-19T09:25:18.950+0000	[#######.................] benchmark.Twitter	16.3GB/49.1GB (33.2%)
2021-10-19T09:25:21.951+0000	[#######.................] benchmark.Twitter	16.4GB/49.1GB (33.3%)
2021-10-19T09:25:24.950+0000	[########................] benchmark.Twitter	16.4GB/49.1GB (33.4%)
2021-10-19T09:25:27.949+0000	[########................] benchmark.Twitter	16.5GB/49.1GB (33.5%)
2021-10-19T09:25:30.951+0000	[########................] benchmark.Twitter	16.5GB/49.1GB (33.6%)
2021-10-19T09:25:33.950+0000	[########................] benchmark.Twitter	16.6GB/49.1GB (33.8%)
2021-10-19T09:25:36.949+0000	[########................] benchmark.Twitter	16.6GB/49.1GB (33.9%)
2021-10-19T09:25:39.950+0000	[########................] benchmark.Twitter	16.7GB/49.1GB (34.0%)
2021-10-19T09:25:42.949+0000	[########................] benchmark.Twitter	16.8GB/49.1GB (34.1%)
2021-10-19T09:25:45.950+0000	[########................] benchmark.Twitter	16.8GB/49.1GB (34.3%)
2021-10-19T09:25:48.949+0000	[########................] benchmark.Twitter	16.9GB/49.1GB (34.4%)
2021-10-19T09:25:51.950+0000	[########................] benchmark.Twitter	17.0GB/49.1GB (34.5%)
2021-10-19T09:25:54.950+0000	[########................] benchmark.Twitter	17.0GB/49.1GB (34.6%)
2021-10-19T09:25:57.949+0000	[########................] benchmark.Twitter	17.1GB/49.1GB (34.8%)
2021-10-19T09:26:00.949+0000	[########................] benchmark.Twitter	17.1GB/49.1GB (34.9%)
2021-10-19T09:26:03.950+0000	[########................] benchmark.Twitter	17.2GB/49.1GB (35.0%)
2021-10-19T09:26:06.951+0000	[########................] benchmark.Twitter	17.3GB/49.1GB (35.2%)
2021-10-19T09:26:09.950+0000	[########................] benchmark.Twitter	17.3GB/49.1GB (35.3%)
2021-10-19T09:26:12.950+0000	[########................] benchmark.Twitter	17.4GB/49.1GB (35.4%)
2021-10-19T09:26:15.949+0000	[########................] benchmark.Twitter	17.5GB/49.1GB (35.5%)
2021-10-19T09:26:18.949+0000	[########................] benchmark.Twitter	17.5GB/49.1GB (35.7%)
2021-10-19T09:26:21.950+0000	[########................] benchmark.Twitter	17.6GB/49.1GB (35.8%)
2021-10-19T09:26:24.950+0000	[########................] benchmark.Twitter	17.6GB/49.1GB (35.9%)
2021-10-19T09:26:27.949+0000	[########................] benchmark.Twitter	17.7GB/49.1GB (36.0%)
2021-10-19T09:26:30.950+0000	[########................] benchmark.Twitter	17.8GB/49.1GB (36.1%)
2021-10-19T09:26:33.950+0000	[########................] benchmark.Twitter	17.8GB/49.1GB (36.3%)
2021-10-19T09:26:36.950+0000	[########................] benchmark.Twitter	17.9GB/49.1GB (36.4%)
2021-10-19T09:26:39.949+0000	[########................] benchmark.Twitter	17.9GB/49.1GB (36.5%)
2021-10-19T09:26:42.951+0000	[########................] benchmark.Twitter	18.0GB/49.1GB (36.6%)
2021-10-19T09:26:45.950+0000	[########................] benchmark.Twitter	18.1GB/49.1GB (36.8%)
2021-10-19T09:26:48.949+0000	[########................] benchmark.Twitter	18.1GB/49.1GB (36.9%)
2021-10-19T09:26:51.950+0000	[########................] benchmark.Twitter	18.2GB/49.1GB (37.0%)
2021-10-19T09:26:54.950+0000	[########................] benchmark.Twitter	18.2GB/49.1GB (37.1%)
2021-10-19T09:26:57.950+0000	[########................] benchmark.Twitter	18.3GB/49.1GB (37.2%)
2021-10-19T09:27:00.952+0000	[########................] benchmark.Twitter	18.3GB/49.1GB (37.3%)
2021-10-19T09:27:03.950+0000	[########................] benchmark.Twitter	18.4GB/49.1GB (37.4%)
2021-10-19T09:27:06.949+0000	[#########...............] benchmark.Twitter	18.5GB/49.1GB (37.6%)
2021-10-19T09:27:09.950+0000	[#########...............] benchmark.Twitter	18.5GB/49.1GB (37.7%)
2021-10-19T09:27:12.950+0000	[#########...............] benchmark.Twitter	18.6GB/49.1GB (37.8%)
2021-10-19T09:27:15.950+0000	[#########...............] benchmark.Twitter	18.6GB/49.1GB (37.9%)
2021-10-19T09:27:18.951+0000	[#########...............] benchmark.Twitter	18.7GB/49.1GB (38.1%)
2021-10-19T09:27:21.950+0000	[#########...............] benchmark.Twitter	18.8GB/49.1GB (38.2%)
2021-10-19T09:27:24.950+0000	[#########...............] benchmark.Twitter	18.8GB/49.1GB (38.3%)
2021-10-19T09:27:27.951+0000	[#########...............] benchmark.Twitter	18.9GB/49.1GB (38.4%)
2021-10-19T09:27:30.950+0000	[#########...............] benchmark.Twitter	18.9GB/49.1GB (38.6%)
2021-10-19T09:27:33.950+0000	[#########...............] benchmark.Twitter	19.0GB/49.1GB (38.7%)
2021-10-19T09:27:36.950+0000	[#########...............] benchmark.Twitter	19.1GB/49.1GB (38.8%)
2021-10-19T09:27:39.950+0000	[#########...............] benchmark.Twitter	19.1GB/49.1GB (38.9%)
2021-10-19T09:27:42.950+0000	[#########...............] benchmark.Twitter	19.2GB/49.1GB (39.0%)
2021-10-19T09:27:45.950+0000	[#########...............] benchmark.Twitter	19.2GB/49.1GB (39.2%)
2021-10-19T09:27:48.950+0000	[#########...............] benchmark.Twitter	19.3GB/49.1GB (39.3%)
2021-10-19T09:27:51.949+0000	[#########...............] benchmark.Twitter	19.4GB/49.1GB (39.4%)
2021-10-19T09:27:54.949+0000	[#########...............] benchmark.Twitter	19.4GB/49.1GB (39.5%)
2021-10-19T09:27:57.949+0000	[#########...............] benchmark.Twitter	19.5GB/49.1GB (39.7%)
2021-10-19T09:28:00.950+0000	[#########...............] benchmark.Twitter	19.6GB/49.1GB (39.8%)
2021-10-19T09:28:03.950+0000	[#########...............] benchmark.Twitter	19.6GB/49.1GB (39.9%)
2021-10-19T09:28:06.950+0000	[#########...............] benchmark.Twitter	19.7GB/49.1GB (40.0%)
2021-10-19T09:28:09.950+0000	[#########...............] benchmark.Twitter	19.7GB/49.1GB (40.2%)
2021-10-19T09:28:12.949+0000	[#########...............] benchmark.Twitter	19.8GB/49.1GB (40.3%)
2021-10-19T09:28:15.950+0000	[#########...............] benchmark.Twitter	19.9GB/49.1GB (40.4%)
2021-10-19T09:28:18.950+0000	[#########...............] benchmark.Twitter	19.9GB/49.1GB (40.6%)
2021-10-19T09:28:21.949+0000	[#########...............] benchmark.Twitter	20.0GB/49.1GB (40.7%)
2021-10-19T09:28:24.950+0000	[#########...............] benchmark.Twitter	20.1GB/49.1GB (40.8%)
2021-10-19T09:28:27.949+0000	[#########...............] benchmark.Twitter	20.1GB/49.1GB (40.9%)
2021-10-19T09:28:30.949+0000	[#########...............] benchmark.Twitter	20.2GB/49.1GB (41.0%)
2021-10-19T09:28:33.951+0000	[#########...............] benchmark.Twitter	20.2GB/49.1GB (41.1%)
2021-10-19T09:28:36.950+0000	[#########...............] benchmark.Twitter	20.3GB/49.1GB (41.2%)
2021-10-19T09:28:39.949+0000	[#########...............] benchmark.Twitter	20.3GB/49.1GB (41.3%)
2021-10-19T09:28:42.950+0000	[#########...............] benchmark.Twitter	20.4GB/49.1GB (41.5%)
2021-10-19T09:28:45.949+0000	[#########...............] benchmark.Twitter	20.4GB/49.1GB (41.6%)
2021-10-19T09:28:48.950+0000	[##########..............] benchmark.Twitter	20.5GB/49.1GB (41.7%)
2021-10-19T09:28:51.950+0000	[##########..............] benchmark.Twitter	20.6GB/49.1GB (41.8%)
2021-10-19T09:28:54.950+0000	[##########..............] benchmark.Twitter	20.6GB/49.1GB (42.0%)
2021-10-19T09:28:57.950+0000	[##########..............] benchmark.Twitter	20.7GB/49.1GB (42.1%)
2021-10-19T09:29:00.949+0000	[##########..............] benchmark.Twitter	20.7GB/49.1GB (42.2%)
2021-10-19T09:29:03.950+0000	[##########..............] benchmark.Twitter	20.8GB/49.1GB (42.3%)
2021-10-19T09:29:06.950+0000	[##########..............] benchmark.Twitter	20.9GB/49.1GB (42.5%)
2021-10-19T09:29:09.950+0000	[##########..............] benchmark.Twitter	20.9GB/49.1GB (42.6%)
2021-10-19T09:29:12.949+0000	[##########..............] benchmark.Twitter	21.0GB/49.1GB (42.7%)
2021-10-19T09:29:15.950+0000	[##########..............] benchmark.Twitter	21.1GB/49.1GB (42.8%)
2021-10-19T09:29:18.949+0000	[##########..............] benchmark.Twitter	21.1GB/49.1GB (43.0%)
2021-10-19T09:29:21.950+0000	[##########..............] benchmark.Twitter	21.2GB/49.1GB (43.1%)
2021-10-19T09:29:24.950+0000	[##########..............] benchmark.Twitter	21.2GB/49.1GB (43.2%)
2021-10-19T09:29:27.950+0000	[##########..............] benchmark.Twitter	21.3GB/49.1GB (43.4%)
2021-10-19T09:29:30.950+0000	[##########..............] benchmark.Twitter	21.4GB/49.1GB (43.5%)
2021-10-19T09:29:33.950+0000	[##########..............] benchmark.Twitter	21.4GB/49.1GB (43.6%)
2021-10-19T09:29:36.949+0000	[##########..............] benchmark.Twitter	21.5GB/49.1GB (43.7%)
2021-10-19T09:29:39.950+0000	[##########..............] benchmark.Twitter	21.5GB/49.1GB (43.9%)
2021-10-19T09:29:42.951+0000	[##########..............] benchmark.Twitter	21.6GB/49.1GB (44.0%)
2021-10-19T09:29:45.950+0000	[##########..............] benchmark.Twitter	21.7GB/49.1GB (44.1%)
2021-10-19T09:29:48.949+0000	[##########..............] benchmark.Twitter	21.7GB/49.1GB (44.2%)
2021-10-19T09:29:51.951+0000	[##########..............] benchmark.Twitter	21.8GB/49.1GB (44.3%)
2021-10-19T09:29:54.949+0000	[##########..............] benchmark.Twitter	21.9GB/49.1GB (44.5%)
2021-10-19T09:29:57.950+0000	[##########..............] benchmark.Twitter	21.9GB/49.1GB (44.6%)
2021-10-19T09:30:00.950+0000	[##########..............] benchmark.Twitter	22.0GB/49.1GB (44.7%)
2021-10-19T09:30:03.950+0000	[##########..............] benchmark.Twitter	22.0GB/49.1GB (44.9%)
2021-10-19T09:30:06.949+0000	[##########..............] benchmark.Twitter	22.1GB/49.1GB (45.0%)
2021-10-19T09:30:09.950+0000	[##########..............] benchmark.Twitter	22.2GB/49.1GB (45.1%)
2021-10-19T09:30:12.949+0000	[##########..............] benchmark.Twitter	22.2GB/49.1GB (45.2%)
2021-10-19T09:30:15.950+0000	[##########..............] benchmark.Twitter	22.3GB/49.1GB (45.4%)
2021-10-19T09:30:18.949+0000	[##########..............] benchmark.Twitter	22.4GB/49.1GB (45.5%)
2021-10-19T09:30:21.950+0000	[##########..............] benchmark.Twitter	22.4GB/49.1GB (45.6%)
2021-10-19T09:30:24.950+0000	[##########..............] benchmark.Twitter	22.5GB/49.1GB (45.7%)
2021-10-19T09:30:27.949+0000	[###########.............] benchmark.Twitter	22.5GB/49.1GB (45.9%)
2021-10-19T09:30:30.950+0000	[###########.............] benchmark.Twitter	22.6GB/49.1GB (46.0%)
2021-10-19T09:30:33.950+0000	[###########.............] benchmark.Twitter	22.7GB/49.1GB (46.1%)
2021-10-19T09:30:36.950+0000	[###########.............] benchmark.Twitter	22.7GB/49.1GB (46.3%)
2021-10-19T09:30:39.951+0000	[###########.............] benchmark.Twitter	22.8GB/49.1GB (46.4%)
2021-10-19T09:30:42.949+0000	[###########.............] benchmark.Twitter	22.8GB/49.1GB (46.5%)
2021-10-19T09:30:45.950+0000	[###########.............] benchmark.Twitter	22.9GB/49.1GB (46.6%)
2021-10-19T09:30:48.952+0000	[###########.............] benchmark.Twitter	22.9GB/49.1GB (46.7%)
2021-10-19T09:30:51.950+0000	[###########.............] benchmark.Twitter	23.0GB/49.1GB (46.8%)
2021-10-19T09:30:54.950+0000	[###########.............] benchmark.Twitter	23.1GB/49.1GB (47.0%)
2021-10-19T09:30:57.950+0000	[###########.............] benchmark.Twitter	23.1GB/49.1GB (47.1%)
2021-10-19T09:31:00.951+0000	[###########.............] benchmark.Twitter	23.2GB/49.1GB (47.2%)
2021-10-19T09:31:03.949+0000	[###########.............] benchmark.Twitter	23.3GB/49.1GB (47.3%)
2021-10-19T09:31:06.950+0000	[###########.............] benchmark.Twitter	23.3GB/49.1GB (47.5%)
2021-10-19T09:31:09.950+0000	[###########.............] benchmark.Twitter	23.4GB/49.1GB (47.6%)
2021-10-19T09:31:12.950+0000	[###########.............] benchmark.Twitter	23.4GB/49.1GB (47.7%)
2021-10-19T09:31:15.951+0000	[###########.............] benchmark.Twitter	23.5GB/49.1GB (47.9%)
2021-10-19T09:31:18.950+0000	[###########.............] benchmark.Twitter	23.6GB/49.1GB (48.0%)
2021-10-19T09:31:21.951+0000	[###########.............] benchmark.Twitter	23.6GB/49.1GB (48.1%)
2021-10-19T09:31:24.950+0000	[###########.............] benchmark.Twitter	23.7GB/49.1GB (48.2%)
2021-10-19T09:31:27.949+0000	[###########.............] benchmark.Twitter	23.8GB/49.1GB (48.4%)
2021-10-19T09:31:30.950+0000	[###########.............] benchmark.Twitter	23.8GB/49.1GB (48.5%)
2021-10-19T09:31:33.949+0000	[###########.............] benchmark.Twitter	23.9GB/49.1GB (48.6%)
2021-10-19T09:31:36.949+0000	[###########.............] benchmark.Twitter	23.9GB/49.1GB (48.7%)
2021-10-19T09:31:39.950+0000	[###########.............] benchmark.Twitter	24.0GB/49.1GB (48.8%)
2021-10-19T09:31:42.950+0000	[###########.............] benchmark.Twitter	24.1GB/49.1GB (48.9%)
2021-10-19T09:31:45.950+0000	[###########.............] benchmark.Twitter	24.1GB/49.1GB (49.1%)
2021-10-19T09:31:48.949+0000	[###########.............] benchmark.Twitter	24.1GB/49.1GB (49.2%)
2021-10-19T09:31:51.949+0000	[###########.............] benchmark.Twitter	24.2GB/49.1GB (49.3%)
2021-10-19T09:31:54.950+0000	[###########.............] benchmark.Twitter	24.3GB/49.1GB (49.4%)
2021-10-19T09:31:57.949+0000	[###########.............] benchmark.Twitter	24.3GB/49.1GB (49.5%)
2021-10-19T09:32:00.949+0000	[###########.............] benchmark.Twitter	24.4GB/49.1GB (49.6%)
2021-10-19T09:32:03.950+0000	[###########.............] benchmark.Twitter	24.4GB/49.1GB (49.8%)
2021-10-19T09:32:06.949+0000	[###########.............] benchmark.Twitter	24.5GB/49.1GB (49.9%)
2021-10-19T09:32:09.949+0000	[############............] benchmark.Twitter	24.6GB/49.1GB (50.0%)
2021-10-19T09:32:12.950+0000	[############............] benchmark.Twitter	24.6GB/49.1GB (50.1%)
2021-10-19T09:32:15.950+0000	[############............] benchmark.Twitter	24.7GB/49.1GB (50.3%)
2021-10-19T09:32:18.949+0000	[############............] benchmark.Twitter	24.8GB/49.1GB (50.4%)
2021-10-19T09:32:21.950+0000	[############............] benchmark.Twitter	24.8GB/49.1GB (50.5%)
2021-10-19T09:32:24.950+0000	[############............] benchmark.Twitter	24.9GB/49.1GB (50.6%)
2021-10-19T09:32:27.950+0000	[############............] benchmark.Twitter	24.9GB/49.1GB (50.8%)
2021-10-19T09:32:30.950+0000	[############............] benchmark.Twitter	25.0GB/49.1GB (50.9%)
2021-10-19T09:32:33.950+0000	[############............] benchmark.Twitter	25.1GB/49.1GB (51.0%)
2021-10-19T09:32:36.951+0000	[############............] benchmark.Twitter	25.1GB/49.1GB (51.1%)
2021-10-19T09:32:39.950+0000	[############............] benchmark.Twitter	25.2GB/49.1GB (51.3%)
2021-10-19T09:32:42.949+0000	[############............] benchmark.Twitter	25.2GB/49.1GB (51.4%)
2021-10-19T09:32:45.949+0000	[############............] benchmark.Twitter	25.3GB/49.1GB (51.5%)
2021-10-19T09:32:48.951+0000	[############............] benchmark.Twitter	25.4GB/49.1GB (51.6%)
2021-10-19T09:32:51.949+0000	[############............] benchmark.Twitter	25.4GB/49.1GB (51.7%)
2021-10-19T09:32:54.950+0000	[############............] benchmark.Twitter	25.5GB/49.1GB (51.9%)
2021-10-19T09:32:57.950+0000	[############............] benchmark.Twitter	25.6GB/49.1GB (52.0%)
2021-10-19T09:33:00.950+0000	[############............] benchmark.Twitter	25.6GB/49.1GB (52.1%)
2021-10-19T09:33:03.950+0000	[############............] benchmark.Twitter	25.7GB/49.1GB (52.3%)
2021-10-19T09:33:06.949+0000	[############............] benchmark.Twitter	25.7GB/49.1GB (52.4%)
2021-10-19T09:33:09.950+0000	[############............] benchmark.Twitter	25.8GB/49.1GB (52.5%)
2021-10-19T09:33:12.949+0000	[############............] benchmark.Twitter	25.9GB/49.1GB (52.6%)
2021-10-19T09:33:15.950+0000	[############............] benchmark.Twitter	25.9GB/49.1GB (52.8%)
2021-10-19T09:33:18.950+0000	[############............] benchmark.Twitter	26.0GB/49.1GB (52.9%)
2021-10-19T09:33:21.949+0000	[############............] benchmark.Twitter	26.0GB/49.1GB (53.0%)
2021-10-19T09:33:24.950+0000	[############............] benchmark.Twitter	26.1GB/49.1GB (53.1%)
2021-10-19T09:33:27.950+0000	[############............] benchmark.Twitter	26.2GB/49.1GB (53.3%)
2021-10-19T09:33:30.949+0000	[############............] benchmark.Twitter	26.2GB/49.1GB (53.4%)
2021-10-19T09:33:33.950+0000	[############............] benchmark.Twitter	26.3GB/49.1GB (53.5%)
2021-10-19T09:33:36.950+0000	[############............] benchmark.Twitter	26.4GB/49.1GB (53.6%)
2021-10-19T09:33:39.950+0000	[############............] benchmark.Twitter	26.4GB/49.1GB (53.8%)
2021-10-19T09:33:42.950+0000	[############............] benchmark.Twitter	26.5GB/49.1GB (53.9%)
2021-10-19T09:33:45.950+0000	[############............] benchmark.Twitter	26.5GB/49.1GB (54.0%)
2021-10-19T09:33:48.950+0000	[############............] benchmark.Twitter	26.6GB/49.1GB (54.1%)
2021-10-19T09:33:51.950+0000	[#############...........] benchmark.Twitter	26.7GB/49.1GB (54.3%)
2021-10-19T09:33:54.950+0000	[#############...........] benchmark.Twitter	26.7GB/49.1GB (54.4%)
2021-10-19T09:33:57.949+0000	[#############...........] benchmark.Twitter	26.8GB/49.1GB (54.5%)
2021-10-19T09:34:00.950+0000	[#############...........] benchmark.Twitter	26.8GB/49.1GB (54.6%)
2021-10-19T09:34:03.950+0000	[#############...........] benchmark.Twitter	26.9GB/49.1GB (54.7%)
2021-10-19T09:34:06.949+0000	[#############...........] benchmark.Twitter	26.9GB/49.1GB (54.9%)
2021-10-19T09:34:09.951+0000	[#############...........] benchmark.Twitter	27.0GB/49.1GB (55.0%)
2021-10-19T09:34:12.950+0000	[#############...........] benchmark.Twitter	27.1GB/49.1GB (55.1%)
2021-10-19T09:34:15.950+0000	[#############...........] benchmark.Twitter	27.1GB/49.1GB (55.2%)
2021-10-19T09:34:18.949+0000	[#############...........] benchmark.Twitter	27.2GB/49.1GB (55.4%)
2021-10-19T09:34:21.950+0000	[#############...........] benchmark.Twitter	27.3GB/49.1GB (55.5%)
2021-10-19T09:34:24.950+0000	[#############...........] benchmark.Twitter	27.3GB/49.1GB (55.6%)
2021-10-19T09:34:27.950+0000	[#############...........] benchmark.Twitter	27.4GB/49.1GB (55.7%)
2021-10-19T09:34:30.952+0000	[#############...........] benchmark.Twitter	27.4GB/49.1GB (55.9%)
2021-10-19T09:34:33.950+0000	[#############...........] benchmark.Twitter	27.5GB/49.1GB (56.0%)
2021-10-19T09:34:36.950+0000	[#############...........] benchmark.Twitter	27.6GB/49.1GB (56.1%)
2021-10-19T09:34:39.950+0000	[#############...........] benchmark.Twitter	27.6GB/49.1GB (56.2%)
2021-10-19T09:34:42.950+0000	[#############...........] benchmark.Twitter	27.7GB/49.1GB (56.4%)
2021-10-19T09:34:45.950+0000	[#############...........] benchmark.Twitter	27.8GB/49.1GB (56.5%)
2021-10-19T09:34:48.950+0000	[#############...........] benchmark.Twitter	27.8GB/49.1GB (56.6%)
2021-10-19T09:34:51.949+0000	[#############...........] benchmark.Twitter	27.9GB/49.1GB (56.7%)
2021-10-19T09:34:54.949+0000	[#############...........] benchmark.Twitter	27.9GB/49.1GB (56.9%)
2021-10-19T09:34:57.950+0000	[#############...........] benchmark.Twitter	28.0GB/49.1GB (57.0%)
2021-10-19T09:35:00.949+0000	[#############...........] benchmark.Twitter	28.1GB/49.1GB (57.1%)
2021-10-19T09:35:03.949+0000	[#############...........] benchmark.Twitter	28.1GB/49.1GB (57.2%)
2021-10-19T09:35:06.950+0000	[#############...........] benchmark.Twitter	28.2GB/49.1GB (57.3%)
2021-10-19T09:35:09.950+0000	[#############...........] benchmark.Twitter	28.2GB/49.1GB (57.4%)
2021-10-19T09:35:12.950+0000	[#############...........] benchmark.Twitter	28.3GB/49.1GB (57.5%)
2021-10-19T09:35:15.950+0000	[#############...........] benchmark.Twitter	28.3GB/49.1GB (57.7%)
2021-10-19T09:35:18.950+0000	[#############...........] benchmark.Twitter	28.4GB/49.1GB (57.8%)
2021-10-19T09:35:21.950+0000	[#############...........] benchmark.Twitter	28.4GB/49.1GB (57.9%)
2021-10-19T09:35:24.950+0000	[#############...........] benchmark.Twitter	28.5GB/49.1GB (58.0%)
2021-10-19T09:35:27.950+0000	[#############...........] benchmark.Twitter	28.6GB/49.1GB (58.1%)
2021-10-19T09:35:30.949+0000	[#############...........] benchmark.Twitter	28.6GB/49.1GB (58.2%)
2021-10-19T09:35:33.950+0000	[##############..........] benchmark.Twitter	28.7GB/49.1GB (58.4%)
2021-10-19T09:35:36.950+0000	[##############..........] benchmark.Twitter	28.7GB/49.1GB (58.5%)
2021-10-19T09:35:39.949+0000	[##############..........] benchmark.Twitter	28.8GB/49.1GB (58.6%)
2021-10-19T09:35:42.950+0000	[##############..........] benchmark.Twitter	28.9GB/49.1GB (58.7%)
2021-10-19T09:35:45.950+0000	[##############..........] benchmark.Twitter	28.9GB/49.1GB (58.8%)
2021-10-19T09:35:48.949+0000	[##############..........] benchmark.Twitter	29.0GB/49.1GB (59.0%)
2021-10-19T09:35:51.950+0000	[##############..........] benchmark.Twitter	29.0GB/49.1GB (59.1%)
2021-10-19T09:35:54.950+0000	[##############..........] benchmark.Twitter	29.1GB/49.1GB (59.2%)
2021-10-19T09:35:57.950+0000	[##############..........] benchmark.Twitter	29.2GB/49.1GB (59.3%)
2021-10-19T09:36:00.949+0000	[##############..........] benchmark.Twitter	29.2GB/49.1GB (59.4%)
2021-10-19T09:36:03.950+0000	[##############..........] benchmark.Twitter	29.3GB/49.1GB (59.6%)
2021-10-19T09:36:06.950+0000	[##############..........] benchmark.Twitter	29.3GB/49.1GB (59.7%)
2021-10-19T09:36:09.950+0000	[##############..........] benchmark.Twitter	29.4GB/49.1GB (59.8%)
2021-10-19T09:36:12.949+0000	[##############..........] benchmark.Twitter	29.4GB/49.1GB (59.9%)
2021-10-19T09:36:15.949+0000	[##############..........] benchmark.Twitter	29.5GB/49.1GB (60.1%)
2021-10-19T09:36:18.949+0000	[##############..........] benchmark.Twitter	29.6GB/49.1GB (60.2%)
2021-10-19T09:36:21.950+0000	[##############..........] benchmark.Twitter	29.6GB/49.1GB (60.3%)
2021-10-19T09:36:24.950+0000	[##############..........] benchmark.Twitter	29.7GB/49.1GB (60.4%)
2021-10-19T09:36:27.949+0000	[##############..........] benchmark.Twitter	29.8GB/49.1GB (60.6%)
2021-10-19T09:36:30.951+0000	[##############..........] benchmark.Twitter	29.8GB/49.1GB (60.7%)
2021-10-19T09:36:33.951+0000	[##############..........] benchmark.Twitter	29.9GB/49.1GB (60.8%)
2021-10-19T09:36:36.949+0000	[##############..........] benchmark.Twitter	29.9GB/49.1GB (61.0%)
2021-10-19T09:36:39.949+0000	[##############..........] benchmark.Twitter	30.0GB/49.1GB (61.1%)
2021-10-19T09:36:42.950+0000	[##############..........] benchmark.Twitter	30.1GB/49.1GB (61.2%)
2021-10-19T09:36:45.950+0000	[##############..........] benchmark.Twitter	30.1GB/49.1GB (61.3%)
2021-10-19T09:36:48.950+0000	[##############..........] benchmark.Twitter	30.2GB/49.1GB (61.5%)
2021-10-19T09:36:51.949+0000	[##############..........] benchmark.Twitter	30.3GB/49.1GB (61.6%)
2021-10-19T09:36:54.949+0000	[##############..........] benchmark.Twitter	30.3GB/49.1GB (61.7%)
2021-10-19T09:36:57.950+0000	[##############..........] benchmark.Twitter	30.4GB/49.1GB (61.8%)
2021-10-19T09:37:00.950+0000	[##############..........] benchmark.Twitter	30.4GB/49.1GB (61.9%)
2021-10-19T09:37:03.950+0000	[##############..........] benchmark.Twitter	30.5GB/49.1GB (62.0%)
2021-10-19T09:37:06.949+0000	[##############..........] benchmark.Twitter	30.5GB/49.1GB (62.1%)
2021-10-19T09:37:09.950+0000	[##############..........] benchmark.Twitter	30.6GB/49.1GB (62.3%)
2021-10-19T09:37:12.951+0000	[##############..........] benchmark.Twitter	30.6GB/49.1GB (62.4%)
2021-10-19T09:37:15.950+0000	[###############.........] benchmark.Twitter	30.7GB/49.1GB (62.5%)
2021-10-19T09:37:18.950+0000	[###############.........] benchmark.Twitter	30.8GB/49.1GB (62.6%)
2021-10-19T09:37:21.949+0000	[###############.........] benchmark.Twitter	30.8GB/49.1GB (62.7%)
2021-10-19T09:37:24.949+0000	[###############.........] benchmark.Twitter	30.9GB/49.1GB (62.9%)
2021-10-19T09:37:27.950+0000	[###############.........] benchmark.Twitter	30.9GB/49.1GB (63.0%)
2021-10-19T09:37:30.949+0000	[###############.........] benchmark.Twitter	31.0GB/49.1GB (63.1%)
2021-10-19T09:37:33.950+0000	[###############.........] benchmark.Twitter	31.1GB/49.1GB (63.2%)
2021-10-19T09:37:36.949+0000	[###############.........] benchmark.Twitter	31.1GB/49.1GB (63.4%)
2021-10-19T09:37:39.950+0000	[###############.........] benchmark.Twitter	31.2GB/49.1GB (63.5%)
2021-10-19T09:37:42.950+0000	[###############.........] benchmark.Twitter	31.3GB/49.1GB (63.6%)
2021-10-19T09:37:45.950+0000	[###############.........] benchmark.Twitter	31.3GB/49.1GB (63.8%)
2021-10-19T09:37:48.949+0000	[###############.........] benchmark.Twitter	31.4GB/49.1GB (63.9%)
2021-10-19T09:37:51.950+0000	[###############.........] benchmark.Twitter	31.4GB/49.1GB (64.0%)
2021-10-19T09:37:54.949+0000	[###############.........] benchmark.Twitter	31.5GB/49.1GB (64.1%)
2021-10-19T09:37:57.950+0000	[###############.........] benchmark.Twitter	31.6GB/49.1GB (64.3%)
2021-10-19T09:38:00.950+0000	[###############.........] benchmark.Twitter	31.6GB/49.1GB (64.4%)
2021-10-19T09:38:03.949+0000	[###############.........] benchmark.Twitter	31.7GB/49.1GB (64.5%)
2021-10-19T09:38:06.949+0000	[###############.........] benchmark.Twitter	31.7GB/49.1GB (64.6%)
2021-10-19T09:38:09.951+0000	[###############.........] benchmark.Twitter	31.8GB/49.1GB (64.7%)
2021-10-19T09:38:12.950+0000	[###############.........] benchmark.Twitter	31.9GB/49.1GB (64.8%)
2021-10-19T09:38:15.949+0000	[###############.........] benchmark.Twitter	31.9GB/49.1GB (65.0%)
2021-10-19T09:38:18.949+0000	[###############.........] benchmark.Twitter	32.0GB/49.1GB (65.1%)
2021-10-19T09:38:21.950+0000	[###############.........] benchmark.Twitter	32.0GB/49.1GB (65.2%)
2021-10-19T09:38:24.950+0000	[###############.........] benchmark.Twitter	32.1GB/49.1GB (65.3%)
2021-10-19T09:38:27.950+0000	[###############.........] benchmark.Twitter	32.2GB/49.1GB (65.5%)
2021-10-19T09:38:30.950+0000	[###############.........] benchmark.Twitter	32.2GB/49.1GB (65.6%)
2021-10-19T09:38:33.950+0000	[###############.........] benchmark.Twitter	32.3GB/49.1GB (65.7%)
2021-10-19T09:38:36.949+0000	[###############.........] benchmark.Twitter	32.4GB/49.1GB (65.8%)
2021-10-19T09:38:39.949+0000	[###############.........] benchmark.Twitter	32.4GB/49.1GB (66.0%)
2021-10-19T09:38:42.950+0000	[###############.........] benchmark.Twitter	32.5GB/49.1GB (66.1%)
2021-10-19T09:38:45.950+0000	[###############.........] benchmark.Twitter	32.5GB/49.1GB (66.2%)
2021-10-19T09:38:48.950+0000	[###############.........] benchmark.Twitter	32.6GB/49.1GB (66.3%)
2021-10-19T09:38:51.950+0000	[###############.........] benchmark.Twitter	32.7GB/49.1GB (66.5%)
2021-10-19T09:38:54.950+0000	[###############.........] benchmark.Twitter	32.7GB/49.1GB (66.6%)
2021-10-19T09:38:57.950+0000	[################........] benchmark.Twitter	32.8GB/49.1GB (66.7%)
2021-10-19T09:39:00.950+0000	[################........] benchmark.Twitter	32.8GB/49.1GB (66.8%)
2021-10-19T09:39:03.949+0000	[################........] benchmark.Twitter	32.9GB/49.1GB (67.0%)
2021-10-19T09:39:06.950+0000	[################........] benchmark.Twitter	33.0GB/49.1GB (67.1%)
2021-10-19T09:39:09.949+0000	[################........] benchmark.Twitter	33.0GB/49.1GB (67.2%)
2021-10-19T09:39:12.950+0000	[################........] benchmark.Twitter	33.1GB/49.1GB (67.3%)
2021-10-19T09:39:15.950+0000	[################........] benchmark.Twitter	33.1GB/49.1GB (67.4%)
2021-10-19T09:39:18.950+0000	[################........] benchmark.Twitter	33.2GB/49.1GB (67.6%)
2021-10-19T09:39:21.949+0000	[################........] benchmark.Twitter	33.3GB/49.1GB (67.7%)
2021-10-19T09:39:24.949+0000	[################........] benchmark.Twitter	33.3GB/49.1GB (67.8%)
2021-10-19T09:39:27.949+0000	[################........] benchmark.Twitter	33.4GB/49.1GB (67.9%)
2021-10-19T09:39:30.949+0000	[################........] benchmark.Twitter	33.4GB/49.1GB (68.0%)
2021-10-19T09:39:33.950+0000	[################........] benchmark.Twitter	33.5GB/49.1GB (68.2%)
2021-10-19T09:39:36.949+0000	[################........] benchmark.Twitter	33.5GB/49.1GB (68.3%)
2021-10-19T09:39:39.952+0000	[################........] benchmark.Twitter	33.6GB/49.1GB (68.4%)
2021-10-19T09:39:42.950+0000	[################........] benchmark.Twitter	33.7GB/49.1GB (68.5%)
2021-10-19T09:39:45.950+0000	[################........] benchmark.Twitter	33.7GB/49.1GB (68.7%)
2021-10-19T09:39:48.950+0000	[################........] benchmark.Twitter	33.8GB/49.1GB (68.8%)
2021-10-19T09:39:51.950+0000	[################........] benchmark.Twitter	33.9GB/49.1GB (68.9%)
2021-10-19T09:39:54.950+0000	[################........] benchmark.Twitter	33.9GB/49.1GB (69.0%)
2021-10-19T09:39:57.949+0000	[################........] benchmark.Twitter	34.0GB/49.1GB (69.2%)
2021-10-19T09:40:00.950+0000	[################........] benchmark.Twitter	34.0GB/49.1GB (69.3%)
2021-10-19T09:40:03.950+0000	[################........] benchmark.Twitter	34.1GB/49.1GB (69.4%)
2021-10-19T09:40:06.950+0000	[################........] benchmark.Twitter	34.2GB/49.1GB (69.5%)
2021-10-19T09:40:09.949+0000	[################........] benchmark.Twitter	34.2GB/49.1GB (69.7%)
2021-10-19T09:40:12.950+0000	[################........] benchmark.Twitter	34.3GB/49.1GB (69.8%)
2021-10-19T09:40:15.949+0000	[################........] benchmark.Twitter	34.3GB/49.1GB (69.9%)
2021-10-19T09:40:18.950+0000	[################........] benchmark.Twitter	34.4GB/49.1GB (70.0%)
2021-10-19T09:40:21.949+0000	[################........] benchmark.Twitter	34.5GB/49.1GB (70.1%)
2021-10-19T09:40:24.949+0000	[################........] benchmark.Twitter	34.5GB/49.1GB (70.3%)
2021-10-19T09:40:27.949+0000	[################........] benchmark.Twitter	34.6GB/49.1GB (70.4%)
2021-10-19T09:40:30.949+0000	[################........] benchmark.Twitter	34.6GB/49.1GB (70.5%)
2021-10-19T09:40:33.950+0000	[################........] benchmark.Twitter	34.7GB/49.1GB (70.6%)
2021-10-19T09:40:36.950+0000	[################........] benchmark.Twitter	34.8GB/49.1GB (70.8%)
2021-10-19T09:40:39.950+0000	[#################.......] benchmark.Twitter	34.8GB/49.1GB (70.9%)
2021-10-19T09:40:42.950+0000	[#################.......] benchmark.Twitter	34.9GB/49.1GB (71.0%)
2021-10-19T09:40:45.950+0000	[#################.......] benchmark.Twitter	35.0GB/49.1GB (71.1%)
2021-10-19T09:40:48.949+0000	[#################.......] benchmark.Twitter	35.0GB/49.1GB (71.3%)
2021-10-19T09:40:51.949+0000	[#################.......] benchmark.Twitter	35.1GB/49.1GB (71.4%)
2021-10-19T09:40:54.949+0000	[#################.......] benchmark.Twitter	35.1GB/49.1GB (71.5%)
2021-10-19T09:40:57.949+0000	[#################.......] benchmark.Twitter	35.2GB/49.1GB (71.6%)
2021-10-19T09:41:00.950+0000	[#################.......] benchmark.Twitter	35.3GB/49.1GB (71.8%)
2021-10-19T09:41:03.950+0000	[#################.......] benchmark.Twitter	35.3GB/49.1GB (71.9%)
2021-10-19T09:41:06.950+0000	[#################.......] benchmark.Twitter	35.4GB/49.1GB (72.0%)
2021-10-19T09:41:09.950+0000	[#################.......] benchmark.Twitter	35.5GB/49.1GB (72.2%)
2021-10-19T09:41:12.950+0000	[#################.......] benchmark.Twitter	35.5GB/49.1GB (72.3%)
2021-10-19T09:41:15.951+0000	[#################.......] benchmark.Twitter	35.6GB/49.1GB (72.4%)
2021-10-19T09:41:18.950+0000	[#################.......] benchmark.Twitter	35.6GB/49.1GB (72.5%)
2021-10-19T09:41:21.950+0000	[#################.......] benchmark.Twitter	35.7GB/49.1GB (72.6%)
2021-10-19T09:41:24.949+0000	[#################.......] benchmark.Twitter	35.8GB/49.1GB (72.8%)
2021-10-19T09:41:27.949+0000	[#################.......] benchmark.Twitter	35.8GB/49.1GB (72.9%)
2021-10-19T09:41:30.950+0000	[#################.......] benchmark.Twitter	35.9GB/49.1GB (73.0%)
2021-10-19T09:41:33.949+0000	[#################.......] benchmark.Twitter	35.9GB/49.1GB (73.1%)
2021-10-19T09:41:36.950+0000	[#################.......] benchmark.Twitter	36.0GB/49.1GB (73.3%)
2021-10-19T09:41:39.949+0000	[#################.......] benchmark.Twitter	36.0GB/49.1GB (73.4%)
2021-10-19T09:41:42.950+0000	[#################.......] benchmark.Twitter	36.1GB/49.1GB (73.5%)
2021-10-19T09:41:45.950+0000	[#################.......] benchmark.Twitter	36.2GB/49.1GB (73.6%)
2021-10-19T09:41:48.949+0000	[#################.......] benchmark.Twitter	36.2GB/49.1GB (73.8%)
2021-10-19T09:41:51.950+0000	[#################.......] benchmark.Twitter	36.3GB/49.1GB (73.9%)
2021-10-19T09:41:54.952+0000	[#################.......] benchmark.Twitter	36.4GB/49.1GB (74.0%)
2021-10-19T09:41:57.950+0000	[#################.......] benchmark.Twitter	36.4GB/49.1GB (74.1%)
2021-10-19T09:42:00.950+0000	[#################.......] benchmark.Twitter	36.5GB/49.1GB (74.3%)
2021-10-19T09:42:03.949+0000	[#################.......] benchmark.Twitter	36.5GB/49.1GB (74.4%)
2021-10-19T09:42:06.950+0000	[#################.......] benchmark.Twitter	36.6GB/49.1GB (74.5%)
2021-10-19T09:42:09.949+0000	[#################.......] benchmark.Twitter	36.7GB/49.1GB (74.6%)
2021-10-19T09:42:12.950+0000	[#################.......] benchmark.Twitter	36.7GB/49.1GB (74.8%)
2021-10-19T09:42:15.950+0000	[#################.......] benchmark.Twitter	36.8GB/49.1GB (74.9%)
2021-10-19T09:42:18.949+0000	[##################......] benchmark.Twitter	36.9GB/49.1GB (75.0%)
2021-10-19T09:42:21.949+0000	[##################......] benchmark.Twitter	36.9GB/49.1GB (75.1%)
2021-10-19T09:42:24.949+0000	[##################......] benchmark.Twitter	37.0GB/49.1GB (75.2%)
2021-10-19T09:42:27.951+0000	[##################......] benchmark.Twitter	37.0GB/49.1GB (75.4%)
2021-10-19T09:42:30.950+0000	[##################......] benchmark.Twitter	37.1GB/49.1GB (75.5%)
2021-10-19T09:42:33.950+0000	[##################......] benchmark.Twitter	37.1GB/49.1GB (75.6%)
2021-10-19T09:42:36.950+0000	[##################......] benchmark.Twitter	37.2GB/49.1GB (75.7%)
2021-10-19T09:42:39.949+0000	[##################......] benchmark.Twitter	37.3GB/49.1GB (75.9%)
2021-10-19T09:42:42.950+0000	[##################......] benchmark.Twitter	37.3GB/49.1GB (76.0%)
2021-10-19T09:42:45.951+0000	[##################......] benchmark.Twitter	37.4GB/49.1GB (76.1%)
2021-10-19T09:42:48.949+0000	[##################......] benchmark.Twitter	37.5GB/49.1GB (76.2%)
2021-10-19T09:42:51.949+0000	[##################......] benchmark.Twitter	37.5GB/49.1GB (76.4%)
2021-10-19T09:42:54.950+0000	[##################......] benchmark.Twitter	37.6GB/49.1GB (76.5%)
2021-10-19T09:42:57.951+0000	[##################......] benchmark.Twitter	37.6GB/49.1GB (76.6%)
2021-10-19T09:43:00.950+0000	[##################......] benchmark.Twitter	37.7GB/49.1GB (76.7%)
2021-10-19T09:43:03.949+0000	[##################......] benchmark.Twitter	37.8GB/49.1GB (76.8%)
2021-10-19T09:43:06.950+0000	[##################......] benchmark.Twitter	37.8GB/49.1GB (77.0%)
2021-10-19T09:43:09.951+0000	[##################......] benchmark.Twitter	37.9GB/49.1GB (77.1%)
2021-10-19T09:43:12.950+0000	[##################......] benchmark.Twitter	37.9GB/49.1GB (77.2%)
2021-10-19T09:43:15.950+0000	[##################......] benchmark.Twitter	38.0GB/49.1GB (77.3%)
2021-10-19T09:43:18.950+0000	[##################......] benchmark.Twitter	38.1GB/49.1GB (77.5%)
2021-10-19T09:43:21.950+0000	[##################......] benchmark.Twitter	38.1GB/49.1GB (77.6%)
2021-10-19T09:43:24.949+0000	[##################......] benchmark.Twitter	38.2GB/49.1GB (77.7%)
2021-10-19T09:43:27.950+0000	[##################......] benchmark.Twitter	38.2GB/49.1GB (77.8%)
2021-10-19T09:43:30.950+0000	[##################......] benchmark.Twitter	38.3GB/49.1GB (77.9%)
2021-10-19T09:43:33.950+0000	[##################......] benchmark.Twitter	38.4GB/49.1GB (78.1%)
2021-10-19T09:43:36.950+0000	[##################......] benchmark.Twitter	38.4GB/49.1GB (78.2%)
2021-10-19T09:43:39.950+0000	[##################......] benchmark.Twitter	38.5GB/49.1GB (78.3%)
2021-10-19T09:43:42.950+0000	[##################......] benchmark.Twitter	38.5GB/49.1GB (78.4%)
2021-10-19T09:43:45.951+0000	[##################......] benchmark.Twitter	38.6GB/49.1GB (78.6%)
2021-10-19T09:43:48.950+0000	[##################......] benchmark.Twitter	38.7GB/49.1GB (78.7%)
2021-10-19T09:43:51.950+0000	[##################......] benchmark.Twitter	38.7GB/49.1GB (78.8%)
2021-10-19T09:43:54.949+0000	[##################......] benchmark.Twitter	38.8GB/49.1GB (78.9%)
2021-10-19T09:43:57.949+0000	[##################......] benchmark.Twitter	38.9GB/49.1GB (79.1%)
2021-10-19T09:44:00.950+0000	[###################.....] benchmark.Twitter	38.9GB/49.1GB (79.2%)
2021-10-19T09:44:03.950+0000	[###################.....] benchmark.Twitter	39.0GB/49.1GB (79.3%)
2021-10-19T09:44:06.950+0000	[###################.....] benchmark.Twitter	39.0GB/49.1GB (79.5%)
2021-10-19T09:44:09.950+0000	[###################.....] benchmark.Twitter	39.1GB/49.1GB (79.6%)
2021-10-19T09:44:12.949+0000	[###################.....] benchmark.Twitter	39.2GB/49.1GB (79.7%)
2021-10-19T09:44:15.950+0000	[###################.....] benchmark.Twitter	39.2GB/49.1GB (79.8%)
2021-10-19T09:44:18.950+0000	[###################.....] benchmark.Twitter	39.3GB/49.1GB (80.0%)
2021-10-19T09:44:21.950+0000	[###################.....] benchmark.Twitter	39.4GB/49.1GB (80.1%)
2021-10-19T09:44:24.950+0000	[###################.....] benchmark.Twitter	39.4GB/49.1GB (80.2%)
2021-10-19T09:44:27.949+0000	[###################.....] benchmark.Twitter	39.5GB/49.1GB (80.3%)
2021-10-19T09:44:30.950+0000	[###################.....] benchmark.Twitter	39.5GB/49.1GB (80.4%)
2021-10-19T09:44:33.949+0000	[###################.....] benchmark.Twitter	39.6GB/49.1GB (80.6%)
2021-10-19T09:44:36.950+0000	[###################.....] benchmark.Twitter	39.6GB/49.1GB (80.7%)
2021-10-19T09:44:39.951+0000	[###################.....] benchmark.Twitter	39.7GB/49.1GB (80.8%)
2021-10-19T09:44:42.949+0000	[###################.....] benchmark.Twitter	39.8GB/49.1GB (80.9%)
2021-10-19T09:44:45.949+0000	[###################.....] benchmark.Twitter	39.8GB/49.1GB (81.1%)
2021-10-19T09:44:48.952+0000	[###################.....] benchmark.Twitter	39.9GB/49.1GB (81.2%)
2021-10-19T09:44:51.950+0000	[###################.....] benchmark.Twitter	40.0GB/49.1GB (81.3%)
2021-10-19T09:44:54.950+0000	[###################.....] benchmark.Twitter	40.0GB/49.1GB (81.5%)
2021-10-19T09:44:57.950+0000	[###################.....] benchmark.Twitter	40.1GB/49.1GB (81.6%)
2021-10-19T09:45:00.950+0000	[###################.....] benchmark.Twitter	40.1GB/49.1GB (81.7%)
2021-10-19T09:45:03.949+0000	[###################.....] benchmark.Twitter	40.2GB/49.1GB (81.8%)
2021-10-19T09:45:06.950+0000	[###################.....] benchmark.Twitter	40.3GB/49.1GB (82.0%)
2021-10-19T09:45:09.949+0000	[###################.....] benchmark.Twitter	40.3GB/49.1GB (82.1%)
2021-10-19T09:45:12.950+0000	[###################.....] benchmark.Twitter	40.4GB/49.1GB (82.2%)
2021-10-19T09:45:15.950+0000	[###################.....] benchmark.Twitter	40.5GB/49.1GB (82.3%)
2021-10-19T09:45:18.951+0000	[###################.....] benchmark.Twitter	40.5GB/49.1GB (82.5%)
2021-10-19T09:45:21.949+0000	[###################.....] benchmark.Twitter	40.6GB/49.1GB (82.6%)
2021-10-19T09:45:24.951+0000	[###################.....] benchmark.Twitter	40.6GB/49.1GB (82.7%)
2021-10-19T09:45:27.950+0000	[###################.....] benchmark.Twitter	40.7GB/49.1GB (82.8%)
2021-10-19T09:45:30.950+0000	[###################.....] benchmark.Twitter	40.8GB/49.1GB (82.9%)
2021-10-19T09:45:33.949+0000	[###################.....] benchmark.Twitter	40.8GB/49.1GB (83.1%)
2021-10-19T09:45:36.951+0000	[###################.....] benchmark.Twitter	40.9GB/49.1GB (83.2%)
2021-10-19T09:45:39.950+0000	[###################.....] benchmark.Twitter	40.9GB/49.1GB (83.3%)
2021-10-19T09:45:42.951+0000	[####################....] benchmark.Twitter	41.0GB/49.1GB (83.4%)
2021-10-19T09:45:45.950+0000	[####################....] benchmark.Twitter	41.1GB/49.1GB (83.6%)
2021-10-19T09:45:48.951+0000	[####################....] benchmark.Twitter	41.1GB/49.1GB (83.7%)
2021-10-19T09:45:51.950+0000	[####################....] benchmark.Twitter	41.2GB/49.1GB (83.8%)
2021-10-19T09:45:54.950+0000	[####################....] benchmark.Twitter	41.2GB/49.1GB (83.9%)
2021-10-19T09:45:57.949+0000	[####################....] benchmark.Twitter	41.3GB/49.1GB (84.1%)
2021-10-19T09:46:00.950+0000	[####################....] benchmark.Twitter	41.4GB/49.1GB (84.2%)
2021-10-19T09:46:03.950+0000	[####################....] benchmark.Twitter	41.4GB/49.1GB (84.3%)
2021-10-19T09:46:06.950+0000	[####################....] benchmark.Twitter	41.5GB/49.1GB (84.4%)
2021-10-19T09:46:09.949+0000	[####################....] benchmark.Twitter	41.5GB/49.1GB (84.6%)
2021-10-19T09:46:12.950+0000	[####################....] benchmark.Twitter	41.6GB/49.1GB (84.7%)
2021-10-19T09:46:15.949+0000	[####################....] benchmark.Twitter	41.7GB/49.1GB (84.8%)
2021-10-19T09:46:18.949+0000	[####################....] benchmark.Twitter	41.7GB/49.1GB (84.9%)
2021-10-19T09:46:21.950+0000	[####################....] benchmark.Twitter	41.8GB/49.1GB (85.0%)
2021-10-19T09:46:24.950+0000	[####################....] benchmark.Twitter	41.8GB/49.1GB (85.2%)
2021-10-19T09:46:27.949+0000	[####################....] benchmark.Twitter	41.9GB/49.1GB (85.3%)
2021-10-19T09:46:30.950+0000	[####################....] benchmark.Twitter	42.0GB/49.1GB (85.4%)
2021-10-19T09:46:33.949+0000	[####################....] benchmark.Twitter	42.0GB/49.1GB (85.5%)
2021-10-19T09:46:36.950+0000	[####################....] benchmark.Twitter	42.1GB/49.1GB (85.6%)
2021-10-19T09:46:39.950+0000	[####################....] benchmark.Twitter	42.1GB/49.1GB (85.7%)
2021-10-19T09:46:42.949+0000	[####################....] benchmark.Twitter	42.2GB/49.1GB (85.9%)
2021-10-19T09:46:45.952+0000	[####################....] benchmark.Twitter	42.3GB/49.1GB (86.0%)
2021-10-19T09:46:48.950+0000	[####################....] benchmark.Twitter	42.3GB/49.1GB (86.1%)
2021-10-19T09:46:51.950+0000	[####################....] benchmark.Twitter	42.4GB/49.1GB (86.3%)
2021-10-19T09:46:54.950+0000	[####################....] benchmark.Twitter	42.4GB/49.1GB (86.4%)
2021-10-19T09:46:57.949+0000	[####################....] benchmark.Twitter	42.5GB/49.1GB (86.5%)
2021-10-19T09:47:00.950+0000	[####################....] benchmark.Twitter	42.6GB/49.1GB (86.6%)
2021-10-19T09:47:03.950+0000	[####################....] benchmark.Twitter	42.6GB/49.1GB (86.8%)
2021-10-19T09:47:06.950+0000	[####################....] benchmark.Twitter	42.7GB/49.1GB (86.9%)
2021-10-19T09:47:09.951+0000	[####################....] benchmark.Twitter	42.8GB/49.1GB (87.0%)
2021-10-19T09:47:12.950+0000	[####################....] benchmark.Twitter	42.8GB/49.1GB (87.1%)
2021-10-19T09:47:15.949+0000	[####################....] benchmark.Twitter	42.9GB/49.1GB (87.3%)
2021-10-19T09:47:18.950+0000	[####################....] benchmark.Twitter	42.9GB/49.1GB (87.4%)
2021-10-19T09:47:21.949+0000	[#####################...] benchmark.Twitter	43.0GB/49.1GB (87.5%)
2021-10-19T09:47:24.952+0000	[#####################...] benchmark.Twitter	43.0GB/49.1GB (87.6%)
2021-10-19T09:47:27.951+0000	[#####################...] benchmark.Twitter	43.1GB/49.1GB (87.7%)
2021-10-19T09:47:30.949+0000	[#####################...] benchmark.Twitter	43.2GB/49.1GB (87.9%)
2021-10-19T09:47:33.950+0000	[#####################...] benchmark.Twitter	43.2GB/49.1GB (88.0%)
2021-10-19T09:47:36.950+0000	[#####################...] benchmark.Twitter	43.3GB/49.1GB (88.1%)
2021-10-19T09:47:39.950+0000	[#####################...] benchmark.Twitter	43.3GB/49.1GB (88.2%)
2021-10-19T09:47:42.949+0000	[#####################...] benchmark.Twitter	43.4GB/49.1GB (88.3%)
2021-10-19T09:47:45.951+0000	[#####################...] benchmark.Twitter	43.5GB/49.1GB (88.5%)
2021-10-19T09:47:48.949+0000	[#####################...] benchmark.Twitter	43.5GB/49.1GB (88.6%)
2021-10-19T09:47:51.949+0000	[#####################...] benchmark.Twitter	43.6GB/49.1GB (88.7%)
2021-10-19T09:47:54.949+0000	[#####################...] benchmark.Twitter	43.6GB/49.1GB (88.8%)
2021-10-19T09:47:57.949+0000	[#####################...] benchmark.Twitter	43.7GB/49.1GB (89.0%)
2021-10-19T09:48:00.950+0000	[#####################...] benchmark.Twitter	43.8GB/49.1GB (89.1%)
2021-10-19T09:48:03.949+0000	[#####################...] benchmark.Twitter	43.8GB/49.1GB (89.2%)
2021-10-19T09:48:06.949+0000	[#####################...] benchmark.Twitter	43.9GB/49.1GB (89.3%)
2021-10-19T09:48:09.950+0000	[#####################...] benchmark.Twitter	44.0GB/49.1GB (89.5%)
2021-10-19T09:48:12.952+0000	[#####################...] benchmark.Twitter	44.0GB/49.1GB (89.6%)
2021-10-19T09:48:15.949+0000	[#####################...] benchmark.Twitter	44.1GB/49.1GB (89.7%)
2021-10-19T09:48:18.949+0000	[#####################...] benchmark.Twitter	44.1GB/49.1GB (89.8%)
2021-10-19T09:48:21.949+0000	[#####################...] benchmark.Twitter	44.2GB/49.1GB (89.9%)
2021-10-19T09:48:24.950+0000	[#####################...] benchmark.Twitter	44.2GB/49.1GB (90.0%)
2021-10-19T09:48:27.949+0000	[#####################...] benchmark.Twitter	44.3GB/49.1GB (90.2%)
2021-10-19T09:48:30.950+0000	[#####################...] benchmark.Twitter	44.4GB/49.1GB (90.3%)
2021-10-19T09:48:33.950+0000	[#####################...] benchmark.Twitter	44.4GB/49.1GB (90.4%)
2021-10-19T09:48:36.953+0000	[#####################...] benchmark.Twitter	44.5GB/49.1GB (90.5%)
2021-10-19T09:48:39.950+0000	[#####################...] benchmark.Twitter	44.5GB/49.1GB (90.7%)
2021-10-19T09:48:42.950+0000	[#####################...] benchmark.Twitter	44.6GB/49.1GB (90.8%)
2021-10-19T09:48:45.950+0000	[#####################...] benchmark.Twitter	44.6GB/49.1GB (90.9%)
2021-10-19T09:48:48.949+0000	[#####################...] benchmark.Twitter	44.7GB/49.1GB (91.0%)
2021-10-19T09:48:51.952+0000	[#####################...] benchmark.Twitter	44.8GB/49.1GB (91.1%)
2021-10-19T09:48:54.949+0000	[#####################...] benchmark.Twitter	44.8GB/49.1GB (91.3%)
2021-10-19T09:48:57.949+0000	[#####################...] benchmark.Twitter	44.9GB/49.1GB (91.4%)
2021-10-19T09:49:00.949+0000	[#####################...] benchmark.Twitter	45.0GB/49.1GB (91.5%)
2021-10-19T09:49:03.951+0000	[#####################...] benchmark.Twitter	45.0GB/49.1GB (91.6%)
2021-10-19T09:49:06.949+0000	[######################..] benchmark.Twitter	45.1GB/49.1GB (91.8%)
2021-10-19T09:49:09.950+0000	[######################..] benchmark.Twitter	45.1GB/49.1GB (91.9%)
2021-10-19T09:49:12.949+0000	[######################..] benchmark.Twitter	45.2GB/49.1GB (92.0%)
2021-10-19T09:49:15.950+0000	[######################..] benchmark.Twitter	45.3GB/49.1GB (92.1%)
2021-10-19T09:49:18.949+0000	[######################..] benchmark.Twitter	45.3GB/49.1GB (92.3%)
2021-10-19T09:49:21.949+0000	[######################..] benchmark.Twitter	45.4GB/49.1GB (92.4%)
2021-10-19T09:49:24.950+0000	[######################..] benchmark.Twitter	45.5GB/49.1GB (92.5%)
2021-10-19T09:49:27.950+0000	[######################..] benchmark.Twitter	45.5GB/49.1GB (92.6%)
2021-10-19T09:49:30.950+0000	[######################..] benchmark.Twitter	45.6GB/49.1GB (92.8%)
2021-10-19T09:49:33.950+0000	[######################..] benchmark.Twitter	45.6GB/49.1GB (92.9%)
2021-10-19T09:49:36.949+0000	[######################..] benchmark.Twitter	45.7GB/49.1GB (93.0%)
2021-10-19T09:49:39.950+0000	[######################..] benchmark.Twitter	45.8GB/49.1GB (93.1%)
2021-10-19T09:49:42.950+0000	[######################..] benchmark.Twitter	45.8GB/49.1GB (93.3%)
2021-10-19T09:49:45.950+0000	[######################..] benchmark.Twitter	45.9GB/49.1GB (93.4%)
2021-10-19T09:49:48.950+0000	[######################..] benchmark.Twitter	45.9GB/49.1GB (93.5%)
2021-10-19T09:49:51.950+0000	[######################..] benchmark.Twitter	46.0GB/49.1GB (93.6%)
2021-10-19T09:49:54.950+0000	[######################..] benchmark.Twitter	46.1GB/49.1GB (93.7%)
2021-10-19T09:49:57.950+0000	[######################..] benchmark.Twitter	46.1GB/49.1GB (93.9%)
2021-10-19T09:50:00.949+0000	[######################..] benchmark.Twitter	46.2GB/49.1GB (94.0%)
2021-10-19T09:50:03.949+0000	[######################..] benchmark.Twitter	46.2GB/49.1GB (94.1%)
2021-10-19T09:50:06.949+0000	[######################..] benchmark.Twitter	46.3GB/49.1GB (94.2%)
2021-10-19T09:50:09.949+0000	[######################..] benchmark.Twitter	46.4GB/49.1GB (94.4%)
2021-10-19T09:50:12.950+0000	[######################..] benchmark.Twitter	46.4GB/49.1GB (94.5%)
2021-10-19T09:50:15.950+0000	[######################..] benchmark.Twitter	46.5GB/49.1GB (94.6%)
2021-10-19T09:50:18.951+0000	[######################..] benchmark.Twitter	46.5GB/49.1GB (94.7%)
2021-10-19T09:50:21.950+0000	[######################..] benchmark.Twitter	46.6GB/49.1GB (94.9%)
2021-10-19T09:50:24.949+0000	[######################..] benchmark.Twitter	46.7GB/49.1GB (95.0%)
2021-10-19T09:50:27.950+0000	[######################..] benchmark.Twitter	46.7GB/49.1GB (95.1%)
2021-10-19T09:50:30.951+0000	[######################..] benchmark.Twitter	46.8GB/49.1GB (95.3%)
2021-10-19T09:50:33.950+0000	[######################..] benchmark.Twitter	46.9GB/49.1GB (95.4%)
2021-10-19T09:50:36.950+0000	[######################..] benchmark.Twitter	46.9GB/49.1GB (95.5%)
2021-10-19T09:50:39.950+0000	[######################..] benchmark.Twitter	47.0GB/49.1GB (95.6%)
2021-10-19T09:50:42.949+0000	[######################..] benchmark.Twitter	47.0GB/49.1GB (95.7%)
2021-10-19T09:50:45.950+0000	[#######################.] benchmark.Twitter	47.1GB/49.1GB (95.8%)
2021-10-19T09:50:48.950+0000	[#######################.] benchmark.Twitter	47.1GB/49.1GB (95.9%)
2021-10-19T09:50:51.950+0000	[#######################.] benchmark.Twitter	47.2GB/49.1GB (96.1%)
2021-10-19T09:50:54.950+0000	[#######################.] benchmark.Twitter	47.2GB/49.1GB (96.2%)
2021-10-19T09:50:57.949+0000	[#######################.] benchmark.Twitter	47.3GB/49.1GB (96.3%)
2021-10-19T09:51:00.950+0000	[#######################.] benchmark.Twitter	47.4GB/49.1GB (96.4%)
2021-10-19T09:51:03.950+0000	[#######################.] benchmark.Twitter	47.4GB/49.1GB (96.5%)
2021-10-19T09:51:06.951+0000	[#######################.] benchmark.Twitter	47.5GB/49.1GB (96.7%)
2021-10-19T09:51:09.950+0000	[#######################.] benchmark.Twitter	47.6GB/49.1GB (96.8%)
2021-10-19T09:51:12.950+0000	[#######################.] benchmark.Twitter	47.6GB/49.1GB (96.9%)
2021-10-19T09:51:15.949+0000	[#######################.] benchmark.Twitter	47.7GB/49.1GB (97.1%)
2021-10-19T09:51:18.949+0000	[#######################.] benchmark.Twitter	47.8GB/49.1GB (97.2%)
2021-10-19T09:51:21.950+0000	[#######################.] benchmark.Twitter	47.8GB/49.1GB (97.3%)
2021-10-19T09:51:24.950+0000	[#######################.] benchmark.Twitter	47.9GB/49.1GB (97.4%)
2021-10-19T09:51:27.950+0000	[#######################.] benchmark.Twitter	47.9GB/49.1GB (97.6%)
2021-10-19T09:51:30.950+0000	[#######################.] benchmark.Twitter	48.0GB/49.1GB (97.7%)
2021-10-19T09:51:33.950+0000	[#######################.] benchmark.Twitter	48.0GB/49.1GB (97.8%)
2021-10-19T09:51:36.950+0000	[#######################.] benchmark.Twitter	48.1GB/49.1GB (97.9%)
2021-10-19T09:51:39.950+0000	[#######################.] benchmark.Twitter	48.2GB/49.1GB (98.1%)
2021-10-19T09:51:42.950+0000	[#######################.] benchmark.Twitter	48.2GB/49.1GB (98.2%)
2021-10-19T09:51:45.950+0000	[#######################.] benchmark.Twitter	48.3GB/49.1GB (98.3%)
2021-10-19T09:51:48.953+0000	[#######################.] benchmark.Twitter	48.4GB/49.1GB (98.4%)
2021-10-19T09:51:51.950+0000	[#######################.] benchmark.Twitter	48.4GB/49.1GB (98.5%)
2021-10-19T09:51:54.950+0000	[#######################.] benchmark.Twitter	48.5GB/49.1GB (98.7%)
2021-10-19T09:51:57.950+0000	[#######################.] benchmark.Twitter	48.5GB/49.1GB (98.8%)
2021-10-19T09:52:00.950+0000	[#######################.] benchmark.Twitter	48.6GB/49.1GB (98.9%)
2021-10-19T09:52:03.949+0000	[#######################.] benchmark.Twitter	48.7GB/49.1GB (99.0%)
2021-10-19T09:52:06.950+0000	[#######################.] benchmark.Twitter	48.7GB/49.1GB (99.2%)
2021-10-19T09:52:09.950+0000	[#######################.] benchmark.Twitter	48.8GB/49.1GB (99.3%)
2021-10-19T09:52:12.950+0000	[#######################.] benchmark.Twitter	48.8GB/49.1GB (99.4%)
2021-10-19T09:52:15.950+0000	[#######################.] benchmark.Twitter	48.9GB/49.1GB (99.5%)
2021-10-19T09:52:18.951+0000	[#######################.] benchmark.Twitter	49.0GB/49.1GB (99.7%)
2021-10-19T09:52:21.950+0000	[#######################.] benchmark.Twitter	49.0GB/49.1GB (99.8%)
2021-10-19T09:52:24.951+0000	[#######################.] benchmark.Twitter	49.1GB/49.1GB (99.9%)
2021-10-19T09:52:26.891+0000	[########################] benchmark.Twitter	49.1GB/49.1GB (100.0%)
2021-10-19T09:52:26.891+0000	13346336 document(s) imported successfully. 0 document(s) failed to import.
mongo-benchmark
MongoDB: 3617.77 s
mongo-benchmark
=== Found Postgres query file, executing Postgres queries ===
= File:'Twitter.json' =
13.4-alpine: Pulling from library/postgres
a0d0a0d46f8b: Already exists
5034a66b99e6: Already exists
82e9eb77798b: Already exists
314b9347faf5: Already exists
2625be9fae82: Already exists
5ec8358e2a99: Already exists
2e9ccfc29d86: Already exists
b13ffdf7efe6: Pulling fs layer
b13ffdf7efe6: Verifying Checksum
b13ffdf7efe6: Download complete
b13ffdf7efe6: Pull complete
Digest: sha256:e9e481c3b0960e6acdd0d1202938617b9075d20f477765b531846671b7e624f2
Status: Downloaded newer image for postgres:13.4-alpine
2cc63287d860b62acd6521502c3d26c86e14287ab180f439a1e949b533802b5d
3
PSQL: 8007.17 s
psql-benchmark
=== Results ===
= JQ =
Overall: 
= JODA =
Overall: 272.951
Query Time: 144.308
17.433924209
12.328378075
13.823165875
14.87630577
13.649074175
12.820462538
14.990473818
15.642903202
13.006722353
15.73663844
= Mongo =
Overall: 3617.77
190.311
162.672
169.235
181.878
65.133
72.342
82.244
83.463
83.839
81.216
Query Time: 1172.33
= PostgreSQL =
Overall: 8007.17
=== AGG Results ===
= JQ =

= JODA =
13346336
5073309
1985718
1423329
1253365
4467128
970479
434583
226865
79126
56933
= Mongo =
5073309
1985718
1423329
1253365
4467128
970479
434583
226865
79126
56933
= PostgreSQL =
 5073309
 1985718
 1423329
 1253365
 4456547
 959898
 424002
 216709
 68970
 48900
