=== Found JODA query file, executing JODA queries ===
= File:'Twitter.json' =
0.12.4: Pulling from nicotin/joda
Digest: sha256:b253680f2c5ee1118e2c282e0c4ebff5cb6e87643fb98abcf1e686caaa35152a
Status: Image is up to date for nicotin/joda:0.12.4
b040972ea1a3bbafeb6ae4b3841a3c89c515467e28146e6c3be8d810e81d4333
0
JODA: 73.634 s
joda-benchmark
=== Results ===
= JQ =
Overall: 
= JODA =
Overall: 73.634
Query Time: 12.7452
5.604264664
2.436917651
0.985527008
0.59170885
0.594685972
0.507846946
0.303749212
0.230584993
0.894968845
0.594958058
= Mongo =
Overall: 

Query Time: 
= PostgreSQL =
Overall: 
=== AGG Results ===
= JQ =

= JODA =
13346336
5073309
7655190
3612794
2466734
3183390
1986082
1661094
1201669
4442042
3178266
= Mongo =

= PostgreSQL =

