=== Found JODA query file, executing JODA queries ===
= File:'Twitter.json' =
0.12.4: Pulling from nicotin/joda
Digest: sha256:b253680f2c5ee1118e2c282e0c4ebff5cb6e87643fb98abcf1e686caaa35152a
Status: Image is up to date for nicotin/joda:0.12.4
78a433d7cbd9a64f436081ebe7c75cc99378adfc384d71f46eeb8efbdce1516f
0
JODA: 81.4217 s
joda-benchmark
=== Results ===
= JQ =
Overall: 
= JODA =
Overall: 81.4217
Query Time: 16.5399
8.468926758
2.826819627
0.925426111
0.60984545
0.56822721
0.650856403
0.582883565
0.760757142
0.614595603
0.531596704
= Mongo =
Overall: 

Query Time: 
= PostgreSQL =
Overall: 
=== AGG Results ===
= JQ =

= JODA =
13346336
6917927
5073309
3791783
3209055
1287835
5073309
5073309
5073309
2474371
3762261
= Mongo =

= PostgreSQL =

