=== Found JODA query file, executing JODA queries ===
= File:'Twitter.json' =
0.12.4: Pulling from nicotin/joda
Digest: sha256:b253680f2c5ee1118e2c282e0c4ebff5cb6e87643fb98abcf1e686caaa35152a
Status: Image is up to date for nicotin/joda:0.12.4
9d0ef60254bbb614968567681fd6eadb35da7505ce4f837020d422686fc81aa4
0
JODA: 81.9066 s
joda-benchmark
=== Results ===
= JQ =
Overall: 
= JODA =
Overall: 81.9066
Query Time: 15.2141
6.913782516
3.589926713
1.20927149
0.569526806
0.800246675
0.504565357
0.723850418
0.349777319
0.314209959
0.23898744
= Mongo =
Overall: 

Query Time: 
= PostgreSQL =
Overall: 
=== AGG Results ===
= JQ =

= JODA =
13346336
10691615
11361303
8706582
3088276
3422705
3171809
3422705
2184703
1388331
1227718
= Mongo =

= PostgreSQL =

