=== Found JODA query file, executing JODA queries ===
= File:'Twitter.json' =
0.12.4: Pulling from nicotin/joda
Digest: sha256:b253680f2c5ee1118e2c282e0c4ebff5cb6e87643fb98abcf1e686caaa35152a
Status: Image is up to date for nicotin/joda:0.12.4
2eb0815e50f7b1123a22f0bde19fa915e50ae17d3bfcbae66fdb248248997d1b
0
JODA: 80.8845 s
joda-benchmark
=== Results ===
= JQ =
Overall: 
= JODA =
Overall: 80.8845
Query Time: 14.6564
6.67727864
1.796746381
1.925245484
0.506710529
1.028477491
1.107544075
0.421033522
0.659583938
0.33679668
0.196934089
= Mongo =
Overall: 

Query Time: 
= PostgreSQL =
Overall: 
=== AGG Results ===
= JQ =

= JODA =
13346336
5073309
5073309
8884782
1691338
2594723
4463939
3372255
2593190
1552857
1170670
= Mongo =

= PostgreSQL =

