=== Found JODA query file, executing JODA queries ===
= File:'Twitter.json' =
0.12.4: Pulling from nicotin/joda
Digest: sha256:b253680f2c5ee1118e2c282e0c4ebff5cb6e87643fb98abcf1e686caaa35152a
Status: Image is up to date for nicotin/joda:0.12.4
d62344d9f223dea25d670410e9612e1fb484889647ce0fad3751f8bb3e6e01ac
0
JODA: 81.9006 s
joda-benchmark
=== Results ===
= JQ =
Overall: 
= JODA =
Overall: 81.9006
Query Time: 18.7571
3.563414485
6.667644103
2.920717566
1.417422178
0.948126053
0.289866258
1.705899279
0.771908485
0.234988066
0.23716176
= Mongo =
Overall: 

Query Time: 
= PostgreSQL =
Overall: 
=== AGG Results ===
= JQ =

= JODA =
13346336
10691615
10691615
3486164
4458551
2677926
557380
4894105
1889667
1601201
262840
= Mongo =

= PostgreSQL =

