=== Found JODA query file, executing JODA queries ===
= File:'Twitter.json' =
0.12.2: Pulling from nicotin/joda
Digest: sha256:f5e9052c3cc1af5f34dcaa9442d46f2baf40a6a1b6fc3a0d59558d49b5ec8fcf
Status: Image is up to date for nicotin/joda:0.12.2
7cff3a1939ddf0b432fda7d6cb219b0d15c4661294630e44a587c4f909c7dc6c
0
JODA: 117.116 s
joda-benchmark
=== Found MongoDB query file, executing MongoDB queries ===
= File:'Twitter.json' =
5.0.3-focal: Pulling from library/mongo
Digest: sha256:f7c401402aa3e689fc42c7109247ab2d5a3e3b4b8a3ace4c2bf7a5fc74ca4917
Status: Image is up to date for mongo:5.0.3-focal
cc869851769d8a6174e7ff10b07f54e254038482882442bfa690fed710456127
2021-10-23T16:58:05.403+0000	connected to: mongodb://localhost/
2021-10-23T16:58:08.404+0000	[........................] benchmark.Twitter	46.4MB/49.1GB (0.1%)
2021-10-23T16:58:11.404+0000	[........................] benchmark.Twitter	97.8MB/49.1GB (0.2%)
2021-10-23T16:58:14.404+0000	[........................] benchmark.Twitter	152MB/49.1GB (0.3%)
2021-10-23T16:58:17.404+0000	[........................] benchmark.Twitter	207MB/49.1GB (0.4%)
2021-10-23T16:58:20.404+0000	[........................] benchmark.Twitter	261MB/49.1GB (0.5%)
2021-10-23T16:58:23.404+0000	[........................] benchmark.Twitter	314MB/49.1GB (0.6%)
2021-10-23T16:58:26.404+0000	[........................] benchmark.Twitter	369MB/49.1GB (0.7%)
2021-10-23T16:58:29.404+0000	[........................] benchmark.Twitter	424MB/49.1GB (0.8%)
2021-10-23T16:58:32.404+0000	[........................] benchmark.Twitter	477MB/49.1GB (0.9%)
2021-10-23T16:58:35.404+0000	[........................] benchmark.Twitter	531MB/49.1GB (1.1%)
2021-10-23T16:58:38.404+0000	[........................] benchmark.Twitter	585MB/49.1GB (1.2%)
2021-10-23T16:58:41.404+0000	[........................] benchmark.Twitter	640MB/49.1GB (1.3%)
2021-10-23T16:58:44.404+0000	[........................] benchmark.Twitter	694MB/49.1GB (1.4%)
2021-10-23T16:58:47.404+0000	[........................] benchmark.Twitter	747MB/49.1GB (1.5%)
2021-10-23T16:58:50.404+0000	[........................] benchmark.Twitter	802MB/49.1GB (1.6%)
2021-10-23T16:58:53.405+0000	[........................] benchmark.Twitter	855MB/49.1GB (1.7%)
2021-10-23T16:58:56.404+0000	[........................] benchmark.Twitter	910MB/49.1GB (1.8%)
2021-10-23T16:58:59.404+0000	[........................] benchmark.Twitter	964MB/49.1GB (1.9%)
2021-10-23T16:59:02.404+0000	[........................] benchmark.Twitter	1017MB/49.1GB (2.0%)
2021-10-23T16:59:05.404+0000	[........................] benchmark.Twitter	1.05GB/49.1GB (2.1%)
2021-10-23T16:59:08.404+0000	[........................] benchmark.Twitter	1.10GB/49.1GB (2.2%)
2021-10-23T16:59:11.404+0000	[........................] benchmark.Twitter	1.15GB/49.1GB (2.3%)
2021-10-23T16:59:14.404+0000	[........................] benchmark.Twitter	1.21GB/49.1GB (2.5%)
2021-10-23T16:59:17.404+0000	[........................] benchmark.Twitter	1.26GB/49.1GB (2.6%)
2021-10-23T16:59:20.404+0000	[........................] benchmark.Twitter	1.31GB/49.1GB (2.7%)
2021-10-23T16:59:23.404+0000	[........................] benchmark.Twitter	1.36GB/49.1GB (2.8%)
2021-10-23T16:59:26.404+0000	[........................] benchmark.Twitter	1.41GB/49.1GB (2.9%)
2021-10-23T16:59:29.404+0000	[........................] benchmark.Twitter	1.47GB/49.1GB (3.0%)
2021-10-23T16:59:32.404+0000	[........................] benchmark.Twitter	1.52GB/49.1GB (3.1%)
2021-10-23T16:59:35.404+0000	[........................] benchmark.Twitter	1.57GB/49.1GB (3.2%)
2021-10-23T16:59:38.404+0000	[........................] benchmark.Twitter	1.62GB/49.1GB (3.3%)
2021-10-23T16:59:41.404+0000	[........................] benchmark.Twitter	1.67GB/49.1GB (3.4%)
2021-10-23T16:59:44.404+0000	[........................] benchmark.Twitter	1.73GB/49.1GB (3.5%)
2021-10-23T16:59:47.404+0000	[........................] benchmark.Twitter	1.78GB/49.1GB (3.6%)
2021-10-23T16:59:50.405+0000	[........................] benchmark.Twitter	1.83GB/49.1GB (3.7%)
2021-10-23T16:59:53.405+0000	[........................] benchmark.Twitter	1.89GB/49.1GB (3.8%)
2021-10-23T16:59:56.404+0000	[........................] benchmark.Twitter	1.94GB/49.1GB (3.9%)
2021-10-23T16:59:59.404+0000	[........................] benchmark.Twitter	1.99GB/49.1GB (4.1%)
2021-10-23T17:00:02.404+0000	[........................] benchmark.Twitter	2.04GB/49.1GB (4.1%)
2021-10-23T17:00:05.404+0000	[#.......................] benchmark.Twitter	2.08GB/49.1GB (4.2%)
2021-10-23T17:00:08.404+0000	[#.......................] benchmark.Twitter	2.12GB/49.1GB (4.3%)
2021-10-23T17:00:11.404+0000	[#.......................] benchmark.Twitter	2.17GB/49.1GB (4.4%)
2021-10-23T17:00:14.404+0000	[#.......................] benchmark.Twitter	2.21GB/49.1GB (4.5%)
2021-10-23T17:00:17.404+0000	[#.......................] benchmark.Twitter	2.26GB/49.1GB (4.6%)
2021-10-23T17:00:20.404+0000	[#.......................] benchmark.Twitter	2.30GB/49.1GB (4.7%)
2021-10-23T17:00:23.404+0000	[#.......................] benchmark.Twitter	2.35GB/49.1GB (4.8%)
2021-10-23T17:00:26.404+0000	[#.......................] benchmark.Twitter	2.40GB/49.1GB (4.9%)
2021-10-23T17:00:29.404+0000	[#.......................] benchmark.Twitter	2.45GB/49.1GB (5.0%)
2021-10-23T17:00:32.404+0000	[#.......................] benchmark.Twitter	2.51GB/49.1GB (5.1%)
2021-10-23T17:00:35.404+0000	[#.......................] benchmark.Twitter	2.56GB/49.1GB (5.2%)
2021-10-23T17:00:38.404+0000	[#.......................] benchmark.Twitter	2.61GB/49.1GB (5.3%)
2021-10-23T17:00:41.404+0000	[#.......................] benchmark.Twitter	2.66GB/49.1GB (5.4%)
2021-10-23T17:00:44.404+0000	[#.......................] benchmark.Twitter	2.72GB/49.1GB (5.5%)
2021-10-23T17:00:47.404+0000	[#.......................] benchmark.Twitter	2.77GB/49.1GB (5.6%)
2021-10-23T17:00:50.404+0000	[#.......................] benchmark.Twitter	2.82GB/49.1GB (5.7%)
2021-10-23T17:00:53.404+0000	[#.......................] benchmark.Twitter	2.87GB/49.1GB (5.8%)
2021-10-23T17:00:56.404+0000	[#.......................] benchmark.Twitter	2.92GB/49.1GB (6.0%)
2021-10-23T17:00:59.404+0000	[#.......................] benchmark.Twitter	2.98GB/49.1GB (6.1%)
2021-10-23T17:01:02.404+0000	[#.......................] benchmark.Twitter	3.03GB/49.1GB (6.2%)
2021-10-23T17:01:05.403+0000	[#.......................] benchmark.Twitter	3.08GB/49.1GB (6.3%)
2021-10-23T17:01:08.404+0000	[#.......................] benchmark.Twitter	3.13GB/49.1GB (6.4%)
2021-10-23T17:01:11.404+0000	[#.......................] benchmark.Twitter	3.19GB/49.1GB (6.5%)
2021-10-23T17:01:14.403+0000	[#.......................] benchmark.Twitter	3.24GB/49.1GB (6.6%)
2021-10-23T17:01:17.404+0000	[#.......................] benchmark.Twitter	3.30GB/49.1GB (6.7%)
2021-10-23T17:01:20.404+0000	[#.......................] benchmark.Twitter	3.35GB/49.1GB (6.8%)
2021-10-23T17:01:23.404+0000	[#.......................] benchmark.Twitter	3.40GB/49.1GB (6.9%)
2021-10-23T17:01:26.404+0000	[#.......................] benchmark.Twitter	3.45GB/49.1GB (7.0%)
2021-10-23T17:01:29.404+0000	[#.......................] benchmark.Twitter	3.51GB/49.1GB (7.1%)
2021-10-23T17:01:32.404+0000	[#.......................] benchmark.Twitter	3.56GB/49.1GB (7.2%)
2021-10-23T17:01:35.404+0000	[#.......................] benchmark.Twitter	3.61GB/49.1GB (7.3%)
2021-10-23T17:01:38.404+0000	[#.......................] benchmark.Twitter	3.66GB/49.1GB (7.5%)
2021-10-23T17:01:41.404+0000	[#.......................] benchmark.Twitter	3.72GB/49.1GB (7.6%)
2021-10-23T17:01:44.404+0000	[#.......................] benchmark.Twitter	3.77GB/49.1GB (7.7%)
2021-10-23T17:01:47.404+0000	[#.......................] benchmark.Twitter	3.82GB/49.1GB (7.8%)
2021-10-23T17:01:50.404+0000	[#.......................] benchmark.Twitter	3.87GB/49.1GB (7.9%)
2021-10-23T17:01:53.404+0000	[#.......................] benchmark.Twitter	3.93GB/49.1GB (8.0%)
2021-10-23T17:01:56.403+0000	[#.......................] benchmark.Twitter	3.98GB/49.1GB (8.1%)
2021-10-23T17:01:59.404+0000	[#.......................] benchmark.Twitter	4.03GB/49.1GB (8.2%)
2021-10-23T17:02:02.404+0000	[#.......................] benchmark.Twitter	4.09GB/49.1GB (8.3%)
2021-10-23T17:02:05.404+0000	[##......................] benchmark.Twitter	4.14GB/49.1GB (8.4%)
2021-10-23T17:02:08.404+0000	[##......................] benchmark.Twitter	4.19GB/49.1GB (8.5%)
2021-10-23T17:02:11.404+0000	[##......................] benchmark.Twitter	4.25GB/49.1GB (8.6%)
2021-10-23T17:02:14.403+0000	[##......................] benchmark.Twitter	4.30GB/49.1GB (8.8%)
2021-10-23T17:02:17.404+0000	[##......................] benchmark.Twitter	4.36GB/49.1GB (8.9%)
2021-10-23T17:02:20.404+0000	[##......................] benchmark.Twitter	4.41GB/49.1GB (9.0%)
2021-10-23T17:02:23.404+0000	[##......................] benchmark.Twitter	4.46GB/49.1GB (9.1%)
2021-10-23T17:02:26.404+0000	[##......................] benchmark.Twitter	4.51GB/49.1GB (9.2%)
2021-10-23T17:02:29.404+0000	[##......................] benchmark.Twitter	4.57GB/49.1GB (9.3%)
2021-10-23T17:02:32.404+0000	[##......................] benchmark.Twitter	4.62GB/49.1GB (9.4%)
2021-10-23T17:02:35.404+0000	[##......................] benchmark.Twitter	4.67GB/49.1GB (9.5%)
2021-10-23T17:02:38.404+0000	[##......................] benchmark.Twitter	4.72GB/49.1GB (9.6%)
2021-10-23T17:02:41.405+0000	[##......................] benchmark.Twitter	4.78GB/49.1GB (9.7%)
2021-10-23T17:02:44.404+0000	[##......................] benchmark.Twitter	4.83GB/49.1GB (9.8%)
2021-10-23T17:02:47.404+0000	[##......................] benchmark.Twitter	4.88GB/49.1GB (9.9%)
2021-10-23T17:02:50.405+0000	[##......................] benchmark.Twitter	4.93GB/49.1GB (10.0%)
2021-10-23T17:02:53.404+0000	[##......................] benchmark.Twitter	4.99GB/49.1GB (10.2%)
2021-10-23T17:02:56.404+0000	[##......................] benchmark.Twitter	5.04GB/49.1GB (10.3%)
2021-10-23T17:02:59.404+0000	[##......................] benchmark.Twitter	5.09GB/49.1GB (10.4%)
2021-10-23T17:03:02.404+0000	[##......................] benchmark.Twitter	5.14GB/49.1GB (10.5%)
2021-10-23T17:03:05.404+0000	[##......................] benchmark.Twitter	5.20GB/49.1GB (10.6%)
2021-10-23T17:03:08.404+0000	[##......................] benchmark.Twitter	5.25GB/49.1GB (10.7%)
2021-10-23T17:03:11.405+0000	[##......................] benchmark.Twitter	5.30GB/49.1GB (10.8%)
2021-10-23T17:03:14.404+0000	[##......................] benchmark.Twitter	5.34GB/49.1GB (10.9%)
2021-10-23T17:03:17.404+0000	[##......................] benchmark.Twitter	5.39GB/49.1GB (11.0%)
2021-10-23T17:03:20.404+0000	[##......................] benchmark.Twitter	5.44GB/49.1GB (11.1%)
2021-10-23T17:03:23.404+0000	[##......................] benchmark.Twitter	5.49GB/49.1GB (11.2%)
2021-10-23T17:03:26.404+0000	[##......................] benchmark.Twitter	5.53GB/49.1GB (11.3%)
2021-10-23T17:03:29.404+0000	[##......................] benchmark.Twitter	5.58GB/49.1GB (11.4%)
2021-10-23T17:03:32.404+0000	[##......................] benchmark.Twitter	5.62GB/49.1GB (11.4%)
2021-10-23T17:03:35.404+0000	[##......................] benchmark.Twitter	5.67GB/49.1GB (11.5%)
2021-10-23T17:03:38.404+0000	[##......................] benchmark.Twitter	5.71GB/49.1GB (11.6%)
2021-10-23T17:03:41.404+0000	[##......................] benchmark.Twitter	5.76GB/49.1GB (11.7%)
2021-10-23T17:03:44.404+0000	[##......................] benchmark.Twitter	5.80GB/49.1GB (11.8%)
2021-10-23T17:03:47.403+0000	[##......................] benchmark.Twitter	5.84GB/49.1GB (11.9%)
2021-10-23T17:03:50.403+0000	[##......................] benchmark.Twitter	5.89GB/49.1GB (12.0%)
2021-10-23T17:03:53.404+0000	[##......................] benchmark.Twitter	5.94GB/49.1GB (12.1%)
2021-10-23T17:03:56.404+0000	[##......................] benchmark.Twitter	5.98GB/49.1GB (12.2%)
2021-10-23T17:03:59.404+0000	[##......................] benchmark.Twitter	6.03GB/49.1GB (12.3%)
2021-10-23T17:04:02.404+0000	[##......................] benchmark.Twitter	6.08GB/49.1GB (12.4%)
2021-10-23T17:04:05.404+0000	[##......................] benchmark.Twitter	6.13GB/49.1GB (12.5%)
2021-10-23T17:04:08.404+0000	[###.....................] benchmark.Twitter	6.18GB/49.1GB (12.6%)
2021-10-23T17:04:11.404+0000	[###.....................] benchmark.Twitter	6.23GB/49.1GB (12.7%)
2021-10-23T17:04:14.404+0000	[###.....................] benchmark.Twitter	6.29GB/49.1GB (12.8%)
2021-10-23T17:04:17.404+0000	[###.....................] benchmark.Twitter	6.34GB/49.1GB (12.9%)
2021-10-23T17:04:20.404+0000	[###.....................] benchmark.Twitter	6.39GB/49.1GB (13.0%)
2021-10-23T17:04:23.404+0000	[###.....................] benchmark.Twitter	6.44GB/49.1GB (13.1%)
2021-10-23T17:04:26.404+0000	[###.....................] benchmark.Twitter	6.50GB/49.1GB (13.2%)
2021-10-23T17:04:29.404+0000	[###.....................] benchmark.Twitter	6.55GB/49.1GB (13.3%)
2021-10-23T17:04:32.404+0000	[###.....................] benchmark.Twitter	6.60GB/49.1GB (13.4%)
2021-10-23T17:04:35.404+0000	[###.....................] benchmark.Twitter	6.66GB/49.1GB (13.6%)
2021-10-23T17:04:38.404+0000	[###.....................] benchmark.Twitter	6.71GB/49.1GB (13.7%)
2021-10-23T17:04:41.404+0000	[###.....................] benchmark.Twitter	6.76GB/49.1GB (13.8%)
2021-10-23T17:04:44.404+0000	[###.....................] benchmark.Twitter	6.81GB/49.1GB (13.9%)
2021-10-23T17:04:47.404+0000	[###.....................] benchmark.Twitter	6.87GB/49.1GB (14.0%)
2021-10-23T17:04:50.404+0000	[###.....................] benchmark.Twitter	6.92GB/49.1GB (14.1%)
2021-10-23T17:04:53.404+0000	[###.....................] benchmark.Twitter	6.97GB/49.1GB (14.2%)
2021-10-23T17:04:56.404+0000	[###.....................] benchmark.Twitter	7.02GB/49.1GB (14.3%)
2021-10-23T17:04:59.404+0000	[###.....................] benchmark.Twitter	7.07GB/49.1GB (14.4%)
2021-10-23T17:05:02.404+0000	[###.....................] benchmark.Twitter	7.13GB/49.1GB (14.5%)
2021-10-23T17:05:05.404+0000	[###.....................] benchmark.Twitter	7.18GB/49.1GB (14.6%)
2021-10-23T17:05:08.404+0000	[###.....................] benchmark.Twitter	7.23GB/49.1GB (14.7%)
2021-10-23T17:05:11.405+0000	[###.....................] benchmark.Twitter	7.28GB/49.1GB (14.8%)
2021-10-23T17:05:14.404+0000	[###.....................] benchmark.Twitter	7.33GB/49.1GB (14.9%)
2021-10-23T17:05:17.404+0000	[###.....................] benchmark.Twitter	7.39GB/49.1GB (15.0%)
2021-10-23T17:05:20.405+0000	[###.....................] benchmark.Twitter	7.44GB/49.1GB (15.1%)
2021-10-23T17:05:23.404+0000	[###.....................] benchmark.Twitter	7.49GB/49.1GB (15.2%)
2021-10-23T17:05:26.404+0000	[###.....................] benchmark.Twitter	7.54GB/49.1GB (15.4%)
2021-10-23T17:05:29.403+0000	[###.....................] benchmark.Twitter	7.60GB/49.1GB (15.5%)
2021-10-23T17:05:32.404+0000	[###.....................] benchmark.Twitter	7.65GB/49.1GB (15.6%)
2021-10-23T17:05:35.404+0000	[###.....................] benchmark.Twitter	7.71GB/49.1GB (15.7%)
2021-10-23T17:05:38.404+0000	[###.....................] benchmark.Twitter	7.76GB/49.1GB (15.8%)
2021-10-23T17:05:41.404+0000	[###.....................] benchmark.Twitter	7.81GB/49.1GB (15.9%)
2021-10-23T17:05:44.404+0000	[###.....................] benchmark.Twitter	7.86GB/49.1GB (16.0%)
2021-10-23T17:05:47.404+0000	[###.....................] benchmark.Twitter	7.91GB/49.1GB (16.1%)
2021-10-23T17:05:50.404+0000	[###.....................] benchmark.Twitter	7.97GB/49.1GB (16.2%)
2021-10-23T17:05:53.404+0000	[###.....................] benchmark.Twitter	8.02GB/49.1GB (16.3%)
2021-10-23T17:05:56.404+0000	[###.....................] benchmark.Twitter	8.07GB/49.1GB (16.4%)
2021-10-23T17:05:59.404+0000	[###.....................] benchmark.Twitter	8.12GB/49.1GB (16.5%)
2021-10-23T17:06:02.404+0000	[###.....................] benchmark.Twitter	8.18GB/49.1GB (16.6%)
2021-10-23T17:06:05.404+0000	[####....................] benchmark.Twitter	8.23GB/49.1GB (16.7%)
2021-10-23T17:06:08.404+0000	[####....................] benchmark.Twitter	8.28GB/49.1GB (16.9%)
2021-10-23T17:06:11.403+0000	[####....................] benchmark.Twitter	8.33GB/49.1GB (17.0%)
2021-10-23T17:06:14.404+0000	[####....................] benchmark.Twitter	8.39GB/49.1GB (17.1%)
2021-10-23T17:06:17.404+0000	[####....................] benchmark.Twitter	8.44GB/49.1GB (17.2%)
2021-10-23T17:06:20.404+0000	[####....................] benchmark.Twitter	8.49GB/49.1GB (17.3%)
2021-10-23T17:06:23.404+0000	[####....................] benchmark.Twitter	8.55GB/49.1GB (17.4%)
2021-10-23T17:06:26.404+0000	[####....................] benchmark.Twitter	8.60GB/49.1GB (17.5%)
2021-10-23T17:06:29.404+0000	[####....................] benchmark.Twitter	8.65GB/49.1GB (17.6%)
2021-10-23T17:06:32.405+0000	[####....................] benchmark.Twitter	8.70GB/49.1GB (17.7%)
2021-10-23T17:06:35.404+0000	[####....................] benchmark.Twitter	8.76GB/49.1GB (17.8%)
2021-10-23T17:06:38.404+0000	[####....................] benchmark.Twitter	8.81GB/49.1GB (17.9%)
2021-10-23T17:06:41.404+0000	[####....................] benchmark.Twitter	8.86GB/49.1GB (18.0%)
2021-10-23T17:06:44.404+0000	[####....................] benchmark.Twitter	8.91GB/49.1GB (18.1%)
2021-10-23T17:06:47.405+0000	[####....................] benchmark.Twitter	8.95GB/49.1GB (18.2%)
2021-10-23T17:06:50.404+0000	[####....................] benchmark.Twitter	9.00GB/49.1GB (18.3%)
2021-10-23T17:06:53.404+0000	[####....................] benchmark.Twitter	9.04GB/49.1GB (18.4%)
2021-10-23T17:06:56.404+0000	[####....................] benchmark.Twitter	9.09GB/49.1GB (18.5%)
2021-10-23T17:06:59.404+0000	[####....................] benchmark.Twitter	9.13GB/49.1GB (18.6%)
2021-10-23T17:07:02.404+0000	[####....................] benchmark.Twitter	9.17GB/49.1GB (18.7%)
2021-10-23T17:07:05.404+0000	[####....................] benchmark.Twitter	9.22GB/49.1GB (18.8%)
2021-10-23T17:07:08.404+0000	[####....................] benchmark.Twitter	9.26GB/49.1GB (18.9%)
2021-10-23T17:07:11.404+0000	[####....................] benchmark.Twitter	9.31GB/49.1GB (18.9%)
2021-10-23T17:07:14.404+0000	[####....................] benchmark.Twitter	9.35GB/49.1GB (19.0%)
2021-10-23T17:07:17.404+0000	[####....................] benchmark.Twitter	9.40GB/49.1GB (19.1%)
2021-10-23T17:07:20.404+0000	[####....................] benchmark.Twitter	9.44GB/49.1GB (19.2%)
2021-10-23T17:07:23.404+0000	[####....................] benchmark.Twitter	9.48GB/49.1GB (19.3%)
2021-10-23T17:07:26.404+0000	[####....................] benchmark.Twitter	9.53GB/49.1GB (19.4%)
2021-10-23T17:07:29.404+0000	[####....................] benchmark.Twitter	9.58GB/49.1GB (19.5%)
2021-10-23T17:07:32.404+0000	[####....................] benchmark.Twitter	9.63GB/49.1GB (19.6%)
2021-10-23T17:07:35.407+0000	[####....................] benchmark.Twitter	9.68GB/49.1GB (19.7%)
2021-10-23T17:07:38.404+0000	[####....................] benchmark.Twitter	9.74GB/49.1GB (19.8%)
2021-10-23T17:07:41.404+0000	[####....................] benchmark.Twitter	9.79GB/49.1GB (19.9%)
2021-10-23T17:07:44.404+0000	[####....................] benchmark.Twitter	9.84GB/49.1GB (20.0%)
2021-10-23T17:07:47.404+0000	[####....................] benchmark.Twitter	9.90GB/49.1GB (20.1%)
2021-10-23T17:07:50.404+0000	[####....................] benchmark.Twitter	9.95GB/49.1GB (20.3%)
2021-10-23T17:07:53.404+0000	[####....................] benchmark.Twitter	10.0GB/49.1GB (20.4%)
2021-10-23T17:07:56.404+0000	[####....................] benchmark.Twitter	10.1GB/49.1GB (20.5%)
2021-10-23T17:07:59.407+0000	[####....................] benchmark.Twitter	10.1GB/49.1GB (20.6%)
2021-10-23T17:08:02.404+0000	[####....................] benchmark.Twitter	10.2GB/49.1GB (20.7%)
2021-10-23T17:08:05.404+0000	[####....................] benchmark.Twitter	10.2GB/49.1GB (20.8%)
2021-10-23T17:08:08.404+0000	[#####...................] benchmark.Twitter	10.3GB/49.1GB (20.9%)
2021-10-23T17:08:11.404+0000	[#####...................] benchmark.Twitter	10.3GB/49.1GB (21.0%)
2021-10-23T17:08:14.404+0000	[#####...................] benchmark.Twitter	10.4GB/49.1GB (21.1%)
2021-10-23T17:08:17.404+0000	[#####...................] benchmark.Twitter	10.4GB/49.1GB (21.2%)
2021-10-23T17:08:20.404+0000	[#####...................] benchmark.Twitter	10.5GB/49.1GB (21.3%)
2021-10-23T17:08:23.404+0000	[#####...................] benchmark.Twitter	10.5GB/49.1GB (21.4%)
2021-10-23T17:08:26.404+0000	[#####...................] benchmark.Twitter	10.6GB/49.1GB (21.5%)
2021-10-23T17:08:29.404+0000	[#####...................] benchmark.Twitter	10.6GB/49.1GB (21.7%)
2021-10-23T17:08:32.404+0000	[#####...................] benchmark.Twitter	10.7GB/49.1GB (21.8%)
2021-10-23T17:08:35.404+0000	[#####...................] benchmark.Twitter	10.8GB/49.1GB (21.9%)
2021-10-23T17:08:38.404+0000	[#####...................] benchmark.Twitter	10.8GB/49.1GB (22.0%)
2021-10-23T17:08:41.404+0000	[#####...................] benchmark.Twitter	10.9GB/49.1GB (22.1%)
2021-10-23T17:08:44.404+0000	[#####...................] benchmark.Twitter	10.9GB/49.1GB (22.2%)
2021-10-23T17:08:47.404+0000	[#####...................] benchmark.Twitter	11.0GB/49.1GB (22.3%)
2021-10-23T17:08:50.404+0000	[#####...................] benchmark.Twitter	11.0GB/49.1GB (22.4%)
2021-10-23T17:08:53.404+0000	[#####...................] benchmark.Twitter	11.1GB/49.1GB (22.5%)
2021-10-23T17:08:56.404+0000	[#####...................] benchmark.Twitter	11.1GB/49.1GB (22.6%)
2021-10-23T17:08:59.404+0000	[#####...................] benchmark.Twitter	11.2GB/49.1GB (22.8%)
2021-10-23T17:09:02.404+0000	[#####...................] benchmark.Twitter	11.2GB/49.1GB (22.9%)
2021-10-23T17:09:05.404+0000	[#####...................] benchmark.Twitter	11.3GB/49.1GB (23.0%)
2021-10-23T17:09:08.404+0000	[#####...................] benchmark.Twitter	11.3GB/49.1GB (23.1%)
2021-10-23T17:09:11.404+0000	[#####...................] benchmark.Twitter	11.4GB/49.1GB (23.2%)
2021-10-23T17:09:14.404+0000	[#####...................] benchmark.Twitter	11.4GB/49.1GB (23.3%)
2021-10-23T17:09:17.404+0000	[#####...................] benchmark.Twitter	11.5GB/49.1GB (23.4%)
2021-10-23T17:09:20.403+0000	[#####...................] benchmark.Twitter	11.6GB/49.1GB (23.5%)
2021-10-23T17:09:23.404+0000	[#####...................] benchmark.Twitter	11.6GB/49.1GB (23.6%)
2021-10-23T17:09:26.404+0000	[#####...................] benchmark.Twitter	11.7GB/49.1GB (23.7%)
2021-10-23T17:09:29.404+0000	[#####...................] benchmark.Twitter	11.7GB/49.1GB (23.8%)
2021-10-23T17:09:32.404+0000	[#####...................] benchmark.Twitter	11.8GB/49.1GB (23.9%)
2021-10-23T17:09:35.404+0000	[#####...................] benchmark.Twitter	11.8GB/49.1GB (24.1%)
2021-10-23T17:09:38.404+0000	[#####...................] benchmark.Twitter	11.9GB/49.1GB (24.2%)
2021-10-23T17:09:41.404+0000	[#####...................] benchmark.Twitter	11.9GB/49.1GB (24.3%)
2021-10-23T17:09:44.404+0000	[#####...................] benchmark.Twitter	12.0GB/49.1GB (24.4%)
2021-10-23T17:09:47.404+0000	[#####...................] benchmark.Twitter	12.0GB/49.1GB (24.5%)
2021-10-23T17:09:50.403+0000	[#####...................] benchmark.Twitter	12.1GB/49.1GB (24.6%)
2021-10-23T17:09:53.404+0000	[#####...................] benchmark.Twitter	12.1GB/49.1GB (24.7%)
2021-10-23T17:09:56.404+0000	[#####...................] benchmark.Twitter	12.2GB/49.1GB (24.7%)
2021-10-23T17:09:59.404+0000	[#####...................] benchmark.Twitter	12.2GB/49.1GB (24.8%)
2021-10-23T17:10:02.404+0000	[#####...................] benchmark.Twitter	12.2GB/49.1GB (24.9%)
2021-10-23T17:10:05.404+0000	[######..................] benchmark.Twitter	12.3GB/49.1GB (25.0%)
2021-10-23T17:10:08.405+0000	[######..................] benchmark.Twitter	12.3GB/49.1GB (25.1%)
2021-10-23T17:10:11.404+0000	[######..................] benchmark.Twitter	12.4GB/49.1GB (25.2%)
2021-10-23T17:10:14.404+0000	[######..................] benchmark.Twitter	12.4GB/49.1GB (25.3%)
2021-10-23T17:10:17.404+0000	[######..................] benchmark.Twitter	12.5GB/49.1GB (25.4%)
2021-10-23T17:10:20.404+0000	[######..................] benchmark.Twitter	12.5GB/49.1GB (25.5%)
2021-10-23T17:10:23.404+0000	[######..................] benchmark.Twitter	12.6GB/49.1GB (25.6%)
2021-10-23T17:10:26.404+0000	[######..................] benchmark.Twitter	12.6GB/49.1GB (25.7%)
2021-10-23T17:10:29.404+0000	[######..................] benchmark.Twitter	12.7GB/49.1GB (25.8%)
2021-10-23T17:10:32.404+0000	[######..................] benchmark.Twitter	12.7GB/49.1GB (25.9%)
2021-10-23T17:10:35.404+0000	[######..................] benchmark.Twitter	12.8GB/49.1GB (26.0%)
2021-10-23T17:10:38.404+0000	[######..................] benchmark.Twitter	12.8GB/49.1GB (26.1%)
2021-10-23T17:10:41.404+0000	[######..................] benchmark.Twitter	12.9GB/49.1GB (26.2%)
2021-10-23T17:10:44.404+0000	[######..................] benchmark.Twitter	12.9GB/49.1GB (26.3%)
2021-10-23T17:10:47.404+0000	[######..................] benchmark.Twitter	13.0GB/49.1GB (26.4%)
2021-10-23T17:10:50.404+0000	[######..................] benchmark.Twitter	13.0GB/49.1GB (26.5%)
2021-10-23T17:10:53.404+0000	[######..................] benchmark.Twitter	13.1GB/49.1GB (26.6%)
2021-10-23T17:10:56.404+0000	[######..................] benchmark.Twitter	13.1GB/49.1GB (26.7%)
2021-10-23T17:10:59.404+0000	[######..................] benchmark.Twitter	13.2GB/49.1GB (26.8%)
2021-10-23T17:11:02.404+0000	[######..................] benchmark.Twitter	13.2GB/49.1GB (27.0%)
2021-10-23T17:11:05.404+0000	[######..................] benchmark.Twitter	13.3GB/49.1GB (27.1%)
2021-10-23T17:11:08.405+0000	[######..................] benchmark.Twitter	13.3GB/49.1GB (27.2%)
2021-10-23T17:11:11.404+0000	[######..................] benchmark.Twitter	13.4GB/49.1GB (27.3%)
2021-10-23T17:11:14.404+0000	[######..................] benchmark.Twitter	13.5GB/49.1GB (27.4%)
2021-10-23T17:11:17.404+0000	[######..................] benchmark.Twitter	13.5GB/49.1GB (27.5%)
2021-10-23T17:11:20.404+0000	[######..................] benchmark.Twitter	13.6GB/49.1GB (27.6%)
2021-10-23T17:11:23.404+0000	[######..................] benchmark.Twitter	13.6GB/49.1GB (27.7%)
2021-10-23T17:11:26.404+0000	[######..................] benchmark.Twitter	13.7GB/49.1GB (27.8%)
2021-10-23T17:11:29.404+0000	[######..................] benchmark.Twitter	13.7GB/49.1GB (27.9%)
2021-10-23T17:11:32.405+0000	[######..................] benchmark.Twitter	13.8GB/49.1GB (28.0%)
2021-10-23T17:11:35.404+0000	[######..................] benchmark.Twitter	13.8GB/49.1GB (28.1%)
2021-10-23T17:11:38.404+0000	[######..................] benchmark.Twitter	13.9GB/49.1GB (28.3%)
2021-10-23T17:11:41.404+0000	[######..................] benchmark.Twitter	13.9GB/49.1GB (28.4%)
2021-10-23T17:11:44.404+0000	[######..................] benchmark.Twitter	14.0GB/49.1GB (28.5%)
2021-10-23T17:11:47.403+0000	[######..................] benchmark.Twitter	14.1GB/49.1GB (28.6%)
2021-10-23T17:11:50.404+0000	[######..................] benchmark.Twitter	14.1GB/49.1GB (28.7%)
2021-10-23T17:11:53.404+0000	[######..................] benchmark.Twitter	14.2GB/49.1GB (28.8%)
2021-10-23T17:11:56.403+0000	[######..................] benchmark.Twitter	14.2GB/49.1GB (28.9%)
2021-10-23T17:11:59.404+0000	[######..................] benchmark.Twitter	14.3GB/49.1GB (29.0%)
2021-10-23T17:12:02.404+0000	[######..................] benchmark.Twitter	14.3GB/49.1GB (29.1%)
2021-10-23T17:12:05.404+0000	[#######.................] benchmark.Twitter	14.4GB/49.1GB (29.2%)
2021-10-23T17:12:08.404+0000	[#######.................] benchmark.Twitter	14.4GB/49.1GB (29.3%)
2021-10-23T17:12:11.404+0000	[#######.................] benchmark.Twitter	14.5GB/49.1GB (29.5%)
2021-10-23T17:12:14.404+0000	[#######.................] benchmark.Twitter	14.5GB/49.1GB (29.6%)
2021-10-23T17:12:17.404+0000	[#######.................] benchmark.Twitter	14.6GB/49.1GB (29.7%)
2021-10-23T17:12:20.404+0000	[#######.................] benchmark.Twitter	14.6GB/49.1GB (29.8%)
2021-10-23T17:12:23.404+0000	[#######.................] benchmark.Twitter	14.7GB/49.1GB (29.9%)
2021-10-23T17:12:26.404+0000	[#######.................] benchmark.Twitter	14.7GB/49.1GB (30.0%)
2021-10-23T17:12:29.404+0000	[#######.................] benchmark.Twitter	14.8GB/49.1GB (30.1%)
2021-10-23T17:12:32.404+0000	[#######.................] benchmark.Twitter	14.8GB/49.1GB (30.2%)
2021-10-23T17:12:35.404+0000	[#######.................] benchmark.Twitter	14.9GB/49.1GB (30.3%)
2021-10-23T17:12:38.404+0000	[#######.................] benchmark.Twitter	14.9GB/49.1GB (30.4%)
2021-10-23T17:12:41.404+0000	[#######.................] benchmark.Twitter	15.0GB/49.1GB (30.5%)
2021-10-23T17:12:44.404+0000	[#######.................] benchmark.Twitter	15.1GB/49.1GB (30.6%)
2021-10-23T17:12:47.403+0000	[#######.................] benchmark.Twitter	15.1GB/49.1GB (30.7%)
2021-10-23T17:12:50.404+0000	[#######.................] benchmark.Twitter	15.1GB/49.1GB (30.8%)
2021-10-23T17:12:53.404+0000	[#######.................] benchmark.Twitter	15.2GB/49.1GB (30.9%)
2021-10-23T17:12:56.404+0000	[#######.................] benchmark.Twitter	15.2GB/49.1GB (31.0%)
2021-10-23T17:12:59.404+0000	[#######.................] benchmark.Twitter	15.3GB/49.1GB (31.1%)
2021-10-23T17:13:02.403+0000	[#######.................] benchmark.Twitter	15.3GB/49.1GB (31.2%)
2021-10-23T17:13:05.404+0000	[#######.................] benchmark.Twitter	15.4GB/49.1GB (31.3%)
2021-10-23T17:13:08.404+0000	[#######.................] benchmark.Twitter	15.4GB/49.1GB (31.4%)
2021-10-23T17:13:11.404+0000	[#######.................] benchmark.Twitter	15.5GB/49.1GB (31.5%)
2021-10-23T17:13:14.404+0000	[#######.................] benchmark.Twitter	15.5GB/49.1GB (31.6%)
2021-10-23T17:13:17.404+0000	[#######.................] benchmark.Twitter	15.6GB/49.1GB (31.7%)
2021-10-23T17:13:20.404+0000	[#######.................] benchmark.Twitter	15.6GB/49.1GB (31.8%)
2021-10-23T17:13:23.404+0000	[#######.................] benchmark.Twitter	15.7GB/49.1GB (31.9%)
2021-10-23T17:13:26.404+0000	[#######.................] benchmark.Twitter	15.7GB/49.1GB (32.0%)
2021-10-23T17:13:29.404+0000	[#######.................] benchmark.Twitter	15.8GB/49.1GB (32.1%)
2021-10-23T17:13:32.404+0000	[#######.................] benchmark.Twitter	15.8GB/49.1GB (32.2%)
2021-10-23T17:13:35.404+0000	[#######.................] benchmark.Twitter	15.9GB/49.1GB (32.3%)
2021-10-23T17:13:38.404+0000	[#######.................] benchmark.Twitter	15.9GB/49.1GB (32.4%)
2021-10-23T17:13:41.404+0000	[#######.................] benchmark.Twitter	16.0GB/49.1GB (32.5%)
2021-10-23T17:13:44.404+0000	[#######.................] benchmark.Twitter	16.0GB/49.1GB (32.6%)
2021-10-23T17:13:47.405+0000	[#######.................] benchmark.Twitter	16.1GB/49.1GB (32.7%)
2021-10-23T17:13:50.404+0000	[#######.................] benchmark.Twitter	16.1GB/49.1GB (32.8%)
2021-10-23T17:13:53.403+0000	[#######.................] benchmark.Twitter	16.2GB/49.1GB (33.0%)
2021-10-23T17:13:56.404+0000	[#######.................] benchmark.Twitter	16.2GB/49.1GB (33.1%)
2021-10-23T17:13:59.404+0000	[#######.................] benchmark.Twitter	16.3GB/49.1GB (33.2%)
2021-10-23T17:14:02.404+0000	[#######.................] benchmark.Twitter	16.4GB/49.1GB (33.3%)
2021-10-23T17:14:05.404+0000	[########................] benchmark.Twitter	16.4GB/49.1GB (33.4%)
2021-10-23T17:14:08.404+0000	[########................] benchmark.Twitter	16.5GB/49.1GB (33.5%)
2021-10-23T17:14:11.403+0000	[########................] benchmark.Twitter	16.5GB/49.1GB (33.6%)
2021-10-23T17:14:14.404+0000	[########................] benchmark.Twitter	16.6GB/49.1GB (33.7%)
2021-10-23T17:14:17.404+0000	[########................] benchmark.Twitter	16.6GB/49.1GB (33.8%)
2021-10-23T17:14:20.404+0000	[########................] benchmark.Twitter	16.7GB/49.1GB (33.9%)
2021-10-23T17:14:23.404+0000	[########................] benchmark.Twitter	16.7GB/49.1GB (34.0%)
2021-10-23T17:14:26.404+0000	[########................] benchmark.Twitter	16.8GB/49.1GB (34.1%)
2021-10-23T17:14:29.404+0000	[########................] benchmark.Twitter	16.8GB/49.1GB (34.3%)
2021-10-23T17:14:32.405+0000	[########................] benchmark.Twitter	16.9GB/49.1GB (34.4%)
2021-10-23T17:14:35.404+0000	[########................] benchmark.Twitter	16.9GB/49.1GB (34.5%)
2021-10-23T17:14:38.404+0000	[########................] benchmark.Twitter	17.0GB/49.1GB (34.6%)
2021-10-23T17:14:41.403+0000	[########................] benchmark.Twitter	17.0GB/49.1GB (34.7%)
2021-10-23T17:14:44.404+0000	[########................] benchmark.Twitter	17.1GB/49.1GB (34.8%)
2021-10-23T17:14:47.404+0000	[########................] benchmark.Twitter	17.1GB/49.1GB (34.9%)
2021-10-23T17:14:50.404+0000	[########................] benchmark.Twitter	17.2GB/49.1GB (35.0%)
2021-10-23T17:14:53.405+0000	[########................] benchmark.Twitter	17.2GB/49.1GB (35.1%)
2021-10-23T17:14:56.404+0000	[########................] benchmark.Twitter	17.3GB/49.1GB (35.2%)
2021-10-23T17:14:59.404+0000	[########................] benchmark.Twitter	17.4GB/49.1GB (35.3%)
2021-10-23T17:15:02.404+0000	[########................] benchmark.Twitter	17.4GB/49.1GB (35.4%)
2021-10-23T17:15:05.404+0000	[########................] benchmark.Twitter	17.5GB/49.1GB (35.6%)
2021-10-23T17:15:08.404+0000	[########................] benchmark.Twitter	17.5GB/49.1GB (35.7%)
2021-10-23T17:15:11.404+0000	[########................] benchmark.Twitter	17.6GB/49.1GB (35.8%)
2021-10-23T17:15:14.404+0000	[########................] benchmark.Twitter	17.6GB/49.1GB (35.9%)
2021-10-23T17:15:17.404+0000	[########................] benchmark.Twitter	17.7GB/49.1GB (36.0%)
2021-10-23T17:15:20.404+0000	[########................] benchmark.Twitter	17.7GB/49.1GB (36.1%)
2021-10-23T17:15:23.404+0000	[########................] benchmark.Twitter	17.8GB/49.1GB (36.2%)
2021-10-23T17:15:26.404+0000	[########................] benchmark.Twitter	17.8GB/49.1GB (36.3%)
2021-10-23T17:15:29.404+0000	[########................] benchmark.Twitter	17.9GB/49.1GB (36.4%)
2021-10-23T17:15:32.404+0000	[########................] benchmark.Twitter	17.9GB/49.1GB (36.5%)
2021-10-23T17:15:35.405+0000	[########................] benchmark.Twitter	18.0GB/49.1GB (36.6%)
2021-10-23T17:15:38.404+0000	[########................] benchmark.Twitter	18.0GB/49.1GB (36.7%)
2021-10-23T17:15:41.404+0000	[########................] benchmark.Twitter	18.1GB/49.1GB (36.8%)
2021-10-23T17:15:44.404+0000	[########................] benchmark.Twitter	18.1GB/49.1GB (36.9%)
2021-10-23T17:15:47.404+0000	[########................] benchmark.Twitter	18.2GB/49.1GB (37.0%)
2021-10-23T17:15:50.404+0000	[########................] benchmark.Twitter	18.2GB/49.1GB (37.1%)
2021-10-23T17:15:53.404+0000	[########................] benchmark.Twitter	18.2GB/49.1GB (37.1%)
2021-10-23T17:15:56.404+0000	[########................] benchmark.Twitter	18.3GB/49.1GB (37.2%)
2021-10-23T17:15:59.404+0000	[########................] benchmark.Twitter	18.3GB/49.1GB (37.3%)
2021-10-23T17:16:02.404+0000	[########................] benchmark.Twitter	18.4GB/49.1GB (37.4%)
2021-10-23T17:16:05.404+0000	[#########...............] benchmark.Twitter	18.4GB/49.1GB (37.5%)
2021-10-23T17:16:08.403+0000	[#########...............] benchmark.Twitter	18.5GB/49.1GB (37.6%)
2021-10-23T17:16:11.404+0000	[#########...............] benchmark.Twitter	18.5GB/49.1GB (37.7%)
2021-10-23T17:16:14.404+0000	[#########...............] benchmark.Twitter	18.6GB/49.1GB (37.8%)
2021-10-23T17:16:17.404+0000	[#########...............] benchmark.Twitter	18.6GB/49.1GB (37.9%)
2021-10-23T17:16:20.404+0000	[#########...............] benchmark.Twitter	18.7GB/49.1GB (38.1%)
2021-10-23T17:16:23.405+0000	[#########...............] benchmark.Twitter	18.8GB/49.1GB (38.2%)
2021-10-23T17:16:26.404+0000	[#########...............] benchmark.Twitter	18.8GB/49.1GB (38.3%)
2021-10-23T17:16:29.404+0000	[#########...............] benchmark.Twitter	18.9GB/49.1GB (38.4%)
2021-10-23T17:16:32.404+0000	[#########...............] benchmark.Twitter	18.9GB/49.1GB (38.5%)
2021-10-23T17:16:35.404+0000	[#########...............] benchmark.Twitter	18.9GB/49.1GB (38.6%)
2021-10-23T17:16:38.404+0000	[#########...............] benchmark.Twitter	19.0GB/49.1GB (38.7%)
2021-10-23T17:16:41.404+0000	[#########...............] benchmark.Twitter	19.1GB/49.1GB (38.8%)
2021-10-23T17:16:44.404+0000	[#########...............] benchmark.Twitter	19.1GB/49.1GB (38.9%)
2021-10-23T17:16:47.404+0000	[#########...............] benchmark.Twitter	19.2GB/49.1GB (39.0%)
2021-10-23T17:16:50.404+0000	[#########...............] benchmark.Twitter	19.2GB/49.1GB (39.1%)
2021-10-23T17:16:53.404+0000	[#########...............] benchmark.Twitter	19.3GB/49.1GB (39.2%)
2021-10-23T17:16:56.404+0000	[#########...............] benchmark.Twitter	19.3GB/49.1GB (39.3%)
2021-10-23T17:16:59.404+0000	[#########...............] benchmark.Twitter	19.4GB/49.1GB (39.4%)
2021-10-23T17:17:02.404+0000	[#########...............] benchmark.Twitter	19.4GB/49.1GB (39.5%)
2021-10-23T17:17:05.404+0000	[#########...............] benchmark.Twitter	19.5GB/49.1GB (39.6%)
2021-10-23T17:17:08.404+0000	[#########...............] benchmark.Twitter	19.5GB/49.1GB (39.8%)
2021-10-23T17:17:11.404+0000	[#########...............] benchmark.Twitter	19.6GB/49.1GB (39.9%)
2021-10-23T17:17:14.404+0000	[#########...............] benchmark.Twitter	19.6GB/49.1GB (40.0%)
2021-10-23T17:17:17.404+0000	[#########...............] benchmark.Twitter	19.7GB/49.1GB (40.1%)
2021-10-23T17:17:20.404+0000	[#########...............] benchmark.Twitter	19.7GB/49.1GB (40.2%)
2021-10-23T17:17:23.404+0000	[#########...............] benchmark.Twitter	19.8GB/49.1GB (40.3%)
2021-10-23T17:17:26.408+0000	[#########...............] benchmark.Twitter	19.8GB/49.1GB (40.4%)
2021-10-23T17:17:29.404+0000	[#########...............] benchmark.Twitter	19.9GB/49.1GB (40.5%)
2021-10-23T17:17:32.403+0000	[#########...............] benchmark.Twitter	19.9GB/49.1GB (40.6%)
2021-10-23T17:17:35.404+0000	[#########...............] benchmark.Twitter	20.0GB/49.1GB (40.7%)
2021-10-23T17:17:38.404+0000	[#########...............] benchmark.Twitter	20.1GB/49.1GB (40.8%)
2021-10-23T17:17:41.404+0000	[#########...............] benchmark.Twitter	20.1GB/49.1GB (40.9%)
2021-10-23T17:17:44.405+0000	[#########...............] benchmark.Twitter	20.1GB/49.1GB (41.0%)
2021-10-23T17:17:47.404+0000	[#########...............] benchmark.Twitter	20.2GB/49.1GB (41.1%)
2021-10-23T17:17:50.404+0000	[#########...............] benchmark.Twitter	20.2GB/49.1GB (41.2%)
2021-10-23T17:17:53.405+0000	[#########...............] benchmark.Twitter	20.3GB/49.1GB (41.2%)
2021-10-23T17:17:56.404+0000	[#########...............] benchmark.Twitter	20.3GB/49.1GB (41.3%)
2021-10-23T17:17:59.404+0000	[#########...............] benchmark.Twitter	20.4GB/49.1GB (41.4%)
2021-10-23T17:18:02.404+0000	[#########...............] benchmark.Twitter	20.4GB/49.1GB (41.5%)
2021-10-23T17:18:05.404+0000	[#########...............] benchmark.Twitter	20.4GB/49.1GB (41.6%)
2021-10-23T17:18:08.404+0000	[##########..............] benchmark.Twitter	20.5GB/49.1GB (41.7%)
2021-10-23T17:18:11.404+0000	[##########..............] benchmark.Twitter	20.6GB/49.1GB (41.8%)
2021-10-23T17:18:14.404+0000	[##########..............] benchmark.Twitter	20.6GB/49.1GB (41.9%)
2021-10-23T17:18:17.404+0000	[##########..............] benchmark.Twitter	20.6GB/49.1GB (42.0%)
2021-10-23T17:18:20.404+0000	[##########..............] benchmark.Twitter	20.7GB/49.1GB (42.1%)
2021-10-23T17:18:23.404+0000	[##########..............] benchmark.Twitter	20.8GB/49.1GB (42.2%)
2021-10-23T17:18:26.404+0000	[##########..............] benchmark.Twitter	20.8GB/49.1GB (42.4%)
2021-10-23T17:18:29.403+0000	[##########..............] benchmark.Twitter	20.9GB/49.1GB (42.5%)
2021-10-23T17:18:32.404+0000	[##########..............] benchmark.Twitter	20.9GB/49.1GB (42.6%)
2021-10-23T17:18:35.405+0000	[##########..............] benchmark.Twitter	21.0GB/49.1GB (42.7%)
2021-10-23T17:18:38.404+0000	[##########..............] benchmark.Twitter	21.0GB/49.1GB (42.8%)
2021-10-23T17:18:41.404+0000	[##########..............] benchmark.Twitter	21.1GB/49.1GB (42.9%)
2021-10-23T17:18:44.404+0000	[##########..............] benchmark.Twitter	21.1GB/49.1GB (43.0%)
2021-10-23T17:18:47.404+0000	[##########..............] benchmark.Twitter	21.2GB/49.1GB (43.1%)
2021-10-23T17:18:50.404+0000	[##########..............] benchmark.Twitter	21.2GB/49.1GB (43.2%)
2021-10-23T17:18:53.404+0000	[##########..............] benchmark.Twitter	21.3GB/49.1GB (43.3%)
2021-10-23T17:18:56.404+0000	[##########..............] benchmark.Twitter	21.3GB/49.1GB (43.4%)
2021-10-23T17:18:59.404+0000	[##########..............] benchmark.Twitter	21.4GB/49.1GB (43.5%)
2021-10-23T17:19:02.404+0000	[##########..............] benchmark.Twitter	21.4GB/49.1GB (43.6%)
2021-10-23T17:19:05.404+0000	[##########..............] benchmark.Twitter	21.5GB/49.1GB (43.8%)
2021-10-23T17:19:08.404+0000	[##########..............] benchmark.Twitter	21.6GB/49.1GB (43.9%)
2021-10-23T17:19:11.404+0000	[##########..............] benchmark.Twitter	21.6GB/49.1GB (44.0%)
2021-10-23T17:19:14.404+0000	[##########..............] benchmark.Twitter	21.7GB/49.1GB (44.1%)
2021-10-23T17:19:17.404+0000	[##########..............] benchmark.Twitter	21.7GB/49.1GB (44.2%)
2021-10-23T17:19:20.404+0000	[##########..............] benchmark.Twitter	21.8GB/49.1GB (44.3%)
2021-10-23T17:19:23.404+0000	[##########..............] benchmark.Twitter	21.8GB/49.1GB (44.4%)
2021-10-23T17:19:26.404+0000	[##########..............] benchmark.Twitter	21.9GB/49.1GB (44.5%)
2021-10-23T17:19:29.404+0000	[##########..............] benchmark.Twitter	21.9GB/49.1GB (44.6%)
2021-10-23T17:19:32.404+0000	[##########..............] benchmark.Twitter	22.0GB/49.1GB (44.7%)
2021-10-23T17:19:35.404+0000	[##########..............] benchmark.Twitter	22.0GB/49.1GB (44.8%)
2021-10-23T17:19:38.404+0000	[##########..............] benchmark.Twitter	22.1GB/49.1GB (44.9%)
2021-10-23T17:19:41.404+0000	[##########..............] benchmark.Twitter	22.1GB/49.1GB (45.1%)
2021-10-23T17:19:44.404+0000	[##########..............] benchmark.Twitter	22.2GB/49.1GB (45.2%)
2021-10-23T17:19:47.404+0000	[##########..............] benchmark.Twitter	22.2GB/49.1GB (45.3%)
2021-10-23T17:19:50.404+0000	[##########..............] benchmark.Twitter	22.3GB/49.1GB (45.4%)
2021-10-23T17:19:53.404+0000	[##########..............] benchmark.Twitter	22.4GB/49.1GB (45.5%)
2021-10-23T17:19:56.404+0000	[##########..............] benchmark.Twitter	22.4GB/49.1GB (45.6%)
2021-10-23T17:19:59.404+0000	[##########..............] benchmark.Twitter	22.4GB/49.1GB (45.7%)
2021-10-23T17:20:02.404+0000	[##########..............] benchmark.Twitter	22.5GB/49.1GB (45.8%)
2021-10-23T17:20:05.404+0000	[###########.............] benchmark.Twitter	22.6GB/49.1GB (45.9%)
2021-10-23T17:20:08.404+0000	[###########.............] benchmark.Twitter	22.6GB/49.1GB (46.0%)
2021-10-23T17:20:11.404+0000	[###########.............] benchmark.Twitter	22.7GB/49.1GB (46.1%)
2021-10-23T17:20:14.404+0000	[###########.............] benchmark.Twitter	22.7GB/49.1GB (46.2%)
2021-10-23T17:20:17.404+0000	[###########.............] benchmark.Twitter	22.8GB/49.1GB (46.3%)
2021-10-23T17:20:20.404+0000	[###########.............] benchmark.Twitter	22.8GB/49.1GB (46.5%)
2021-10-23T17:20:23.404+0000	[###########.............] benchmark.Twitter	22.9GB/49.1GB (46.6%)
2021-10-23T17:20:26.404+0000	[###########.............] benchmark.Twitter	22.9GB/49.1GB (46.7%)
2021-10-23T17:20:29.404+0000	[###########.............] benchmark.Twitter	23.0GB/49.1GB (46.8%)
2021-10-23T17:20:32.404+0000	[###########.............] benchmark.Twitter	23.0GB/49.1GB (46.9%)
2021-10-23T17:20:35.404+0000	[###########.............] benchmark.Twitter	23.1GB/49.1GB (47.0%)
2021-10-23T17:20:38.404+0000	[###########.............] benchmark.Twitter	23.1GB/49.1GB (47.1%)
2021-10-23T17:20:41.404+0000	[###########.............] benchmark.Twitter	23.2GB/49.1GB (47.2%)
2021-10-23T17:20:44.404+0000	[###########.............] benchmark.Twitter	23.2GB/49.1GB (47.3%)
2021-10-23T17:20:47.404+0000	[###########.............] benchmark.Twitter	23.3GB/49.1GB (47.4%)
2021-10-23T17:20:50.404+0000	[###########.............] benchmark.Twitter	23.4GB/49.1GB (47.5%)
2021-10-23T17:20:53.404+0000	[###########.............] benchmark.Twitter	23.4GB/49.1GB (47.6%)
2021-10-23T17:20:56.404+0000	[###########.............] benchmark.Twitter	23.4GB/49.1GB (47.7%)
2021-10-23T17:20:59.404+0000	[###########.............] benchmark.Twitter	23.5GB/49.1GB (47.8%)
2021-10-23T17:21:02.404+0000	[###########.............] benchmark.Twitter	23.6GB/49.1GB (48.0%)
2021-10-23T17:21:05.404+0000	[###########.............] benchmark.Twitter	23.6GB/49.1GB (48.1%)
2021-10-23T17:21:08.404+0000	[###########.............] benchmark.Twitter	23.7GB/49.1GB (48.2%)
2021-10-23T17:21:11.404+0000	[###########.............] benchmark.Twitter	23.7GB/49.1GB (48.3%)
2021-10-23T17:21:14.404+0000	[###########.............] benchmark.Twitter	23.8GB/49.1GB (48.4%)
2021-10-23T17:21:17.404+0000	[###########.............] benchmark.Twitter	23.8GB/49.1GB (48.5%)
2021-10-23T17:21:20.404+0000	[###########.............] benchmark.Twitter	23.9GB/49.1GB (48.6%)
2021-10-23T17:21:23.404+0000	[###########.............] benchmark.Twitter	23.9GB/49.1GB (48.7%)
2021-10-23T17:21:26.404+0000	[###########.............] benchmark.Twitter	23.9GB/49.1GB (48.8%)
2021-10-23T17:21:29.404+0000	[###########.............] benchmark.Twitter	24.0GB/49.1GB (48.8%)
2021-10-23T17:21:32.404+0000	[###########.............] benchmark.Twitter	24.0GB/49.1GB (48.9%)
2021-10-23T17:21:35.404+0000	[###########.............] benchmark.Twitter	24.1GB/49.1GB (49.0%)
2021-10-23T17:21:38.404+0000	[###########.............] benchmark.Twitter	24.1GB/49.1GB (49.1%)
2021-10-23T17:21:41.404+0000	[###########.............] benchmark.Twitter	24.2GB/49.1GB (49.2%)
2021-10-23T17:21:44.404+0000	[###########.............] benchmark.Twitter	24.2GB/49.1GB (49.3%)
2021-10-23T17:21:47.404+0000	[###########.............] benchmark.Twitter	24.3GB/49.1GB (49.4%)
2021-10-23T17:21:50.404+0000	[###########.............] benchmark.Twitter	24.3GB/49.1GB (49.5%)
2021-10-23T17:21:53.404+0000	[###########.............] benchmark.Twitter	24.4GB/49.1GB (49.6%)
2021-10-23T17:21:56.404+0000	[###########.............] benchmark.Twitter	24.4GB/49.1GB (49.7%)
2021-10-23T17:21:59.404+0000	[###########.............] benchmark.Twitter	24.4GB/49.1GB (49.8%)
2021-10-23T17:22:02.404+0000	[###########.............] benchmark.Twitter	24.5GB/49.1GB (49.9%)
2021-10-23T17:22:05.404+0000	[###########.............] benchmark.Twitter	24.5GB/49.1GB (50.0%)
2021-10-23T17:22:08.404+0000	[############............] benchmark.Twitter	24.6GB/49.1GB (50.1%)
2021-10-23T17:22:11.404+0000	[############............] benchmark.Twitter	24.6GB/49.1GB (50.2%)
2021-10-23T17:22:14.404+0000	[############............] benchmark.Twitter	24.7GB/49.1GB (50.3%)
2021-10-23T17:22:17.404+0000	[############............] benchmark.Twitter	24.8GB/49.1GB (50.4%)
2021-10-23T17:22:20.404+0000	[############............] benchmark.Twitter	24.8GB/49.1GB (50.5%)
2021-10-23T17:22:23.404+0000	[############............] benchmark.Twitter	24.9GB/49.1GB (50.6%)
2021-10-23T17:22:26.404+0000	[############............] benchmark.Twitter	24.9GB/49.1GB (50.7%)
2021-10-23T17:22:29.404+0000	[############............] benchmark.Twitter	25.0GB/49.1GB (50.8%)
2021-10-23T17:22:32.404+0000	[############............] benchmark.Twitter	25.0GB/49.1GB (50.9%)
2021-10-23T17:22:35.404+0000	[############............] benchmark.Twitter	25.1GB/49.1GB (51.0%)
2021-10-23T17:22:38.404+0000	[############............] benchmark.Twitter	25.1GB/49.1GB (51.1%)
2021-10-23T17:22:41.404+0000	[############............] benchmark.Twitter	25.2GB/49.1GB (51.3%)
2021-10-23T17:22:44.404+0000	[############............] benchmark.Twitter	25.2GB/49.1GB (51.4%)
2021-10-23T17:22:47.404+0000	[############............] benchmark.Twitter	25.3GB/49.1GB (51.5%)
2021-10-23T17:22:50.404+0000	[############............] benchmark.Twitter	25.3GB/49.1GB (51.6%)
2021-10-23T17:22:53.404+0000	[############............] benchmark.Twitter	25.4GB/49.1GB (51.7%)
2021-10-23T17:22:56.404+0000	[############............] benchmark.Twitter	25.4GB/49.1GB (51.8%)
2021-10-23T17:22:59.404+0000	[############............] benchmark.Twitter	25.5GB/49.1GB (51.9%)
2021-10-23T17:23:02.404+0000	[############............] benchmark.Twitter	25.6GB/49.1GB (52.0%)
2021-10-23T17:23:05.404+0000	[############............] benchmark.Twitter	25.6GB/49.1GB (52.1%)
2021-10-23T17:23:08.404+0000	[############............] benchmark.Twitter	25.7GB/49.1GB (52.2%)
2021-10-23T17:23:11.404+0000	[############............] benchmark.Twitter	25.7GB/49.1GB (52.3%)
2021-10-23T17:23:14.404+0000	[############............] benchmark.Twitter	25.8GB/49.1GB (52.5%)
2021-10-23T17:23:17.405+0000	[############............] benchmark.Twitter	25.8GB/49.1GB (52.6%)
2021-10-23T17:23:20.404+0000	[############............] benchmark.Twitter	25.9GB/49.1GB (52.7%)
2021-10-23T17:23:23.404+0000	[############............] benchmark.Twitter	25.9GB/49.1GB (52.8%)
2021-10-23T17:23:26.404+0000	[############............] benchmark.Twitter	26.0GB/49.1GB (52.9%)
2021-10-23T17:23:29.404+0000	[############............] benchmark.Twitter	26.0GB/49.1GB (53.0%)
2021-10-23T17:23:32.404+0000	[############............] benchmark.Twitter	26.1GB/49.1GB (53.1%)
2021-10-23T17:23:35.403+0000	[############............] benchmark.Twitter	26.1GB/49.1GB (53.2%)
2021-10-23T17:23:38.404+0000	[############............] benchmark.Twitter	26.2GB/49.1GB (53.3%)
2021-10-23T17:23:41.404+0000	[############............] benchmark.Twitter	26.3GB/49.1GB (53.4%)
2021-10-23T17:23:44.404+0000	[############............] benchmark.Twitter	26.3GB/49.1GB (53.5%)
2021-10-23T17:23:47.404+0000	[############............] benchmark.Twitter	26.4GB/49.1GB (53.7%)
2021-10-23T17:23:50.404+0000	[############............] benchmark.Twitter	26.4GB/49.1GB (53.8%)
2021-10-23T17:23:53.405+0000	[############............] benchmark.Twitter	26.5GB/49.1GB (53.9%)
2021-10-23T17:23:56.404+0000	[############............] benchmark.Twitter	26.5GB/49.1GB (54.0%)
2021-10-23T17:23:59.404+0000	[############............] benchmark.Twitter	26.6GB/49.1GB (54.1%)
2021-10-23T17:24:02.404+0000	[#############...........] benchmark.Twitter	26.6GB/49.1GB (54.2%)
2021-10-23T17:24:05.404+0000	[#############...........] benchmark.Twitter	26.7GB/49.1GB (54.3%)
2021-10-23T17:24:08.404+0000	[#############...........] benchmark.Twitter	26.7GB/49.1GB (54.4%)
2021-10-23T17:24:11.405+0000	[#############...........] benchmark.Twitter	26.8GB/49.1GB (54.5%)
2021-10-23T17:24:14.404+0000	[#############...........] benchmark.Twitter	26.8GB/49.1GB (54.6%)
2021-10-23T17:24:17.404+0000	[#############...........] benchmark.Twitter	26.9GB/49.1GB (54.7%)
2021-10-23T17:24:20.404+0000	[#############...........] benchmark.Twitter	26.9GB/49.1GB (54.9%)
2021-10-23T17:24:23.404+0000	[#############...........] benchmark.Twitter	27.0GB/49.1GB (55.0%)
2021-10-23T17:24:26.404+0000	[#############...........] benchmark.Twitter	27.1GB/49.1GB (55.1%)
2021-10-23T17:24:29.405+0000	[#############...........] benchmark.Twitter	27.1GB/49.1GB (55.2%)
2021-10-23T17:24:32.404+0000	[#############...........] benchmark.Twitter	27.2GB/49.1GB (55.3%)
2021-10-23T17:24:35.404+0000	[#############...........] benchmark.Twitter	27.2GB/49.1GB (55.4%)
2021-10-23T17:24:38.404+0000	[#############...........] benchmark.Twitter	27.3GB/49.1GB (55.5%)
2021-10-23T17:24:41.403+0000	[#############...........] benchmark.Twitter	27.3GB/49.1GB (55.6%)
2021-10-23T17:24:44.404+0000	[#############...........] benchmark.Twitter	27.4GB/49.1GB (55.7%)
2021-10-23T17:24:47.404+0000	[#############...........] benchmark.Twitter	27.4GB/49.1GB (55.9%)
2021-10-23T17:24:50.404+0000	[#############...........] benchmark.Twitter	27.5GB/49.1GB (56.0%)
2021-10-23T17:24:53.404+0000	[#############...........] benchmark.Twitter	27.6GB/49.1GB (56.1%)
2021-10-23T17:24:56.404+0000	[#############...........] benchmark.Twitter	27.6GB/49.1GB (56.2%)
2021-10-23T17:24:59.404+0000	[#############...........] benchmark.Twitter	27.7GB/49.1GB (56.3%)
2021-10-23T17:25:02.404+0000	[#############...........] benchmark.Twitter	27.7GB/49.1GB (56.4%)
2021-10-23T17:25:05.404+0000	[#############...........] benchmark.Twitter	27.8GB/49.1GB (56.5%)
2021-10-23T17:25:08.404+0000	[#############...........] benchmark.Twitter	27.8GB/49.1GB (56.6%)
2021-10-23T17:25:11.404+0000	[#############...........] benchmark.Twitter	27.9GB/49.1GB (56.7%)
2021-10-23T17:25:14.404+0000	[#############...........] benchmark.Twitter	27.9GB/49.1GB (56.9%)
2021-10-23T17:25:17.404+0000	[#############...........] benchmark.Twitter	28.0GB/49.1GB (57.0%)
2021-10-23T17:25:20.404+0000	[#############...........] benchmark.Twitter	28.0GB/49.1GB (57.1%)
2021-10-23T17:25:23.404+0000	[#############...........] benchmark.Twitter	28.1GB/49.1GB (57.2%)
2021-10-23T17:25:26.404+0000	[#############...........] benchmark.Twitter	28.1GB/49.1GB (57.3%)
2021-10-23T17:25:29.404+0000	[#############...........] benchmark.Twitter	28.2GB/49.1GB (57.4%)
2021-10-23T17:25:32.403+0000	[#############...........] benchmark.Twitter	28.2GB/49.1GB (57.4%)
2021-10-23T17:25:35.404+0000	[#############...........] benchmark.Twitter	28.3GB/49.1GB (57.5%)
2021-10-23T17:25:38.404+0000	[#############...........] benchmark.Twitter	28.3GB/49.1GB (57.6%)
2021-10-23T17:25:41.404+0000	[#############...........] benchmark.Twitter	28.4GB/49.1GB (57.7%)
2021-10-23T17:25:44.404+0000	[#############...........] benchmark.Twitter	28.4GB/49.1GB (57.8%)
2021-10-23T17:25:47.404+0000	[#############...........] benchmark.Twitter	28.4GB/49.1GB (57.9%)
2021-10-23T17:25:50.404+0000	[#############...........] benchmark.Twitter	28.5GB/49.1GB (58.0%)
2021-10-23T17:25:53.404+0000	[#############...........] benchmark.Twitter	28.5GB/49.1GB (58.1%)
2021-10-23T17:25:56.404+0000	[#############...........] benchmark.Twitter	28.6GB/49.1GB (58.2%)
2021-10-23T17:25:59.404+0000	[#############...........] benchmark.Twitter	28.6GB/49.1GB (58.3%)
2021-10-23T17:26:02.404+0000	[##############..........] benchmark.Twitter	28.7GB/49.1GB (58.3%)
2021-10-23T17:26:05.404+0000	[##############..........] benchmark.Twitter	28.7GB/49.1GB (58.4%)
2021-10-23T17:26:08.404+0000	[##############..........] benchmark.Twitter	28.8GB/49.1GB (58.5%)
2021-10-23T17:26:11.404+0000	[##############..........] benchmark.Twitter	28.8GB/49.1GB (58.6%)
2021-10-23T17:26:14.404+0000	[##############..........] benchmark.Twitter	28.9GB/49.1GB (58.7%)
2021-10-23T17:26:17.404+0000	[##############..........] benchmark.Twitter	28.9GB/49.1GB (58.8%)
2021-10-23T17:26:20.404+0000	[##############..........] benchmark.Twitter	29.0GB/49.1GB (59.0%)
2021-10-23T17:26:23.404+0000	[##############..........] benchmark.Twitter	29.0GB/49.1GB (59.1%)
2021-10-23T17:26:26.404+0000	[##############..........] benchmark.Twitter	29.1GB/49.1GB (59.2%)
2021-10-23T17:26:29.404+0000	[##############..........] benchmark.Twitter	29.1GB/49.1GB (59.3%)
2021-10-23T17:26:32.404+0000	[##############..........] benchmark.Twitter	29.2GB/49.1GB (59.4%)
2021-10-23T17:26:35.404+0000	[##############..........] benchmark.Twitter	29.2GB/49.1GB (59.5%)
2021-10-23T17:26:38.403+0000	[##############..........] benchmark.Twitter	29.3GB/49.1GB (59.6%)
2021-10-23T17:26:41.404+0000	[##############..........] benchmark.Twitter	29.4GB/49.1GB (59.7%)
2021-10-23T17:26:44.404+0000	[##############..........] benchmark.Twitter	29.4GB/49.1GB (59.8%)
2021-10-23T17:26:47.404+0000	[##############..........] benchmark.Twitter	29.4GB/49.1GB (59.9%)
2021-10-23T17:26:50.404+0000	[##############..........] benchmark.Twitter	29.5GB/49.1GB (60.0%)
2021-10-23T17:26:53.404+0000	[##############..........] benchmark.Twitter	29.6GB/49.1GB (60.2%)
2021-10-23T17:26:56.404+0000	[##############..........] benchmark.Twitter	29.6GB/49.1GB (60.3%)
2021-10-23T17:26:59.404+0000	[##############..........] benchmark.Twitter	29.7GB/49.1GB (60.4%)
2021-10-23T17:27:02.404+0000	[##############..........] benchmark.Twitter	29.7GB/49.1GB (60.5%)
2021-10-23T17:27:05.404+0000	[##############..........] benchmark.Twitter	29.8GB/49.1GB (60.6%)
2021-10-23T17:27:08.404+0000	[##############..........] benchmark.Twitter	29.8GB/49.1GB (60.7%)
2021-10-23T17:27:11.404+0000	[##############..........] benchmark.Twitter	29.9GB/49.1GB (60.8%)
2021-10-23T17:27:14.404+0000	[##############..........] benchmark.Twitter	29.9GB/49.1GB (60.9%)
2021-10-23T17:27:17.404+0000	[##############..........] benchmark.Twitter	30.0GB/49.1GB (61.0%)
2021-10-23T17:27:20.404+0000	[##############..........] benchmark.Twitter	30.0GB/49.1GB (61.1%)
2021-10-23T17:27:23.404+0000	[##############..........] benchmark.Twitter	30.1GB/49.1GB (61.2%)
2021-10-23T17:27:26.404+0000	[##############..........] benchmark.Twitter	30.1GB/49.1GB (61.3%)
2021-10-23T17:27:29.404+0000	[##############..........] benchmark.Twitter	30.2GB/49.1GB (61.4%)
2021-10-23T17:27:32.404+0000	[##############..........] benchmark.Twitter	30.2GB/49.1GB (61.6%)
2021-10-23T17:27:35.404+0000	[##############..........] benchmark.Twitter	30.3GB/49.1GB (61.7%)
2021-10-23T17:27:38.404+0000	[##############..........] benchmark.Twitter	30.3GB/49.1GB (61.7%)
2021-10-23T17:27:41.404+0000	[##############..........] benchmark.Twitter	30.4GB/49.1GB (61.8%)
2021-10-23T17:27:44.404+0000	[##############..........] benchmark.Twitter	30.4GB/49.1GB (61.9%)
2021-10-23T17:27:47.404+0000	[##############..........] benchmark.Twitter	30.5GB/49.1GB (62.0%)
2021-10-23T17:27:50.405+0000	[##############..........] benchmark.Twitter	30.5GB/49.1GB (62.1%)
2021-10-23T17:27:53.404+0000	[##############..........] benchmark.Twitter	30.5GB/49.1GB (62.2%)
2021-10-23T17:27:56.404+0000	[##############..........] benchmark.Twitter	30.6GB/49.1GB (62.3%)
2021-10-23T17:27:59.404+0000	[##############..........] benchmark.Twitter	30.6GB/49.1GB (62.4%)
2021-10-23T17:28:02.404+0000	[##############..........] benchmark.Twitter	30.7GB/49.1GB (62.5%)
2021-10-23T17:28:05.404+0000	[###############.........] benchmark.Twitter	30.7GB/49.1GB (62.6%)
2021-10-23T17:28:08.404+0000	[###############.........] benchmark.Twitter	30.8GB/49.1GB (62.7%)
2021-10-23T17:28:11.404+0000	[###############.........] benchmark.Twitter	30.9GB/49.1GB (62.8%)
2021-10-23T17:28:14.404+0000	[###############.........] benchmark.Twitter	30.9GB/49.1GB (62.9%)
2021-10-23T17:28:17.404+0000	[###############.........] benchmark.Twitter	30.9GB/49.1GB (63.0%)
2021-10-23T17:28:20.404+0000	[###############.........] benchmark.Twitter	31.0GB/49.1GB (63.1%)
2021-10-23T17:28:23.404+0000	[###############.........] benchmark.Twitter	31.1GB/49.1GB (63.2%)
2021-10-23T17:28:26.404+0000	[###############.........] benchmark.Twitter	31.1GB/49.1GB (63.3%)
2021-10-23T17:28:29.404+0000	[###############.........] benchmark.Twitter	31.2GB/49.1GB (63.4%)
2021-10-23T17:28:32.404+0000	[###############.........] benchmark.Twitter	31.2GB/49.1GB (63.5%)
2021-10-23T17:28:35.404+0000	[###############.........] benchmark.Twitter	31.3GB/49.1GB (63.6%)
2021-10-23T17:28:38.404+0000	[###############.........] benchmark.Twitter	31.3GB/49.1GB (63.8%)
2021-10-23T17:28:41.404+0000	[###############.........] benchmark.Twitter	31.4GB/49.1GB (63.9%)
2021-10-23T17:28:44.404+0000	[###############.........] benchmark.Twitter	31.4GB/49.1GB (64.0%)
2021-10-23T17:28:47.403+0000	[###############.........] benchmark.Twitter	31.5GB/49.1GB (64.1%)
2021-10-23T17:28:50.404+0000	[###############.........] benchmark.Twitter	31.5GB/49.1GB (64.2%)
2021-10-23T17:28:53.403+0000	[###############.........] benchmark.Twitter	31.6GB/49.1GB (64.3%)
2021-10-23T17:28:56.404+0000	[###############.........] benchmark.Twitter	31.6GB/49.1GB (64.4%)
2021-10-23T17:28:59.404+0000	[###############.........] benchmark.Twitter	31.7GB/49.1GB (64.5%)
2021-10-23T17:29:02.404+0000	[###############.........] benchmark.Twitter	31.8GB/49.1GB (64.6%)
2021-10-23T17:29:05.404+0000	[###############.........] benchmark.Twitter	31.8GB/49.1GB (64.7%)
2021-10-23T17:29:08.404+0000	[###############.........] benchmark.Twitter	31.9GB/49.1GB (64.8%)
2021-10-23T17:29:11.404+0000	[###############.........] benchmark.Twitter	31.9GB/49.1GB (64.9%)
2021-10-23T17:29:14.404+0000	[###############.........] benchmark.Twitter	32.0GB/49.1GB (65.1%)
2021-10-23T17:29:17.404+0000	[###############.........] benchmark.Twitter	32.0GB/49.1GB (65.2%)
2021-10-23T17:29:20.404+0000	[###############.........] benchmark.Twitter	32.1GB/49.1GB (65.3%)
2021-10-23T17:29:23.404+0000	[###############.........] benchmark.Twitter	32.1GB/49.1GB (65.4%)
2021-10-23T17:29:26.404+0000	[###############.........] benchmark.Twitter	32.2GB/49.1GB (65.5%)
2021-10-23T17:29:29.404+0000	[###############.........] benchmark.Twitter	32.2GB/49.1GB (65.6%)
2021-10-23T17:29:32.404+0000	[###############.........] benchmark.Twitter	32.3GB/49.1GB (65.7%)
2021-10-23T17:29:35.404+0000	[###############.........] benchmark.Twitter	32.3GB/49.1GB (65.8%)
2021-10-23T17:29:38.404+0000	[###############.........] benchmark.Twitter	32.4GB/49.1GB (65.9%)
2021-10-23T17:29:41.405+0000	[###############.........] benchmark.Twitter	32.4GB/49.1GB (66.0%)
2021-10-23T17:29:44.404+0000	[###############.........] benchmark.Twitter	32.5GB/49.1GB (66.1%)
2021-10-23T17:29:47.404+0000	[###############.........] benchmark.Twitter	32.5GB/49.1GB (66.2%)
2021-10-23T17:29:50.403+0000	[###############.........] benchmark.Twitter	32.6GB/49.1GB (66.4%)
2021-10-23T17:29:53.404+0000	[###############.........] benchmark.Twitter	32.7GB/49.1GB (66.5%)
2021-10-23T17:29:56.404+0000	[###############.........] benchmark.Twitter	32.7GB/49.1GB (66.6%)
2021-10-23T17:29:59.404+0000	[################........] benchmark.Twitter	32.8GB/49.1GB (66.7%)
2021-10-23T17:30:02.404+0000	[################........] benchmark.Twitter	32.8GB/49.1GB (66.8%)
2021-10-23T17:30:05.403+0000	[################........] benchmark.Twitter	32.9GB/49.1GB (66.9%)
2021-10-23T17:30:08.404+0000	[################........] benchmark.Twitter	32.9GB/49.1GB (67.0%)
2021-10-23T17:30:11.404+0000	[################........] benchmark.Twitter	33.0GB/49.1GB (67.1%)
2021-10-23T17:30:14.404+0000	[################........] benchmark.Twitter	33.0GB/49.1GB (67.2%)
2021-10-23T17:30:17.404+0000	[################........] benchmark.Twitter	33.1GB/49.1GB (67.3%)
2021-10-23T17:30:20.404+0000	[################........] benchmark.Twitter	33.1GB/49.1GB (67.4%)
2021-10-23T17:30:23.404+0000	[################........] benchmark.Twitter	33.2GB/49.1GB (67.5%)
2021-10-23T17:30:26.404+0000	[################........] benchmark.Twitter	33.2GB/49.1GB (67.6%)
2021-10-23T17:30:29.404+0000	[################........] benchmark.Twitter	33.3GB/49.1GB (67.7%)
2021-10-23T17:30:32.404+0000	[################........] benchmark.Twitter	33.3GB/49.1GB (67.8%)
2021-10-23T17:30:35.404+0000	[################........] benchmark.Twitter	33.4GB/49.1GB (67.9%)
2021-10-23T17:30:38.404+0000	[################........] benchmark.Twitter	33.4GB/49.1GB (68.0%)
2021-10-23T17:30:41.404+0000	[################........] benchmark.Twitter	33.5GB/49.1GB (68.1%)
2021-10-23T17:30:44.404+0000	[################........] benchmark.Twitter	33.5GB/49.1GB (68.2%)
2021-10-23T17:30:47.405+0000	[################........] benchmark.Twitter	33.5GB/49.1GB (68.3%)
2021-10-23T17:30:50.404+0000	[################........] benchmark.Twitter	33.6GB/49.1GB (68.4%)
2021-10-23T17:30:53.404+0000	[################........] benchmark.Twitter	33.6GB/49.1GB (68.5%)
2021-10-23T17:30:56.404+0000	[################........] benchmark.Twitter	33.7GB/49.1GB (68.6%)
2021-10-23T17:30:59.404+0000	[################........] benchmark.Twitter	33.8GB/49.1GB (68.7%)
2021-10-23T17:31:02.404+0000	[################........] benchmark.Twitter	33.8GB/49.1GB (68.8%)
2021-10-23T17:31:05.404+0000	[################........] benchmark.Twitter	33.9GB/49.1GB (68.9%)
2021-10-23T17:31:08.405+0000	[################........] benchmark.Twitter	33.9GB/49.1GB (69.0%)
2021-10-23T17:31:11.404+0000	[################........] benchmark.Twitter	34.0GB/49.1GB (69.1%)
2021-10-23T17:31:14.404+0000	[################........] benchmark.Twitter	34.0GB/49.1GB (69.2%)
2021-10-23T17:31:17.404+0000	[################........] benchmark.Twitter	34.1GB/49.1GB (69.3%)
2021-10-23T17:31:20.404+0000	[################........] benchmark.Twitter	34.1GB/49.1GB (69.4%)
2021-10-23T17:31:23.404+0000	[################........] benchmark.Twitter	34.2GB/49.1GB (69.6%)
2021-10-23T17:31:26.404+0000	[################........] benchmark.Twitter	34.2GB/49.1GB (69.7%)
2021-10-23T17:31:29.404+0000	[################........] benchmark.Twitter	34.3GB/49.1GB (69.8%)
2021-10-23T17:31:32.404+0000	[################........] benchmark.Twitter	34.3GB/49.1GB (69.9%)
2021-10-23T17:31:35.404+0000	[################........] benchmark.Twitter	34.4GB/49.1GB (70.0%)
2021-10-23T17:31:38.404+0000	[################........] benchmark.Twitter	34.4GB/49.1GB (70.1%)
2021-10-23T17:31:41.403+0000	[################........] benchmark.Twitter	34.5GB/49.1GB (70.2%)
2021-10-23T17:31:44.404+0000	[################........] benchmark.Twitter	34.5GB/49.1GB (70.3%)
2021-10-23T17:31:47.404+0000	[################........] benchmark.Twitter	34.6GB/49.1GB (70.4%)
2021-10-23T17:31:50.404+0000	[################........] benchmark.Twitter	34.6GB/49.1GB (70.5%)
2021-10-23T17:31:53.404+0000	[################........] benchmark.Twitter	34.7GB/49.1GB (70.6%)
2021-10-23T17:31:56.404+0000	[################........] benchmark.Twitter	34.8GB/49.1GB (70.7%)
2021-10-23T17:31:59.404+0000	[#################.......] benchmark.Twitter	34.8GB/49.1GB (70.8%)
2021-10-23T17:32:02.404+0000	[#################.......] benchmark.Twitter	34.9GB/49.1GB (71.0%)
2021-10-23T17:32:05.404+0000	[#################.......] benchmark.Twitter	34.9GB/49.1GB (71.1%)
2021-10-23T17:32:08.404+0000	[#################.......] benchmark.Twitter	35.0GB/49.1GB (71.2%)
2021-10-23T17:32:11.404+0000	[#################.......] benchmark.Twitter	35.0GB/49.1GB (71.3%)
2021-10-23T17:32:14.407+0000	[#################.......] benchmark.Twitter	35.1GB/49.1GB (71.4%)
2021-10-23T17:32:17.404+0000	[#################.......] benchmark.Twitter	35.1GB/49.1GB (71.5%)
2021-10-23T17:32:20.404+0000	[#################.......] benchmark.Twitter	35.2GB/49.1GB (71.6%)
2021-10-23T17:32:23.404+0000	[#################.......] benchmark.Twitter	35.2GB/49.1GB (71.7%)
2021-10-23T17:32:26.404+0000	[#################.......] benchmark.Twitter	35.3GB/49.1GB (71.8%)
2021-10-23T17:32:29.404+0000	[#################.......] benchmark.Twitter	35.3GB/49.1GB (71.9%)
2021-10-23T17:32:32.404+0000	[#################.......] benchmark.Twitter	35.4GB/49.1GB (72.0%)
2021-10-23T17:32:35.404+0000	[#################.......] benchmark.Twitter	35.4GB/49.1GB (72.1%)
2021-10-23T17:32:38.404+0000	[#################.......] benchmark.Twitter	35.5GB/49.1GB (72.2%)
2021-10-23T17:32:41.404+0000	[#################.......] benchmark.Twitter	35.5GB/49.1GB (72.3%)
2021-10-23T17:32:44.404+0000	[#################.......] benchmark.Twitter	35.6GB/49.1GB (72.4%)
2021-10-23T17:32:47.404+0000	[#################.......] benchmark.Twitter	35.6GB/49.1GB (72.6%)
2021-10-23T17:32:50.404+0000	[#################.......] benchmark.Twitter	35.7GB/49.1GB (72.7%)
2021-10-23T17:32:53.404+0000	[#################.......] benchmark.Twitter	35.8GB/49.1GB (72.8%)
2021-10-23T17:32:56.404+0000	[#################.......] benchmark.Twitter	35.8GB/49.1GB (72.9%)
2021-10-23T17:32:59.404+0000	[#################.......] benchmark.Twitter	35.9GB/49.1GB (73.0%)
2021-10-23T17:33:02.404+0000	[#################.......] benchmark.Twitter	35.9GB/49.1GB (73.1%)
2021-10-23T17:33:05.404+0000	[#################.......] benchmark.Twitter	36.0GB/49.1GB (73.2%)
2021-10-23T17:33:08.404+0000	[#################.......] benchmark.Twitter	36.0GB/49.1GB (73.3%)
2021-10-23T17:33:11.404+0000	[#################.......] benchmark.Twitter	36.1GB/49.1GB (73.4%)
2021-10-23T17:33:14.404+0000	[#################.......] benchmark.Twitter	36.1GB/49.1GB (73.5%)
2021-10-23T17:33:17.404+0000	[#################.......] benchmark.Twitter	36.2GB/49.1GB (73.6%)
2021-10-23T17:33:20.404+0000	[#################.......] benchmark.Twitter	36.2GB/49.1GB (73.7%)
2021-10-23T17:33:23.403+0000	[#################.......] benchmark.Twitter	36.3GB/49.1GB (73.8%)
2021-10-23T17:33:26.404+0000	[#################.......] benchmark.Twitter	36.3GB/49.1GB (73.9%)
2021-10-23T17:33:29.404+0000	[#################.......] benchmark.Twitter	36.4GB/49.1GB (74.0%)
2021-10-23T17:33:32.404+0000	[#################.......] benchmark.Twitter	36.4GB/49.1GB (74.1%)
2021-10-23T17:33:35.404+0000	[#################.......] benchmark.Twitter	36.5GB/49.1GB (74.2%)
2021-10-23T17:33:38.404+0000	[#################.......] benchmark.Twitter	36.5GB/49.1GB (74.3%)
2021-10-23T17:33:41.404+0000	[#################.......] benchmark.Twitter	36.6GB/49.1GB (74.4%)
2021-10-23T17:33:44.404+0000	[#################.......] benchmark.Twitter	36.6GB/49.1GB (74.5%)
2021-10-23T17:33:47.404+0000	[#################.......] benchmark.Twitter	36.7GB/49.1GB (74.7%)
2021-10-23T17:33:50.404+0000	[#################.......] benchmark.Twitter	36.7GB/49.1GB (74.8%)
2021-10-23T17:33:53.404+0000	[#################.......] benchmark.Twitter	36.8GB/49.1GB (74.9%)
2021-10-23T17:33:56.404+0000	[#################.......] benchmark.Twitter	36.8GB/49.1GB (75.0%)
2021-10-23T17:33:59.404+0000	[##################......] benchmark.Twitter	36.9GB/49.1GB (75.1%)
2021-10-23T17:34:02.405+0000	[##################......] benchmark.Twitter	36.9GB/49.1GB (75.2%)
2021-10-23T17:34:05.404+0000	[##################......] benchmark.Twitter	37.0GB/49.1GB (75.3%)
2021-10-23T17:34:08.404+0000	[##################......] benchmark.Twitter	37.0GB/49.1GB (75.4%)
2021-10-23T17:34:11.404+0000	[##################......] benchmark.Twitter	37.1GB/49.1GB (75.5%)
2021-10-23T17:34:14.407+0000	[##################......] benchmark.Twitter	37.1GB/49.1GB (75.6%)
2021-10-23T17:34:17.404+0000	[##################......] benchmark.Twitter	37.2GB/49.1GB (75.7%)
2021-10-23T17:34:20.404+0000	[##################......] benchmark.Twitter	37.2GB/49.1GB (75.8%)
2021-10-23T17:34:23.404+0000	[##################......] benchmark.Twitter	37.3GB/49.1GB (75.9%)
2021-10-23T17:34:26.404+0000	[##################......] benchmark.Twitter	37.4GB/49.1GB (76.0%)
2021-10-23T17:34:29.404+0000	[##################......] benchmark.Twitter	37.4GB/49.1GB (76.1%)
2021-10-23T17:34:32.404+0000	[##################......] benchmark.Twitter	37.5GB/49.1GB (76.2%)
2021-10-23T17:34:35.404+0000	[##################......] benchmark.Twitter	37.5GB/49.1GB (76.3%)
2021-10-23T17:34:38.404+0000	[##################......] benchmark.Twitter	37.6GB/49.1GB (76.4%)
2021-10-23T17:34:41.404+0000	[##################......] benchmark.Twitter	37.6GB/49.1GB (76.5%)
2021-10-23T17:34:44.404+0000	[##################......] benchmark.Twitter	37.6GB/49.1GB (76.6%)
2021-10-23T17:34:47.404+0000	[##################......] benchmark.Twitter	37.7GB/49.1GB (76.7%)
2021-10-23T17:34:50.404+0000	[##################......] benchmark.Twitter	37.7GB/49.1GB (76.8%)
2021-10-23T17:34:53.404+0000	[##################......] benchmark.Twitter	37.8GB/49.1GB (76.9%)
2021-10-23T17:34:56.404+0000	[##################......] benchmark.Twitter	37.8GB/49.1GB (77.0%)
2021-10-23T17:34:59.404+0000	[##################......] benchmark.Twitter	37.9GB/49.1GB (77.1%)
2021-10-23T17:35:02.404+0000	[##################......] benchmark.Twitter	37.9GB/49.1GB (77.2%)
2021-10-23T17:35:05.404+0000	[##################......] benchmark.Twitter	38.0GB/49.1GB (77.3%)
2021-10-23T17:35:08.404+0000	[##################......] benchmark.Twitter	38.0GB/49.1GB (77.4%)
2021-10-23T17:35:11.404+0000	[##################......] benchmark.Twitter	38.1GB/49.1GB (77.5%)
2021-10-23T17:35:14.404+0000	[##################......] benchmark.Twitter	38.1GB/49.1GB (77.6%)
2021-10-23T17:35:17.404+0000	[##################......] benchmark.Twitter	38.2GB/49.1GB (77.7%)
2021-10-23T17:35:20.404+0000	[##################......] benchmark.Twitter	38.2GB/49.1GB (77.8%)
2021-10-23T17:35:23.404+0000	[##################......] benchmark.Twitter	38.3GB/49.1GB (77.9%)
2021-10-23T17:35:26.404+0000	[##################......] benchmark.Twitter	38.3GB/49.1GB (78.0%)
2021-10-23T17:35:29.404+0000	[##################......] benchmark.Twitter	38.4GB/49.1GB (78.1%)
2021-10-23T17:35:32.404+0000	[##################......] benchmark.Twitter	38.4GB/49.1GB (78.2%)
2021-10-23T17:35:35.404+0000	[##################......] benchmark.Twitter	38.5GB/49.1GB (78.4%)
2021-10-23T17:35:38.404+0000	[##################......] benchmark.Twitter	38.5GB/49.1GB (78.5%)
2021-10-23T17:35:41.404+0000	[##################......] benchmark.Twitter	38.6GB/49.1GB (78.6%)
2021-10-23T17:35:44.404+0000	[##################......] benchmark.Twitter	38.6GB/49.1GB (78.7%)
2021-10-23T17:35:47.404+0000	[##################......] benchmark.Twitter	38.7GB/49.1GB (78.8%)
2021-10-23T17:35:50.404+0000	[##################......] benchmark.Twitter	38.8GB/49.1GB (78.9%)
2021-10-23T17:35:53.404+0000	[##################......] benchmark.Twitter	38.8GB/49.1GB (79.0%)
2021-10-23T17:35:56.404+0000	[##################......] benchmark.Twitter	38.9GB/49.1GB (79.1%)
2021-10-23T17:35:59.404+0000	[###################.....] benchmark.Twitter	38.9GB/49.1GB (79.2%)
2021-10-23T17:36:02.404+0000	[###################.....] benchmark.Twitter	39.0GB/49.1GB (79.3%)
2021-10-23T17:36:05.405+0000	[###################.....] benchmark.Twitter	39.0GB/49.1GB (79.4%)
2021-10-23T17:36:08.403+0000	[###################.....] benchmark.Twitter	39.1GB/49.1GB (79.5%)
2021-10-23T17:36:11.404+0000	[###################.....] benchmark.Twitter	39.1GB/49.1GB (79.6%)
2021-10-23T17:36:14.403+0000	[###################.....] benchmark.Twitter	39.2GB/49.1GB (79.8%)
2021-10-23T17:36:17.404+0000	[###################.....] benchmark.Twitter	39.2GB/49.1GB (79.9%)
2021-10-23T17:36:20.404+0000	[###################.....] benchmark.Twitter	39.3GB/49.1GB (80.0%)
2021-10-23T17:36:23.405+0000	[###################.....] benchmark.Twitter	39.3GB/49.1GB (80.1%)
2021-10-23T17:36:26.404+0000	[###################.....] benchmark.Twitter	39.4GB/49.1GB (80.2%)
2021-10-23T17:36:29.404+0000	[###################.....] benchmark.Twitter	39.4GB/49.1GB (80.3%)
2021-10-23T17:36:32.404+0000	[###################.....] benchmark.Twitter	39.5GB/49.1GB (80.4%)
2021-10-23T17:36:35.404+0000	[###################.....] benchmark.Twitter	39.5GB/49.1GB (80.5%)
2021-10-23T17:36:38.404+0000	[###################.....] benchmark.Twitter	39.6GB/49.1GB (80.6%)
2021-10-23T17:36:41.403+0000	[###################.....] benchmark.Twitter	39.6GB/49.1GB (80.7%)
2021-10-23T17:36:44.404+0000	[###################.....] benchmark.Twitter	39.7GB/49.1GB (80.8%)
2021-10-23T17:36:47.404+0000	[###################.....] benchmark.Twitter	39.8GB/49.1GB (80.9%)
2021-10-23T17:36:50.404+0000	[###################.....] benchmark.Twitter	39.8GB/49.1GB (81.0%)
2021-10-23T17:36:53.404+0000	[###################.....] benchmark.Twitter	39.9GB/49.1GB (81.1%)
2021-10-23T17:36:56.404+0000	[###################.....] benchmark.Twitter	39.9GB/49.1GB (81.2%)
2021-10-23T17:36:59.403+0000	[###################.....] benchmark.Twitter	40.0GB/49.1GB (81.3%)
2021-10-23T17:37:02.404+0000	[###################.....] benchmark.Twitter	40.0GB/49.1GB (81.4%)
2021-10-23T17:37:05.404+0000	[###################.....] benchmark.Twitter	40.1GB/49.1GB (81.5%)
2021-10-23T17:37:08.404+0000	[###################.....] benchmark.Twitter	40.1GB/49.1GB (81.7%)
2021-10-23T17:37:11.404+0000	[###################.....] benchmark.Twitter	40.2GB/49.1GB (81.8%)
2021-10-23T17:37:14.405+0000	[###################.....] benchmark.Twitter	40.2GB/49.1GB (81.9%)
2021-10-23T17:37:17.404+0000	[###################.....] benchmark.Twitter	40.3GB/49.1GB (82.0%)
2021-10-23T17:37:20.404+0000	[###################.....] benchmark.Twitter	40.3GB/49.1GB (82.1%)
2021-10-23T17:37:23.404+0000	[###################.....] benchmark.Twitter	40.4GB/49.1GB (82.2%)
2021-10-23T17:37:26.404+0000	[###################.....] benchmark.Twitter	40.4GB/49.1GB (82.3%)
2021-10-23T17:37:29.404+0000	[###################.....] benchmark.Twitter	40.5GB/49.1GB (82.4%)
2021-10-23T17:37:32.404+0000	[###################.....] benchmark.Twitter	40.5GB/49.1GB (82.5%)
2021-10-23T17:37:35.404+0000	[###################.....] benchmark.Twitter	40.6GB/49.1GB (82.6%)
2021-10-23T17:37:38.404+0000	[###################.....] benchmark.Twitter	40.6GB/49.1GB (82.7%)
2021-10-23T17:37:41.404+0000	[###################.....] benchmark.Twitter	40.7GB/49.1GB (82.8%)
2021-10-23T17:37:44.403+0000	[###################.....] benchmark.Twitter	40.7GB/49.1GB (82.9%)
2021-10-23T17:37:47.404+0000	[###################.....] benchmark.Twitter	40.8GB/49.1GB (83.0%)
2021-10-23T17:37:50.404+0000	[###################.....] benchmark.Twitter	40.8GB/49.1GB (83.1%)
2021-10-23T17:37:53.404+0000	[###################.....] benchmark.Twitter	40.9GB/49.1GB (83.2%)
2021-10-23T17:37:56.404+0000	[####################....] benchmark.Twitter	41.0GB/49.1GB (83.3%)
2021-10-23T17:37:59.404+0000	[####################....] benchmark.Twitter	41.0GB/49.1GB (83.4%)
2021-10-23T17:38:02.404+0000	[####################....] benchmark.Twitter	41.0GB/49.1GB (83.6%)
2021-10-23T17:38:05.404+0000	[####################....] benchmark.Twitter	41.1GB/49.1GB (83.7%)
2021-10-23T17:38:08.404+0000	[####################....] benchmark.Twitter	41.2GB/49.1GB (83.8%)
2021-10-23T17:38:11.405+0000	[####################....] benchmark.Twitter	41.2GB/49.1GB (83.9%)
2021-10-23T17:38:14.404+0000	[####################....] benchmark.Twitter	41.3GB/49.1GB (84.0%)
2021-10-23T17:38:17.404+0000	[####################....] benchmark.Twitter	41.3GB/49.1GB (84.1%)
2021-10-23T17:38:20.404+0000	[####################....] benchmark.Twitter	41.4GB/49.1GB (84.2%)
2021-10-23T17:38:23.405+0000	[####################....] benchmark.Twitter	41.4GB/49.1GB (84.3%)
2021-10-23T17:38:26.404+0000	[####################....] benchmark.Twitter	41.5GB/49.1GB (84.4%)
2021-10-23T17:38:29.404+0000	[####################....] benchmark.Twitter	41.5GB/49.1GB (84.5%)
2021-10-23T17:38:32.404+0000	[####################....] benchmark.Twitter	41.6GB/49.1GB (84.6%)
2021-10-23T17:38:35.404+0000	[####################....] benchmark.Twitter	41.6GB/49.1GB (84.7%)
2021-10-23T17:38:38.404+0000	[####################....] benchmark.Twitter	41.6GB/49.1GB (84.8%)
2021-10-23T17:38:41.404+0000	[####################....] benchmark.Twitter	41.7GB/49.1GB (84.9%)
2021-10-23T17:38:44.404+0000	[####################....] benchmark.Twitter	41.8GB/49.1GB (85.0%)
2021-10-23T17:38:47.404+0000	[####################....] benchmark.Twitter	41.8GB/49.1GB (85.1%)
2021-10-23T17:38:50.405+0000	[####################....] benchmark.Twitter	41.8GB/49.1GB (85.2%)
2021-10-23T17:38:53.404+0000	[####################....] benchmark.Twitter	41.9GB/49.1GB (85.3%)
2021-10-23T17:38:56.403+0000	[####################....] benchmark.Twitter	41.9GB/49.1GB (85.4%)
2021-10-23T17:38:59.404+0000	[####################....] benchmark.Twitter	42.0GB/49.1GB (85.5%)
2021-10-23T17:39:02.404+0000	[####################....] benchmark.Twitter	42.0GB/49.1GB (85.6%)
2021-10-23T17:39:05.404+0000	[####################....] benchmark.Twitter	42.1GB/49.1GB (85.7%)
2021-10-23T17:39:08.404+0000	[####################....] benchmark.Twitter	42.2GB/49.1GB (85.8%)
2021-10-23T17:39:11.404+0000	[####################....] benchmark.Twitter	42.2GB/49.1GB (85.9%)
2021-10-23T17:39:14.404+0000	[####################....] benchmark.Twitter	42.3GB/49.1GB (86.0%)
2021-10-23T17:39:17.404+0000	[####################....] benchmark.Twitter	42.3GB/49.1GB (86.1%)
2021-10-23T17:39:20.404+0000	[####################....] benchmark.Twitter	42.4GB/49.1GB (86.2%)
2021-10-23T17:39:23.404+0000	[####################....] benchmark.Twitter	42.4GB/49.1GB (86.4%)
2021-10-23T17:39:26.404+0000	[####################....] benchmark.Twitter	42.5GB/49.1GB (86.5%)
2021-10-23T17:39:29.404+0000	[####################....] benchmark.Twitter	42.5GB/49.1GB (86.6%)
2021-10-23T17:39:32.404+0000	[####################....] benchmark.Twitter	42.6GB/49.1GB (86.7%)
2021-10-23T17:39:35.404+0000	[####################....] benchmark.Twitter	42.6GB/49.1GB (86.8%)
2021-10-23T17:39:38.404+0000	[####################....] benchmark.Twitter	42.7GB/49.1GB (86.9%)
2021-10-23T17:39:41.404+0000	[####################....] benchmark.Twitter	42.8GB/49.1GB (87.0%)
2021-10-23T17:39:44.404+0000	[####################....] benchmark.Twitter	42.8GB/49.1GB (87.1%)
2021-10-23T17:39:47.404+0000	[####################....] benchmark.Twitter	42.9GB/49.1GB (87.2%)
2021-10-23T17:39:50.404+0000	[####################....] benchmark.Twitter	42.9GB/49.1GB (87.3%)
2021-10-23T17:39:53.404+0000	[####################....] benchmark.Twitter	43.0GB/49.1GB (87.4%)
2021-10-23T17:39:56.404+0000	[#####################...] benchmark.Twitter	43.0GB/49.1GB (87.5%)
2021-10-23T17:39:59.404+0000	[#####################...] benchmark.Twitter	43.1GB/49.1GB (87.7%)
2021-10-23T17:40:02.405+0000	[#####################...] benchmark.Twitter	43.1GB/49.1GB (87.8%)
2021-10-23T17:40:05.404+0000	[#####################...] benchmark.Twitter	43.2GB/49.1GB (87.9%)
2021-10-23T17:40:08.404+0000	[#####################...] benchmark.Twitter	43.2GB/49.1GB (88.0%)
2021-10-23T17:40:11.404+0000	[#####################...] benchmark.Twitter	43.3GB/49.1GB (88.1%)
2021-10-23T17:40:14.404+0000	[#####################...] benchmark.Twitter	43.3GB/49.1GB (88.2%)
2021-10-23T17:40:17.404+0000	[#####################...] benchmark.Twitter	43.4GB/49.1GB (88.3%)
2021-10-23T17:40:20.404+0000	[#####################...] benchmark.Twitter	43.4GB/49.1GB (88.4%)
2021-10-23T17:40:23.404+0000	[#####################...] benchmark.Twitter	43.5GB/49.1GB (88.5%)
2021-10-23T17:40:26.404+0000	[#####################...] benchmark.Twitter	43.5GB/49.1GB (88.6%)
2021-10-23T17:40:29.404+0000	[#####################...] benchmark.Twitter	43.6GB/49.1GB (88.7%)
2021-10-23T17:40:32.405+0000	[#####################...] benchmark.Twitter	43.7GB/49.1GB (88.9%)
2021-10-23T17:40:35.404+0000	[#####################...] benchmark.Twitter	43.7GB/49.1GB (89.0%)
2021-10-23T17:40:38.404+0000	[#####################...] benchmark.Twitter	43.8GB/49.1GB (89.1%)
2021-10-23T17:40:41.404+0000	[#####################...] benchmark.Twitter	43.8GB/49.1GB (89.2%)
2021-10-23T17:40:44.404+0000	[#####################...] benchmark.Twitter	43.9GB/49.1GB (89.3%)
2021-10-23T17:40:47.404+0000	[#####################...] benchmark.Twitter	43.9GB/49.1GB (89.4%)
2021-10-23T17:40:50.404+0000	[#####################...] benchmark.Twitter	44.0GB/49.1GB (89.5%)
2021-10-23T17:40:53.404+0000	[#####################...] benchmark.Twitter	44.0GB/49.1GB (89.6%)
2021-10-23T17:40:56.404+0000	[#####################...] benchmark.Twitter	44.0GB/49.1GB (89.6%)
2021-10-23T17:40:59.404+0000	[#####################...] benchmark.Twitter	44.1GB/49.1GB (89.7%)
2021-10-23T17:41:02.404+0000	[#####################...] benchmark.Twitter	44.1GB/49.1GB (89.8%)
2021-10-23T17:41:05.404+0000	[#####################...] benchmark.Twitter	44.2GB/49.1GB (89.9%)
2021-10-23T17:41:08.404+0000	[#####################...] benchmark.Twitter	44.2GB/49.1GB (90.0%)
2021-10-23T17:41:11.404+0000	[#####################...] benchmark.Twitter	44.3GB/49.1GB (90.1%)
2021-10-23T17:41:14.404+0000	[#####################...] benchmark.Twitter	44.3GB/49.1GB (90.2%)
2021-10-23T17:41:17.404+0000	[#####################...] benchmark.Twitter	44.4GB/49.1GB (90.3%)
2021-10-23T17:41:20.404+0000	[#####################...] benchmark.Twitter	44.4GB/49.1GB (90.4%)
2021-10-23T17:41:23.404+0000	[#####################...] benchmark.Twitter	44.5GB/49.1GB (90.5%)
2021-10-23T17:41:26.403+0000	[#####################...] benchmark.Twitter	44.5GB/49.1GB (90.6%)
2021-10-23T17:41:29.404+0000	[#####################...] benchmark.Twitter	44.6GB/49.1GB (90.7%)
2021-10-23T17:41:32.404+0000	[#####################...] benchmark.Twitter	44.6GB/49.1GB (90.8%)
2021-10-23T17:41:35.404+0000	[#####################...] benchmark.Twitter	44.7GB/49.1GB (91.0%)
2021-10-23T17:41:38.404+0000	[#####################...] benchmark.Twitter	44.7GB/49.1GB (91.1%)
2021-10-23T17:41:41.404+0000	[#####################...] benchmark.Twitter	44.8GB/49.1GB (91.2%)
2021-10-23T17:41:44.404+0000	[#####################...] benchmark.Twitter	44.8GB/49.1GB (91.3%)
2021-10-23T17:41:47.404+0000	[#####################...] benchmark.Twitter	44.9GB/49.1GB (91.4%)
2021-10-23T17:41:50.404+0000	[#####################...] benchmark.Twitter	45.0GB/49.1GB (91.5%)
2021-10-23T17:41:53.404+0000	[#####################...] benchmark.Twitter	45.0GB/49.1GB (91.6%)
2021-10-23T17:41:56.404+0000	[######################..] benchmark.Twitter	45.0GB/49.1GB (91.7%)
2021-10-23T17:41:59.404+0000	[######################..] benchmark.Twitter	45.1GB/49.1GB (91.8%)
2021-10-23T17:42:02.404+0000	[######################..] benchmark.Twitter	45.2GB/49.1GB (91.9%)
2021-10-23T17:42:05.404+0000	[######################..] benchmark.Twitter	45.2GB/49.1GB (92.0%)
2021-10-23T17:42:08.404+0000	[######################..] benchmark.Twitter	45.3GB/49.1GB (92.1%)
2021-10-23T17:42:11.404+0000	[######################..] benchmark.Twitter	45.3GB/49.1GB (92.2%)
2021-10-23T17:42:14.404+0000	[######################..] benchmark.Twitter	45.4GB/49.1GB (92.4%)
2021-10-23T17:42:17.404+0000	[######################..] benchmark.Twitter	45.4GB/49.1GB (92.5%)
2021-10-23T17:42:20.404+0000	[######################..] benchmark.Twitter	45.5GB/49.1GB (92.6%)
2021-10-23T17:42:23.404+0000	[######################..] benchmark.Twitter	45.5GB/49.1GB (92.7%)
2021-10-23T17:42:26.403+0000	[######################..] benchmark.Twitter	45.6GB/49.1GB (92.8%)
2021-10-23T17:42:29.403+0000	[######################..] benchmark.Twitter	45.6GB/49.1GB (92.9%)
2021-10-23T17:42:32.404+0000	[######################..] benchmark.Twitter	45.7GB/49.1GB (93.0%)
2021-10-23T17:42:35.404+0000	[######################..] benchmark.Twitter	45.8GB/49.1GB (93.1%)
2021-10-23T17:42:38.404+0000	[######################..] benchmark.Twitter	45.8GB/49.1GB (93.2%)
2021-10-23T17:42:41.404+0000	[######################..] benchmark.Twitter	45.9GB/49.1GB (93.3%)
2021-10-23T17:42:44.404+0000	[######################..] benchmark.Twitter	45.9GB/49.1GB (93.4%)
2021-10-23T17:42:47.404+0000	[######################..] benchmark.Twitter	46.0GB/49.1GB (93.5%)
2021-10-23T17:42:50.404+0000	[######################..] benchmark.Twitter	46.0GB/49.1GB (93.6%)
2021-10-23T17:42:53.404+0000	[######################..] benchmark.Twitter	46.1GB/49.1GB (93.8%)
2021-10-23T17:42:56.404+0000	[######################..] benchmark.Twitter	46.1GB/49.1GB (93.9%)
2021-10-23T17:42:59.404+0000	[######################..] benchmark.Twitter	46.2GB/49.1GB (94.0%)
2021-10-23T17:43:02.405+0000	[######################..] benchmark.Twitter	46.2GB/49.1GB (94.1%)
2021-10-23T17:43:05.404+0000	[######################..] benchmark.Twitter	46.3GB/49.1GB (94.2%)
2021-10-23T17:43:08.404+0000	[######################..] benchmark.Twitter	46.3GB/49.1GB (94.3%)
2021-10-23T17:43:11.404+0000	[######################..] benchmark.Twitter	46.4GB/49.1GB (94.4%)
2021-10-23T17:43:14.404+0000	[######################..] benchmark.Twitter	46.4GB/49.1GB (94.5%)
2021-10-23T17:43:17.404+0000	[######################..] benchmark.Twitter	46.5GB/49.1GB (94.6%)
2021-10-23T17:43:20.404+0000	[######################..] benchmark.Twitter	46.5GB/49.1GB (94.7%)
2021-10-23T17:43:23.404+0000	[######################..] benchmark.Twitter	46.6GB/49.1GB (94.8%)
2021-10-23T17:43:26.404+0000	[######################..] benchmark.Twitter	46.6GB/49.1GB (95.0%)
2021-10-23T17:43:29.404+0000	[######################..] benchmark.Twitter	46.7GB/49.1GB (95.1%)
2021-10-23T17:43:32.403+0000	[######################..] benchmark.Twitter	46.8GB/49.1GB (95.2%)
2021-10-23T17:43:35.404+0000	[######################..] benchmark.Twitter	46.8GB/49.1GB (95.3%)
2021-10-23T17:43:38.404+0000	[######################..] benchmark.Twitter	46.9GB/49.1GB (95.4%)
2021-10-23T17:43:41.404+0000	[######################..] benchmark.Twitter	46.9GB/49.1GB (95.5%)
2021-10-23T17:43:44.404+0000	[######################..] benchmark.Twitter	47.0GB/49.1GB (95.6%)
2021-10-23T17:43:47.404+0000	[######################..] benchmark.Twitter	47.0GB/49.1GB (95.7%)
2021-10-23T17:43:50.404+0000	[######################..] benchmark.Twitter	47.0GB/49.1GB (95.7%)
2021-10-23T17:43:53.404+0000	[######################..] benchmark.Twitter	47.1GB/49.1GB (95.8%)
2021-10-23T17:43:56.404+0000	[#######################.] benchmark.Twitter	47.1GB/49.1GB (95.9%)
2021-10-23T17:43:59.404+0000	[#######################.] benchmark.Twitter	47.2GB/49.1GB (96.0%)
2021-10-23T17:44:02.404+0000	[#######################.] benchmark.Twitter	47.2GB/49.1GB (96.1%)
2021-10-23T17:44:05.404+0000	[#######################.] benchmark.Twitter	47.3GB/49.1GB (96.2%)
2021-10-23T17:44:08.404+0000	[#######################.] benchmark.Twitter	47.3GB/49.1GB (96.3%)
2021-10-23T17:44:11.404+0000	[#######################.] benchmark.Twitter	47.4GB/49.1GB (96.4%)
2021-10-23T17:44:14.404+0000	[#######################.] benchmark.Twitter	47.4GB/49.1GB (96.5%)
2021-10-23T17:44:17.404+0000	[#######################.] benchmark.Twitter	47.5GB/49.1GB (96.6%)
2021-10-23T17:44:20.404+0000	[#######################.] benchmark.Twitter	47.5GB/49.1GB (96.7%)
2021-10-23T17:44:23.403+0000	[#######################.] benchmark.Twitter	47.6GB/49.1GB (96.8%)
2021-10-23T17:44:26.404+0000	[#######################.] benchmark.Twitter	47.6GB/49.1GB (96.9%)
2021-10-23T17:44:29.404+0000	[#######################.] benchmark.Twitter	47.7GB/49.1GB (97.1%)
2021-10-23T17:44:32.404+0000	[#######################.] benchmark.Twitter	47.7GB/49.1GB (97.2%)
2021-10-23T17:44:35.404+0000	[#######################.] benchmark.Twitter	47.8GB/49.1GB (97.3%)
2021-10-23T17:44:38.404+0000	[#######################.] benchmark.Twitter	47.8GB/49.1GB (97.4%)
2021-10-23T17:44:41.403+0000	[#######################.] benchmark.Twitter	47.9GB/49.1GB (97.5%)
2021-10-23T17:44:44.404+0000	[#######################.] benchmark.Twitter	48.0GB/49.1GB (97.6%)
2021-10-23T17:44:47.404+0000	[#######################.] benchmark.Twitter	48.0GB/49.1GB (97.7%)
2021-10-23T17:44:50.404+0000	[#######################.] benchmark.Twitter	48.0GB/49.1GB (97.8%)
2021-10-23T17:44:53.404+0000	[#######################.] benchmark.Twitter	48.1GB/49.1GB (97.9%)
2021-10-23T17:44:56.404+0000	[#######################.] benchmark.Twitter	48.2GB/49.1GB (98.0%)
2021-10-23T17:44:59.404+0000	[#######################.] benchmark.Twitter	48.2GB/49.1GB (98.1%)
2021-10-23T17:45:02.405+0000	[#######################.] benchmark.Twitter	48.3GB/49.1GB (98.2%)
2021-10-23T17:45:05.404+0000	[#######################.] benchmark.Twitter	48.3GB/49.1GB (98.3%)
2021-10-23T17:45:08.404+0000	[#######################.] benchmark.Twitter	48.4GB/49.1GB (98.4%)
2021-10-23T17:45:11.404+0000	[#######################.] benchmark.Twitter	48.4GB/49.1GB (98.6%)
2021-10-23T17:45:14.404+0000	[#######################.] benchmark.Twitter	48.5GB/49.1GB (98.7%)
2021-10-23T17:45:17.404+0000	[#######################.] benchmark.Twitter	48.5GB/49.1GB (98.8%)
2021-10-23T17:45:20.404+0000	[#######################.] benchmark.Twitter	48.6GB/49.1GB (98.9%)
2021-10-23T17:45:23.404+0000	[#######################.] benchmark.Twitter	48.6GB/49.1GB (99.0%)
2021-10-23T17:45:26.404+0000	[#######################.] benchmark.Twitter	48.7GB/49.1GB (99.1%)
2021-10-23T17:45:29.404+0000	[#######################.] benchmark.Twitter	48.7GB/49.1GB (99.2%)
2021-10-23T17:45:32.404+0000	[#######################.] benchmark.Twitter	48.8GB/49.1GB (99.3%)
2021-10-23T17:45:35.404+0000	[#######################.] benchmark.Twitter	48.8GB/49.1GB (99.4%)
2021-10-23T17:45:38.404+0000	[#######################.] benchmark.Twitter	48.9GB/49.1GB (99.5%)
2021-10-23T17:45:41.404+0000	[#######################.] benchmark.Twitter	49.0GB/49.1GB (99.6%)
2021-10-23T17:45:44.404+0000	[#######################.] benchmark.Twitter	49.0GB/49.1GB (99.7%)
2021-10-23T17:45:47.404+0000	[#######################.] benchmark.Twitter	49.0GB/49.1GB (99.8%)
2021-10-23T17:45:50.404+0000	[#######################.] benchmark.Twitter	49.1GB/49.1GB (99.9%)
2021-10-23T17:45:52.130+0000	[########################] benchmark.Twitter	49.1GB/49.1GB (100.0%)
2021-10-23T17:45:52.130+0000	13346336 document(s) imported successfully. 0 document(s) failed to import.
mongo-benchmark
MongoDB: 4052.14 s
mongo-benchmark
=== Found Postgres query file, executing Postgres queries ===
= File:'Twitter.json' =
13.4-alpine: Pulling from library/postgres
Digest: sha256:e9e481c3b0960e6acdd0d1202938617b9075d20f477765b531846671b7e624f2
Status: Image is up to date for postgres:13.4-alpine
c1d25a5e0cbd09c619b3ebede6e67a1eb5279ad12a2caeac0156861717bbcc73
3
PSQL: 8065.27 s
psql-benchmark
=== Found JQ query file, executing JQ queries ===
Sending build context to Docker daemon  112.1kB
Step 1/2 : FROM alpine
 ---> 14119a10abf4
Step 2/2 : RUN apk add --no-cache --upgrade bash jq
 ---> Using cache
 ---> 91ec4132b45e
Successfully built 91ec4132b45e
Successfully tagged nicotin/jq:05-10-2021
write /dev/stdout: broken pipe
0
JQ: 19466 s
jq-benchmark
=== Results ===
= JQ =
Overall: 19466
= JODA =
Overall: 117.116
Query Time: 56.4581
14.747862777
5.94577249
5.325582936
5.849375545
4.412712834
3.887010885
3.823991573
4.630435494
3.636844802
4.198503972
= Mongo =
Overall: 4052.14
187.366
163.27
163.614
176.327
64.98
73.789
87.146
92.964
88.773
82.727
Query Time: 1180.96
= PostgreSQL =
Overall: 8065.27
=== AGG Results ===
= JQ =
5073309
1985718
1423329
1253365
4467128
970479
434583
226865
79126
56933
= JODA =
13346336
5073309
1985718
1423329
1253365
4467128
970479
434583
226865
79126
56933
= Mongo =
5073309
1985718
1423329
1253365
4467128
970479
434583
226865
79126
56933
= PostgreSQL =
 5073309
 1985718
 1423329
 1253365
 4456547
 959898
 424002
 216709
 68970
 48900
