=== Found JODA query file, executing JODA queries ===
= File:'Twitter.json' =
0.12.2: Pulling from nicotin/joda
Digest: sha256:f5e9052c3cc1af5f34dcaa9442d46f2baf40a6a1b6fc3a0d59558d49b5ec8fcf
Status: Image is up to date for nicotin/joda:0.12.2
7c6442aff302ecccdc5f84cf14fef4c51e68fd1c766592126e34599fa12c83b9
0
JODA: 124.013 s
joda-benchmark
=== Found MongoDB query file, executing MongoDB queries ===
= File:'Twitter.json' =
5.0.3-focal: Pulling from library/mongo
Digest: sha256:f7c401402aa3e689fc42c7109247ab2d5a3e3b4b8a3ace4c2bf7a5fc74ca4917
Status: Image is up to date for mongo:5.0.3-focal
8402005c4e4061bd1637c07ddb9229c7eeda2add5b634f2dd54a3564846b300f
2021-10-24T01:46:50.591+0000	connected to: mongodb://localhost/
2021-10-24T01:46:53.591+0000	[........................] benchmark.Twitter	46.4MB/49.1GB (0.1%)
2021-10-24T01:46:56.591+0000	[........................] benchmark.Twitter	94.0MB/49.1GB (0.2%)
2021-10-24T01:46:59.592+0000	[........................] benchmark.Twitter	146MB/49.1GB (0.3%)
2021-10-24T01:47:02.591+0000	[........................] benchmark.Twitter	199MB/49.1GB (0.4%)
2021-10-24T01:47:05.592+0000	[........................] benchmark.Twitter	252MB/49.1GB (0.5%)
2021-10-24T01:47:08.592+0000	[........................] benchmark.Twitter	306MB/49.1GB (0.6%)
2021-10-24T01:47:11.592+0000	[........................] benchmark.Twitter	359MB/49.1GB (0.7%)
2021-10-24T01:47:14.592+0000	[........................] benchmark.Twitter	411MB/49.1GB (0.8%)
2021-10-24T01:47:17.592+0000	[........................] benchmark.Twitter	465MB/49.1GB (0.9%)
2021-10-24T01:47:20.591+0000	[........................] benchmark.Twitter	518MB/49.1GB (1.0%)
2021-10-24T01:47:23.591+0000	[........................] benchmark.Twitter	572MB/49.1GB (1.1%)
2021-10-24T01:47:26.592+0000	[........................] benchmark.Twitter	627MB/49.1GB (1.2%)
2021-10-24T01:47:29.592+0000	[........................] benchmark.Twitter	679MB/49.1GB (1.3%)
2021-10-24T01:47:32.592+0000	[........................] benchmark.Twitter	731MB/49.1GB (1.5%)
2021-10-24T01:47:35.592+0000	[........................] benchmark.Twitter	785MB/49.1GB (1.6%)
2021-10-24T01:47:38.592+0000	[........................] benchmark.Twitter	839MB/49.1GB (1.7%)
2021-10-24T01:47:41.592+0000	[........................] benchmark.Twitter	891MB/49.1GB (1.8%)
2021-10-24T01:47:44.591+0000	[........................] benchmark.Twitter	945MB/49.1GB (1.9%)
2021-10-24T01:47:47.592+0000	[........................] benchmark.Twitter	999MB/49.1GB (2.0%)
2021-10-24T01:47:50.592+0000	[........................] benchmark.Twitter	1.03GB/49.1GB (2.1%)
2021-10-24T01:47:53.592+0000	[........................] benchmark.Twitter	1.08GB/49.1GB (2.2%)
2021-10-24T01:47:56.591+0000	[........................] benchmark.Twitter	1.13GB/49.1GB (2.3%)
2021-10-24T01:47:59.592+0000	[........................] benchmark.Twitter	1.18GB/49.1GB (2.4%)
2021-10-24T01:48:02.591+0000	[........................] benchmark.Twitter	1.24GB/49.1GB (2.5%)
2021-10-24T01:48:05.591+0000	[........................] benchmark.Twitter	1.29GB/49.1GB (2.6%)
2021-10-24T01:48:08.592+0000	[........................] benchmark.Twitter	1.34GB/49.1GB (2.7%)
2021-10-24T01:48:11.592+0000	[........................] benchmark.Twitter	1.39GB/49.1GB (2.8%)
2021-10-24T01:48:14.592+0000	[........................] benchmark.Twitter	1.44GB/49.1GB (2.9%)
2021-10-24T01:48:17.591+0000	[........................] benchmark.Twitter	1.49GB/49.1GB (3.0%)
2021-10-24T01:48:20.592+0000	[........................] benchmark.Twitter	1.54GB/49.1GB (3.1%)
2021-10-24T01:48:23.592+0000	[........................] benchmark.Twitter	1.60GB/49.1GB (3.2%)
2021-10-24T01:48:26.591+0000	[........................] benchmark.Twitter	1.65GB/49.1GB (3.4%)
2021-10-24T01:48:29.592+0000	[........................] benchmark.Twitter	1.70GB/49.1GB (3.5%)
2021-10-24T01:48:32.591+0000	[........................] benchmark.Twitter	1.75GB/49.1GB (3.6%)
2021-10-24T01:48:35.592+0000	[........................] benchmark.Twitter	1.80GB/49.1GB (3.7%)
2021-10-24T01:48:38.591+0000	[........................] benchmark.Twitter	1.85GB/49.1GB (3.8%)
2021-10-24T01:48:41.592+0000	[........................] benchmark.Twitter	1.91GB/49.1GB (3.9%)
2021-10-24T01:48:44.591+0000	[........................] benchmark.Twitter	1.96GB/49.1GB (4.0%)
2021-10-24T01:48:47.591+0000	[........................] benchmark.Twitter	2.01GB/49.1GB (4.1%)
2021-10-24T01:48:50.591+0000	[........................] benchmark.Twitter	2.05GB/49.1GB (4.2%)
2021-10-24T01:48:53.592+0000	[#.......................] benchmark.Twitter	2.09GB/49.1GB (4.2%)
2021-10-24T01:48:56.592+0000	[#.......................] benchmark.Twitter	2.13GB/49.1GB (4.3%)
2021-10-24T01:48:59.592+0000	[#.......................] benchmark.Twitter	2.18GB/49.1GB (4.4%)
2021-10-24T01:49:02.591+0000	[#.......................] benchmark.Twitter	2.22GB/49.1GB (4.5%)
2021-10-24T01:49:05.592+0000	[#.......................] benchmark.Twitter	2.26GB/49.1GB (4.6%)
2021-10-24T01:49:08.592+0000	[#.......................] benchmark.Twitter	2.31GB/49.1GB (4.7%)
2021-10-24T01:49:11.592+0000	[#.......................] benchmark.Twitter	2.35GB/49.1GB (4.8%)
2021-10-24T01:49:14.592+0000	[#.......................] benchmark.Twitter	2.40GB/49.1GB (4.9%)
2021-10-24T01:49:17.592+0000	[#.......................] benchmark.Twitter	2.46GB/49.1GB (5.0%)
2021-10-24T01:49:20.591+0000	[#.......................] benchmark.Twitter	2.51GB/49.1GB (5.1%)
2021-10-24T01:49:23.591+0000	[#.......................] benchmark.Twitter	2.56GB/49.1GB (5.2%)
2021-10-24T01:49:26.592+0000	[#.......................] benchmark.Twitter	2.61GB/49.1GB (5.3%)
2021-10-24T01:49:29.591+0000	[#.......................] benchmark.Twitter	2.66GB/49.1GB (5.4%)
2021-10-24T01:49:32.591+0000	[#.......................] benchmark.Twitter	2.71GB/49.1GB (5.5%)
2021-10-24T01:49:35.592+0000	[#.......................] benchmark.Twitter	2.77GB/49.1GB (5.6%)
2021-10-24T01:49:38.591+0000	[#.......................] benchmark.Twitter	2.82GB/49.1GB (5.7%)
2021-10-24T01:49:41.592+0000	[#.......................] benchmark.Twitter	2.87GB/49.1GB (5.8%)
2021-10-24T01:49:44.592+0000	[#.......................] benchmark.Twitter	2.92GB/49.1GB (5.9%)
2021-10-24T01:49:47.592+0000	[#.......................] benchmark.Twitter	2.97GB/49.1GB (6.0%)
2021-10-24T01:49:50.592+0000	[#.......................] benchmark.Twitter	3.02GB/49.1GB (6.2%)
2021-10-24T01:49:53.591+0000	[#.......................] benchmark.Twitter	3.07GB/49.1GB (6.3%)
2021-10-24T01:49:56.592+0000	[#.......................] benchmark.Twitter	3.13GB/49.1GB (6.4%)
2021-10-24T01:49:59.592+0000	[#.......................] benchmark.Twitter	3.18GB/49.1GB (6.5%)
2021-10-24T01:50:02.592+0000	[#.......................] benchmark.Twitter	3.23GB/49.1GB (6.6%)
2021-10-24T01:50:05.591+0000	[#.......................] benchmark.Twitter	3.28GB/49.1GB (6.7%)
2021-10-24T01:50:08.591+0000	[#.......................] benchmark.Twitter	3.33GB/49.1GB (6.8%)
2021-10-24T01:50:11.592+0000	[#.......................] benchmark.Twitter	3.39GB/49.1GB (6.9%)
2021-10-24T01:50:14.592+0000	[#.......................] benchmark.Twitter	3.44GB/49.1GB (7.0%)
2021-10-24T01:50:17.592+0000	[#.......................] benchmark.Twitter	3.49GB/49.1GB (7.1%)
2021-10-24T01:50:20.592+0000	[#.......................] benchmark.Twitter	3.54GB/49.1GB (7.2%)
2021-10-24T01:50:23.592+0000	[#.......................] benchmark.Twitter	3.59GB/49.1GB (7.3%)
2021-10-24T01:50:26.591+0000	[#.......................] benchmark.Twitter	3.64GB/49.1GB (7.4%)
2021-10-24T01:50:29.592+0000	[#.......................] benchmark.Twitter	3.70GB/49.1GB (7.5%)
2021-10-24T01:50:32.591+0000	[#.......................] benchmark.Twitter	3.75GB/49.1GB (7.6%)
2021-10-24T01:50:35.592+0000	[#.......................] benchmark.Twitter	3.81GB/49.1GB (7.7%)
2021-10-24T01:50:38.592+0000	[#.......................] benchmark.Twitter	3.86GB/49.1GB (7.8%)
2021-10-24T01:50:41.591+0000	[#.......................] benchmark.Twitter	3.91GB/49.1GB (8.0%)
2021-10-24T01:50:44.592+0000	[#.......................] benchmark.Twitter	3.96GB/49.1GB (8.1%)
2021-10-24T01:50:47.593+0000	[#.......................] benchmark.Twitter	4.01GB/49.1GB (8.2%)
2021-10-24T01:50:50.592+0000	[#.......................] benchmark.Twitter	4.07GB/49.1GB (8.3%)
2021-10-24T01:50:53.591+0000	[##......................] benchmark.Twitter	4.12GB/49.1GB (8.4%)
2021-10-24T01:50:56.592+0000	[##......................] benchmark.Twitter	4.17GB/49.1GB (8.5%)
2021-10-24T01:50:59.592+0000	[##......................] benchmark.Twitter	4.22GB/49.1GB (8.6%)
2021-10-24T01:51:02.592+0000	[##......................] benchmark.Twitter	4.28GB/49.1GB (8.7%)
2021-10-24T01:51:05.591+0000	[##......................] benchmark.Twitter	4.33GB/49.1GB (8.8%)
2021-10-24T01:51:08.591+0000	[##......................] benchmark.Twitter	4.38GB/49.1GB (8.9%)
2021-10-24T01:51:11.591+0000	[##......................] benchmark.Twitter	4.43GB/49.1GB (9.0%)
2021-10-24T01:51:14.592+0000	[##......................] benchmark.Twitter	4.48GB/49.1GB (9.1%)
2021-10-24T01:51:17.592+0000	[##......................] benchmark.Twitter	4.53GB/49.1GB (9.2%)
2021-10-24T01:51:20.592+0000	[##......................] benchmark.Twitter	4.58GB/49.1GB (9.3%)
2021-10-24T01:51:23.592+0000	[##......................] benchmark.Twitter	4.64GB/49.1GB (9.4%)
2021-10-24T01:51:26.591+0000	[##......................] benchmark.Twitter	4.69GB/49.1GB (9.5%)
2021-10-24T01:51:29.592+0000	[##......................] benchmark.Twitter	4.74GB/49.1GB (9.7%)
2021-10-24T01:51:32.592+0000	[##......................] benchmark.Twitter	4.79GB/49.1GB (9.8%)
2021-10-24T01:51:35.591+0000	[##......................] benchmark.Twitter	4.85GB/49.1GB (9.9%)
2021-10-24T01:51:38.592+0000	[##......................] benchmark.Twitter	4.90GB/49.1GB (10.0%)
2021-10-24T01:51:41.592+0000	[##......................] benchmark.Twitter	4.95GB/49.1GB (10.1%)
2021-10-24T01:51:44.592+0000	[##......................] benchmark.Twitter	5.00GB/49.1GB (10.2%)
2021-10-24T01:51:47.591+0000	[##......................] benchmark.Twitter	5.05GB/49.1GB (10.3%)
2021-10-24T01:51:50.591+0000	[##......................] benchmark.Twitter	5.10GB/49.1GB (10.4%)
2021-10-24T01:51:53.592+0000	[##......................] benchmark.Twitter	5.16GB/49.1GB (10.5%)
2021-10-24T01:51:56.591+0000	[##......................] benchmark.Twitter	5.21GB/49.1GB (10.6%)
2021-10-24T01:51:59.592+0000	[##......................] benchmark.Twitter	5.26GB/49.1GB (10.7%)
2021-10-24T01:52:02.592+0000	[##......................] benchmark.Twitter	5.30GB/49.1GB (10.8%)
2021-10-24T01:52:05.591+0000	[##......................] benchmark.Twitter	5.35GB/49.1GB (10.9%)
2021-10-24T01:52:08.592+0000	[##......................] benchmark.Twitter	5.39GB/49.1GB (11.0%)
2021-10-24T01:52:11.591+0000	[##......................] benchmark.Twitter	5.44GB/49.1GB (11.1%)
2021-10-24T01:52:14.591+0000	[##......................] benchmark.Twitter	5.48GB/49.1GB (11.2%)
2021-10-24T01:52:17.592+0000	[##......................] benchmark.Twitter	5.53GB/49.1GB (11.3%)
2021-10-24T01:52:20.591+0000	[##......................] benchmark.Twitter	5.57GB/49.1GB (11.3%)
2021-10-24T01:52:23.592+0000	[##......................] benchmark.Twitter	5.62GB/49.1GB (11.4%)
2021-10-24T01:52:26.592+0000	[##......................] benchmark.Twitter	5.66GB/49.1GB (11.5%)
2021-10-24T01:52:29.591+0000	[##......................] benchmark.Twitter	5.70GB/49.1GB (11.6%)
2021-10-24T01:52:32.592+0000	[##......................] benchmark.Twitter	5.75GB/49.1GB (11.7%)
2021-10-24T01:52:35.592+0000	[##......................] benchmark.Twitter	5.79GB/49.1GB (11.8%)
2021-10-24T01:52:38.591+0000	[##......................] benchmark.Twitter	5.83GB/49.1GB (11.9%)
2021-10-24T01:52:41.592+0000	[##......................] benchmark.Twitter	5.88GB/49.1GB (12.0%)
2021-10-24T01:52:44.592+0000	[##......................] benchmark.Twitter	5.92GB/49.1GB (12.1%)
2021-10-24T01:52:47.592+0000	[##......................] benchmark.Twitter	5.97GB/49.1GB (12.1%)
2021-10-24T01:52:50.592+0000	[##......................] benchmark.Twitter	6.02GB/49.1GB (12.2%)
2021-10-24T01:52:53.591+0000	[##......................] benchmark.Twitter	6.06GB/49.1GB (12.3%)
2021-10-24T01:52:56.592+0000	[##......................] benchmark.Twitter	6.11GB/49.1GB (12.4%)
2021-10-24T01:52:59.592+0000	[###.....................] benchmark.Twitter	6.16GB/49.1GB (12.5%)
2021-10-24T01:53:02.591+0000	[###.....................] benchmark.Twitter	6.22GB/49.1GB (12.7%)
2021-10-24T01:53:05.592+0000	[###.....................] benchmark.Twitter	6.27GB/49.1GB (12.8%)
2021-10-24T01:53:08.592+0000	[###.....................] benchmark.Twitter	6.32GB/49.1GB (12.9%)
2021-10-24T01:53:11.591+0000	[###.....................] benchmark.Twitter	6.37GB/49.1GB (13.0%)
2021-10-24T01:53:14.591+0000	[###.....................] benchmark.Twitter	6.43GB/49.1GB (13.1%)
2021-10-24T01:53:17.591+0000	[###.....................] benchmark.Twitter	6.48GB/49.1GB (13.2%)
2021-10-24T01:53:20.592+0000	[###.....................] benchmark.Twitter	6.53GB/49.1GB (13.3%)
2021-10-24T01:53:23.592+0000	[###.....................] benchmark.Twitter	6.58GB/49.1GB (13.4%)
2021-10-24T01:53:26.592+0000	[###.....................] benchmark.Twitter	6.63GB/49.1GB (13.5%)
2021-10-24T01:53:29.591+0000	[###.....................] benchmark.Twitter	6.68GB/49.1GB (13.6%)
2021-10-24T01:53:32.592+0000	[###.....................] benchmark.Twitter	6.73GB/49.1GB (13.7%)
2021-10-24T01:53:35.591+0000	[###.....................] benchmark.Twitter	6.78GB/49.1GB (13.8%)
2021-10-24T01:53:38.592+0000	[###.....................] benchmark.Twitter	6.84GB/49.1GB (13.9%)
2021-10-24T01:53:41.592+0000	[###.....................] benchmark.Twitter	6.89GB/49.1GB (14.0%)
2021-10-24T01:53:44.592+0000	[###.....................] benchmark.Twitter	6.94GB/49.1GB (14.1%)
2021-10-24T01:53:47.592+0000	[###.....................] benchmark.Twitter	6.99GB/49.1GB (14.2%)
2021-10-24T01:53:50.591+0000	[###.....................] benchmark.Twitter	7.05GB/49.1GB (14.3%)
2021-10-24T01:53:53.591+0000	[###.....................] benchmark.Twitter	7.10GB/49.1GB (14.4%)
2021-10-24T01:53:56.591+0000	[###.....................] benchmark.Twitter	7.15GB/49.1GB (14.5%)
2021-10-24T01:53:59.592+0000	[###.....................] benchmark.Twitter	7.20GB/49.1GB (14.7%)
2021-10-24T01:54:02.592+0000	[###.....................] benchmark.Twitter	7.25GB/49.1GB (14.8%)
2021-10-24T01:54:05.591+0000	[###.....................] benchmark.Twitter	7.30GB/49.1GB (14.9%)
2021-10-24T01:54:08.592+0000	[###.....................] benchmark.Twitter	7.35GB/49.1GB (15.0%)
2021-10-24T01:54:11.592+0000	[###.....................] benchmark.Twitter	7.40GB/49.1GB (15.1%)
2021-10-24T01:54:14.592+0000	[###.....................] benchmark.Twitter	7.46GB/49.1GB (15.2%)
2021-10-24T01:54:17.591+0000	[###.....................] benchmark.Twitter	7.51GB/49.1GB (15.3%)
2021-10-24T01:54:20.591+0000	[###.....................] benchmark.Twitter	7.56GB/49.1GB (15.4%)
2021-10-24T01:54:23.592+0000	[###.....................] benchmark.Twitter	7.61GB/49.1GB (15.5%)
2021-10-24T01:54:26.592+0000	[###.....................] benchmark.Twitter	7.66GB/49.1GB (15.6%)
2021-10-24T01:54:29.592+0000	[###.....................] benchmark.Twitter	7.71GB/49.1GB (15.7%)
2021-10-24T01:54:32.592+0000	[###.....................] benchmark.Twitter	7.76GB/49.1GB (15.8%)
2021-10-24T01:54:35.591+0000	[###.....................] benchmark.Twitter	7.82GB/49.1GB (15.9%)
2021-10-24T01:54:38.592+0000	[###.....................] benchmark.Twitter	7.87GB/49.1GB (16.0%)
2021-10-24T01:54:41.591+0000	[###.....................] benchmark.Twitter	7.92GB/49.1GB (16.1%)
2021-10-24T01:54:44.592+0000	[###.....................] benchmark.Twitter	7.97GB/49.1GB (16.2%)
2021-10-24T01:54:47.592+0000	[###.....................] benchmark.Twitter	8.02GB/49.1GB (16.3%)
2021-10-24T01:54:50.591+0000	[###.....................] benchmark.Twitter	8.07GB/49.1GB (16.4%)
2021-10-24T01:54:53.592+0000	[###.....................] benchmark.Twitter	8.12GB/49.1GB (16.5%)
2021-10-24T01:54:56.592+0000	[###.....................] benchmark.Twitter	8.17GB/49.1GB (16.6%)
2021-10-24T01:54:59.592+0000	[####....................] benchmark.Twitter	8.22GB/49.1GB (16.7%)
2021-10-24T01:55:02.591+0000	[####....................] benchmark.Twitter	8.27GB/49.1GB (16.8%)
2021-10-24T01:55:05.591+0000	[####....................] benchmark.Twitter	8.32GB/49.1GB (16.9%)
2021-10-24T01:55:08.592+0000	[####....................] benchmark.Twitter	8.38GB/49.1GB (17.0%)
2021-10-24T01:55:11.592+0000	[####....................] benchmark.Twitter	8.43GB/49.1GB (17.2%)
2021-10-24T01:55:14.591+0000	[####....................] benchmark.Twitter	8.48GB/49.1GB (17.3%)
2021-10-24T01:55:17.592+0000	[####....................] benchmark.Twitter	8.53GB/49.1GB (17.4%)
2021-10-24T01:55:20.594+0000	[####....................] benchmark.Twitter	8.59GB/49.1GB (17.5%)
2021-10-24T01:55:23.591+0000	[####....................] benchmark.Twitter	8.63GB/49.1GB (17.6%)
2021-10-24T01:55:26.592+0000	[####....................] benchmark.Twitter	8.69GB/49.1GB (17.7%)
2021-10-24T01:55:29.592+0000	[####....................] benchmark.Twitter	8.74GB/49.1GB (17.8%)
2021-10-24T01:55:32.592+0000	[####....................] benchmark.Twitter	8.79GB/49.1GB (17.9%)
2021-10-24T01:55:35.592+0000	[####....................] benchmark.Twitter	8.84GB/49.1GB (18.0%)
2021-10-24T01:55:38.592+0000	[####....................] benchmark.Twitter	8.88GB/49.1GB (18.1%)
2021-10-24T01:55:41.592+0000	[####....................] benchmark.Twitter	8.93GB/49.1GB (18.2%)
2021-10-24T01:55:44.591+0000	[####....................] benchmark.Twitter	8.97GB/49.1GB (18.3%)
2021-10-24T01:55:47.592+0000	[####....................] benchmark.Twitter	9.01GB/49.1GB (18.3%)
2021-10-24T01:55:50.592+0000	[####....................] benchmark.Twitter	9.05GB/49.1GB (18.4%)
2021-10-24T01:55:53.592+0000	[####....................] benchmark.Twitter	9.10GB/49.1GB (18.5%)
2021-10-24T01:55:56.591+0000	[####....................] benchmark.Twitter	9.14GB/49.1GB (18.6%)
2021-10-24T01:55:59.591+0000	[####....................] benchmark.Twitter	9.18GB/49.1GB (18.7%)
2021-10-24T01:56:02.592+0000	[####....................] benchmark.Twitter	9.22GB/49.1GB (18.8%)
2021-10-24T01:56:05.592+0000	[####....................] benchmark.Twitter	9.27GB/49.1GB (18.9%)
2021-10-24T01:56:08.591+0000	[####....................] benchmark.Twitter	9.31GB/49.1GB (19.0%)
2021-10-24T01:56:11.591+0000	[####....................] benchmark.Twitter	9.35GB/49.1GB (19.0%)
2021-10-24T01:56:14.592+0000	[####....................] benchmark.Twitter	9.39GB/49.1GB (19.1%)
2021-10-24T01:56:17.591+0000	[####....................] benchmark.Twitter	9.43GB/49.1GB (19.2%)
2021-10-24T01:56:20.592+0000	[####....................] benchmark.Twitter	9.48GB/49.1GB (19.3%)
2021-10-24T01:56:23.592+0000	[####....................] benchmark.Twitter	9.52GB/49.1GB (19.4%)
2021-10-24T01:56:26.592+0000	[####....................] benchmark.Twitter	9.57GB/49.1GB (19.5%)
2021-10-24T01:56:29.591+0000	[####....................] benchmark.Twitter	9.62GB/49.1GB (19.6%)
2021-10-24T01:56:32.591+0000	[####....................] benchmark.Twitter	9.67GB/49.1GB (19.7%)
2021-10-24T01:56:35.591+0000	[####....................] benchmark.Twitter	9.72GB/49.1GB (19.8%)
2021-10-24T01:56:38.591+0000	[####....................] benchmark.Twitter	9.77GB/49.1GB (19.9%)
2021-10-24T01:56:41.591+0000	[####....................] benchmark.Twitter	9.82GB/49.1GB (20.0%)
2021-10-24T01:56:44.591+0000	[####....................] benchmark.Twitter	9.87GB/49.1GB (20.1%)
2021-10-24T01:56:47.591+0000	[####....................] benchmark.Twitter	9.92GB/49.1GB (20.2%)
2021-10-24T01:56:50.591+0000	[####....................] benchmark.Twitter	9.97GB/49.1GB (20.3%)
2021-10-24T01:56:53.592+0000	[####....................] benchmark.Twitter	10.0GB/49.1GB (20.4%)
2021-10-24T01:56:56.592+0000	[####....................] benchmark.Twitter	10.1GB/49.1GB (20.5%)
2021-10-24T01:56:59.591+0000	[####....................] benchmark.Twitter	10.1GB/49.1GB (20.6%)
2021-10-24T01:57:02.592+0000	[####....................] benchmark.Twitter	10.2GB/49.1GB (20.7%)
2021-10-24T01:57:05.592+0000	[####....................] benchmark.Twitter	10.2GB/49.1GB (20.8%)
2021-10-24T01:57:08.592+0000	[#####...................] benchmark.Twitter	10.3GB/49.1GB (20.9%)
2021-10-24T01:57:11.592+0000	[#####...................] benchmark.Twitter	10.3GB/49.1GB (21.0%)
2021-10-24T01:57:14.592+0000	[#####...................] benchmark.Twitter	10.4GB/49.1GB (21.1%)
2021-10-24T01:57:17.592+0000	[#####...................] benchmark.Twitter	10.4GB/49.1GB (21.2%)
2021-10-24T01:57:20.591+0000	[#####...................] benchmark.Twitter	10.5GB/49.1GB (21.3%)
2021-10-24T01:57:23.592+0000	[#####...................] benchmark.Twitter	10.5GB/49.1GB (21.5%)
2021-10-24T01:57:26.592+0000	[#####...................] benchmark.Twitter	10.6GB/49.1GB (21.6%)
2021-10-24T01:57:29.592+0000	[#####...................] benchmark.Twitter	10.6GB/49.1GB (21.7%)
2021-10-24T01:57:32.591+0000	[#####...................] benchmark.Twitter	10.7GB/49.1GB (21.8%)
2021-10-24T01:57:35.592+0000	[#####...................] benchmark.Twitter	10.7GB/49.1GB (21.9%)
2021-10-24T01:57:38.592+0000	[#####...................] benchmark.Twitter	10.8GB/49.1GB (22.0%)
2021-10-24T01:57:41.591+0000	[#####...................] benchmark.Twitter	10.8GB/49.1GB (22.1%)
2021-10-24T01:57:44.592+0000	[#####...................] benchmark.Twitter	10.9GB/49.1GB (22.2%)
2021-10-24T01:57:47.592+0000	[#####...................] benchmark.Twitter	10.9GB/49.1GB (22.3%)
2021-10-24T01:57:50.592+0000	[#####...................] benchmark.Twitter	11.0GB/49.1GB (22.4%)
2021-10-24T01:57:53.592+0000	[#####...................] benchmark.Twitter	11.1GB/49.1GB (22.5%)
2021-10-24T01:57:56.592+0000	[#####...................] benchmark.Twitter	11.1GB/49.1GB (22.6%)
2021-10-24T01:57:59.592+0000	[#####...................] benchmark.Twitter	11.2GB/49.1GB (22.7%)
2021-10-24T01:58:02.591+0000	[#####...................] benchmark.Twitter	11.2GB/49.1GB (22.8%)
2021-10-24T01:58:05.592+0000	[#####...................] benchmark.Twitter	11.3GB/49.1GB (22.9%)
2021-10-24T01:58:08.592+0000	[#####...................] benchmark.Twitter	11.3GB/49.1GB (23.0%)
2021-10-24T01:58:11.592+0000	[#####...................] benchmark.Twitter	11.4GB/49.1GB (23.1%)
2021-10-24T01:58:14.592+0000	[#####...................] benchmark.Twitter	11.4GB/49.1GB (23.2%)
2021-10-24T01:58:17.592+0000	[#####...................] benchmark.Twitter	11.5GB/49.1GB (23.3%)
2021-10-24T01:58:20.591+0000	[#####...................] benchmark.Twitter	11.5GB/49.1GB (23.4%)
2021-10-24T01:58:23.591+0000	[#####...................] benchmark.Twitter	11.6GB/49.1GB (23.5%)
2021-10-24T01:58:26.591+0000	[#####...................] benchmark.Twitter	11.6GB/49.1GB (23.7%)
2021-10-24T01:58:29.592+0000	[#####...................] benchmark.Twitter	11.7GB/49.1GB (23.8%)
2021-10-24T01:58:32.592+0000	[#####...................] benchmark.Twitter	11.7GB/49.1GB (23.9%)
2021-10-24T01:58:35.592+0000	[#####...................] benchmark.Twitter	11.8GB/49.1GB (24.0%)
2021-10-24T01:58:38.592+0000	[#####...................] benchmark.Twitter	11.8GB/49.1GB (24.1%)
2021-10-24T01:58:41.591+0000	[#####...................] benchmark.Twitter	11.9GB/49.1GB (24.2%)
2021-10-24T01:58:44.591+0000	[#####...................] benchmark.Twitter	11.9GB/49.1GB (24.3%)
2021-10-24T01:58:47.592+0000	[#####...................] benchmark.Twitter	12.0GB/49.1GB (24.4%)
2021-10-24T01:58:50.591+0000	[#####...................] benchmark.Twitter	12.0GB/49.1GB (24.5%)
2021-10-24T01:58:53.592+0000	[#####...................] benchmark.Twitter	12.1GB/49.1GB (24.6%)
2021-10-24T01:58:56.591+0000	[#####...................] benchmark.Twitter	12.1GB/49.1GB (24.6%)
2021-10-24T01:58:59.592+0000	[#####...................] benchmark.Twitter	12.2GB/49.1GB (24.7%)
2021-10-24T01:59:02.591+0000	[#####...................] benchmark.Twitter	12.2GB/49.1GB (24.8%)
2021-10-24T01:59:05.592+0000	[#####...................] benchmark.Twitter	12.2GB/49.1GB (24.9%)
2021-10-24T01:59:08.591+0000	[#####...................] benchmark.Twitter	12.3GB/49.1GB (25.0%)
2021-10-24T01:59:11.592+0000	[######..................] benchmark.Twitter	12.3GB/49.1GB (25.1%)
2021-10-24T01:59:14.593+0000	[######..................] benchmark.Twitter	12.3GB/49.1GB (25.1%)
2021-10-24T01:59:17.592+0000	[######..................] benchmark.Twitter	12.4GB/49.1GB (25.2%)
2021-10-24T01:59:20.592+0000	[######..................] benchmark.Twitter	12.4GB/49.1GB (25.3%)
2021-10-24T01:59:23.592+0000	[######..................] benchmark.Twitter	12.5GB/49.1GB (25.4%)
2021-10-24T01:59:26.592+0000	[######..................] benchmark.Twitter	12.5GB/49.1GB (25.5%)
2021-10-24T01:59:29.591+0000	[######..................] benchmark.Twitter	12.6GB/49.1GB (25.6%)
2021-10-24T01:59:32.591+0000	[######..................] benchmark.Twitter	12.6GB/49.1GB (25.7%)
2021-10-24T01:59:35.592+0000	[######..................] benchmark.Twitter	12.7GB/49.1GB (25.8%)
2021-10-24T01:59:38.592+0000	[######..................] benchmark.Twitter	12.7GB/49.1GB (25.9%)
2021-10-24T01:59:41.592+0000	[######..................] benchmark.Twitter	12.8GB/49.1GB (26.0%)
2021-10-24T01:59:44.592+0000	[######..................] benchmark.Twitter	12.8GB/49.1GB (26.1%)
2021-10-24T01:59:47.592+0000	[######..................] benchmark.Twitter	12.9GB/49.1GB (26.2%)
2021-10-24T01:59:50.591+0000	[######..................] benchmark.Twitter	12.9GB/49.1GB (26.3%)
2021-10-24T01:59:53.592+0000	[######..................] benchmark.Twitter	13.0GB/49.1GB (26.5%)
2021-10-24T01:59:56.591+0000	[######..................] benchmark.Twitter	13.1GB/49.1GB (26.6%)
2021-10-24T01:59:59.592+0000	[######..................] benchmark.Twitter	13.1GB/49.1GB (26.7%)
2021-10-24T02:00:02.592+0000	[######..................] benchmark.Twitter	13.2GB/49.1GB (26.8%)
2021-10-24T02:00:05.592+0000	[######..................] benchmark.Twitter	13.2GB/49.1GB (26.9%)
2021-10-24T02:00:08.592+0000	[######..................] benchmark.Twitter	13.2GB/49.1GB (27.0%)
2021-10-24T02:00:11.592+0000	[######..................] benchmark.Twitter	13.3GB/49.1GB (27.1%)
2021-10-24T02:00:14.592+0000	[######..................] benchmark.Twitter	13.4GB/49.1GB (27.2%)
2021-10-24T02:00:17.592+0000	[######..................] benchmark.Twitter	13.4GB/49.1GB (27.3%)
2021-10-24T02:00:20.592+0000	[######..................] benchmark.Twitter	13.5GB/49.1GB (27.4%)
2021-10-24T02:00:23.592+0000	[######..................] benchmark.Twitter	13.5GB/49.1GB (27.5%)
2021-10-24T02:00:26.591+0000	[######..................] benchmark.Twitter	13.6GB/49.1GB (27.6%)
2021-10-24T02:00:29.591+0000	[######..................] benchmark.Twitter	13.6GB/49.1GB (27.7%)
2021-10-24T02:00:32.591+0000	[######..................] benchmark.Twitter	13.7GB/49.1GB (27.8%)
2021-10-24T02:00:35.592+0000	[######..................] benchmark.Twitter	13.7GB/49.1GB (27.9%)
2021-10-24T02:00:38.591+0000	[######..................] benchmark.Twitter	13.8GB/49.1GB (28.0%)
2021-10-24T02:00:41.592+0000	[######..................] benchmark.Twitter	13.8GB/49.1GB (28.1%)
2021-10-24T02:00:44.591+0000	[######..................] benchmark.Twitter	13.9GB/49.1GB (28.2%)
2021-10-24T02:00:47.592+0000	[######..................] benchmark.Twitter	13.9GB/49.1GB (28.4%)
2021-10-24T02:00:50.591+0000	[######..................] benchmark.Twitter	14.0GB/49.1GB (28.5%)
2021-10-24T02:00:53.591+0000	[######..................] benchmark.Twitter	14.0GB/49.1GB (28.6%)
2021-10-24T02:00:56.592+0000	[######..................] benchmark.Twitter	14.1GB/49.1GB (28.7%)
2021-10-24T02:00:59.592+0000	[######..................] benchmark.Twitter	14.1GB/49.1GB (28.8%)
2021-10-24T02:01:02.592+0000	[######..................] benchmark.Twitter	14.2GB/49.1GB (28.9%)
2021-10-24T02:01:05.591+0000	[######..................] benchmark.Twitter	14.2GB/49.1GB (29.0%)
2021-10-24T02:01:08.592+0000	[######..................] benchmark.Twitter	14.3GB/49.1GB (29.1%)
2021-10-24T02:01:11.592+0000	[#######.................] benchmark.Twitter	14.3GB/49.1GB (29.2%)
2021-10-24T02:01:14.592+0000	[#######.................] benchmark.Twitter	14.4GB/49.1GB (29.3%)
2021-10-24T02:01:17.591+0000	[#######.................] benchmark.Twitter	14.4GB/49.1GB (29.4%)
2021-10-24T02:01:20.592+0000	[#######.................] benchmark.Twitter	14.5GB/49.1GB (29.5%)
2021-10-24T02:01:23.593+0000	[#######.................] benchmark.Twitter	14.6GB/49.1GB (29.6%)
2021-10-24T02:01:26.591+0000	[#######.................] benchmark.Twitter	14.6GB/49.1GB (29.7%)
2021-10-24T02:01:29.591+0000	[#######.................] benchmark.Twitter	14.7GB/49.1GB (29.8%)
2021-10-24T02:01:32.592+0000	[#######.................] benchmark.Twitter	14.7GB/49.1GB (29.9%)
2021-10-24T02:01:35.591+0000	[#######.................] benchmark.Twitter	14.8GB/49.1GB (30.0%)
2021-10-24T02:01:38.592+0000	[#######.................] benchmark.Twitter	14.8GB/49.1GB (30.2%)
2021-10-24T02:01:41.591+0000	[#######.................] benchmark.Twitter	14.9GB/49.1GB (30.3%)
2021-10-24T02:01:44.592+0000	[#######.................] benchmark.Twitter	14.9GB/49.1GB (30.4%)
2021-10-24T02:01:47.591+0000	[#######.................] benchmark.Twitter	15.0GB/49.1GB (30.5%)
2021-10-24T02:01:50.591+0000	[#######.................] benchmark.Twitter	15.0GB/49.1GB (30.6%)
2021-10-24T02:01:53.592+0000	[#######.................] benchmark.Twitter	15.1GB/49.1GB (30.7%)
2021-10-24T02:01:56.592+0000	[#######.................] benchmark.Twitter	15.1GB/49.1GB (30.7%)
2021-10-24T02:01:59.592+0000	[#######.................] benchmark.Twitter	15.2GB/49.1GB (30.8%)
2021-10-24T02:02:02.591+0000	[#######.................] benchmark.Twitter	15.2GB/49.1GB (30.9%)
2021-10-24T02:02:05.591+0000	[#######.................] benchmark.Twitter	15.2GB/49.1GB (31.0%)
2021-10-24T02:02:08.591+0000	[#######.................] benchmark.Twitter	15.3GB/49.1GB (31.1%)
2021-10-24T02:02:11.592+0000	[#######.................] benchmark.Twitter	15.3GB/49.1GB (31.2%)
2021-10-24T02:02:14.591+0000	[#######.................] benchmark.Twitter	15.4GB/49.1GB (31.3%)
2021-10-24T02:02:17.592+0000	[#######.................] benchmark.Twitter	15.4GB/49.1GB (31.4%)
2021-10-24T02:02:20.592+0000	[#######.................] benchmark.Twitter	15.4GB/49.1GB (31.4%)
2021-10-24T02:02:23.592+0000	[#######.................] benchmark.Twitter	15.5GB/49.1GB (31.5%)
2021-10-24T02:02:26.591+0000	[#######.................] benchmark.Twitter	15.5GB/49.1GB (31.6%)
2021-10-24T02:02:29.592+0000	[#######.................] benchmark.Twitter	15.6GB/49.1GB (31.7%)
2021-10-24T02:02:32.592+0000	[#######.................] benchmark.Twitter	15.7GB/49.1GB (31.8%)
2021-10-24T02:02:35.592+0000	[#######.................] benchmark.Twitter	15.7GB/49.1GB (32.0%)
2021-10-24T02:02:38.592+0000	[#######.................] benchmark.Twitter	15.8GB/49.1GB (32.1%)
2021-10-24T02:02:41.592+0000	[#######.................] benchmark.Twitter	15.8GB/49.1GB (32.2%)
2021-10-24T02:02:44.592+0000	[#######.................] benchmark.Twitter	15.8GB/49.1GB (32.3%)
2021-10-24T02:02:47.591+0000	[#######.................] benchmark.Twitter	15.9GB/49.1GB (32.4%)
2021-10-24T02:02:50.592+0000	[#######.................] benchmark.Twitter	15.9GB/49.1GB (32.5%)
2021-10-24T02:02:53.591+0000	[#######.................] benchmark.Twitter	16.0GB/49.1GB (32.6%)
2021-10-24T02:02:56.591+0000	[#######.................] benchmark.Twitter	16.1GB/49.1GB (32.7%)
2021-10-24T02:02:59.592+0000	[#######.................] benchmark.Twitter	16.1GB/49.1GB (32.8%)
2021-10-24T02:03:02.592+0000	[#######.................] benchmark.Twitter	16.2GB/49.1GB (32.9%)
2021-10-24T02:03:05.592+0000	[#######.................] benchmark.Twitter	16.2GB/49.1GB (33.0%)
2021-10-24T02:03:08.591+0000	[#######.................] benchmark.Twitter	16.3GB/49.1GB (33.1%)
2021-10-24T02:03:11.591+0000	[#######.................] benchmark.Twitter	16.3GB/49.1GB (33.2%)
2021-10-24T02:03:14.591+0000	[#######.................] benchmark.Twitter	16.4GB/49.1GB (33.3%)
2021-10-24T02:03:17.591+0000	[########................] benchmark.Twitter	16.4GB/49.1GB (33.4%)
2021-10-24T02:03:20.592+0000	[########................] benchmark.Twitter	16.5GB/49.1GB (33.5%)
2021-10-24T02:03:23.592+0000	[########................] benchmark.Twitter	16.5GB/49.1GB (33.6%)
2021-10-24T02:03:26.592+0000	[########................] benchmark.Twitter	16.6GB/49.1GB (33.7%)
2021-10-24T02:03:29.592+0000	[########................] benchmark.Twitter	16.6GB/49.1GB (33.8%)
2021-10-24T02:03:32.592+0000	[########................] benchmark.Twitter	16.7GB/49.1GB (33.9%)
2021-10-24T02:03:35.592+0000	[########................] benchmark.Twitter	16.7GB/49.1GB (34.0%)
2021-10-24T02:03:38.591+0000	[########................] benchmark.Twitter	16.8GB/49.1GB (34.2%)
2021-10-24T02:03:41.592+0000	[########................] benchmark.Twitter	16.8GB/49.1GB (34.3%)
2021-10-24T02:03:44.592+0000	[########................] benchmark.Twitter	16.9GB/49.1GB (34.4%)
2021-10-24T02:03:47.593+0000	[########................] benchmark.Twitter	16.9GB/49.1GB (34.5%)
2021-10-24T02:03:50.592+0000	[########................] benchmark.Twitter	17.0GB/49.1GB (34.6%)
2021-10-24T02:03:53.592+0000	[########................] benchmark.Twitter	17.0GB/49.1GB (34.7%)
2021-10-24T02:03:56.592+0000	[########................] benchmark.Twitter	17.1GB/49.1GB (34.8%)
2021-10-24T02:03:59.592+0000	[########................] benchmark.Twitter	17.1GB/49.1GB (34.9%)
2021-10-24T02:04:02.591+0000	[########................] benchmark.Twitter	17.2GB/49.1GB (35.0%)
2021-10-24T02:04:05.592+0000	[########................] benchmark.Twitter	17.2GB/49.1GB (35.1%)
2021-10-24T02:04:08.592+0000	[########................] benchmark.Twitter	17.3GB/49.1GB (35.2%)
2021-10-24T02:04:11.591+0000	[########................] benchmark.Twitter	17.4GB/49.1GB (35.3%)
2021-10-24T02:04:14.592+0000	[########................] benchmark.Twitter	17.4GB/49.1GB (35.4%)
2021-10-24T02:04:17.591+0000	[########................] benchmark.Twitter	17.4GB/49.1GB (35.5%)
2021-10-24T02:04:20.592+0000	[########................] benchmark.Twitter	17.5GB/49.1GB (35.6%)
2021-10-24T02:04:23.591+0000	[########................] benchmark.Twitter	17.6GB/49.1GB (35.7%)
2021-10-24T02:04:26.591+0000	[########................] benchmark.Twitter	17.6GB/49.1GB (35.8%)
2021-10-24T02:04:29.592+0000	[########................] benchmark.Twitter	17.7GB/49.1GB (35.9%)
2021-10-24T02:04:32.591+0000	[########................] benchmark.Twitter	17.7GB/49.1GB (36.0%)
2021-10-24T02:04:35.592+0000	[########................] benchmark.Twitter	17.8GB/49.1GB (36.1%)
2021-10-24T02:04:38.591+0000	[########................] benchmark.Twitter	17.8GB/49.1GB (36.3%)
2021-10-24T02:04:41.592+0000	[########................] benchmark.Twitter	17.9GB/49.1GB (36.4%)
2021-10-24T02:04:44.591+0000	[########................] benchmark.Twitter	17.9GB/49.1GB (36.5%)
2021-10-24T02:04:47.591+0000	[########................] benchmark.Twitter	18.0GB/49.1GB (36.6%)
2021-10-24T02:04:50.592+0000	[########................] benchmark.Twitter	18.0GB/49.1GB (36.7%)
2021-10-24T02:04:53.592+0000	[########................] benchmark.Twitter	18.1GB/49.1GB (36.8%)
2021-10-24T02:04:56.592+0000	[########................] benchmark.Twitter	18.1GB/49.1GB (36.8%)
2021-10-24T02:04:59.591+0000	[########................] benchmark.Twitter	18.1GB/49.1GB (36.9%)
2021-10-24T02:05:02.592+0000	[########................] benchmark.Twitter	18.2GB/49.1GB (37.0%)
2021-10-24T02:05:05.592+0000	[########................] benchmark.Twitter	18.2GB/49.1GB (37.1%)
2021-10-24T02:05:08.592+0000	[########................] benchmark.Twitter	18.3GB/49.1GB (37.2%)
2021-10-24T02:05:11.591+0000	[########................] benchmark.Twitter	18.3GB/49.1GB (37.2%)
2021-10-24T02:05:14.591+0000	[########................] benchmark.Twitter	18.3GB/49.1GB (37.3%)
2021-10-24T02:05:17.592+0000	[########................] benchmark.Twitter	18.4GB/49.1GB (37.4%)
2021-10-24T02:05:20.591+0000	[#########...............] benchmark.Twitter	18.4GB/49.1GB (37.5%)
2021-10-24T02:05:23.592+0000	[#########...............] benchmark.Twitter	18.5GB/49.1GB (37.6%)
2021-10-24T02:05:26.592+0000	[#########...............] benchmark.Twitter	18.5GB/49.1GB (37.7%)
2021-10-24T02:05:29.592+0000	[#########...............] benchmark.Twitter	18.6GB/49.1GB (37.8%)
2021-10-24T02:05:32.591+0000	[#########...............] benchmark.Twitter	18.6GB/49.1GB (37.9%)
2021-10-24T02:05:35.592+0000	[#########...............] benchmark.Twitter	18.7GB/49.1GB (38.0%)
2021-10-24T02:05:38.592+0000	[#########...............] benchmark.Twitter	18.7GB/49.1GB (38.1%)
2021-10-24T02:05:41.592+0000	[#########...............] benchmark.Twitter	18.8GB/49.1GB (38.3%)
2021-10-24T02:05:44.592+0000	[#########...............] benchmark.Twitter	18.9GB/49.1GB (38.4%)
2021-10-24T02:05:47.592+0000	[#########...............] benchmark.Twitter	18.9GB/49.1GB (38.5%)
2021-10-24T02:05:50.592+0000	[#########...............] benchmark.Twitter	18.9GB/49.1GB (38.6%)
2021-10-24T02:05:53.592+0000	[#########...............] benchmark.Twitter	19.0GB/49.1GB (38.7%)
2021-10-24T02:05:56.592+0000	[#########...............] benchmark.Twitter	19.1GB/49.1GB (38.8%)
2021-10-24T02:05:59.592+0000	[#########...............] benchmark.Twitter	19.1GB/49.1GB (38.9%)
2021-10-24T02:06:02.593+0000	[#########...............] benchmark.Twitter	19.1GB/49.1GB (39.0%)
2021-10-24T02:06:05.591+0000	[#########...............] benchmark.Twitter	19.2GB/49.1GB (39.1%)
2021-10-24T02:06:08.592+0000	[#########...............] benchmark.Twitter	19.3GB/49.1GB (39.2%)
2021-10-24T02:06:11.592+0000	[#########...............] benchmark.Twitter	19.3GB/49.1GB (39.3%)
2021-10-24T02:06:14.591+0000	[#########...............] benchmark.Twitter	19.4GB/49.1GB (39.4%)
2021-10-24T02:06:17.591+0000	[#########...............] benchmark.Twitter	19.4GB/49.1GB (39.5%)
2021-10-24T02:06:20.591+0000	[#########...............] benchmark.Twitter	19.5GB/49.1GB (39.6%)
2021-10-24T02:06:23.592+0000	[#########...............] benchmark.Twitter	19.5GB/49.1GB (39.7%)
2021-10-24T02:06:26.592+0000	[#########...............] benchmark.Twitter	19.6GB/49.1GB (39.8%)
2021-10-24T02:06:29.591+0000	[#########...............] benchmark.Twitter	19.6GB/49.1GB (39.9%)
2021-10-24T02:06:32.592+0000	[#########...............] benchmark.Twitter	19.7GB/49.1GB (40.0%)
2021-10-24T02:06:35.591+0000	[#########...............] benchmark.Twitter	19.7GB/49.1GB (40.1%)
2021-10-24T02:06:38.592+0000	[#########...............] benchmark.Twitter	19.8GB/49.1GB (40.2%)
2021-10-24T02:06:41.591+0000	[#########...............] benchmark.Twitter	19.8GB/49.1GB (40.3%)
2021-10-24T02:06:44.591+0000	[#########...............] benchmark.Twitter	19.9GB/49.1GB (40.4%)
2021-10-24T02:06:47.591+0000	[#########...............] benchmark.Twitter	19.9GB/49.1GB (40.6%)
2021-10-24T02:06:50.591+0000	[#########...............] benchmark.Twitter	20.0GB/49.1GB (40.7%)
2021-10-24T02:06:53.591+0000	[#########...............] benchmark.Twitter	20.0GB/49.1GB (40.8%)
2021-10-24T02:06:56.591+0000	[#########...............] benchmark.Twitter	20.1GB/49.1GB (40.9%)
2021-10-24T02:06:59.591+0000	[#########...............] benchmark.Twitter	20.1GB/49.1GB (40.9%)
2021-10-24T02:07:02.592+0000	[#########...............] benchmark.Twitter	20.1GB/49.1GB (41.0%)
2021-10-24T02:07:05.591+0000	[#########...............] benchmark.Twitter	20.2GB/49.1GB (41.1%)
2021-10-24T02:07:08.593+0000	[#########...............] benchmark.Twitter	20.2GB/49.1GB (41.2%)
2021-10-24T02:07:11.593+0000	[#########...............] benchmark.Twitter	20.3GB/49.1GB (41.3%)
2021-10-24T02:07:14.592+0000	[#########...............] benchmark.Twitter	20.3GB/49.1GB (41.3%)
2021-10-24T02:07:17.592+0000	[#########...............] benchmark.Twitter	20.4GB/49.1GB (41.4%)
2021-10-24T02:07:20.592+0000	[#########...............] benchmark.Twitter	20.4GB/49.1GB (41.5%)
2021-10-24T02:07:23.592+0000	[#########...............] benchmark.Twitter	20.4GB/49.1GB (41.6%)
2021-10-24T02:07:26.592+0000	[##########..............] benchmark.Twitter	20.5GB/49.1GB (41.7%)
2021-10-24T02:07:29.591+0000	[##########..............] benchmark.Twitter	20.6GB/49.1GB (41.8%)
2021-10-24T02:07:32.592+0000	[##########..............] benchmark.Twitter	20.6GB/49.1GB (41.9%)
2021-10-24T02:07:35.592+0000	[##########..............] benchmark.Twitter	20.6GB/49.1GB (42.0%)
2021-10-24T02:07:38.592+0000	[##########..............] benchmark.Twitter	20.7GB/49.1GB (42.1%)
2021-10-24T02:07:41.591+0000	[##########..............] benchmark.Twitter	20.8GB/49.1GB (42.2%)
2021-10-24T02:07:44.591+0000	[##########..............] benchmark.Twitter	20.8GB/49.1GB (42.3%)
2021-10-24T02:07:47.592+0000	[##########..............] benchmark.Twitter	20.9GB/49.1GB (42.4%)
2021-10-24T02:07:50.592+0000	[##########..............] benchmark.Twitter	20.9GB/49.1GB (42.6%)
2021-10-24T02:07:53.592+0000	[##########..............] benchmark.Twitter	21.0GB/49.1GB (42.7%)
2021-10-24T02:07:56.592+0000	[##########..............] benchmark.Twitter	21.0GB/49.1GB (42.8%)
2021-10-24T02:07:59.591+0000	[##########..............] benchmark.Twitter	21.1GB/49.1GB (42.9%)
2021-10-24T02:08:02.592+0000	[##########..............] benchmark.Twitter	21.1GB/49.1GB (43.0%)
2021-10-24T02:08:05.592+0000	[##########..............] benchmark.Twitter	21.2GB/49.1GB (43.1%)
2021-10-24T02:08:08.592+0000	[##########..............] benchmark.Twitter	21.2GB/49.1GB (43.2%)
2021-10-24T02:08:11.591+0000	[##########..............] benchmark.Twitter	21.3GB/49.1GB (43.3%)
2021-10-24T02:08:14.591+0000	[##########..............] benchmark.Twitter	21.3GB/49.1GB (43.4%)
2021-10-24T02:08:17.592+0000	[##########..............] benchmark.Twitter	21.4GB/49.1GB (43.5%)
2021-10-24T02:08:20.591+0000	[##########..............] benchmark.Twitter	21.4GB/49.1GB (43.6%)
2021-10-24T02:08:23.593+0000	[##########..............] benchmark.Twitter	21.5GB/49.1GB (43.7%)
2021-10-24T02:08:26.593+0000	[##########..............] benchmark.Twitter	21.5GB/49.1GB (43.8%)
2021-10-24T02:08:29.591+0000	[##########..............] benchmark.Twitter	21.6GB/49.1GB (43.9%)
2021-10-24T02:08:32.592+0000	[##########..............] benchmark.Twitter	21.6GB/49.1GB (44.0%)
2021-10-24T02:08:35.592+0000	[##########..............] benchmark.Twitter	21.7GB/49.1GB (44.1%)
2021-10-24T02:08:38.592+0000	[##########..............] benchmark.Twitter	21.7GB/49.1GB (44.2%)
2021-10-24T02:08:41.592+0000	[##########..............] benchmark.Twitter	21.8GB/49.1GB (44.3%)
2021-10-24T02:08:44.591+0000	[##########..............] benchmark.Twitter	21.8GB/49.1GB (44.4%)
2021-10-24T02:08:47.596+0000	[##########..............] benchmark.Twitter	21.9GB/49.1GB (44.5%)
2021-10-24T02:08:50.591+0000	[##########..............] benchmark.Twitter	21.9GB/49.1GB (44.6%)
2021-10-24T02:08:53.592+0000	[##########..............] benchmark.Twitter	22.0GB/49.1GB (44.8%)
2021-10-24T02:08:56.592+0000	[##########..............] benchmark.Twitter	22.0GB/49.1GB (44.9%)
2021-10-24T02:08:59.591+0000	[##########..............] benchmark.Twitter	22.1GB/49.1GB (45.0%)
2021-10-24T02:09:02.592+0000	[##########..............] benchmark.Twitter	22.1GB/49.1GB (45.1%)
2021-10-24T02:09:05.592+0000	[##########..............] benchmark.Twitter	22.2GB/49.1GB (45.2%)
2021-10-24T02:09:08.592+0000	[##########..............] benchmark.Twitter	22.2GB/49.1GB (45.3%)
2021-10-24T02:09:11.592+0000	[##########..............] benchmark.Twitter	22.3GB/49.1GB (45.4%)
2021-10-24T02:09:14.592+0000	[##########..............] benchmark.Twitter	22.4GB/49.1GB (45.5%)
2021-10-24T02:09:17.592+0000	[##########..............] benchmark.Twitter	22.4GB/49.1GB (45.6%)
2021-10-24T02:09:20.592+0000	[##########..............] benchmark.Twitter	22.4GB/49.1GB (45.7%)
2021-10-24T02:09:23.592+0000	[##########..............] benchmark.Twitter	22.5GB/49.1GB (45.8%)
2021-10-24T02:09:26.592+0000	[###########.............] benchmark.Twitter	22.6GB/49.1GB (45.9%)
2021-10-24T02:09:29.592+0000	[###########.............] benchmark.Twitter	22.6GB/49.1GB (46.0%)
2021-10-24T02:09:32.592+0000	[###########.............] benchmark.Twitter	22.6GB/49.1GB (46.1%)
2021-10-24T02:09:35.591+0000	[###########.............] benchmark.Twitter	22.7GB/49.1GB (46.2%)
2021-10-24T02:09:38.592+0000	[###########.............] benchmark.Twitter	22.8GB/49.1GB (46.3%)
2021-10-24T02:09:41.592+0000	[###########.............] benchmark.Twitter	22.8GB/49.1GB (46.4%)
2021-10-24T02:09:44.591+0000	[###########.............] benchmark.Twitter	22.9GB/49.1GB (46.5%)
2021-10-24T02:09:47.592+0000	[###########.............] benchmark.Twitter	22.9GB/49.1GB (46.6%)
2021-10-24T02:09:50.591+0000	[###########.............] benchmark.Twitter	23.0GB/49.1GB (46.7%)
2021-10-24T02:09:53.592+0000	[###########.............] benchmark.Twitter	23.0GB/49.1GB (46.8%)
2021-10-24T02:09:56.592+0000	[###########.............] benchmark.Twitter	23.1GB/49.1GB (46.9%)
2021-10-24T02:09:59.592+0000	[###########.............] benchmark.Twitter	23.1GB/49.1GB (47.0%)
2021-10-24T02:10:02.593+0000	[###########.............] benchmark.Twitter	23.2GB/49.1GB (47.1%)
2021-10-24T02:10:05.592+0000	[###########.............] benchmark.Twitter	23.2GB/49.1GB (47.3%)
2021-10-24T02:10:08.592+0000	[###########.............] benchmark.Twitter	23.3GB/49.1GB (47.3%)
2021-10-24T02:10:11.592+0000	[###########.............] benchmark.Twitter	23.3GB/49.1GB (47.5%)
2021-10-24T02:10:14.592+0000	[###########.............] benchmark.Twitter	23.4GB/49.1GB (47.6%)
2021-10-24T02:10:17.592+0000	[###########.............] benchmark.Twitter	23.4GB/49.1GB (47.7%)
2021-10-24T02:10:20.591+0000	[###########.............] benchmark.Twitter	23.5GB/49.1GB (47.8%)
2021-10-24T02:10:23.592+0000	[###########.............] benchmark.Twitter	23.5GB/49.1GB (47.9%)
2021-10-24T02:10:26.595+0000	[###########.............] benchmark.Twitter	23.6GB/49.1GB (48.0%)
2021-10-24T02:10:29.592+0000	[###########.............] benchmark.Twitter	23.6GB/49.1GB (48.1%)
2021-10-24T02:10:32.592+0000	[###########.............] benchmark.Twitter	23.7GB/49.1GB (48.2%)
2021-10-24T02:10:35.592+0000	[###########.............] benchmark.Twitter	23.7GB/49.1GB (48.3%)
2021-10-24T02:10:38.591+0000	[###########.............] benchmark.Twitter	23.8GB/49.1GB (48.4%)
2021-10-24T02:10:41.592+0000	[###########.............] benchmark.Twitter	23.8GB/49.1GB (48.5%)
2021-10-24T02:10:44.592+0000	[###########.............] benchmark.Twitter	23.9GB/49.1GB (48.6%)
2021-10-24T02:10:47.592+0000	[###########.............] benchmark.Twitter	23.9GB/49.1GB (48.7%)
2021-10-24T02:10:50.591+0000	[###########.............] benchmark.Twitter	23.9GB/49.1GB (48.7%)
2021-10-24T02:10:53.591+0000	[###########.............] benchmark.Twitter	24.0GB/49.1GB (48.8%)
2021-10-24T02:10:56.592+0000	[###########.............] benchmark.Twitter	24.0GB/49.1GB (48.9%)
2021-10-24T02:10:59.592+0000	[###########.............] benchmark.Twitter	24.1GB/49.1GB (49.0%)
2021-10-24T02:11:02.592+0000	[###########.............] benchmark.Twitter	24.1GB/49.1GB (49.1%)
2021-10-24T02:11:05.592+0000	[###########.............] benchmark.Twitter	24.2GB/49.1GB (49.2%)
2021-10-24T02:11:08.591+0000	[###########.............] benchmark.Twitter	24.2GB/49.1GB (49.3%)
2021-10-24T02:11:11.591+0000	[###########.............] benchmark.Twitter	24.2GB/49.1GB (49.4%)
2021-10-24T02:11:14.592+0000	[###########.............] benchmark.Twitter	24.3GB/49.1GB (49.4%)
2021-10-24T02:11:17.592+0000	[###########.............] benchmark.Twitter	24.3GB/49.1GB (49.5%)
2021-10-24T02:11:20.591+0000	[###########.............] benchmark.Twitter	24.4GB/49.1GB (49.6%)
2021-10-24T02:11:23.592+0000	[###########.............] benchmark.Twitter	24.4GB/49.1GB (49.7%)
2021-10-24T02:11:26.592+0000	[###########.............] benchmark.Twitter	24.5GB/49.1GB (49.8%)
2021-10-24T02:11:29.592+0000	[###########.............] benchmark.Twitter	24.5GB/49.1GB (49.9%)
2021-10-24T02:11:32.591+0000	[###########.............] benchmark.Twitter	24.6GB/49.1GB (50.0%)
2021-10-24T02:11:35.591+0000	[############............] benchmark.Twitter	24.6GB/49.1GB (50.1%)
2021-10-24T02:11:38.592+0000	[############............] benchmark.Twitter	24.7GB/49.1GB (50.2%)
2021-10-24T02:11:41.594+0000	[############............] benchmark.Twitter	24.7GB/49.1GB (50.3%)
2021-10-24T02:11:44.592+0000	[############............] benchmark.Twitter	24.8GB/49.1GB (50.4%)
2021-10-24T02:11:47.592+0000	[############............] benchmark.Twitter	24.8GB/49.1GB (50.5%)
2021-10-24T02:11:50.591+0000	[############............] benchmark.Twitter	24.9GB/49.1GB (50.6%)
2021-10-24T02:11:53.592+0000	[############............] benchmark.Twitter	24.9GB/49.1GB (50.7%)
2021-10-24T02:11:56.591+0000	[############............] benchmark.Twitter	25.0GB/49.1GB (50.8%)
2021-10-24T02:11:59.591+0000	[############............] benchmark.Twitter	25.0GB/49.1GB (50.9%)
2021-10-24T02:12:02.592+0000	[############............] benchmark.Twitter	25.1GB/49.1GB (51.0%)
2021-10-24T02:12:05.592+0000	[############............] benchmark.Twitter	25.1GB/49.1GB (51.1%)
2021-10-24T02:12:08.591+0000	[############............] benchmark.Twitter	25.2GB/49.1GB (51.2%)
2021-10-24T02:12:11.592+0000	[############............] benchmark.Twitter	25.2GB/49.1GB (51.3%)
2021-10-24T02:12:14.591+0000	[############............] benchmark.Twitter	25.3GB/49.1GB (51.4%)
2021-10-24T02:12:17.592+0000	[############............] benchmark.Twitter	25.3GB/49.1GB (51.5%)
2021-10-24T02:12:20.592+0000	[############............] benchmark.Twitter	25.4GB/49.1GB (51.6%)
2021-10-24T02:12:23.592+0000	[############............] benchmark.Twitter	25.4GB/49.1GB (51.7%)
2021-10-24T02:12:26.592+0000	[############............] benchmark.Twitter	25.5GB/49.1GB (51.8%)
2021-10-24T02:12:29.592+0000	[############............] benchmark.Twitter	25.5GB/49.1GB (51.9%)
2021-10-24T02:12:32.592+0000	[############............] benchmark.Twitter	25.6GB/49.1GB (52.1%)
2021-10-24T02:12:35.592+0000	[############............] benchmark.Twitter	25.6GB/49.1GB (52.2%)
2021-10-24T02:12:38.592+0000	[############............] benchmark.Twitter	25.7GB/49.1GB (52.3%)
2021-10-24T02:12:41.591+0000	[############............] benchmark.Twitter	25.7GB/49.1GB (52.4%)
2021-10-24T02:12:44.592+0000	[############............] benchmark.Twitter	25.8GB/49.1GB (52.5%)
2021-10-24T02:12:47.592+0000	[############............] benchmark.Twitter	25.8GB/49.1GB (52.6%)
2021-10-24T02:12:50.591+0000	[############............] benchmark.Twitter	25.9GB/49.1GB (52.7%)
2021-10-24T02:12:53.591+0000	[############............] benchmark.Twitter	25.9GB/49.1GB (52.8%)
2021-10-24T02:12:56.592+0000	[############............] benchmark.Twitter	26.0GB/49.1GB (52.9%)
2021-10-24T02:12:59.592+0000	[############............] benchmark.Twitter	26.0GB/49.1GB (53.0%)
2021-10-24T02:13:02.591+0000	[############............] benchmark.Twitter	26.1GB/49.1GB (53.1%)
2021-10-24T02:13:05.591+0000	[############............] benchmark.Twitter	26.1GB/49.1GB (53.2%)
2021-10-24T02:13:08.592+0000	[############............] benchmark.Twitter	26.2GB/49.1GB (53.3%)
2021-10-24T02:13:11.592+0000	[############............] benchmark.Twitter	26.2GB/49.1GB (53.4%)
2021-10-24T02:13:14.591+0000	[############............] benchmark.Twitter	26.3GB/49.1GB (53.5%)
2021-10-24T02:13:17.592+0000	[############............] benchmark.Twitter	26.3GB/49.1GB (53.6%)
2021-10-24T02:13:20.591+0000	[############............] benchmark.Twitter	26.4GB/49.1GB (53.7%)
2021-10-24T02:13:23.592+0000	[############............] benchmark.Twitter	26.4GB/49.1GB (53.8%)
2021-10-24T02:13:26.592+0000	[############............] benchmark.Twitter	26.5GB/49.1GB (53.9%)
2021-10-24T02:13:29.592+0000	[############............] benchmark.Twitter	26.5GB/49.1GB (54.0%)
2021-10-24T02:13:32.591+0000	[############............] benchmark.Twitter	26.6GB/49.1GB (54.1%)
2021-10-24T02:13:35.592+0000	[#############...........] benchmark.Twitter	26.6GB/49.1GB (54.2%)
2021-10-24T02:13:38.591+0000	[#############...........] benchmark.Twitter	26.7GB/49.1GB (54.3%)
2021-10-24T02:13:41.591+0000	[#############...........] benchmark.Twitter	26.7GB/49.1GB (54.4%)
2021-10-24T02:13:44.592+0000	[#############...........] benchmark.Twitter	26.8GB/49.1GB (54.5%)
2021-10-24T02:13:47.591+0000	[#############...........] benchmark.Twitter	26.8GB/49.1GB (54.6%)
2021-10-24T02:13:50.592+0000	[#############...........] benchmark.Twitter	26.9GB/49.1GB (54.7%)
2021-10-24T02:13:53.592+0000	[#############...........] benchmark.Twitter	26.9GB/49.1GB (54.8%)
2021-10-24T02:13:56.591+0000	[#############...........] benchmark.Twitter	27.0GB/49.1GB (54.9%)
2021-10-24T02:13:59.592+0000	[#############...........] benchmark.Twitter	27.0GB/49.1GB (55.0%)
2021-10-24T02:14:02.593+0000	[#############...........] benchmark.Twitter	27.1GB/49.1GB (55.1%)
2021-10-24T02:14:05.592+0000	[#############...........] benchmark.Twitter	27.1GB/49.1GB (55.2%)
2021-10-24T02:14:08.591+0000	[#############...........] benchmark.Twitter	27.2GB/49.1GB (55.3%)
2021-10-24T02:14:11.591+0000	[#############...........] benchmark.Twitter	27.2GB/49.1GB (55.5%)
2021-10-24T02:14:14.591+0000	[#############...........] benchmark.Twitter	27.3GB/49.1GB (55.6%)
2021-10-24T02:14:17.591+0000	[#############...........] benchmark.Twitter	27.4GB/49.1GB (55.7%)
2021-10-24T02:14:20.592+0000	[#############...........] benchmark.Twitter	27.4GB/49.1GB (55.8%)
2021-10-24T02:14:23.591+0000	[#############...........] benchmark.Twitter	27.4GB/49.1GB (55.9%)
2021-10-24T02:14:26.591+0000	[#############...........] benchmark.Twitter	27.5GB/49.1GB (56.0%)
2021-10-24T02:14:29.591+0000	[#############...........] benchmark.Twitter	27.6GB/49.1GB (56.1%)
2021-10-24T02:14:32.591+0000	[#############...........] benchmark.Twitter	27.6GB/49.1GB (56.2%)
2021-10-24T02:14:35.591+0000	[#############...........] benchmark.Twitter	27.7GB/49.1GB (56.3%)
2021-10-24T02:14:38.592+0000	[#############...........] benchmark.Twitter	27.7GB/49.1GB (56.4%)
2021-10-24T02:14:41.591+0000	[#############...........] benchmark.Twitter	27.8GB/49.1GB (56.5%)
2021-10-24T02:14:44.592+0000	[#############...........] benchmark.Twitter	27.8GB/49.1GB (56.6%)
2021-10-24T02:14:47.592+0000	[#############...........] benchmark.Twitter	27.9GB/49.1GB (56.7%)
2021-10-24T02:14:50.592+0000	[#############...........] benchmark.Twitter	27.9GB/49.1GB (56.8%)
2021-10-24T02:14:53.591+0000	[#############...........] benchmark.Twitter	28.0GB/49.1GB (56.9%)
2021-10-24T02:14:56.592+0000	[#############...........] benchmark.Twitter	28.0GB/49.1GB (57.0%)
2021-10-24T02:14:59.592+0000	[#############...........] benchmark.Twitter	28.1GB/49.1GB (57.1%)
2021-10-24T02:15:02.592+0000	[#############...........] benchmark.Twitter	28.1GB/49.1GB (57.2%)
2021-10-24T02:15:05.592+0000	[#############...........] benchmark.Twitter	28.1GB/49.1GB (57.3%)
2021-10-24T02:15:08.593+0000	[#############...........] benchmark.Twitter	28.2GB/49.1GB (57.4%)
2021-10-24T02:15:11.592+0000	[#############...........] benchmark.Twitter	28.2GB/49.1GB (57.5%)
2021-10-24T02:15:14.592+0000	[#############...........] benchmark.Twitter	28.3GB/49.1GB (57.6%)
2021-10-24T02:15:17.592+0000	[#############...........] benchmark.Twitter	28.3GB/49.1GB (57.6%)
2021-10-24T02:15:20.592+0000	[#############...........] benchmark.Twitter	28.4GB/49.1GB (57.7%)
2021-10-24T02:15:23.592+0000	[#############...........] benchmark.Twitter	28.4GB/49.1GB (57.8%)
2021-10-24T02:15:26.592+0000	[#############...........] benchmark.Twitter	28.4GB/49.1GB (57.9%)
2021-10-24T02:15:29.592+0000	[#############...........] benchmark.Twitter	28.5GB/49.1GB (58.0%)
2021-10-24T02:15:32.592+0000	[#############...........] benchmark.Twitter	28.5GB/49.1GB (58.1%)
2021-10-24T02:15:35.592+0000	[#############...........] benchmark.Twitter	28.6GB/49.1GB (58.2%)
2021-10-24T02:15:38.592+0000	[#############...........] benchmark.Twitter	28.6GB/49.1GB (58.2%)
2021-10-24T02:15:41.592+0000	[#############...........] benchmark.Twitter	28.6GB/49.1GB (58.3%)
2021-10-24T02:15:44.592+0000	[##############..........] benchmark.Twitter	28.7GB/49.1GB (58.4%)
2021-10-24T02:15:47.592+0000	[##############..........] benchmark.Twitter	28.7GB/49.1GB (58.5%)
2021-10-24T02:15:50.591+0000	[##############..........] benchmark.Twitter	28.8GB/49.1GB (58.6%)
2021-10-24T02:15:53.592+0000	[##############..........] benchmark.Twitter	28.8GB/49.1GB (58.7%)
2021-10-24T02:15:56.592+0000	[##############..........] benchmark.Twitter	28.9GB/49.1GB (58.8%)
2021-10-24T02:15:59.592+0000	[##############..........] benchmark.Twitter	28.9GB/49.1GB (58.9%)
2021-10-24T02:16:02.592+0000	[##############..........] benchmark.Twitter	29.0GB/49.1GB (59.0%)
2021-10-24T02:16:05.591+0000	[##############..........] benchmark.Twitter	29.0GB/49.1GB (59.1%)
2021-10-24T02:16:08.592+0000	[##############..........] benchmark.Twitter	29.1GB/49.1GB (59.2%)
2021-10-24T02:16:11.592+0000	[##############..........] benchmark.Twitter	29.1GB/49.1GB (59.3%)
2021-10-24T02:16:14.591+0000	[##############..........] benchmark.Twitter	29.2GB/49.1GB (59.4%)
2021-10-24T02:16:17.592+0000	[##############..........] benchmark.Twitter	29.2GB/49.1GB (59.5%)
2021-10-24T02:16:20.591+0000	[##############..........] benchmark.Twitter	29.3GB/49.1GB (59.6%)
2021-10-24T02:16:23.592+0000	[##############..........] benchmark.Twitter	29.4GB/49.1GB (59.7%)
2021-10-24T02:16:26.592+0000	[##############..........] benchmark.Twitter	29.4GB/49.1GB (59.8%)
2021-10-24T02:16:29.591+0000	[##############..........] benchmark.Twitter	29.4GB/49.1GB (59.9%)
2021-10-24T02:16:32.592+0000	[##############..........] benchmark.Twitter	29.5GB/49.1GB (60.0%)
2021-10-24T02:16:35.591+0000	[##############..........] benchmark.Twitter	29.6GB/49.1GB (60.1%)
2021-10-24T02:16:38.592+0000	[##############..........] benchmark.Twitter	29.6GB/49.1GB (60.2%)
2021-10-24T02:16:41.591+0000	[##############..........] benchmark.Twitter	29.6GB/49.1GB (60.4%)
2021-10-24T02:16:44.592+0000	[##############..........] benchmark.Twitter	29.7GB/49.1GB (60.5%)
2021-10-24T02:16:47.592+0000	[##############..........] benchmark.Twitter	29.8GB/49.1GB (60.6%)
2021-10-24T02:16:50.591+0000	[##############..........] benchmark.Twitter	29.8GB/49.1GB (60.7%)
2021-10-24T02:16:53.591+0000	[##############..........] benchmark.Twitter	29.9GB/49.1GB (60.8%)
2021-10-24T02:16:56.591+0000	[##############..........] benchmark.Twitter	29.9GB/49.1GB (60.9%)
2021-10-24T02:16:59.592+0000	[##############..........] benchmark.Twitter	30.0GB/49.1GB (61.0%)
2021-10-24T02:17:02.592+0000	[##############..........] benchmark.Twitter	30.0GB/49.1GB (61.1%)
2021-10-24T02:17:05.591+0000	[##############..........] benchmark.Twitter	30.1GB/49.1GB (61.2%)
2021-10-24T02:17:08.591+0000	[##############..........] benchmark.Twitter	30.1GB/49.1GB (61.3%)
2021-10-24T02:17:11.591+0000	[##############..........] benchmark.Twitter	30.2GB/49.1GB (61.4%)
2021-10-24T02:17:14.591+0000	[##############..........] benchmark.Twitter	30.2GB/49.1GB (61.5%)
2021-10-24T02:17:17.591+0000	[##############..........] benchmark.Twitter	30.3GB/49.1GB (61.6%)
2021-10-24T02:17:20.591+0000	[##############..........] benchmark.Twitter	30.3GB/49.1GB (61.7%)
2021-10-24T02:17:23.593+0000	[##############..........] benchmark.Twitter	30.4GB/49.1GB (61.8%)
2021-10-24T02:17:26.591+0000	[##############..........] benchmark.Twitter	30.4GB/49.1GB (61.9%)
2021-10-24T02:17:29.591+0000	[##############..........] benchmark.Twitter	30.4GB/49.1GB (61.9%)
2021-10-24T02:17:32.591+0000	[##############..........] benchmark.Twitter	30.5GB/49.1GB (62.0%)
2021-10-24T02:17:35.591+0000	[##############..........] benchmark.Twitter	30.5GB/49.1GB (62.1%)
2021-10-24T02:17:38.592+0000	[##############..........] benchmark.Twitter	30.6GB/49.1GB (62.2%)
2021-10-24T02:17:41.592+0000	[##############..........] benchmark.Twitter	30.6GB/49.1GB (62.3%)
2021-10-24T02:17:44.592+0000	[##############..........] benchmark.Twitter	30.6GB/49.1GB (62.4%)
2021-10-24T02:17:47.593+0000	[##############..........] benchmark.Twitter	30.7GB/49.1GB (62.5%)
2021-10-24T02:17:50.592+0000	[###############.........] benchmark.Twitter	30.8GB/49.1GB (62.6%)
2021-10-24T02:17:53.592+0000	[###############.........] benchmark.Twitter	30.8GB/49.1GB (62.7%)
2021-10-24T02:17:56.591+0000	[###############.........] benchmark.Twitter	30.9GB/49.1GB (62.8%)
2021-10-24T02:17:59.592+0000	[###############.........] benchmark.Twitter	30.9GB/49.1GB (62.9%)
2021-10-24T02:18:02.591+0000	[###############.........] benchmark.Twitter	30.9GB/49.1GB (63.0%)
2021-10-24T02:18:05.592+0000	[###############.........] benchmark.Twitter	31.0GB/49.1GB (63.1%)
2021-10-24T02:18:08.592+0000	[###############.........] benchmark.Twitter	31.1GB/49.1GB (63.2%)
2021-10-24T02:18:11.591+0000	[###############.........] benchmark.Twitter	31.1GB/49.1GB (63.3%)
2021-10-24T02:18:14.592+0000	[###############.........] benchmark.Twitter	31.2GB/49.1GB (63.4%)
2021-10-24T02:18:17.591+0000	[###############.........] benchmark.Twitter	31.2GB/49.1GB (63.5%)
2021-10-24T02:18:20.591+0000	[###############.........] benchmark.Twitter	31.3GB/49.1GB (63.6%)
2021-10-24T02:18:23.591+0000	[###############.........] benchmark.Twitter	31.3GB/49.1GB (63.7%)
2021-10-24T02:18:26.592+0000	[###############.........] benchmark.Twitter	31.4GB/49.1GB (63.8%)
2021-10-24T02:18:29.592+0000	[###############.........] benchmark.Twitter	31.4GB/49.1GB (63.9%)
2021-10-24T02:18:32.591+0000	[###############.........] benchmark.Twitter	31.5GB/49.1GB (64.1%)
2021-10-24T02:18:35.591+0000	[###############.........] benchmark.Twitter	31.5GB/49.1GB (64.2%)
2021-10-24T02:18:38.592+0000	[###############.........] benchmark.Twitter	31.6GB/49.1GB (64.3%)
2021-10-24T02:18:41.592+0000	[###############.........] benchmark.Twitter	31.6GB/49.1GB (64.4%)
2021-10-24T02:18:44.593+0000	[###############.........] benchmark.Twitter	31.7GB/49.1GB (64.5%)
2021-10-24T02:18:47.592+0000	[###############.........] benchmark.Twitter	31.7GB/49.1GB (64.6%)
2021-10-24T02:18:50.591+0000	[###############.........] benchmark.Twitter	31.8GB/49.1GB (64.7%)
2021-10-24T02:18:53.591+0000	[###############.........] benchmark.Twitter	31.8GB/49.1GB (64.8%)
2021-10-24T02:18:56.591+0000	[###############.........] benchmark.Twitter	31.9GB/49.1GB (64.9%)
2021-10-24T02:18:59.592+0000	[###############.........] benchmark.Twitter	31.9GB/49.1GB (65.0%)
2021-10-24T02:19:02.591+0000	[###############.........] benchmark.Twitter	32.0GB/49.1GB (65.1%)
2021-10-24T02:19:05.592+0000	[###############.........] benchmark.Twitter	32.0GB/49.1GB (65.2%)
2021-10-24T02:19:08.591+0000	[###############.........] benchmark.Twitter	32.1GB/49.1GB (65.3%)
2021-10-24T02:19:11.591+0000	[###############.........] benchmark.Twitter	32.1GB/49.1GB (65.4%)
2021-10-24T02:19:14.592+0000	[###############.........] benchmark.Twitter	32.2GB/49.1GB (65.5%)
2021-10-24T02:19:17.594+0000	[###############.........] benchmark.Twitter	32.2GB/49.1GB (65.6%)
2021-10-24T02:19:20.591+0000	[###############.........] benchmark.Twitter	32.3GB/49.1GB (65.7%)
2021-10-24T02:19:23.592+0000	[###############.........] benchmark.Twitter	32.4GB/49.1GB (65.8%)
2021-10-24T02:19:26.592+0000	[###############.........] benchmark.Twitter	32.4GB/49.1GB (66.0%)
2021-10-24T02:19:29.591+0000	[###############.........] benchmark.Twitter	32.5GB/49.1GB (66.1%)
2021-10-24T02:19:32.592+0000	[###############.........] benchmark.Twitter	32.5GB/49.1GB (66.2%)
2021-10-24T02:19:35.592+0000	[###############.........] benchmark.Twitter	32.6GB/49.1GB (66.3%)
2021-10-24T02:19:38.592+0000	[###############.........] benchmark.Twitter	32.6GB/49.1GB (66.4%)
2021-10-24T02:19:41.591+0000	[###############.........] benchmark.Twitter	32.7GB/49.1GB (66.5%)
2021-10-24T02:19:44.591+0000	[###############.........] benchmark.Twitter	32.7GB/49.1GB (66.6%)
2021-10-24T02:19:47.592+0000	[################........] benchmark.Twitter	32.8GB/49.1GB (66.7%)
2021-10-24T02:19:50.592+0000	[################........] benchmark.Twitter	32.8GB/49.1GB (66.8%)
2021-10-24T02:19:53.592+0000	[################........] benchmark.Twitter	32.9GB/49.1GB (66.9%)
2021-10-24T02:19:56.592+0000	[################........] benchmark.Twitter	32.9GB/49.1GB (67.0%)
2021-10-24T02:19:59.592+0000	[################........] benchmark.Twitter	33.0GB/49.1GB (67.1%)
2021-10-24T02:20:02.591+0000	[################........] benchmark.Twitter	33.0GB/49.1GB (67.2%)
2021-10-24T02:20:05.592+0000	[################........] benchmark.Twitter	33.1GB/49.1GB (67.3%)
2021-10-24T02:20:08.592+0000	[################........] benchmark.Twitter	33.1GB/49.1GB (67.4%)
2021-10-24T02:20:11.593+0000	[################........] benchmark.Twitter	33.2GB/49.1GB (67.5%)
2021-10-24T02:20:14.592+0000	[################........] benchmark.Twitter	33.2GB/49.1GB (67.6%)
2021-10-24T02:20:17.592+0000	[################........] benchmark.Twitter	33.3GB/49.1GB (67.7%)
2021-10-24T02:20:20.591+0000	[################........] benchmark.Twitter	33.3GB/49.1GB (67.8%)
2021-10-24T02:20:23.591+0000	[################........] benchmark.Twitter	33.4GB/49.1GB (67.9%)
2021-10-24T02:20:26.591+0000	[################........] benchmark.Twitter	33.4GB/49.1GB (68.0%)
2021-10-24T02:20:29.592+0000	[################........] benchmark.Twitter	33.5GB/49.1GB (68.1%)
2021-10-24T02:20:32.592+0000	[################........] benchmark.Twitter	33.5GB/49.1GB (68.2%)
2021-10-24T02:20:35.591+0000	[################........] benchmark.Twitter	33.5GB/49.1GB (68.3%)
2021-10-24T02:20:38.592+0000	[################........] benchmark.Twitter	33.6GB/49.1GB (68.4%)
2021-10-24T02:20:41.592+0000	[################........] benchmark.Twitter	33.6GB/49.1GB (68.5%)
2021-10-24T02:20:44.592+0000	[################........] benchmark.Twitter	33.7GB/49.1GB (68.6%)
2021-10-24T02:20:47.591+0000	[################........] benchmark.Twitter	33.7GB/49.1GB (68.7%)
2021-10-24T02:20:50.592+0000	[################........] benchmark.Twitter	33.8GB/49.1GB (68.8%)
2021-10-24T02:20:53.592+0000	[################........] benchmark.Twitter	33.8GB/49.1GB (68.9%)
2021-10-24T02:20:56.591+0000	[################........] benchmark.Twitter	33.9GB/49.1GB (69.0%)
2021-10-24T02:20:59.591+0000	[################........] benchmark.Twitter	33.9GB/49.1GB (69.1%)
2021-10-24T02:21:02.592+0000	[################........] benchmark.Twitter	34.0GB/49.1GB (69.2%)
2021-10-24T02:21:05.592+0000	[################........] benchmark.Twitter	34.0GB/49.1GB (69.3%)
2021-10-24T02:21:08.592+0000	[################........] benchmark.Twitter	34.1GB/49.1GB (69.4%)
2021-10-24T02:21:11.592+0000	[################........] benchmark.Twitter	34.1GB/49.1GB (69.5%)
2021-10-24T02:21:14.592+0000	[################........] benchmark.Twitter	34.2GB/49.1GB (69.6%)
2021-10-24T02:21:17.592+0000	[################........] benchmark.Twitter	34.2GB/49.1GB (69.7%)
2021-10-24T02:21:20.591+0000	[################........] benchmark.Twitter	34.3GB/49.1GB (69.8%)
2021-10-24T02:21:23.592+0000	[################........] benchmark.Twitter	34.4GB/49.1GB (69.9%)
2021-10-24T02:21:26.591+0000	[################........] benchmark.Twitter	34.4GB/49.1GB (70.0%)
2021-10-24T02:21:29.592+0000	[################........] benchmark.Twitter	34.5GB/49.1GB (70.1%)
2021-10-24T02:21:32.591+0000	[################........] benchmark.Twitter	34.5GB/49.1GB (70.2%)
2021-10-24T02:21:35.592+0000	[################........] benchmark.Twitter	34.6GB/49.1GB (70.3%)
2021-10-24T02:21:38.592+0000	[################........] benchmark.Twitter	34.6GB/49.1GB (70.4%)
2021-10-24T02:21:41.592+0000	[################........] benchmark.Twitter	34.7GB/49.1GB (70.6%)
2021-10-24T02:21:44.591+0000	[################........] benchmark.Twitter	34.7GB/49.1GB (70.7%)
2021-10-24T02:21:47.591+0000	[################........] benchmark.Twitter	34.8GB/49.1GB (70.8%)
2021-10-24T02:21:50.592+0000	[#################.......] benchmark.Twitter	34.8GB/49.1GB (70.9%)
2021-10-24T02:21:53.592+0000	[#################.......] benchmark.Twitter	34.9GB/49.1GB (71.0%)
2021-10-24T02:21:56.592+0000	[#################.......] benchmark.Twitter	34.9GB/49.1GB (71.1%)
2021-10-24T02:21:59.592+0000	[#################.......] benchmark.Twitter	35.0GB/49.1GB (71.2%)
2021-10-24T02:22:02.591+0000	[#################.......] benchmark.Twitter	35.0GB/49.1GB (71.3%)
2021-10-24T02:22:05.592+0000	[#################.......] benchmark.Twitter	35.1GB/49.1GB (71.4%)
2021-10-24T02:22:08.591+0000	[#################.......] benchmark.Twitter	35.1GB/49.1GB (71.5%)
2021-10-24T02:22:11.592+0000	[#################.......] benchmark.Twitter	35.2GB/49.1GB (71.6%)
2021-10-24T02:22:14.592+0000	[#################.......] benchmark.Twitter	35.2GB/49.1GB (71.7%)
2021-10-24T02:22:17.592+0000	[#################.......] benchmark.Twitter	35.3GB/49.1GB (71.8%)
2021-10-24T02:22:20.592+0000	[#################.......] benchmark.Twitter	35.3GB/49.1GB (71.9%)
2021-10-24T02:22:23.592+0000	[#################.......] benchmark.Twitter	35.4GB/49.1GB (72.0%)
2021-10-24T02:22:26.592+0000	[#################.......] benchmark.Twitter	35.4GB/49.1GB (72.1%)
2021-10-24T02:22:29.592+0000	[#################.......] benchmark.Twitter	35.5GB/49.1GB (72.2%)
2021-10-24T02:22:32.591+0000	[#################.......] benchmark.Twitter	35.5GB/49.1GB (72.3%)
2021-10-24T02:22:35.592+0000	[#################.......] benchmark.Twitter	35.6GB/49.1GB (72.4%)
2021-10-24T02:22:38.592+0000	[#################.......] benchmark.Twitter	35.6GB/49.1GB (72.5%)
2021-10-24T02:22:41.592+0000	[#################.......] benchmark.Twitter	35.7GB/49.1GB (72.6%)
2021-10-24T02:22:44.592+0000	[#################.......] benchmark.Twitter	35.7GB/49.1GB (72.7%)
2021-10-24T02:22:47.592+0000	[#################.......] benchmark.Twitter	35.8GB/49.1GB (72.8%)
2021-10-24T02:22:50.592+0000	[#################.......] benchmark.Twitter	35.8GB/49.1GB (72.9%)
2021-10-24T02:22:53.591+0000	[#################.......] benchmark.Twitter	35.9GB/49.1GB (73.0%)
2021-10-24T02:22:56.592+0000	[#################.......] benchmark.Twitter	35.9GB/49.1GB (73.2%)
2021-10-24T02:22:59.591+0000	[#################.......] benchmark.Twitter	36.0GB/49.1GB (73.3%)
2021-10-24T02:23:02.591+0000	[#################.......] benchmark.Twitter	36.0GB/49.1GB (73.4%)
2021-10-24T02:23:05.591+0000	[#################.......] benchmark.Twitter	36.1GB/49.1GB (73.5%)
2021-10-24T02:23:08.592+0000	[#################.......] benchmark.Twitter	36.1GB/49.1GB (73.6%)
2021-10-24T02:23:11.591+0000	[#################.......] benchmark.Twitter	36.2GB/49.1GB (73.7%)
2021-10-24T02:23:14.592+0000	[#################.......] benchmark.Twitter	36.2GB/49.1GB (73.8%)
2021-10-24T02:23:17.592+0000	[#################.......] benchmark.Twitter	36.3GB/49.1GB (73.9%)
2021-10-24T02:23:20.592+0000	[#################.......] benchmark.Twitter	36.4GB/49.1GB (74.0%)
2021-10-24T02:23:23.592+0000	[#################.......] benchmark.Twitter	36.4GB/49.1GB (74.1%)
2021-10-24T02:23:26.591+0000	[#################.......] benchmark.Twitter	36.5GB/49.1GB (74.2%)
2021-10-24T02:23:29.591+0000	[#################.......] benchmark.Twitter	36.5GB/49.1GB (74.3%)
2021-10-24T02:23:32.591+0000	[#################.......] benchmark.Twitter	36.6GB/49.1GB (74.4%)
2021-10-24T02:23:35.591+0000	[#################.......] benchmark.Twitter	36.6GB/49.1GB (74.5%)
2021-10-24T02:23:38.592+0000	[#################.......] benchmark.Twitter	36.7GB/49.1GB (74.6%)
2021-10-24T02:23:41.591+0000	[#################.......] benchmark.Twitter	36.7GB/49.1GB (74.7%)
2021-10-24T02:23:44.591+0000	[#################.......] benchmark.Twitter	36.8GB/49.1GB (74.8%)
2021-10-24T02:23:47.591+0000	[#################.......] benchmark.Twitter	36.8GB/49.1GB (74.9%)
2021-10-24T02:23:50.592+0000	[##################......] benchmark.Twitter	36.9GB/49.1GB (75.0%)
2021-10-24T02:23:53.592+0000	[##################......] benchmark.Twitter	36.9GB/49.1GB (75.1%)
2021-10-24T02:23:56.592+0000	[##################......] benchmark.Twitter	37.0GB/49.1GB (75.2%)
2021-10-24T02:23:59.591+0000	[##################......] benchmark.Twitter	37.0GB/49.1GB (75.3%)
2021-10-24T02:24:02.591+0000	[##################......] benchmark.Twitter	37.1GB/49.1GB (75.4%)
2021-10-24T02:24:05.592+0000	[##################......] benchmark.Twitter	37.1GB/49.1GB (75.6%)
2021-10-24T02:24:08.592+0000	[##################......] benchmark.Twitter	37.2GB/49.1GB (75.7%)
2021-10-24T02:24:11.592+0000	[##################......] benchmark.Twitter	37.2GB/49.1GB (75.8%)
2021-10-24T02:24:14.592+0000	[##################......] benchmark.Twitter	37.3GB/49.1GB (75.9%)
2021-10-24T02:24:17.592+0000	[##################......] benchmark.Twitter	37.3GB/49.1GB (76.0%)
2021-10-24T02:24:20.591+0000	[##################......] benchmark.Twitter	37.4GB/49.1GB (76.1%)
2021-10-24T02:24:23.592+0000	[##################......] benchmark.Twitter	37.4GB/49.1GB (76.2%)
2021-10-24T02:24:26.591+0000	[##################......] benchmark.Twitter	37.5GB/49.1GB (76.3%)
2021-10-24T02:24:29.592+0000	[##################......] benchmark.Twitter	37.5GB/49.1GB (76.4%)
2021-10-24T02:24:32.592+0000	[##################......] benchmark.Twitter	37.6GB/49.1GB (76.5%)
2021-10-24T02:24:35.592+0000	[##################......] benchmark.Twitter	37.6GB/49.1GB (76.6%)
2021-10-24T02:24:38.591+0000	[##################......] benchmark.Twitter	37.7GB/49.1GB (76.7%)
2021-10-24T02:24:41.592+0000	[##################......] benchmark.Twitter	37.7GB/49.1GB (76.8%)
2021-10-24T02:24:44.592+0000	[##################......] benchmark.Twitter	37.8GB/49.1GB (76.8%)
2021-10-24T02:24:47.591+0000	[##################......] benchmark.Twitter	37.8GB/49.1GB (76.9%)
2021-10-24T02:24:50.592+0000	[##################......] benchmark.Twitter	37.8GB/49.1GB (77.0%)
2021-10-24T02:24:53.591+0000	[##################......] benchmark.Twitter	37.9GB/49.1GB (77.1%)
2021-10-24T02:24:56.591+0000	[##################......] benchmark.Twitter	37.9GB/49.1GB (77.2%)
2021-10-24T02:24:59.592+0000	[##################......] benchmark.Twitter	38.0GB/49.1GB (77.3%)
2021-10-24T02:25:02.591+0000	[##################......] benchmark.Twitter	38.0GB/49.1GB (77.4%)
2021-10-24T02:25:05.592+0000	[##################......] benchmark.Twitter	38.1GB/49.1GB (77.5%)
2021-10-24T02:25:08.591+0000	[##################......] benchmark.Twitter	38.1GB/49.1GB (77.6%)
2021-10-24T02:25:11.593+0000	[##################......] benchmark.Twitter	38.2GB/49.1GB (77.7%)
2021-10-24T02:25:14.591+0000	[##################......] benchmark.Twitter	38.2GB/49.1GB (77.8%)
2021-10-24T02:25:17.592+0000	[##################......] benchmark.Twitter	38.3GB/49.1GB (78.0%)
2021-10-24T02:25:20.591+0000	[##################......] benchmark.Twitter	38.4GB/49.1GB (78.1%)
2021-10-24T02:25:23.592+0000	[##################......] benchmark.Twitter	38.4GB/49.1GB (78.2%)
2021-10-24T02:25:26.591+0000	[##################......] benchmark.Twitter	38.5GB/49.1GB (78.3%)
2021-10-24T02:25:29.592+0000	[##################......] benchmark.Twitter	38.5GB/49.1GB (78.4%)
2021-10-24T02:25:32.592+0000	[##################......] benchmark.Twitter	38.5GB/49.1GB (78.5%)
2021-10-24T02:25:35.592+0000	[##################......] benchmark.Twitter	38.6GB/49.1GB (78.6%)
2021-10-24T02:25:38.591+0000	[##################......] benchmark.Twitter	38.7GB/49.1GB (78.7%)
2021-10-24T02:25:41.592+0000	[##################......] benchmark.Twitter	38.7GB/49.1GB (78.8%)
2021-10-24T02:25:44.592+0000	[##################......] benchmark.Twitter	38.8GB/49.1GB (78.9%)
2021-10-24T02:25:47.592+0000	[##################......] benchmark.Twitter	38.8GB/49.1GB (79.0%)
2021-10-24T02:25:50.591+0000	[##################......] benchmark.Twitter	38.9GB/49.1GB (79.1%)
2021-10-24T02:25:53.592+0000	[###################.....] benchmark.Twitter	38.9GB/49.1GB (79.2%)
2021-10-24T02:25:56.592+0000	[###################.....] benchmark.Twitter	39.0GB/49.1GB (79.3%)
2021-10-24T02:25:59.592+0000	[###################.....] benchmark.Twitter	39.0GB/49.1GB (79.4%)
2021-10-24T02:26:02.592+0000	[###################.....] benchmark.Twitter	39.1GB/49.1GB (79.5%)
2021-10-24T02:26:05.591+0000	[###################.....] benchmark.Twitter	39.1GB/49.1GB (79.6%)
2021-10-24T02:26:08.592+0000	[###################.....] benchmark.Twitter	39.2GB/49.1GB (79.7%)
2021-10-24T02:26:11.592+0000	[###################.....] benchmark.Twitter	39.2GB/49.1GB (79.8%)
2021-10-24T02:26:14.591+0000	[###################.....] benchmark.Twitter	39.3GB/49.1GB (79.9%)
2021-10-24T02:26:17.592+0000	[###################.....] benchmark.Twitter	39.3GB/49.1GB (80.1%)
2021-10-24T02:26:20.591+0000	[###################.....] benchmark.Twitter	39.4GB/49.1GB (80.2%)
2021-10-24T02:26:23.592+0000	[###################.....] benchmark.Twitter	39.4GB/49.1GB (80.3%)
2021-10-24T02:26:26.591+0000	[###################.....] benchmark.Twitter	39.5GB/49.1GB (80.4%)
2021-10-24T02:26:29.592+0000	[###################.....] benchmark.Twitter	39.5GB/49.1GB (80.5%)
2021-10-24T02:26:32.592+0000	[###################.....] benchmark.Twitter	39.6GB/49.1GB (80.6%)
2021-10-24T02:26:35.593+0000	[###################.....] benchmark.Twitter	39.6GB/49.1GB (80.7%)
2021-10-24T02:26:38.591+0000	[###################.....] benchmark.Twitter	39.7GB/49.1GB (80.8%)
2021-10-24T02:26:41.592+0000	[###################.....] benchmark.Twitter	39.7GB/49.1GB (80.9%)
2021-10-24T02:26:44.591+0000	[###################.....] benchmark.Twitter	39.8GB/49.1GB (81.0%)
2021-10-24T02:26:47.593+0000	[###################.....] benchmark.Twitter	39.9GB/49.1GB (81.1%)
2021-10-24T02:26:50.592+0000	[###################.....] benchmark.Twitter	39.9GB/49.1GB (81.2%)
2021-10-24T02:26:53.591+0000	[###################.....] benchmark.Twitter	40.0GB/49.1GB (81.3%)
2021-10-24T02:26:56.592+0000	[###################.....] benchmark.Twitter	40.0GB/49.1GB (81.4%)
2021-10-24T02:26:59.592+0000	[###################.....] benchmark.Twitter	40.1GB/49.1GB (81.5%)
2021-10-24T02:27:02.592+0000	[###################.....] benchmark.Twitter	40.1GB/49.1GB (81.6%)
2021-10-24T02:27:05.591+0000	[###################.....] benchmark.Twitter	40.2GB/49.1GB (81.7%)
2021-10-24T02:27:08.593+0000	[###################.....] benchmark.Twitter	40.2GB/49.1GB (81.9%)
2021-10-24T02:27:11.591+0000	[###################.....] benchmark.Twitter	40.3GB/49.1GB (82.0%)
2021-10-24T02:27:14.592+0000	[###################.....] benchmark.Twitter	40.3GB/49.1GB (82.1%)
2021-10-24T02:27:17.591+0000	[###################.....] benchmark.Twitter	40.4GB/49.1GB (82.2%)
2021-10-24T02:27:20.592+0000	[###################.....] benchmark.Twitter	40.4GB/49.1GB (82.3%)
2021-10-24T02:27:23.592+0000	[###################.....] benchmark.Twitter	40.5GB/49.1GB (82.4%)
2021-10-24T02:27:26.592+0000	[###################.....] benchmark.Twitter	40.5GB/49.1GB (82.5%)
2021-10-24T02:27:29.592+0000	[###################.....] benchmark.Twitter	40.6GB/49.1GB (82.6%)
2021-10-24T02:27:32.591+0000	[###################.....] benchmark.Twitter	40.6GB/49.1GB (82.7%)
2021-10-24T02:27:35.592+0000	[###################.....] benchmark.Twitter	40.7GB/49.1GB (82.8%)
2021-10-24T02:27:38.591+0000	[###################.....] benchmark.Twitter	40.7GB/49.1GB (82.9%)
2021-10-24T02:27:41.592+0000	[###################.....] benchmark.Twitter	40.8GB/49.1GB (83.0%)
2021-10-24T02:27:44.591+0000	[###################.....] benchmark.Twitter	40.8GB/49.1GB (83.1%)
2021-10-24T02:27:47.592+0000	[###################.....] benchmark.Twitter	40.9GB/49.1GB (83.2%)
2021-10-24T02:27:50.592+0000	[####################....] benchmark.Twitter	40.9GB/49.1GB (83.3%)
2021-10-24T02:27:53.592+0000	[####################....] benchmark.Twitter	41.0GB/49.1GB (83.4%)
2021-10-24T02:27:56.592+0000	[####################....] benchmark.Twitter	41.0GB/49.1GB (83.5%)
2021-10-24T02:27:59.592+0000	[####################....] benchmark.Twitter	41.1GB/49.1GB (83.7%)
2021-10-24T02:28:02.592+0000	[####################....] benchmark.Twitter	41.1GB/49.1GB (83.8%)
2021-10-24T02:28:05.592+0000	[####################....] benchmark.Twitter	41.2GB/49.1GB (83.9%)
2021-10-24T02:28:08.591+0000	[####################....] benchmark.Twitter	41.2GB/49.1GB (84.0%)
2021-10-24T02:28:11.591+0000	[####################....] benchmark.Twitter	41.3GB/49.1GB (84.1%)
2021-10-24T02:28:14.591+0000	[####################....] benchmark.Twitter	41.4GB/49.1GB (84.2%)
2021-10-24T02:28:17.591+0000	[####################....] benchmark.Twitter	41.4GB/49.1GB (84.3%)
2021-10-24T02:28:20.591+0000	[####################....] benchmark.Twitter	41.5GB/49.1GB (84.4%)
2021-10-24T02:28:23.591+0000	[####################....] benchmark.Twitter	41.5GB/49.1GB (84.5%)
2021-10-24T02:28:26.592+0000	[####################....] benchmark.Twitter	41.5GB/49.1GB (84.6%)
2021-10-24T02:28:29.591+0000	[####################....] benchmark.Twitter	41.6GB/49.1GB (84.6%)
2021-10-24T02:28:32.591+0000	[####################....] benchmark.Twitter	41.6GB/49.1GB (84.7%)
2021-10-24T02:28:35.591+0000	[####################....] benchmark.Twitter	41.7GB/49.1GB (84.8%)
2021-10-24T02:28:38.592+0000	[####################....] benchmark.Twitter	41.7GB/49.1GB (84.9%)
2021-10-24T02:28:41.591+0000	[####################....] benchmark.Twitter	41.8GB/49.1GB (85.0%)
2021-10-24T02:28:44.592+0000	[####################....] benchmark.Twitter	41.8GB/49.1GB (85.1%)
2021-10-24T02:28:47.592+0000	[####################....] benchmark.Twitter	41.9GB/49.1GB (85.2%)
2021-10-24T02:28:50.592+0000	[####################....] benchmark.Twitter	41.9GB/49.1GB (85.3%)
2021-10-24T02:28:53.591+0000	[####################....] benchmark.Twitter	42.0GB/49.1GB (85.4%)
2021-10-24T02:28:56.592+0000	[####################....] benchmark.Twitter	42.0GB/49.1GB (85.5%)
2021-10-24T02:28:59.592+0000	[####################....] benchmark.Twitter	42.1GB/49.1GB (85.6%)
2021-10-24T02:29:02.591+0000	[####################....] benchmark.Twitter	42.1GB/49.1GB (85.7%)
2021-10-24T02:29:05.592+0000	[####################....] benchmark.Twitter	42.2GB/49.1GB (85.8%)
2021-10-24T02:29:08.592+0000	[####################....] benchmark.Twitter	42.2GB/49.1GB (85.9%)
2021-10-24T02:29:11.592+0000	[####################....] benchmark.Twitter	42.3GB/49.1GB (86.0%)
2021-10-24T02:29:14.592+0000	[####################....] benchmark.Twitter	42.3GB/49.1GB (86.1%)
2021-10-24T02:29:17.592+0000	[####################....] benchmark.Twitter	42.4GB/49.1GB (86.2%)
2021-10-24T02:29:20.592+0000	[####################....] benchmark.Twitter	42.4GB/49.1GB (86.3%)
2021-10-24T02:29:23.592+0000	[####################....] benchmark.Twitter	42.5GB/49.1GB (86.4%)
2021-10-24T02:29:26.592+0000	[####################....] benchmark.Twitter	42.5GB/49.1GB (86.6%)
2021-10-24T02:29:29.592+0000	[####################....] benchmark.Twitter	42.6GB/49.1GB (86.7%)
2021-10-24T02:29:32.592+0000	[####################....] benchmark.Twitter	42.6GB/49.1GB (86.8%)
2021-10-24T02:29:35.591+0000	[####################....] benchmark.Twitter	42.7GB/49.1GB (86.9%)
2021-10-24T02:29:38.592+0000	[####################....] benchmark.Twitter	42.7GB/49.1GB (87.0%)
2021-10-24T02:29:41.592+0000	[####################....] benchmark.Twitter	42.8GB/49.1GB (87.1%)
2021-10-24T02:29:44.592+0000	[####################....] benchmark.Twitter	42.8GB/49.1GB (87.2%)
2021-10-24T02:29:47.591+0000	[####################....] benchmark.Twitter	42.9GB/49.1GB (87.3%)
2021-10-24T02:29:50.592+0000	[####################....] benchmark.Twitter	42.9GB/49.1GB (87.4%)
2021-10-24T02:29:53.591+0000	[####################....] benchmark.Twitter	43.0GB/49.1GB (87.5%)
2021-10-24T02:29:56.594+0000	[#####################...] benchmark.Twitter	43.0GB/49.1GB (87.6%)
2021-10-24T02:29:59.592+0000	[#####################...] benchmark.Twitter	43.1GB/49.1GB (87.7%)
2021-10-24T02:30:02.591+0000	[#####################...] benchmark.Twitter	43.1GB/49.1GB (87.8%)
2021-10-24T02:30:05.592+0000	[#####################...] benchmark.Twitter	43.2GB/49.1GB (87.9%)
2021-10-24T02:30:08.592+0000	[#####################...] benchmark.Twitter	43.2GB/49.1GB (88.0%)
2021-10-24T02:30:11.593+0000	[#####################...] benchmark.Twitter	43.3GB/49.1GB (88.1%)
2021-10-24T02:30:14.591+0000	[#####################...] benchmark.Twitter	43.3GB/49.1GB (88.2%)
2021-10-24T02:30:17.591+0000	[#####################...] benchmark.Twitter	43.4GB/49.1GB (88.3%)
2021-10-24T02:30:20.591+0000	[#####################...] benchmark.Twitter	43.5GB/49.1GB (88.4%)
2021-10-24T02:30:23.591+0000	[#####################...] benchmark.Twitter	43.5GB/49.1GB (88.5%)
2021-10-24T02:30:26.591+0000	[#####################...] benchmark.Twitter	43.5GB/49.1GB (88.6%)
2021-10-24T02:30:29.592+0000	[#####################...] benchmark.Twitter	43.6GB/49.1GB (88.7%)
2021-10-24T02:30:32.591+0000	[#####################...] benchmark.Twitter	43.6GB/49.1GB (88.9%)
2021-10-24T02:30:35.592+0000	[#####################...] benchmark.Twitter	43.7GB/49.1GB (89.0%)
2021-10-24T02:30:38.592+0000	[#####################...] benchmark.Twitter	43.8GB/49.1GB (89.1%)
2021-10-24T02:30:41.592+0000	[#####################...] benchmark.Twitter	43.8GB/49.1GB (89.2%)
2021-10-24T02:30:44.592+0000	[#####################...] benchmark.Twitter	43.9GB/49.1GB (89.3%)
2021-10-24T02:30:47.592+0000	[#####################...] benchmark.Twitter	43.9GB/49.1GB (89.3%)
2021-10-24T02:30:50.592+0000	[#####################...] benchmark.Twitter	43.9GB/49.1GB (89.4%)
2021-10-24T02:30:53.592+0000	[#####################...] benchmark.Twitter	44.0GB/49.1GB (89.5%)
2021-10-24T02:30:56.592+0000	[#####################...] benchmark.Twitter	44.0GB/49.1GB (89.6%)
2021-10-24T02:30:59.592+0000	[#####################...] benchmark.Twitter	44.1GB/49.1GB (89.7%)
2021-10-24T02:31:02.592+0000	[#####################...] benchmark.Twitter	44.1GB/49.1GB (89.8%)
2021-10-24T02:31:05.591+0000	[#####################...] benchmark.Twitter	44.1GB/49.1GB (89.9%)
2021-10-24T02:31:08.593+0000	[#####################...] benchmark.Twitter	44.2GB/49.1GB (89.9%)
2021-10-24T02:31:11.592+0000	[#####################...] benchmark.Twitter	44.2GB/49.1GB (90.0%)
2021-10-24T02:31:14.592+0000	[#####################...] benchmark.Twitter	44.3GB/49.1GB (90.1%)
2021-10-24T02:31:17.591+0000	[#####################...] benchmark.Twitter	44.3GB/49.1GB (90.2%)
2021-10-24T02:31:20.592+0000	[#####################...] benchmark.Twitter	44.4GB/49.1GB (90.3%)
2021-10-24T02:31:23.591+0000	[#####################...] benchmark.Twitter	44.4GB/49.1GB (90.4%)
2021-10-24T02:31:26.591+0000	[#####################...] benchmark.Twitter	44.5GB/49.1GB (90.5%)
2021-10-24T02:31:29.591+0000	[#####################...] benchmark.Twitter	44.5GB/49.1GB (90.6%)
2021-10-24T02:31:32.592+0000	[#####################...] benchmark.Twitter	44.6GB/49.1GB (90.7%)
2021-10-24T02:31:35.591+0000	[#####################...] benchmark.Twitter	44.6GB/49.1GB (90.8%)
2021-10-24T02:31:38.591+0000	[#####################...] benchmark.Twitter	44.7GB/49.1GB (90.9%)
2021-10-24T02:31:41.593+0000	[#####################...] benchmark.Twitter	44.7GB/49.1GB (91.0%)
2021-10-24T02:31:44.592+0000	[#####################...] benchmark.Twitter	44.8GB/49.1GB (91.1%)
2021-10-24T02:31:47.592+0000	[#####################...] benchmark.Twitter	44.8GB/49.1GB (91.3%)
2021-10-24T02:31:50.591+0000	[#####################...] benchmark.Twitter	44.9GB/49.1GB (91.4%)
2021-10-24T02:31:53.592+0000	[#####################...] benchmark.Twitter	44.9GB/49.1GB (91.4%)
2021-10-24T02:31:56.591+0000	[#####################...] benchmark.Twitter	45.0GB/49.1GB (91.6%)
2021-10-24T02:31:59.591+0000	[#####################...] benchmark.Twitter	45.0GB/49.1GB (91.7%)
2021-10-24T02:32:02.591+0000	[######################..] benchmark.Twitter	45.1GB/49.1GB (91.8%)
2021-10-24T02:32:05.595+0000	[######################..] benchmark.Twitter	45.1GB/49.1GB (91.9%)
2021-10-24T02:32:08.591+0000	[######################..] benchmark.Twitter	45.2GB/49.1GB (92.0%)
2021-10-24T02:32:11.592+0000	[######################..] benchmark.Twitter	45.2GB/49.1GB (92.1%)
2021-10-24T02:32:14.591+0000	[######################..] benchmark.Twitter	45.3GB/49.1GB (92.2%)
2021-10-24T02:32:17.592+0000	[######################..] benchmark.Twitter	45.3GB/49.1GB (92.3%)
2021-10-24T02:32:20.592+0000	[######################..] benchmark.Twitter	45.4GB/49.1GB (92.4%)
2021-10-24T02:32:23.592+0000	[######################..] benchmark.Twitter	45.4GB/49.1GB (92.5%)
2021-10-24T02:32:26.591+0000	[######################..] benchmark.Twitter	45.5GB/49.1GB (92.6%)
2021-10-24T02:32:29.591+0000	[######################..] benchmark.Twitter	45.5GB/49.1GB (92.7%)
2021-10-24T02:32:32.592+0000	[######################..] benchmark.Twitter	45.6GB/49.1GB (92.8%)
2021-10-24T02:32:35.592+0000	[######################..] benchmark.Twitter	45.6GB/49.1GB (92.9%)
2021-10-24T02:32:38.591+0000	[######################..] benchmark.Twitter	45.7GB/49.1GB (93.0%)
2021-10-24T02:32:41.593+0000	[######################..] benchmark.Twitter	45.8GB/49.1GB (93.1%)
2021-10-24T02:32:44.593+0000	[######################..] benchmark.Twitter	45.8GB/49.1GB (93.2%)
2021-10-24T02:32:47.591+0000	[######################..] benchmark.Twitter	45.9GB/49.1GB (93.3%)
2021-10-24T02:32:50.592+0000	[######################..] benchmark.Twitter	45.9GB/49.1GB (93.4%)
2021-10-24T02:32:53.592+0000	[######################..] benchmark.Twitter	46.0GB/49.1GB (93.5%)
2021-10-24T02:32:56.591+0000	[######################..] benchmark.Twitter	46.0GB/49.1GB (93.6%)
2021-10-24T02:32:59.592+0000	[######################..] benchmark.Twitter	46.1GB/49.1GB (93.7%)
2021-10-24T02:33:02.591+0000	[######################..] benchmark.Twitter	46.1GB/49.1GB (93.8%)
2021-10-24T02:33:05.592+0000	[######################..] benchmark.Twitter	46.2GB/49.1GB (94.0%)
2021-10-24T02:33:08.592+0000	[######################..] benchmark.Twitter	46.2GB/49.1GB (94.1%)
2021-10-24T02:33:11.592+0000	[######################..] benchmark.Twitter	46.3GB/49.1GB (94.2%)
2021-10-24T02:33:14.591+0000	[######################..] benchmark.Twitter	46.3GB/49.1GB (94.3%)
2021-10-24T02:33:17.592+0000	[######################..] benchmark.Twitter	46.4GB/49.1GB (94.4%)
2021-10-24T02:33:20.591+0000	[######################..] benchmark.Twitter	46.4GB/49.1GB (94.5%)
2021-10-24T02:33:23.591+0000	[######################..] benchmark.Twitter	46.5GB/49.1GB (94.6%)
2021-10-24T02:33:26.593+0000	[######################..] benchmark.Twitter	46.5GB/49.1GB (94.7%)
2021-10-24T02:33:29.591+0000	[######################..] benchmark.Twitter	46.6GB/49.1GB (94.8%)
2021-10-24T02:33:32.591+0000	[######################..] benchmark.Twitter	46.6GB/49.1GB (94.9%)
2021-10-24T02:33:35.592+0000	[######################..] benchmark.Twitter	46.7GB/49.1GB (95.0%)
2021-10-24T02:33:38.592+0000	[######################..] benchmark.Twitter	46.7GB/49.1GB (95.1%)
2021-10-24T02:33:41.591+0000	[######################..] benchmark.Twitter	46.8GB/49.1GB (95.2%)
2021-10-24T02:33:44.592+0000	[######################..] benchmark.Twitter	46.8GB/49.1GB (95.3%)
2021-10-24T02:33:47.592+0000	[######################..] benchmark.Twitter	46.9GB/49.1GB (95.4%)
2021-10-24T02:33:50.591+0000	[######################..] benchmark.Twitter	46.9GB/49.1GB (95.5%)
2021-10-24T02:33:53.592+0000	[######################..] benchmark.Twitter	47.0GB/49.1GB (95.6%)
2021-10-24T02:33:56.592+0000	[######################..] benchmark.Twitter	47.0GB/49.1GB (95.7%)
2021-10-24T02:33:59.592+0000	[######################..] benchmark.Twitter	47.0GB/49.1GB (95.8%)
2021-10-24T02:34:02.591+0000	[#######################.] benchmark.Twitter	47.1GB/49.1GB (95.9%)
2021-10-24T02:34:05.591+0000	[#######################.] benchmark.Twitter	47.1GB/49.1GB (95.9%)
2021-10-24T02:34:08.591+0000	[#######################.] benchmark.Twitter	47.2GB/49.1GB (96.0%)
2021-10-24T02:34:11.592+0000	[#######################.] benchmark.Twitter	47.2GB/49.1GB (96.1%)
2021-10-24T02:34:14.592+0000	[#######################.] benchmark.Twitter	47.3GB/49.1GB (96.2%)
2021-10-24T02:34:17.591+0000	[#######################.] benchmark.Twitter	47.3GB/49.1GB (96.3%)
2021-10-24T02:34:20.592+0000	[#######################.] benchmark.Twitter	47.4GB/49.1GB (96.4%)
2021-10-24T02:34:23.592+0000	[#######################.] benchmark.Twitter	47.4GB/49.1GB (96.5%)
2021-10-24T02:34:26.591+0000	[#######################.] benchmark.Twitter	47.5GB/49.1GB (96.6%)
2021-10-24T02:34:29.592+0000	[#######################.] benchmark.Twitter	47.5GB/49.1GB (96.7%)
2021-10-24T02:34:32.591+0000	[#######################.] benchmark.Twitter	47.6GB/49.1GB (96.8%)
2021-10-24T02:34:35.592+0000	[#######################.] benchmark.Twitter	47.6GB/49.1GB (96.9%)
2021-10-24T02:34:38.592+0000	[#######################.] benchmark.Twitter	47.7GB/49.1GB (97.0%)
2021-10-24T02:34:41.592+0000	[#######################.] benchmark.Twitter	47.7GB/49.1GB (97.2%)
2021-10-24T02:34:44.591+0000	[#######################.] benchmark.Twitter	47.8GB/49.1GB (97.3%)
2021-10-24T02:34:47.592+0000	[#######################.] benchmark.Twitter	47.8GB/49.1GB (97.4%)
2021-10-24T02:34:50.592+0000	[#######################.] benchmark.Twitter	47.9GB/49.1GB (97.5%)
2021-10-24T02:34:53.592+0000	[#######################.] benchmark.Twitter	47.9GB/49.1GB (97.6%)
2021-10-24T02:34:56.592+0000	[#######################.] benchmark.Twitter	48.0GB/49.1GB (97.7%)
2021-10-24T02:34:59.591+0000	[#######################.] benchmark.Twitter	48.0GB/49.1GB (97.8%)
2021-10-24T02:35:02.591+0000	[#######################.] benchmark.Twitter	48.1GB/49.1GB (97.9%)
2021-10-24T02:35:05.591+0000	[#######################.] benchmark.Twitter	48.1GB/49.1GB (98.0%)
2021-10-24T02:35:08.591+0000	[#######################.] benchmark.Twitter	48.2GB/49.1GB (98.1%)
2021-10-24T02:35:11.591+0000	[#######################.] benchmark.Twitter	48.2GB/49.1GB (98.2%)
2021-10-24T02:35:14.592+0000	[#######################.] benchmark.Twitter	48.3GB/49.1GB (98.3%)
2021-10-24T02:35:17.591+0000	[#######################.] benchmark.Twitter	48.4GB/49.1GB (98.4%)
2021-10-24T02:35:20.592+0000	[#######################.] benchmark.Twitter	48.4GB/49.1GB (98.5%)
2021-10-24T02:35:23.592+0000	[#######################.] benchmark.Twitter	48.5GB/49.1GB (98.6%)
2021-10-24T02:35:26.592+0000	[#######################.] benchmark.Twitter	48.5GB/49.1GB (98.7%)
2021-10-24T02:35:29.592+0000	[#######################.] benchmark.Twitter	48.6GB/49.1GB (98.8%)
2021-10-24T02:35:32.592+0000	[#######################.] benchmark.Twitter	48.6GB/49.1GB (98.9%)
2021-10-24T02:35:35.592+0000	[#######################.] benchmark.Twitter	48.7GB/49.1GB (99.0%)
2021-10-24T02:35:38.591+0000	[#######################.] benchmark.Twitter	48.7GB/49.1GB (99.2%)
2021-10-24T02:35:41.592+0000	[#######################.] benchmark.Twitter	48.8GB/49.1GB (99.3%)
2021-10-24T02:35:44.592+0000	[#######################.] benchmark.Twitter	48.8GB/49.1GB (99.4%)
2021-10-24T02:35:47.592+0000	[#######################.] benchmark.Twitter	48.9GB/49.1GB (99.5%)
2021-10-24T02:35:50.592+0000	[#######################.] benchmark.Twitter	48.9GB/49.1GB (99.6%)
2021-10-24T02:35:53.591+0000	[#######################.] benchmark.Twitter	49.0GB/49.1GB (99.7%)
2021-10-24T02:35:56.592+0000	[#######################.] benchmark.Twitter	49.0GB/49.1GB (99.8%)
2021-10-24T02:35:59.591+0000	[#######################.] benchmark.Twitter	49.1GB/49.1GB (99.9%)
2021-10-24T02:36:02.592+0000	[#######################.] benchmark.Twitter	49.1GB/49.1GB (100.0%)
2021-10-24T02:36:02.946+0000	[########################] benchmark.Twitter	49.1GB/49.1GB (100.0%)
2021-10-24T02:36:02.946+0000	13346336 document(s) imported successfully. 0 document(s) failed to import.
mongo-benchmark
MongoDB: 4038.41 s
mongo-benchmark
=== Found Postgres query file, executing Postgres queries ===
= File:'Twitter.json' =
13.4-alpine: Pulling from library/postgres
Digest: sha256:e9e481c3b0960e6acdd0d1202938617b9075d20f477765b531846671b7e624f2
Status: Image is up to date for postgres:13.4-alpine
ff35fc49705bd3c7c377fd1241429c197805985072c1385414f215174f6abb84
3
PSQL: 8586.55 s
psql-benchmark
=== Found JQ query file, executing JQ queries ===
Sending build context to Docker daemon  112.1kB
Step 1/2 : FROM alpine
 ---> 14119a10abf4
Step 2/2 : RUN apk add --no-cache --upgrade bash jq
 ---> Using cache
 ---> 91ec4132b45e
Successfully built 91ec4132b45e
Successfully tagged nicotin/jq:05-10-2021
write /dev/stdout: broken pipe
0
JQ: 19030.1 s
jq-benchmark
=== Results ===
= JQ =
Overall: 19030.1
= JODA =
Overall: 124.013
Query Time: 52.951
13.552973778
5.620296724
5.816185698
5.337530388
4.164411938
3.102279558
4.527439608
3.710931923
3.758729932
3.360238887
= Mongo =
Overall: 4038.41
173.737
145.014
151.28
158.826
63.443
69.601
81.469
78.153
78.367
81.73
Query Time: 1081.62
= PostgreSQL =
Overall: 8586.55
=== AGG Results ===
= JQ =
5073309
1985718
1423329
1253365
4467128
970479
434583
226865
79126
56933
= JODA =
13346336
5073309
1985718
1423329
1253365
4467128
970479
434583
226865
79126
56933
= Mongo =
5073309
1985718
1423329
1253365
4467128
970479
434583
226865
79126
56933
= PostgreSQL =
 5073309
 1985718
 1423329
 1253365
 4456547
 959898
 424002
 216709
 68970
 48900
