=== Found JODA query file, executing JODA queries ===
= File:'Twitter.json' =
0.12.4: Pulling from nicotin/joda
Digest: sha256:b253680f2c5ee1118e2c282e0c4ebff5cb6e87643fb98abcf1e686caaa35152a
Status: Image is up to date for nicotin/joda:0.12.4
8fa8781e7ac51a46a87db1022b5417de97ba7e6b29ef0024f95ab210ea2aec65
0
JODA: 88.7297 s
joda-benchmark
=== Results ===
= JQ =
Overall: 
= JODA =
Overall: 88.7297
Query Time: 20.3355
8.730800745
1.86480424
1.516333673
2.531312164
1.653836718
1.75323517
0.844194781
0.870736997
0.451015356
0.119252011
= Mongo =
Overall: 

Query Time: 
= PostgreSQL =
Overall: 
=== AGG Results ===
= JQ =

= JODA =
13346336
5073309
5073309
10691615
5114500
5073309
5406478
1132353
4174936
1436780
314692
= Mongo =

= PostgreSQL =

