=== Found JODA query file, executing JODA queries ===
= File:'Twitter.json' =
0.12.4: Pulling from nicotin/joda
Digest: sha256:b253680f2c5ee1118e2c282e0c4ebff5cb6e87643fb98abcf1e686caaa35152a
Status: Image is up to date for nicotin/joda:0.12.4
f19adfc0b4b119d82e0a82a79715d81002a95cc3afd07347f5a25947ac2ff9aa
0
JODA: 92.0135 s
joda-benchmark
=== Results ===
= JQ =
Overall: 
= JODA =
Overall: 92.0135
Query Time: 22.4807
4.737794165
5.61401382
4.277407035
1.946083034
0.955985857
1.516214615
1.12623518
0.662936738
0.772010672
0.872034328
= Mongo =
Overall: 

Query Time: 
= PostgreSQL =
Overall: 
=== AGG Results ===
= JQ =

= JODA =
13346336
10691615
5073309
5407738
5073309
3178266
5267704
5073309
5073309
4744434
5407738
= Mongo =

= PostgreSQL =

