I20220226 09:46:38.364332     1 ConfigParser.cpp:206] Setting configs
I20220226 09:46:38.364439     1 joda.cpp:95] Loaded 6 queries
I20220226 09:46:38.364490     1 joda.cpp:121] Joda Version 0.13.1 (API v2)
I20220226 09:46:38.364511     1 joda.cpp:123] Build revision 59b4197 (10:25:46 17-02-2022)
I20220226 09:46:38.364557     1 CLI.cpp:494] Using non interactive query processing due to terminal support.
I20220226 09:46:38.364760     1 StorageCollection.cpp:53] Adding storage Reddit
I20220226 09:46:38.364832     1 QueryPlan.cpp:46] Initializing QueryThread
I20220226 09:46:38.364996     1 DirectoryRegister.cpp:44] Created directory '"/tmp/JODA/UDIR_1"'
I20220226 09:46:38.365025     1 DirectoryRegister.cpp:28] Registered directory '"/tmp/JODA/UDIR_1"'
I20220226 09:46:38.365041     1 QueryPlan.cpp:67] Starting parsing
ResultSize: 53851542

-----STATISTICS------
{
    "Query": "LOAD Reddit FROM FILE \"/dataset/Reddit.json\" LINESEPARATED",
I20220226 09:47:34.926079     1 CLI.cpp:245] RAM: 1007.79 GBi | Used: 751.44 GBi | Free: 25% | Proc: 56.57 GBi
I20220226 09:47:34.926321     1 StorageCollection.cpp:84] Removing result 3
I20220226 09:47:34.926344     1 Timer.cpp:44] [MAIN] Query took 56.5617 s
    "Time": 1645868798,
    "Pretty Time": "Sat Feb 26 09:46:38 2022\n",
    "Parsing Threads": 95,
    "Runtime": {
        "Parsing": 56.558352448,
        "Evaluation": 0.00000873,
        "Query": 56.561663767
    },
    "Result Size": 53851542,
    "#Container": 215,
    "RAM Proc": 60739088384,
    "Pretty RAM Proc": "56.57 GBi",
    "Estimated Storage Size": 66105808216,
    "Pretty Estimated Storage Size": "61.57 GBi",
    "System": {
        "Version": "0.13.1",
        "Build": "59b4197",
        "Build Time": "10:25:46 17-02-2022"
    }
}
----------------
I20220226 09:47:34.926838     1 QueryPlan.cpp:46] Initializing QueryThread
I20220226 09:47:34.927044     1 DirectoryRegister.cpp:44] Created directory '"/tmp/JODA/UDIR_2"'
I20220226 09:47:34.927074     1 DirectoryRegister.cpp:28] Registered directory '"/tmp/JODA/UDIR_2"'
I20220226 09:47:42.073638     1 QueryPlan.cpp:272] Finished merging aggregators
W20220226 09:47:42.073740     1 JSONContainer.cpp:31] JSONContainer size not able to autodetect, this should not happen. Fallback size: 52428800
ResultSize: 1

I20220226 09:47:42.078294     1 CLI.cpp:245] RAM: 1007.79 GBi | Used: 761.19 GBi | Free: 24% | Proc: 66.30 GBi
-----STATISTICS------
I20220226 09:47:42.078415     1 StorageCollection.cpp:84] Removing result 4
I20220226 09:47:42.078442     1 Timer.cpp:44] [MAIN] Query took 7.15194 s
{
    "Query": "LOAD Reddit CHOOSE ISSTRING('/author_flair_text') AGG ('/count':COUNT(''))",
    "Time": 1645868854,
    "Pretty Time": "Sat Feb 26 09:47:34 2022\n",
    "Threads": 95,
    "Runtime": {
        "Threads": [
            {
                "Select": 3.404,
                "Aggregate": 0.126
            },
            {
                "Select": 3.154,
                "Aggregate": 0.143
            },
            {
                "Select": 3.362,
                "Aggregate": 0.134
            },
            {
                "Select": 3.054,
                "Aggregate": 0.145
            },
            {
                "Select": 3.101,
                "Aggregate": 0.171
            },
            {
                "Select": 3.376,
                "Aggregate": 0.172
            },
            {
                "Select": 3.447,
                "Aggregate": 0.171
            },
            {
                "Select": 3.593,
                "Aggregate": 0.108
            },
            {
                "Select": 4.101,
                "Aggregate": 0.105
            },
I20220226 09:47:42.079047     1 QueryPlan.cpp:46] Initializing QueryThread
            {
                "Select": 3.416,
                "Aggregate": 0.149
            },
            {
                "Select": 3.268,
                "Aggregate": 0.168
            },
            {
                "Select": 3.704,
                "Aggregate": 0.151
            },
            {
                "Select": 3.026,
                "Aggregate": 0.218
            },
            {
                "Select": 3.22,
I20220226 09:47:42.079231     1 DirectoryRegister.cpp:44] Created directory '"/tmp/JODA/UDIR_3"'
I20220226 09:47:42.079262     1 DirectoryRegister.cpp:28] Registered directory '"/tmp/JODA/UDIR_3"'
                "Aggregate": 0.14
            },
            {
                "Select": 4.099,
                "Aggregate": 0.072
            },
            {
                "Select": 4.0,
                "Aggregate": 0.08
            },
            {
                "Select": 3.443,
                "Aggregate": 0.154
            },
            {
                "Select": 3.347,
                "Aggregate": 0.146
            },
            {
                "Select": 3.432,
                "Aggregate": 0.139
            },
            {
                "Select": 4.054,
                "Aggregate": 0.083
            },
            {
                "Select": 3.796,
                "Aggregate": 0.062
            },
            {
                "Select": 3.411,
                "Aggregate": 0.15
            },
            {
                "Select": 3.431,
                "Aggregate": 0.148
            },
            {
                "Select": 4.112,
                "Aggregate": 0.081
            },
            {
                "Select": 3.378,
                "Aggregate": 0.201
            },
            {
                "Select": 3.198,
                "Aggregate": 0.206
            },
            {
                "Select": 3.098,
                "Aggregate": 0.085
            },
            {
                "Select": 3.61,
                "Aggregate": 0.159
            },
            {
                "Select": 3.183,
                "Aggregate": 0.176
            },
            {
                "Select": 3.06,
                "Aggregate": 0.152
            },
            {
                "Select": 3.355,
                "Aggregate": 0.131
            },
            {
                "Select": 3.537,
                "Aggregate": 0.202
            },
            {
                "Select": 3.577,
                "Aggregate": 0.185
            },
            {
                "Select": 3.501,
                "Aggregate": 0.165
            },
            {
                "Select": 4.612,
                "Aggregate": 0.087
            },
            {
                "Select": 4.179,
                "Aggregate": 0.14
            },
            {
                "Select": 3.633,
                "Aggregate": 0.215
            },
            {
                "Select": 3.843,
                "Aggregate": 0.215
            },
            {
                "Select": 4.407,
                "Aggregate": 0.084
            },
            {
                "Select": 4.009,
                "Aggregate": 0.161
            },
            {
                "Select": 3.627,
                "Aggregate": 0.072
            },
            {
                "Select": 3.843,
                "Aggregate": 0.159
            },
            {
                "Select": 3.856,
                "Aggregate": 0.155
            },
            {
                "Select": 4.812,
                "Aggregate": 0.085
            },
            {
                "Select": 4.636,
                "Aggregate": 0.133
            },
            {
                "Select": 3.945,
                "Aggregate": 0.255
            },
            {
                "Select": 3.574,
                "Aggregate": 0.16
            },
            {
                "Select": 4.008,
                "Aggregate": 0.139
            },
            {
                "Select": 4.213,
                "Aggregate": 0.15
            },
            {
                "Select": 3.897,
                "Aggregate": 0.141
            },
            {
                "Select": 3.707,
                "Aggregate": 0.098
            },
            {
                "Select": 4.053,
                "Aggregate": 0.139
            },
            {
                "Select": 3.346,
                "Aggregate": 0.266
            },
            {
                "Select": 4.082,
                "Aggregate": 0.083
            },
            {
                "Select": 3.832,
                "Aggregate": 0.203
            },
            {
                "Select": 3.658,
                "Aggregate": 0.132
            },
            {
                "Select": 3.704,
                "Aggregate": 0.111
            },
            {
                "Select": 3.691,
                "Aggregate": 0.286
            },
            {
                "Select": 4.82,
                "Aggregate": 0.243
            },
            {
                "Select": 3.877,
                "Aggregate": 0.115
            },
            {
                "Select": 4.74,
                "Aggregate": 0.085
            },
            {
                "Select": 3.764,
                "Aggregate": 0.189
            },
            {
                "Select": 3.623,
                "Aggregate": 0.251
            },
            {
                "Select": 4.063,
                "Aggregate": 0.188
            },
            {
                "Select": 4.068,
                "Aggregate": 0.147
            },
            {
                "Select": 4.244,
                "Aggregate": 0.148
            },
            {
                "Select": 3.805,
                "Aggregate": 0.227
            },
            {
                "Select": 4.25,
                "Aggregate": 0.226
            },
            {
                "Select": 4.046,
                "Aggregate": 0.25
            },
            {
                "Select": 4.085,
                "Aggregate": 0.202
            },
            {
                "Select": 4.974,
                "Aggregate": 0.086
            },
            {
                "Select": 3.729,
                "Aggregate": 0.308
            },
            {
                "Select": 3.839,
                "Aggregate": 0.417
            },
            {
                "Select": 4.965,
                "Aggregate": 0.113
            },
            {
                "Select": 4.558,
                "Aggregate": 0.308
            },
            {
                "Select": 4.673,
                "Aggregate": 0.133
            },
            {
                "Select": 4.169,
                "Aggregate": 0.181
            },
            {
                "Select": 5.117,
                "Aggregate": 0.112
            },
            {
                "Select": 3.732,
                "Aggregate": 0.19
            },
            {
                "Select": 4.628,
                "Aggregate": 0.15
            },
            {
                "Select": 4.141,
                "Aggregate": 0.169
            },
            {
                "Select": 4.09,
                "Aggregate": 0.256
            },
            {
                "Select": 3.994,
                "Aggregate": 0.249
            },
            {
                "Select": 5.394,
                "Aggregate": 0.107
            },
            {
                "Select": 4.975,
                "Aggregate": 0.163
            },
            {
                "Select": 4.973,
                "Aggregate": 0.047
            },
            {
                "Select": 5.621,
                "Aggregate": 0.069
            },
            {
                "Select": 5.842,
                "Aggregate": 0.064
            },
            {
                "Select": 4.888,
                "Aggregate": 0.169
            },
            {
                "Select": 4.554,
                "Aggregate": 0.248
            },
            {
                "Select": 4.816,
                "Aggregate": 0.198
            },
            {
                "Select": 5.303,
                "Aggregate": 0.097
            },
            {
                "Select": 4.694,
                "Aggregate": 0.027
            },
            {
                "Select": 4.674,
                "Aggregate": 0.029
            },
            {
                "Select": 4.771,
                "Aggregate": 0.045
            }
        ],
        "AggMerge": 3.158218674,
        "Store": 0.0,
        "Evaluation": 7.149970475,
        "Query": 7.15193605
    },
    "Result Size": 1,
    "#Container": 1,
    "RAM Proc": 71185960960,
    "Pretty RAM Proc": "66.30 GBi",
    "Estimated Storage Size": 66105808216,
    "Pretty Estimated Storage Size": "61.57 GBi",
    "System": {
        "Version": "0.13.1",
        "Build": "59b4197",
        "Build Time": "10:25:46 17-02-2022"
    }
}
----------------
I20220226 09:47:43.796371     1 QueryPlan.cpp:272] Finished merging aggregators
W20220226 09:47:43.796499     1 JSONContainer.cpp:31] JSONContainer size not able to autodetect, this should not happen. Fallback size: 52428800
ResultSize: 1

I20220226 09:47:43.799818     1 CLI.cpp:245] RAM: 1007.79 GBi | Used: 761.21 GBi | Free: 24% | Proc: 66.31 GBi
I20220226 09:47:43.799937     1 StorageCollection.cpp:84] Removing result 5
-----STATISTICS------
I20220226 09:47:43.799957     1 Timer.cpp:44] [MAIN] Query took 1.72106 s
{
    "Query": "LOAD Reddit CHOOSE (ISSTRING('/author_flair_text') && ('/edited' == 1420550177 || STARTSWITH('/parent_id', \"t3\"))) AGG ('/sum':SUM('/retrieved_on'))",
    "Time": 1645868862,
    "Pretty Time": "Sat Feb 26 09:47:42 2022\n",
    "Threads": 95,
    "Runtime": {
        "Threads": [
            {
                "Select": 0.801,
                "Aggregate": 0.124
            },
            {
                "Select": 0.628,
                "Aggregate": 0.21
            },
            {
                "Select": 0.72,
                "Aggregate": 0.219
            },
            {
                "Select": 0.809,
                "Aggregate": 0.129
            },
            {
                "Select": 0.638,
                "Aggregate": 0.219
            },
            {
                "Select": 0.738,
                "Aggregate": 0.227
            },
            {
                "Select": 0.683,
                "Aggregate": 0.229
            },
            {
                "Select": 0.831,
                "Aggregate": 0.109
            },
            {
                "Select": 0.813,
                "Aggregate": 0.132
            },
            {
                "Select": 0.716,
                "Aggregate": 0.271
            },
            {
                "Select": 0.72,
                "Aggregate": 0.23
            },
            {
                "Select": 0.808,
                "Aggregate": 0.189
            },
            {
                "Select": 0.85,
                "Aggregate": 0.159
            },
            {
                "Select": 0.857,
                "Aggregate": 0.166
            },
            {
                "Select": 0.859,
                "Aggregate": 0.163
            },
            {
                "Select": 0.708,
                "Aggregate": 0.294
            },
I20220226 09:47:43.801013     1 QueryPlan.cpp:46] Initializing QueryThread
            {
                "Select": 0.916,
                "Aggregate": 0.136
            },
            {
                "Select": 0.938,
                "Aggregate": 0.114
            },
            {
                "Select": 0.768,
                "Aggregate": 0.223
            },
            {
                "Select": 0.894,
                "Aggregate": 0.186
            },
            {
                "Select": 0.897,
                "Aggregate": 0.188
            },
            {
                "Select": 0.966,
                "Aggregate": 0.149
I20220226 09:47:43.801235     1 DirectoryRegister.cpp:44] Created directory '"/tmp/JODA/UDIR_4"'
I20220226 09:47:43.801256     1 DirectoryRegister.cpp:28] Registered directory '"/tmp/JODA/UDIR_4"'
            },
            {
                "Select": 0.879,
                "Aggregate": 0.267
            },
            {
                "Select": 0.967,
                "Aggregate": 0.19
            },
            {
                "Select": 1.027,
                "Aggregate": 0.137
            },
            {
                "Select": 0.989,
                "Aggregate": 0.175
            },
            {
                "Select": 1.002,
                "Aggregate": 0.165
            },
            {
                "Select": 0.952,
                "Aggregate": 0.221
            },
            {
                "Select": 0.939,
                "Aggregate": 0.236
            },
            {
                "Select": 1.038,
                "Aggregate": 0.138
            },
            {
                "Select": 1.018,
                "Aggregate": 0.162
            },
            {
                "Select": 1.055,
                "Aggregate": 0.165
            },
            {
                "Select": 0.907,
                "Aggregate": 0.22
            },
            {
                "Select": 1.004,
                "Aggregate": 0.178
            },
            {
                "Select": 1.121,
                "Aggregate": 0.104
            },
            {
                "Select": 1.015,
                "Aggregate": 0.186
            },
            {
                "Select": 1.022,
                "Aggregate": 0.201
            },
            {
                "Select": 0.987,
                "Aggregate": 0.174
            },
            {
                "Select": 1.098,
                "Aggregate": 0.128
            },
            {
                "Select": 0.984,
                "Aggregate": 0.262
            },
            {
                "Select": 1.184,
                "Aggregate": 0.083
            },
            {
                "Select": 1.05,
                "Aggregate": 0.207
            },
            {
                "Select": 1.066,
                "Aggregate": 0.203
            },
            {
                "Select": 1.076,
                "Aggregate": 0.215
            },
            {
                "Select": 1.064,
                "Aggregate": 0.224
            },
            {
                "Select": 1.041,
                "Aggregate": 0.215
            },
            {
                "Select": 1.056,
                "Aggregate": 0.2
            },
            {
                "Select": 0.901,
                "Aggregate": 0.372
            },
            {
                "Select": 1.061,
                "Aggregate": 0.26
            },
            {
                "Select": 1.107,
                "Aggregate": 0.216
            },
            {
                "Select": 1.197,
                "Aggregate": 0.149
            },
            {
                "Select": 1.09,
                "Aggregate": 0.259
            },
            {
                "Select": 1.131,
                "Aggregate": 0.224
            },
            {
                "Select": 1.125,
                "Aggregate": 0.236
            },
            {
                "Select": 0.716,
                "Aggregate": 0.563
            },
            {
                "Select": 1.018,
                "Aggregate": 0.288
            },
            {
                "Select": 1.228,
                "Aggregate": 0.167
            },
            {
                "Select": 1.198,
                "Aggregate": 0.212
            },
            {
                "Select": 1.274,
                "Aggregate": 0.142
            },
            {
                "Select": 1.243,
                "Aggregate": 0.14
            },
            {
                "Select": 1.033,
                "Aggregate": 0.267
            },
            {
                "Select": 1.111,
                "Aggregate": 0.306
            },
            {
                "Select": 1.122,
                "Aggregate": 0.298
            },
            {
                "Select": 1.203,
                "Aggregate": 0.238
            },
            {
                "Select": 1.235,
                "Aggregate": 0.225
            },
            {
                "Select": 1.29,
                "Aggregate": 0.172
            },
            {
                "Select": 1.249,
                "Aggregate": 0.225
            },
            {
                "Select": 1.343,
                "Aggregate": 0.12
            },
            {
                "Select": 1.205,
                "Aggregate": 0.229
            },
            {
                "Select": 1.282,
                "Aggregate": 0.192
            },
            {
                "Select": 1.24,
                "Aggregate": 0.216
            },
            {
                "Select": 1.233,
                "Aggregate": 0.23
            },
            {
                "Select": 1.133,
                "Aggregate": 0.367
            },
            {
                "Select": 1.328,
                "Aggregate": 0.142
            },
            {
                "Select": 1.377,
                "Aggregate": 0.137
            },
            {
                "Select": 1.315,
                "Aggregate": 0.201
            },
            {
                "Select": 1.167,
                "Aggregate": 0.259
            },
            {
                "Select": 1.334,
                "Aggregate": 0.14
            },
            {
                "Select": 1.373,
                "Aggregate": 0.174
            },
            {
                "Select": 1.475,
                "Aggregate": 0.104
            },
            {
                "Select": 1.283,
                "Aggregate": 0.258
            },
            {
                "Select": 1.47,
                "Aggregate": 0.125
            },
            {
                "Select": 1.439,
                "Aggregate": 0.161
            },
            {
                "Select": 1.192,
                "Aggregate": 0.366
            },
            {
                "Select": 1.489,
                "Aggregate": 0.117
            },
            {
                "Select": 1.443,
                "Aggregate": 0.08
            },
            {
                "Select": 1.341,
                "Aggregate": 0.213
            },
            {
                "Select": 1.376,
                "Aggregate": 0.187
            },
            {
                "Select": 1.506,
                "Aggregate": 0.119
            },
            {
                "Select": 1.436,
                "Aggregate": 0.102
            },
            {
                "Select": 1.585,
                "Aggregate": 0.054
            },
            {
                "Select": 1.477,
                "Aggregate": 0.156
            },
            {
                "Select": 1.491,
                "Aggregate": 0.152
            },
            {
                "Select": 1.617,
                "Aggregate": 0.055
            },
            {
                "Select": 1.542,
                "Aggregate": 0.158
            }
        ],
        "AggMerge": 0.93767824,
        "Store": 0.0,
        "Evaluation": 1.719971515,
        "Query": 1.721057596
    },
    "Result Size": 1,
    "#Container": 1,
    "RAM Proc": 71195537408,
    "Pretty RAM Proc": "66.31 GBi",
    "Estimated Storage Size": 66105808216,
    "Pretty Estimated Storage Size": "61.57 GBi",
    "System": {
        "Version": "0.13.1",
        "Build": "59b4197",
        "Build Time": "10:25:46 17-02-2022"
    }
}
----------------
I20220226 09:47:45.322358     1 QueryPlan.cpp:272] Finished merging aggregators
W20220226 09:47:45.322432     1 JSONContainer.cpp:31] JSONContainer size not able to autodetect, this should not happen. Fallback size: 52428800
ResultSize: 1

I20220226 09:47:45.325641     1 CLI.cpp:245] RAM: 1007.79 GBi | Used: 761.24 GBi | Free: 24% | Proc: 66.32 GBi
I20220226 09:47:45.325762     1 StorageCollection.cpp:84] Removing result 6
I20220226 09:47:45.325785     1 Timer.cpp:44] [MAIN] Query took 1.52494 s
-----STATISTICS------
{
    "Query": "LOAD Reddit CHOOSE ((ISSTRING('/author_flair_text') && ('/edited' == 1420550177 || STARTSWITH('/parent_id', \"t3\"))) && (((((((STARTSWITH('/author_flair_css_class', \"e\") || STARTSWITH('/author_flair_css_class', \"f\")) || STARTSWITH('/author_flair_css_class', \"L\")) || STARTSWITH('/author_flair_css_class', \"b\")) || STARTSWITH('/author_flair_css_class', \"t\")) || ((((STARTSWITH('/subreddit', \"a\") || STARTSWITH('/subreddit', \"R\")) || STARTSWITH('/subreddit', \"s\")) || STARTSWITH('/subreddit', \"F\")) || STARTSWITH('/subreddit', \"I\"))) || ((((STARTSWITH('/body', \"ìœ \") || STARTSWITH('/body', \"Ðˆ\")) || STARTSWITH('/body', \"ðŸ·\")) || STARTSWITH('/body', \"Â¬\")) || STARTSWITH('/body', \"ì¶¤\"))) || '/gilded' >= 9.024323)) AGG ('/count':COUNT('/gilded'))",
    "Time": 1645868863,
    "Pretty Time": "Sat Feb 26 09:47:43 2022\n",
    "Threads": 95,
    "Runtime": {
        "Threads": [
            {
                "Select": 0.762,
                "Aggregate": 0.036
            },
            {
                "Select": 0.847,
                "Aggregate": 0.029
            },
            {
                "Select": 0.885,
                "Aggregate": 0.024
            },
            {
                "Select": 0.875,
                "Aggregate": 0.036
            },
            {
                "Select": 0.888,
                "Aggregate": 0.03
            },
            {
                "Select": 0.908,
                "Aggregate": 0.036
            },
            {
                "Select": 0.91,
                "Aggregate": 0.036
            },
            {
                "Select": 0.914,
                "Aggregate": 0.034
            },
            {
                "Select": 0.924,
                "Aggregate": 0.037
            },
            {
                "Select": 0.9,
                "Aggregate": 0.032
            },
            {
                "Select": 0.855,
                "Aggregate": 0.039
            },
            {
                "Select": 0.892,
                "Aggregate": 0.031
            },
            {
                "Select": 0.947,
                "Aggregate": 0.024
            },
            {
                "Select": 0.934,
                "Aggregate": 0.035
            },
            {
I20220226 09:47:45.326414     1 QueryPlan.cpp:46] Initializing QueryThread
                "Select": 0.928,
                "Aggregate": 0.035
            },
            {
                "Select": 0.939,
                "Aggregate": 0.04
            },
            {
                "Select": 0.889,
                "Aggregate": 0.029
            },
            {
                "Select": 0.937,
                "Aggregate": 0.043
            },
            {
                "Select": 0.952,
                "Aggregate": 0.04
            },
            {
                "Select": 0.948,
                "Aggregate": 0.028
            },
            {
                "Select": 0.938,
I20220226 09:47:45.326647     1 DirectoryRegister.cpp:44] Created directory '"/tmp/JODA/UDIR_5"'
I20220226 09:47:45.326678     1 DirectoryRegister.cpp:28] Registered directory '"/tmp/JODA/UDIR_5"'
                "Aggregate": 0.043
            },
            {
                "Select": 0.991,
                "Aggregate": 0.034
            },
            {
                "Select": 0.964,
                "Aggregate": 0.031
            },
            {
                "Select": 0.933,
                "Aggregate": 0.057
            },
            {
                "Select": 0.996,
                "Aggregate": 0.046
            },
            {
                "Select": 0.997,
                "Aggregate": 0.044
            },
            {
                "Select": 1.012,
                "Aggregate": 0.041
            },
            {
                "Select": 0.973,
                "Aggregate": 0.045
            },
            {
                "Select": 0.961,
                "Aggregate": 0.031
            },
            {
                "Select": 0.972,
                "Aggregate": 0.029
            },
            {
                "Select": 0.975,
                "Aggregate": 0.038
            },
            {
                "Select": 1.069,
                "Aggregate": 0.045
            },
            {
                "Select": 1.075,
                "Aggregate": 0.045
            },
            {
                "Select": 1.082,
                "Aggregate": 0.048
            },
            {
                "Select": 1.06,
                "Aggregate": 0.044
            },
            {
                "Select": 1.092,
                "Aggregate": 0.045
            },
            {
                "Select": 1.003,
                "Aggregate": 0.04
            },
            {
                "Select": 1.107,
                "Aggregate": 0.043
            },
            {
                "Select": 1.06,
                "Aggregate": 0.061
            },
            {
                "Select": 1.042,
                "Aggregate": 0.033
            },
            {
                "Select": 1.035,
                "Aggregate": 0.04
            },
            {
                "Select": 1.118,
                "Aggregate": 0.038
            },
            {
                "Select": 1.129,
                "Aggregate": 0.037
            },
            {
                "Select": 1.121,
                "Aggregate": 0.048
            },
            {
                "Select": 1.138,
                "Aggregate": 0.04
            },
            {
                "Select": 1.13,
                "Aggregate": 0.049
            },
            {
                "Select": 1.133,
                "Aggregate": 0.04
            },
            {
                "Select": 1.027,
                "Aggregate": 0.078
            },
            {
                "Select": 1.104,
                "Aggregate": 0.065
            },
            {
                "Select": 1.156,
                "Aggregate": 0.043
            },
            {
                "Select": 1.163,
                "Aggregate": 0.039
            },
            {
                "Select": 1.157,
                "Aggregate": 0.046
            },
            {
                "Select": 1.153,
                "Aggregate": 0.05
            },
            {
                "Select": 1.177,
                "Aggregate": 0.048
            },
            {
                "Select": 1.187,
                "Aggregate": 0.05
            },
            {
                "Select": 1.199,
                "Aggregate": 0.039
            },
            {
                "Select": 1.189,
                "Aggregate": 0.048
            },
            {
                "Select": 1.167,
                "Aggregate": 0.071
            },
            {
                "Select": 1.199,
                "Aggregate": 0.046
            },
            {
                "Select": 1.199,
                "Aggregate": 0.047
            },
            {
                "Select": 1.212,
                "Aggregate": 0.038
            },
            {
                "Select": 1.211,
                "Aggregate": 0.04
            },
            {
                "Select": 1.188,
                "Aggregate": 0.052
            },
            {
                "Select": 1.228,
                "Aggregate": 0.037
            },
            {
                "Select": 1.164,
                "Aggregate": 0.038
            },
            {
                "Select": 1.215,
                "Aggregate": 0.047
            },
            {
                "Select": 1.227,
                "Aggregate": 0.043
            },
            {
                "Select": 1.223,
                "Aggregate": 0.05
            },
            {
                "Select": 1.203,
                "Aggregate": 0.046
            },
            {
                "Select": 1.159,
                "Aggregate": 0.12
            },
            {
                "Select": 1.236,
                "Aggregate": 0.048
            },
            {
                "Select": 1.205,
                "Aggregate": 0.046
            },
            {
                "Select": 1.233,
                "Aggregate": 0.05
            },
            {
                "Select": 1.275,
                "Aggregate": 0.036
            },
            {
                "Select": 1.182,
                "Aggregate": 0.059
            },
            {
                "Select": 1.299,
                "Aggregate": 0.035
            },
            {
                "Select": 1.268,
                "Aggregate": 0.047
            },
            {
                "Select": 1.313,
                "Aggregate": 0.041
            },
            {
                "Select": 1.323,
                "Aggregate": 0.032
            },
            {
                "Select": 1.277,
                "Aggregate": 0.082
            },
            {
                "Select": 1.323,
                "Aggregate": 0.054
            },
            {
                "Select": 1.314,
                "Aggregate": 0.06
            },
            {
                "Select": 1.353,
                "Aggregate": 0.035
            },
            {
                "Select": 1.311,
                "Aggregate": 0.051
            },
            {
                "Select": 1.365,
                "Aggregate": 0.051
            },
            {
                "Select": 1.289,
                "Aggregate": 0.052
            },
            {
                "Select": 1.387,
                "Aggregate": 0.036
            },
            {
                "Select": 1.387,
                "Aggregate": 0.039
            },
            {
                "Select": 1.38,
                "Aggregate": 0.05
            },
            {
                "Select": 1.329,
                "Aggregate": 0.04
            },
            {
                "Select": 1.407,
                "Aggregate": 0.036
            },
            {
                "Select": 1.401,
                "Aggregate": 0.06
            },
            {
                "Select": 1.429,
                "Aggregate": 0.035
            },
            {
                "Select": 1.449,
                "Aggregate": 0.038
            },
            {
                "Select": 1.471,
                "Aggregate": 0.033
            }
        ],
        "AggMerge": 0.884684846,
        "Store": 0.0,
        "Evaluation": 1.523800193,
        "Query": 1.524941726
    },
    "Result Size": 1,
    "#Container": 1,
    "RAM Proc": 71205699584,
    "Pretty RAM Proc": "66.32 GBi",
    "Estimated Storage Size": 66105808216,
    "Pretty Estimated Storage Size": "61.57 GBi",
    "System": {
        "Version": "0.13.1",
        "Build": "59b4197",
        "Build Time": "10:25:46 17-02-2022"
    }
}
----------------
I20220226 09:47:45.883975     1 QueryPlan.cpp:272] Finished merging aggregators
W20220226 09:47:45.884061     1 JSONContainer.cpp:31] JSONContainer size not able to autodetect, this should not happen. Fallback size: 52428800
ResultSize: 1

I20220226 09:47:45.887264     1 CLI.cpp:245] RAM: 1007.79 GBi | Used: 761.24 GBi | Free: 24% | Proc: 66.32 GBi
I20220226 09:47:45.887380     1 StorageCollection.cpp:84] Removing result 7
-----STATISTICS------
I20220226 09:47:45.887401     1 Timer.cpp:44] [MAIN] Query took 0.561163 s
{
    "Query": "LOAD Reddit CHOOSE ((ISSTRING('/author_flair_text') && ('/edited' == 1420550177 || STARTSWITH('/parent_id', \"t3\"))) && '/ups' <= 2868.242622) AGG ('/count':COUNT('/subreddit'))",
    "Time": 1645868865,
    "Pretty Time": "Sat Feb 26 09:47:45 2022\n",
    "Threads": 95,
    "Runtime": {
        "Threads": [
            {
                "Select": 0.15,
                "Aggregate": 0.174
            },
            {
                "Select": 0.187,
                "Aggregate": 0.139
            },
            {
                "Select": 0.168,
                "Aggregate": 0.156
            },
            {
                "Select": 0.254,
                "Aggregate": 0.081
            },
            {
                "Select": 0.207,
                "Aggregate": 0.127
            },
            {
                "Select": 0.257,
                "Aggregate": 0.078
            },
            {
                "Select": 0.163,
                "Aggregate": 0.167
            },
            {
                "Select": 0.173,
I20220226 09:47:45.888005     1 QueryPlan.cpp:46] Initializing QueryThread
                "Aggregate": 0.158
            },
            {
                "Select": 0.265,
                "Aggregate": 0.075
            },
            {
                "Select": 0.179,
                "Aggregate": 0.156
            },
            {
                "Select": 0.155,
                "Aggregate": 0.184
            },
            {
                "Select": 0.21,
                "Aggregate": 0.131
            },
            {
                "Select": 0.133,
                "Aggregate": 0.181
            },
            {
                "Select": 0.151,
                "Aggregate": 0.194
            },
I20220226 09:47:45.888231     1 DirectoryRegister.cpp:44] Created directory '"/tmp/JODA/UDIR_6"'
I20220226 09:47:45.888262     1 DirectoryRegister.cpp:28] Registered directory '"/tmp/JODA/UDIR_6"'
            {
                "Select": 0.159,
                "Aggregate": 0.184
            },
            {
                "Select": 0.166,
                "Aggregate": 0.181
            },
            {
                "Select": 0.227,
                "Aggregate": 0.087
            },
            {
                "Select": 0.183,
                "Aggregate": 0.167
            },
            {
                "Select": 0.183,
                "Aggregate": 0.136
            },
            {
                "Select": 0.178,
                "Aggregate": 0.16
            },
            {
                "Select": 0.164,
                "Aggregate": 0.182
            },
            {
                "Select": 0.248,
                "Aggregate": 0.091
            },
            {
                "Select": 0.149,
                "Aggregate": 0.192
            },
            {
                "Select": 0.18,
                "Aggregate": 0.176
            },
            {
                "Select": 0.177,
                "Aggregate": 0.181
            },
            {
                "Select": 0.178,
                "Aggregate": 0.18
            },
            {
                "Select": 0.189,
                "Aggregate": 0.173
            },
            {
                "Select": 0.261,
                "Aggregate": 0.102
            },
            {
                "Select": 0.194,
                "Aggregate": 0.143
            },
            {
                "Select": 0.17,
                "Aggregate": 0.193
            },
            {
                "Select": 0.167,
                "Aggregate": 0.198
            },
            {
                "Select": 0.202,
                "Aggregate": 0.162
            },
            {
                "Select": 0.18,
                "Aggregate": 0.188
            },
            {
                "Select": 0.185,
                "Aggregate": 0.152
            },
            {
                "Select": 0.227,
                "Aggregate": 0.138
            },
            {
                "Select": 0.258,
                "Aggregate": 0.085
            },
            {
                "Select": 0.184,
                "Aggregate": 0.186
            },
            {
                "Select": 0.18,
                "Aggregate": 0.168
            },
            {
                "Select": 0.184,
                "Aggregate": 0.186
            },
            {
                "Select": 0.191,
                "Aggregate": 0.153
            },
            {
                "Select": 0.229,
                "Aggregate": 0.135
            },
            {
                "Select": 0.201,
                "Aggregate": 0.171
            },
            {
                "Select": 0.189,
                "Aggregate": 0.192
            },
            {
                "Select": 0.193,
                "Aggregate": 0.188
            },
            {
                "Select": 0.29,
                "Aggregate": 0.093
            },
            {
                "Select": 0.194,
                "Aggregate": 0.176
            },
            {
                "Select": 0.182,
                "Aggregate": 0.169
            },
            {
                "Select": 0.211,
                "Aggregate": 0.154
            },
            {
                "Select": 0.284,
                "Aggregate": 0.09
            },
            {
                "Select": 0.223,
                "Aggregate": 0.185
            },
            {
                "Select": 0.269,
                "Aggregate": 0.143
            },
            {
                "Select": 0.216,
                "Aggregate": 0.187
            },
            {
                "Select": 0.2,
                "Aggregate": 0.217
            },
            {
                "Select": 0.223,
                "Aggregate": 0.162
            },
            {
                "Select": 0.194,
                "Aggregate": 0.2
            },
            {
                "Select": 0.229,
                "Aggregate": 0.196
            },
            {
                "Select": 0.231,
                "Aggregate": 0.194
            },
            {
                "Select": 0.204,
                "Aggregate": 0.226
            },
            {
                "Select": 0.237,
                "Aggregate": 0.176
            },
            {
                "Select": 0.228,
                "Aggregate": 0.199
            },
            {
                "Select": 0.243,
                "Aggregate": 0.164
            },
            {
                "Select": 0.231,
                "Aggregate": 0.208
            },
            {
                "Select": 0.27,
                "Aggregate": 0.154
            },
            {
                "Select": 0.262,
                "Aggregate": 0.18
            },
            {
                "Select": 0.302,
                "Aggregate": 0.095
            },
            {
                "Select": 0.218,
                "Aggregate": 0.229
            },
            {
                "Select": 0.234,
                "Aggregate": 0.185
            },
            {
                "Select": 0.339,
                "Aggregate": 0.117
            },
            {
                "Select": 0.235,
                "Aggregate": 0.187
            },
            {
                "Select": 0.377,
                "Aggregate": 0.069
            },
            {
                "Select": 0.236,
                "Aggregate": 0.211
            },
            {
                "Select": 0.332,
                "Aggregate": 0.129
            },
            {
                "Select": 0.266,
                "Aggregate": 0.195
            },
            {
                "Select": 0.353,
                "Aggregate": 0.096
            },
            {
                "Select": 0.248,
                "Aggregate": 0.183
            },
            {
                "Select": 0.302,
                "Aggregate": 0.125
            },
            {
                "Select": 0.36,
                "Aggregate": 0.104
            },
            {
                "Select": 0.237,
                "Aggregate": 0.217
            },
            {
                "Select": 0.24,
                "Aggregate": 0.233
            },
            {
                "Select": 0.244,
                "Aggregate": 0.228
            },
            {
                "Select": 0.26,
                "Aggregate": 0.216
            },
            {
                "Select": 0.423,
                "Aggregate": 0.053
            },
            {
                "Select": 0.279,
                "Aggregate": 0.204
            },
            {
                "Select": 0.412,
                "Aggregate": 0.081
            },
            {
                "Select": 0.349,
                "Aggregate": 0.115
            },
            {
                "Select": 0.254,
                "Aggregate": 0.238
            },
            {
                "Select": 0.408,
                "Aggregate": 0.087
            },
            {
                "Select": 0.415,
                "Aggregate": 0.059
            },
            {
                "Select": 0.432,
                "Aggregate": 0.065
            },
            {
                "Select": 0.414,
                "Aggregate": 0.054
            },
            {
                "Select": 0.384,
                "Aggregate": 0.139
            },
            {
                "Select": 0.474,
                "Aggregate": 0.053
            },
            {
                "Select": 0.39,
                "Aggregate": 0.135
            },
            {
                "Select": 0.338,
                "Aggregate": 0.113
            },
            {
                "Select": 0.422,
                "Aggregate": 0.119
            }
        ],
        "AggMerge": 0.3125102,
        "Store": 0.0,
        "Evaluation": 0.560011889,
        "Query": 0.56116313
    },
    "Result Size": 1,
    "#Container": 1,
    "RAM Proc": 71213580288,
    "Pretty RAM Proc": "66.32 GBi",
    "Estimated Storage Size": 66105808216,
    "Pretty Estimated Storage Size": "61.57 GBi",
    "System": {
        "Version": "0.13.1",
        "Build": "59b4197",
        "Build Time": "10:25:46 17-02-2022"
    }
}
----------------
I20220226 09:47:46.264910     1 QueryPlan.cpp:272] Finished merging aggregators
W20220226 09:47:46.264976     1 JSONContainer.cpp:31] JSONContainer size not able to autodetect, this should not happen. Fallback size: 52428800
ResultSize: 1

I20220226 09:47:46.268007     1 CLI.cpp:245] RAM: 1007.79 GBi | Used: 761.24 GBi | Free: 24% | Proc: 66.33 GBi
I20220226 09:47:46.268151     1 StorageCollection.cpp:84] Removing result 8
-----STATISTICS------
I20220226 09:47:46.268177     1 Timer.cpp:44] [MAIN] Query took 0.380332 s
{
    "Query": "LOAD Reddit CHOOSE ((ISSTRING('/author_flair_text') && ('/edited' == 1420550177 || STARTSWITH('/parent_id', \"t3\"))) && ((ISSTRING('/author_flair_css_class') && '/ups' == 3570) || '/gilded' <= 10.861787)) AGG ('/count':COUNT(''))",
    "Time": 1645868865,
    "Pretty Time": "Sat Feb 26 09:47:45 2022\n",
    "Threads": 95,
    "Runtime": {
        "Threads": [
            {
                "Select": 0.197,
                "Aggregate": 0.045
            },
            {
                "Select": 0.196,
                "Aggregate": 0.051
            },
            {
                "Select": 0.148,
                "Aggregate": 0.043
            },
            {
                "Select": 0.21,
                "Aggregate": 0.042
            },
            {
                "Select": 0.199,
                "Aggregate": 0.054
            },
            {
                "Select": 0.123,
                "Aggregate": 0.031
            },
            {
                "Select": 0.139,
                "Aggregate": 0.055
            },
            {
                "Select": 0.199,
                "Aggregate": 0.057
            },
            {
                "Select": 0.196,
                "Aggregate": 0.044
            },
            {
                "Select": 0.137,
                "Aggregate": 0.03
            },
            {
                "Select": 0.148,
                "Aggregate": 0.04
            },
            {
                "Select": 0.177,
                "Aggregate": 0.047
            },
            {
                "Select": 0.206,
                "Aggregate": 0.055
            },
            {
                "Select": 0.182,
                "Aggregate": 0.032
            },
            {
                "Select": 0.208,
                "Aggregate": 0.052
            },
            {
                "Select": 0.186,
                "Aggregate": 0.047
            },
            {
                "Select": 0.204,
                "Aggregate": 0.046
            },
            {
                "Select": 0.15,
                "Aggregate": 0.025
            },
            {
                "Select": 0.15,
                "Aggregate": 0.042
            },
            {
                "Select": 0.121,
                "Aggregate": 0.028
            },
            {
                "Select": 0.204,
                "Aggregate": 0.032
            },
            {
                "Select": 0.224,
                "Aggregate": 0.043
            },
            {
                "Select": 0.167,
                "Aggregate": 0.029
            },
            {
                "Select": 0.172,
                "Aggregate": 0.024
            },
            {
                "Select": 0.195,
                "Aggregate": 0.069
            },
            {
                "Select": 0.212,
                "Aggregate": 0.056
            },
            {
                "Select": 0.182,
                "Aggregate": 0.032
            },
            {
                "Select": 0.149,
                "Aggregate": 0.068
            },
            {
                "Select": 0.221,
                "Aggregate": 0.05
            },
            {
                "Select": 0.182,
                "Aggregate": 0.019
            },
            {
                "Select": 0.169,
                "Aggregate": 0.064
            },
            {
                "Select": 0.206,
                "Aggregate": 0.047
            },
            {
                "Select": 0.177,
                "Aggregate": 0.075
            },
            {
                "Select": 0.234,
                "Aggregate": 0.04
            },
            {
                "Select": 0.213,
                "Aggregate": 0.061
            },
            {
                "Select": 0.222,
                "Aggregate": 0.055
            },
            {
                "Select": 0.174,
                "Aggregate": 0.052
            },
            {
                "Select": 0.234,
                "Aggregate": 0.045
            },
            {
                "Select": 0.187,
                "Aggregate": 0.056
            },
            {
                "Select": 0.227,
                "Aggregate": 0.053
            },
            {
                "Select": 0.23,
                "Aggregate": 0.052
            },
            {
                "Select": 0.192,
                "Aggregate": 0.044
            },
            {
                "Select": 0.231,
                "Aggregate": 0.053
            },
            {
                "Select": 0.226,
                "Aggregate": 0.058
            },
            {
                "Select": 0.226,
                "Aggregate": 0.06
            },
            {
                "Select": 0.232,
                "Aggregate": 0.05
            },
            {
                "Select": 0.226,
                "Aggregate": 0.058
            },
            {
                "Select": 0.234,
                "Aggregate": 0.051
            },
            {
                "Select": 0.191,
                "Aggregate": 0.027
            },
            {
                "Select": 0.232,
                "Aggregate": 0.056
            },
            {
                "Select": 0.212,
                "Aggregate": 0.062
            },
            {
                "Select": 0.236,
                "Aggregate": 0.057
            },
            {
                "Select": 0.196,
                "Aggregate": 0.057
            },
            {
                "Select": 0.232,
                "Aggregate": 0.061
            },
            {
                "Select": 0.245,
                "Aggregate": 0.042
            },
            {
                "Select": 0.187,
                "Aggregate": 0.037
            },
            {
                "Select": 0.212,
                "Aggregate": 0.048
            },
            {
                "Select": 0.224,
                "Aggregate": 0.05
            },
            {
                "Select": 0.22,
                "Aggregate": 0.063
            },
            {
                "Select": 0.245,
                "Aggregate": 0.053
            },
            {
                "Select": 0.215,
                "Aggregate": 0.083
            },
            {
                "Select": 0.247,
                "Aggregate": 0.057
            },
            {
                "Select": 0.239,
                "Aggregate": 0.046
            },
            {
                "Select": 0.22,
                "Aggregate": 0.044
            },
            {
                "Select": 0.208,
                "Aggregate": 0.032
            },
            {
                "Select": 0.206,
                "Aggregate": 0.037
            },
            {
                "Select": 0.201,
                "Aggregate": 0.045
            },
            {
                "Select": 0.248,
                "Aggregate": 0.052
            },
            {
                "Select": 0.205,
                "Aggregate": 0.063
            },
            {
                "Select": 0.229,
                "Aggregate": 0.044
            },
            {
                "Select": 0.234,
                "Aggregate": 0.052
            },
            {
                "Select": 0.262,
                "Aggregate": 0.059
            },
            {
                "Select": 0.206,
                "Aggregate": 0.064
            },
            {
                "Select": 0.238,
                "Aggregate": 0.051
            },
            {
                "Select": 0.229,
                "Aggregate": 0.048
            },
            {
                "Select": 0.197,
                "Aggregate": 0.04
            },
            {
                "Select": 0.197,
                "Aggregate": 0.044
            },
            {
                "Select": 0.23,
                "Aggregate": 0.066
            },
            {
                "Select": 0.238,
                "Aggregate": 0.05
            },
            {
                "Select": 0.217,
                "Aggregate": 0.08
            },
            {
                "Select": 0.258,
                "Aggregate": 0.062
            },
            {
                "Select": 0.224,
                "Aggregate": 0.041
            },
            {
                "Select": 0.277,
                "Aggregate": 0.061
            },
            {
                "Select": 0.262,
                "Aggregate": 0.061
            },
            {
                "Select": 0.234,
                "Aggregate": 0.057
            },
            {
                "Select": 0.179,
                "Aggregate": 0.071
            },
            {
                "Select": 0.271,
                "Aggregate": 0.075
            },
            {
                "Select": 0.283,
                "Aggregate": 0.061
            },
            {
                "Select": 0.215,
                "Aggregate": 0.042
            },
            {
                "Select": 0.281,
                "Aggregate": 0.062
            },
            {
                "Select": 0.232,
                "Aggregate": 0.067
            },
            {
                "Select": 0.284,
                "Aggregate": 0.059
            },
            {
                "Select": 0.241,
                "Aggregate": 0.063
            },
            {
                "Select": 0.253,
                "Aggregate": 0.06
            },
            {
                "Select": 0.221,
                "Aggregate": 0.05
            }
        ],
        "AggMerge": 0.182931076,
        "Store": 0.0,
        "Evaluation": 0.379182226,
        "Query": 0.38033193
    },
    "Result Size": 1,
    "#Container": 1,
    "RAM Proc": 71221358592,
    "Pretty RAM Proc": "66.33 GBi",
    "Estimated Storage Size": 66105808216,
    "Pretty Estimated Storage Size": "61.57 GBi",
    "System": {
        "Version": "0.13.1",
        "Build": "59b4197",
        "Build Time": "10:25:46 17-02-2022"
    }
}
----------------
I20220226 09:48:18.259209     1 DirectoryRegister.cpp:10] Cleaning up remaining directories
I20220226 09:48:18.259564     1 DirectoryRegister.cpp:84] Removed directory '/tmp/JODA/UDIR_6'. 1 files and directories deleted.
I20220226 09:48:18.259632     1 DirectoryRegister.cpp:84] Removed directory '/tmp/JODA/UDIR_5'. 1 files and directories deleted.
I20220226 09:48:18.259690     1 DirectoryRegister.cpp:84] Removed directory '/tmp/JODA/UDIR_4'. 1 files and directories deleted.
I20220226 09:48:18.259759     1 DirectoryRegister.cpp:84] Removed directory '/tmp/JODA/UDIR_3'. 1 files and directories deleted.
I20220226 09:48:18.259819     1 DirectoryRegister.cpp:84] Removed directory '/tmp/JODA/UDIR_2'. 1 files and directories deleted.
I20220226 09:48:18.259876     1 DirectoryRegister.cpp:84] Removed directory '/tmp/JODA/UDIR_1'. 1 files and directories deleted.
