=== Found JODA query file, executing JODA queries ===
=== Found MongoDB query file, executing MongoDB queries ===
=== Found Postgres query file, executing Postgres queries ===
=== Found JQ query file, executing JQ queries ===
Sending build context to Docker daemon  9.434MB
Step 1/2 : FROM alpine
 ---> 14119a10abf4
Step 2/2 : RUN apk add --no-cache --upgrade bash jq
 ---> Using cache
 ---> 91ec4132b45e
Successfully built 91ec4132b45e
Successfully tagged nicotin/jq:05-10-2021
status: exited: 0
JQ: 6025.67 s
6ca7ebab791480ca30e6e5a2e1a99c0b881a1745169dad55328fd3e0c75d01cf
=== Results ===
= JODA =
Overall: 
Query Time: 

= Mongo =
Overall: 
Query Time: 

= PostgreSQL =
Overall: 
Query Time: 

= JQ =
Overall: 6025.67
