=== Found JODA query file, executing JODA queries ===
= File:'Twitter.json' =
0.12.4: Pulling from nicotin/joda
Digest: sha256:b253680f2c5ee1118e2c282e0c4ebff5cb6e87643fb98abcf1e686caaa35152a
Status: Image is up to date for nicotin/joda:0.12.4
f1357fca9f61d49661d48e9999c185f8fd0cdf64a7476847b8ef805855cdf6a7
0
JODA: 108.046 s
joda-benchmark
=== Results ===
= JQ =
Overall: 
= JODA =
Overall: 108.046
Query Time: 21.2967
7.303321768
2.288947466
1.194628243
1.616884798
1.452196921
1.60322209
1.093077096
1.245530375
1.840105697
1.658768101
= Mongo =
Overall: 

Query Time: 
= PostgreSQL =
Overall: 
=== AGG Results ===
= JQ =

= JODA =
13346336
5073309
5073309
5072803
10691615
10691615
4705847
5401410
10691615
10691517
10691615
= Mongo =

= PostgreSQL =

