=== Found JODA query file, executing JODA queries ===
= File:'Twitter.json' =
0.12.4: Pulling from nicotin/joda
Digest: sha256:b253680f2c5ee1118e2c282e0c4ebff5cb6e87643fb98abcf1e686caaa35152a
Status: Image is up to date for nicotin/joda:0.12.4
622581732a738305d3dc579c0664ea7275e0d4a427d73720b695a548cb352b09
0
JODA: 95.5271 s
joda-benchmark
=== Results ===
= JQ =
Overall: 
= JODA =
Overall: 95.5271
Query Time: 22.5194
4.721918012
2.641035769
4.476385597
2.496545646
2.179657609
1.914331494
1.236396692
1.049084563
0.829128455
0.974944574
= Mongo =
Overall: 

Query Time: 
= PostgreSQL =
Overall: 
=== AGG Results ===
= JQ =

= JODA =
13346336
10691615
10691615
5073309
10691615
5407738
5073309
5073309
5407738
5073309
5407738
= Mongo =

= PostgreSQL =

