=== Found JODA query file, executing JODA queries ===
= File:'Twitter.json' =
0.12.4: Pulling from nicotin/joda
Digest: sha256:b253680f2c5ee1118e2c282e0c4ebff5cb6e87643fb98abcf1e686caaa35152a
Status: Image is up to date for nicotin/joda:0.12.4
737ac6d2dd7208878f5e4c21aaf976100f633eff7120e0ec3038f0327f0778b6
0
JODA: 79.7064 s
joda-benchmark
=== Results ===
= JQ =
Overall: 
= JODA =
Overall: 79.7064
Query Time: 15.8323
5.8151562
7.712176816
0.895785838
1.30353417
0.105657154
= Mongo =
Overall: 

Query Time: 
= PostgreSQL =
Overall: 
=== AGG Results ===
= JQ =

= JODA =
13346336
5073309
3874808
2523034
679958
160925
= Mongo =

= PostgreSQL =

