=== Found JODA query file, executing JODA queries ===
= File:'Twitter.json' =
0.12.4: Pulling from nicotin/joda
Digest: sha256:b253680f2c5ee1118e2c282e0c4ebff5cb6e87643fb98abcf1e686caaa35152a
Status: Image is up to date for nicotin/joda:0.12.4
3454aa8257b190c0d33ff21831b5fce5bc1be06b3a009bcd5a26d501947f366d
0
JODA: 81.7834 s
joda-benchmark
=== Results ===
= JQ =
Overall: 
= JODA =
Overall: 81.7834
Query Time: 15.2706
6.950184192
2.89491373
1.238673944
0.397129236
0.253990713
0.16393105
0.135550448
0.116120591
1.561222328
1.558929694
= Mongo =
Overall: 

Query Time: 
= PostgreSQL =
Overall: 
=== AGG Results ===
= JQ =

= JODA =
13346336
10691615
5073309
1707641
1317761
863871
734284
406259
128880
10691615
5073309
= Mongo =

= PostgreSQL =

