=== Found JODA query file, executing JODA queries ===
= File:'Twitter.json' =
0.12.4: Pulling from nicotin/joda
Digest: sha256:b253680f2c5ee1118e2c282e0c4ebff5cb6e87643fb98abcf1e686caaa35152a
Status: Image is up to date for nicotin/joda:0.12.4
c2445dc944a3faea81531cb1ff6374cefbc05471be2b6bba38165165f4e51648
0
JODA: 84.5726 s
joda-benchmark
=== Results ===
= JQ =
Overall: 
= JODA =
Overall: 84.5726
Query Time: 16.7597
5.277627851
3.00445329
1.422598023
1.094869716
1.129636376
0.667715731
0.775346764
0.78461924
1.511809807
1.090985444
= Mongo =
Overall: 

Query Time: 
= PostgreSQL =
Overall: 
=== AGG Results ===
= JQ =

= JODA =
13346336
5073309
5009107
5073309
5073309
5096265
2538560
5073309
5073309
3923894
5073309
= Mongo =

= PostgreSQL =

