I20220228 22:40:34.506934     1 ConfigParser.cpp:206] Setting configs
I20220228 22:40:34.507059     1 joda.cpp:95] Loaded 6 queries
I20220228 22:40:34.507125     1 joda.cpp:121] Joda Version 0.13.1 (API v2)
I20220228 22:40:34.507143     1 joda.cpp:123] Build revision 59b4197 (10:25:46 17-02-2022)
I20220228 22:40:34.507192     1 CLI.cpp:494] Using non interactive query processing due to terminal support.
I20220228 22:40:34.507468     1 StorageCollection.cpp:53] Adding storage Twitter
I20220228 22:40:34.507553     1 QueryPlan.cpp:46] Initializing QueryThread
I20220228 22:40:34.507735     1 DirectoryRegister.cpp:44] Created directory '"/tmp/JODA/UDIR_1"'
I20220228 22:40:34.507766     1 DirectoryRegister.cpp:28] Registered directory '"/tmp/JODA/UDIR_1"'
I20220228 22:40:34.507787     1 QueryPlan.cpp:67] Starting parsing
ResultSize: 29634708

I20220228 22:42:17.215845     1 CLI.cpp:245] RAM: 1007.79 GBi | Used: 999.60 GBi | Free: 1% | Proc: 181.03 GBi
I20220228 22:42:17.216073     1 StorageCollection.cpp:84] Removing result 3
I20220228 22:42:17.216096     1 Timer.cpp:44] [MAIN] Query took 102.709 s
-----STATISTICS------
{
    "Query": "LOAD Twitter FROM FILE \"/dataset/Twitter.json\" LINESEPARATED",
    "Time": 1646088034,
    "Pretty Time": "Mon Feb 28 22:40:34 2022\n",
    "Parsing Threads": 95,
    "Runtime": {
        "Parsing": 102.705450654,
        "Evaluation": 0.000009358,
        "Query": 102.708759599
    },
    "Result Size": 29634708,
    "#Container": 226,
    "RAM Proc": 194383560704,
    "Pretty RAM Proc": "181.03 GBi",
    "Estimated Storage Size": 219468386508,
    "Pretty Estimated Storage Size": "204.40 GBi",
    "System": {
        "Version": "0.13.1",
        "Build": "59b4197",
        "Build Time": "10:25:46 17-02-2022"
    }
}
----------------
I20220228 22:42:17.216583     1 QueryPlan.cpp:46] Initializing QueryThread
I20220228 22:42:17.216791     1 DirectoryRegister.cpp:44] Created directory '"/tmp/JODA/UDIR_2"'
I20220228 22:42:17.216825     1 DirectoryRegister.cpp:28] Registered directory '"/tmp/JODA/UDIR_2"'
I20220228 22:42:27.476454     1 QueryPlan.cpp:272] Finished merging aggregators
W20220228 22:42:27.476560     1 JSONContainer.cpp:31] JSONContainer size not able to autodetect, this should not happen. Fallback size: 52428800
ResultSize: 1

I20220228 22:42:27.480887     1 CLI.cpp:245] RAM: 1007.79 GBi | Used: 1004.85 GBi | Free: 0% | Proc: 186.29 GBi
I20220228 22:42:27.481047     1 StorageCollection.cpp:84] Removing result 4
-----STATISTICS------
I20220228 22:42:27.481076     1 Timer.cpp:44] [MAIN] Query took 10.2648 s
{
    "Query": "LOAD Twitter CHOOSE ISSTRING('/user/lang') AGG ('':GROUP COUNT('/place/name') AS count BY '/filter_level')",
    "Time": 1646088137,
    "Pretty Time": "Mon Feb 28 22:42:17 2022\n",
    "Threads": 95,
    "Runtime": {
        "Threads": [
            {
                "Select": 5.651,
                "Aggregate": 0.737
            },
            {
                "Select": 6.211,
                "Aggregate": 0.412
            },
            {
                "Select": 4.5,
                "Aggregate": 1.999
            },
            {
                "Select": 5.846,
                "Aggregate": 0.559
            },
            {
                "Select": 6.243,
                "Aggregate": 0.283
            },
            {
                "Select": 5.686,
                "Aggregate": 0.752
            },
            {
                "Select": 5.655,
                "Aggregate": 0.687
            },
            {
                "Select": 6.324,
                "Aggregate": 0.425
            },
            {
                "Select": 5.824,
                "Aggregate": 0.76
            },
            {
                "Select": 5.572,
                "Aggregate": 0.8
            },
            {
I20220228 22:42:27.481770     1 QueryPlan.cpp:46] Initializing QueryThread
                "Select": 6.464,
                "Aggregate": 0.425
            },
            {
                "Select": 6.683,
                "Aggregate": 0.353
            },
            {
                "Select": 6.653,
I20220228 22:42:27.481984     1 DirectoryRegister.cpp:44] Created directory '"/tmp/JODA/UDIR_3"'
I20220228 22:42:27.482015     1 DirectoryRegister.cpp:28] Registered directory '"/tmp/JODA/UDIR_3"'
                "Aggregate": 0.359
            },
            {
                "Select": 5.618,
                "Aggregate": 0.987
            },
            {
                "Select": 5.716,
                "Aggregate": 0.944
            },
            {
                "Select": 6.47,
                "Aggregate": 0.583
            },
            {
                "Select": 5.847,
                "Aggregate": 1.418
            },
            {
                "Select": 6.978,
                "Aggregate": 0.338
            },
            {
                "Select": 6.331,
                "Aggregate": 0.715
            },
            {
                "Select": 7.044,
                "Aggregate": 0.415
            },
            {
                "Select": 7.079,
                "Aggregate": 0.325
            },
            {
                "Select": 7.069,
                "Aggregate": 0.366
            },
            {
                "Select": 5.434,
                "Aggregate": 1.588
            },
            {
                "Select": 6.959,
                "Aggregate": 0.432
            },
            {
                "Select": 7.124,
                "Aggregate": 0.328
            },
            {
                "Select": 6.238,
                "Aggregate": 0.866
            },
            {
                "Select": 6.114,
                "Aggregate": 0.732
            },
            {
                "Select": 7.266,
                "Aggregate": 0.477
            },
            {
                "Select": 5.746,
                "Aggregate": 1.541
            },
            {
                "Select": 6.399,
                "Aggregate": 0.84
            },
            {
                "Select": 6.939,
                "Aggregate": 0.529
            },
            {
                "Select": 7.156,
                "Aggregate": 0.401
            },
            {
                "Select": 6.451,
                "Aggregate": 0.663
            },
            {
                "Select": 7.174,
                "Aggregate": 0.459
            },
            {
                "Select": 6.97,
                "Aggregate": 0.776
            },
            {
                "Select": 5.908,
                "Aggregate": 1.081
            },
            {
                "Select": 7.36,
                "Aggregate": 0.367
            },
            {
                "Select": 6.933,
                "Aggregate": 0.598
            },
            {
                "Select": 5.543,
                "Aggregate": 1.905
            },
            {
                "Select": 5.692,
                "Aggregate": 1.682
            },
            {
                "Select": 6.785,
                "Aggregate": 0.753
            },
            {
                "Select": 6.854,
                "Aggregate": 0.687
            },
            {
                "Select": 7.162,
                "Aggregate": 0.575
            },
            {
                "Select": 7.289,
                "Aggregate": 0.545
            },
            {
                "Select": 7.137,
                "Aggregate": 0.619
            },
            {
                "Select": 6.816,
                "Aggregate": 0.661
            },
            {
                "Select": 6.893,
                "Aggregate": 0.847
            },
            {
                "Select": 7.265,
                "Aggregate": 0.525
            },
            {
                "Select": 6.099,
                "Aggregate": 1.599
            },
            {
                "Select": 6.812,
                "Aggregate": 0.807
            },
            {
                "Select": 6.176,
                "Aggregate": 1.608
            },
            {
                "Select": 7.288,
                "Aggregate": 0.577
            },
            {
                "Select": 7.42,
                "Aggregate": 0.598
            },
            {
                "Select": 6.988,
                "Aggregate": 0.68
            },
            {
                "Select": 6.932,
                "Aggregate": 0.811
            },
            {
                "Select": 7.015,
                "Aggregate": 0.833
            },
            {
                "Select": 7.708,
                "Aggregate": 0.526
            },
            {
                "Select": 7.335,
                "Aggregate": 0.767
            },
            {
                "Select": 7.325,
                "Aggregate": 0.734
            },
            {
                "Select": 7.086,
                "Aggregate": 0.851
            },
            {
                "Select": 7.594,
                "Aggregate": 0.561
            },
            {
                "Select": 7.504,
                "Aggregate": 0.624
            },
            {
                "Select": 7.222,
                "Aggregate": 0.938
            },
            {
                "Select": 7.286,
                "Aggregate": 0.808
            },
            {
                "Select": 7.003,
                "Aggregate": 0.931
            },
            {
                "Select": 7.195,
                "Aggregate": 0.907
            },
            {
                "Select": 6.711,
                "Aggregate": 1.12
            },
            {
                "Select": 7.736,
                "Aggregate": 0.706
            },
            {
                "Select": 7.179,
                "Aggregate": 1.05
            },
            {
                "Select": 8.257,
                "Aggregate": 0.278
            },
            {
                "Select": 6.934,
                "Aggregate": 1.606
            },
            {
                "Select": 7.456,
                "Aggregate": 0.548
            },
            {
                "Select": 8.49,
                "Aggregate": 0.287
            },
            {
                "Select": 6.422,
                "Aggregate": 1.79
            },
            {
                "Select": 7.65,
                "Aggregate": 0.618
            },
            {
                "Select": 7.365,
                "Aggregate": 0.914
            },
            {
                "Select": 7.934,
                "Aggregate": 0.563
            },
            {
                "Select": 7.649,
                "Aggregate": 0.788
            },
            {
                "Select": 7.284,
                "Aggregate": 0.969
            },
            {
                "Select": 7.903,
                "Aggregate": 0.853
            },
            {
                "Select": 7.599,
                "Aggregate": 0.89
            },
            {
                "Select": 8.024,
                "Aggregate": 0.689
            },
            {
                "Select": 7.88,
                "Aggregate": 0.754
            },
            {
                "Select": 8.016,
                "Aggregate": 0.696
            },
            {
                "Select": 8.35,
                "Aggregate": 0.617
            },
            {
                "Select": 6.879,
                "Aggregate": 1.84
            },
            {
                "Select": 7.673,
                "Aggregate": 0.913
            },
            {
                "Select": 8.364,
                "Aggregate": 0.516
            },
            {
                "Select": 7.983,
                "Aggregate": 0.74
            },
            {
                "Select": 7.665,
                "Aggregate": 0.963
            },
            {
                "Select": 8.216,
                "Aggregate": 0.758
            },
            {
                "Select": 9.118,
                "Aggregate": 0.201
            },
            {
                "Select": 8.856,
                "Aggregate": 0.512
            },
            {
                "Select": 9.435,
                "Aggregate": 0.179
            },
            {
                "Select": 9.16,
                "Aggregate": 0.161
            }
        ],
        "AggMerge": 4.143148948,
        "Store": 0.0,
        "Evaluation": 10.262915554,
        "Query": 10.264785867
    },
    "Result Size": 1,
    "#Container": 1,
    "RAM Proc": 200030420992,
    "Pretty RAM Proc": "186.29 GBi",
    "Estimated Storage Size": 219468386508,
    "Pretty Estimated Storage Size": "204.40 GBi",
    "System": {
        "Version": "0.13.1",
        "Build": "59b4197",
        "Build Time": "10:25:46 17-02-2022"
    }
}
----------------
I20220228 22:42:40.982389     1 QueryPlan.cpp:272] Finished merging aggregators
W20220228 22:42:41.863881     1 JSONContainer.cpp:31] JSONContainer size not able to autodetect, this should not happen. Fallback size: 52428800
ResultSize: 1

-----STATISTICS------
I20220228 22:42:42.135749     1 CLI.cpp:245] RAM: 1007.79 GBi | Used: 1006.13 GBi | Free: 0% | Proc: 187.52 GBi
I20220228 22:42:42.135828     1 StorageCollection.cpp:84] Removing result 5
I20220228 22:42:42.135840     1 Timer.cpp:44] [MAIN] Query took 14.6542 s
{
    "Query": "LOAD Twitter CHOOSE (ISSTRING('/user/lang') && ((('/retweeted_status/quoted_status/user/friends_count' <= 2151584.114948 && EXISTS('/quoted_status/user/profile_sidebar_fill_color')) || STARTSWITH('/quoted_status/user/url', \"ht\")) || EXISTS('/retweeted_status/user/id_str'))) AGG ('':GROUP SUM('/favorite_count') AS sum BY '/retweeted_status/user/location')",
    "Time": 1646088147,
    "Pretty Time": "Mon Feb 28 22:42:27 2022\n",
    "Threads": 95,
    "Runtime": {
        "Threads": [
            {
                "Select": 4.274,
                "Aggregate": 1.106
            },
            {
                "Select": 4.137,
                "Aggregate": 1.33
            },
            {
                "Select": 3.854,
                "Aggregate": 1.63
            },
            {
                "Select": 4.164,
                "Aggregate": 1.322
            },
            {
                "Select": 4.476,
                "Aggregate": 1.008
            },
            {
                "Select": 4.294,
                "Aggregate": 1.225
            },
            {
                "Select": 4.367,
                "Aggregate": 1.158
            },
            {
                "Select": 4.464,
                "Aggregate": 0.935
            },
            {
                "Select": 4.407,
                "Aggregate": 1.125
            },
            {
                "Select": 4.542,
                "Aggregate": 1.141
            },
            {
                "Select": 4.677,
                "Aggregate": 1.011
            },
            {
                "Select": 4.659,
                "Aggregate": 1.078
            },
            {
                "Select": 4.711,
                "Aggregate": 1.065
            },
            {
                "Select": 4.586,
                "Aggregate": 1.179
            },
            {
                "Select": 5.345,
                "Aggregate": 0.447
            },
            {
                "Select": 4.851,
                "Aggregate": 0.923
            },
            {
                "Select": 4.541,
                "Aggregate": 1.261
            },
            {
                "Select": 4.343,
                "Aggregate": 1.371
            },
            {
                "Select": 4.855,
                "Aggregate": 0.95
            },
            {
                "Select": 5.502,
                "Aggregate": 0.54
            },
            {
                "Select": 5.038,
                "Aggregate": 1.051
            },
            {
                "Select": 5.033,
                "Aggregate": 1.069
            },
            {
                "Select": 5.514,
                "Aggregate": 0.601
            },
            {
                "Select": 6.077,
                "Aggregate": 0.417
            },
            {
                "Select": 5.29,
                "Aggregate": 1.229
            },
            {
                "Select": 4.91,
                "Aggregate": 1.512
            },
            {
                "Select": 5.041,
                "Aggregate": 1.527
            },
            {
                "Select": 5.469,
                "Aggregate": 1.201
            },
            {
                "Select": 5.346,
                "Aggregate": 1.349
            },
            {
                "Select": 5.656,
                "Aggregate": 1.181
            },
            {
                "Select": 4.935,
                "Aggregate": 1.92
            },
            {
                "Select": 5.516,
                "Aggregate": 1.366
            },
            {
                "Select": 5.659,
                "Aggregate": 1.383
            },
            {
                "Select": 6.029,
                "Aggregate": 1.049
            },
            {
                "Select": 5.918,
                "Aggregate": 1.198
            },
            {
                "Select": 5.108,
                "Aggregate": 2.063
            },
            {
                "Select": 5.824,
                "Aggregate": 1.386
            },
            {
                "Select": 5.791,
                "Aggregate": 1.42
            },
            {
                "Select": 5.574,
                "Aggregate": 1.666
            },
            {
                "Select": 6.062,
                "Aggregate": 1.222
            },
            {
                "Select": 5.745,
                "Aggregate": 1.566
            },
            {
                "Select": 5.807,
                "Aggregate": 1.501
            },
            {
                "Select": 5.957,
                "Aggregate": 1.361
            },
            {
                "Select": 6.05,
                "Aggregate": 1.329
            },
            {
                "Select": 6.945,
                "Aggregate": 0.441
            },
            {
                "Select": 5.798,
                "Aggregate": 1.53
            },
            {
                "Select": 5.884,
                "Aggregate": 1.542
            },
            {
                "Select": 6.148,
                "Aggregate": 1.326
            },
            {
                "Select": 6.583,
                "Aggregate": 0.942
            },
            {
                "Select": 6.731,
                "Aggregate": 0.965
            },
            {
                "Select": 6.349,
                "Aggregate": 1.235
            },
            {
                "Select": 7.08,
                "Aggregate": 0.541
            },
            {
                "Select": 6.828,
                "Aggregate": 0.927
            },
            {
                "Select": 6.258,
                "Aggregate": 1.55
            },
            {
                "Select": 7.314,
                "Aggregate": 0.503
            },
            {
                "Select": 7.387,
                "Aggregate": 0.536
            },
            {
                "Select": 6.741,
                "Aggregate": 1.234
            },
            {
                "Select": 7.323,
                "Aggregate": 0.683
            },
            {
                "Select": 6.501,
                "Aggregate": 1.568
            },
            {
                "Select": 7.506,
                "Aggregate": 0.785
            },
            {
                "Select": 6.863,
                "Aggregate": 1.428
            },
            {
                "Select": 6.968,
                "Aggregate": 1.592
            },
            {
                "Select": 6.776,
                "Aggregate": 1.802
            },
            {
                "Select": 7.355,
                "Aggregate": 1.228
            },
            {
                "Select": 7.801,
                "Aggregate": 0.964
            },
            {
                "Select": 8.368,
                "Aggregate": 0.517
            },
            {
                "Select": 8.381,
                "Aggregate": 0.461
            },
            {
                "Select": 8.023,
                "Aggregate": 1.047
            },
            {
                "Select": 8.51,
                "Aggregate": 0.454
            },
            {
                "Select": 8.237,
                "Aggregate": 0.753
            },
            {
                "Select": 8.321,
                "Aggregate": 0.728
            },
            {
                "Select": 8.803,
                "Aggregate": 0.379
            },
            {
                "Select": 7.622,
                "Aggregate": 1.643
            },
            {
                "Select": 8.903,
                "Aggregate": 0.432
            },
            {
                "Select": 8.34,
                "Aggregate": 1.038
            },
            {
                "Select": 9.131,
                "Aggregate": 0.384
            },
            {
                "Select": 7.685,
                "Aggregate": 1.849
            },
            {
                "Select": 9.258,
                "Aggregate": 0.29
            },
            {
                "Select": 8.862,
                "Aggregate": 0.75
            },
            {
                "Select": 9.306,
                "Aggregate": 0.319
            },
            {
                "Select": 8.302,
                "Aggregate": 1.332
            },
            {
                "Select": 9.271,
                "Aggregate": 0.382
            },
            {
                "Select": 8.445,
                "Aggregate": 1.215
            },
            {
                "Select": 9.294,
                "Aggregate": 0.276
            },
            {
                "Select": 9.321,
                "Aggregate": 0.293
            },
            {
                "Select": 9.458,
                "Aggregate": 0.311
            },
            {
                "Select": 9.372,
                "Aggregate": 0.398
            },
            {
                "Select": 9.49,
                "Aggregate": 0.288
            },
            {
                "Select": 7.95,
                "Aggregate": 1.917
            },
            {
                "Select": 9.591,
                "Aggregate": 0.247
            },
            {
                "Select": 9.574,
                "Aggregate": 0.349
            },
            {
                "Select": 9.612,
                "Aggregate": 0.356
            },
            {
                "Select": 9.771,
                "Aggregate": 0.235
            },
            {
                "Select": 10.134,
                "Aggregate": 0.319
            },
            {
                "Select": 10.336,
                "Aggregate": 0.19
            }
        ],
        "AggMerge": 9.787848399,
        "Store": 0.0,
        "Evaluation": 14.653048149,
        "Query": 14.654244506
    },
    "Result Size": 1,
    "#Container": 1,
    "RAM Proc": 201348968448,
    "Pretty RAM Proc": "187.52 GBi",
    "Estimated Storage Size": 219468386508,
    "Pretty Estimated Storage Size": "204.40 GBi",
    "System": {
        "Version": "0.13.1",
        "Build": "59b4197",
        "Build Time": "10:25:46 17-02-2022"
    }
}
----------------
I20220228 22:42:43.660733     1 QueryPlan.cpp:46] Initializing QueryThread
I20220228 22:42:43.660936     1 DirectoryRegister.cpp:44] Created directory '"/tmp/JODA/UDIR_4"'
I20220228 22:42:43.660957     1 DirectoryRegister.cpp:28] Registered directory '"/tmp/JODA/UDIR_4"'
I20220228 22:42:45.704646     1 QueryPlan.cpp:272] Finished merging aggregators
W20220228 22:42:45.773823     1 JSONContainer.cpp:31] JSONContainer size not able to autodetect, this should not happen. Fallback size: 52428800
ResultSize: 1

-----STATISTICS------
I20220228 22:42:45.800226     1 CLI.cpp:245] RAM: 1007.79 GBi | Used: 1005.13 GBi | Free: 0% | Proc: 186.45 GBi
I20220228 22:42:45.800302     1 StorageCollection.cpp:84] Removing result 6
I20220228 22:42:45.800314     1 Timer.cpp:44] [MAIN] Query took 2.13975 s
{
    "Query": "LOAD Twitter CHOOSE ((ISSTRING('/user/lang') && ((('/retweeted_status/quoted_status/user/friends_count' <= 2151584.114948 && EXISTS('/quoted_status/user/profile_sidebar_fill_color')) || STARTSWITH('/quoted_status/user/url', \"ht\")) || EXISTS('/retweeted_status/user/id_str'))) && SIZE('/extended_entities/media') <= 1) AGG ('':GROUP COUNT('/possibly_sensitive') AS count BY '/retweeted_status/in_reply_to_status_id')",
    "Time": 1646088163,
    "Pretty Time": "Mon Feb 28 22:42:43 2022\n",
    "Threads": 95,
    "Runtime": {
        "Threads": [
            {
                "Select": 0.922,
                "Aggregate": 0.207
            },
            {
                "Select": 1.0,
                "Aggregate": 0.125
            },
            {
                "Select": 0.953,
                "Aggregate": 0.133
            },
            {
                "Select": 0.963,
                "Aggregate": 0.135
            },
            {
                "Select": 0.911,
                "Aggregate": 0.179
            },
            {
                "Select": 0.795,
                "Aggregate": 0.309
            },
            {
                "Select": 0.864,
                "Aggregate": 0.266
            },
            {
                "Select": 1.026,
                "Aggregate": 0.127
            },
            {
                "Select": 1.053,
                "Aggregate": 0.107
            },
            {
                "Select": 0.974,
                "Aggregate": 0.145
            },
            {
                "Select": 1.048,
                "Aggregate": 0.114
            },
            {
                "Select": 0.973,
                "Aggregate": 0.192
            },
            {
                "Select": 1.031,
                "Aggregate": 0.135
            },
            {
                "Select": 0.825,
                "Aggregate": 0.293
            },
            {
                "Select": 0.908,
                "Aggregate": 0.22
            },
            {
                "Select": 1.022,
                "Aggregate": 0.167
            },
            {
                "Select": 0.878,
                "Aggregate": 0.281
            },
            {
                "Select": 0.99,
                "Aggregate": 0.206
            },
            {
                "Select": 0.967,
                "Aggregate": 0.22
            },
            {
                "Select": 0.962,
                "Aggregate": 0.221
            },
            {
                "Select": 0.905,
                "Aggregate": 0.245
            },
            {
                "Select": 1.013,
                "Aggregate": 0.2
            },
            {
                "Select": 0.997,
                "Aggregate": 0.224
            },
            {
                "Select": 1.001,
                "Aggregate": 0.226
            },
            {
                "Select": 0.917,
                "Aggregate": 0.295
            },
            {
                "Select": 0.83,
                "Aggregate": 0.365
            },
            {
                "Select": 0.998,
                "Aggregate": 0.213
            },
            {
                "Select": 1.12,
                "Aggregate": 0.141
            },
            {
                "Select": 0.923,
                "Aggregate": 0.306
            },
            {
                "Select": 0.885,
                "Aggregate": 0.351
            },
            {
                "Select": 1.109,
                "Aggregate": 0.163
            },
            {
                "Select": 1.024,
                "Aggregate": 0.255
            },
            {
                "Select": 0.938,
                "Aggregate": 0.293
            },
            {
                "Select": 1.053,
                "Aggregate": 0.191
            },
            {
                "Select": 1.154,
                "Aggregate": 0.101
            },
            {
                "Select": 1.155,
                "Aggregate": 0.11
            },
            {
                "Select": 1.04,
                "Aggregate": 0.232
            },
            {
                "Select": 1.173,
                "Aggregate": 0.141
            },
            {
                "Select": 1.136,
                "Aggregate": 0.221
            },
            {
                "Select": 1.078,
                "Aggregate": 0.255
            },
            {
                "Select": 0.952,
                "Aggregate": 0.417
            },
            {
                "Select": 1.069,
                "Aggregate": 0.26
            },
            {
                "Select": 1.049,
                "Aggregate": 0.301
            },
            {
                "Select": 1.136,
                "Aggregate": 0.25
            },
            {
                "Select": 1.1,
                "Aggregate": 0.28
            },
            {
                "Select": 1.151,
                "Aggregate": 0.244
            },
            {
                "Select": 1.236,
                "Aggregate": 0.145
            },
            {
                "Select": 1.08,
                "Aggregate": 0.323
            },
            {
                "Select": 0.985,
                "Aggregate": 0.42
            },
            {
                "Select": 1.081,
                "Aggregate": 0.28
            },
            {
                "Select": 1.187,
                "Aggregate": 0.254
            },
            {
                "Select": 1.133,
                "Aggregate": 0.269
            },
            {
                "Select": 1.221,
                "Aggregate": 0.226
            },
            {
                "Select": 1.272,
                "Aggregate": 0.192
            },
            {
                "Select": 1.188,
                "Aggregate": 0.248
            },
            {
                "Select": 1.163,
                "Aggregate": 0.282
            },
            {
                "Select": 1.344,
                "Aggregate": 0.1
            },
            {
                "Select": 1.264,
                "Aggregate": 0.223
            },
            {
                "Select": 1.212,
                "Aggregate": 0.243
            },
            {
                "Select": 1.173,
                "Aggregate": 0.317
            },
            {
                "Select": 1.285,
                "Aggregate": 0.214
            },
            {
                "Select": 1.265,
                "Aggregate": 0.233
            },
            {
                "Select": 1.156,
                "Aggregate": 0.31
            },
            {
                "Select": 1.184,
                "Aggregate": 0.32
            },
            {
                "Select": 1.249,
                "Aggregate": 0.25
            },
            {
                "Select": 1.137,
                "Aggregate": 0.369
            },
            {
                "Select": 1.205,
                "Aggregate": 0.269
            },
            {
                "Select": 1.28,
                "Aggregate": 0.26
            },
            {
                "Select": 1.239,
                "Aggregate": 0.306
            },
            {
                "Select": 1.292,
                "Aggregate": 0.269
            },
            {
                "Select": 1.201,
                "Aggregate": 0.327
            },
            {
                "Select": 1.367,
                "Aggregate": 0.173
            },
            {
                "Select": 1.193,
                "Aggregate": 0.332
            },
            {
                "Select": 1.328,
                "Aggregate": 0.278
            },
            {
                "Select": 1.363,
                "Aggregate": 0.253
            },
            {
                "Select": 1.181,
                "Aggregate": 0.37
            },
            {
                "Select": 1.422,
                "Aggregate": 0.212
            },
            {
                "Select": 1.298,
                "Aggregate": 0.306
            },
            {
                "Select": 1.364,
                "Aggregate": 0.332
            },
            {
                "Select": 1.508,
                "Aggregate": 0.212
            },
            {
                "Select": 1.476,
                "Aggregate": 0.31
            },
            {
                "Select": 1.615,
                "Aggregate": 0.206
            },
            {
                "Select": 1.56,
                "Aggregate": 0.302
            },
            {
                "Select": 1.671,
                "Aggregate": 0.158
            },
            {
                "Select": 1.586,
                "Aggregate": 0.249
            },
            {
                "Select": 1.783,
                "Aggregate": 0.129
            },
            {
                "Select": 1.683,
                "Aggregate": 0.215
            },
            {
                "Select": 1.625,
                "Aggregate": 0.353
            },
            {
                "Select": 1.837,
                "Aggregate": 0.145
            },
            {
                "Select": 1.73,
                "Aggregate": 0.211
            },
            {
                "Select": 1.754,
                "Aggregate": 0.187
            },
            {
                "Select": 1.845,
                "Aggregate": 0.151
            },
            {
                "Select": 1.859,
                "Aggregate": 0.128
            },
            {
                "Select": 1.833,
                "Aggregate": 0.141
            },
            {
                "Select": 1.844,
                "Aggregate": 0.135
            }
        ],
        "AggMerge": 1.070215673,
        "Store": 0.0,
        "Evaluation": 2.138713353,
        "Query": 2.139749219
    },
    "Result Size": 1,
    "#Container": 1,
    "RAM Proc": 200198836224,
    "Pretty RAM Proc": "186.45 GBi",
    "Estimated Storage Size": 219468386508,
    "Pretty Estimated Storage Size": "204.40 GBi",
    "System": {
        "Version": "0.13.1",
        "Build": "59b4197",
        "Build Time": "10:25:46 17-02-2022"
    }
}
----------------
I20220228 22:42:45.924751     1 QueryPlan.cpp:46] Initializing QueryThread
I20220228 22:42:45.924935     1 DirectoryRegister.cpp:44] Created directory '"/tmp/JODA/UDIR_5"'
I20220228 22:42:45.924957     1 DirectoryRegister.cpp:28] Registered directory '"/tmp/JODA/UDIR_5"'
I20220228 22:42:46.526513     1 QueryPlan.cpp:272] Finished merging aggregators
W20220228 22:42:46.527248     1 JSONContainer.cpp:31] JSONContainer size not able to autodetect, this should not happen. Fallback size: 52428800
ResultSize: 1

-----STATISTICS------
I20220228 22:42:46.529909     1 CLI.cpp:245] RAM: 1007.79 GBi | Used: 1005.08 GBi | Free: 0% | Proc: 186.40 GBi
I20220228 22:42:46.530002     1 StorageCollection.cpp:84] Removing result 7
I20220228 22:42:46.530014     1 Timer.cpp:44] [MAIN] Query took 0.605427 s
{
    "Query": "LOAD Twitter CHOOSE (((ISSTRING('/user/lang') && ((('/retweeted_status/quoted_status/user/friends_count' <= 2151584.114948 && EXISTS('/quoted_status/user/profile_sidebar_fill_color')) || STARTSWITH('/quoted_status/user/url', \"ht\")) || EXISTS('/retweeted_status/user/id_str'))) && SIZE('/extended_entities/media') <= 1) && (ISSTRING('/in_reply_to_screen_name') || '/retweeted_status/user/profile_background_tile' == false)) AGG ('':GROUP COUNT('') AS count BY '/quoted_status/favorite_count')",
    "Time": 1646088165,
    "Pretty Time": "Mon Feb 28 22:42:45 2022\n",
    "Threads": 95,
    "Runtime": {
        "Threads": [
            {
                "Select": 0.288,
                "Aggregate": 0.093
            },
            {
                "Select": 0.235,
                "Aggregate": 0.067
            },
            {
                "Select": 0.223,
                "Aggregate": 0.08
            },
            {
                "Select": 0.32,
                "Aggregate": 0.05
            },
            {
                "Select": 0.304,
                "Aggregate": 0.086
            },
            {
                "Select": 0.308,
                "Aggregate": 0.075
            },
            {
                "Select": 0.29,
                "Aggregate": 0.058
            },
            {
                "Select": 0.274,
                "Aggregate": 0.098
            },
            {
                "Select": 0.302,
                "Aggregate": 0.073
            },
            {
                "Select": 0.249,
                "Aggregate": 0.135
            },
            {
                "Select": 0.336,
                "Aggregate": 0.061
            },
            {
                "Select": 0.285,
                "Aggregate": 0.079
            },
            {
                "Select": 0.278,
                "Aggregate": 0.111
            },
            {
                "Select": 0.314,
                "Aggregate": 0.086
            },
            {
                "Select": 0.334,
                "Aggregate": 0.063
            },
            {
                "Select": 0.289,
                "Aggregate": 0.093
            },
            {
                "Select": 0.289,
                "Aggregate": 0.108
            },
            {
                "Select": 0.295,
                "Aggregate": 0.103
            },
            {
                "Select": 0.311,
                "Aggregate": 0.053
            },
            {
                "Select": 0.269,
                "Aggregate": 0.078
            },
            {
                "Select": 0.298,
                "Aggregate": 0.081
            },
            {
                "Select": 0.303,
                "Aggregate": 0.081
            },
            {
                "Select": 0.311,
                "Aggregate": 0.094
            },
            {
                "Select": 0.314,
                "Aggregate": 0.09
            },
            {
                "Select": 0.265,
                "Aggregate": 0.087
            },
            {
                "Select": 0.295,
                "Aggregate": 0.08
            },
            {
                "Select": 0.299,
                "Aggregate": 0.096
            },
            {
                "Select": 0.31,
                "Aggregate": 0.095
            },
            {
                "Select": 0.31,
                "Aggregate": 0.074
            },
            {
                "Select": 0.311,
                "Aggregate": 0.086
            },
            {
                "Select": 0.365,
                "Aggregate": 0.054
            },
            {
                "Select": 0.298,
                "Aggregate": 0.079
            },
            {
                "Select": 0.267,
                "Aggregate": 0.073
            },
            {
                "Select": 0.346,
                "Aggregate": 0.082
            },
            {
                "Select": 0.334,
                "Aggregate": 0.094
            },
            {
                "Select": 0.337,
                "Aggregate": 0.092
            },
            {
                "Select": 0.287,
                "Aggregate": 0.099
            },
            {
                "Select": 0.322,
                "Aggregate": 0.104
            },
            {
                "Select": 0.316,
                "Aggregate": 0.051
            },
            {
                "Select": 0.339,
                "Aggregate": 0.092
            },
            {
                "Select": 0.311,
                "Aggregate": 0.095
            },
            {
                "Select": 0.331,
                "Aggregate": 0.096
            },
            {
                "Select": 0.334,
                "Aggregate": 0.094
            },
            {
                "Select": 0.367,
                "Aggregate": 0.066
            },
            {
                "Select": 0.376,
                "Aggregate": 0.06
            },
            {
                "Select": 0.308,
                "Aggregate": 0.091
            },
            {
                "Select": 0.349,
                "Aggregate": 0.089
            },
            {
                "Select": 0.37,
                "Aggregate": 0.072
            },
            {
                "Select": 0.348,
                "Aggregate": 0.1
            },
            {
                "Select": 0.373,
                "Aggregate": 0.076
            },
            {
                "Select": 0.349,
                "Aggregate": 0.086
            },
            {
                "Select": 0.358,
                "Aggregate": 0.095
            },
            {
                "Select": 0.332,
                "Aggregate": 0.087
            },
            {
                "Select": 0.372,
                "Aggregate": 0.094
            },
            {
                "Select": 0.377,
                "Aggregate": 0.078
            },
            {
                "Select": 0.414,
                "Aggregate": 0.03
            },
            {
                "Select": 0.375,
                "Aggregate": 0.082
            },
            {
                "Select": 0.309,
                "Aggregate": 0.089
            },
            {
                "Select": 0.433,
                "Aggregate": 0.037
            },
            {
                "Select": 0.307,
I20220228 22:42:46.531816     1 QueryPlan.cpp:46] Initializing QueryThread
                "Aggregate": 0.096
            },
            {
                "Select": 0.357,
                "Aggregate": 0.112
            },
            {
                "Select": 0.362,
                "Aggregate": 0.095
            },
            {
                "Select": 0.394,
                "Aggregate": 0.081
            },
            {
                "Select": 0.34,
                "Aggregate": 0.073
            },
            {
                "Select": 0.389,
                "Aggregate": 0.083
            },
            {
                "Select": 0.411,
                "Aggregate": 0.072
            },
            {
                "Select": 0.381,
                "Aggregate": 0.082
I20220228 22:42:46.532094     1 DirectoryRegister.cpp:44] Created directory '"/tmp/JODA/UDIR_6"'
I20220228 22:42:46.532140     1 DirectoryRegister.cpp:28] Registered directory '"/tmp/JODA/UDIR_6"'
            },
            {
                "Select": 0.341,
                "Aggregate": 0.082
            },
            {
                "Select": 0.379,
                "Aggregate": 0.11
            },
            {
                "Select": 0.34,
                "Aggregate": 0.092
            },
            {
                "Select": 0.36,
                "Aggregate": 0.113
            },
            {
                "Select": 0.326,
                "Aggregate": 0.1
            },
            {
                "Select": 0.392,
                "Aggregate": 0.075
            },
            {
                "Select": 0.397,
                "Aggregate": 0.077
            },
            {
                "Select": 0.354,
                "Aggregate": 0.13
            },
            {
                "Select": 0.396,
                "Aggregate": 0.098
            },
            {
                "Select": 0.325,
                "Aggregate": 0.102
            },
            {
                "Select": 0.393,
                "Aggregate": 0.098
            },
            {
                "Select": 0.401,
                "Aggregate": 0.073
            },
            {
                "Select": 0.39,
                "Aggregate": 0.1
            },
            {
                "Select": 0.366,
                "Aggregate": 0.092
            },
            {
                "Select": 0.376,
                "Aggregate": 0.085
            },
            {
                "Select": 0.387,
                "Aggregate": 0.094
            },
            {
                "Select": 0.379,
                "Aggregate": 0.074
            },
            {
                "Select": 0.387,
                "Aggregate": 0.098
            },
            {
                "Select": 0.414,
                "Aggregate": 0.105
            },
            {
                "Select": 0.416,
                "Aggregate": 0.087
            },
            {
                "Select": 0.38,
                "Aggregate": 0.101
            },
            {
                "Select": 0.362,
                "Aggregate": 0.112
            },
            {
                "Select": 0.398,
                "Aggregate": 0.132
            },
            {
                "Select": 0.379,
                "Aggregate": 0.115
            },
            {
                "Select": 0.447,
                "Aggregate": 0.095
            },
            {
                "Select": 0.51,
                "Aggregate": 0.03
            },
            {
                "Select": 0.409,
                "Aggregate": 0.1
            },
            {
                "Select": 0.564,
                "Aggregate": 0.023
            }
        ],
        "AggMerge": 0.271391953,
        "Store": 0.0,
        "Evaluation": 0.604456597,
        "Query": 0.605426533
    },
    "Result Size": 1,
    "#Container": 1,
    "RAM Proc": 200146751488,
    "Pretty RAM Proc": "186.40 GBi",
    "Estimated Storage Size": 219468386508,
    "Pretty Estimated Storage Size": "204.40 GBi",
    "System": {
        "Version": "0.13.1",
        "Build": "59b4197",
        "Build Time": "10:25:46 17-02-2022"
    }
}
----------------
I20220228 22:42:47.061344     1 QueryPlan.cpp:272] Finished merging aggregators
W20220228 22:42:47.061417     1 JSONContainer.cpp:31] JSONContainer size not able to autodetect, this should not happen. Fallback size: 52428800
ResultSize: 1

I20220228 22:42:47.065217     1 StorageCollection.cpp:84] Removing result 8
-----STATISTICS------
I20220228 22:42:47.065240     1 Timer.cpp:44] [MAIN] Query took 0.533582 s
{
    "Query": "LOAD Twitter CHOOSE (((ISSTRING('/user/lang') && ((('/retweeted_status/quoted_status/user/friends_count' <= 2151584.114948 && EXISTS('/quoted_status/user/profile_sidebar_fill_color')) || STARTSWITH('/quoted_status/user/url', \"ht\")) || EXISTS('/retweeted_status/user/id_str'))) && SIZE('/extended_entities/media') <= 1) && (((EXISTS('/extended_tweet/extended_entities/media') || EXISTS('/retweeted_status/extended_tweet/entities/hashtags')) || EXISTS('/retweeted_status/quoted_status/user/profile_link_color')) || STARTSWITH('/user/profile_banner_url', \"ht\"))) AGG ('':GROUP COUNT('') AS count BY '/retweeted_status/quoted_status/favorited')",
    "Time": 1646088166,
    "Pretty Time": "Mon Feb 28 22:42:46 2022\n",
    "Threads": 95,
    "Runtime": {
        "Threads": [
            {
                "Select": 0.181,
                "Aggregate": 0.051
            },
            {
                "Select": 0.274,
                "Aggregate": 0.076
            },
            {
                "Select": 0.238,
                "Aggregate": 0.08
            },
            {
                "Select": 0.272,
                "Aggregate": 0.08
            },
            {
                "Select": 0.262,
                "Aggregate": 0.048
            },
            {
                "Select": 0.266,
                "Aggregate": 0.092
            },
            {
                "Select": 0.26,
                "Aggregate": 0.099
            },
            {
                "Select": 0.25,
                "Aggregate": 0.109
            },
            {
                "Select": 0.193,
                "Aggregate": 0.079
            },
            {
                "Select": 0.267,
                "Aggregate": 0.1
            },
            {
                "Select": 0.249,
                "Aggregate": 0.108
            },
            {
                "Select": 0.194,
                "Aggregate": 0.057
            },
            {
                "Select": 0.223,
                "Aggregate": 0.098
            },
            {
                "Select": 0.259,
                "Aggregate": 0.111
            },
            {
                "Select": 0.271,
                "Aggregate": 0.074
            },
            {
                "Select": 0.251,
                "Aggregate": 0.108
            },
            {
                "Select": 0.259,
                "Aggregate": 0.098
            },
            {
                "Select": 0.247,
                "Aggregate": 0.056
            },
            {
                "Select": 0.262,
                "Aggregate": 0.116
            },
            {
                "Select": 0.237,
                "Aggregate": 0.096
            },
            {
                "Select": 0.28,
                "Aggregate": 0.099
            },
            {
                "Select": 0.283,
                "Aggregate": 0.097
            },
            {
                "Select": 0.292,
                "Aggregate": 0.087
            },
            {
                "Select": 0.288,
                "Aggregate": 0.094
            },
            {
                "Select": 0.259,
                "Aggregate": 0.11
            },
            {
                "Select": 0.222,
                "Aggregate": 0.045
            },
            {
                "Select": 0.284,
                "Aggregate": 0.103
            },
            {
                "Select": 0.29,
                "Aggregate": 0.098
            },
            {
                "Select": 0.267,
                "Aggregate": 0.12
            },
            {
                "Select": 0.275,
                "Aggregate": 0.076
            },
            {
                "Select": 0.262,
                "Aggregate": 0.094
            },
            {
                "Select": 0.304,
                "Aggregate": 0.091
            },
            {
                "Select": 0.251,
                "Aggregate": 0.097
            },
            {
                "Select": 0.256,
                "Aggregate": 0.038
            },
            {
                "Select": 0.299,
                "Aggregate": 0.098
            },
            {
                "Select": 0.281,
                "Aggregate": 0.087
            },
            {
                "Select": 0.299,
                "Aggregate": 0.101
            },
            {
                "Select": 0.283,
                "Aggregate": 0.099
            },
            {
                "Select": 0.242,
                "Aggregate": 0.042
            },
            {
                "Select": 0.286,
                "Aggregate": 0.115
            },
            {
                "Select": 0.306,
                "Aggregate": 0.097
            },
            {
                "Select": 0.298,
                "Aggregate": 0.108
            },
            {
                "Select": 0.307,
                "Aggregate": 0.101
            },
            {
                "Select": 0.321,
                "Aggregate": 0.088
            },
            {
                "Select": 0.26,
                "Aggregate": 0.095
            },
            {
                "Select": 0.303,
                "Aggregate": 0.109
            },
            {
                "Select": 0.317,
                "Aggregate": 0.095
            },
            {
                "Select": 0.307,
                "Aggregate": 0.108
            },
            {
                "Select": 0.3,
                "Aggregate": 0.115
            },
            {
                "Select": 0.279,
                "Aggregate": 0.076
            },
            {
                "Select": 0.311,
                "Aggregate": 0.112
            },
            {
                "Select": 0.326,
                "Aggregate": 0.097
            },
            {
                "Select": 0.314,
                "Aggregate": 0.111
            },
            {
                "Select": 0.33,
                "Aggregate": 0.1
            },
            {
                "Select": 0.325,
                "Aggregate": 0.106
            },
            {
                "Select": 0.306,
                "Aggregate": 0.124
            },
            {
                "Select": 0.313,
                "Aggregate": 0.12
            },
            {
                "Select": 0.328,
                "Aggregate": 0.106
            },
            {
                "Select": 0.326,
                "Aggregate": 0.111
            },
            {
                "Select": 0.27,
                "Aggregate": 0.096
            },
            {
                "Select": 0.326,
                "Aggregate": 0.079
            },
            {
                "Select": 0.317,
                "Aggregate": 0.123
            },
            {
                "Select": 0.326,
                "Aggregate": 0.115
            },
            {
                "Select": 0.318,
                "Aggregate": 0.108
            },
            {
                "Select": 0.302,
                "Aggregate": 0.102
            },
            {
                "Select": 0.347,
                "Aggregate": 0.101
            },
            {
                "Select": 0.348,
                "Aggregate": 0.11
            },
            {
                "Select": 0.329,
                "Aggregate": 0.109
            },
            {
                "Select": 0.322,
                "Aggregate": 0.097
            },
            {
                "Select": 0.335,
                "Aggregate": 0.118
            },
            {
                "Select": 0.334,
                "Aggregate": 0.124
            },
            {
                "Select": 0.315,
                "Aggregate": 0.109
            },
            {
                "Select": 0.361,
                "Aggregate": 0.101
            },
            {
                "Select": 0.35,
                "Aggregate": 0.109
            },
            {
                "Select": 0.34,
                "Aggregate": 0.094
            },
            {
                "Select": 0.357,
                "Aggregate": 0.105
            },
            {
                "Select": 0.266,
                "Aggregate": 0.101
            },
            {
                "Select": 0.345,
                "Aggregate": 0.113
            },
            {
                "Select": 0.261,
                "Aggregate": 0.094
            },
            {
                "Select": 0.326,
                "Aggregate": 0.084
            },
            {
                "Select": 0.345,
                "Aggregate": 0.112
            },
            {
                "Select": 0.36,
                "Aggregate": 0.103
            },
            {
                "Select": 0.34,
                "Aggregate": 0.091
            },
            {
                "Select": 0.36,
                "Aggregate": 0.12
            },
            {
                "Select": 0.339,
                "Aggregate": 0.102
            },
            {
                "Select": 0.349,
                "Aggregate": 0.117
            },
            {
                "Select": 0.305,
                "Aggregate": 0.076
            },
            {
                "Select": 0.314,
                "Aggregate": 0.095
            },
            {
                "Select": 0.349,
                "Aggregate": 0.133
            },
            {
                "Select": 0.285,
                "Aggregate": 0.075
            },
            {
                "Select": 0.359,
                "Aggregate": 0.13
            },
            {
                "Select": 0.292,
                "Aggregate": 0.098
            },
            {
                "Select": 0.266,
                "Aggregate": 0.088
            },
            {
                "Select": 0.381,
                "Aggregate": 0.125
            },
            {
                "Select": 0.387,
                "Aggregate": 0.109
            }
        ],
        "AggMerge": 0.242620564,
        "Store": 0.0,
        "Evaluation": 0.532351639,
        "Query": 0.533582288
    },
    "Result Size": 1,
    "#Container": 1,
    "RAM Proc": 200151334912,
    "Pretty RAM Proc": "186.41 GBi",
    "Estimated Storage Size": 219468386508,
    "Pretty Estimated Storage Size": "204.40 GBi",
    "System": {
        "Version": "0.13.1",
        "Build": "59b4197",
        "Build Time": "10:25:46 17-02-2022"
    }
}
----------------
I20220228 22:43:11.992043     1 DirectoryRegister.cpp:10] Cleaning up remaining directories
I20220228 22:43:11.992746     1 DirectoryRegister.cpp:84] Removed directory '/tmp/JODA/UDIR_6'. 1 files and directories deleted.
I20220228 22:43:11.992837     1 DirectoryRegister.cpp:84] Removed directory '/tmp/JODA/UDIR_5'. 1 files and directories deleted.
I20220228 22:43:11.992908     1 DirectoryRegister.cpp:84] Removed directory '/tmp/JODA/UDIR_4'. 1 files and directories deleted.
I20220228 22:43:11.992970     1 DirectoryRegister.cpp:84] Removed directory '/tmp/JODA/UDIR_3'. 1 files and directories deleted.
I20220228 22:43:11.993031     1 DirectoryRegister.cpp:84] Removed directory '/tmp/JODA/UDIR_2'. 1 files and directories deleted.
I20220228 22:43:11.993089     1 DirectoryRegister.cpp:84] Removed directory '/tmp/JODA/UDIR_1'. 1 files and directories deleted.
