=== Found JODA query file, executing JODA queries ===
= File:'Twitter.json' =
0.12.4: Pulling from nicotin/joda
Digest: sha256:b253680f2c5ee1118e2c282e0c4ebff5cb6e87643fb98abcf1e686caaa35152a
Status: Image is up to date for nicotin/joda:0.12.4
6f1a7049196e58aefe63ff6a5fa2849d95c53635c896a46fd74cf80ba377d4af
0
JODA: 89.2939 s
joda-benchmark
=== Results ===
= JQ =
Overall: 
= JODA =
Overall: 89.2939
Query Time: 14.3276
5.579008325
1.940534957
1.143170162
1.664591788
1.183220974
1.284941237
0.75871952
0.408272937
0.210370592
0.154781849
= Mongo =
Overall: 

Query Time: 
= PostgreSQL =
Overall: 
=== AGG Results ===
= JQ =

= JODA =
13346336
5073309
5073309
5072803
10691615
5407738
10691615
5138185
1307914
673636
473673
= Mongo =

= PostgreSQL =

