=== Found JODA query file, executing JODA queries ===
= File:'Twitter.json' =
0.12.4: Pulling from nicotin/joda
Digest: sha256:b253680f2c5ee1118e2c282e0c4ebff5cb6e87643fb98abcf1e686caaa35152a
Status: Image is up to date for nicotin/joda:0.12.4
2cba6d40bba1d5cbbaa41bf85d20f9d9bd1bafd77edf996357ef411582eae665
0
JODA: 75.7691 s
joda-benchmark
=== Results ===
= JQ =
Overall: 
= JODA =
Overall: 75.7691
Query Time: 15.1697
6.433283199
7.447059684
0.593964417
0.398057726
0.297377152
= Mongo =
Overall: 

Query Time: 
= PostgreSQL =
Overall: 
=== AGG Results ===
= JQ =

= JODA =
13346336
5073309
2798317
2496841
689596
668935
= Mongo =

= PostgreSQL =

