=== Found JODA query file, executing JODA queries ===
= File:'Twitter.json' =
0.12.4: Pulling from nicotin/joda
Digest: sha256:b253680f2c5ee1118e2c282e0c4ebff5cb6e87643fb98abcf1e686caaa35152a
Status: Image is up to date for nicotin/joda:0.12.4
b1ef2ced5629944b8e62ee01e76153a4f76ad624f63d451a661ed40d8cd40b88
0
JODA: 84.6863 s
joda-benchmark
=== Results ===
= JQ =
Overall: 
= JODA =
Overall: 84.6863
Query Time: 19.3912
5.116812938
4.421733753
4.768728017
1.747232262
1.130725982
1.478649059
0.185796936
0.238896949
0.204845151
0.097785162
= Mongo =
Overall: 

Query Time: 
= PostgreSQL =
Overall: 
=== AGG Results ===
= JQ =

= JODA =
13346336
10691615
9502932
2576896
5073309
3168864
1532937
314692
314692
538456
268882
= Mongo =

= PostgreSQL =

