=== Found JODA query file, executing JODA queries ===
= File:'Twitter.json' =
0.12.4: Pulling from nicotin/joda
Digest: sha256:b253680f2c5ee1118e2c282e0c4ebff5cb6e87643fb98abcf1e686caaa35152a
Status: Image is up to date for nicotin/joda:0.12.4
c299b8c0fff6deb8a531df8a4bdaa4bcb7495aa7a1e06473ab12511672d93ca3
0
JODA: 84.7496 s
joda-benchmark
=== Results ===
= JQ =
Overall: 
= JODA =
Overall: 84.7496
Query Time: 14.7528
6.266095076
1.33551541
1.011855631
1.209379285
0.832888228
0.68438359
0.96069094
0.792993135
0.859997953
0.799020838
= Mongo =
Overall: 

Query Time: 
= PostgreSQL =
Overall: 
=== AGG Results ===
= JQ =

= JODA =
13346336
10691615
10691615
5407738
5073309
5073309
5073309
5073309
3560750
5073309
5073309
= Mongo =

= PostgreSQL =

