=== Found JODA query file, executing JODA queries ===
= File:'Twitter.json' =
0.12.4: Pulling from nicotin/joda
Digest: sha256:b253680f2c5ee1118e2c282e0c4ebff5cb6e87643fb98abcf1e686caaa35152a
Status: Image is up to date for nicotin/joda:0.12.4
cec066fcc900008d9ef2fc1bf9ae857231140d2b5048f924732f8da37d28115a
0
JODA: 72.2899 s
joda-benchmark
=== Results ===
= JQ =
Overall: 
= JODA =
Overall: 72.2899
Query Time: 9.84405
6.09976067
1.179142923
0.45061772
0.226509005
0.151978242
0.086596845
0.182504234
0.219828484
0.106267645
1.140848617
= Mongo =
Overall: 

Query Time: 
= PostgreSQL =
Overall: 
=== AGG Results ===
= JQ =

= JODA =
13346336
10691615
5073309
1532985
915227
747814
3
364841
546115
483374
6430211
= Mongo =

= PostgreSQL =

