=== Found JODA query file, executing JODA queries ===
= File:'Twitter.json' =
0.12.4: Pulling from nicotin/joda
Digest: sha256:b253680f2c5ee1118e2c282e0c4ebff5cb6e87643fb98abcf1e686caaa35152a
Status: Image is up to date for nicotin/joda:0.12.4
37662c67b9e4a236e776cd1f63759529ca188df67f2b4c6abd95ac1de6ca3fd6
0
JODA: 88.2366 s
joda-benchmark
=== Results ===
= JQ =
Overall: 
= JODA =
Overall: 88.2366
Query Time: 20.1527
4.705846288
2.287651335
1.501437027
1.633054773
2.276738083
3.204659
0.811779793
1.401676318
1.472970924
0.856903667
= Mongo =
Overall: 

Query Time: 
= PostgreSQL =
Overall: 
=== AGG Results ===
= JQ =

= JODA =
13346336
10691615
9205553
6390094
4648496
8918198
5073309
2999200
10691615
5073309
5073309
= Mongo =

= PostgreSQL =

