=== Found JODA query file, executing JODA queries ===
= File:'Twitter.json' =
0.12.4: Pulling from nicotin/joda
Digest: sha256:b253680f2c5ee1118e2c282e0c4ebff5cb6e87643fb98abcf1e686caaa35152a
Status: Image is up to date for nicotin/joda:0.12.4
a0de32dba8c25c4aa40e27e5d5f4159e331a4a0c8ffd0cc7792888f55a1f82b0
0
JODA: 88.4787 s
joda-benchmark
=== Results ===
= JQ =
Overall: 
= JODA =
Overall: 88.4787
Query Time: 19.2973
5.528637999
2.42265243
1.939152061
2.232695776
1.994763778
1.683612869
1.262558615
0.337135764
0.916069694
0.979984417
= Mongo =
Overall: 

Query Time: 
= PostgreSQL =
Overall: 
=== AGG Results ===
= JQ =

= JODA =
13346336
5073309
5009107
5073309
11360618
10691615
4682782
4124179
982988
2689798
5073309
= Mongo =

= PostgreSQL =

