=== Found JODA query file, executing JODA queries ===
= File:'Twitter.json' =
0.12.4: Pulling from nicotin/joda
Digest: sha256:b253680f2c5ee1118e2c282e0c4ebff5cb6e87643fb98abcf1e686caaa35152a
Status: Image is up to date for nicotin/joda:0.12.4
0b37c8c066916e55441e131ca78dfdf44c376911117fa0058ea29daf41dedab8
0
JODA: 72.6466 s
joda-benchmark
=== Results ===
= JQ =
Overall: 
= JODA =
Overall: 72.6466
Query Time: 14.0096
6.00378134
2.874755394
0.879451435
1.666016642
0.949234991
0.749463336
0.450990831
0.238180076
0.112923918
0.084793914
= Mongo =
Overall: 

Query Time: 
= PostgreSQL =
Overall: 
=== AGG Results ===
= JQ =

= JODA =
13346336
5073309
5073309
1238937
4732128
4119327
2788241
672326
894358
215228
162894
= Mongo =

= PostgreSQL =

