=== Found JODA query file, executing JODA queries ===
= File:'Twitter.json' =
0.12.4: Pulling from nicotin/joda
Digest: sha256:b253680f2c5ee1118e2c282e0c4ebff5cb6e87643fb98abcf1e686caaa35152a
Status: Image is up to date for nicotin/joda:0.12.4
8a236e0d533f31481b97b6222ee99bbcc96445a53c4e95488ca88fc9bff57fdd
0
JODA: 80.1931 s
joda-benchmark
=== Results ===
= JQ =
Overall: 
= JODA =
Overall: 80.1931
Query Time: 12.3405
5.342442543
2.409747617
0.93384834
0.804984199
0.700573805
0.333024883
0.390875824
0.579603344
0.252431896
0.592965465
= Mongo =
Overall: 

Query Time: 
= PostgreSQL =
Overall: 
=== AGG Results ===
= JQ =

= JODA =
13346336
6917927
5073309
3791783
3209055
5073309
1035563
1472327
2346838
806099
2518655
= Mongo =

= PostgreSQL =

