=== Found JODA query file, executing JODA queries ===
= File:'NoBench.json' =
0.12.3: Pulling from nicotin/joda
Digest: sha256:6c0c6b4a19967ae02ef348535acdb3eb8496453a8b868763c34370e10be0192f
Status: Image is up to date for nicotin/joda:0.12.3
f5d4c551696093dec6766948c56d6a75728c87b8bf2d2cb9b925455e15547c5c
0
JODA: 39.248 s
joda-benchmark
=== Found MongoDB query file, executing MongoDB queries ===
= File:'NoBench.json' =
5.0.3-focal: Pulling from library/mongo
Digest: sha256:f7c401402aa3e689fc42c7109247ab2d5a3e3b4b8a3ace4c2bf7a5fc74ca4917
Status: Image is up to date for mongo:5.0.3-focal
61b60f37ff764a0ca015e17680e31f28cbf84659ad7501b1f6440393dddb7707
2021-11-10T07:31:37.528+0000	connected to: mongodb://localhost/
2021-11-10T07:31:40.529+0000	[........................] benchmark.NoBench	15.0MB/5.73GB (0.3%)
2021-11-10T07:31:43.528+0000	[........................] benchmark.NoBench	28.8MB/5.73GB (0.5%)
2021-11-10T07:31:46.529+0000	[........................] benchmark.NoBench	43.6MB/5.73GB (0.7%)
2021-11-10T07:31:49.530+0000	[........................] benchmark.NoBench	57.6MB/5.73GB (1.0%)
2021-11-10T07:31:52.537+0000	[........................] benchmark.NoBench	72.7MB/5.73GB (1.2%)
2021-11-10T07:31:55.528+0000	[........................] benchmark.NoBench	87.7MB/5.73GB (1.5%)
2021-11-10T07:31:58.528+0000	[........................] benchmark.NoBench	102MB/5.73GB (1.7%)
2021-11-10T07:32:01.529+0000	[........................] benchmark.NoBench	118MB/5.73GB (2.0%)
2021-11-10T07:32:04.528+0000	[........................] benchmark.NoBench	132MB/5.73GB (2.2%)
2021-11-10T07:32:07.529+0000	[........................] benchmark.NoBench	148MB/5.73GB (2.5%)
2021-11-10T07:32:10.528+0000	[........................] benchmark.NoBench	162MB/5.73GB (2.8%)
2021-11-10T07:32:13.531+0000	[........................] benchmark.NoBench	178MB/5.73GB (3.0%)
2021-11-10T07:32:16.528+0000	[........................] benchmark.NoBench	193MB/5.73GB (3.3%)
2021-11-10T07:32:19.531+0000	[........................] benchmark.NoBench	208MB/5.73GB (3.6%)
2021-11-10T07:32:22.530+0000	[........................] benchmark.NoBench	223MB/5.73GB (3.8%)
2021-11-10T07:32:25.529+0000	[........................] benchmark.NoBench	238MB/5.73GB (4.1%)
2021-11-10T07:32:28.534+0000	[#.......................] benchmark.NoBench	253MB/5.73GB (4.3%)
2021-11-10T07:32:31.529+0000	[#.......................] benchmark.NoBench	267MB/5.73GB (4.6%)
2021-11-10T07:32:34.528+0000	[#.......................] benchmark.NoBench	281MB/5.73GB (4.8%)
2021-11-10T07:32:37.529+0000	[#.......................] benchmark.NoBench	298MB/5.73GB (5.1%)
2021-11-10T07:32:40.528+0000	[#.......................] benchmark.NoBench	316MB/5.73GB (5.4%)
2021-11-10T07:32:43.528+0000	[#.......................] benchmark.NoBench	331MB/5.73GB (5.6%)
2021-11-10T07:32:46.528+0000	[#.......................] benchmark.NoBench	346MB/5.73GB (5.9%)
2021-11-10T07:32:49.528+0000	[#.......................] benchmark.NoBench	361MB/5.73GB (6.1%)
2021-11-10T07:32:52.528+0000	[#.......................] benchmark.NoBench	376MB/5.73GB (6.4%)
2021-11-10T07:32:55.536+0000	[#.......................] benchmark.NoBench	391MB/5.73GB (6.7%)
2021-11-10T07:32:58.528+0000	[#.......................] benchmark.NoBench	406MB/5.73GB (6.9%)
2021-11-10T07:33:01.528+0000	[#.......................] benchmark.NoBench	422MB/5.73GB (7.2%)
2021-11-10T07:33:04.528+0000	[#.......................] benchmark.NoBench	437MB/5.73GB (7.5%)
2021-11-10T07:33:07.528+0000	[#.......................] benchmark.NoBench	452MB/5.73GB (7.7%)
2021-11-10T07:33:10.529+0000	[#.......................] benchmark.NoBench	468MB/5.73GB (8.0%)
2021-11-10T07:33:13.528+0000	[#.......................] benchmark.NoBench	484MB/5.73GB (8.2%)
2021-11-10T07:33:16.529+0000	[##......................] benchmark.NoBench	500MB/5.73GB (8.5%)
2021-11-10T07:33:19.529+0000	[##......................] benchmark.NoBench	516MB/5.73GB (8.8%)
2021-11-10T07:33:22.532+0000	[##......................] benchmark.NoBench	531MB/5.73GB (9.0%)
2021-11-10T07:33:25.528+0000	[##......................] benchmark.NoBench	547MB/5.73GB (9.3%)
2021-11-10T07:33:28.529+0000	[##......................] benchmark.NoBench	561MB/5.73GB (9.6%)
2021-11-10T07:33:31.529+0000	[##......................] benchmark.NoBench	577MB/5.73GB (9.8%)
2021-11-10T07:33:34.529+0000	[##......................] benchmark.NoBench	592MB/5.73GB (10.1%)
2021-11-10T07:33:37.528+0000	[##......................] benchmark.NoBench	607MB/5.73GB (10.3%)
2021-11-10T07:33:40.529+0000	[##......................] benchmark.NoBench	624MB/5.73GB (10.6%)
2021-11-10T07:33:43.528+0000	[##......................] benchmark.NoBench	640MB/5.73GB (10.9%)
2021-11-10T07:33:46.528+0000	[##......................] benchmark.NoBench	655MB/5.73GB (11.2%)
2021-11-10T07:33:49.529+0000	[##......................] benchmark.NoBench	671MB/5.73GB (11.4%)
2021-11-10T07:33:52.528+0000	[##......................] benchmark.NoBench	686MB/5.73GB (11.7%)
2021-11-10T07:33:55.529+0000	[##......................] benchmark.NoBench	702MB/5.73GB (12.0%)
2021-11-10T07:33:58.529+0000	[##......................] benchmark.NoBench	718MB/5.73GB (12.2%)
2021-11-10T07:34:01.530+0000	[##......................] benchmark.NoBench	733MB/5.73GB (12.5%)
2021-11-10T07:34:04.528+0000	[###.....................] benchmark.NoBench	749MB/5.73GB (12.8%)
2021-11-10T07:34:07.528+0000	[###.....................] benchmark.NoBench	765MB/5.73GB (13.0%)
2021-11-10T07:34:10.529+0000	[###.....................] benchmark.NoBench	781MB/5.73GB (13.3%)
2021-11-10T07:34:13.528+0000	[###.....................] benchmark.NoBench	796MB/5.73GB (13.6%)
2021-11-10T07:34:16.528+0000	[###.....................] benchmark.NoBench	811MB/5.73GB (13.8%)
2021-11-10T07:34:19.529+0000	[###.....................] benchmark.NoBench	826MB/5.73GB (14.1%)
2021-11-10T07:34:22.529+0000	[###.....................] benchmark.NoBench	841MB/5.73GB (14.3%)
2021-11-10T07:34:25.534+0000	[###.....................] benchmark.NoBench	856MB/5.73GB (14.6%)
2021-11-10T07:34:28.528+0000	[###.....................] benchmark.NoBench	872MB/5.73GB (14.8%)
2021-11-10T07:34:31.529+0000	[###.....................] benchmark.NoBench	887MB/5.73GB (15.1%)
2021-11-10T07:34:34.529+0000	[###.....................] benchmark.NoBench	903MB/5.73GB (15.4%)
2021-11-10T07:34:37.528+0000	[###.....................] benchmark.NoBench	918MB/5.73GB (15.6%)
2021-11-10T07:34:40.528+0000	[###.....................] benchmark.NoBench	934MB/5.73GB (15.9%)
2021-11-10T07:34:43.530+0000	[###.....................] benchmark.NoBench	953MB/5.73GB (16.2%)
2021-11-10T07:34:46.528+0000	[###.....................] benchmark.NoBench	970MB/5.73GB (16.5%)
2021-11-10T07:34:49.531+0000	[####....................] benchmark.NoBench	985MB/5.73GB (16.8%)
2021-11-10T07:34:52.528+0000	[####....................] benchmark.NoBench	1000MB/5.73GB (17.0%)
2021-11-10T07:34:55.529+0000	[####....................] benchmark.NoBench	1015MB/5.73GB (17.3%)
2021-11-10T07:34:58.529+0000	[####....................] benchmark.NoBench	1.01GB/5.73GB (17.6%)
2021-11-10T07:35:01.529+0000	[####....................] benchmark.NoBench	1.02GB/5.73GB (17.9%)
2021-11-10T07:35:04.529+0000	[####....................] benchmark.NoBench	1.04GB/5.73GB (18.1%)
2021-11-10T07:35:07.529+0000	[####....................] benchmark.NoBench	1.05GB/5.73GB (18.4%)
2021-11-10T07:35:10.528+0000	[####....................] benchmark.NoBench	1.07GB/5.73GB (18.7%)
2021-11-10T07:35:13.528+0000	[####....................] benchmark.NoBench	1.08GB/5.73GB (18.9%)
2021-11-10T07:35:16.530+0000	[####....................] benchmark.NoBench	1.10GB/5.73GB (19.2%)
2021-11-10T07:35:19.528+0000	[####....................] benchmark.NoBench	1.12GB/5.73GB (19.4%)
2021-11-10T07:35:22.529+0000	[####....................] benchmark.NoBench	1.13GB/5.73GB (19.7%)
2021-11-10T07:35:25.529+0000	[####....................] benchmark.NoBench	1.15GB/5.73GB (20.0%)
2021-11-10T07:35:28.528+0000	[####....................] benchmark.NoBench	1.16GB/5.73GB (20.3%)
2021-11-10T07:35:31.533+0000	[####....................] benchmark.NoBench	1.18GB/5.73GB (20.5%)
2021-11-10T07:35:34.530+0000	[####....................] benchmark.NoBench	1.19GB/5.73GB (20.8%)
2021-11-10T07:35:37.528+0000	[#####...................] benchmark.NoBench	1.21GB/5.73GB (21.1%)
2021-11-10T07:35:40.528+0000	[#####...................] benchmark.NoBench	1.22GB/5.73GB (21.3%)
2021-11-10T07:35:43.528+0000	[#####...................] benchmark.NoBench	1.24GB/5.73GB (21.6%)
2021-11-10T07:35:46.528+0000	[#####...................] benchmark.NoBench	1.26GB/5.73GB (21.9%)
2021-11-10T07:35:49.528+0000	[#####...................] benchmark.NoBench	1.27GB/5.73GB (22.2%)
2021-11-10T07:35:52.528+0000	[#####...................] benchmark.NoBench	1.29GB/5.73GB (22.4%)
2021-11-10T07:35:55.528+0000	[#####...................] benchmark.NoBench	1.30GB/5.73GB (22.7%)
2021-11-10T07:35:58.528+0000	[#####...................] benchmark.NoBench	1.32GB/5.73GB (23.0%)
2021-11-10T07:36:01.528+0000	[#####...................] benchmark.NoBench	1.33GB/5.73GB (23.2%)
2021-11-10T07:36:04.528+0000	[#####...................] benchmark.NoBench	1.35GB/5.73GB (23.5%)
2021-11-10T07:36:07.528+0000	[#####...................] benchmark.NoBench	1.36GB/5.73GB (23.8%)
2021-11-10T07:36:10.531+0000	[#####...................] benchmark.NoBench	1.38GB/5.73GB (24.0%)
2021-11-10T07:36:13.529+0000	[#####...................] benchmark.NoBench	1.39GB/5.73GB (24.3%)
2021-11-10T07:36:16.528+0000	[#####...................] benchmark.NoBench	1.41GB/5.73GB (24.6%)
2021-11-10T07:36:19.528+0000	[#####...................] benchmark.NoBench	1.42GB/5.73GB (24.8%)
2021-11-10T07:36:22.528+0000	[######..................] benchmark.NoBench	1.44GB/5.73GB (25.1%)
2021-11-10T07:36:25.529+0000	[######..................] benchmark.NoBench	1.45GB/5.73GB (25.4%)
2021-11-10T07:36:28.529+0000	[######..................] benchmark.NoBench	1.47GB/5.73GB (25.6%)
2021-11-10T07:36:31.528+0000	[######..................] benchmark.NoBench	1.49GB/5.73GB (25.9%)
2021-11-10T07:36:34.529+0000	[######..................] benchmark.NoBench	1.50GB/5.73GB (26.2%)
2021-11-10T07:36:37.529+0000	[######..................] benchmark.NoBench	1.52GB/5.73GB (26.5%)
2021-11-10T07:36:40.533+0000	[######..................] benchmark.NoBench	1.53GB/5.73GB (26.7%)
2021-11-10T07:36:43.528+0000	[######..................] benchmark.NoBench	1.55GB/5.73GB (27.0%)
2021-11-10T07:36:46.535+0000	[######..................] benchmark.NoBench	1.56GB/5.73GB (27.3%)
2021-11-10T07:36:49.528+0000	[######..................] benchmark.NoBench	1.58GB/5.73GB (27.6%)
2021-11-10T07:36:52.528+0000	[######..................] benchmark.NoBench	1.60GB/5.73GB (27.8%)
2021-11-10T07:36:55.528+0000	[######..................] benchmark.NoBench	1.61GB/5.73GB (28.1%)
2021-11-10T07:36:58.529+0000	[######..................] benchmark.NoBench	1.63GB/5.73GB (28.4%)
2021-11-10T07:37:01.528+0000	[######..................] benchmark.NoBench	1.64GB/5.73GB (28.6%)
2021-11-10T07:37:04.531+0000	[######..................] benchmark.NoBench	1.66GB/5.73GB (28.9%)
2021-11-10T07:37:07.528+0000	[#######.................] benchmark.NoBench	1.67GB/5.73GB (29.2%)
2021-11-10T07:37:10.533+0000	[#######.................] benchmark.NoBench	1.69GB/5.73GB (29.5%)
2021-11-10T07:37:13.528+0000	[#######.................] benchmark.NoBench	1.70GB/5.73GB (29.7%)
2021-11-10T07:37:16.528+0000	[#######.................] benchmark.NoBench	1.72GB/5.73GB (30.0%)
2021-11-10T07:37:19.529+0000	[#######.................] benchmark.NoBench	1.74GB/5.73GB (30.3%)
2021-11-10T07:37:22.528+0000	[#######.................] benchmark.NoBench	1.75GB/5.73GB (30.5%)
2021-11-10T07:37:25.528+0000	[#######.................] benchmark.NoBench	1.77GB/5.73GB (30.8%)
2021-11-10T07:37:28.528+0000	[#######.................] benchmark.NoBench	1.78GB/5.73GB (31.1%)
2021-11-10T07:37:31.528+0000	[#######.................] benchmark.NoBench	1.80GB/5.73GB (31.3%)
2021-11-10T07:37:34.528+0000	[#######.................] benchmark.NoBench	1.81GB/5.73GB (31.6%)
2021-11-10T07:37:37.529+0000	[#######.................] benchmark.NoBench	1.83GB/5.73GB (31.9%)
2021-11-10T07:37:40.531+0000	[#######.................] benchmark.NoBench	1.84GB/5.73GB (32.2%)
2021-11-10T07:37:43.530+0000	[#######.................] benchmark.NoBench	1.86GB/5.73GB (32.4%)
2021-11-10T07:37:46.528+0000	[#######.................] benchmark.NoBench	1.88GB/5.73GB (32.7%)
2021-11-10T07:37:49.528+0000	[#######.................] benchmark.NoBench	1.89GB/5.73GB (33.0%)
2021-11-10T07:37:52.531+0000	[#######.................] benchmark.NoBench	1.91GB/5.73GB (33.3%)
2021-11-10T07:37:55.529+0000	[########................] benchmark.NoBench	1.92GB/5.73GB (33.5%)
2021-11-10T07:37:58.529+0000	[########................] benchmark.NoBench	1.94GB/5.73GB (33.8%)
2021-11-10T07:38:01.528+0000	[########................] benchmark.NoBench	1.95GB/5.73GB (34.1%)
2021-11-10T07:38:04.530+0000	[########................] benchmark.NoBench	1.97GB/5.73GB (34.3%)
2021-11-10T07:38:07.531+0000	[########................] benchmark.NoBench	1.98GB/5.73GB (34.6%)
2021-11-10T07:38:10.529+0000	[########................] benchmark.NoBench	2.00GB/5.73GB (34.9%)
2021-11-10T07:38:13.531+0000	[########................] benchmark.NoBench	2.01GB/5.73GB (35.1%)
2021-11-10T07:38:16.538+0000	[########................] benchmark.NoBench	2.03GB/5.73GB (35.4%)
2021-11-10T07:38:19.528+0000	[########................] benchmark.NoBench	2.04GB/5.73GB (35.7%)
2021-11-10T07:38:22.528+0000	[########................] benchmark.NoBench	2.06GB/5.73GB (35.9%)
2021-11-10T07:38:25.528+0000	[########................] benchmark.NoBench	2.08GB/5.73GB (36.2%)
2021-11-10T07:38:28.529+0000	[########................] benchmark.NoBench	2.09GB/5.73GB (36.5%)
2021-11-10T07:38:31.528+0000	[########................] benchmark.NoBench	2.11GB/5.73GB (36.8%)
2021-11-10T07:38:34.529+0000	[########................] benchmark.NoBench	2.12GB/5.73GB (37.0%)
2021-11-10T07:38:37.528+0000	[########................] benchmark.NoBench	2.14GB/5.73GB (37.3%)
2021-11-10T07:38:40.528+0000	[#########...............] benchmark.NoBench	2.15GB/5.73GB (37.5%)
2021-11-10T07:38:43.528+0000	[#########...............] benchmark.NoBench	2.17GB/5.73GB (37.8%)
2021-11-10T07:38:46.533+0000	[#########...............] benchmark.NoBench	2.19GB/5.73GB (38.1%)
2021-11-10T07:38:49.528+0000	[#########...............] benchmark.NoBench	2.20GB/5.73GB (38.5%)
2021-11-10T07:38:52.528+0000	[#########...............] benchmark.NoBench	2.22GB/5.73GB (38.7%)
2021-11-10T07:38:55.529+0000	[#########...............] benchmark.NoBench	2.24GB/5.73GB (39.0%)
2021-11-10T07:38:58.528+0000	[#########...............] benchmark.NoBench	2.25GB/5.73GB (39.3%)
2021-11-10T07:39:01.528+0000	[#########...............] benchmark.NoBench	2.27GB/5.73GB (39.6%)
2021-11-10T07:39:04.529+0000	[#########...............] benchmark.NoBench	2.28GB/5.73GB (39.8%)
2021-11-10T07:39:07.529+0000	[#########...............] benchmark.NoBench	2.30GB/5.73GB (40.1%)
2021-11-10T07:39:10.528+0000	[#########...............] benchmark.NoBench	2.32GB/5.73GB (40.4%)
2021-11-10T07:39:13.528+0000	[#########...............] benchmark.NoBench	2.33GB/5.73GB (40.7%)
2021-11-10T07:39:16.529+0000	[#########...............] benchmark.NoBench	2.35GB/5.73GB (40.9%)
2021-11-10T07:39:19.528+0000	[#########...............] benchmark.NoBench	2.36GB/5.73GB (41.2%)
2021-11-10T07:39:22.528+0000	[#########...............] benchmark.NoBench	2.38GB/5.73GB (41.5%)
2021-11-10T07:39:25.529+0000	[##########..............] benchmark.NoBench	2.39GB/5.73GB (41.8%)
2021-11-10T07:39:28.528+0000	[##########..............] benchmark.NoBench	2.41GB/5.73GB (42.0%)
2021-11-10T07:39:31.529+0000	[##########..............] benchmark.NoBench	2.42GB/5.73GB (42.3%)
2021-11-10T07:39:34.529+0000	[##########..............] benchmark.NoBench	2.44GB/5.73GB (42.6%)
2021-11-10T07:39:37.531+0000	[##########..............] benchmark.NoBench	2.46GB/5.73GB (42.8%)
2021-11-10T07:39:40.528+0000	[##########..............] benchmark.NoBench	2.47GB/5.73GB (43.1%)
2021-11-10T07:39:43.528+0000	[##########..............] benchmark.NoBench	2.49GB/5.73GB (43.4%)
2021-11-10T07:39:46.529+0000	[##########..............] benchmark.NoBench	2.51GB/5.73GB (43.7%)
2021-11-10T07:39:49.529+0000	[##########..............] benchmark.NoBench	2.52GB/5.73GB (44.0%)
2021-11-10T07:39:52.531+0000	[##########..............] benchmark.NoBench	2.54GB/5.73GB (44.3%)
2021-11-10T07:39:55.528+0000	[##########..............] benchmark.NoBench	2.56GB/5.73GB (44.6%)
2021-11-10T07:39:58.528+0000	[##########..............] benchmark.NoBench	2.57GB/5.73GB (44.8%)
2021-11-10T07:40:01.528+0000	[##########..............] benchmark.NoBench	2.59GB/5.73GB (45.1%)
2021-11-10T07:40:04.528+0000	[##########..............] benchmark.NoBench	2.60GB/5.73GB (45.4%)
2021-11-10T07:40:07.528+0000	[##########..............] benchmark.NoBench	2.62GB/5.73GB (45.7%)
2021-11-10T07:40:10.529+0000	[###########.............] benchmark.NoBench	2.63GB/5.73GB (45.9%)
2021-11-10T07:40:13.530+0000	[###########.............] benchmark.NoBench	2.65GB/5.73GB (46.2%)
2021-11-10T07:40:16.529+0000	[###########.............] benchmark.NoBench	2.67GB/5.73GB (46.5%)
2021-11-10T07:40:19.528+0000	[###########.............] benchmark.NoBench	2.68GB/5.73GB (46.8%)
2021-11-10T07:40:22.529+0000	[###########.............] benchmark.NoBench	2.70GB/5.73GB (47.0%)
2021-11-10T07:40:25.529+0000	[###########.............] benchmark.NoBench	2.71GB/5.73GB (47.3%)
2021-11-10T07:40:28.528+0000	[###########.............] benchmark.NoBench	2.73GB/5.73GB (47.5%)
2021-11-10T07:40:31.529+0000	[###########.............] benchmark.NoBench	2.74GB/5.73GB (47.8%)
2021-11-10T07:40:34.535+0000	[###########.............] benchmark.NoBench	2.76GB/5.73GB (48.1%)
2021-11-10T07:40:37.529+0000	[###########.............] benchmark.NoBench	2.77GB/5.73GB (48.4%)
2021-11-10T07:40:40.534+0000	[###########.............] benchmark.NoBench	2.79GB/5.73GB (48.6%)
2021-11-10T07:40:43.528+0000	[###########.............] benchmark.NoBench	2.80GB/5.73GB (48.9%)
2021-11-10T07:40:46.528+0000	[###########.............] benchmark.NoBench	2.82GB/5.73GB (49.2%)
2021-11-10T07:40:49.529+0000	[###########.............] benchmark.NoBench	2.84GB/5.73GB (49.5%)
2021-11-10T07:40:52.528+0000	[###########.............] benchmark.NoBench	2.86GB/5.73GB (49.8%)
2021-11-10T07:40:55.530+0000	[############............] benchmark.NoBench	2.87GB/5.73GB (50.1%)
2021-11-10T07:40:58.528+0000	[############............] benchmark.NoBench	2.89GB/5.73GB (50.3%)
2021-11-10T07:41:01.531+0000	[############............] benchmark.NoBench	2.90GB/5.73GB (50.6%)
2021-11-10T07:41:04.529+0000	[############............] benchmark.NoBench	2.92GB/5.73GB (50.9%)
2021-11-10T07:41:07.528+0000	[############............] benchmark.NoBench	2.93GB/5.73GB (51.2%)
2021-11-10T07:41:10.530+0000	[############............] benchmark.NoBench	2.95GB/5.73GB (51.5%)
2021-11-10T07:41:13.529+0000	[############............] benchmark.NoBench	2.97GB/5.73GB (51.7%)
2021-11-10T07:41:16.529+0000	[############............] benchmark.NoBench	2.98GB/5.73GB (52.0%)
2021-11-10T07:41:19.528+0000	[############............] benchmark.NoBench	3.00GB/5.73GB (52.3%)
2021-11-10T07:41:22.529+0000	[############............] benchmark.NoBench	3.01GB/5.73GB (52.6%)
2021-11-10T07:41:25.528+0000	[############............] benchmark.NoBench	3.03GB/5.73GB (52.9%)
2021-11-10T07:41:28.528+0000	[############............] benchmark.NoBench	3.05GB/5.73GB (53.1%)
2021-11-10T07:41:31.528+0000	[############............] benchmark.NoBench	3.06GB/5.73GB (53.4%)
2021-11-10T07:41:34.528+0000	[############............] benchmark.NoBench	3.08GB/5.73GB (53.7%)
2021-11-10T07:41:37.528+0000	[############............] benchmark.NoBench	3.09GB/5.73GB (54.0%)
2021-11-10T07:41:40.528+0000	[#############...........] benchmark.NoBench	3.11GB/5.73GB (54.2%)
2021-11-10T07:41:43.529+0000	[#############...........] benchmark.NoBench	3.13GB/5.73GB (54.5%)
2021-11-10T07:41:46.528+0000	[#############...........] benchmark.NoBench	3.14GB/5.73GB (54.8%)
2021-11-10T07:41:49.528+0000	[#############...........] benchmark.NoBench	3.16GB/5.73GB (55.1%)
2021-11-10T07:41:52.528+0000	[#############...........] benchmark.NoBench	3.18GB/5.73GB (55.4%)
2021-11-10T07:41:55.529+0000	[#############...........] benchmark.NoBench	3.19GB/5.73GB (55.7%)
2021-11-10T07:41:58.528+0000	[#############...........] benchmark.NoBench	3.21GB/5.73GB (56.0%)
2021-11-10T07:42:01.529+0000	[#############...........] benchmark.NoBench	3.23GB/5.73GB (56.2%)
2021-11-10T07:42:04.533+0000	[#############...........] benchmark.NoBench	3.24GB/5.73GB (56.5%)
2021-11-10T07:42:07.534+0000	[#############...........] benchmark.NoBench	3.26GB/5.73GB (56.8%)
2021-11-10T07:42:10.529+0000	[#############...........] benchmark.NoBench	3.27GB/5.73GB (57.0%)
2021-11-10T07:42:13.528+0000	[#############...........] benchmark.NoBench	3.29GB/5.73GB (57.3%)
2021-11-10T07:42:16.528+0000	[#############...........] benchmark.NoBench	3.30GB/5.73GB (57.6%)
2021-11-10T07:42:19.528+0000	[#############...........] benchmark.NoBench	3.32GB/5.73GB (57.9%)
2021-11-10T07:42:22.528+0000	[#############...........] benchmark.NoBench	3.33GB/5.73GB (58.2%)
2021-11-10T07:42:25.528+0000	[##############..........] benchmark.NoBench	3.35GB/5.73GB (58.5%)
2021-11-10T07:42:28.528+0000	[##############..........] benchmark.NoBench	3.37GB/5.73GB (58.7%)
2021-11-10T07:42:31.529+0000	[##############..........] benchmark.NoBench	3.38GB/5.73GB (59.0%)
2021-11-10T07:42:34.529+0000	[##############..........] benchmark.NoBench	3.40GB/5.73GB (59.3%)
2021-11-10T07:42:37.529+0000	[##############..........] benchmark.NoBench	3.42GB/5.73GB (59.6%)
2021-11-10T07:42:40.529+0000	[##############..........] benchmark.NoBench	3.43GB/5.73GB (59.8%)
2021-11-10T07:42:43.529+0000	[##############..........] benchmark.NoBench	3.45GB/5.73GB (60.1%)
2021-11-10T07:42:46.529+0000	[##############..........] benchmark.NoBench	3.46GB/5.73GB (60.4%)
2021-11-10T07:42:49.529+0000	[##############..........] benchmark.NoBench	3.48GB/5.73GB (60.7%)
2021-11-10T07:42:52.529+0000	[##############..........] benchmark.NoBench	3.49GB/5.73GB (60.9%)
2021-11-10T07:42:55.528+0000	[##############..........] benchmark.NoBench	3.51GB/5.73GB (61.2%)
2021-11-10T07:42:58.528+0000	[##############..........] benchmark.NoBench	3.53GB/5.73GB (61.5%)
2021-11-10T07:43:01.528+0000	[##############..........] benchmark.NoBench	3.54GB/5.73GB (61.8%)
2021-11-10T07:43:04.528+0000	[##############..........] benchmark.NoBench	3.56GB/5.73GB (62.1%)
2021-11-10T07:43:07.530+0000	[##############..........] benchmark.NoBench	3.58GB/5.73GB (62.4%)
2021-11-10T07:43:10.528+0000	[###############.........] benchmark.NoBench	3.59GB/5.73GB (62.6%)
2021-11-10T07:43:13.528+0000	[###############.........] benchmark.NoBench	3.61GB/5.73GB (62.9%)
2021-11-10T07:43:16.528+0000	[###############.........] benchmark.NoBench	3.62GB/5.73GB (63.2%)
2021-11-10T07:43:19.529+0000	[###############.........] benchmark.NoBench	3.64GB/5.73GB (63.5%)
2021-11-10T07:43:22.529+0000	[###############.........] benchmark.NoBench	3.65GB/5.73GB (63.7%)
2021-11-10T07:43:25.535+0000	[###############.........] benchmark.NoBench	3.67GB/5.73GB (64.0%)
2021-11-10T07:43:28.529+0000	[###############.........] benchmark.NoBench	3.68GB/5.73GB (64.3%)
2021-11-10T07:43:31.529+0000	[###############.........] benchmark.NoBench	3.70GB/5.73GB (64.5%)
2021-11-10T07:43:34.528+0000	[###############.........] benchmark.NoBench	3.72GB/5.73GB (64.8%)
2021-11-10T07:43:37.528+0000	[###############.........] benchmark.NoBench	3.73GB/5.73GB (65.1%)
2021-11-10T07:43:40.534+0000	[###############.........] benchmark.NoBench	3.75GB/5.73GB (65.4%)
2021-11-10T07:43:43.528+0000	[###############.........] benchmark.NoBench	3.76GB/5.73GB (65.6%)
2021-11-10T07:43:46.528+0000	[###############.........] benchmark.NoBench	3.78GB/5.73GB (65.9%)
2021-11-10T07:43:49.528+0000	[###############.........] benchmark.NoBench	3.79GB/5.73GB (66.2%)
2021-11-10T07:43:52.529+0000	[###############.........] benchmark.NoBench	3.81GB/5.73GB (66.4%)
2021-11-10T07:43:55.528+0000	[################........] benchmark.NoBench	3.82GB/5.73GB (66.7%)
2021-11-10T07:43:58.529+0000	[################........] benchmark.NoBench	3.84GB/5.73GB (67.0%)
2021-11-10T07:44:01.528+0000	[################........] benchmark.NoBench	3.86GB/5.73GB (67.3%)
2021-11-10T07:44:04.528+0000	[################........] benchmark.NoBench	3.87GB/5.73GB (67.5%)
2021-11-10T07:44:07.536+0000	[################........] benchmark.NoBench	3.89GB/5.73GB (67.8%)
2021-11-10T07:44:10.528+0000	[################........] benchmark.NoBench	3.90GB/5.73GB (68.1%)
2021-11-10T07:44:13.528+0000	[################........] benchmark.NoBench	3.92GB/5.73GB (68.4%)
2021-11-10T07:44:16.529+0000	[################........] benchmark.NoBench	3.94GB/5.73GB (68.6%)
2021-11-10T07:44:19.529+0000	[################........] benchmark.NoBench	3.95GB/5.73GB (68.9%)
2021-11-10T07:44:22.528+0000	[################........] benchmark.NoBench	3.97GB/5.73GB (69.2%)
2021-11-10T07:44:25.530+0000	[################........] benchmark.NoBench	3.98GB/5.73GB (69.5%)
2021-11-10T07:44:28.528+0000	[################........] benchmark.NoBench	4.00GB/5.73GB (69.7%)
2021-11-10T07:44:31.528+0000	[################........] benchmark.NoBench	4.01GB/5.73GB (70.0%)
2021-11-10T07:44:34.529+0000	[################........] benchmark.NoBench	4.03GB/5.73GB (70.3%)
2021-11-10T07:44:37.529+0000	[################........] benchmark.NoBench	4.05GB/5.73GB (70.6%)
2021-11-10T07:44:40.529+0000	[################........] benchmark.NoBench	4.06GB/5.73GB (70.8%)
2021-11-10T07:44:43.528+0000	[#################.......] benchmark.NoBench	4.08GB/5.73GB (71.1%)
2021-11-10T07:44:46.529+0000	[#################.......] benchmark.NoBench	4.09GB/5.73GB (71.3%)
2021-11-10T07:44:49.529+0000	[#################.......] benchmark.NoBench	4.11GB/5.73GB (71.6%)
2021-11-10T07:44:52.528+0000	[#################.......] benchmark.NoBench	4.12GB/5.73GB (71.9%)
2021-11-10T07:44:55.529+0000	[#################.......] benchmark.NoBench	4.14GB/5.73GB (72.2%)
2021-11-10T07:44:58.528+0000	[#################.......] benchmark.NoBench	4.16GB/5.73GB (72.5%)
2021-11-10T07:45:01.528+0000	[#################.......] benchmark.NoBench	4.17GB/5.73GB (72.8%)
2021-11-10T07:45:04.529+0000	[#################.......] benchmark.NoBench	4.19GB/5.73GB (73.1%)
2021-11-10T07:45:07.529+0000	[#################.......] benchmark.NoBench	4.20GB/5.73GB (73.3%)
2021-11-10T07:45:10.529+0000	[#################.......] benchmark.NoBench	4.22GB/5.73GB (73.6%)
2021-11-10T07:45:13.528+0000	[#################.......] benchmark.NoBench	4.24GB/5.73GB (73.9%)
2021-11-10T07:45:16.528+0000	[#################.......] benchmark.NoBench	4.25GB/5.73GB (74.2%)
2021-11-10T07:45:19.528+0000	[#################.......] benchmark.NoBench	4.27GB/5.73GB (74.4%)
2021-11-10T07:45:22.529+0000	[#################.......] benchmark.NoBench	4.28GB/5.73GB (74.7%)
2021-11-10T07:45:25.529+0000	[##################......] benchmark.NoBench	4.30GB/5.73GB (75.0%)
2021-11-10T07:45:28.528+0000	[##################......] benchmark.NoBench	4.32GB/5.73GB (75.3%)
2021-11-10T07:45:31.529+0000	[##################......] benchmark.NoBench	4.33GB/5.73GB (75.6%)
2021-11-10T07:45:34.528+0000	[##################......] benchmark.NoBench	4.35GB/5.73GB (75.8%)
2021-11-10T07:45:37.529+0000	[##################......] benchmark.NoBench	4.36GB/5.73GB (76.1%)
2021-11-10T07:45:40.528+0000	[##################......] benchmark.NoBench	4.38GB/5.73GB (76.4%)
2021-11-10T07:45:43.528+0000	[##################......] benchmark.NoBench	4.39GB/5.73GB (76.6%)
2021-11-10T07:45:46.529+0000	[##################......] benchmark.NoBench	4.41GB/5.73GB (76.9%)
2021-11-10T07:45:49.529+0000	[##################......] benchmark.NoBench	4.43GB/5.73GB (77.2%)
2021-11-10T07:45:52.529+0000	[##################......] benchmark.NoBench	4.44GB/5.73GB (77.5%)
2021-11-10T07:45:55.531+0000	[##################......] benchmark.NoBench	4.46GB/5.73GB (77.8%)
2021-11-10T07:45:58.528+0000	[##################......] benchmark.NoBench	4.48GB/5.73GB (78.1%)
2021-11-10T07:46:01.528+0000	[##################......] benchmark.NoBench	4.49GB/5.73GB (78.4%)
2021-11-10T07:46:04.529+0000	[##################......] benchmark.NoBench	4.51GB/5.73GB (78.6%)
2021-11-10T07:46:07.529+0000	[##################......] benchmark.NoBench	4.53GB/5.73GB (78.9%)
2021-11-10T07:46:10.530+0000	[###################.....] benchmark.NoBench	4.54GB/5.73GB (79.2%)
2021-11-10T07:46:13.528+0000	[###################.....] benchmark.NoBench	4.56GB/5.73GB (79.5%)
2021-11-10T07:46:16.528+0000	[###################.....] benchmark.NoBench	4.57GB/5.73GB (79.7%)
2021-11-10T07:46:19.528+0000	[###################.....] benchmark.NoBench	4.59GB/5.73GB (80.0%)
2021-11-10T07:46:22.528+0000	[###################.....] benchmark.NoBench	4.60GB/5.73GB (80.3%)
2021-11-10T07:46:25.528+0000	[###################.....] benchmark.NoBench	4.62GB/5.73GB (80.6%)
2021-11-10T07:46:28.528+0000	[###################.....] benchmark.NoBench	4.63GB/5.73GB (80.8%)
2021-11-10T07:46:31.528+0000	[###################.....] benchmark.NoBench	4.65GB/5.73GB (81.1%)
2021-11-10T07:46:34.529+0000	[###################.....] benchmark.NoBench	4.67GB/5.73GB (81.4%)
2021-11-10T07:46:37.531+0000	[###################.....] benchmark.NoBench	4.68GB/5.73GB (81.6%)
2021-11-10T07:46:40.528+0000	[###################.....] benchmark.NoBench	4.70GB/5.73GB (81.9%)
2021-11-10T07:46:43.528+0000	[###################.....] benchmark.NoBench	4.71GB/5.73GB (82.2%)
2021-11-10T07:46:46.528+0000	[###################.....] benchmark.NoBench	4.73GB/5.73GB (82.5%)
2021-11-10T07:46:49.528+0000	[###################.....] benchmark.NoBench	4.74GB/5.73GB (82.7%)
2021-11-10T07:46:52.528+0000	[###################.....] benchmark.NoBench	4.76GB/5.73GB (83.0%)
2021-11-10T07:46:55.528+0000	[###################.....] benchmark.NoBench	4.77GB/5.73GB (83.3%)
2021-11-10T07:46:58.528+0000	[####################....] benchmark.NoBench	4.79GB/5.73GB (83.5%)
2021-11-10T07:47:01.528+0000	[####################....] benchmark.NoBench	4.81GB/5.73GB (83.9%)
2021-11-10T07:47:04.529+0000	[####################....] benchmark.NoBench	4.82GB/5.73GB (84.1%)
2021-11-10T07:47:07.528+0000	[####################....] benchmark.NoBench	4.84GB/5.73GB (84.4%)
2021-11-10T07:47:10.529+0000	[####################....] benchmark.NoBench	4.86GB/5.73GB (84.7%)
2021-11-10T07:47:13.528+0000	[####################....] benchmark.NoBench	4.87GB/5.73GB (85.0%)
2021-11-10T07:47:16.528+0000	[####################....] benchmark.NoBench	4.89GB/5.73GB (85.2%)
2021-11-10T07:47:19.528+0000	[####################....] benchmark.NoBench	4.90GB/5.73GB (85.5%)
2021-11-10T07:47:22.528+0000	[####################....] benchmark.NoBench	4.92GB/5.73GB (85.8%)
2021-11-10T07:47:25.528+0000	[####################....] benchmark.NoBench	4.93GB/5.73GB (86.0%)
2021-11-10T07:47:28.530+0000	[####################....] benchmark.NoBench	4.95GB/5.73GB (86.3%)
2021-11-10T07:47:31.529+0000	[####################....] benchmark.NoBench	4.96GB/5.73GB (86.6%)
2021-11-10T07:47:34.530+0000	[####################....] benchmark.NoBench	4.98GB/5.73GB (86.9%)
2021-11-10T07:47:37.530+0000	[####################....] benchmark.NoBench	5.00GB/5.73GB (87.1%)
2021-11-10T07:47:40.528+0000	[####################....] benchmark.NoBench	5.01GB/5.73GB (87.4%)
2021-11-10T07:47:43.528+0000	[#####################...] benchmark.NoBench	5.03GB/5.73GB (87.7%)
2021-11-10T07:47:46.529+0000	[#####################...] benchmark.NoBench	5.04GB/5.73GB (87.9%)
2021-11-10T07:47:49.528+0000	[#####################...] benchmark.NoBench	5.06GB/5.73GB (88.2%)
2021-11-10T07:47:52.528+0000	[#####################...] benchmark.NoBench	5.07GB/5.73GB (88.5%)
2021-11-10T07:47:55.538+0000	[#####################...] benchmark.NoBench	5.09GB/5.73GB (88.8%)
2021-11-10T07:47:58.528+0000	[#####################...] benchmark.NoBench	5.11GB/5.73GB (89.0%)
2021-11-10T07:48:01.528+0000	[#####################...] benchmark.NoBench	5.12GB/5.73GB (89.3%)
2021-11-10T07:48:04.529+0000	[#####################...] benchmark.NoBench	5.14GB/5.73GB (89.6%)
2021-11-10T07:48:07.529+0000	[#####################...] benchmark.NoBench	5.15GB/5.73GB (89.9%)
2021-11-10T07:48:10.528+0000	[#####################...] benchmark.NoBench	5.17GB/5.73GB (90.1%)
2021-11-10T07:48:13.528+0000	[#####################...] benchmark.NoBench	5.19GB/5.73GB (90.4%)
2021-11-10T07:48:16.528+0000	[#####################...] benchmark.NoBench	5.20GB/5.73GB (90.7%)
2021-11-10T07:48:19.528+0000	[#####################...] benchmark.NoBench	5.22GB/5.73GB (91.0%)
2021-11-10T07:48:22.528+0000	[#####################...] benchmark.NoBench	5.23GB/5.73GB (91.2%)
2021-11-10T07:48:25.528+0000	[#####################...] benchmark.NoBench	5.25GB/5.73GB (91.5%)
2021-11-10T07:48:28.531+0000	[######################..] benchmark.NoBench	5.26GB/5.73GB (91.8%)
2021-11-10T07:48:31.529+0000	[######################..] benchmark.NoBench	5.28GB/5.73GB (92.1%)
2021-11-10T07:48:34.528+0000	[######################..] benchmark.NoBench	5.29GB/5.73GB (92.3%)
2021-11-10T07:48:37.528+0000	[######################..] benchmark.NoBench	5.31GB/5.73GB (92.6%)
2021-11-10T07:48:40.529+0000	[######################..] benchmark.NoBench	5.33GB/5.73GB (92.9%)
2021-11-10T07:48:43.529+0000	[######################..] benchmark.NoBench	5.34GB/5.73GB (93.2%)
2021-11-10T07:48:46.528+0000	[######################..] benchmark.NoBench	5.36GB/5.73GB (93.4%)
2021-11-10T07:48:49.529+0000	[######################..] benchmark.NoBench	5.37GB/5.73GB (93.7%)
2021-11-10T07:48:52.529+0000	[######################..] benchmark.NoBench	5.39GB/5.73GB (94.0%)
2021-11-10T07:48:55.530+0000	[######################..] benchmark.NoBench	5.41GB/5.73GB (94.3%)
2021-11-10T07:48:58.529+0000	[######################..] benchmark.NoBench	5.42GB/5.73GB (94.5%)
2021-11-10T07:49:01.529+0000	[######################..] benchmark.NoBench	5.44GB/5.73GB (94.8%)
2021-11-10T07:49:04.528+0000	[######################..] benchmark.NoBench	5.45GB/5.73GB (95.1%)
2021-11-10T07:49:07.528+0000	[######################..] benchmark.NoBench	5.47GB/5.73GB (95.4%)
2021-11-10T07:49:10.529+0000	[######################..] benchmark.NoBench	5.48GB/5.73GB (95.6%)
2021-11-10T07:49:13.529+0000	[#######################.] benchmark.NoBench	5.50GB/5.73GB (95.9%)
2021-11-10T07:49:16.529+0000	[#######################.] benchmark.NoBench	5.52GB/5.73GB (96.2%)
2021-11-10T07:49:19.528+0000	[#######################.] benchmark.NoBench	5.53GB/5.73GB (96.5%)
2021-11-10T07:49:22.529+0000	[#######################.] benchmark.NoBench	5.55GB/5.73GB (96.7%)
2021-11-10T07:49:25.529+0000	[#######################.] benchmark.NoBench	5.56GB/5.73GB (97.0%)
2021-11-10T07:49:28.531+0000	[#######################.] benchmark.NoBench	5.58GB/5.73GB (97.3%)
2021-11-10T07:49:31.528+0000	[#######################.] benchmark.NoBench	5.60GB/5.73GB (97.6%)
2021-11-10T07:49:34.529+0000	[#######################.] benchmark.NoBench	5.61GB/5.73GB (97.9%)
2021-11-10T07:49:37.530+0000	[#######################.] benchmark.NoBench	5.63GB/5.73GB (98.2%)
2021-11-10T07:49:40.534+0000	[#######################.] benchmark.NoBench	5.64GB/5.73GB (98.4%)
2021-11-10T07:49:43.529+0000	[#######################.] benchmark.NoBench	5.66GB/5.73GB (98.7%)
2021-11-10T07:49:46.529+0000	[#######################.] benchmark.NoBench	5.68GB/5.73GB (99.0%)
2021-11-10T07:49:49.529+0000	[#######################.] benchmark.NoBench	5.69GB/5.73GB (99.3%)
2021-11-10T07:49:52.528+0000	[#######################.] benchmark.NoBench	5.71GB/5.73GB (99.6%)
2021-11-10T07:49:55.536+0000	[#######################.] benchmark.NoBench	5.73GB/5.73GB (99.9%)
2021-11-10T07:49:57.198+0000	[########################] benchmark.NoBench	5.73GB/5.73GB (100.0%)
2021-11-10T07:49:57.198+0000	10000000 document(s) imported successfully. 0 document(s) failed to import.
mongo-benchmark
MongoDB: 1515.06 s
mongo-benchmark
=== Found Postgres query file, executing Postgres queries ===
= File:'NoBench.json' =
13.4-alpine: Pulling from library/postgres
Digest: sha256:c170270dc9ba94f491375e366fa2cf46d0bc0027e4a69d70e6e9d1454ba748dc
Status: Image is up to date for postgres:13.4-alpine
c8119f1a08f89e15ef5c4a05c3c836dcc630e729ff25c436a67a22ae301e9012
3
PSQL: 340.882 s
psql-benchmark
=== Results ===
= JQ =
Overall: 
= JODA =
Overall: 39.248
Query Time: 11.103
2.46054087
1.53225579
1.265676481
0.832655296
0.877092978
0.473142497
0.88901445
0.938619424
0.944823322
0.889148454
= Mongo =
Overall: 1515.06
24.247
41.058
51.308
39.895
51.824
28.408
53.017
52.646
40.81
29.865
Query Time: 413.078
= PostgreSQL =
Overall: 340.882
=== AGG Results ===
= JQ =

= JODA =
10000000
3472172
7963856
7957515
4091463
1304726
186632
621867
196486
67997
2294
= Mongo =
3472172
7963856
7957515
4091463
1304726
186632
621867
196486
67997
2294
= PostgreSQL =
 3472172
 7963856
 7957515
 4091463
 1304726
 186632
 621867
 196486
 67997
  2294
