=== Found JODA query file, executing JODA queries ===
= File:'Twitter.json' =
0.12.4: Pulling from nicotin/joda
Digest: sha256:b253680f2c5ee1118e2c282e0c4ebff5cb6e87643fb98abcf1e686caaa35152a
Status: Image is up to date for nicotin/joda:0.12.4
d726baa40ddc68eb4fef686b487829840d73791a7c4b36459e31632f52277ff3
0
JODA: 114.782 s
joda-benchmark
=== Results ===
= JQ =
Overall: 
= JODA =
Overall: 114.782
Query Time: 26.5572
4.057343889
4.126659802
5.059523778
1.872217938
3.120445537
1.474108874
1.471582784
1.848670491
2.053736718
1.472873741
= Mongo =
Overall: 

Query Time: 
= PostgreSQL =
Overall: 
=== AGG Results ===
= JQ =

= JODA =
13346336
10691615
10691615
5228698
5073309
4557255
3485353
3673894
5328263
7326241
5073309
= Mongo =

= PostgreSQL =

