=== Found JODA query file, executing JODA queries ===
= File:'Twitter.json' =
0.12.2: Pulling from nicotin/joda
Digest: sha256:f5e9052c3cc1af5f34dcaa9442d46f2baf40a6a1b6fc3a0d59558d49b5ec8fcf
Status: Image is up to date for nicotin/joda:0.12.2
62e4e81bdc37dd58046af5a16b6630bda929e4250044a66ad6c52059f5a11052
0
JODA: 114.895 s
joda-benchmark
=== Found MongoDB query file, executing MongoDB queries ===
= File:'Twitter.json' =
5.0.3-focal: Pulling from library/mongo
Digest: sha256:f7c401402aa3e689fc42c7109247ab2d5a3e3b4b8a3ace4c2bf7a5fc74ca4917
Status: Image is up to date for mongo:5.0.3-focal
22356c2dc5e1092ad059a2b22eb5270047818581862701dfa1863d686b3248f3
2021-10-19T22:19:49.998+0000	connected to: mongodb://localhost/
2021-10-19T22:19:52.999+0000	[........................] benchmark.Twitter	47.1MB/49.1GB (0.1%)
2021-10-19T22:19:55.998+0000	[........................] benchmark.Twitter	99.5MB/49.1GB (0.2%)
2021-10-19T22:19:58.999+0000	[........................] benchmark.Twitter	154MB/49.1GB (0.3%)
2021-10-19T22:20:01.999+0000	[........................] benchmark.Twitter	208MB/49.1GB (0.4%)
2021-10-19T22:20:04.999+0000	[........................] benchmark.Twitter	263MB/49.1GB (0.5%)
2021-10-19T22:20:07.998+0000	[........................] benchmark.Twitter	318MB/49.1GB (0.6%)
2021-10-19T22:20:10.999+0000	[........................] benchmark.Twitter	372MB/49.1GB (0.7%)
2021-10-19T22:20:13.998+0000	[........................] benchmark.Twitter	425MB/49.1GB (0.8%)
2021-10-19T22:20:17.000+0000	[........................] benchmark.Twitter	479MB/49.1GB (1.0%)
2021-10-19T22:20:19.999+0000	[........................] benchmark.Twitter	534MB/49.1GB (1.1%)
2021-10-19T22:20:22.998+0000	[........................] benchmark.Twitter	588MB/49.1GB (1.2%)
2021-10-19T22:20:25.999+0000	[........................] benchmark.Twitter	643MB/49.1GB (1.3%)
2021-10-19T22:20:28.999+0000	[........................] benchmark.Twitter	697MB/49.1GB (1.4%)
2021-10-19T22:20:31.999+0000	[........................] benchmark.Twitter	752MB/49.1GB (1.5%)
2021-10-19T22:20:34.999+0000	[........................] benchmark.Twitter	806MB/49.1GB (1.6%)
2021-10-19T22:20:37.999+0000	[........................] benchmark.Twitter	859MB/49.1GB (1.7%)
2021-10-19T22:20:40.999+0000	[........................] benchmark.Twitter	912MB/49.1GB (1.8%)
2021-10-19T22:20:43.999+0000	[........................] benchmark.Twitter	966MB/49.1GB (1.9%)
2021-10-19T22:20:46.999+0000	[........................] benchmark.Twitter	1020MB/49.1GB (2.0%)
2021-10-19T22:20:49.999+0000	[........................] benchmark.Twitter	1.05GB/49.1GB (2.1%)
2021-10-19T22:20:52.998+0000	[........................] benchmark.Twitter	1.10GB/49.1GB (2.2%)
2021-10-19T22:20:55.999+0000	[........................] benchmark.Twitter	1.16GB/49.1GB (2.4%)
2021-10-19T22:20:58.999+0000	[........................] benchmark.Twitter	1.21GB/49.1GB (2.5%)
2021-10-19T22:21:01.999+0000	[........................] benchmark.Twitter	1.26GB/49.1GB (2.6%)
2021-10-19T22:21:04.999+0000	[........................] benchmark.Twitter	1.31GB/49.1GB (2.7%)
2021-10-19T22:21:07.999+0000	[........................] benchmark.Twitter	1.37GB/49.1GB (2.8%)
2021-10-19T22:21:10.999+0000	[........................] benchmark.Twitter	1.42GB/49.1GB (2.9%)
2021-10-19T22:21:13.999+0000	[........................] benchmark.Twitter	1.47GB/49.1GB (3.0%)
2021-10-19T22:21:16.998+0000	[........................] benchmark.Twitter	1.52GB/49.1GB (3.1%)
2021-10-19T22:21:19.999+0000	[........................] benchmark.Twitter	1.58GB/49.1GB (3.2%)
2021-10-19T22:21:22.999+0000	[........................] benchmark.Twitter	1.63GB/49.1GB (3.3%)
2021-10-19T22:21:25.999+0000	[........................] benchmark.Twitter	1.68GB/49.1GB (3.4%)
2021-10-19T22:21:28.999+0000	[........................] benchmark.Twitter	1.73GB/49.1GB (3.5%)
2021-10-19T22:21:31.999+0000	[........................] benchmark.Twitter	1.79GB/49.1GB (3.6%)
2021-10-19T22:21:34.998+0000	[........................] benchmark.Twitter	1.84GB/49.1GB (3.7%)
2021-10-19T22:21:37.999+0000	[........................] benchmark.Twitter	1.89GB/49.1GB (3.9%)
2021-10-19T22:21:40.998+0000	[........................] benchmark.Twitter	1.95GB/49.1GB (4.0%)
2021-10-19T22:21:43.999+0000	[........................] benchmark.Twitter	2.00GB/49.1GB (4.1%)
2021-10-19T22:21:46.998+0000	[........................] benchmark.Twitter	2.04GB/49.1GB (4.2%)
2021-10-19T22:21:49.999+0000	[#.......................] benchmark.Twitter	2.09GB/49.1GB (4.2%)
2021-10-19T22:21:52.999+0000	[#.......................] benchmark.Twitter	2.13GB/49.1GB (4.3%)
2021-10-19T22:21:55.998+0000	[#.......................] benchmark.Twitter	2.18GB/49.1GB (4.4%)
2021-10-19T22:21:58.999+0000	[#.......................] benchmark.Twitter	2.22GB/49.1GB (4.5%)
2021-10-19T22:22:01.998+0000	[#.......................] benchmark.Twitter	2.27GB/49.1GB (4.6%)
2021-10-19T22:22:04.999+0000	[#.......................] benchmark.Twitter	2.31GB/49.1GB (4.7%)
2021-10-19T22:22:07.998+0000	[#.......................] benchmark.Twitter	2.36GB/49.1GB (4.8%)
2021-10-19T22:22:10.999+0000	[#.......................] benchmark.Twitter	2.41GB/49.1GB (4.9%)
2021-10-19T22:22:13.999+0000	[#.......................] benchmark.Twitter	2.47GB/49.1GB (5.0%)
2021-10-19T22:22:16.998+0000	[#.......................] benchmark.Twitter	2.52GB/49.1GB (5.1%)
2021-10-19T22:22:19.998+0000	[#.......................] benchmark.Twitter	2.57GB/49.1GB (5.2%)
2021-10-19T22:22:22.998+0000	[#.......................] benchmark.Twitter	2.62GB/49.1GB (5.3%)
2021-10-19T22:22:25.998+0000	[#.......................] benchmark.Twitter	2.68GB/49.1GB (5.4%)
2021-10-19T22:22:28.999+0000	[#.......................] benchmark.Twitter	2.73GB/49.1GB (5.6%)
2021-10-19T22:22:31.998+0000	[#.......................] benchmark.Twitter	2.78GB/49.1GB (5.7%)
2021-10-19T22:22:34.999+0000	[#.......................] benchmark.Twitter	2.83GB/49.1GB (5.8%)
2021-10-19T22:22:37.998+0000	[#.......................] benchmark.Twitter	2.89GB/49.1GB (5.9%)
2021-10-19T22:22:40.999+0000	[#.......................] benchmark.Twitter	2.94GB/49.1GB (6.0%)
2021-10-19T22:22:43.999+0000	[#.......................] benchmark.Twitter	2.99GB/49.1GB (6.1%)
2021-10-19T22:22:46.999+0000	[#.......................] benchmark.Twitter	3.05GB/49.1GB (6.2%)
2021-10-19T22:22:49.999+0000	[#.......................] benchmark.Twitter	3.10GB/49.1GB (6.3%)
2021-10-19T22:22:52.999+0000	[#.......................] benchmark.Twitter	3.15GB/49.1GB (6.4%)
2021-10-19T22:22:55.998+0000	[#.......................] benchmark.Twitter	3.20GB/49.1GB (6.5%)
2021-10-19T22:22:58.999+0000	[#.......................] benchmark.Twitter	3.26GB/49.1GB (6.6%)
2021-10-19T22:23:01.999+0000	[#.......................] benchmark.Twitter	3.31GB/49.1GB (6.7%)
2021-10-19T22:23:04.999+0000	[#.......................] benchmark.Twitter	3.37GB/49.1GB (6.9%)
2021-10-19T22:23:07.998+0000	[#.......................] benchmark.Twitter	3.42GB/49.1GB (7.0%)
2021-10-19T22:23:10.999+0000	[#.......................] benchmark.Twitter	3.47GB/49.1GB (7.1%)
2021-10-19T22:23:13.999+0000	[#.......................] benchmark.Twitter	3.52GB/49.1GB (7.2%)
2021-10-19T22:23:16.998+0000	[#.......................] benchmark.Twitter	3.58GB/49.1GB (7.3%)
2021-10-19T22:23:19.998+0000	[#.......................] benchmark.Twitter	3.63GB/49.1GB (7.4%)
2021-10-19T22:23:22.998+0000	[#.......................] benchmark.Twitter	3.68GB/49.1GB (7.5%)
2021-10-19T22:23:25.999+0000	[#.......................] benchmark.Twitter	3.74GB/49.1GB (7.6%)
2021-10-19T22:23:28.999+0000	[#.......................] benchmark.Twitter	3.79GB/49.1GB (7.7%)
2021-10-19T22:23:31.999+0000	[#.......................] benchmark.Twitter	3.84GB/49.1GB (7.8%)
2021-10-19T22:23:34.999+0000	[#.......................] benchmark.Twitter	3.89GB/49.1GB (7.9%)
2021-10-19T22:23:37.999+0000	[#.......................] benchmark.Twitter	3.95GB/49.1GB (8.0%)
2021-10-19T22:23:40.998+0000	[#.......................] benchmark.Twitter	4.00GB/49.1GB (8.1%)
2021-10-19T22:23:43.999+0000	[#.......................] benchmark.Twitter	4.05GB/49.1GB (8.3%)
2021-10-19T22:23:46.999+0000	[##......................] benchmark.Twitter	4.11GB/49.1GB (8.4%)
2021-10-19T22:23:49.999+0000	[##......................] benchmark.Twitter	4.16GB/49.1GB (8.5%)
2021-10-19T22:23:52.999+0000	[##......................] benchmark.Twitter	4.21GB/49.1GB (8.6%)
2021-10-19T22:23:55.999+0000	[##......................] benchmark.Twitter	4.27GB/49.1GB (8.7%)
2021-10-19T22:23:58.999+0000	[##......................] benchmark.Twitter	4.32GB/49.1GB (8.8%)
2021-10-19T22:24:01.999+0000	[##......................] benchmark.Twitter	4.38GB/49.1GB (8.9%)
2021-10-19T22:24:04.998+0000	[##......................] benchmark.Twitter	4.43GB/49.1GB (9.0%)
2021-10-19T22:24:07.999+0000	[##......................] benchmark.Twitter	4.49GB/49.1GB (9.1%)
2021-10-19T22:24:10.998+0000	[##......................] benchmark.Twitter	4.54GB/49.1GB (9.2%)
2021-10-19T22:24:14.000+0000	[##......................] benchmark.Twitter	4.59GB/49.1GB (9.3%)
2021-10-19T22:24:16.998+0000	[##......................] benchmark.Twitter	4.64GB/49.1GB (9.5%)
2021-10-19T22:24:19.999+0000	[##......................] benchmark.Twitter	4.70GB/49.1GB (9.6%)
2021-10-19T22:24:22.999+0000	[##......................] benchmark.Twitter	4.75GB/49.1GB (9.7%)
2021-10-19T22:24:25.999+0000	[##......................] benchmark.Twitter	4.80GB/49.1GB (9.8%)
2021-10-19T22:24:28.998+0000	[##......................] benchmark.Twitter	4.86GB/49.1GB (9.9%)
2021-10-19T22:24:31.999+0000	[##......................] benchmark.Twitter	4.91GB/49.1GB (10.0%)
2021-10-19T22:24:34.999+0000	[##......................] benchmark.Twitter	4.96GB/49.1GB (10.1%)
2021-10-19T22:24:37.999+0000	[##......................] benchmark.Twitter	5.02GB/49.1GB (10.2%)
2021-10-19T22:24:40.999+0000	[##......................] benchmark.Twitter	5.07GB/49.1GB (10.3%)
2021-10-19T22:24:43.998+0000	[##......................] benchmark.Twitter	5.12GB/49.1GB (10.4%)
2021-10-19T22:24:46.999+0000	[##......................] benchmark.Twitter	5.17GB/49.1GB (10.5%)
2021-10-19T22:24:49.999+0000	[##......................] benchmark.Twitter	5.23GB/49.1GB (10.6%)
2021-10-19T22:24:52.998+0000	[##......................] benchmark.Twitter	5.28GB/49.1GB (10.7%)
2021-10-19T22:24:55.999+0000	[##......................] benchmark.Twitter	5.32GB/49.1GB (10.8%)
2021-10-19T22:24:58.998+0000	[##......................] benchmark.Twitter	5.37GB/49.1GB (10.9%)
2021-10-19T22:25:01.999+0000	[##......................] benchmark.Twitter	5.41GB/49.1GB (11.0%)
2021-10-19T22:25:04.998+0000	[##......................] benchmark.Twitter	5.46GB/49.1GB (11.1%)
2021-10-19T22:25:07.999+0000	[##......................] benchmark.Twitter	5.51GB/49.1GB (11.2%)
2021-10-19T22:25:10.999+0000	[##......................] benchmark.Twitter	5.56GB/49.1GB (11.3%)
2021-10-19T22:25:13.999+0000	[##......................] benchmark.Twitter	5.60GB/49.1GB (11.4%)
2021-10-19T22:25:16.999+0000	[##......................] benchmark.Twitter	5.65GB/49.1GB (11.5%)
2021-10-19T22:25:19.999+0000	[##......................] benchmark.Twitter	5.69GB/49.1GB (11.6%)
2021-10-19T22:25:22.999+0000	[##......................] benchmark.Twitter	5.74GB/49.1GB (11.7%)
2021-10-19T22:25:25.999+0000	[##......................] benchmark.Twitter	5.78GB/49.1GB (11.8%)
2021-10-19T22:25:28.999+0000	[##......................] benchmark.Twitter	5.83GB/49.1GB (11.9%)
2021-10-19T22:25:31.999+0000	[##......................] benchmark.Twitter	5.87GB/49.1GB (12.0%)
2021-10-19T22:25:34.999+0000	[##......................] benchmark.Twitter	5.92GB/49.1GB (12.0%)
2021-10-19T22:25:37.998+0000	[##......................] benchmark.Twitter	5.96GB/49.1GB (12.1%)
2021-10-19T22:25:40.999+0000	[##......................] benchmark.Twitter	6.01GB/49.1GB (12.2%)
2021-10-19T22:25:43.999+0000	[##......................] benchmark.Twitter	6.06GB/49.1GB (12.3%)
2021-10-19T22:25:46.998+0000	[##......................] benchmark.Twitter	6.11GB/49.1GB (12.4%)
2021-10-19T22:25:49.999+0000	[###.....................] benchmark.Twitter	6.17GB/49.1GB (12.6%)
2021-10-19T22:25:52.998+0000	[###.....................] benchmark.Twitter	6.22GB/49.1GB (12.7%)
2021-10-19T22:25:55.999+0000	[###.....................] benchmark.Twitter	6.27GB/49.1GB (12.8%)
2021-10-19T22:25:58.999+0000	[###.....................] benchmark.Twitter	6.32GB/49.1GB (12.9%)
2021-10-19T22:26:01.999+0000	[###.....................] benchmark.Twitter	6.38GB/49.1GB (13.0%)
2021-10-19T22:26:04.999+0000	[###.....................] benchmark.Twitter	6.43GB/49.1GB (13.1%)
2021-10-19T22:26:07.999+0000	[###.....................] benchmark.Twitter	6.48GB/49.1GB (13.2%)
2021-10-19T22:26:10.999+0000	[###.....................] benchmark.Twitter	6.54GB/49.1GB (13.3%)
2021-10-19T22:26:13.998+0000	[###.....................] benchmark.Twitter	6.59GB/49.1GB (13.4%)
2021-10-19T22:26:16.998+0000	[###.....................] benchmark.Twitter	6.65GB/49.1GB (13.5%)
2021-10-19T22:26:19.999+0000	[###.....................] benchmark.Twitter	6.70GB/49.1GB (13.6%)
2021-10-19T22:26:22.999+0000	[###.....................] benchmark.Twitter	6.75GB/49.1GB (13.7%)
2021-10-19T22:26:25.998+0000	[###.....................] benchmark.Twitter	6.80GB/49.1GB (13.9%)
2021-10-19T22:26:28.998+0000	[###.....................] benchmark.Twitter	6.86GB/49.1GB (14.0%)
2021-10-19T22:26:31.998+0000	[###.....................] benchmark.Twitter	6.91GB/49.1GB (14.1%)
2021-10-19T22:26:34.999+0000	[###.....................] benchmark.Twitter	6.96GB/49.1GB (14.2%)
2021-10-19T22:26:37.998+0000	[###.....................] benchmark.Twitter	7.02GB/49.1GB (14.3%)
2021-10-19T22:26:40.999+0000	[###.....................] benchmark.Twitter	7.07GB/49.1GB (14.4%)
2021-10-19T22:26:43.999+0000	[###.....................] benchmark.Twitter	7.12GB/49.1GB (14.5%)
2021-10-19T22:26:46.999+0000	[###.....................] benchmark.Twitter	7.18GB/49.1GB (14.6%)
2021-10-19T22:26:49.998+0000	[###.....................] benchmark.Twitter	7.23GB/49.1GB (14.7%)
2021-10-19T22:26:52.999+0000	[###.....................] benchmark.Twitter	7.28GB/49.1GB (14.8%)
2021-10-19T22:26:55.998+0000	[###.....................] benchmark.Twitter	7.34GB/49.1GB (14.9%)
2021-10-19T22:26:58.999+0000	[###.....................] benchmark.Twitter	7.39GB/49.1GB (15.0%)
2021-10-19T22:27:01.999+0000	[###.....................] benchmark.Twitter	7.44GB/49.1GB (15.1%)
2021-10-19T22:27:04.998+0000	[###.....................] benchmark.Twitter	7.49GB/49.1GB (15.3%)
2021-10-19T22:27:07.999+0000	[###.....................] benchmark.Twitter	7.55GB/49.1GB (15.4%)
2021-10-19T22:27:10.999+0000	[###.....................] benchmark.Twitter	7.60GB/49.1GB (15.5%)
2021-10-19T22:27:13.998+0000	[###.....................] benchmark.Twitter	7.66GB/49.1GB (15.6%)
2021-10-19T22:27:16.998+0000	[###.....................] benchmark.Twitter	7.71GB/49.1GB (15.7%)
2021-10-19T22:27:20.000+0000	[###.....................] benchmark.Twitter	7.76GB/49.1GB (15.8%)
2021-10-19T22:27:22.999+0000	[###.....................] benchmark.Twitter	7.82GB/49.1GB (15.9%)
2021-10-19T22:27:25.998+0000	[###.....................] benchmark.Twitter	7.87GB/49.1GB (16.0%)
2021-10-19T22:27:28.998+0000	[###.....................] benchmark.Twitter	7.92GB/49.1GB (16.1%)
2021-10-19T22:27:31.999+0000	[###.....................] benchmark.Twitter	7.98GB/49.1GB (16.2%)
2021-10-19T22:27:34.999+0000	[###.....................] benchmark.Twitter	8.03GB/49.1GB (16.3%)
2021-10-19T22:27:37.999+0000	[###.....................] benchmark.Twitter	8.08GB/49.1GB (16.5%)
2021-10-19T22:27:40.999+0000	[###.....................] benchmark.Twitter	8.14GB/49.1GB (16.6%)
2021-10-19T22:27:43.999+0000	[####....................] benchmark.Twitter	8.19GB/49.1GB (16.7%)
2021-10-19T22:27:46.999+0000	[####....................] benchmark.Twitter	8.25GB/49.1GB (16.8%)
2021-10-19T22:27:49.999+0000	[####....................] benchmark.Twitter	8.30GB/49.1GB (16.9%)
2021-10-19T22:27:52.999+0000	[####....................] benchmark.Twitter	8.35GB/49.1GB (17.0%)
2021-10-19T22:27:55.998+0000	[####....................] benchmark.Twitter	8.41GB/49.1GB (17.1%)
2021-10-19T22:27:58.999+0000	[####....................] benchmark.Twitter	8.46GB/49.1GB (17.2%)
2021-10-19T22:28:01.998+0000	[####....................] benchmark.Twitter	8.51GB/49.1GB (17.3%)
2021-10-19T22:28:04.999+0000	[####....................] benchmark.Twitter	8.57GB/49.1GB (17.4%)
2021-10-19T22:28:07.999+0000	[####....................] benchmark.Twitter	8.62GB/49.1GB (17.5%)
2021-10-19T22:28:10.999+0000	[####....................] benchmark.Twitter	8.67GB/49.1GB (17.6%)
2021-10-19T22:28:13.999+0000	[####....................] benchmark.Twitter	8.73GB/49.1GB (17.8%)
2021-10-19T22:28:16.998+0000	[####....................] benchmark.Twitter	8.78GB/49.1GB (17.9%)
2021-10-19T22:28:19.999+0000	[####....................] benchmark.Twitter	8.84GB/49.1GB (18.0%)
2021-10-19T22:28:22.999+0000	[####....................] benchmark.Twitter	8.88GB/49.1GB (18.1%)
2021-10-19T22:28:25.999+0000	[####....................] benchmark.Twitter	8.93GB/49.1GB (18.2%)
2021-10-19T22:28:28.999+0000	[####....................] benchmark.Twitter	8.97GB/49.1GB (18.3%)
2021-10-19T22:28:31.998+0000	[####....................] benchmark.Twitter	9.02GB/49.1GB (18.4%)
2021-10-19T22:28:34.999+0000	[####....................] benchmark.Twitter	9.06GB/49.1GB (18.4%)
2021-10-19T22:28:37.998+0000	[####....................] benchmark.Twitter	9.11GB/49.1GB (18.5%)
2021-10-19T22:28:40.999+0000	[####....................] benchmark.Twitter	9.15GB/49.1GB (18.6%)
2021-10-19T22:28:43.999+0000	[####....................] benchmark.Twitter	9.20GB/49.1GB (18.7%)
2021-10-19T22:28:46.998+0000	[####....................] benchmark.Twitter	9.24GB/49.1GB (18.8%)
2021-10-19T22:28:49.998+0000	[####....................] benchmark.Twitter	9.29GB/49.1GB (18.9%)
2021-10-19T22:28:52.999+0000	[####....................] benchmark.Twitter	9.33GB/49.1GB (19.0%)
2021-10-19T22:28:55.999+0000	[####....................] benchmark.Twitter	9.38GB/49.1GB (19.1%)
2021-10-19T22:28:58.999+0000	[####....................] benchmark.Twitter	9.42GB/49.1GB (19.2%)
2021-10-19T22:29:02.000+0000	[####....................] benchmark.Twitter	9.47GB/49.1GB (19.3%)
2021-10-19T22:29:04.998+0000	[####....................] benchmark.Twitter	9.51GB/49.1GB (19.4%)
2021-10-19T22:29:07.999+0000	[####....................] benchmark.Twitter	9.56GB/49.1GB (19.5%)
2021-10-19T22:29:10.998+0000	[####....................] benchmark.Twitter	9.61GB/49.1GB (19.6%)
2021-10-19T22:29:13.998+0000	[####....................] benchmark.Twitter	9.66GB/49.1GB (19.7%)
2021-10-19T22:29:17.000+0000	[####....................] benchmark.Twitter	9.71GB/49.1GB (19.8%)
2021-10-19T22:29:19.999+0000	[####....................] benchmark.Twitter	9.77GB/49.1GB (19.9%)
2021-10-19T22:29:22.998+0000	[####....................] benchmark.Twitter	9.82GB/49.1GB (20.0%)
2021-10-19T22:29:25.999+0000	[####....................] benchmark.Twitter	9.88GB/49.1GB (20.1%)
2021-10-19T22:29:28.998+0000	[####....................] benchmark.Twitter	9.93GB/49.1GB (20.2%)
2021-10-19T22:29:31.998+0000	[####....................] benchmark.Twitter	9.98GB/49.1GB (20.3%)
2021-10-19T22:29:34.998+0000	[####....................] benchmark.Twitter	10.0GB/49.1GB (20.4%)
2021-10-19T22:29:37.999+0000	[####....................] benchmark.Twitter	10.1GB/49.1GB (20.5%)
2021-10-19T22:29:40.998+0000	[####....................] benchmark.Twitter	10.1GB/49.1GB (20.6%)
2021-10-19T22:29:43.999+0000	[####....................] benchmark.Twitter	10.2GB/49.1GB (20.8%)
2021-10-19T22:29:46.999+0000	[#####...................] benchmark.Twitter	10.2GB/49.1GB (20.9%)
2021-10-19T22:29:49.999+0000	[#####...................] benchmark.Twitter	10.3GB/49.1GB (21.0%)
2021-10-19T22:29:52.998+0000	[#####...................] benchmark.Twitter	10.4GB/49.1GB (21.1%)
2021-10-19T22:29:55.998+0000	[#####...................] benchmark.Twitter	10.4GB/49.1GB (21.2%)
2021-10-19T22:29:58.999+0000	[#####...................] benchmark.Twitter	10.5GB/49.1GB (21.3%)
2021-10-19T22:30:01.998+0000	[#####...................] benchmark.Twitter	10.5GB/49.1GB (21.4%)
2021-10-19T22:30:04.999+0000	[#####...................] benchmark.Twitter	10.6GB/49.1GB (21.5%)
2021-10-19T22:30:07.999+0000	[#####...................] benchmark.Twitter	10.6GB/49.1GB (21.6%)
2021-10-19T22:30:10.999+0000	[#####...................] benchmark.Twitter	10.7GB/49.1GB (21.7%)
2021-10-19T22:30:13.998+0000	[#####...................] benchmark.Twitter	10.7GB/49.1GB (21.9%)
2021-10-19T22:30:16.999+0000	[#####...................] benchmark.Twitter	10.8GB/49.1GB (22.0%)
2021-10-19T22:30:19.999+0000	[#####...................] benchmark.Twitter	10.8GB/49.1GB (22.1%)
2021-10-19T22:30:22.998+0000	[#####...................] benchmark.Twitter	10.9GB/49.1GB (22.2%)
2021-10-19T22:30:25.999+0000	[#####...................] benchmark.Twitter	11.0GB/49.1GB (22.3%)
2021-10-19T22:30:28.999+0000	[#####...................] benchmark.Twitter	11.0GB/49.1GB (22.4%)
2021-10-19T22:30:31.999+0000	[#####...................] benchmark.Twitter	11.1GB/49.1GB (22.5%)
2021-10-19T22:30:34.999+0000	[#####...................] benchmark.Twitter	11.1GB/49.1GB (22.6%)
2021-10-19T22:30:37.999+0000	[#####...................] benchmark.Twitter	11.2GB/49.1GB (22.7%)
2021-10-19T22:30:40.999+0000	[#####...................] benchmark.Twitter	11.2GB/49.1GB (22.9%)
2021-10-19T22:30:43.999+0000	[#####...................] benchmark.Twitter	11.3GB/49.1GB (23.0%)
2021-10-19T22:30:46.998+0000	[#####...................] benchmark.Twitter	11.3GB/49.1GB (23.1%)
2021-10-19T22:30:49.999+0000	[#####...................] benchmark.Twitter	11.4GB/49.1GB (23.2%)
2021-10-19T22:30:52.999+0000	[#####...................] benchmark.Twitter	11.4GB/49.1GB (23.3%)
2021-10-19T22:30:55.999+0000	[#####...................] benchmark.Twitter	11.5GB/49.1GB (23.4%)
2021-10-19T22:30:58.999+0000	[#####...................] benchmark.Twitter	11.6GB/49.1GB (23.5%)
2021-10-19T22:31:01.998+0000	[#####...................] benchmark.Twitter	11.6GB/49.1GB (23.6%)
2021-10-19T22:31:04.999+0000	[#####...................] benchmark.Twitter	11.7GB/49.1GB (23.7%)
2021-10-19T22:31:07.999+0000	[#####...................] benchmark.Twitter	11.7GB/49.1GB (23.8%)
2021-10-19T22:31:10.999+0000	[#####...................] benchmark.Twitter	11.8GB/49.1GB (24.0%)
2021-10-19T22:31:13.999+0000	[#####...................] benchmark.Twitter	11.8GB/49.1GB (24.1%)
2021-10-19T22:31:16.998+0000	[#####...................] benchmark.Twitter	11.9GB/49.1GB (24.2%)
2021-10-19T22:31:19.999+0000	[#####...................] benchmark.Twitter	11.9GB/49.1GB (24.3%)
2021-10-19T22:31:22.998+0000	[#####...................] benchmark.Twitter	12.0GB/49.1GB (24.4%)
2021-10-19T22:31:25.998+0000	[#####...................] benchmark.Twitter	12.0GB/49.1GB (24.5%)
2021-10-19T22:31:29.000+0000	[#####...................] benchmark.Twitter	12.1GB/49.1GB (24.6%)
2021-10-19T22:31:31.999+0000	[#####...................] benchmark.Twitter	12.1GB/49.1GB (24.7%)
2021-10-19T22:31:34.998+0000	[#####...................] benchmark.Twitter	12.2GB/49.1GB (24.8%)
2021-10-19T22:31:37.999+0000	[#####...................] benchmark.Twitter	12.2GB/49.1GB (24.8%)
2021-10-19T22:31:40.999+0000	[#####...................] benchmark.Twitter	12.2GB/49.1GB (24.9%)
2021-10-19T22:31:43.998+0000	[######..................] benchmark.Twitter	12.3GB/49.1GB (25.0%)
2021-10-19T22:31:46.999+0000	[######..................] benchmark.Twitter	12.3GB/49.1GB (25.1%)
2021-10-19T22:31:49.999+0000	[######..................] benchmark.Twitter	12.4GB/49.1GB (25.2%)
2021-10-19T22:31:52.998+0000	[######..................] benchmark.Twitter	12.4GB/49.1GB (25.3%)
2021-10-19T22:31:56.000+0000	[######..................] benchmark.Twitter	12.5GB/49.1GB (25.4%)
2021-10-19T22:31:58.999+0000	[######..................] benchmark.Twitter	12.5GB/49.1GB (25.5%)
2021-10-19T22:32:01.998+0000	[######..................] benchmark.Twitter	12.6GB/49.1GB (25.6%)
2021-10-19T22:32:04.998+0000	[######..................] benchmark.Twitter	12.6GB/49.1GB (25.7%)
2021-10-19T22:32:07.999+0000	[######..................] benchmark.Twitter	12.7GB/49.1GB (25.8%)
2021-10-19T22:32:10.999+0000	[######..................] benchmark.Twitter	12.7GB/49.1GB (25.9%)
2021-10-19T22:32:14.000+0000	[######..................] benchmark.Twitter	12.8GB/49.1GB (26.0%)
2021-10-19T22:32:16.998+0000	[######..................] benchmark.Twitter	12.8GB/49.1GB (26.1%)
2021-10-19T22:32:19.999+0000	[######..................] benchmark.Twitter	12.9GB/49.1GB (26.2%)
2021-10-19T22:32:22.999+0000	[######..................] benchmark.Twitter	12.9GB/49.1GB (26.3%)
2021-10-19T22:32:25.998+0000	[######..................] benchmark.Twitter	13.0GB/49.1GB (26.5%)
2021-10-19T22:32:28.999+0000	[######..................] benchmark.Twitter	13.1GB/49.1GB (26.6%)
2021-10-19T22:32:31.999+0000	[######..................] benchmark.Twitter	13.1GB/49.1GB (26.7%)
2021-10-19T22:32:35.000+0000	[######..................] benchmark.Twitter	13.2GB/49.1GB (26.8%)
2021-10-19T22:32:37.998+0000	[######..................] benchmark.Twitter	13.2GB/49.1GB (26.9%)
2021-10-19T22:32:40.999+0000	[######..................] benchmark.Twitter	13.3GB/49.1GB (27.0%)
2021-10-19T22:32:43.999+0000	[######..................] benchmark.Twitter	13.3GB/49.1GB (27.1%)
2021-10-19T22:32:46.999+0000	[######..................] benchmark.Twitter	13.4GB/49.1GB (27.2%)
2021-10-19T22:32:49.999+0000	[######..................] benchmark.Twitter	13.4GB/49.1GB (27.3%)
2021-10-19T22:32:52.999+0000	[######..................] benchmark.Twitter	13.5GB/49.1GB (27.4%)
2021-10-19T22:32:55.998+0000	[######..................] benchmark.Twitter	13.5GB/49.1GB (27.6%)
2021-10-19T22:32:58.999+0000	[######..................] benchmark.Twitter	13.6GB/49.1GB (27.7%)
2021-10-19T22:33:01.998+0000	[######..................] benchmark.Twitter	13.7GB/49.1GB (27.8%)
2021-10-19T22:33:05.000+0000	[######..................] benchmark.Twitter	13.7GB/49.1GB (27.9%)
2021-10-19T22:33:07.999+0000	[######..................] benchmark.Twitter	13.8GB/49.1GB (28.0%)
2021-10-19T22:33:10.999+0000	[######..................] benchmark.Twitter	13.8GB/49.1GB (28.1%)
2021-10-19T22:33:13.998+0000	[######..................] benchmark.Twitter	13.9GB/49.1GB (28.2%)
2021-10-19T22:33:16.999+0000	[######..................] benchmark.Twitter	13.9GB/49.1GB (28.3%)
2021-10-19T22:33:19.998+0000	[######..................] benchmark.Twitter	14.0GB/49.1GB (28.4%)
2021-10-19T22:33:22.998+0000	[######..................] benchmark.Twitter	14.0GB/49.1GB (28.5%)
2021-10-19T22:33:25.999+0000	[######..................] benchmark.Twitter	14.1GB/49.1GB (28.7%)
2021-10-19T22:33:28.998+0000	[######..................] benchmark.Twitter	14.1GB/49.1GB (28.8%)
2021-10-19T22:33:31.999+0000	[######..................] benchmark.Twitter	14.2GB/49.1GB (28.9%)
2021-10-19T22:33:34.999+0000	[######..................] benchmark.Twitter	14.2GB/49.1GB (29.0%)
2021-10-19T22:33:37.998+0000	[######..................] benchmark.Twitter	14.3GB/49.1GB (29.1%)
2021-10-19T22:33:40.999+0000	[#######.................] benchmark.Twitter	14.3GB/49.1GB (29.2%)
2021-10-19T22:33:43.999+0000	[#######.................] benchmark.Twitter	14.4GB/49.1GB (29.3%)
2021-10-19T22:33:46.998+0000	[#######.................] benchmark.Twitter	14.5GB/49.1GB (29.4%)
2021-10-19T22:33:49.999+0000	[#######.................] benchmark.Twitter	14.5GB/49.1GB (29.5%)
2021-10-19T22:33:52.998+0000	[#######.................] benchmark.Twitter	14.6GB/49.1GB (29.7%)
2021-10-19T22:33:55.999+0000	[#######.................] benchmark.Twitter	14.6GB/49.1GB (29.8%)
2021-10-19T22:33:58.998+0000	[#######.................] benchmark.Twitter	14.7GB/49.1GB (29.9%)
2021-10-19T22:34:01.999+0000	[#######.................] benchmark.Twitter	14.7GB/49.1GB (30.0%)
2021-10-19T22:34:04.999+0000	[#######.................] benchmark.Twitter	14.8GB/49.1GB (30.1%)
2021-10-19T22:34:07.999+0000	[#######.................] benchmark.Twitter	14.8GB/49.1GB (30.2%)
2021-10-19T22:34:10.998+0000	[#######.................] benchmark.Twitter	14.9GB/49.1GB (30.3%)
2021-10-19T22:34:13.999+0000	[#######.................] benchmark.Twitter	14.9GB/49.1GB (30.4%)
2021-10-19T22:34:16.999+0000	[#######.................] benchmark.Twitter	15.0GB/49.1GB (30.5%)
2021-10-19T22:34:19.998+0000	[#######.................] benchmark.Twitter	15.1GB/49.1GB (30.6%)
2021-10-19T22:34:22.999+0000	[#######.................] benchmark.Twitter	15.1GB/49.1GB (30.7%)
2021-10-19T22:34:25.998+0000	[#######.................] benchmark.Twitter	15.1GB/49.1GB (30.8%)
2021-10-19T22:34:28.998+0000	[#######.................] benchmark.Twitter	15.2GB/49.1GB (30.9%)
2021-10-19T22:34:32.000+0000	[#######.................] benchmark.Twitter	15.2GB/49.1GB (31.0%)
2021-10-19T22:34:35.000+0000	[#######.................] benchmark.Twitter	15.3GB/49.1GB (31.1%)
2021-10-19T22:34:37.999+0000	[#######.................] benchmark.Twitter	15.3GB/49.1GB (31.2%)
2021-10-19T22:34:40.999+0000	[#######.................] benchmark.Twitter	15.4GB/49.1GB (31.3%)
2021-10-19T22:34:43.999+0000	[#######.................] benchmark.Twitter	15.4GB/49.1GB (31.4%)
2021-10-19T22:34:46.998+0000	[#######.................] benchmark.Twitter	15.5GB/49.1GB (31.5%)
2021-10-19T22:34:49.999+0000	[#######.................] benchmark.Twitter	15.5GB/49.1GB (31.6%)
2021-10-19T22:34:52.998+0000	[#######.................] benchmark.Twitter	15.6GB/49.1GB (31.7%)
2021-10-19T22:34:55.998+0000	[#######.................] benchmark.Twitter	15.6GB/49.1GB (31.8%)
2021-10-19T22:34:58.999+0000	[#######.................] benchmark.Twitter	15.7GB/49.1GB (31.9%)
2021-10-19T22:35:01.998+0000	[#######.................] benchmark.Twitter	15.7GB/49.1GB (32.0%)
2021-10-19T22:35:04.998+0000	[#######.................] benchmark.Twitter	15.8GB/49.1GB (32.1%)
2021-10-19T22:35:07.999+0000	[#######.................] benchmark.Twitter	15.8GB/49.1GB (32.2%)
2021-10-19T22:35:10.998+0000	[#######.................] benchmark.Twitter	15.9GB/49.1GB (32.3%)
2021-10-19T22:35:13.998+0000	[#######.................] benchmark.Twitter	15.9GB/49.1GB (32.4%)
2021-10-19T22:35:16.999+0000	[#######.................] benchmark.Twitter	16.0GB/49.1GB (32.5%)
2021-10-19T22:35:19.999+0000	[#######.................] benchmark.Twitter	16.0GB/49.1GB (32.6%)
2021-10-19T22:35:22.999+0000	[#######.................] benchmark.Twitter	16.1GB/49.1GB (32.7%)
2021-10-19T22:35:25.999+0000	[#######.................] benchmark.Twitter	16.1GB/49.1GB (32.9%)
2021-10-19T22:35:28.999+0000	[#######.................] benchmark.Twitter	16.2GB/49.1GB (33.0%)
2021-10-19T22:35:31.999+0000	[#######.................] benchmark.Twitter	16.2GB/49.1GB (33.1%)
2021-10-19T22:35:34.998+0000	[#######.................] benchmark.Twitter	16.3GB/49.1GB (33.2%)
2021-10-19T22:35:37.998+0000	[#######.................] benchmark.Twitter	16.4GB/49.1GB (33.3%)
2021-10-19T22:35:40.999+0000	[########................] benchmark.Twitter	16.4GB/49.1GB (33.4%)
2021-10-19T22:35:43.999+0000	[########................] benchmark.Twitter	16.5GB/49.1GB (33.5%)
2021-10-19T22:35:46.998+0000	[########................] benchmark.Twitter	16.5GB/49.1GB (33.6%)
2021-10-19T22:35:49.998+0000	[########................] benchmark.Twitter	16.6GB/49.1GB (33.7%)
2021-10-19T22:35:52.998+0000	[########................] benchmark.Twitter	16.6GB/49.1GB (33.8%)
2021-10-19T22:35:55.998+0000	[########................] benchmark.Twitter	16.7GB/49.1GB (34.0%)
2021-10-19T22:35:58.999+0000	[########................] benchmark.Twitter	16.7GB/49.1GB (34.1%)
2021-10-19T22:36:01.999+0000	[########................] benchmark.Twitter	16.8GB/49.1GB (34.2%)
2021-10-19T22:36:04.999+0000	[########................] benchmark.Twitter	16.8GB/49.1GB (34.3%)
2021-10-19T22:36:07.998+0000	[########................] benchmark.Twitter	16.9GB/49.1GB (34.4%)
2021-10-19T22:36:10.999+0000	[########................] benchmark.Twitter	16.9GB/49.1GB (34.5%)
2021-10-19T22:36:13.998+0000	[########................] benchmark.Twitter	17.0GB/49.1GB (34.6%)
2021-10-19T22:36:16.999+0000	[########................] benchmark.Twitter	17.1GB/49.1GB (34.7%)
2021-10-19T22:36:19.998+0000	[########................] benchmark.Twitter	17.1GB/49.1GB (34.8%)
2021-10-19T22:36:22.998+0000	[########................] benchmark.Twitter	17.2GB/49.1GB (34.9%)
2021-10-19T22:36:25.999+0000	[########................] benchmark.Twitter	17.2GB/49.1GB (35.0%)
2021-10-19T22:36:28.999+0000	[########................] benchmark.Twitter	17.3GB/49.1GB (35.1%)
2021-10-19T22:36:31.999+0000	[########................] benchmark.Twitter	17.3GB/49.1GB (35.2%)
2021-10-19T22:36:34.999+0000	[########................] benchmark.Twitter	17.4GB/49.1GB (35.4%)
2021-10-19T22:36:37.998+0000	[########................] benchmark.Twitter	17.4GB/49.1GB (35.5%)
2021-10-19T22:36:40.999+0000	[########................] benchmark.Twitter	17.5GB/49.1GB (35.6%)
2021-10-19T22:36:43.999+0000	[########................] benchmark.Twitter	17.5GB/49.1GB (35.7%)
2021-10-19T22:36:46.999+0000	[########................] benchmark.Twitter	17.6GB/49.1GB (35.8%)
2021-10-19T22:36:49.999+0000	[########................] benchmark.Twitter	17.6GB/49.1GB (35.9%)
2021-10-19T22:36:52.998+0000	[########................] benchmark.Twitter	17.7GB/49.1GB (36.0%)
2021-10-19T22:36:55.999+0000	[########................] benchmark.Twitter	17.8GB/49.1GB (36.1%)
2021-10-19T22:36:58.998+0000	[########................] benchmark.Twitter	17.8GB/49.1GB (36.2%)
2021-10-19T22:37:01.998+0000	[########................] benchmark.Twitter	17.9GB/49.1GB (36.3%)
2021-10-19T22:37:04.998+0000	[########................] benchmark.Twitter	17.9GB/49.1GB (36.4%)
2021-10-19T22:37:07.999+0000	[########................] benchmark.Twitter	18.0GB/49.1GB (36.6%)
2021-10-19T22:37:10.999+0000	[########................] benchmark.Twitter	18.0GB/49.1GB (36.7%)
2021-10-19T22:37:13.999+0000	[########................] benchmark.Twitter	18.1GB/49.1GB (36.8%)
2021-10-19T22:37:16.999+0000	[########................] benchmark.Twitter	18.1GB/49.1GB (36.8%)
2021-10-19T22:37:19.999+0000	[########................] benchmark.Twitter	18.1GB/49.1GB (36.9%)
2021-10-19T22:37:22.999+0000	[########................] benchmark.Twitter	18.2GB/49.1GB (37.0%)
2021-10-19T22:37:25.999+0000	[########................] benchmark.Twitter	18.2GB/49.1GB (37.1%)
2021-10-19T22:37:28.999+0000	[########................] benchmark.Twitter	18.3GB/49.1GB (37.2%)
2021-10-19T22:37:31.999+0000	[########................] benchmark.Twitter	18.3GB/49.1GB (37.3%)
2021-10-19T22:37:34.999+0000	[########................] benchmark.Twitter	18.4GB/49.1GB (37.3%)
2021-10-19T22:37:37.999+0000	[########................] benchmark.Twitter	18.4GB/49.1GB (37.4%)
2021-10-19T22:37:40.999+0000	[#########...............] benchmark.Twitter	18.4GB/49.1GB (37.5%)
2021-10-19T22:37:43.999+0000	[#########...............] benchmark.Twitter	18.5GB/49.1GB (37.7%)
2021-10-19T22:37:46.998+0000	[#########...............] benchmark.Twitter	18.6GB/49.1GB (37.8%)
2021-10-19T22:37:49.999+0000	[#########...............] benchmark.Twitter	18.6GB/49.1GB (37.9%)
2021-10-19T22:37:52.998+0000	[#########...............] benchmark.Twitter	18.7GB/49.1GB (38.0%)
2021-10-19T22:37:55.998+0000	[#########...............] benchmark.Twitter	18.7GB/49.1GB (38.1%)
2021-10-19T22:37:58.998+0000	[#########...............] benchmark.Twitter	18.8GB/49.1GB (38.2%)
2021-10-19T22:38:01.998+0000	[#########...............] benchmark.Twitter	18.8GB/49.1GB (38.3%)
2021-10-19T22:38:04.998+0000	[#########...............] benchmark.Twitter	18.9GB/49.1GB (38.4%)
2021-10-19T22:38:07.999+0000	[#########...............] benchmark.Twitter	18.9GB/49.1GB (38.5%)
2021-10-19T22:38:10.998+0000	[#########...............] benchmark.Twitter	19.0GB/49.1GB (38.6%)
2021-10-19T22:38:13.998+0000	[#########...............] benchmark.Twitter	19.0GB/49.1GB (38.7%)
2021-10-19T22:38:16.999+0000	[#########...............] benchmark.Twitter	19.1GB/49.1GB (38.8%)
2021-10-19T22:38:19.999+0000	[#########...............] benchmark.Twitter	19.1GB/49.1GB (38.9%)
2021-10-19T22:38:22.998+0000	[#########...............] benchmark.Twitter	19.2GB/49.1GB (39.0%)
2021-10-19T22:38:25.999+0000	[#########...............] benchmark.Twitter	19.2GB/49.1GB (39.2%)
2021-10-19T22:38:28.998+0000	[#########...............] benchmark.Twitter	19.3GB/49.1GB (39.3%)
2021-10-19T22:38:31.999+0000	[#########...............] benchmark.Twitter	19.3GB/49.1GB (39.4%)
2021-10-19T22:38:35.000+0000	[#########...............] benchmark.Twitter	19.4GB/49.1GB (39.5%)
2021-10-19T22:38:37.999+0000	[#########...............] benchmark.Twitter	19.4GB/49.1GB (39.6%)
2021-10-19T22:38:40.999+0000	[#########...............] benchmark.Twitter	19.5GB/49.1GB (39.7%)
2021-10-19T22:38:43.999+0000	[#########...............] benchmark.Twitter	19.6GB/49.1GB (39.8%)
2021-10-19T22:38:46.999+0000	[#########...............] benchmark.Twitter	19.6GB/49.1GB (39.9%)
2021-10-19T22:38:50.000+0000	[#########...............] benchmark.Twitter	19.7GB/49.1GB (40.0%)
2021-10-19T22:38:52.999+0000	[#########...............] benchmark.Twitter	19.7GB/49.1GB (40.1%)
2021-10-19T22:38:55.999+0000	[#########...............] benchmark.Twitter	19.8GB/49.1GB (40.2%)
2021-10-19T22:38:58.999+0000	[#########...............] benchmark.Twitter	19.8GB/49.1GB (40.3%)
2021-10-19T22:39:01.999+0000	[#########...............] benchmark.Twitter	19.9GB/49.1GB (40.4%)
2021-10-19T22:39:04.999+0000	[#########...............] benchmark.Twitter	19.9GB/49.1GB (40.5%)
2021-10-19T22:39:07.998+0000	[#########...............] benchmark.Twitter	20.0GB/49.1GB (40.7%)
2021-10-19T22:39:10.999+0000	[#########...............] benchmark.Twitter	20.0GB/49.1GB (40.8%)
2021-10-19T22:39:13.999+0000	[#########...............] benchmark.Twitter	20.1GB/49.1GB (40.8%)
2021-10-19T22:39:16.999+0000	[#########...............] benchmark.Twitter	20.1GB/49.1GB (40.9%)
2021-10-19T22:39:19.999+0000	[#########...............] benchmark.Twitter	20.2GB/49.1GB (41.0%)
2021-10-19T22:39:22.999+0000	[#########...............] benchmark.Twitter	20.2GB/49.1GB (41.1%)
2021-10-19T22:39:25.999+0000	[#########...............] benchmark.Twitter	20.2GB/49.1GB (41.2%)
2021-10-19T22:39:28.999+0000	[#########...............] benchmark.Twitter	20.3GB/49.1GB (41.3%)
2021-10-19T22:39:32.000+0000	[#########...............] benchmark.Twitter	20.3GB/49.1GB (41.4%)
2021-10-19T22:39:34.998+0000	[#########...............] benchmark.Twitter	20.4GB/49.1GB (41.5%)
2021-10-19T22:39:37.998+0000	[#########...............] benchmark.Twitter	20.4GB/49.1GB (41.6%)
2021-10-19T22:39:40.999+0000	[#########...............] benchmark.Twitter	20.5GB/49.1GB (41.7%)
2021-10-19T22:39:43.999+0000	[##########..............] benchmark.Twitter	20.5GB/49.1GB (41.8%)
2021-10-19T22:39:46.999+0000	[##########..............] benchmark.Twitter	20.6GB/49.1GB (41.9%)
2021-10-19T22:39:49.999+0000	[##########..............] benchmark.Twitter	20.6GB/49.1GB (42.0%)
2021-10-19T22:39:52.999+0000	[##########..............] benchmark.Twitter	20.7GB/49.1GB (42.1%)
2021-10-19T22:39:55.998+0000	[##########..............] benchmark.Twitter	20.7GB/49.1GB (42.2%)
2021-10-19T22:39:58.999+0000	[##########..............] benchmark.Twitter	20.8GB/49.1GB (42.3%)
2021-10-19T22:40:01.999+0000	[##########..............] benchmark.Twitter	20.8GB/49.1GB (42.4%)
2021-10-19T22:40:04.998+0000	[##########..............] benchmark.Twitter	20.9GB/49.1GB (42.5%)
2021-10-19T22:40:07.998+0000	[##########..............] benchmark.Twitter	20.9GB/49.1GB (42.6%)
2021-10-19T22:40:10.999+0000	[##########..............] benchmark.Twitter	21.0GB/49.1GB (42.7%)
2021-10-19T22:40:13.999+0000	[##########..............] benchmark.Twitter	21.1GB/49.1GB (42.9%)
2021-10-19T22:40:16.999+0000	[##########..............] benchmark.Twitter	21.1GB/49.1GB (43.0%)
2021-10-19T22:40:19.999+0000	[##########..............] benchmark.Twitter	21.2GB/49.1GB (43.1%)
2021-10-19T22:40:22.999+0000	[##########..............] benchmark.Twitter	21.2GB/49.1GB (43.2%)
2021-10-19T22:40:25.999+0000	[##########..............] benchmark.Twitter	21.3GB/49.1GB (43.3%)
2021-10-19T22:40:28.998+0000	[##########..............] benchmark.Twitter	21.3GB/49.1GB (43.4%)
2021-10-19T22:40:31.998+0000	[##########..............] benchmark.Twitter	21.4GB/49.1GB (43.5%)
2021-10-19T22:40:34.999+0000	[##########..............] benchmark.Twitter	21.4GB/49.1GB (43.6%)
2021-10-19T22:40:37.999+0000	[##########..............] benchmark.Twitter	21.5GB/49.1GB (43.7%)
2021-10-19T22:40:40.999+0000	[##########..............] benchmark.Twitter	21.5GB/49.1GB (43.8%)
2021-10-19T22:40:43.999+0000	[##########..............] benchmark.Twitter	21.6GB/49.1GB (43.9%)
2021-10-19T22:40:46.998+0000	[##########..............] benchmark.Twitter	21.6GB/49.1GB (44.0%)
2021-10-19T22:40:49.999+0000	[##########..............] benchmark.Twitter	21.7GB/49.1GB (44.1%)
2021-10-19T22:40:52.999+0000	[##########..............] benchmark.Twitter	21.7GB/49.1GB (44.3%)
2021-10-19T22:40:55.999+0000	[##########..............] benchmark.Twitter	21.8GB/49.1GB (44.4%)
2021-10-19T22:40:58.999+0000	[##########..............] benchmark.Twitter	21.9GB/49.1GB (44.5%)
2021-10-19T22:41:01.999+0000	[##########..............] benchmark.Twitter	21.9GB/49.1GB (44.6%)
2021-10-19T22:41:04.999+0000	[##########..............] benchmark.Twitter	21.9GB/49.1GB (44.7%)
2021-10-19T22:41:07.998+0000	[##########..............] benchmark.Twitter	22.0GB/49.1GB (44.8%)
2021-10-19T22:41:10.999+0000	[##########..............] benchmark.Twitter	22.1GB/49.1GB (44.9%)
2021-10-19T22:41:13.999+0000	[##########..............] benchmark.Twitter	22.1GB/49.1GB (45.0%)
2021-10-19T22:41:16.999+0000	[##########..............] benchmark.Twitter	22.2GB/49.1GB (45.1%)
2021-10-19T22:41:19.999+0000	[##########..............] benchmark.Twitter	22.2GB/49.1GB (45.2%)
2021-10-19T22:41:22.998+0000	[##########..............] benchmark.Twitter	22.3GB/49.1GB (45.3%)
2021-10-19T22:41:25.999+0000	[##########..............] benchmark.Twitter	22.3GB/49.1GB (45.4%)
2021-10-19T22:41:28.999+0000	[##########..............] benchmark.Twitter	22.4GB/49.1GB (45.5%)
2021-10-19T22:41:31.998+0000	[##########..............] benchmark.Twitter	22.4GB/49.1GB (45.7%)
2021-10-19T22:41:34.999+0000	[##########..............] benchmark.Twitter	22.5GB/49.1GB (45.8%)
2021-10-19T22:41:37.999+0000	[###########.............] benchmark.Twitter	22.5GB/49.1GB (45.9%)
2021-10-19T22:41:40.999+0000	[###########.............] benchmark.Twitter	22.6GB/49.1GB (46.0%)
2021-10-19T22:41:43.999+0000	[###########.............] benchmark.Twitter	22.6GB/49.1GB (46.1%)
2021-10-19T22:41:46.999+0000	[###########.............] benchmark.Twitter	22.7GB/49.1GB (46.2%)
2021-10-19T22:41:49.998+0000	[###########.............] benchmark.Twitter	22.8GB/49.1GB (46.3%)
2021-10-19T22:41:52.998+0000	[###########.............] benchmark.Twitter	22.8GB/49.1GB (46.4%)
2021-10-19T22:41:55.999+0000	[###########.............] benchmark.Twitter	22.9GB/49.1GB (46.5%)
2021-10-19T22:41:58.999+0000	[###########.............] benchmark.Twitter	22.9GB/49.1GB (46.6%)
2021-10-19T22:42:01.998+0000	[###########.............] benchmark.Twitter	23.0GB/49.1GB (46.7%)
2021-10-19T22:42:04.998+0000	[###########.............] benchmark.Twitter	23.0GB/49.1GB (46.9%)
2021-10-19T22:42:07.998+0000	[###########.............] benchmark.Twitter	23.1GB/49.1GB (47.0%)
2021-10-19T22:42:10.998+0000	[###########.............] benchmark.Twitter	23.1GB/49.1GB (47.1%)
2021-10-19T22:42:13.998+0000	[###########.............] benchmark.Twitter	23.2GB/49.1GB (47.2%)
2021-10-19T22:42:16.998+0000	[###########.............] benchmark.Twitter	23.2GB/49.1GB (47.3%)
2021-10-19T22:42:19.999+0000	[###########.............] benchmark.Twitter	23.3GB/49.1GB (47.4%)
2021-10-19T22:42:22.998+0000	[###########.............] benchmark.Twitter	23.3GB/49.1GB (47.5%)
2021-10-19T22:42:25.999+0000	[###########.............] benchmark.Twitter	23.4GB/49.1GB (47.6%)
2021-10-19T22:42:28.999+0000	[###########.............] benchmark.Twitter	23.4GB/49.1GB (47.7%)
2021-10-19T22:42:31.998+0000	[###########.............] benchmark.Twitter	23.5GB/49.1GB (47.8%)
2021-10-19T22:42:34.998+0000	[###########.............] benchmark.Twitter	23.6GB/49.1GB (47.9%)
2021-10-19T22:42:37.999+0000	[###########.............] benchmark.Twitter	23.6GB/49.1GB (48.0%)
2021-10-19T22:42:40.999+0000	[###########.............] benchmark.Twitter	23.6GB/49.1GB (48.1%)
2021-10-19T22:42:44.000+0000	[###########.............] benchmark.Twitter	23.7GB/49.1GB (48.3%)
2021-10-19T22:42:46.999+0000	[###########.............] benchmark.Twitter	23.8GB/49.1GB (48.4%)
2021-10-19T22:42:49.999+0000	[###########.............] benchmark.Twitter	23.8GB/49.1GB (48.5%)
2021-10-19T22:42:53.000+0000	[###########.............] benchmark.Twitter	23.9GB/49.1GB (48.6%)
2021-10-19T22:42:55.999+0000	[###########.............] benchmark.Twitter	23.9GB/49.1GB (48.6%)
2021-10-19T22:42:58.999+0000	[###########.............] benchmark.Twitter	23.9GB/49.1GB (48.7%)
2021-10-19T22:43:01.998+0000	[###########.............] benchmark.Twitter	24.0GB/49.1GB (48.8%)
2021-10-19T22:43:04.999+0000	[###########.............] benchmark.Twitter	24.0GB/49.1GB (48.9%)
2021-10-19T22:43:07.999+0000	[###########.............] benchmark.Twitter	24.1GB/49.1GB (49.0%)
2021-10-19T22:43:10.998+0000	[###########.............] benchmark.Twitter	24.1GB/49.1GB (49.1%)
2021-10-19T22:43:13.999+0000	[###########.............] benchmark.Twitter	24.2GB/49.1GB (49.2%)
2021-10-19T22:43:16.999+0000	[###########.............] benchmark.Twitter	24.2GB/49.1GB (49.3%)
2021-10-19T22:43:19.999+0000	[###########.............] benchmark.Twitter	24.3GB/49.1GB (49.4%)
2021-10-19T22:43:22.999+0000	[###########.............] benchmark.Twitter	24.3GB/49.1GB (49.5%)
2021-10-19T22:43:25.999+0000	[###########.............] benchmark.Twitter	24.4GB/49.1GB (49.6%)
2021-10-19T22:43:28.999+0000	[###########.............] benchmark.Twitter	24.4GB/49.1GB (49.6%)
2021-10-19T22:43:31.998+0000	[###########.............] benchmark.Twitter	24.4GB/49.1GB (49.7%)
2021-10-19T22:43:34.999+0000	[###########.............] benchmark.Twitter	24.5GB/49.1GB (49.8%)
2021-10-19T22:43:37.998+0000	[###########.............] benchmark.Twitter	24.5GB/49.1GB (49.9%)
2021-10-19T22:43:40.999+0000	[############............] benchmark.Twitter	24.6GB/49.1GB (50.0%)
2021-10-19T22:43:43.998+0000	[############............] benchmark.Twitter	24.6GB/49.1GB (50.1%)
2021-10-19T22:43:46.999+0000	[############............] benchmark.Twitter	24.7GB/49.1GB (50.2%)
2021-10-19T22:43:49.999+0000	[############............] benchmark.Twitter	24.7GB/49.1GB (50.3%)
2021-10-19T22:43:52.998+0000	[############............] benchmark.Twitter	24.8GB/49.1GB (50.5%)
2021-10-19T22:43:55.998+0000	[############............] benchmark.Twitter	24.8GB/49.1GB (50.6%)
2021-10-19T22:43:58.998+0000	[############............] benchmark.Twitter	24.9GB/49.1GB (50.7%)
2021-10-19T22:44:01.999+0000	[############............] benchmark.Twitter	24.9GB/49.1GB (50.8%)
2021-10-19T22:44:04.999+0000	[############............] benchmark.Twitter	25.0GB/49.1GB (50.9%)
2021-10-19T22:44:07.999+0000	[############............] benchmark.Twitter	25.1GB/49.1GB (51.0%)
2021-10-19T22:44:10.999+0000	[############............] benchmark.Twitter	25.1GB/49.1GB (51.1%)
2021-10-19T22:44:13.999+0000	[############............] benchmark.Twitter	25.2GB/49.1GB (51.2%)
2021-10-19T22:44:16.998+0000	[############............] benchmark.Twitter	25.2GB/49.1GB (51.3%)
2021-10-19T22:44:19.998+0000	[############............] benchmark.Twitter	25.3GB/49.1GB (51.4%)
2021-10-19T22:44:22.998+0000	[############............] benchmark.Twitter	25.3GB/49.1GB (51.5%)
2021-10-19T22:44:25.999+0000	[############............] benchmark.Twitter	25.4GB/49.1GB (51.7%)
2021-10-19T22:44:28.999+0000	[############............] benchmark.Twitter	25.4GB/49.1GB (51.8%)
2021-10-19T22:44:31.998+0000	[############............] benchmark.Twitter	25.5GB/49.1GB (51.9%)
2021-10-19T22:44:34.999+0000	[############............] benchmark.Twitter	25.5GB/49.1GB (52.0%)
2021-10-19T22:44:37.998+0000	[############............] benchmark.Twitter	25.6GB/49.1GB (52.1%)
2021-10-19T22:44:40.999+0000	[############............] benchmark.Twitter	25.6GB/49.1GB (52.2%)
2021-10-19T22:44:44.000+0000	[############............] benchmark.Twitter	25.7GB/49.1GB (52.3%)
2021-10-19T22:44:46.999+0000	[############............] benchmark.Twitter	25.8GB/49.1GB (52.4%)
2021-10-19T22:44:49.999+0000	[############............] benchmark.Twitter	25.8GB/49.1GB (52.5%)
2021-10-19T22:44:52.999+0000	[############............] benchmark.Twitter	25.9GB/49.1GB (52.6%)
2021-10-19T22:44:55.999+0000	[############............] benchmark.Twitter	25.9GB/49.1GB (52.7%)
2021-10-19T22:44:58.999+0000	[############............] benchmark.Twitter	26.0GB/49.1GB (52.8%)
2021-10-19T22:45:01.998+0000	[############............] benchmark.Twitter	26.0GB/49.1GB (53.0%)
2021-10-19T22:45:04.999+0000	[############............] benchmark.Twitter	26.1GB/49.1GB (53.1%)
2021-10-19T22:45:08.000+0000	[############............] benchmark.Twitter	26.1GB/49.1GB (53.2%)
2021-10-19T22:45:10.999+0000	[############............] benchmark.Twitter	26.2GB/49.1GB (53.3%)
2021-10-19T22:45:13.999+0000	[############............] benchmark.Twitter	26.2GB/49.1GB (53.4%)
2021-10-19T22:45:16.999+0000	[############............] benchmark.Twitter	26.3GB/49.1GB (53.5%)
2021-10-19T22:45:19.998+0000	[############............] benchmark.Twitter	26.3GB/49.1GB (53.6%)
2021-10-19T22:45:22.999+0000	[############............] benchmark.Twitter	26.4GB/49.1GB (53.7%)
2021-10-19T22:45:25.999+0000	[############............] benchmark.Twitter	26.4GB/49.1GB (53.8%)
2021-10-19T22:45:28.998+0000	[############............] benchmark.Twitter	26.5GB/49.1GB (53.9%)
2021-10-19T22:45:31.999+0000	[############............] benchmark.Twitter	26.6GB/49.1GB (54.0%)
2021-10-19T22:45:34.999+0000	[############............] benchmark.Twitter	26.6GB/49.1GB (54.2%)
2021-10-19T22:45:37.998+0000	[#############...........] benchmark.Twitter	26.7GB/49.1GB (54.3%)
2021-10-19T22:45:40.998+0000	[#############...........] benchmark.Twitter	26.7GB/49.1GB (54.4%)
2021-10-19T22:45:43.999+0000	[#############...........] benchmark.Twitter	26.8GB/49.1GB (54.5%)
2021-10-19T22:45:46.999+0000	[#############...........] benchmark.Twitter	26.8GB/49.1GB (54.6%)
2021-10-19T22:45:49.999+0000	[#############...........] benchmark.Twitter	26.9GB/49.1GB (54.7%)
2021-10-19T22:45:52.998+0000	[#############...........] benchmark.Twitter	26.9GB/49.1GB (54.8%)
2021-10-19T22:45:55.999+0000	[#############...........] benchmark.Twitter	27.0GB/49.1GB (54.9%)
2021-10-19T22:45:58.999+0000	[#############...........] benchmark.Twitter	27.0GB/49.1GB (55.0%)
2021-10-19T22:46:01.998+0000	[#############...........] benchmark.Twitter	27.1GB/49.1GB (55.2%)
2021-10-19T22:46:04.998+0000	[#############...........] benchmark.Twitter	27.1GB/49.1GB (55.3%)
2021-10-19T22:46:07.999+0000	[#############...........] benchmark.Twitter	27.2GB/49.1GB (55.4%)
2021-10-19T22:46:10.999+0000	[#############...........] benchmark.Twitter	27.3GB/49.1GB (55.5%)
2021-10-19T22:46:13.998+0000	[#############...........] benchmark.Twitter	27.3GB/49.1GB (55.6%)
2021-10-19T22:46:16.999+0000	[#############...........] benchmark.Twitter	27.4GB/49.1GB (55.7%)
2021-10-19T22:46:19.999+0000	[#############...........] benchmark.Twitter	27.4GB/49.1GB (55.8%)
2021-10-19T22:46:22.999+0000	[#############...........] benchmark.Twitter	27.5GB/49.1GB (55.9%)
2021-10-19T22:46:25.999+0000	[#############...........] benchmark.Twitter	27.5GB/49.1GB (56.0%)
2021-10-19T22:46:28.999+0000	[#############...........] benchmark.Twitter	27.6GB/49.1GB (56.2%)
2021-10-19T22:46:31.999+0000	[#############...........] benchmark.Twitter	27.6GB/49.1GB (56.3%)
2021-10-19T22:46:34.998+0000	[#############...........] benchmark.Twitter	27.7GB/49.1GB (56.4%)
2021-10-19T22:46:37.999+0000	[#############...........] benchmark.Twitter	27.8GB/49.1GB (56.5%)
2021-10-19T22:46:40.998+0000	[#############...........] benchmark.Twitter	27.8GB/49.1GB (56.6%)
2021-10-19T22:46:43.999+0000	[#############...........] benchmark.Twitter	27.9GB/49.1GB (56.7%)
2021-10-19T22:46:46.999+0000	[#############...........] benchmark.Twitter	27.9GB/49.1GB (56.8%)
2021-10-19T22:46:49.999+0000	[#############...........] benchmark.Twitter	28.0GB/49.1GB (56.9%)
2021-10-19T22:46:52.999+0000	[#############...........] benchmark.Twitter	28.0GB/49.1GB (57.0%)
2021-10-19T22:46:55.999+0000	[#############...........] benchmark.Twitter	28.1GB/49.1GB (57.1%)
2021-10-19T22:46:58.999+0000	[#############...........] benchmark.Twitter	28.1GB/49.1GB (57.2%)
2021-10-19T22:47:01.999+0000	[#############...........] benchmark.Twitter	28.2GB/49.1GB (57.3%)
2021-10-19T22:47:04.999+0000	[#############...........] benchmark.Twitter	28.2GB/49.1GB (57.4%)
2021-10-19T22:47:07.999+0000	[#############...........] benchmark.Twitter	28.2GB/49.1GB (57.5%)
2021-10-19T22:47:10.998+0000	[#############...........] benchmark.Twitter	28.3GB/49.1GB (57.6%)
2021-10-19T22:47:13.999+0000	[#############...........] benchmark.Twitter	28.3GB/49.1GB (57.7%)
2021-10-19T22:47:17.000+0000	[#############...........] benchmark.Twitter	28.4GB/49.1GB (57.8%)
2021-10-19T22:47:19.999+0000	[#############...........] benchmark.Twitter	28.4GB/49.1GB (57.9%)
2021-10-19T22:47:22.999+0000	[#############...........] benchmark.Twitter	28.5GB/49.1GB (58.0%)
2021-10-19T22:47:25.999+0000	[#############...........] benchmark.Twitter	28.5GB/49.1GB (58.0%)
2021-10-19T22:47:28.998+0000	[#############...........] benchmark.Twitter	28.6GB/49.1GB (58.1%)
2021-10-19T22:47:31.998+0000	[#############...........] benchmark.Twitter	28.6GB/49.1GB (58.2%)
2021-10-19T22:47:34.999+0000	[#############...........] benchmark.Twitter	28.6GB/49.1GB (58.3%)
2021-10-19T22:47:37.999+0000	[##############..........] benchmark.Twitter	28.7GB/49.1GB (58.4%)
2021-10-19T22:47:40.999+0000	[##############..........] benchmark.Twitter	28.7GB/49.1GB (58.5%)
2021-10-19T22:47:43.999+0000	[##############..........] benchmark.Twitter	28.8GB/49.1GB (58.6%)
2021-10-19T22:47:46.999+0000	[##############..........] benchmark.Twitter	28.8GB/49.1GB (58.7%)
2021-10-19T22:47:49.999+0000	[##############..........] benchmark.Twitter	28.9GB/49.1GB (58.8%)
2021-10-19T22:47:52.999+0000	[##############..........] benchmark.Twitter	28.9GB/49.1GB (58.9%)
2021-10-19T22:47:55.998+0000	[##############..........] benchmark.Twitter	29.0GB/49.1GB (59.0%)
2021-10-19T22:47:58.999+0000	[##############..........] benchmark.Twitter	29.1GB/49.1GB (59.1%)
2021-10-19T22:48:01.999+0000	[##############..........] benchmark.Twitter	29.1GB/49.1GB (59.2%)
2021-10-19T22:48:04.999+0000	[##############..........] benchmark.Twitter	29.2GB/49.1GB (59.4%)
2021-10-19T22:48:07.999+0000	[##############..........] benchmark.Twitter	29.2GB/49.1GB (59.5%)
2021-10-19T22:48:10.999+0000	[##############..........] benchmark.Twitter	29.3GB/49.1GB (59.6%)
2021-10-19T22:48:13.999+0000	[##############..........] benchmark.Twitter	29.3GB/49.1GB (59.7%)
2021-10-19T22:48:16.998+0000	[##############..........] benchmark.Twitter	29.4GB/49.1GB (59.8%)
2021-10-19T22:48:19.998+0000	[##############..........] benchmark.Twitter	29.4GB/49.1GB (59.9%)
2021-10-19T22:48:22.998+0000	[##############..........] benchmark.Twitter	29.5GB/49.1GB (60.0%)
2021-10-19T22:48:25.999+0000	[##############..........] benchmark.Twitter	29.5GB/49.1GB (60.1%)
2021-10-19T22:48:28.999+0000	[##############..........] benchmark.Twitter	29.6GB/49.1GB (60.2%)
2021-10-19T22:48:31.999+0000	[##############..........] benchmark.Twitter	29.6GB/49.1GB (60.3%)
2021-10-19T22:48:34.998+0000	[##############..........] benchmark.Twitter	29.7GB/49.1GB (60.4%)
2021-10-19T22:48:37.999+0000	[##############..........] benchmark.Twitter	29.8GB/49.1GB (60.6%)
2021-10-19T22:48:41.000+0000	[##############..........] benchmark.Twitter	29.8GB/49.1GB (60.7%)
2021-10-19T22:48:43.999+0000	[##############..........] benchmark.Twitter	29.9GB/49.1GB (60.8%)
2021-10-19T22:48:46.998+0000	[##############..........] benchmark.Twitter	29.9GB/49.1GB (60.9%)
2021-10-19T22:48:49.998+0000	[##############..........] benchmark.Twitter	30.0GB/49.1GB (61.0%)
2021-10-19T22:48:52.999+0000	[##############..........] benchmark.Twitter	30.0GB/49.1GB (61.1%)
2021-10-19T22:48:55.999+0000	[##############..........] benchmark.Twitter	30.1GB/49.1GB (61.2%)
2021-10-19T22:48:58.998+0000	[##############..........] benchmark.Twitter	30.1GB/49.1GB (61.3%)
2021-10-19T22:49:01.999+0000	[##############..........] benchmark.Twitter	30.2GB/49.1GB (61.4%)
2021-10-19T22:49:04.999+0000	[##############..........] benchmark.Twitter	30.2GB/49.1GB (61.5%)
2021-10-19T22:49:07.998+0000	[##############..........] benchmark.Twitter	30.3GB/49.1GB (61.6%)
2021-10-19T22:49:10.998+0000	[##############..........] benchmark.Twitter	30.3GB/49.1GB (61.7%)
2021-10-19T22:49:13.998+0000	[##############..........] benchmark.Twitter	30.4GB/49.1GB (61.8%)
2021-10-19T22:49:17.000+0000	[##############..........] benchmark.Twitter	30.4GB/49.1GB (61.9%)
2021-10-19T22:49:19.999+0000	[##############..........] benchmark.Twitter	30.4GB/49.1GB (62.0%)
2021-10-19T22:49:22.999+0000	[##############..........] benchmark.Twitter	30.5GB/49.1GB (62.1%)
2021-10-19T22:49:25.998+0000	[##############..........] benchmark.Twitter	30.5GB/49.1GB (62.2%)
2021-10-19T22:49:28.999+0000	[##############..........] benchmark.Twitter	30.6GB/49.1GB (62.3%)
2021-10-19T22:49:31.999+0000	[##############..........] benchmark.Twitter	30.6GB/49.1GB (62.4%)
2021-10-19T22:49:34.998+0000	[##############..........] benchmark.Twitter	30.7GB/49.1GB (62.5%)
2021-10-19T22:49:37.999+0000	[###############.........] benchmark.Twitter	30.7GB/49.1GB (62.6%)
2021-10-19T22:49:40.999+0000	[###############.........] benchmark.Twitter	30.8GB/49.1GB (62.7%)
2021-10-19T22:49:43.998+0000	[###############.........] benchmark.Twitter	30.9GB/49.1GB (62.8%)
2021-10-19T22:49:46.998+0000	[###############.........] benchmark.Twitter	30.9GB/49.1GB (62.9%)
2021-10-19T22:49:49.999+0000	[###############.........] benchmark.Twitter	30.9GB/49.1GB (63.0%)
2021-10-19T22:49:52.999+0000	[###############.........] benchmark.Twitter	31.0GB/49.1GB (63.1%)
2021-10-19T22:49:55.999+0000	[###############.........] benchmark.Twitter	31.1GB/49.1GB (63.2%)
2021-10-19T22:49:58.999+0000	[###############.........] benchmark.Twitter	31.1GB/49.1GB (63.3%)
2021-10-19T22:50:02.000+0000	[###############.........] benchmark.Twitter	31.2GB/49.1GB (63.4%)
2021-10-19T22:50:04.998+0000	[###############.........] benchmark.Twitter	31.2GB/49.1GB (63.6%)
2021-10-19T22:50:07.998+0000	[###############.........] benchmark.Twitter	31.3GB/49.1GB (63.7%)
2021-10-19T22:50:10.998+0000	[###############.........] benchmark.Twitter	31.3GB/49.1GB (63.8%)
2021-10-19T22:50:13.999+0000	[###############.........] benchmark.Twitter	31.4GB/49.1GB (63.9%)
2021-10-19T22:50:16.999+0000	[###############.........] benchmark.Twitter	31.4GB/49.1GB (64.0%)
2021-10-19T22:50:19.998+0000	[###############.........] benchmark.Twitter	31.5GB/49.1GB (64.1%)
2021-10-19T22:50:22.999+0000	[###############.........] benchmark.Twitter	31.6GB/49.1GB (64.2%)
2021-10-19T22:50:25.999+0000	[###############.........] benchmark.Twitter	31.6GB/49.1GB (64.3%)
2021-10-19T22:50:28.998+0000	[###############.........] benchmark.Twitter	31.7GB/49.1GB (64.4%)
2021-10-19T22:50:31.999+0000	[###############.........] benchmark.Twitter	31.7GB/49.1GB (64.5%)
2021-10-19T22:50:34.999+0000	[###############.........] benchmark.Twitter	31.8GB/49.1GB (64.7%)
2021-10-19T22:50:37.999+0000	[###############.........] benchmark.Twitter	31.8GB/49.1GB (64.8%)
2021-10-19T22:50:40.999+0000	[###############.........] benchmark.Twitter	31.9GB/49.1GB (64.9%)
2021-10-19T22:50:43.998+0000	[###############.........] benchmark.Twitter	31.9GB/49.1GB (65.0%)
2021-10-19T22:50:46.999+0000	[###############.........] benchmark.Twitter	32.0GB/49.1GB (65.1%)
2021-10-19T22:50:49.998+0000	[###############.........] benchmark.Twitter	32.0GB/49.1GB (65.2%)
2021-10-19T22:50:53.002+0000	[###############.........] benchmark.Twitter	32.1GB/49.1GB (65.3%)
2021-10-19T22:50:55.999+0000	[###############.........] benchmark.Twitter	32.1GB/49.1GB (65.4%)
2021-10-19T22:50:58.998+0000	[###############.........] benchmark.Twitter	32.2GB/49.1GB (65.5%)
2021-10-19T22:51:01.999+0000	[###############.........] benchmark.Twitter	32.2GB/49.1GB (65.6%)
2021-10-19T22:51:04.999+0000	[###############.........] benchmark.Twitter	32.3GB/49.1GB (65.8%)
2021-10-19T22:51:07.999+0000	[###############.........] benchmark.Twitter	32.4GB/49.1GB (65.9%)
2021-10-19T22:51:10.999+0000	[###############.........] benchmark.Twitter	32.4GB/49.1GB (66.0%)
2021-10-19T22:51:14.000+0000	[###############.........] benchmark.Twitter	32.5GB/49.1GB (66.1%)
2021-10-19T22:51:16.999+0000	[###############.........] benchmark.Twitter	32.5GB/49.1GB (66.2%)
2021-10-19T22:51:19.998+0000	[###############.........] benchmark.Twitter	32.6GB/49.1GB (66.3%)
2021-10-19T22:51:22.999+0000	[###############.........] benchmark.Twitter	32.6GB/49.1GB (66.4%)
2021-10-19T22:51:25.999+0000	[###############.........] benchmark.Twitter	32.7GB/49.1GB (66.5%)
2021-10-19T22:51:28.999+0000	[###############.........] benchmark.Twitter	32.7GB/49.1GB (66.6%)
2021-10-19T22:51:31.998+0000	[################........] benchmark.Twitter	32.8GB/49.1GB (66.8%)
2021-10-19T22:51:34.999+0000	[################........] benchmark.Twitter	32.9GB/49.1GB (66.9%)
2021-10-19T22:51:37.999+0000	[################........] benchmark.Twitter	32.9GB/49.1GB (67.0%)
2021-10-19T22:51:40.998+0000	[################........] benchmark.Twitter	33.0GB/49.1GB (67.1%)
2021-10-19T22:51:43.999+0000	[################........] benchmark.Twitter	33.0GB/49.1GB (67.2%)
2021-10-19T22:51:46.999+0000	[################........] benchmark.Twitter	33.1GB/49.1GB (67.3%)
2021-10-19T22:51:49.998+0000	[################........] benchmark.Twitter	33.1GB/49.1GB (67.4%)
2021-10-19T22:51:52.999+0000	[################........] benchmark.Twitter	33.2GB/49.1GB (67.5%)
2021-10-19T22:51:55.999+0000	[################........] benchmark.Twitter	33.2GB/49.1GB (67.6%)
2021-10-19T22:51:58.999+0000	[################........] benchmark.Twitter	33.3GB/49.1GB (67.7%)
2021-10-19T22:52:01.999+0000	[################........] benchmark.Twitter	33.3GB/49.1GB (67.8%)
2021-10-19T22:52:04.998+0000	[################........] benchmark.Twitter	33.4GB/49.1GB (67.9%)
2021-10-19T22:52:07.999+0000	[################........] benchmark.Twitter	33.4GB/49.1GB (68.0%)
2021-10-19T22:52:10.999+0000	[################........] benchmark.Twitter	33.5GB/49.1GB (68.1%)
2021-10-19T22:52:13.998+0000	[################........] benchmark.Twitter	33.5GB/49.1GB (68.2%)
2021-10-19T22:52:16.999+0000	[################........] benchmark.Twitter	33.5GB/49.1GB (68.3%)
2021-10-19T22:52:19.999+0000	[################........] benchmark.Twitter	33.6GB/49.1GB (68.4%)
2021-10-19T22:52:22.998+0000	[################........] benchmark.Twitter	33.6GB/49.1GB (68.5%)
2021-10-19T22:52:25.999+0000	[################........] benchmark.Twitter	33.7GB/49.1GB (68.6%)
2021-10-19T22:52:28.998+0000	[################........] benchmark.Twitter	33.8GB/49.1GB (68.7%)
2021-10-19T22:52:31.999+0000	[################........] benchmark.Twitter	33.8GB/49.1GB (68.8%)
2021-10-19T22:52:34.999+0000	[################........] benchmark.Twitter	33.9GB/49.1GB (68.9%)
2021-10-19T22:52:37.998+0000	[################........] benchmark.Twitter	33.9GB/49.1GB (69.0%)
2021-10-19T22:52:40.999+0000	[################........] benchmark.Twitter	34.0GB/49.1GB (69.1%)
2021-10-19T22:52:43.999+0000	[################........] benchmark.Twitter	34.0GB/49.1GB (69.2%)
2021-10-19T22:52:46.999+0000	[################........] benchmark.Twitter	34.1GB/49.1GB (69.4%)
2021-10-19T22:52:49.998+0000	[################........] benchmark.Twitter	34.1GB/49.1GB (69.5%)
2021-10-19T22:52:52.998+0000	[################........] benchmark.Twitter	34.2GB/49.1GB (69.6%)
2021-10-19T22:52:55.999+0000	[################........] benchmark.Twitter	34.2GB/49.1GB (69.7%)
2021-10-19T22:52:58.999+0000	[################........] benchmark.Twitter	34.3GB/49.1GB (69.8%)
2021-10-19T22:53:01.999+0000	[################........] benchmark.Twitter	34.3GB/49.1GB (69.9%)
2021-10-19T22:53:04.998+0000	[################........] benchmark.Twitter	34.4GB/49.1GB (70.0%)
2021-10-19T22:53:07.999+0000	[################........] benchmark.Twitter	34.5GB/49.1GB (70.1%)
2021-10-19T22:53:10.999+0000	[################........] benchmark.Twitter	34.5GB/49.1GB (70.2%)
2021-10-19T22:53:13.999+0000	[################........] benchmark.Twitter	34.5GB/49.1GB (70.3%)
2021-10-19T22:53:16.999+0000	[################........] benchmark.Twitter	34.6GB/49.1GB (70.4%)
2021-10-19T22:53:19.999+0000	[################........] benchmark.Twitter	34.7GB/49.1GB (70.5%)
2021-10-19T22:53:22.999+0000	[################........] benchmark.Twitter	34.7GB/49.1GB (70.7%)
2021-10-19T22:53:25.999+0000	[################........] benchmark.Twitter	34.8GB/49.1GB (70.8%)
2021-10-19T22:53:28.998+0000	[#################.......] benchmark.Twitter	34.8GB/49.1GB (70.9%)
2021-10-19T22:53:31.999+0000	[#################.......] benchmark.Twitter	34.9GB/49.1GB (71.0%)
2021-10-19T22:53:34.999+0000	[#################.......] benchmark.Twitter	34.9GB/49.1GB (71.1%)
2021-10-19T22:53:37.999+0000	[#################.......] benchmark.Twitter	35.0GB/49.1GB (71.2%)
2021-10-19T22:53:40.998+0000	[#################.......] benchmark.Twitter	35.0GB/49.1GB (71.3%)
2021-10-19T22:53:43.999+0000	[#################.......] benchmark.Twitter	35.1GB/49.1GB (71.4%)
2021-10-19T22:53:46.998+0000	[#################.......] benchmark.Twitter	35.1GB/49.1GB (71.5%)
2021-10-19T22:53:49.999+0000	[#################.......] benchmark.Twitter	35.2GB/49.1GB (71.6%)
2021-10-19T22:53:52.999+0000	[#################.......] benchmark.Twitter	35.2GB/49.1GB (71.7%)
2021-10-19T22:53:55.999+0000	[#################.......] benchmark.Twitter	35.3GB/49.1GB (71.8%)
2021-10-19T22:53:58.998+0000	[#################.......] benchmark.Twitter	35.4GB/49.1GB (72.0%)
2021-10-19T22:54:01.999+0000	[#################.......] benchmark.Twitter	35.4GB/49.1GB (72.1%)
2021-10-19T22:54:04.999+0000	[#################.......] benchmark.Twitter	35.5GB/49.1GB (72.2%)
2021-10-19T22:54:07.999+0000	[#################.......] benchmark.Twitter	35.5GB/49.1GB (72.3%)
2021-10-19T22:54:10.999+0000	[#################.......] benchmark.Twitter	35.6GB/49.1GB (72.4%)
2021-10-19T22:54:13.999+0000	[#################.......] benchmark.Twitter	35.6GB/49.1GB (72.5%)
2021-10-19T22:54:16.998+0000	[#################.......] benchmark.Twitter	35.7GB/49.1GB (72.6%)
2021-10-19T22:54:20.000+0000	[#################.......] benchmark.Twitter	35.7GB/49.1GB (72.7%)
2021-10-19T22:54:23.000+0000	[#################.......] benchmark.Twitter	35.8GB/49.1GB (72.8%)
2021-10-19T22:54:25.999+0000	[#################.......] benchmark.Twitter	35.8GB/49.1GB (72.9%)
2021-10-19T22:54:28.998+0000	[#################.......] benchmark.Twitter	35.9GB/49.1GB (73.0%)
2021-10-19T22:54:31.998+0000	[#################.......] benchmark.Twitter	35.9GB/49.1GB (73.1%)
2021-10-19T22:54:34.999+0000	[#################.......] benchmark.Twitter	36.0GB/49.1GB (73.3%)
2021-10-19T22:54:37.999+0000	[#################.......] benchmark.Twitter	36.0GB/49.1GB (73.4%)
2021-10-19T22:54:40.999+0000	[#################.......] benchmark.Twitter	36.1GB/49.1GB (73.5%)
2021-10-19T22:54:43.998+0000	[#################.......] benchmark.Twitter	36.1GB/49.1GB (73.6%)
2021-10-19T22:54:46.999+0000	[#################.......] benchmark.Twitter	36.2GB/49.1GB (73.7%)
2021-10-19T22:54:49.999+0000	[#################.......] benchmark.Twitter	36.3GB/49.1GB (73.8%)
2021-10-19T22:54:52.999+0000	[#################.......] benchmark.Twitter	36.3GB/49.1GB (73.9%)
2021-10-19T22:54:55.998+0000	[#################.......] benchmark.Twitter	36.4GB/49.1GB (74.0%)
2021-10-19T22:54:58.999+0000	[#################.......] benchmark.Twitter	36.4GB/49.1GB (74.1%)
2021-10-19T22:55:01.999+0000	[#################.......] benchmark.Twitter	36.5GB/49.1GB (74.2%)
2021-10-19T22:55:04.998+0000	[#################.......] benchmark.Twitter	36.5GB/49.1GB (74.3%)
2021-10-19T22:55:07.998+0000	[#################.......] benchmark.Twitter	36.6GB/49.1GB (74.4%)
2021-10-19T22:55:10.999+0000	[#################.......] benchmark.Twitter	36.6GB/49.1GB (74.5%)
2021-10-19T22:55:13.999+0000	[#################.......] benchmark.Twitter	36.7GB/49.1GB (74.6%)
2021-10-19T22:55:16.999+0000	[#################.......] benchmark.Twitter	36.7GB/49.1GB (74.7%)
2021-10-19T22:55:19.999+0000	[#################.......] benchmark.Twitter	36.8GB/49.1GB (74.8%)
2021-10-19T22:55:22.999+0000	[#################.......] benchmark.Twitter	36.8GB/49.1GB (75.0%)
2021-10-19T22:55:25.998+0000	[##################......] benchmark.Twitter	36.9GB/49.1GB (75.1%)
2021-10-19T22:55:28.998+0000	[##################......] benchmark.Twitter	36.9GB/49.1GB (75.2%)
2021-10-19T22:55:31.998+0000	[##################......] benchmark.Twitter	37.0GB/49.1GB (75.3%)
2021-10-19T22:55:34.999+0000	[##################......] benchmark.Twitter	37.0GB/49.1GB (75.4%)
2021-10-19T22:55:37.998+0000	[##################......] benchmark.Twitter	37.1GB/49.1GB (75.5%)
2021-10-19T22:55:40.998+0000	[##################......] benchmark.Twitter	37.1GB/49.1GB (75.6%)
2021-10-19T22:55:43.999+0000	[##################......] benchmark.Twitter	37.2GB/49.1GB (75.7%)
2021-10-19T22:55:46.998+0000	[##################......] benchmark.Twitter	37.2GB/49.1GB (75.8%)
2021-10-19T22:55:49.999+0000	[##################......] benchmark.Twitter	37.3GB/49.1GB (75.9%)
2021-10-19T22:55:52.999+0000	[##################......] benchmark.Twitter	37.4GB/49.1GB (76.0%)
2021-10-19T22:55:55.999+0000	[##################......] benchmark.Twitter	37.4GB/49.1GB (76.1%)
2021-10-19T22:55:58.999+0000	[##################......] benchmark.Twitter	37.5GB/49.1GB (76.2%)
2021-10-19T22:56:01.999+0000	[##################......] benchmark.Twitter	37.5GB/49.1GB (76.4%)
2021-10-19T22:56:04.998+0000	[##################......] benchmark.Twitter	37.6GB/49.1GB (76.5%)
2021-10-19T22:56:07.999+0000	[##################......] benchmark.Twitter	37.6GB/49.1GB (76.5%)
2021-10-19T22:56:10.998+0000	[##################......] benchmark.Twitter	37.6GB/49.1GB (76.6%)
2021-10-19T22:56:13.999+0000	[##################......] benchmark.Twitter	37.7GB/49.1GB (76.7%)
2021-10-19T22:56:16.998+0000	[##################......] benchmark.Twitter	37.7GB/49.1GB (76.8%)
2021-10-19T22:56:19.999+0000	[##################......] benchmark.Twitter	37.8GB/49.1GB (76.9%)
2021-10-19T22:56:22.998+0000	[##################......] benchmark.Twitter	37.8GB/49.1GB (77.0%)
2021-10-19T22:56:25.998+0000	[##################......] benchmark.Twitter	37.9GB/49.1GB (77.1%)
2021-10-19T22:56:28.999+0000	[##################......] benchmark.Twitter	37.9GB/49.1GB (77.2%)
2021-10-19T22:56:32.000+0000	[##################......] benchmark.Twitter	38.0GB/49.1GB (77.3%)
2021-10-19T22:56:34.999+0000	[##################......] benchmark.Twitter	38.0GB/49.1GB (77.4%)
2021-10-19T22:56:37.999+0000	[##################......] benchmark.Twitter	38.1GB/49.1GB (77.5%)
2021-10-19T22:56:40.999+0000	[##################......] benchmark.Twitter	38.1GB/49.1GB (77.6%)
2021-10-19T22:56:43.998+0000	[##################......] benchmark.Twitter	38.2GB/49.1GB (77.7%)
2021-10-19T22:56:46.999+0000	[##################......] benchmark.Twitter	38.2GB/49.1GB (77.9%)
2021-10-19T22:56:49.999+0000	[##################......] benchmark.Twitter	38.3GB/49.1GB (78.0%)
2021-10-19T22:56:52.998+0000	[##################......] benchmark.Twitter	38.4GB/49.1GB (78.1%)
2021-10-19T22:56:55.998+0000	[##################......] benchmark.Twitter	38.4GB/49.1GB (78.2%)
2021-10-19T22:56:58.999+0000	[##################......] benchmark.Twitter	38.5GB/49.1GB (78.3%)
2021-10-19T22:57:01.999+0000	[##################......] benchmark.Twitter	38.5GB/49.1GB (78.4%)
2021-10-19T22:57:04.999+0000	[##################......] benchmark.Twitter	38.6GB/49.1GB (78.5%)
2021-10-19T22:57:07.999+0000	[##################......] benchmark.Twitter	38.6GB/49.1GB (78.6%)
2021-10-19T22:57:10.999+0000	[##################......] benchmark.Twitter	38.7GB/49.1GB (78.7%)
2021-10-19T22:57:13.998+0000	[##################......] benchmark.Twitter	38.7GB/49.1GB (78.8%)
2021-10-19T22:57:16.999+0000	[##################......] benchmark.Twitter	38.8GB/49.1GB (78.9%)
2021-10-19T22:57:19.999+0000	[##################......] benchmark.Twitter	38.8GB/49.1GB (79.0%)
2021-10-19T22:57:22.999+0000	[##################......] benchmark.Twitter	38.9GB/49.1GB (79.1%)
2021-10-19T22:57:25.999+0000	[###################.....] benchmark.Twitter	38.9GB/49.1GB (79.2%)
2021-10-19T22:57:28.999+0000	[###################.....] benchmark.Twitter	39.0GB/49.1GB (79.3%)
2021-10-19T22:57:31.999+0000	[###################.....] benchmark.Twitter	39.0GB/49.1GB (79.5%)
2021-10-19T22:57:34.999+0000	[###################.....] benchmark.Twitter	39.1GB/49.1GB (79.6%)
2021-10-19T22:57:37.999+0000	[###################.....] benchmark.Twitter	39.1GB/49.1GB (79.7%)
2021-10-19T22:57:40.999+0000	[###################.....] benchmark.Twitter	39.2GB/49.1GB (79.8%)
2021-10-19T22:57:44.000+0000	[###################.....] benchmark.Twitter	39.2GB/49.1GB (79.9%)
2021-10-19T22:57:46.999+0000	[###################.....] benchmark.Twitter	39.3GB/49.1GB (80.0%)
2021-10-19T22:57:49.999+0000	[###################.....] benchmark.Twitter	39.4GB/49.1GB (80.1%)
2021-10-19T22:57:52.998+0000	[###################.....] benchmark.Twitter	39.4GB/49.1GB (80.2%)
2021-10-19T22:57:55.999+0000	[###################.....] benchmark.Twitter	39.5GB/49.1GB (80.3%)
2021-10-19T22:57:58.999+0000	[###################.....] benchmark.Twitter	39.5GB/49.1GB (80.4%)
2021-10-19T22:58:01.999+0000	[###################.....] benchmark.Twitter	39.6GB/49.1GB (80.5%)
2021-10-19T22:58:04.999+0000	[###################.....] benchmark.Twitter	39.6GB/49.1GB (80.6%)
2021-10-19T22:58:07.999+0000	[###################.....] benchmark.Twitter	39.7GB/49.1GB (80.7%)
2021-10-19T22:58:10.999+0000	[###################.....] benchmark.Twitter	39.7GB/49.1GB (80.9%)
2021-10-19T22:58:13.998+0000	[###################.....] benchmark.Twitter	39.8GB/49.1GB (81.0%)
2021-10-19T22:58:16.999+0000	[###################.....] benchmark.Twitter	39.8GB/49.1GB (81.1%)
2021-10-19T22:58:19.998+0000	[###################.....] benchmark.Twitter	39.9GB/49.1GB (81.2%)
2021-10-19T22:58:22.999+0000	[###################.....] benchmark.Twitter	39.9GB/49.1GB (81.3%)
2021-10-19T22:58:25.999+0000	[###################.....] benchmark.Twitter	40.0GB/49.1GB (81.4%)
2021-10-19T22:58:28.999+0000	[###################.....] benchmark.Twitter	40.0GB/49.1GB (81.5%)
2021-10-19T22:58:32.000+0000	[###################.....] benchmark.Twitter	40.1GB/49.1GB (81.6%)
2021-10-19T22:58:35.000+0000	[###################.....] benchmark.Twitter	40.1GB/49.1GB (81.7%)
2021-10-19T22:58:37.999+0000	[###################.....] benchmark.Twitter	40.2GB/49.1GB (81.8%)
2021-10-19T22:58:40.999+0000	[###################.....] benchmark.Twitter	40.2GB/49.1GB (81.9%)
2021-10-19T22:58:43.999+0000	[###################.....] benchmark.Twitter	40.3GB/49.1GB (82.0%)
2021-10-19T22:58:46.999+0000	[###################.....] benchmark.Twitter	40.4GB/49.1GB (82.2%)
2021-10-19T22:58:49.999+0000	[###################.....] benchmark.Twitter	40.4GB/49.1GB (82.3%)
2021-10-19T22:58:52.998+0000	[###################.....] benchmark.Twitter	40.5GB/49.1GB (82.4%)
2021-10-19T22:58:55.998+0000	[###################.....] benchmark.Twitter	40.5GB/49.1GB (82.5%)
2021-10-19T22:58:58.999+0000	[###################.....] benchmark.Twitter	40.6GB/49.1GB (82.6%)
2021-10-19T22:59:01.999+0000	[###################.....] benchmark.Twitter	40.6GB/49.1GB (82.7%)
2021-10-19T22:59:04.999+0000	[###################.....] benchmark.Twitter	40.7GB/49.1GB (82.8%)
2021-10-19T22:59:07.999+0000	[###################.....] benchmark.Twitter	40.7GB/49.1GB (82.9%)
2021-10-19T22:59:10.999+0000	[###################.....] benchmark.Twitter	40.8GB/49.1GB (83.0%)
2021-10-19T22:59:13.999+0000	[###################.....] benchmark.Twitter	40.8GB/49.1GB (83.1%)
2021-10-19T22:59:16.999+0000	[###################.....] benchmark.Twitter	40.9GB/49.1GB (83.2%)
2021-10-19T22:59:19.998+0000	[####################....] benchmark.Twitter	41.0GB/49.1GB (83.3%)
2021-10-19T22:59:22.999+0000	[####################....] benchmark.Twitter	41.0GB/49.1GB (83.4%)
2021-10-19T22:59:25.999+0000	[####################....] benchmark.Twitter	41.0GB/49.1GB (83.6%)
2021-10-19T22:59:28.999+0000	[####################....] benchmark.Twitter	41.1GB/49.1GB (83.7%)
2021-10-19T22:59:31.998+0000	[####################....] benchmark.Twitter	41.2GB/49.1GB (83.8%)
2021-10-19T22:59:34.999+0000	[####################....] benchmark.Twitter	41.2GB/49.1GB (83.9%)
2021-10-19T22:59:37.999+0000	[####################....] benchmark.Twitter	41.3GB/49.1GB (84.0%)
2021-10-19T22:59:40.999+0000	[####################....] benchmark.Twitter	41.3GB/49.1GB (84.1%)
2021-10-19T22:59:43.999+0000	[####################....] benchmark.Twitter	41.4GB/49.1GB (84.2%)
2021-10-19T22:59:46.998+0000	[####################....] benchmark.Twitter	41.4GB/49.1GB (84.3%)
2021-10-19T22:59:49.999+0000	[####################....] benchmark.Twitter	41.5GB/49.1GB (84.4%)
2021-10-19T22:59:52.999+0000	[####################....] benchmark.Twitter	41.5GB/49.1GB (84.5%)
2021-10-19T22:59:55.999+0000	[####################....] benchmark.Twitter	41.6GB/49.1GB (84.6%)
2021-10-19T22:59:58.999+0000	[####################....] benchmark.Twitter	41.6GB/49.1GB (84.7%)
2021-10-19T23:00:01.999+0000	[####################....] benchmark.Twitter	41.7GB/49.1GB (84.8%)
2021-10-19T23:00:04.999+0000	[####################....] benchmark.Twitter	41.7GB/49.1GB (84.9%)
2021-10-19T23:00:07.999+0000	[####################....] benchmark.Twitter	41.8GB/49.1GB (85.0%)
2021-10-19T23:00:10.999+0000	[####################....] benchmark.Twitter	41.8GB/49.1GB (85.1%)
2021-10-19T23:00:14.000+0000	[####################....] benchmark.Twitter	41.9GB/49.1GB (85.2%)
2021-10-19T23:00:16.999+0000	[####################....] benchmark.Twitter	41.9GB/49.1GB (85.3%)
2021-10-19T23:00:19.999+0000	[####################....] benchmark.Twitter	42.0GB/49.1GB (85.4%)
2021-10-19T23:00:22.998+0000	[####################....] benchmark.Twitter	42.0GB/49.1GB (85.5%)
2021-10-19T23:00:25.999+0000	[####################....] benchmark.Twitter	42.1GB/49.1GB (85.6%)
2021-10-19T23:00:28.998+0000	[####################....] benchmark.Twitter	42.1GB/49.1GB (85.7%)
2021-10-19T23:00:31.998+0000	[####################....] benchmark.Twitter	42.2GB/49.1GB (85.8%)
2021-10-19T23:00:34.999+0000	[####################....] benchmark.Twitter	42.2GB/49.1GB (86.0%)
2021-10-19T23:00:37.998+0000	[####################....] benchmark.Twitter	42.3GB/49.1GB (86.1%)
2021-10-19T23:00:40.999+0000	[####################....] benchmark.Twitter	42.3GB/49.1GB (86.2%)
2021-10-19T23:00:43.999+0000	[####################....] benchmark.Twitter	42.4GB/49.1GB (86.3%)
2021-10-19T23:00:46.999+0000	[####################....] benchmark.Twitter	42.5GB/49.1GB (86.4%)
2021-10-19T23:00:49.999+0000	[####################....] benchmark.Twitter	42.5GB/49.1GB (86.5%)
2021-10-19T23:00:52.999+0000	[####################....] benchmark.Twitter	42.6GB/49.1GB (86.6%)
2021-10-19T23:00:55.999+0000	[####################....] benchmark.Twitter	42.6GB/49.1GB (86.7%)
2021-10-19T23:00:58.998+0000	[####################....] benchmark.Twitter	42.7GB/49.1GB (86.8%)
2021-10-19T23:01:01.998+0000	[####################....] benchmark.Twitter	42.7GB/49.1GB (86.9%)
2021-10-19T23:01:04.999+0000	[####################....] benchmark.Twitter	42.8GB/49.1GB (87.1%)
2021-10-19T23:01:07.998+0000	[####################....] benchmark.Twitter	42.8GB/49.1GB (87.2%)
2021-10-19T23:01:10.999+0000	[####################....] benchmark.Twitter	42.9GB/49.1GB (87.3%)
2021-10-19T23:01:13.998+0000	[####################....] benchmark.Twitter	42.9GB/49.1GB (87.4%)
2021-10-19T23:01:16.999+0000	[####################....] benchmark.Twitter	43.0GB/49.1GB (87.5%)
2021-10-19T23:01:19.999+0000	[#####################...] benchmark.Twitter	43.0GB/49.1GB (87.6%)
2021-10-19T23:01:22.999+0000	[#####################...] benchmark.Twitter	43.1GB/49.1GB (87.7%)
2021-10-19T23:01:25.998+0000	[#####################...] benchmark.Twitter	43.1GB/49.1GB (87.8%)
2021-10-19T23:01:28.999+0000	[#####################...] benchmark.Twitter	43.2GB/49.1GB (87.9%)
2021-10-19T23:01:31.999+0000	[#####################...] benchmark.Twitter	43.2GB/49.1GB (88.0%)
2021-10-19T23:01:34.999+0000	[#####################...] benchmark.Twitter	43.3GB/49.1GB (88.1%)
2021-10-19T23:01:37.998+0000	[#####################...] benchmark.Twitter	43.4GB/49.1GB (88.2%)
2021-10-19T23:01:40.999+0000	[#####################...] benchmark.Twitter	43.4GB/49.1GB (88.4%)
2021-10-19T23:01:43.998+0000	[#####################...] benchmark.Twitter	43.5GB/49.1GB (88.5%)
2021-10-19T23:01:46.998+0000	[#####################...] benchmark.Twitter	43.5GB/49.1GB (88.6%)
2021-10-19T23:01:49.999+0000	[#####################...] benchmark.Twitter	43.6GB/49.1GB (88.7%)
2021-10-19T23:01:52.999+0000	[#####################...] benchmark.Twitter	43.6GB/49.1GB (88.8%)
2021-10-19T23:01:55.998+0000	[#####################...] benchmark.Twitter	43.7GB/49.1GB (88.9%)
2021-10-19T23:01:58.999+0000	[#####################...] benchmark.Twitter	43.7GB/49.1GB (89.0%)
2021-10-19T23:02:01.999+0000	[#####################...] benchmark.Twitter	43.8GB/49.1GB (89.1%)
2021-10-19T23:02:04.998+0000	[#####################...] benchmark.Twitter	43.8GB/49.1GB (89.2%)
2021-10-19T23:02:07.999+0000	[#####################...] benchmark.Twitter	43.9GB/49.1GB (89.3%)
2021-10-19T23:02:10.999+0000	[#####################...] benchmark.Twitter	43.9GB/49.1GB (89.4%)
2021-10-19T23:02:13.999+0000	[#####################...] benchmark.Twitter	44.0GB/49.1GB (89.5%)
2021-10-19T23:02:16.998+0000	[#####################...] benchmark.Twitter	44.0GB/49.1GB (89.6%)
2021-10-19T23:02:19.999+0000	[#####################...] benchmark.Twitter	44.1GB/49.1GB (89.7%)
2021-10-19T23:02:22.999+0000	[#####################...] benchmark.Twitter	44.1GB/49.1GB (89.8%)
2021-10-19T23:02:25.999+0000	[#####################...] benchmark.Twitter	44.1GB/49.1GB (89.9%)
2021-10-19T23:02:28.999+0000	[#####################...] benchmark.Twitter	44.2GB/49.1GB (89.9%)
2021-10-19T23:02:31.999+0000	[#####################...] benchmark.Twitter	44.2GB/49.1GB (90.0%)
2021-10-19T23:02:34.999+0000	[#####################...] benchmark.Twitter	44.3GB/49.1GB (90.1%)
2021-10-19T23:02:37.999+0000	[#####################...] benchmark.Twitter	44.3GB/49.1GB (90.2%)
2021-10-19T23:02:40.999+0000	[#####################...] benchmark.Twitter	44.4GB/49.1GB (90.3%)
2021-10-19T23:02:43.998+0000	[#####################...] benchmark.Twitter	44.4GB/49.1GB (90.5%)
2021-10-19T23:02:46.999+0000	[#####################...] benchmark.Twitter	44.5GB/49.1GB (90.6%)
2021-10-19T23:02:49.998+0000	[#####################...] benchmark.Twitter	44.5GB/49.1GB (90.7%)
2021-10-19T23:02:52.999+0000	[#####################...] benchmark.Twitter	44.6GB/49.1GB (90.8%)
2021-10-19T23:02:56.004+0000	[#####################...] benchmark.Twitter	44.6GB/49.1GB (90.9%)
2021-10-19T23:02:58.998+0000	[#####################...] benchmark.Twitter	44.7GB/49.1GB (91.0%)
2021-10-19T23:03:01.999+0000	[#####################...] benchmark.Twitter	44.8GB/49.1GB (91.1%)
2021-10-19T23:03:04.998+0000	[#####################...] benchmark.Twitter	44.8GB/49.1GB (91.2%)
2021-10-19T23:03:07.999+0000	[#####################...] benchmark.Twitter	44.9GB/49.1GB (91.3%)
2021-10-19T23:03:10.999+0000	[#####################...] benchmark.Twitter	44.9GB/49.1GB (91.4%)
2021-10-19T23:03:13.999+0000	[#####################...] benchmark.Twitter	45.0GB/49.1GB (91.5%)
2021-10-19T23:03:16.998+0000	[#####################...] benchmark.Twitter	45.0GB/49.1GB (91.6%)
2021-10-19T23:03:19.999+0000	[######################..] benchmark.Twitter	45.1GB/49.1GB (91.7%)
2021-10-19T23:03:22.999+0000	[######################..] benchmark.Twitter	45.1GB/49.1GB (91.8%)
2021-10-19T23:03:25.999+0000	[######################..] benchmark.Twitter	45.2GB/49.1GB (92.0%)
2021-10-19T23:03:28.999+0000	[######################..] benchmark.Twitter	45.2GB/49.1GB (92.1%)
2021-10-19T23:03:31.998+0000	[######################..] benchmark.Twitter	45.3GB/49.1GB (92.2%)
2021-10-19T23:03:34.998+0000	[######################..] benchmark.Twitter	45.3GB/49.1GB (92.3%)
2021-10-19T23:03:37.999+0000	[######################..] benchmark.Twitter	45.4GB/49.1GB (92.4%)
2021-10-19T23:03:40.998+0000	[######################..] benchmark.Twitter	45.4GB/49.1GB (92.5%)
2021-10-19T23:03:43.998+0000	[######################..] benchmark.Twitter	45.5GB/49.1GB (92.6%)
2021-10-19T23:03:46.998+0000	[######################..] benchmark.Twitter	45.5GB/49.1GB (92.7%)
2021-10-19T23:03:49.998+0000	[######################..] benchmark.Twitter	45.6GB/49.1GB (92.8%)
2021-10-19T23:03:52.999+0000	[######################..] benchmark.Twitter	45.6GB/49.1GB (92.9%)
2021-10-19T23:03:55.998+0000	[######################..] benchmark.Twitter	45.7GB/49.1GB (93.0%)
2021-10-19T23:03:58.998+0000	[######################..] benchmark.Twitter	45.8GB/49.1GB (93.1%)
2021-10-19T23:04:01.999+0000	[######################..] benchmark.Twitter	45.8GB/49.1GB (93.2%)
2021-10-19T23:04:04.999+0000	[######################..] benchmark.Twitter	45.9GB/49.1GB (93.4%)
2021-10-19T23:04:07.999+0000	[######################..] benchmark.Twitter	45.9GB/49.1GB (93.5%)
2021-10-19T23:04:10.998+0000	[######################..] benchmark.Twitter	46.0GB/49.1GB (93.6%)
2021-10-19T23:04:13.999+0000	[######################..] benchmark.Twitter	46.0GB/49.1GB (93.7%)
2021-10-19T23:04:16.999+0000	[######################..] benchmark.Twitter	46.1GB/49.1GB (93.8%)
2021-10-19T23:04:19.999+0000	[######################..] benchmark.Twitter	46.1GB/49.1GB (93.9%)
2021-10-19T23:04:22.999+0000	[######################..] benchmark.Twitter	46.2GB/49.1GB (94.0%)
2021-10-19T23:04:25.998+0000	[######################..] benchmark.Twitter	46.2GB/49.1GB (94.1%)
2021-10-19T23:04:28.999+0000	[######################..] benchmark.Twitter	46.3GB/49.1GB (94.2%)
2021-10-19T23:04:31.999+0000	[######################..] benchmark.Twitter	46.3GB/49.1GB (94.3%)
2021-10-19T23:04:34.998+0000	[######################..] benchmark.Twitter	46.4GB/49.1GB (94.4%)
2021-10-19T23:04:37.998+0000	[######################..] benchmark.Twitter	46.4GB/49.1GB (94.5%)
2021-10-19T23:04:40.999+0000	[######################..] benchmark.Twitter	46.5GB/49.1GB (94.6%)
2021-10-19T23:04:43.998+0000	[######################..] benchmark.Twitter	46.5GB/49.1GB (94.7%)
2021-10-19T23:04:46.998+0000	[######################..] benchmark.Twitter	46.6GB/49.1GB (94.9%)
2021-10-19T23:04:49.999+0000	[######################..] benchmark.Twitter	46.6GB/49.1GB (95.0%)
2021-10-19T23:04:52.999+0000	[######################..] benchmark.Twitter	46.7GB/49.1GB (95.1%)
2021-10-19T23:04:55.999+0000	[######################..] benchmark.Twitter	46.8GB/49.1GB (95.2%)
2021-10-19T23:04:58.998+0000	[######################..] benchmark.Twitter	46.8GB/49.1GB (95.3%)
2021-10-19T23:05:01.998+0000	[######################..] benchmark.Twitter	46.9GB/49.1GB (95.4%)
2021-10-19T23:05:04.999+0000	[######################..] benchmark.Twitter	46.9GB/49.1GB (95.5%)
2021-10-19T23:05:07.999+0000	[######################..] benchmark.Twitter	47.0GB/49.1GB (95.6%)
2021-10-19T23:05:10.998+0000	[######################..] benchmark.Twitter	47.0GB/49.1GB (95.7%)
2021-10-19T23:05:13.999+0000	[######################..] benchmark.Twitter	47.0GB/49.1GB (95.8%)
2021-10-19T23:05:16.999+0000	[#######################.] benchmark.Twitter	47.1GB/49.1GB (95.8%)
2021-10-19T23:05:19.998+0000	[#######################.] benchmark.Twitter	47.1GB/49.1GB (95.9%)
2021-10-19T23:05:22.999+0000	[#######################.] benchmark.Twitter	47.2GB/49.1GB (96.0%)
2021-10-19T23:05:25.999+0000	[#######################.] benchmark.Twitter	47.2GB/49.1GB (96.1%)
2021-10-19T23:05:28.999+0000	[#######################.] benchmark.Twitter	47.3GB/49.1GB (96.2%)
2021-10-19T23:05:31.999+0000	[#######################.] benchmark.Twitter	47.3GB/49.1GB (96.3%)
2021-10-19T23:05:34.999+0000	[#######################.] benchmark.Twitter	47.4GB/49.1GB (96.4%)
2021-10-19T23:05:37.999+0000	[#######################.] benchmark.Twitter	47.4GB/49.1GB (96.5%)
2021-10-19T23:05:40.999+0000	[#######################.] benchmark.Twitter	47.5GB/49.1GB (96.6%)
2021-10-19T23:05:43.998+0000	[#######################.] benchmark.Twitter	47.5GB/49.1GB (96.7%)
2021-10-19T23:05:46.999+0000	[#######################.] benchmark.Twitter	47.6GB/49.1GB (96.8%)
2021-10-19T23:05:49.998+0000	[#######################.] benchmark.Twitter	47.6GB/49.1GB (97.0%)
2021-10-19T23:05:52.999+0000	[#######################.] benchmark.Twitter	47.7GB/49.1GB (97.1%)
2021-10-19T23:05:55.998+0000	[#######################.] benchmark.Twitter	47.7GB/49.1GB (97.2%)
2021-10-19T23:05:58.999+0000	[#######################.] benchmark.Twitter	47.8GB/49.1GB (97.3%)
2021-10-19T23:06:01.999+0000	[#######################.] benchmark.Twitter	47.8GB/49.1GB (97.4%)
2021-10-19T23:06:04.998+0000	[#######################.] benchmark.Twitter	47.9GB/49.1GB (97.5%)
2021-10-19T23:06:07.999+0000	[#######################.] benchmark.Twitter	48.0GB/49.1GB (97.6%)
2021-10-19T23:06:10.998+0000	[#######################.] benchmark.Twitter	48.0GB/49.1GB (97.7%)
2021-10-19T23:06:13.998+0000	[#######################.] benchmark.Twitter	48.1GB/49.1GB (97.8%)
2021-10-19T23:06:16.999+0000	[#######################.] benchmark.Twitter	48.1GB/49.1GB (97.9%)
2021-10-19T23:06:19.999+0000	[#######################.] benchmark.Twitter	48.2GB/49.1GB (98.0%)
2021-10-19T23:06:22.999+0000	[#######################.] benchmark.Twitter	48.2GB/49.1GB (98.1%)
2021-10-19T23:06:25.999+0000	[#######################.] benchmark.Twitter	48.3GB/49.1GB (98.2%)
2021-10-19T23:06:28.998+0000	[#######################.] benchmark.Twitter	48.3GB/49.1GB (98.4%)
2021-10-19T23:06:31.998+0000	[#######################.] benchmark.Twitter	48.4GB/49.1GB (98.5%)
2021-10-19T23:06:34.998+0000	[#######################.] benchmark.Twitter	48.4GB/49.1GB (98.6%)
2021-10-19T23:06:37.999+0000	[#######################.] benchmark.Twitter	48.5GB/49.1GB (98.7%)
2021-10-19T23:06:40.999+0000	[#######################.] benchmark.Twitter	48.5GB/49.1GB (98.8%)
2021-10-19T23:06:43.999+0000	[#######################.] benchmark.Twitter	48.6GB/49.1GB (98.9%)
2021-10-19T23:06:46.999+0000	[#######################.] benchmark.Twitter	48.6GB/49.1GB (99.0%)
2021-10-19T23:06:49.998+0000	[#######################.] benchmark.Twitter	48.7GB/49.1GB (99.1%)
2021-10-19T23:06:52.999+0000	[#######################.] benchmark.Twitter	48.7GB/49.1GB (99.2%)
2021-10-19T23:06:55.998+0000	[#######################.] benchmark.Twitter	48.8GB/49.1GB (99.3%)
2021-10-19T23:06:58.998+0000	[#######################.] benchmark.Twitter	48.8GB/49.1GB (99.4%)
2021-10-19T23:07:01.999+0000	[#######################.] benchmark.Twitter	48.9GB/49.1GB (99.5%)
2021-10-19T23:07:04.999+0000	[#######################.] benchmark.Twitter	48.9GB/49.1GB (99.6%)
2021-10-19T23:07:07.999+0000	[#######################.] benchmark.Twitter	49.0GB/49.1GB (99.7%)
2021-10-19T23:07:10.999+0000	[#######################.] benchmark.Twitter	49.0GB/49.1GB (99.8%)
2021-10-19T23:07:13.999+0000	[#######################.] benchmark.Twitter	49.1GB/49.1GB (99.9%)
2021-10-19T23:07:15.612+0000	[########################] benchmark.Twitter	49.1GB/49.1GB (100.0%)
2021-10-19T23:07:15.612+0000	13346336 document(s) imported successfully. 0 document(s) failed to import.
mongo-benchmark
MongoDB: 4028.33 s
mongo-benchmark
=== Found Postgres query file, executing Postgres queries ===
= File:'Twitter.json' =
13.4-alpine: Pulling from library/postgres
Digest: sha256:e9e481c3b0960e6acdd0d1202938617b9075d20f477765b531846671b7e624f2
Status: Image is up to date for postgres:13.4-alpine
46774247f55c7802448886e403858587a2a8772fe6e2e7a080ba447a04f1d209
3
PSQL: 8051.23 s
psql-benchmark
=== Results ===
= JQ =
Overall: 
= JODA =
Overall: 114.895
Query Time: 55.7493
13.312588612
4.646621365
5.658633045
4.908202715
5.05044308
4.521007884
4.296392353
4.004569396
4.177924816
5.172893073
= Mongo =
Overall: 4028.33
184.01
160.095
162.627
178.201
65.043
73.437
90.057
83.183
88.968
92.231
Query Time: 1177.85
= PostgreSQL =
Overall: 8051.23
=== AGG Results ===
= JQ =

= JODA =
13346336
5073309
1985718
1423329
1253365
4467128
970479
434583
226865
79126
56933
= Mongo =
5073309
1985718
1423329
1253365
4467128
970479
434583
226865
79126
56933
= PostgreSQL =
 5073309
 1985718
 1423329
 1253365
 4456547
 959898
 424002
 216709
 68970
 48900
