=== Found JODA query file, executing JODA queries ===
= File:'Twitter.json' =
0.12.4: Pulling from nicotin/joda
Digest: sha256:b253680f2c5ee1118e2c282e0c4ebff5cb6e87643fb98abcf1e686caaa35152a
Status: Image is up to date for nicotin/joda:0.12.4
d76e003e7c628682d139792061597765461d4e0ff87f385f62f09a0d751335ff
0
JODA: 80.8935 s
joda-benchmark
=== Results ===
= JQ =
Overall: 
= JODA =
Overall: 80.8935
Query Time: 13.6699
7.142076754
0.86656512
0.858770259
0.287807036
0.907895603
1.435419508
0.913661588
0.591787905
0.404562908
0.261323256
= Mongo =
Overall: 

Query Time: 
= PostgreSQL =
Overall: 
=== AGG Results ===
= JQ =

= JODA =
13346336
5073309
2265611
2254327
1687016
5073309
10691615
5073309
3832897
1691338
1223973
= Mongo =

= PostgreSQL =

