=== Found JODA query file, executing JODA queries ===
= File:'Twitter.json' =
0.12.4: Pulling from nicotin/joda
Digest: sha256:b253680f2c5ee1118e2c282e0c4ebff5cb6e87643fb98abcf1e686caaa35152a
Status: Image is up to date for nicotin/joda:0.12.4
efa4f0ca04f871a28591796898ce0bf7889e50134f1e407476f6e1ce39361ba7
0
JODA: 71.1443 s
joda-benchmark
=== Results ===
= JQ =
Overall: 
= JODA =
Overall: 71.1443
Query Time: 13.0226
5.595816415
2.564291445
1.001630788
0.912201918
0.630522781
0.339344236
0.71674256
0.445412673
0.45968606
0.356992712
= Mongo =
Overall: 

Query Time: 
= PostgreSQL =
Overall: 
=== AGG Results ===
= JQ =

= JODA =
13346336
6917927
5073309
3791783
3209055
5073309
1035563
3588661
746491
2857670
772865
= Mongo =

= PostgreSQL =

