=== Found JODA query file, executing JODA queries ===
= File:'Twitter.json' =
0.12.4: Pulling from nicotin/joda
Digest: sha256:b253680f2c5ee1118e2c282e0c4ebff5cb6e87643fb98abcf1e686caaa35152a
Status: Image is up to date for nicotin/joda:0.12.4
75d87b71e3196207e255c9d790335ad8031589e1273c8b34cab5ca84298d602b
0
JODA: 78.2967 s
joda-benchmark
=== Results ===
= JQ =
Overall: 
= JODA =
Overall: 78.2967
Query Time: 13.2523
6.364116776
2.41896789
1.096726178
0.536639735
0.31412484
0.575705995
0.369381068
0.526162698
0.491249068
0.559195658
= Mongo =
Overall: 

Query Time: 
= PostgreSQL =
Overall: 
=== AGG Results ===
= JQ =

= JODA =
13346336
5073309
10691613
5407737
2798316
1493155
2436531
1434132
1971812
1261343
2339892
= Mongo =

= PostgreSQL =

