=== Found JODA query file, executing JODA queries ===
= File:'Twitter.json' =
0.12.4: Pulling from nicotin/joda
Digest: sha256:b253680f2c5ee1118e2c282e0c4ebff5cb6e87643fb98abcf1e686caaa35152a
Status: Image is up to date for nicotin/joda:0.12.4
59e42a50ca3b62a51dd3ae2dc5a27f40cdadb68609618bb6684a722f28be5fe7
0
JODA: 74.1244 s
joda-benchmark
=== Results ===
= JQ =
Overall: 
= JODA =
Overall: 74.1244
Query Time: 11.6901
6.722668803
1.62807811
0.846434233
0.700273153
0.473561347
0.524018309
0.294241705
0.20230258
0.201919622
0.096649681
= Mongo =
Overall: 

Query Time: 
= PostgreSQL =
Overall: 
=== AGG Results ===
= JQ =

= JODA =
13346336
5073309
8889789
5073309
3058878
2005464
831697
1530481
1167303
419227
201260
= Mongo =

= PostgreSQL =

