=== Found JODA query file, executing JODA queries ===
= File:'Twitter.json' =
0.12.4: Pulling from nicotin/joda
Digest: sha256:b253680f2c5ee1118e2c282e0c4ebff5cb6e87643fb98abcf1e686caaa35152a
Status: Image is up to date for nicotin/joda:0.12.4
d61a0c491e1b097aed7725ef30ade6b630831233e01d4a66ab1a16e5d48fd8b1
0
JODA: 90.1123 s
joda-benchmark
=== Results ===
= JQ =
Overall: 
= JODA =
Overall: 90.1123
Query Time: 15.6706
7.256824299
1.969787196
0.84605463
0.633901714
0.598475466
0.36646342
0.191428969
1.59421724
1.049047217
1.164362728
= Mongo =
Overall: 

Query Time: 
= PostgreSQL =
Overall: 
=== AGG Results ===
= JQ =

= JODA =
13346336
5073309
2689798
2812643
3436096
3150924
1435230
1033622
10691615
5073309
5407738
= Mongo =

= PostgreSQL =

