=== Found JODA query file, executing JODA queries ===
= File:'NoBench.json' =
0.12.3: Pulling from nicotin/joda
Digest: sha256:6c0c6b4a19967ae02ef348535acdb3eb8496453a8b868763c34370e10be0192f
Status: Image is up to date for nicotin/joda:0.12.3
da61ef8a9a2b5445fc8d8af801963d6a3ef0c2d96aa23b2a5d3818e4b7018dfa
0
JODA: 5.64195 s
joda-benchmark
=== Found MongoDB query file, executing MongoDB queries ===
= File:'NoBench.json' =
5.0.3-focal: Pulling from library/mongo
Digest: sha256:f7c401402aa3e689fc42c7109247ab2d5a3e3b4b8a3ace4c2bf7a5fc74ca4917
Status: Image is up to date for mongo:5.0.3-focal
a3860414b9368d1265b0cb2ef8059340ee46cc1e1297f72d2cfb02fc93870fc6
2021-11-08T13:18:46.016+0000	connected to: mongodb://localhost/
2021-11-08T13:18:49.018+0000	[........................] benchmark.NoBench	15.7MB/574MB (2.7%)
2021-11-08T13:18:52.023+0000	[#.......................] benchmark.NoBench	29.1MB/574MB (5.1%)
2021-11-08T13:18:55.026+0000	[#.......................] benchmark.NoBench	42.9MB/574MB (7.5%)
2021-11-08T13:18:58.020+0000	[##......................] benchmark.NoBench	55.6MB/574MB (9.7%)
2021-11-08T13:19:01.017+0000	[##......................] benchmark.NoBench	68.4MB/574MB (11.9%)
2021-11-08T13:19:04.018+0000	[###.....................] benchmark.NoBench	82.2MB/574MB (14.3%)
2021-11-08T13:19:07.017+0000	[####....................] benchmark.NoBench	96.0MB/574MB (16.7%)
2021-11-08T13:19:10.019+0000	[####....................] benchmark.NoBench	109MB/574MB (19.1%)
2021-11-08T13:19:13.017+0000	[#####...................] benchmark.NoBench	123MB/574MB (21.5%)
2021-11-08T13:19:16.017+0000	[#####...................] benchmark.NoBench	138MB/574MB (24.0%)
2021-11-08T13:19:19.017+0000	[######..................] benchmark.NoBench	152MB/574MB (26.5%)
2021-11-08T13:19:22.017+0000	[######..................] benchmark.NoBench	166MB/574MB (29.0%)
2021-11-08T13:19:25.017+0000	[#######.................] benchmark.NoBench	180MB/574MB (31.5%)
2021-11-08T13:19:28.017+0000	[########................] benchmark.NoBench	194MB/574MB (33.9%)
2021-11-08T13:19:31.016+0000	[########................] benchmark.NoBench	208MB/574MB (36.3%)
2021-11-08T13:19:34.017+0000	[#########...............] benchmark.NoBench	223MB/574MB (38.9%)
2021-11-08T13:19:37.017+0000	[#########...............] benchmark.NoBench	237MB/574MB (41.3%)
2021-11-08T13:19:40.017+0000	[##########..............] benchmark.NoBench	251MB/574MB (43.8%)
2021-11-08T13:19:43.017+0000	[###########.............] benchmark.NoBench	265MB/574MB (46.2%)
2021-11-08T13:19:46.016+0000	[###########.............] benchmark.NoBench	280MB/574MB (48.9%)
2021-11-08T13:19:49.017+0000	[############............] benchmark.NoBench	298MB/574MB (52.0%)
2021-11-08T13:19:52.017+0000	[#############...........] benchmark.NoBench	312MB/574MB (54.4%)
2021-11-08T13:19:55.017+0000	[#############...........] benchmark.NoBench	326MB/574MB (56.8%)
2021-11-08T13:19:58.017+0000	[##############..........] benchmark.NoBench	342MB/574MB (59.6%)
2021-11-08T13:20:01.017+0000	[##############..........] benchmark.NoBench	355MB/574MB (62.0%)
2021-11-08T13:20:04.023+0000	[###############.........] benchmark.NoBench	369MB/574MB (64.3%)
2021-11-08T13:20:07.018+0000	[################........] benchmark.NoBench	383MB/574MB (66.7%)
2021-11-08T13:20:10.019+0000	[################........] benchmark.NoBench	397MB/574MB (69.2%)
2021-11-08T13:20:13.017+0000	[#################.......] benchmark.NoBench	411MB/574MB (71.6%)
2021-11-08T13:20:16.016+0000	[#################.......] benchmark.NoBench	425MB/574MB (74.1%)
2021-11-08T13:20:19.017+0000	[##################......] benchmark.NoBench	439MB/574MB (76.6%)
2021-11-08T13:20:22.019+0000	[##################......] benchmark.NoBench	453MB/574MB (79.0%)
2021-11-08T13:20:25.017+0000	[###################.....] benchmark.NoBench	468MB/574MB (81.5%)
2021-11-08T13:20:28.017+0000	[####################....] benchmark.NoBench	482MB/574MB (83.9%)
2021-11-08T13:20:31.017+0000	[####################....] benchmark.NoBench	496MB/574MB (86.5%)
2021-11-08T13:20:34.017+0000	[#####################...] benchmark.NoBench	510MB/574MB (89.0%)
2021-11-08T13:20:37.016+0000	[#####################...] benchmark.NoBench	525MB/574MB (91.5%)
2021-11-08T13:20:40.017+0000	[######################..] benchmark.NoBench	539MB/574MB (94.0%)
2021-11-08T13:20:43.017+0000	[#######################.] benchmark.NoBench	553MB/574MB (96.4%)
2021-11-08T13:20:46.017+0000	[#######################.] benchmark.NoBench	569MB/574MB (99.1%)
2021-11-08T13:20:47.047+0000	[########################] benchmark.NoBench	574MB/574MB (100.0%)
2021-11-08T13:20:47.047+0000	1000000 document(s) imported successfully. 0 document(s) failed to import.
mongo-benchmark
MongoDB: 164.825 s
mongo-benchmark
=== Found Postgres query file, executing Postgres queries ===
= File:'NoBench.json' =
13.4-alpine: Pulling from library/postgres
Digest: sha256:c170270dc9ba94f491375e366fa2cf46d0bc0027e4a69d70e6e9d1454ba748dc
Status: Image is up to date for postgres:13.4-alpine
1c80e77d4628e5c6160ecd9bad67ab9adffc8554cd115e1419c428a16d9f0b7a
3
PSQL: 39.5512 s
psql-benchmark
=== Results ===
= JQ =
Overall: 
= JODA =
Overall: 5.64195
Query Time: 2.53526
0.219827653
0.162794052
0.279681701
0.20175296
0.281147076
0.171027006
0.295908159
0.299176675
0.295508294
0.328433734
= Mongo =
Overall: 164.825
2.454
4.618
5.204
4.054
5.086
2.992
5.289
5.12
4.081
3.032
Query Time: 41.93
= PostgreSQL =
Overall: 39.5512
=== AGG Results ===
= JQ =

= JODA =
1000000
346717
745481
739140
383933
155590
22994
49322
11758
4034
111
= Mongo =
346717
745481
739140
383933
155590
22994
49322
11758
4034
111
= PostgreSQL =
 346717
 745481
 739140
 383933
 155590
 22994
 49322
 11758
  4034
   111
