=== Found JODA query file, executing JODA queries ===
= File:'Twitter.json' =
0.12.4: Pulling from nicotin/joda
Digest: sha256:b253680f2c5ee1118e2c282e0c4ebff5cb6e87643fb98abcf1e686caaa35152a
Status: Image is up to date for nicotin/joda:0.12.4
0d6e71ceb2c33d8212933574a5764f7e8188d5e83c3b174ec6fe8c8c9e4a3204
0
JODA: 70.3981 s
joda-benchmark
=== Results ===
= JQ =
Overall: 
= JODA =
Overall: 70.3981
Query Time: 10.5548
6.437423592
0.825422907
0.615958667
0.871444198
0.797423236
0.214126239
0.172236998
0.252116738
0.257329541
0.111349256
= Mongo =
Overall: 

Query Time: 
= PostgreSQL =
Overall: 
=== AGG Results ===
= JQ =

= JODA =
13346336
5073309
2385566
2122823
5073309
5073309
474957
314692
1691338
518681
314692
= Mongo =

= PostgreSQL =

