=== Found JODA query file, executing JODA queries ===
= File:'Twitter.json' =
0.12.4: Pulling from nicotin/joda
Digest: sha256:b253680f2c5ee1118e2c282e0c4ebff5cb6e87643fb98abcf1e686caaa35152a
Status: Image is up to date for nicotin/joda:0.12.4
304bf84dfda351136acd5ea4baacb60d872759fd6ca1d98adedcb4b641ec825c
0
JODA: 99.943 s
joda-benchmark
=== Results ===
= JQ =
Overall: 
= JODA =
Overall: 99.943
Query Time: 25.5619
9.727729314
3.806939592
2.709299028
1.876031606
1.40046691
1.242550858
1.557173826
1.689987582
0.715165873
0.836518423
= Mongo =
Overall: 

Query Time: 
= PostgreSQL =
Overall: 
=== AGG Results ===
= JQ =

= JODA =
13346336
4717199
5073309
10691615
5073309
10691615
10636903
5407738
7194729
1919626
5073309
= Mongo =

= PostgreSQL =

