=== Found JODA query file, executing JODA queries ===
= File:'Twitter.json' =
0.12.4: Pulling from nicotin/joda
Digest: sha256:b253680f2c5ee1118e2c282e0c4ebff5cb6e87643fb98abcf1e686caaa35152a
Status: Image is up to date for nicotin/joda:0.12.4
e97309470b956ed15cd39513bb0cd1c2e1820dc7018faba51ce1874cc2dcdc8b
0
JODA: 82.504 s
joda-benchmark
=== Results ===
= JQ =
Overall: 
= JODA =
Overall: 82.504
Query Time: 14.4979
6.821866378
1.026850222
1.215757886
1.330379185
1.154775328
1.02173034
0.5297388709999999
0.449018137
0.535766569
0.411972765
= Mongo =
Overall: 

Query Time: 
= PostgreSQL =
Overall: 
=== AGG Results ===
= JQ =

= JODA =
13346336
5073309
2265611
4134462
5407738
10691615
5073309
1931621
1986295
2299725
2538560
= Mongo =

= PostgreSQL =

