=== Found JODA query file, executing JODA queries ===
= File:'Twitter.json' =
0.12.4: Pulling from nicotin/joda
Digest: sha256:b253680f2c5ee1118e2c282e0c4ebff5cb6e87643fb98abcf1e686caaa35152a
Status: Image is up to date for nicotin/joda:0.12.4
b9d028e180d7ee03338e2e37cdf9f848a45fb138b2aab833dc96f9910c1e198c
0
JODA: 91.545 s
joda-benchmark
=== Results ===
= JQ =
Overall: 
= JODA =
Overall: 91.545
Query Time: 18.9516
7.437100607
2.212446606
2.026283248
1.251334795
0.515805923
2.18698453
0.991320358
0.901281971
0.763262189
0.665746194
= Mongo =
Overall: 

Query Time: 
= PostgreSQL =
Overall: 
=== AGG Results ===
= JQ =

= JODA =
13346336
10691615
10691615
5407738
5073309
1691338
5073309
3258971
3512695
5073309
2299725
= Mongo =

= PostgreSQL =

