=== Found JODA query file, executing JODA queries ===
= File:'Twitter.json' =
0.12.4: Pulling from nicotin/joda
Digest: sha256:b253680f2c5ee1118e2c282e0c4ebff5cb6e87643fb98abcf1e686caaa35152a
Status: Image is up to date for nicotin/joda:0.12.4
9410273e7d75eb203c97926c2b982e8c1f6fe7adcdbcb33f418dc91796cf1b58
0
JODA: 74.8869 s
joda-benchmark
=== Results ===
= JQ =
Overall: 
= JODA =
Overall: 74.8869
Query Time: 13.2776
5.393758483
1.45892789
1.007450255
0.224152391
1.381672715
1.419911588
0.659525476
0.514723424
0.72249827
0.494965962
= Mongo =
Overall: 

Query Time: 
= PostgreSQL =
Overall: 
=== AGG Results ===
= JQ =

= JODA =
13346336
5073309
2391308
1071600
346595
6645825
5073309
3150924
2749205
3306520
3077595
= Mongo =

= PostgreSQL =

