=== Found JODA query file, executing JODA queries ===
= File:'Twitter.json' =
0.12.4: Pulling from nicotin/joda
Digest: sha256:b253680f2c5ee1118e2c282e0c4ebff5cb6e87643fb98abcf1e686caaa35152a
Status: Image is up to date for nicotin/joda:0.12.4
643ccd857f378e9f7a98591974613b0bc6389aa9b1a9793472184b702a04e704
0
JODA: 101.294 s
joda-benchmark
=== Results ===
= JQ =
Overall: 
= JODA =
Overall: 101.294
Query Time: 21.584
3.580384916
7.005944078
2.812131968
1.067813785
1.473590238
1.948813465
1.142313853
0.551522899
1.071179527
0.930306944
= Mongo =
Overall: 

Query Time: 
= PostgreSQL =
Overall: 
=== AGG Results ===
= JQ =

= JODA =
13346336
10691615
10691615
3486164
4458551
10691615
10691615
3832897
3307636
10691615
5073392
= Mongo =

= PostgreSQL =

