=== Found JODA query file, executing JODA queries ===
= File:'Twitter.json' =
0.12.4: Pulling from nicotin/joda
Digest: sha256:b253680f2c5ee1118e2c282e0c4ebff5cb6e87643fb98abcf1e686caaa35152a
Status: Image is up to date for nicotin/joda:0.12.4
6eff68f06c2837e04a728bf1b7de22761b9b4f27127b4108d7a43853634c4638
0
JODA: 76.2515 s
joda-benchmark
=== Results ===
= JQ =
Overall: 
= JODA =
Overall: 76.2515
Query Time: 11.9413
6.247994064
1.450143513
0.642298918
0.785473458
0.614520291
0.308756915
0.707558692
0.392355279
0.445149577
0.34702236
= Mongo =
Overall: 

Query Time: 
= PostgreSQL =
Overall: 
=== AGG Results ===
= JQ =

= JODA =
13346336
6917927
5073309
3791783
3209055
5073309
1035563
3588661
746491
2857670
772865
= Mongo =

= PostgreSQL =

