=== Found JODA query file, executing JODA queries ===
= File:'Twitter.json' =
0.12.4: Pulling from nicotin/joda
Digest: sha256:b253680f2c5ee1118e2c282e0c4ebff5cb6e87643fb98abcf1e686caaa35152a
Status: Image is up to date for nicotin/joda:0.12.4
a0c1d50e667d62a4d44c3257733df00301d030e33720ceb33f9cf6dec8efa06d
0
JODA: 102.112 s
joda-benchmark
=== Results ===
= JQ =
Overall: 
= JODA =
Overall: 102.112
Query Time: 19.9378
5.227944904
4.980169305
1.459743081
3.064917127
2.060927449
1.244814461
0.592025822
0.506316819
0.295004418
0.505913287
= Mongo =
Overall: 

Query Time: 
= PostgreSQL =
Overall: 
=== AGG Results ===
= JQ =

= JODA =
13346336
10691615
9502932
7738279
2104226
5073309
5073309
3194207
1925814
1897534
1030336
= Mongo =

= PostgreSQL =

