=== Found JODA query file, executing JODA queries ===
= File:'Twitter.json' =
0.12.4: Pulling from nicotin/joda
Digest: sha256:b253680f2c5ee1118e2c282e0c4ebff5cb6e87643fb98abcf1e686caaa35152a
Status: Image is up to date for nicotin/joda:0.12.4
7901be378aee6df9f75e6da7f2203fc3a597825efbd304666fc1b751d5298dcb
0
JODA: 78.2894 s
joda-benchmark
=== Results ===
= JQ =
Overall: 
= JODA =
Overall: 78.2894
Query Time: 15.1417
5.800138171
2.922843883
2.244850581
1.347426462
0.455860579
0.635864525
0.608559157
0.584275469
0.273740343
0.268189837
= Mongo =
Overall: 

Query Time: 
= PostgreSQL =
Overall: 
=== AGG Results ===
= JQ =

= JODA =
13346336
5073309
10691613
5407737
2798316
1493155
2436531
2032274
2032274
1857584
1227291
= Mongo =

= PostgreSQL =

