=== Found JODA query file, executing JODA queries ===
= File:'Twitter.json' =
0.12.4: Pulling from nicotin/joda
Digest: sha256:b253680f2c5ee1118e2c282e0c4ebff5cb6e87643fb98abcf1e686caaa35152a
Status: Image is up to date for nicotin/joda:0.12.4
61d4a5f28fe62ae136aa466295a9904e5170457caf67a483ad0e738bb246de76
0
JODA: 84.6846 s
joda-benchmark
=== Results ===
= JQ =
Overall: 
= JODA =
Overall: 84.6846
Query Time: 16.2287
7.786618536
0.821417645
1.33986596
1.083375456
1.197556801
0.698489334
0.916943643
0.73836982
0.583100074
1.062979208
= Mongo =
Overall: 

Query Time: 
= PostgreSQL =
Overall: 
=== AGG Results ===
= JQ =

= JODA =
13346336
5073309
2355475
10688312
10691615
5267704
3754462
3560750
5071276
2383505
5073309
= Mongo =

= PostgreSQL =

