=== Found JODA query file, executing JODA queries ===
= File:'Twitter.json' =
0.12.4: Pulling from nicotin/joda
Digest: sha256:b253680f2c5ee1118e2c282e0c4ebff5cb6e87643fb98abcf1e686caaa35152a
Status: Image is up to date for nicotin/joda:0.12.4
d16264028bbfde657041f634145e1eb83026fcf937fb4f6ce2858b9bf70acb0b
0
JODA: 98.7588 s
joda-benchmark
=== Results ===
= JQ =
Overall: 
= JODA =
Overall: 98.7588
Query Time: 14.3414
2.948150694
3.29515372
1.350077678
1.143603383
1.573660327
1.039705443
0.772907908
0.384385972
0.916272595
0.917472674
= Mongo =
Overall: 

Query Time: 
= PostgreSQL =
Overall: 
=== AGG Results ===
= JQ =

= JODA =
13346336
10691615
7326241
5073309
10691615
5137992
5073309
2050326
1777978
10691615
4081889
= Mongo =

= PostgreSQL =

