=== Found JODA query file, executing JODA queries ===
= File:'Twitter.json' =
0.12.4: Pulling from nicotin/joda
Digest: sha256:b253680f2c5ee1118e2c282e0c4ebff5cb6e87643fb98abcf1e686caaa35152a
Status: Image is up to date for nicotin/joda:0.12.4
5df4c1bba877231b69f220d6525788b6db65c59545a1616c7bbeff105765899d
0
JODA: 74.9911 s
joda-benchmark
=== Results ===
= JQ =
Overall: 
= JODA =
Overall: 74.9911
Query Time: 12.6785
5.716202831
2.402082844
1.62084564
0.563442711
0.301204491
0.424732128
1.048654225
0.322357815
0.176999016
0.10197343
= Mongo =
Overall: 

Query Time: 
= PostgreSQL =
Overall: 
=== AGG Results ===
= JQ =

= JODA =
13346336
5073309
5009107
5073309
2371491
1434895
2370173
1651944
1090906
859472
246720
= Mongo =

= PostgreSQL =

