=== Found JODA query file, executing JODA queries ===
= File:'Twitter.json' =
0.12.4: Pulling from nicotin/joda
Digest: sha256:b253680f2c5ee1118e2c282e0c4ebff5cb6e87643fb98abcf1e686caaa35152a
Status: Image is up to date for nicotin/joda:0.12.4
5b629d574f050669de8f0945022ba3a298cd9379d921e46d9a149743651b7860
0
JODA: 83.8711 s
joda-benchmark
=== Results ===
= JQ =
Overall: 
= JODA =
Overall: 83.8711
Query Time: 13.8069
6.047637668
2.681092474
1.017075008
0.54386121
0.399496026
0.839862322
0.724605864
0.782317342
0.490464876
0.280486489
= Mongo =
Overall: 

Query Time: 
= PostgreSQL =
Overall: 
=== AGG Results ===
= JQ =

= JODA =
13346336
10691615
11361303
8706582
3088276
775480
3103177
3119489
3103177
3088276
1885429
= Mongo =

= PostgreSQL =

