=== Found JODA query file, executing JODA queries ===
= File:'Twitter.json' =
0.12.4: Pulling from nicotin/joda
Digest: sha256:b253680f2c5ee1118e2c282e0c4ebff5cb6e87643fb98abcf1e686caaa35152a
Status: Image is up to date for nicotin/joda:0.12.4
68f73e597d2f5cfa4f237e86b0cc16eb49053953381c2f117336069134f31166
0
JODA: 91.7374 s
joda-benchmark
=== Results ===
= JQ =
Overall: 
= JODA =
Overall: 91.7374
Query Time: 19.8169
6.22213747
1.598549358
10.0250062
0.875068778
1.096093469
= Mongo =
Overall: 

Query Time: 
= PostgreSQL =
Overall: 
=== AGG Results ===
= JQ =

= JODA =
13346336
5073309
10691615
5407738
1261344
649121
= Mongo =

= PostgreSQL =

