=== Found JODA query file, executing JODA queries ===
= File:'NoBench.json' =
0.12.3: Pulling from nicotin/joda
Digest: sha256:6c0c6b4a19967ae02ef348535acdb3eb8496453a8b868763c34370e10be0192f
Status: Image is up to date for nicotin/joda:0.12.3
e053018eb26b3da9d11b72b9b4350d556a95474792965238b9b5a59b8dc89d18
0
JODA: 0.944232 s
joda-benchmark
=== Found MongoDB query file, executing MongoDB queries ===
= File:'NoBench.json' =
5.0.3-focal: Pulling from library/mongo
Digest: sha256:f7c401402aa3e689fc42c7109247ab2d5a3e3b4b8a3ace4c2bf7a5fc74ca4917
Status: Image is up to date for mongo:5.0.3-focal
fcb921a5abf0db641b536ab02febc03dd3781b72d6b934568d03f315020b8e61
2021-11-08T23:01:35.165+0000	connected to: mongodb://localhost/
2021-11-08T23:01:35.931+0000	10000 document(s) imported successfully. 0 document(s) failed to import.
mongo-benchmark
MongoDB: 3.086 s
mongo-benchmark
=== Found Postgres query file, executing Postgres queries ===
= File:'NoBench.json' =
13.4-alpine: Pulling from library/postgres
Digest: sha256:c170270dc9ba94f491375e366fa2cf46d0bc0027e4a69d70e6e9d1454ba748dc
Status: Image is up to date for postgres:13.4-alpine
0cb71d4ab828f561e3f288887028cc1ac81c531ed895caf95729fff2626ba861
3
PSQL: 2.24826 s
psql-benchmark
=== Results ===
= JQ =
Overall: 
= JODA =
Overall: 0.944232
Query Time: 0.215047
0.024861436
0.025729017
0.025159887
0.023722
0.023176902
0.019769151
0.020587146
0.018772734
0.016622083
0.016647138
= Mongo =
Overall: 3.086
0.041
0.057
0.048
0.048
0.063
0.022
0.064
0.064
0.049
0.042
Query Time: 0.498
= PostgreSQL =
Overall: 2.24826
=== AGG Results ===
= JQ =

= JODA =
10000
2917
8011
2893
4117
1283
4994
627
142
49
23
= Mongo =
2917
8011
2893
4117
1283
4994
627
142
49
23
= PostgreSQL =
  2917
  8011
  2893
  4117
  1283
  4994
   627
   142
    49
    23
