=== Found JODA query file, executing JODA queries ===
= File:'Twitter.json' =
0.12.4: Pulling from nicotin/joda
Digest: sha256:b253680f2c5ee1118e2c282e0c4ebff5cb6e87643fb98abcf1e686caaa35152a
Status: Image is up to date for nicotin/joda:0.12.4
e2205ef38fd488581abcdaed3a1c0f529cfc8bfb17ae16cdb9ae1a0fafdf6ea1
0
JODA: 74.5522 s
joda-benchmark
=== Results ===
= JQ =
Overall: 
= JODA =
Overall: 74.5522
Query Time: 12.511
5.858666416
2.409693068
1.399489571
1.096050586
0.388131323
0.462969979
0.462201784
0.205946276
0.123091656
0.104763438
= Mongo =
Overall: 

Query Time: 
= PostgreSQL =
Overall: 
=== AGG Results ===
= JQ =

= JODA =
13346336
5073309
3512695
10691615
898050
1985718
3178266
2725419
629872
323125
120903
= Mongo =

= PostgreSQL =

