=== Found JODA query file, executing JODA queries ===
= File:'Twitter.json' =
0.12.4: Pulling from nicotin/joda
Digest: sha256:b253680f2c5ee1118e2c282e0c4ebff5cb6e87643fb98abcf1e686caaa35152a
Status: Image is up to date for nicotin/joda:0.12.4
9cf4a58e3bff66177c049af28a59788d9b550990121dce9cac13f545b8708ca0
0
JODA: 69.4044 s
joda-benchmark
=== Results ===
= JQ =
Overall: 
= JODA =
Overall: 69.4044
Query Time: 10.9844
5.815948156
3.104814816
0.789032053
0.372938412
0.13493824
0.124183873
0.100383595
0.206962287
0.162294756
0.172947646
= Mongo =
Overall: 

Query Time: 
= PostgreSQL =
Overall: 
=== AGG Results ===
= JQ =

= JODA =
13346336
5073309
5096265
1310493
688110
522744
460542
347817
1103147
208239
636331
= Mongo =

= PostgreSQL =

