=== Found JODA query file, executing JODA queries ===
= File:'Twitter.json' =
0.12.4: Pulling from nicotin/joda
Digest: sha256:b253680f2c5ee1118e2c282e0c4ebff5cb6e87643fb98abcf1e686caaa35152a
Status: Image is up to date for nicotin/joda:0.12.4
8f66d0679246f814d512e7cc0ff4e588505aaef04a9abf6be88d13ae581eafc5
0
JODA: 88.8551 s
joda-benchmark
=== Results ===
= JQ =
Overall: 
= JODA =
Overall: 88.8551
Query Time: 17.818
5.125253873
2.874893136
1.767385108
1.368201615
1.83159408
2.75871099
0.791444995
0.470766161
0.483498133
0.346256308
= Mongo =
Overall: 

Query Time: 
= PostgreSQL =
Overall: 
=== AGG Results ===
= JQ =

= JODA =
13346336
10691615
9205553
6390094
4648496
8918198
5073309
2999200
1431941
1985718
1617481
= Mongo =

= PostgreSQL =

