=== Found JODA query file, executing JODA queries ===
= File:'Twitter.json' =
0.12.4: Pulling from nicotin/joda
Digest: sha256:b253680f2c5ee1118e2c282e0c4ebff5cb6e87643fb98abcf1e686caaa35152a
Status: Image is up to date for nicotin/joda:0.12.4
22ff6a09b1dcb5d058d890127545d110d115954580771b94508f50bad0290385
0
JODA: 68.5419 s
joda-benchmark
=== Results ===
= JQ =
Overall: 
= JODA =
Overall: 68.5419
Query Time: 10.7294
8.349377062
2.019909801
0.225282219
0.018447321
0.018591398
0.020282018
0.019658726
0.02390939
0.017010818
0.016957287
= Mongo =
Overall: 

Query Time: 
= PostgreSQL =
Overall: 
=== AGG Results ===
= JQ =

= JODA =
13346336
5073309
2880550
0
0
0
0
0
0
0
0
= Mongo =

= PostgreSQL =

