=== Found JODA query file, executing JODA queries ===
= File:'Twitter.json' =
0.12.4: Pulling from nicotin/joda
Digest: sha256:b253680f2c5ee1118e2c282e0c4ebff5cb6e87643fb98abcf1e686caaa35152a
Status: Image is up to date for nicotin/joda:0.12.4
37b55e50109e571c114644278aa0af150863a8fd5b48764dcb1d4ddd32a40b1f
0
JODA: 69.5287 s
joda-benchmark
=== Results ===
= JQ =
Overall: 
= JODA =
Overall: 69.5287
Query Time: 9.28993
4.606405349
2.170473019
1.327499818
0.460910464
0.256931805
0.140208981
0.078769739
0.087234094
0.081813511
0.079682899
= Mongo =
Overall: 

Query Time: 
= PostgreSQL =
Overall: 
=== AGG Results ===
= JQ =

= JODA =
13346336
10691615
9502932
2576896
1378476
357630
182616
90887
117085
51787
26710
= Mongo =

= PostgreSQL =

