=== Found JODA query file, executing JODA queries ===
= File:'Twitter.json' =
0.12.4: Pulling from nicotin/joda
Digest: sha256:b253680f2c5ee1118e2c282e0c4ebff5cb6e87643fb98abcf1e686caaa35152a
Status: Image is up to date for nicotin/joda:0.12.4
d9e92c4428bfff1e97e3f2d6af169471f113be8bf8c263cefbfd4933daea8945
0
JODA: 95.1241 s
joda-benchmark
=== Results ===
= JQ =
Overall: 
= JODA =
Overall: 95.1241
Query Time: 16.3934
4.572881957
1.559042439
0.896281903
1.508460563
1.214105725
1.206507273
1.564138728
1.319771728
1.348386105
1.203850979
= Mongo =
Overall: 

Query Time: 
= PostgreSQL =
Overall: 
=== AGG Results ===
= JQ =

= JODA =
13346336
5073309
5073309
5072803
10691615
5407738
10691615
5815326
5073309
10691615
10691615
= Mongo =

= PostgreSQL =

