=== Found JODA query file, executing JODA queries ===
= File:'Twitter.json' =
0.12.4: Pulling from nicotin/joda
Digest: sha256:b253680f2c5ee1118e2c282e0c4ebff5cb6e87643fb98abcf1e686caaa35152a
Status: Image is up to date for nicotin/joda:0.12.4
eec055c3e61f2da358b26750380c6ceec8c03115a191f847ba64a3e2828d6ba3
0
JODA: 70.1085 s
joda-benchmark
=== Results ===
= JQ =
Overall: 
= JODA =
Overall: 70.1085
Query Time: 11.1892
6.17823292
4.500013397
0.256142049
0.147484939
0.107302817
= Mongo =
Overall: 

Query Time: 
= PostgreSQL =
Overall: 
=== AGG Results ===
= JQ =

= JODA =
13346336
5073309
1242885
314692
314692
314692
= Mongo =

= PostgreSQL =

