=== Found JODA query file, executing JODA queries ===
= File:'Twitter.json' =
0.12.4: Pulling from nicotin/joda
Digest: sha256:b253680f2c5ee1118e2c282e0c4ebff5cb6e87643fb98abcf1e686caaa35152a
Status: Image is up to date for nicotin/joda:0.12.4
34066a7b106d8ce71fc5f59b8f540c95651bee4fe84ec9e6c4ed6615a88e5ac1
0
JODA: 69.9463 s
joda-benchmark
=== Results ===
= JQ =
Overall: 
= JODA =
Overall: 69.9463
Query Time: 10.7058
6.975741346
1.563413385
0.902487532
0.360399062
0.08613913
0.441705395
0.132206408
0.071835666
0.085881267
0.086036796
= Mongo =
Overall: 

Query Time: 
= PostgreSQL =
Overall: 
=== AGG Results ===
= JQ =

= JODA =
13346336
5073309
3178266
1130991
314692
243333
643103
231618
66605
112759
47622
= Mongo =

= PostgreSQL =

