=== Found JODA query file, executing JODA queries ===
= File:'Twitter.json' =
0.12.4: Pulling from nicotin/joda
Digest: sha256:b253680f2c5ee1118e2c282e0c4ebff5cb6e87643fb98abcf1e686caaa35152a
Status: Image is up to date for nicotin/joda:0.12.4
958178ebf30080739c306d19f68c5658e21f6e8b8f961ed49f1e931a9774e789
0
JODA: 76.9242 s
joda-benchmark
=== Results ===
= JQ =
Overall: 
= JODA =
Overall: 76.9242
Query Time: 13.6306
8.425794872
2.400023189
0.641240987
0.227938385
0.149213593
0.071449706
0.151782624
0.225282178
0.119553061
1.218303353
= Mongo =
Overall: 

Query Time: 
= PostgreSQL =
Overall: 
=== AGG Results ===
= JQ =

= JODA =
13346336
10691615
5073309
1532985
915227
747814
3
364841
546115
483374
6430211
= Mongo =

= PostgreSQL =

