=== Found JODA query file, executing JODA queries ===
= File:'Twitter.json' =
0.12.4: Pulling from nicotin/joda
Digest: sha256:b253680f2c5ee1118e2c282e0c4ebff5cb6e87643fb98abcf1e686caaa35152a
Status: Image is up to date for nicotin/joda:0.12.4
61af1cdb15fe3e91d7b672cd672b5225400552def6ca9677e8cfed4cb355731d
0
JODA: 65.4602 s
joda-benchmark
=== Results ===
= JQ =
Overall: 
= JODA =
Overall: 65.4602
Query Time: 10.3896
6.437123738
1.650662227
0.46415925
0.777370045
0.475088761
0.10182394
0.156908556
0.077242543
0.096924389
0.152249507
= Mongo =
Overall: 

Query Time: 
= PostgreSQL =
Overall: 
=== AGG Results ===
= JQ =

= JODA =
13346336
5073309
1430881
2174996
3588565
991741
314692
133267
94784
163898
342390
= Mongo =

= PostgreSQL =

