=== Found JODA query file, executing JODA queries ===
=== Found MongoDB query file, executing MongoDB queries ===
=== Found Postgres query file, executing Postgres queries ===
=== Found JQ query file, executing JQ queries ===
Sending build context to Docker daemon  9.434MB
Step 1/2 : FROM alpine
 ---> 14119a10abf4
Step 2/2 : RUN apk add --no-cache --upgrade bash jq
 ---> Using cache
 ---> 91ec4132b45e
Successfully built 91ec4132b45e
Successfully tagged nicotin/jq:05-10-2021
status: timeout
JQ: 14400.3 s
705fab55595a4e2a361a0571acaed10d63f314384535e7dbd86180882e612dd2
=== Results ===
= JODA =
Overall: 
Query Time: 

= Mongo =
Overall: 
Query Time: 

= PostgreSQL =
Overall: 
Query Time: 

= JQ =
Overall: 14400.3
