=== Found JODA query file, executing JODA queries ===
= File:'Twitter.json' =
0.12.4: Pulling from nicotin/joda
Digest: sha256:b253680f2c5ee1118e2c282e0c4ebff5cb6e87643fb98abcf1e686caaa35152a
Status: Image is up to date for nicotin/joda:0.12.4
2db6477aebfc643f23997999e775d1f0ea988747c84427a91cd97805d847f67d
0
JODA: 78.5671 s
joda-benchmark
=== Results ===
= JQ =
Overall: 
= JODA =
Overall: 78.5671
Query Time: 15.1403
6.771416521
3.311548432
1.119529252
0.90160476
0.659772244
0.335793898
0.748817915
0.454401972
0.459175129
0.378226039
= Mongo =
Overall: 

Query Time: 
= PostgreSQL =
Overall: 
=== AGG Results ===
= JQ =

= JODA =
13346336
6917927
5073309
3791783
3209055
5073309
1035563
3588661
746491
2857670
772865
= Mongo =

= PostgreSQL =

