=== Found JODA query file, executing JODA queries ===
= File:'Twitter.json' =
0.12.4: Pulling from nicotin/joda
Digest: sha256:b253680f2c5ee1118e2c282e0c4ebff5cb6e87643fb98abcf1e686caaa35152a
Status: Image is up to date for nicotin/joda:0.12.4
c3e59f032eb6d269c2ef1c0d4c759702068e393d313db9bd13944b08e9da945b
0
JODA: 127.049 s
joda-benchmark
=== Results ===
= JQ =
Overall: 
= JODA =
Overall: 127.049
Query Time: 34.1748
6.799628358
2.403473496
1.65087816
9.526782931
13.794056386
= Mongo =
Overall: 

Query Time: 
= PostgreSQL =
Overall: 
=== AGG Results ===
= JQ =

= JODA =
13346336
10691615
5407738
10691615
5681768
5407738
= Mongo =

= PostgreSQL =

