=== Found JODA query file, executing JODA queries ===
= File:'Twitter.json' =
0.12.4: Pulling from nicotin/joda
Digest: sha256:b253680f2c5ee1118e2c282e0c4ebff5cb6e87643fb98abcf1e686caaa35152a
Status: Image is up to date for nicotin/joda:0.12.4
a36b9224d27bdb6019b85a4ba1b29b65d279b67440078b062843732a631b9165
0
JODA: 80.7514 s
joda-benchmark
=== Results ===
= JQ =
Overall: 
= JODA =
Overall: 80.7514
Query Time: 18.0406
5.332383753
2.797490486
2.436992964
2.6487318
1.669859679
0.744765316
1.053717873
0.473002875
0.439451964
0.444205355
= Mongo =
Overall: 

Query Time: 
= PostgreSQL =
Overall: 
=== AGG Results ===
= JQ =

= JODA =
13346336
5073309
5119867
5580667
10672110
5073309
2812643
4507265
1739521
2275368
1497675
= Mongo =

= PostgreSQL =

