=== Found JODA query file, executing JODA queries ===
= File:'Twitter.json' =
0.12.4: Pulling from nicotin/joda
Digest: sha256:b253680f2c5ee1118e2c282e0c4ebff5cb6e87643fb98abcf1e686caaa35152a
Status: Image is up to date for nicotin/joda:0.12.4
f47861d594c048e76e63b428d31c7c0d89ce22c67571cfc819a2ec970b795c90
0
JODA: 89.0282 s
joda-benchmark
=== Results ===
= JQ =
Overall: 
= JODA =
Overall: 89.0282
Query Time: 18.1576
6.480569132
2.192637259
0.722456902
0.709206405
1.529282872
1.302409109
1.926099837
1.583624772
1.046187011
0.665098713
= Mongo =
Overall: 

Query Time: 
= PostgreSQL =
Overall: 
=== AGG Results ===
= JQ =

= JODA =
13346336
5073309
5073309
5073309
5073309
5119867
10691615
5073309
10691615
5407738
5073309
= Mongo =

= PostgreSQL =

