2022-02-26 09:46:36.297 UTC [351] LOG:  statement: SELECT COUNT(*) FROM Reddit  WHERE jsonb_path_exists(doc,'$.author_flair_text.type() ? (@ == "string")') ;
2022-02-26 09:46:36.298 UTC [351] LOG:  duration: 1.897 ms
2022-02-26 09:46:36.299 UTC [351] LOG:  statement: SELECT COUNT(*) FROM Reddit  WHERE ( jsonb_path_exists(doc,'$.ups ? (@ == -168)') OR jsonb_path_exists(doc,'$.parent_id ? (@ starts with "t1")') ) ;
2022-02-26 09:46:36.299 UTC [351] LOG:  duration: 0.305 ms
2022-02-26 09:46:36.299 UTC [351] LOG:  statement: SELECT COUNT(doc #> '{score}') FROM Reddit  WHERE jsonb_path_exists(doc,'$.gilded ? (@ <= 3.939531)') ;
2022-02-26 09:46:36.300 UTC [351] LOG:  duration: 0.871 ms
2022-02-26 09:46:36.300 UTC [351] LOG:  statement: SELECT COUNT(*) FROM Reddit  WHERE ( jsonb_path_exists(doc,'$.retrieved_on ? (@ == 1426153442)') OR jsonb_path_exists(doc,'$.gilded ? (@ <= 4.314035)') ) ;
2022-02-26 09:46:36.300 UTC [351] LOG:  duration: 0.264 ms
2022-02-26 09:46:36.301 UTC [351] LOG:  statement: SELECT COUNT(*) FROM Reddit  WHERE ( ( ( jsonb_path_exists(doc,'$.edited ? (@ == 1420184732)') OR ( ( ( ( jsonb_path_exists(doc,'$.author ? (@ starts with "e")') OR jsonb_path_exists(doc,'$.author ? (@ starts with "c")') ) OR jsonb_path_exists(doc,'$.author ? (@ starts with "J")') ) OR jsonb_path_exists(doc,'$.author ? (@ starts with "2")') ) OR jsonb_path_exists(doc,'$.author ? (@ starts with "E")') ) ) OR jsonb_path_exists(doc,'$.score ? (@ == 3218)') ) OR jsonb_path_exists(doc,'$.author_flair_text.type() ? (@ == "string")') ) ;
2022-02-26 09:46:36.301 UTC [351] LOG:  duration: 0.441 ms
2022-02-26 09:46:36.301 UTC [351] LOG:  statement: SELECT COUNT(doc #> '{name}') FROM Reddit  WHERE ( ( ( ( ( ( ( jsonb_path_exists(doc,'$.author_flair_text ? (@ starts with "ค")') OR jsonb_path_exists(doc,'$.author_flair_text ? (@ starts with "⋙")') ) OR jsonb_path_exists(doc,'$.author_flair_text ? (@ starts with "♒")') ) OR jsonb_path_exists(doc,'$.author_flair_text ? (@ starts with "하")') ) OR jsonb_path_exists(doc,'$.author_flair_text ? (@ starts with "श")') ) OR ( ( jsonb_path_exists(doc,'$.distinguished ? (@ starts with "mo")') OR jsonb_path_exists(doc,'$.distinguished ? (@ starts with "sp")') ) AND jsonb_path_exists(doc,'$.distinguished ? (@ starts with "m")') ) ) OR ( ( ( ( jsonb_path_exists(doc,'$.author ? (@ starts with "I")') OR jsonb_path_exists(doc,'$.author ? (@ starts with "T")') ) OR jsonb_path_exists(doc,'$.author ? (@ starts with "J")') ) OR jsonb_path_exists(doc,'$.author ? (@ starts with "i")') ) OR jsonb_path_exists(doc,'$.author ? (@ starts with "2")') ) ) OR jsonb_path_exists(doc,'$.gilded ? (@ <= 4.929144)') ) ;
2022-02-26 09:46:36.302 UTC [351] LOG:  duration: 0.732 ms
2022-02-26 09:46:36.302 UTC [351] LOG:  statement: SELECT COUNT(*) FROM Reddit  WHERE jsonb_path_exists(doc,'$.author_flair_text.type() ? (@ == "string")') ;
2022-02-26 09:46:36.303 UTC [351] LOG:  duration: 0.216 ms
2022-02-26 09:46:36.303 UTC [351] LOG:  statement: SELECT COUNT(doc #> '{archived}') FROM Reddit  WHERE ( ( ( ( ( ( jsonb_path_exists(doc,'$.subreddit ? (@ starts with "A")') OR jsonb_path_exists(doc,'$.subreddit ? (@ starts with "E")') ) OR jsonb_path_exists(doc,'$.subreddit ? (@ starts with "S")') ) OR jsonb_path_exists(doc,'$.subreddit ? (@ starts with "P")') ) OR jsonb_path_exists(doc,'$.subreddit ? (@ starts with "C")') ) OR jsonb_path_exists(doc,'$.ups ? (@ <= 5735.534501)') ) AND jsonb_path_exists(doc,'$.author_flair_text.type() ? (@ == "string")') ) ;
2022-02-26 09:46:36.303 UTC [351] LOG:  duration: 0.427 ms
2022-02-26 09:46:36.303 UTC [351] LOG:  statement: SELECT COUNT(*) FROM Reddit  WHERE ( jsonb_path_exists(doc,'$.edited ? (@ == 1424055301)') OR jsonb_path_exists(doc,'$.parent_id ? (@ starts with "t")') ) ;
2022-02-26 09:46:36.304 UTC [351] LOG:  duration: 0.249 ms
2022-02-26 09:46:36.304 UTC [351] LOG:  statement: SELECT COUNT(*) FROM Reddit  WHERE ( ( jsonb_path_exists(doc,'$.edited ? (@ == 1424055301)') OR jsonb_path_exists(doc,'$.parent_id ? (@ starts with "t")') ) AND ( ( ( ( ( ( jsonb_path_exists(doc,'$.author_flair_css_class ? (@ starts with "T")') OR jsonb_path_exists(doc,'$.author_flair_css_class ? (@ starts with "M")') ) OR jsonb_path_exists(doc,'$.author_flair_css_class ? (@ starts with "E")') ) OR jsonb_path_exists(doc,'$.author_flair_css_class ? (@ starts with "m")') ) OR jsonb_path_exists(doc,'$.author_flair_css_class ? (@ starts with "H")') ) OR ( ( ( ( jsonb_path_exists(doc,'$.author ? (@ starts with "I")') OR jsonb_path_exists(doc,'$.author ? (@ starts with "C")') ) OR jsonb_path_exists(doc,'$.author ? (@ starts with "K")') ) OR jsonb_path_exists(doc,'$.author ? (@ starts with "P")') ) OR jsonb_path_exists(doc,'$.author ? (@ starts with "d")') ) ) OR jsonb_path_exists(doc,'$.edited ? (@ <= 1422820182.807527)') ) ) ;
2022-02-26 09:46:36.304 UTC [351] LOG:  duration: 0.608 ms
