=== Found JODA query file, executing JODA queries ===
= File:'Twitter.json' =
0.12.4: Pulling from nicotin/joda
Digest: sha256:b253680f2c5ee1118e2c282e0c4ebff5cb6e87643fb98abcf1e686caaa35152a
Status: Image is up to date for nicotin/joda:0.12.4
6bdce62b5ed27a9306fd9b1c4c3a9bc0fab7f115009efdf28a06b95a3cb3cdb5
0
JODA: 76.0803 s
joda-benchmark
=== Results ===
= JQ =
Overall: 
= JODA =
Overall: 76.0803
Query Time: 12.2382
4.146419705
3.20550993
0.670370908
0.617806573
0.282077235
0.266113619
0.233056548
1.17247012
0.647388489
0.996969455
= Mongo =
Overall: 

Query Time: 
= PostgreSQL =
Overall: 
=== AGG Results ===
= JQ =

= JODA =
13346336
10691615
5073309
4100646
2819463
1555935
382221
1361611
5407738
2869995
5073309
= Mongo =

= PostgreSQL =

