=== Found JODA query file, executing JODA queries ===
= File:'Twitter.json' =
0.12.4: Pulling from nicotin/joda
Digest: sha256:b253680f2c5ee1118e2c282e0c4ebff5cb6e87643fb98abcf1e686caaa35152a
Status: Image is up to date for nicotin/joda:0.12.4
b0a5448b810a5188ce871d29e4ded6c674771801d0a7d8998402dc1d505951e8
0
JODA: 76.4115 s
joda-benchmark
=== Results ===
= JQ =
Overall: 
= JODA =
Overall: 76.4115
Query Time: 14.038
5.230464354
1.627173617
0.284772524
1.437806797
0.875840371
0.485643009
0.348624564
1.204253252
0.678236203
1.865169941
= Mongo =
Overall: 

Query Time: 
= PostgreSQL =
Overall: 
=== AGG Results ===
= JQ =

= JODA =
13346336
5073309
1242885
314692
5073309
3584508
2603594
1951078
10691615
2689798
5753533
= Mongo =

= PostgreSQL =

