=== Found JODA query file, executing JODA queries ===
= File:'Twitter.json' =
0.12.4: Pulling from nicotin/joda
Digest: sha256:b253680f2c5ee1118e2c282e0c4ebff5cb6e87643fb98abcf1e686caaa35152a
Status: Image is up to date for nicotin/joda:0.12.4
3ecc15b10e7a22a22e61b2a5088ce9ad0a167f35b5c0b1f8534c42cd715ca3a7
0
JODA: 95.6525 s
joda-benchmark
=== Results ===
= JQ =
Overall: 
= JODA =
Overall: 95.6525
Query Time: 21.625
5.648483129
2.558189437
2.287817682
1.720118483
2.038749092
1.574256604
1.481447028
1.605921581
1.306095609
1.403934594
= Mongo =
Overall: 

Query Time: 
= PostgreSQL =
Overall: 
=== AGG Results ===
= JQ =

= JODA =
13346336
5073309
5073309
10691615
10691615
5073309
10691615
10691615
10691615
5073309
10691615
= Mongo =

= PostgreSQL =

