=== Found JODA query file, executing JODA queries ===
= File:'Twitter.json' =
0.12.4: Pulling from nicotin/joda
Digest: sha256:b253680f2c5ee1118e2c282e0c4ebff5cb6e87643fb98abcf1e686caaa35152a
Status: Image is up to date for nicotin/joda:0.12.4
a62a3e3fcc12e29a1480e3e3fdd5ea74868118e73a84f444efd644bb51c9335d
0
JODA: 86.7994 s
joda-benchmark
=== Results ===
= JQ =
Overall: 
= JODA =
Overall: 86.7994
Query Time: 19.3027
6.882759096
5.920107653
1.734250838
0.832297974
0.741354237
0.528755636
0.690649757
0.663962769
0.564562326
0.74403516
= Mongo =
Overall: 

Query Time: 
= PostgreSQL =
Overall: 
=== AGG Results ===
= JQ =

= JODA =
13346336
5073309
7655190
3612794
2466734
3612523
3612523
3612523
3612523
3612523
3612506
= Mongo =

= PostgreSQL =

