=== Found JODA query file, executing JODA queries ===
= File:'Twitter.json' =
0.12.4: Pulling from nicotin/joda
Digest: sha256:b253680f2c5ee1118e2c282e0c4ebff5cb6e87643fb98abcf1e686caaa35152a
Status: Image is up to date for nicotin/joda:0.12.4
fcb78b366e7ce3cedae8c6e111de586cc13d6536cc999896e03c7aaf763bc49c
0
JODA: 87.9367 s
joda-benchmark
=== Results ===
= JQ =
Overall: 
= JODA =
Overall: 87.9367
Query Time: 16.008
5.008423353
2.203800039
1.846272115
1.037496129
0.782241464
0.829695727
0.798838942
0.867651191
0.425314199
2.20831026
= Mongo =
Overall: 

Query Time: 
= PostgreSQL =
Overall: 
=== AGG Results ===
= JQ =

= JODA =
13346336
10691615
10691615
10691615
5407738
4410553
5073309
5073309
7174711
2634045
5878643
= Mongo =

= PostgreSQL =

