=== Found JODA query file, executing JODA queries ===
= File:'Twitter.json' =
0.12.4: Pulling from nicotin/joda
Digest: sha256:b253680f2c5ee1118e2c282e0c4ebff5cb6e87643fb98abcf1e686caaa35152a
Status: Image is up to date for nicotin/joda:0.12.4
22c9724e48b7ef4201c79a16b9c1ac90064c12925259898ca7504777f4d89938
0
JODA: 79.0775 s
joda-benchmark
=== Results ===
= JQ =
Overall: 
= JODA =
Overall: 79.0775
Query Time: 14.8615
5.930755046
2.528327327
1.330465897
1.011857249
0.341767623
0.713056926
0.612247002
1.416643072
0.711981119
0.264420058
= Mongo =
Overall: 

Query Time: 
= PostgreSQL =
Overall: 
=== AGG Results ===
= JQ =

= JODA =
13346336
5073309
5260263
3478918
2186234
2369330
3041680
4394254
10691615
2558474
486817
= Mongo =

= PostgreSQL =

