=== Found JODA query file, executing JODA queries ===
= File:'Twitter.json' =
0.12.4: Pulling from nicotin/joda
Digest: sha256:b253680f2c5ee1118e2c282e0c4ebff5cb6e87643fb98abcf1e686caaa35152a
Status: Image is up to date for nicotin/joda:0.12.4
821ad2b452a03f07f3ecba72021ab0d070970fffaba184db4d055882918df367
0
JODA: 90.6325 s
joda-benchmark
=== Results ===
= JQ =
Overall: 
= JODA =
Overall: 90.6325
Query Time: 16.2981
6.540253733
2.680065592
1.431393116
0.802834932
1.308016728
0.830875394
0.712409198
0.696992236
0.533839691
0.761389643
= Mongo =
Overall: 

Query Time: 
= PostgreSQL =
Overall: 
=== AGG Results ===
= JQ =

= JODA =
13346336
10691615
11361303
10691615
5073309
5407738
5072914
5073309
5073309
1152800
3568960
= Mongo =

= PostgreSQL =

