=== Found JODA query file, executing JODA queries ===
= File:'Twitter.json' =
0.12.4: Pulling from nicotin/joda
Digest: sha256:b253680f2c5ee1118e2c282e0c4ebff5cb6e87643fb98abcf1e686caaa35152a
Status: Image is up to date for nicotin/joda:0.12.4
3628955455fcdd041e5d7e7a3e2844f09eb061fad78019000fda4313801f95c5
0
JODA: 92.5801 s
joda-benchmark
=== Results ===
= JQ =
Overall: 
= JODA =
Overall: 92.5801
Query Time: 20.897
8.59841579
1.516293894
0.817307471
1.561623595
1.569896075
1.749556881
1.084371213
1.21537947
1.106056376
1.678105561
= Mongo =
Overall: 

Query Time: 
= PostgreSQL =
Overall: 
=== AGG Results ===
= JQ =

= JODA =
13346336
5073309
5073309
5072803
10691615
10691615
4705847
5401410
10691615
5073309
5380093
= Mongo =

= PostgreSQL =

