=== Found JODA query file, executing JODA queries ===
= File:'Twitter.json' =
0.12.2: Pulling from nicotin/joda
Digest: sha256:f5e9052c3cc1af5f34dcaa9442d46f2baf40a6a1b6fc3a0d59558d49b5ec8fcf
Status: Image is up to date for nicotin/joda:0.12.2
500f25211cab891de35a8651434c6d7d2bd996773f92fecc23c0f47b6ec48309
0
JODA: 141.289 s
joda-benchmark
=== Found MongoDB query file, executing MongoDB queries ===
= File:'Twitter.json' =
5.0.3-focal: Pulling from library/mongo
Digest: sha256:f7c401402aa3e689fc42c7109247ab2d5a3e3b4b8a3ace4c2bf7a5fc74ca4917
Status: Image is up to date for mongo:5.0.3-focal
281630cc3d32aa7e4f312fca3abcd15cea4f872cc8fcda1f54f6e2944be0ea68
2021-10-19T12:28:10.084+0000	connected to: mongodb://localhost/
2021-10-19T12:28:13.084+0000	[........................] benchmark.Twitter	66.0MB/49.1GB (0.1%)
2021-10-19T12:28:16.084+0000	[........................] benchmark.Twitter	138MB/49.1GB (0.3%)
2021-10-19T12:28:19.084+0000	[........................] benchmark.Twitter	212MB/49.1GB (0.4%)
2021-10-19T12:28:22.084+0000	[........................] benchmark.Twitter	291MB/49.1GB (0.6%)
2021-10-19T12:28:25.084+0000	[........................] benchmark.Twitter	366MB/49.1GB (0.7%)
2021-10-19T12:28:28.084+0000	[........................] benchmark.Twitter	440MB/49.1GB (0.9%)
2021-10-19T12:28:31.084+0000	[........................] benchmark.Twitter	514MB/49.1GB (1.0%)
2021-10-19T12:28:34.084+0000	[........................] benchmark.Twitter	590MB/49.1GB (1.2%)
2021-10-19T12:28:37.084+0000	[........................] benchmark.Twitter	666MB/49.1GB (1.3%)
2021-10-19T12:28:40.084+0000	[........................] benchmark.Twitter	740MB/49.1GB (1.5%)
2021-10-19T12:28:43.084+0000	[........................] benchmark.Twitter	815MB/49.1GB (1.6%)
2021-10-19T12:28:46.084+0000	[........................] benchmark.Twitter	889MB/49.1GB (1.8%)
2021-10-19T12:28:49.084+0000	[........................] benchmark.Twitter	966MB/49.1GB (1.9%)
2021-10-19T12:28:52.084+0000	[........................] benchmark.Twitter	1.02GB/49.1GB (2.1%)
2021-10-19T12:28:55.084+0000	[........................] benchmark.Twitter	1.09GB/49.1GB (2.2%)
2021-10-19T12:28:58.084+0000	[........................] benchmark.Twitter	1.16GB/49.1GB (2.4%)
2021-10-19T12:29:01.084+0000	[........................] benchmark.Twitter	1.24GB/49.1GB (2.5%)
2021-10-19T12:29:04.084+0000	[........................] benchmark.Twitter	1.31GB/49.1GB (2.7%)
2021-10-19T12:29:07.084+0000	[........................] benchmark.Twitter	1.38GB/49.1GB (2.8%)
2021-10-19T12:29:10.084+0000	[........................] benchmark.Twitter	1.46GB/49.1GB (3.0%)
2021-10-19T12:29:13.084+0000	[........................] benchmark.Twitter	1.53GB/49.1GB (3.1%)
2021-10-19T12:29:16.084+0000	[........................] benchmark.Twitter	1.60GB/49.1GB (3.3%)
2021-10-19T12:29:19.084+0000	[........................] benchmark.Twitter	1.67GB/49.1GB (3.4%)
2021-10-19T12:29:22.084+0000	[........................] benchmark.Twitter	1.75GB/49.1GB (3.6%)
2021-10-19T12:29:25.084+0000	[........................] benchmark.Twitter	1.82GB/49.1GB (3.7%)
2021-10-19T12:29:28.084+0000	[........................] benchmark.Twitter	1.89GB/49.1GB (3.9%)
2021-10-19T12:29:31.084+0000	[........................] benchmark.Twitter	1.97GB/49.1GB (4.0%)
2021-10-19T12:29:34.084+0000	[........................] benchmark.Twitter	2.04GB/49.1GB (4.1%)
2021-10-19T12:29:37.084+0000	[#.......................] benchmark.Twitter	2.10GB/49.1GB (4.3%)
2021-10-19T12:29:40.084+0000	[#.......................] benchmark.Twitter	2.16GB/49.1GB (4.4%)
2021-10-19T12:29:43.084+0000	[#.......................] benchmark.Twitter	2.22GB/49.1GB (4.5%)
2021-10-19T12:29:46.084+0000	[#.......................] benchmark.Twitter	2.29GB/49.1GB (4.7%)
2021-10-19T12:29:49.084+0000	[#.......................] benchmark.Twitter	2.36GB/49.1GB (4.8%)
2021-10-19T12:29:52.084+0000	[#.......................] benchmark.Twitter	2.43GB/49.1GB (4.9%)
2021-10-19T12:29:55.084+0000	[#.......................] benchmark.Twitter	2.50GB/49.1GB (5.1%)
2021-10-19T12:29:58.084+0000	[#.......................] benchmark.Twitter	2.58GB/49.1GB (5.2%)
2021-10-19T12:30:01.084+0000	[#.......................] benchmark.Twitter	2.65GB/49.1GB (5.4%)
2021-10-19T12:30:04.084+0000	[#.......................] benchmark.Twitter	2.72GB/49.1GB (5.5%)
2021-10-19T12:30:07.085+0000	[#.......................] benchmark.Twitter	2.80GB/49.1GB (5.7%)
2021-10-19T12:30:10.084+0000	[#.......................] benchmark.Twitter	2.87GB/49.1GB (5.8%)
2021-10-19T12:30:13.084+0000	[#.......................] benchmark.Twitter	2.95GB/49.1GB (6.0%)
2021-10-19T12:30:16.085+0000	[#.......................] benchmark.Twitter	3.02GB/49.1GB (6.1%)
2021-10-19T12:30:19.084+0000	[#.......................] benchmark.Twitter	3.09GB/49.1GB (6.3%)
2021-10-19T12:30:22.084+0000	[#.......................] benchmark.Twitter	3.17GB/49.1GB (6.4%)
2021-10-19T12:30:25.084+0000	[#.......................] benchmark.Twitter	3.24GB/49.1GB (6.6%)
2021-10-19T12:30:28.084+0000	[#.......................] benchmark.Twitter	3.32GB/49.1GB (6.8%)
2021-10-19T12:30:31.085+0000	[#.......................] benchmark.Twitter	3.39GB/49.1GB (6.9%)
2021-10-19T12:30:34.085+0000	[#.......................] benchmark.Twitter	3.47GB/49.1GB (7.1%)
2021-10-19T12:30:37.084+0000	[#.......................] benchmark.Twitter	3.54GB/49.1GB (7.2%)
2021-10-19T12:30:40.084+0000	[#.......................] benchmark.Twitter	3.62GB/49.1GB (7.4%)
2021-10-19T12:30:43.084+0000	[#.......................] benchmark.Twitter	3.69GB/49.1GB (7.5%)
2021-10-19T12:30:46.084+0000	[#.......................] benchmark.Twitter	3.76GB/49.1GB (7.7%)
2021-10-19T12:30:49.084+0000	[#.......................] benchmark.Twitter	3.84GB/49.1GB (7.8%)
2021-10-19T12:30:52.085+0000	[#.......................] benchmark.Twitter	3.91GB/49.1GB (8.0%)
2021-10-19T12:30:55.084+0000	[#.......................] benchmark.Twitter	3.99GB/49.1GB (8.1%)
2021-10-19T12:30:58.084+0000	[#.......................] benchmark.Twitter	4.07GB/49.1GB (8.3%)
2021-10-19T12:31:01.084+0000	[##......................] benchmark.Twitter	4.14GB/49.1GB (8.4%)
2021-10-19T12:31:04.084+0000	[##......................] benchmark.Twitter	4.22GB/49.1GB (8.6%)
2021-10-19T12:31:07.084+0000	[##......................] benchmark.Twitter	4.29GB/49.1GB (8.7%)
2021-10-19T12:31:10.084+0000	[##......................] benchmark.Twitter	4.36GB/49.1GB (8.9%)
2021-10-19T12:31:13.084+0000	[##......................] benchmark.Twitter	4.44GB/49.1GB (9.0%)
2021-10-19T12:31:16.084+0000	[##......................] benchmark.Twitter	4.51GB/49.1GB (9.2%)
2021-10-19T12:31:19.085+0000	[##......................] benchmark.Twitter	4.58GB/49.1GB (9.3%)
2021-10-19T12:31:22.084+0000	[##......................] benchmark.Twitter	4.66GB/49.1GB (9.5%)
2021-10-19T12:31:25.084+0000	[##......................] benchmark.Twitter	4.73GB/49.1GB (9.6%)
2021-10-19T12:31:28.084+0000	[##......................] benchmark.Twitter	4.80GB/49.1GB (9.8%)
2021-10-19T12:31:31.084+0000	[##......................] benchmark.Twitter	4.88GB/49.1GB (9.9%)
2021-10-19T12:31:34.084+0000	[##......................] benchmark.Twitter	4.95GB/49.1GB (10.1%)
2021-10-19T12:31:37.084+0000	[##......................] benchmark.Twitter	5.03GB/49.1GB (10.2%)
2021-10-19T12:31:40.085+0000	[##......................] benchmark.Twitter	5.10GB/49.1GB (10.4%)
2021-10-19T12:31:43.084+0000	[##......................] benchmark.Twitter	5.17GB/49.1GB (10.5%)
2021-10-19T12:31:46.084+0000	[##......................] benchmark.Twitter	5.25GB/49.1GB (10.7%)
2021-10-19T12:31:49.084+0000	[##......................] benchmark.Twitter	5.32GB/49.1GB (10.8%)
2021-10-19T12:31:52.084+0000	[##......................] benchmark.Twitter	5.38GB/49.1GB (11.0%)
2021-10-19T12:31:55.084+0000	[##......................] benchmark.Twitter	5.45GB/49.1GB (11.1%)
2021-10-19T12:31:58.084+0000	[##......................] benchmark.Twitter	5.52GB/49.1GB (11.2%)
2021-10-19T12:32:01.084+0000	[##......................] benchmark.Twitter	5.58GB/49.1GB (11.4%)
2021-10-19T12:32:04.084+0000	[##......................] benchmark.Twitter	5.65GB/49.1GB (11.5%)
2021-10-19T12:32:07.084+0000	[##......................] benchmark.Twitter	5.72GB/49.1GB (11.6%)
2021-10-19T12:32:10.085+0000	[##......................] benchmark.Twitter	5.78GB/49.1GB (11.8%)
2021-10-19T12:32:13.084+0000	[##......................] benchmark.Twitter	5.85GB/49.1GB (11.9%)
2021-10-19T12:32:16.084+0000	[##......................] benchmark.Twitter	5.91GB/49.1GB (12.0%)
2021-10-19T12:32:19.085+0000	[##......................] benchmark.Twitter	5.98GB/49.1GB (12.2%)
2021-10-19T12:32:22.084+0000	[##......................] benchmark.Twitter	6.05GB/49.1GB (12.3%)
2021-10-19T12:32:25.084+0000	[##......................] benchmark.Twitter	6.12GB/49.1GB (12.5%)
2021-10-19T12:32:28.086+0000	[###.....................] benchmark.Twitter	6.19GB/49.1GB (12.6%)
2021-10-19T12:32:31.084+0000	[###.....................] benchmark.Twitter	6.27GB/49.1GB (12.8%)
2021-10-19T12:32:34.084+0000	[###.....................] benchmark.Twitter	6.34GB/49.1GB (12.9%)
2021-10-19T12:32:37.084+0000	[###.....................] benchmark.Twitter	6.41GB/49.1GB (13.1%)
2021-10-19T12:32:40.084+0000	[###.....................] benchmark.Twitter	6.49GB/49.1GB (13.2%)
2021-10-19T12:32:43.084+0000	[###.....................] benchmark.Twitter	6.56GB/49.1GB (13.4%)
2021-10-19T12:32:46.084+0000	[###.....................] benchmark.Twitter	6.63GB/49.1GB (13.5%)
2021-10-19T12:32:49.084+0000	[###.....................] benchmark.Twitter	6.71GB/49.1GB (13.7%)
2021-10-19T12:32:52.084+0000	[###.....................] benchmark.Twitter	6.78GB/49.1GB (13.8%)
2021-10-19T12:32:55.084+0000	[###.....................] benchmark.Twitter	6.86GB/49.1GB (14.0%)
2021-10-19T12:32:58.084+0000	[###.....................] benchmark.Twitter	6.93GB/49.1GB (14.1%)
2021-10-19T12:33:01.085+0000	[###.....................] benchmark.Twitter	7.01GB/49.1GB (14.3%)
2021-10-19T12:33:04.084+0000	[###.....................] benchmark.Twitter	7.08GB/49.1GB (14.4%)
2021-10-19T12:33:07.084+0000	[###.....................] benchmark.Twitter	7.15GB/49.1GB (14.6%)
2021-10-19T12:33:10.084+0000	[###.....................] benchmark.Twitter	7.23GB/49.1GB (14.7%)
2021-10-19T12:33:13.084+0000	[###.....................] benchmark.Twitter	7.30GB/49.1GB (14.9%)
2021-10-19T12:33:16.084+0000	[###.....................] benchmark.Twitter	7.38GB/49.1GB (15.0%)
2021-10-19T12:33:19.084+0000	[###.....................] benchmark.Twitter	7.45GB/49.1GB (15.2%)
2021-10-19T12:33:22.084+0000	[###.....................] benchmark.Twitter	7.52GB/49.1GB (15.3%)
2021-10-19T12:33:25.085+0000	[###.....................] benchmark.Twitter	7.60GB/49.1GB (15.5%)
2021-10-19T12:33:28.084+0000	[###.....................] benchmark.Twitter	7.67GB/49.1GB (15.6%)
2021-10-19T12:33:31.084+0000	[###.....................] benchmark.Twitter	7.74GB/49.1GB (15.8%)
2021-10-19T12:33:34.084+0000	[###.....................] benchmark.Twitter	7.82GB/49.1GB (15.9%)
2021-10-19T12:33:37.084+0000	[###.....................] benchmark.Twitter	7.89GB/49.1GB (16.1%)
2021-10-19T12:33:40.084+0000	[###.....................] benchmark.Twitter	7.96GB/49.1GB (16.2%)
2021-10-19T12:33:43.084+0000	[###.....................] benchmark.Twitter	8.04GB/49.1GB (16.4%)
2021-10-19T12:33:46.084+0000	[###.....................] benchmark.Twitter	8.11GB/49.1GB (16.5%)
2021-10-19T12:33:49.084+0000	[###.....................] benchmark.Twitter	8.19GB/49.1GB (16.7%)
2021-10-19T12:33:52.084+0000	[####....................] benchmark.Twitter	8.26GB/49.1GB (16.8%)
2021-10-19T12:33:55.084+0000	[####....................] benchmark.Twitter	8.33GB/49.1GB (17.0%)
2021-10-19T12:33:58.084+0000	[####....................] benchmark.Twitter	8.41GB/49.1GB (17.1%)
2021-10-19T12:34:01.084+0000	[####....................] benchmark.Twitter	8.48GB/49.1GB (17.3%)
2021-10-19T12:34:04.084+0000	[####....................] benchmark.Twitter	8.56GB/49.1GB (17.4%)
2021-10-19T12:34:07.084+0000	[####....................] benchmark.Twitter	8.63GB/49.1GB (17.6%)
2021-10-19T12:34:10.085+0000	[####....................] benchmark.Twitter	8.71GB/49.1GB (17.7%)
2021-10-19T12:34:13.084+0000	[####....................] benchmark.Twitter	8.78GB/49.1GB (17.9%)
2021-10-19T12:34:16.084+0000	[####....................] benchmark.Twitter	8.85GB/49.1GB (18.0%)
2021-10-19T12:34:19.084+0000	[####....................] benchmark.Twitter	8.92GB/49.1GB (18.2%)
2021-10-19T12:34:22.084+0000	[####....................] benchmark.Twitter	8.98GB/49.1GB (18.3%)
2021-10-19T12:34:25.084+0000	[####....................] benchmark.Twitter	9.05GB/49.1GB (18.4%)
2021-10-19T12:34:28.084+0000	[####....................] benchmark.Twitter	9.11GB/49.1GB (18.5%)
2021-10-19T12:34:31.086+0000	[####....................] benchmark.Twitter	9.18GB/49.1GB (18.7%)
2021-10-19T12:34:34.084+0000	[####....................] benchmark.Twitter	9.24GB/49.1GB (18.8%)
2021-10-19T12:34:37.084+0000	[####....................] benchmark.Twitter	9.31GB/49.1GB (18.9%)
2021-10-19T12:34:40.084+0000	[####....................] benchmark.Twitter	9.37GB/49.1GB (19.1%)
2021-10-19T12:34:43.084+0000	[####....................] benchmark.Twitter	9.43GB/49.1GB (19.2%)
2021-10-19T12:34:46.084+0000	[####....................] benchmark.Twitter	9.50GB/49.1GB (19.3%)
2021-10-19T12:34:49.084+0000	[####....................] benchmark.Twitter	9.56GB/49.1GB (19.5%)
2021-10-19T12:34:52.085+0000	[####....................] benchmark.Twitter	9.64GB/49.1GB (19.6%)
2021-10-19T12:34:55.084+0000	[####....................] benchmark.Twitter	9.71GB/49.1GB (19.8%)
2021-10-19T12:34:58.084+0000	[####....................] benchmark.Twitter	9.78GB/49.1GB (19.9%)
2021-10-19T12:35:01.084+0000	[####....................] benchmark.Twitter	9.86GB/49.1GB (20.1%)
2021-10-19T12:35:04.084+0000	[####....................] benchmark.Twitter	9.93GB/49.1GB (20.2%)
2021-10-19T12:35:07.084+0000	[####....................] benchmark.Twitter	10.0GB/49.1GB (20.4%)
2021-10-19T12:35:10.085+0000	[####....................] benchmark.Twitter	10.1GB/49.1GB (20.5%)
2021-10-19T12:35:13.084+0000	[####....................] benchmark.Twitter	10.2GB/49.1GB (20.7%)
2021-10-19T12:35:16.084+0000	[####....................] benchmark.Twitter	10.2GB/49.1GB (20.8%)
2021-10-19T12:35:19.084+0000	[#####...................] benchmark.Twitter	10.3GB/49.1GB (21.0%)
2021-10-19T12:35:22.084+0000	[#####...................] benchmark.Twitter	10.4GB/49.1GB (21.1%)
2021-10-19T12:35:25.085+0000	[#####...................] benchmark.Twitter	10.4GB/49.1GB (21.3%)
2021-10-19T12:35:28.084+0000	[#####...................] benchmark.Twitter	10.5GB/49.1GB (21.4%)
2021-10-19T12:35:31.084+0000	[#####...................] benchmark.Twitter	10.6GB/49.1GB (21.6%)
2021-10-19T12:35:34.086+0000	[#####...................] benchmark.Twitter	10.7GB/49.1GB (21.7%)
2021-10-19T12:35:37.084+0000	[#####...................] benchmark.Twitter	10.8GB/49.1GB (21.9%)
2021-10-19T12:35:40.084+0000	[#####...................] benchmark.Twitter	10.8GB/49.1GB (22.0%)
2021-10-19T12:35:43.084+0000	[#####...................] benchmark.Twitter	10.9GB/49.1GB (22.2%)
2021-10-19T12:35:46.084+0000	[#####...................] benchmark.Twitter	11.0GB/49.1GB (22.3%)
2021-10-19T12:35:49.084+0000	[#####...................] benchmark.Twitter	11.0GB/49.1GB (22.5%)
2021-10-19T12:35:52.084+0000	[#####...................] benchmark.Twitter	11.1GB/49.1GB (22.6%)
2021-10-19T12:35:55.085+0000	[#####...................] benchmark.Twitter	11.2GB/49.1GB (22.8%)
2021-10-19T12:35:58.084+0000	[#####...................] benchmark.Twitter	11.3GB/49.1GB (22.9%)
2021-10-19T12:36:01.084+0000	[#####...................] benchmark.Twitter	11.3GB/49.1GB (23.1%)
2021-10-19T12:36:04.084+0000	[#####...................] benchmark.Twitter	11.4GB/49.1GB (23.2%)
2021-10-19T12:36:07.084+0000	[#####...................] benchmark.Twitter	11.5GB/49.1GB (23.4%)
2021-10-19T12:36:10.084+0000	[#####...................] benchmark.Twitter	11.6GB/49.1GB (23.5%)
2021-10-19T12:36:13.085+0000	[#####...................] benchmark.Twitter	11.6GB/49.1GB (23.7%)
2021-10-19T12:36:16.084+0000	[#####...................] benchmark.Twitter	11.7GB/49.1GB (23.8%)
2021-10-19T12:36:19.084+0000	[#####...................] benchmark.Twitter	11.8GB/49.1GB (24.0%)
2021-10-19T12:36:22.084+0000	[#####...................] benchmark.Twitter	11.9GB/49.1GB (24.1%)
2021-10-19T12:36:25.084+0000	[#####...................] benchmark.Twitter	11.9GB/49.1GB (24.3%)
2021-10-19T12:36:28.084+0000	[#####...................] benchmark.Twitter	12.0GB/49.1GB (24.4%)
2021-10-19T12:36:31.084+0000	[#####...................] benchmark.Twitter	12.1GB/49.1GB (24.6%)
2021-10-19T12:36:34.084+0000	[#####...................] benchmark.Twitter	12.1GB/49.1GB (24.7%)
2021-10-19T12:36:37.084+0000	[#####...................] benchmark.Twitter	12.2GB/49.1GB (24.8%)
2021-10-19T12:36:40.084+0000	[#####...................] benchmark.Twitter	12.3GB/49.1GB (24.9%)
2021-10-19T12:36:43.084+0000	[######..................] benchmark.Twitter	12.3GB/49.1GB (25.1%)
2021-10-19T12:36:46.084+0000	[######..................] benchmark.Twitter	12.4GB/49.1GB (25.2%)
2021-10-19T12:36:49.084+0000	[######..................] benchmark.Twitter	12.4GB/49.1GB (25.3%)
2021-10-19T12:36:52.085+0000	[######..................] benchmark.Twitter	12.5GB/49.1GB (25.5%)
2021-10-19T12:36:55.084+0000	[######..................] benchmark.Twitter	12.6GB/49.1GB (25.6%)
2021-10-19T12:36:58.084+0000	[######..................] benchmark.Twitter	12.7GB/49.1GB (25.8%)
2021-10-19T12:37:01.084+0000	[######..................] benchmark.Twitter	12.8GB/49.1GB (25.9%)
2021-10-19T12:37:04.084+0000	[######..................] benchmark.Twitter	12.8GB/49.1GB (26.1%)
2021-10-19T12:37:07.084+0000	[######..................] benchmark.Twitter	12.9GB/49.1GB (26.2%)
2021-10-19T12:37:10.084+0000	[######..................] benchmark.Twitter	13.0GB/49.1GB (26.4%)
2021-10-19T12:37:13.084+0000	[######..................] benchmark.Twitter	13.0GB/49.1GB (26.5%)
2021-10-19T12:37:16.085+0000	[######..................] benchmark.Twitter	13.1GB/49.1GB (26.7%)
2021-10-19T12:37:19.084+0000	[######..................] benchmark.Twitter	13.2GB/49.1GB (26.8%)
2021-10-19T12:37:22.084+0000	[######..................] benchmark.Twitter	13.3GB/49.1GB (27.0%)
2021-10-19T12:37:25.084+0000	[######..................] benchmark.Twitter	13.3GB/49.1GB (27.2%)
2021-10-19T12:37:28.084+0000	[######..................] benchmark.Twitter	13.4GB/49.1GB (27.3%)
2021-10-19T12:37:31.085+0000	[######..................] benchmark.Twitter	13.5GB/49.1GB (27.5%)
2021-10-19T12:37:34.084+0000	[######..................] benchmark.Twitter	13.6GB/49.1GB (27.6%)
2021-10-19T12:37:37.084+0000	[######..................] benchmark.Twitter	13.6GB/49.1GB (27.8%)
2021-10-19T12:37:40.085+0000	[######..................] benchmark.Twitter	13.7GB/49.1GB (27.9%)
2021-10-19T12:37:43.084+0000	[######..................] benchmark.Twitter	13.8GB/49.1GB (28.1%)
2021-10-19T12:37:46.084+0000	[######..................] benchmark.Twitter	13.9GB/49.1GB (28.2%)
2021-10-19T12:37:49.084+0000	[######..................] benchmark.Twitter	13.9GB/49.1GB (28.4%)
2021-10-19T12:37:52.084+0000	[######..................] benchmark.Twitter	14.0GB/49.1GB (28.5%)
2021-10-19T12:37:55.084+0000	[######..................] benchmark.Twitter	14.1GB/49.1GB (28.7%)
2021-10-19T12:37:58.084+0000	[######..................] benchmark.Twitter	14.2GB/49.1GB (28.8%)
2021-10-19T12:38:01.084+0000	[######..................] benchmark.Twitter	14.2GB/49.1GB (29.0%)
2021-10-19T12:38:04.084+0000	[######..................] benchmark.Twitter	14.3GB/49.1GB (29.1%)
2021-10-19T12:38:07.084+0000	[#######.................] benchmark.Twitter	14.4GB/49.1GB (29.3%)
2021-10-19T12:38:10.084+0000	[#######.................] benchmark.Twitter	14.5GB/49.1GB (29.4%)
2021-10-19T12:38:13.084+0000	[#######.................] benchmark.Twitter	14.5GB/49.1GB (29.6%)
2021-10-19T12:38:16.084+0000	[#######.................] benchmark.Twitter	14.6GB/49.1GB (29.7%)
2021-10-19T12:38:19.084+0000	[#######.................] benchmark.Twitter	14.7GB/49.1GB (29.9%)
2021-10-19T12:38:22.085+0000	[#######.................] benchmark.Twitter	14.8GB/49.1GB (30.0%)
2021-10-19T12:38:25.084+0000	[#######.................] benchmark.Twitter	14.8GB/49.1GB (30.2%)
2021-10-19T12:38:28.085+0000	[#######.................] benchmark.Twitter	14.9GB/49.1GB (30.3%)
2021-10-19T12:38:31.084+0000	[#######.................] benchmark.Twitter	15.0GB/49.1GB (30.5%)
2021-10-19T12:38:34.084+0000	[#######.................] benchmark.Twitter	15.1GB/49.1GB (30.6%)
2021-10-19T12:38:37.084+0000	[#######.................] benchmark.Twitter	15.1GB/49.1GB (30.8%)
2021-10-19T12:38:40.084+0000	[#######.................] benchmark.Twitter	15.2GB/49.1GB (30.9%)
2021-10-19T12:38:43.084+0000	[#######.................] benchmark.Twitter	15.2GB/49.1GB (31.0%)
2021-10-19T12:38:46.084+0000	[#######.................] benchmark.Twitter	15.3GB/49.1GB (31.2%)
2021-10-19T12:38:49.084+0000	[#######.................] benchmark.Twitter	15.4GB/49.1GB (31.3%)
2021-10-19T12:38:52.084+0000	[#######.................] benchmark.Twitter	15.4GB/49.1GB (31.4%)
2021-10-19T12:38:55.085+0000	[#######.................] benchmark.Twitter	15.5GB/49.1GB (31.6%)
2021-10-19T12:38:58.084+0000	[#######.................] benchmark.Twitter	15.6GB/49.1GB (31.7%)
2021-10-19T12:39:01.084+0000	[#######.................] benchmark.Twitter	15.7GB/49.1GB (31.9%)
2021-10-19T12:39:04.084+0000	[#######.................] benchmark.Twitter	15.7GB/49.1GB (32.0%)
2021-10-19T12:39:07.084+0000	[#######.................] benchmark.Twitter	15.8GB/49.1GB (32.2%)
2021-10-19T12:39:10.085+0000	[#######.................] benchmark.Twitter	15.9GB/49.1GB (32.3%)
2021-10-19T12:39:13.084+0000	[#######.................] benchmark.Twitter	16.0GB/49.1GB (32.5%)
2021-10-19T12:39:16.084+0000	[#######.................] benchmark.Twitter	16.0GB/49.1GB (32.6%)
2021-10-19T12:39:19.084+0000	[#######.................] benchmark.Twitter	16.1GB/49.1GB (32.8%)
2021-10-19T12:39:22.084+0000	[#######.................] benchmark.Twitter	16.2GB/49.1GB (32.9%)
2021-10-19T12:39:25.084+0000	[#######.................] benchmark.Twitter	16.3GB/49.1GB (33.1%)
2021-10-19T12:39:28.084+0000	[#######.................] benchmark.Twitter	16.3GB/49.1GB (33.2%)
2021-10-19T12:39:31.084+0000	[########................] benchmark.Twitter	16.4GB/49.1GB (33.4%)
2021-10-19T12:39:34.084+0000	[########................] benchmark.Twitter	16.5GB/49.1GB (33.5%)
2021-10-19T12:39:37.084+0000	[########................] benchmark.Twitter	16.6GB/49.1GB (33.7%)
2021-10-19T12:39:40.084+0000	[########................] benchmark.Twitter	16.6GB/49.1GB (33.9%)
2021-10-19T12:39:43.084+0000	[########................] benchmark.Twitter	16.7GB/49.1GB (34.0%)
2021-10-19T12:39:46.084+0000	[########................] benchmark.Twitter	16.8GB/49.1GB (34.2%)
2021-10-19T12:39:49.084+0000	[########................] benchmark.Twitter	16.9GB/49.1GB (34.3%)
2021-10-19T12:39:52.085+0000	[########................] benchmark.Twitter	16.9GB/49.1GB (34.5%)
2021-10-19T12:39:55.084+0000	[########................] benchmark.Twitter	17.0GB/49.1GB (34.6%)
2021-10-19T12:39:58.084+0000	[########................] benchmark.Twitter	17.1GB/49.1GB (34.8%)
2021-10-19T12:40:01.084+0000	[########................] benchmark.Twitter	17.1GB/49.1GB (34.9%)
2021-10-19T12:40:04.084+0000	[########................] benchmark.Twitter	17.2GB/49.1GB (35.1%)
2021-10-19T12:40:07.084+0000	[########................] benchmark.Twitter	17.3GB/49.1GB (35.2%)
2021-10-19T12:40:10.084+0000	[########................] benchmark.Twitter	17.4GB/49.1GB (35.4%)
2021-10-19T12:40:13.084+0000	[########................] benchmark.Twitter	17.4GB/49.1GB (35.5%)
2021-10-19T12:40:16.084+0000	[########................] benchmark.Twitter	17.5GB/49.1GB (35.7%)
2021-10-19T12:40:19.084+0000	[########................] benchmark.Twitter	17.6GB/49.1GB (35.8%)
2021-10-19T12:40:22.084+0000	[########................] benchmark.Twitter	17.7GB/49.1GB (36.0%)
2021-10-19T12:40:25.084+0000	[########................] benchmark.Twitter	17.8GB/49.1GB (36.1%)
2021-10-19T12:40:28.084+0000	[########................] benchmark.Twitter	17.8GB/49.1GB (36.3%)
2021-10-19T12:40:31.084+0000	[########................] benchmark.Twitter	17.9GB/49.1GB (36.4%)
2021-10-19T12:40:34.084+0000	[########................] benchmark.Twitter	18.0GB/49.1GB (36.6%)
2021-10-19T12:40:37.084+0000	[########................] benchmark.Twitter	18.0GB/49.1GB (36.7%)
2021-10-19T12:40:40.084+0000	[########................] benchmark.Twitter	18.1GB/49.1GB (36.9%)
2021-10-19T12:40:43.084+0000	[########................] benchmark.Twitter	18.2GB/49.1GB (37.0%)
2021-10-19T12:40:46.084+0000	[########................] benchmark.Twitter	18.2GB/49.1GB (37.1%)
2021-10-19T12:40:49.084+0000	[########................] benchmark.Twitter	18.3GB/49.1GB (37.3%)
2021-10-19T12:40:52.085+0000	[########................] benchmark.Twitter	18.4GB/49.1GB (37.4%)
2021-10-19T12:40:55.084+0000	[#########...............] benchmark.Twitter	18.4GB/49.1GB (37.5%)
2021-10-19T12:40:58.084+0000	[#########...............] benchmark.Twitter	18.5GB/49.1GB (37.7%)
2021-10-19T12:41:01.084+0000	[#########...............] benchmark.Twitter	18.6GB/49.1GB (37.8%)
2021-10-19T12:41:04.084+0000	[#########...............] benchmark.Twitter	18.7GB/49.1GB (38.0%)
2021-10-19T12:41:07.084+0000	[#########...............] benchmark.Twitter	18.7GB/49.1GB (38.1%)
2021-10-19T12:41:10.084+0000	[#########...............] benchmark.Twitter	18.8GB/49.1GB (38.3%)
2021-10-19T12:41:13.084+0000	[#########...............] benchmark.Twitter	18.9GB/49.1GB (38.4%)
2021-10-19T12:41:16.084+0000	[#########...............] benchmark.Twitter	19.0GB/49.1GB (38.6%)
2021-10-19T12:41:19.084+0000	[#########...............] benchmark.Twitter	19.0GB/49.1GB (38.7%)
2021-10-19T12:41:22.084+0000	[#########...............] benchmark.Twitter	19.1GB/49.1GB (38.9%)
2021-10-19T12:41:25.084+0000	[#########...............] benchmark.Twitter	19.2GB/49.1GB (39.0%)
2021-10-19T12:41:28.084+0000	[#########...............] benchmark.Twitter	19.2GB/49.1GB (39.2%)
2021-10-19T12:41:31.084+0000	[#########...............] benchmark.Twitter	19.3GB/49.1GB (39.3%)
2021-10-19T12:41:34.084+0000	[#########...............] benchmark.Twitter	19.4GB/49.1GB (39.5%)
2021-10-19T12:41:37.084+0000	[#########...............] benchmark.Twitter	19.5GB/49.1GB (39.7%)
2021-10-19T12:41:40.084+0000	[#########...............] benchmark.Twitter	19.6GB/49.1GB (39.8%)
2021-10-19T12:41:43.084+0000	[#########...............] benchmark.Twitter	19.6GB/49.1GB (40.0%)
2021-10-19T12:41:46.084+0000	[#########...............] benchmark.Twitter	19.7GB/49.1GB (40.1%)
2021-10-19T12:41:49.084+0000	[#########...............] benchmark.Twitter	19.8GB/49.1GB (40.2%)
2021-10-19T12:41:52.084+0000	[#########...............] benchmark.Twitter	19.9GB/49.1GB (40.4%)
2021-10-19T12:41:55.084+0000	[#########...............] benchmark.Twitter	19.9GB/49.1GB (40.6%)
2021-10-19T12:41:58.084+0000	[#########...............] benchmark.Twitter	20.0GB/49.1GB (40.7%)
2021-10-19T12:42:01.084+0000	[#########...............] benchmark.Twitter	20.1GB/49.1GB (40.8%)
2021-10-19T12:42:04.084+0000	[#########...............] benchmark.Twitter	20.1GB/49.1GB (41.0%)
2021-10-19T12:42:07.084+0000	[#########...............] benchmark.Twitter	20.2GB/49.1GB (41.1%)
2021-10-19T12:42:10.084+0000	[#########...............] benchmark.Twitter	20.3GB/49.1GB (41.2%)
2021-10-19T12:42:13.084+0000	[#########...............] benchmark.Twitter	20.3GB/49.1GB (41.4%)
2021-10-19T12:42:16.084+0000	[#########...............] benchmark.Twitter	20.4GB/49.1GB (41.5%)
2021-10-19T12:42:19.085+0000	[#########...............] benchmark.Twitter	20.4GB/49.1GB (41.6%)
2021-10-19T12:42:22.084+0000	[##########..............] benchmark.Twitter	20.5GB/49.1GB (41.8%)
2021-10-19T12:42:25.084+0000	[##########..............] benchmark.Twitter	20.6GB/49.1GB (41.9%)
2021-10-19T12:42:28.084+0000	[##########..............] benchmark.Twitter	20.7GB/49.1GB (42.1%)
2021-10-19T12:42:31.084+0000	[##########..............] benchmark.Twitter	20.8GB/49.1GB (42.2%)
2021-10-19T12:42:34.084+0000	[##########..............] benchmark.Twitter	20.8GB/49.1GB (42.4%)
2021-10-19T12:42:37.084+0000	[##########..............] benchmark.Twitter	20.9GB/49.1GB (42.5%)
2021-10-19T12:42:40.084+0000	[##########..............] benchmark.Twitter	21.0GB/49.1GB (42.7%)
2021-10-19T12:42:43.084+0000	[##########..............] benchmark.Twitter	21.1GB/49.1GB (42.8%)
2021-10-19T12:42:46.084+0000	[##########..............] benchmark.Twitter	21.1GB/49.1GB (43.0%)
2021-10-19T12:42:49.084+0000	[##########..............] benchmark.Twitter	21.2GB/49.1GB (43.1%)
2021-10-19T12:42:52.084+0000	[##########..............] benchmark.Twitter	21.3GB/49.1GB (43.3%)
2021-10-19T12:42:55.084+0000	[##########..............] benchmark.Twitter	21.4GB/49.1GB (43.5%)
2021-10-19T12:42:58.084+0000	[##########..............] benchmark.Twitter	21.4GB/49.1GB (43.6%)
2021-10-19T12:43:01.084+0000	[##########..............] benchmark.Twitter	21.5GB/49.1GB (43.8%)
2021-10-19T12:43:04.084+0000	[##########..............] benchmark.Twitter	21.6GB/49.1GB (43.9%)
2021-10-19T12:43:07.084+0000	[##########..............] benchmark.Twitter	21.6GB/49.1GB (44.1%)
2021-10-19T12:43:10.084+0000	[##########..............] benchmark.Twitter	21.7GB/49.1GB (44.2%)
2021-10-19T12:43:13.084+0000	[##########..............] benchmark.Twitter	21.8GB/49.1GB (44.4%)
2021-10-19T12:43:16.084+0000	[##########..............] benchmark.Twitter	21.9GB/49.1GB (44.5%)
2021-10-19T12:43:19.085+0000	[##########..............] benchmark.Twitter	21.9GB/49.1GB (44.7%)
2021-10-19T12:43:22.084+0000	[##########..............] benchmark.Twitter	22.0GB/49.1GB (44.8%)
2021-10-19T12:43:25.084+0000	[##########..............] benchmark.Twitter	22.1GB/49.1GB (45.0%)
2021-10-19T12:43:28.084+0000	[##########..............] benchmark.Twitter	22.2GB/49.1GB (45.1%)
2021-10-19T12:43:31.084+0000	[##########..............] benchmark.Twitter	22.2GB/49.1GB (45.3%)
2021-10-19T12:43:34.084+0000	[##########..............] benchmark.Twitter	22.3GB/49.1GB (45.4%)
2021-10-19T12:43:37.084+0000	[##########..............] benchmark.Twitter	22.4GB/49.1GB (45.6%)
2021-10-19T12:43:40.084+0000	[##########..............] benchmark.Twitter	22.5GB/49.1GB (45.8%)
2021-10-19T12:43:43.084+0000	[###########.............] benchmark.Twitter	22.6GB/49.1GB (45.9%)
2021-10-19T12:43:46.084+0000	[###########.............] benchmark.Twitter	22.6GB/49.1GB (46.1%)
2021-10-19T12:43:49.084+0000	[###########.............] benchmark.Twitter	22.7GB/49.1GB (46.2%)
2021-10-19T12:43:52.084+0000	[###########.............] benchmark.Twitter	22.8GB/49.1GB (46.4%)
2021-10-19T12:43:55.084+0000	[###########.............] benchmark.Twitter	22.9GB/49.1GB (46.5%)
2021-10-19T12:43:58.084+0000	[###########.............] benchmark.Twitter	22.9GB/49.1GB (46.7%)
2021-10-19T12:44:01.084+0000	[###########.............] benchmark.Twitter	23.0GB/49.1GB (46.8%)
2021-10-19T12:44:04.084+0000	[###########.............] benchmark.Twitter	23.1GB/49.1GB (47.0%)
2021-10-19T12:44:07.084+0000	[###########.............] benchmark.Twitter	23.1GB/49.1GB (47.1%)
2021-10-19T12:44:10.086+0000	[###########.............] benchmark.Twitter	23.2GB/49.1GB (47.3%)
2021-10-19T12:44:13.084+0000	[###########.............] benchmark.Twitter	23.3GB/49.1GB (47.4%)
2021-10-19T12:44:16.084+0000	[###########.............] benchmark.Twitter	23.4GB/49.1GB (47.6%)
2021-10-19T12:44:19.085+0000	[###########.............] benchmark.Twitter	23.4GB/49.1GB (47.7%)
2021-10-19T12:44:22.084+0000	[###########.............] benchmark.Twitter	23.5GB/49.1GB (47.9%)
2021-10-19T12:44:25.084+0000	[###########.............] benchmark.Twitter	23.6GB/49.1GB (48.0%)
2021-10-19T12:44:28.084+0000	[###########.............] benchmark.Twitter	23.7GB/49.1GB (48.2%)
2021-10-19T12:44:31.084+0000	[###########.............] benchmark.Twitter	23.7GB/49.1GB (48.3%)
2021-10-19T12:44:34.084+0000	[###########.............] benchmark.Twitter	23.8GB/49.1GB (48.5%)
2021-10-19T12:44:37.084+0000	[###########.............] benchmark.Twitter	23.9GB/49.1GB (48.6%)
2021-10-19T12:44:40.084+0000	[###########.............] benchmark.Twitter	23.9GB/49.1GB (48.7%)
2021-10-19T12:44:43.084+0000	[###########.............] benchmark.Twitter	24.0GB/49.1GB (48.8%)
2021-10-19T12:44:46.084+0000	[###########.............] benchmark.Twitter	24.1GB/49.1GB (49.0%)
2021-10-19T12:44:49.084+0000	[###########.............] benchmark.Twitter	24.1GB/49.1GB (49.1%)
2021-10-19T12:44:52.084+0000	[###########.............] benchmark.Twitter	24.2GB/49.1GB (49.3%)
2021-10-19T12:44:55.084+0000	[###########.............] benchmark.Twitter	24.3GB/49.1GB (49.4%)
2021-10-19T12:44:58.084+0000	[###########.............] benchmark.Twitter	24.3GB/49.1GB (49.5%)
2021-10-19T12:45:01.084+0000	[###########.............] benchmark.Twitter	24.4GB/49.1GB (49.7%)
2021-10-19T12:45:04.084+0000	[###########.............] benchmark.Twitter	24.5GB/49.1GB (49.8%)
2021-10-19T12:45:07.084+0000	[###########.............] benchmark.Twitter	24.5GB/49.1GB (49.9%)
2021-10-19T12:45:10.086+0000	[############............] benchmark.Twitter	24.6GB/49.1GB (50.1%)
2021-10-19T12:45:13.084+0000	[############............] benchmark.Twitter	24.7GB/49.1GB (50.2%)
2021-10-19T12:45:16.084+0000	[############............] benchmark.Twitter	24.8GB/49.1GB (50.4%)
2021-10-19T12:45:19.084+0000	[############............] benchmark.Twitter	24.8GB/49.1GB (50.5%)
2021-10-19T12:45:22.085+0000	[############............] benchmark.Twitter	24.9GB/49.1GB (50.7%)
2021-10-19T12:45:25.084+0000	[############............] benchmark.Twitter	25.0GB/49.1GB (50.8%)
2021-10-19T12:45:28.084+0000	[############............] benchmark.Twitter	25.0GB/49.1GB (51.0%)
2021-10-19T12:45:31.084+0000	[############............] benchmark.Twitter	25.1GB/49.1GB (51.1%)
2021-10-19T12:45:34.084+0000	[############............] benchmark.Twitter	25.2GB/49.1GB (51.3%)
2021-10-19T12:45:37.084+0000	[############............] benchmark.Twitter	25.3GB/49.1GB (51.4%)
2021-10-19T12:45:40.084+0000	[############............] benchmark.Twitter	25.4GB/49.1GB (51.6%)
2021-10-19T12:45:43.084+0000	[############............] benchmark.Twitter	25.4GB/49.1GB (51.7%)
2021-10-19T12:45:46.084+0000	[############............] benchmark.Twitter	25.5GB/49.1GB (51.9%)
2021-10-19T12:45:49.084+0000	[############............] benchmark.Twitter	25.6GB/49.1GB (52.0%)
2021-10-19T12:45:52.084+0000	[############............] benchmark.Twitter	25.6GB/49.1GB (52.2%)
2021-10-19T12:45:55.084+0000	[############............] benchmark.Twitter	25.7GB/49.1GB (52.4%)
2021-10-19T12:45:58.085+0000	[############............] benchmark.Twitter	25.8GB/49.1GB (52.5%)
2021-10-19T12:46:01.084+0000	[############............] benchmark.Twitter	25.9GB/49.1GB (52.7%)
2021-10-19T12:46:04.084+0000	[############............] benchmark.Twitter	25.9GB/49.1GB (52.8%)
2021-10-19T12:46:07.084+0000	[############............] benchmark.Twitter	26.0GB/49.1GB (53.0%)
2021-10-19T12:46:10.084+0000	[############............] benchmark.Twitter	26.1GB/49.1GB (53.1%)
2021-10-19T12:46:13.085+0000	[############............] benchmark.Twitter	26.2GB/49.1GB (53.3%)
2021-10-19T12:46:16.084+0000	[############............] benchmark.Twitter	26.2GB/49.1GB (53.4%)
2021-10-19T12:46:19.084+0000	[############............] benchmark.Twitter	26.3GB/49.1GB (53.6%)
2021-10-19T12:46:22.084+0000	[############............] benchmark.Twitter	26.4GB/49.1GB (53.7%)
2021-10-19T12:46:25.084+0000	[############............] benchmark.Twitter	26.5GB/49.1GB (53.9%)
2021-10-19T12:46:28.084+0000	[############............] benchmark.Twitter	26.5GB/49.1GB (54.0%)
2021-10-19T12:46:31.084+0000	[#############...........] benchmark.Twitter	26.6GB/49.1GB (54.2%)
2021-10-19T12:46:34.084+0000	[#############...........] benchmark.Twitter	26.7GB/49.1GB (54.3%)
2021-10-19T12:46:37.084+0000	[#############...........] benchmark.Twitter	26.8GB/49.1GB (54.5%)
2021-10-19T12:46:40.084+0000	[#############...........] benchmark.Twitter	26.8GB/49.1GB (54.6%)
2021-10-19T12:46:43.084+0000	[#############...........] benchmark.Twitter	26.9GB/49.1GB (54.8%)
2021-10-19T12:46:46.084+0000	[#############...........] benchmark.Twitter	27.0GB/49.1GB (54.9%)
2021-10-19T12:46:49.084+0000	[#############...........] benchmark.Twitter	27.1GB/49.1GB (55.1%)
2021-10-19T12:46:52.084+0000	[#############...........] benchmark.Twitter	27.1GB/49.1GB (55.3%)
2021-10-19T12:46:55.084+0000	[#############...........] benchmark.Twitter	27.2GB/49.1GB (55.4%)
2021-10-19T12:46:58.085+0000	[#############...........] benchmark.Twitter	27.3GB/49.1GB (55.6%)
2021-10-19T12:47:01.084+0000	[#############...........] benchmark.Twitter	27.4GB/49.1GB (55.7%)
2021-10-19T12:47:04.084+0000	[#############...........] benchmark.Twitter	27.4GB/49.1GB (55.9%)
2021-10-19T12:47:07.084+0000	[#############...........] benchmark.Twitter	27.5GB/49.1GB (56.0%)
2021-10-19T12:47:10.085+0000	[#############...........] benchmark.Twitter	27.6GB/49.1GB (56.2%)
2021-10-19T12:47:13.084+0000	[#############...........] benchmark.Twitter	27.7GB/49.1GB (56.3%)
2021-10-19T12:47:16.085+0000	[#############...........] benchmark.Twitter	27.8GB/49.1GB (56.5%)
2021-10-19T12:47:19.085+0000	[#############...........] benchmark.Twitter	27.8GB/49.1GB (56.6%)
2021-10-19T12:47:22.084+0000	[#############...........] benchmark.Twitter	27.9GB/49.1GB (56.8%)
2021-10-19T12:47:25.084+0000	[#############...........] benchmark.Twitter	28.0GB/49.1GB (56.9%)
2021-10-19T12:47:28.084+0000	[#############...........] benchmark.Twitter	28.1GB/49.1GB (57.1%)
2021-10-19T12:47:31.084+0000	[#############...........] benchmark.Twitter	28.1GB/49.1GB (57.2%)
2021-10-19T12:47:34.084+0000	[#############...........] benchmark.Twitter	28.2GB/49.1GB (57.4%)
2021-10-19T12:47:37.084+0000	[#############...........] benchmark.Twitter	28.2GB/49.1GB (57.5%)
2021-10-19T12:47:40.084+0000	[#############...........] benchmark.Twitter	28.3GB/49.1GB (57.6%)
2021-10-19T12:47:43.084+0000	[#############...........] benchmark.Twitter	28.4GB/49.1GB (57.8%)
2021-10-19T12:47:46.084+0000	[#############...........] benchmark.Twitter	28.4GB/49.1GB (57.9%)
2021-10-19T12:47:49.084+0000	[#############...........] benchmark.Twitter	28.5GB/49.1GB (58.0%)
2021-10-19T12:47:52.084+0000	[#############...........] benchmark.Twitter	28.6GB/49.1GB (58.1%)
2021-10-19T12:47:55.084+0000	[#############...........] benchmark.Twitter	28.6GB/49.1GB (58.3%)
2021-10-19T12:47:58.084+0000	[##############..........] benchmark.Twitter	28.7GB/49.1GB (58.4%)
2021-10-19T12:48:01.084+0000	[##############..........] benchmark.Twitter	28.8GB/49.1GB (58.5%)
2021-10-19T12:48:04.084+0000	[##############..........] benchmark.Twitter	28.8GB/49.1GB (58.7%)
2021-10-19T12:48:07.084+0000	[##############..........] benchmark.Twitter	28.9GB/49.1GB (58.8%)
2021-10-19T12:48:10.084+0000	[##############..........] benchmark.Twitter	29.0GB/49.1GB (59.0%)
2021-10-19T12:48:13.084+0000	[##############..........] benchmark.Twitter	29.1GB/49.1GB (59.1%)
2021-10-19T12:48:16.085+0000	[##############..........] benchmark.Twitter	29.1GB/49.1GB (59.3%)
2021-10-19T12:48:19.084+0000	[##############..........] benchmark.Twitter	29.2GB/49.1GB (59.4%)
2021-10-19T12:48:22.086+0000	[##############..........] benchmark.Twitter	29.3GB/49.1GB (59.6%)
2021-10-19T12:48:25.084+0000	[##############..........] benchmark.Twitter	29.4GB/49.1GB (59.7%)
2021-10-19T12:48:28.084+0000	[##############..........] benchmark.Twitter	29.4GB/49.1GB (59.9%)
2021-10-19T12:48:31.084+0000	[##############..........] benchmark.Twitter	29.5GB/49.1GB (60.0%)
2021-10-19T12:48:34.085+0000	[##############..........] benchmark.Twitter	29.6GB/49.1GB (60.2%)
2021-10-19T12:48:37.084+0000	[##############..........] benchmark.Twitter	29.6GB/49.1GB (60.3%)
2021-10-19T12:48:40.084+0000	[##############..........] benchmark.Twitter	29.7GB/49.1GB (60.5%)
2021-10-19T12:48:43.084+0000	[##############..........] benchmark.Twitter	29.8GB/49.1GB (60.6%)
2021-10-19T12:48:46.084+0000	[##############..........] benchmark.Twitter	29.9GB/49.1GB (60.8%)
2021-10-19T12:48:49.084+0000	[##############..........] benchmark.Twitter	29.9GB/49.1GB (60.9%)
2021-10-19T12:48:52.084+0000	[##############..........] benchmark.Twitter	30.0GB/49.1GB (61.1%)
2021-10-19T12:48:55.084+0000	[##############..........] benchmark.Twitter	30.1GB/49.1GB (61.2%)
2021-10-19T12:48:58.084+0000	[##############..........] benchmark.Twitter	30.2GB/49.1GB (61.4%)
2021-10-19T12:49:01.084+0000	[##############..........] benchmark.Twitter	30.2GB/49.1GB (61.6%)
2021-10-19T12:49:04.084+0000	[##############..........] benchmark.Twitter	30.3GB/49.1GB (61.7%)
2021-10-19T12:49:07.085+0000	[##############..........] benchmark.Twitter	30.4GB/49.1GB (61.8%)
2021-10-19T12:49:10.084+0000	[##############..........] benchmark.Twitter	30.4GB/49.1GB (61.9%)
2021-10-19T12:49:13.084+0000	[##############..........] benchmark.Twitter	30.5GB/49.1GB (62.1%)
2021-10-19T12:49:16.084+0000	[##############..........] benchmark.Twitter	30.6GB/49.1GB (62.2%)
2021-10-19T12:49:19.085+0000	[##############..........] benchmark.Twitter	30.6GB/49.1GB (62.3%)
2021-10-19T12:49:22.084+0000	[##############..........] benchmark.Twitter	30.7GB/49.1GB (62.5%)
2021-10-19T12:49:25.084+0000	[###############.........] benchmark.Twitter	30.8GB/49.1GB (62.6%)
2021-10-19T12:49:28.084+0000	[###############.........] benchmark.Twitter	30.8GB/49.1GB (62.8%)
2021-10-19T12:49:31.084+0000	[###############.........] benchmark.Twitter	30.9GB/49.1GB (62.9%)
2021-10-19T12:49:34.084+0000	[###############.........] benchmark.Twitter	31.0GB/49.1GB (63.1%)
2021-10-19T12:49:37.084+0000	[###############.........] benchmark.Twitter	31.1GB/49.1GB (63.2%)
2021-10-19T12:49:40.084+0000	[###############.........] benchmark.Twitter	31.1GB/49.1GB (63.4%)
2021-10-19T12:49:43.084+0000	[###############.........] benchmark.Twitter	31.2GB/49.1GB (63.5%)
2021-10-19T12:49:46.084+0000	[###############.........] benchmark.Twitter	31.3GB/49.1GB (63.7%)
2021-10-19T12:49:49.084+0000	[###############.........] benchmark.Twitter	31.4GB/49.1GB (63.8%)
2021-10-19T12:49:52.084+0000	[###############.........] benchmark.Twitter	31.4GB/49.1GB (64.0%)
2021-10-19T12:49:55.084+0000	[###############.........] benchmark.Twitter	31.5GB/49.1GB (64.1%)
2021-10-19T12:49:58.084+0000	[###############.........] benchmark.Twitter	31.6GB/49.1GB (64.3%)
2021-10-19T12:50:01.084+0000	[###############.........] benchmark.Twitter	31.7GB/49.1GB (64.4%)
2021-10-19T12:50:04.084+0000	[###############.........] benchmark.Twitter	31.7GB/49.1GB (64.6%)
2021-10-19T12:50:07.084+0000	[###############.........] benchmark.Twitter	31.8GB/49.1GB (64.7%)
2021-10-19T12:50:10.084+0000	[###############.........] benchmark.Twitter	31.9GB/49.1GB (64.9%)
2021-10-19T12:50:13.084+0000	[###############.........] benchmark.Twitter	32.0GB/49.1GB (65.1%)
2021-10-19T12:50:16.084+0000	[###############.........] benchmark.Twitter	32.0GB/49.1GB (65.2%)
2021-10-19T12:50:19.084+0000	[###############.........] benchmark.Twitter	32.1GB/49.1GB (65.4%)
2021-10-19T12:50:22.084+0000	[###############.........] benchmark.Twitter	32.2GB/49.1GB (65.5%)
2021-10-19T12:50:25.084+0000	[###############.........] benchmark.Twitter	32.3GB/49.1GB (65.7%)
2021-10-19T12:50:28.086+0000	[###############.........] benchmark.Twitter	32.3GB/49.1GB (65.8%)
2021-10-19T12:50:31.084+0000	[###############.........] benchmark.Twitter	32.4GB/49.1GB (66.0%)
2021-10-19T12:50:34.084+0000	[###############.........] benchmark.Twitter	32.5GB/49.1GB (66.1%)
2021-10-19T12:50:37.085+0000	[###############.........] benchmark.Twitter	32.6GB/49.1GB (66.3%)
2021-10-19T12:50:40.084+0000	[###############.........] benchmark.Twitter	32.6GB/49.1GB (66.4%)
2021-10-19T12:50:43.084+0000	[###############.........] benchmark.Twitter	32.7GB/49.1GB (66.6%)
2021-10-19T12:50:46.084+0000	[################........] benchmark.Twitter	32.8GB/49.1GB (66.7%)
2021-10-19T12:50:49.084+0000	[################........] benchmark.Twitter	32.9GB/49.1GB (66.9%)
2021-10-19T12:50:52.084+0000	[################........] benchmark.Twitter	32.9GB/49.1GB (67.0%)
2021-10-19T12:50:55.084+0000	[################........] benchmark.Twitter	33.0GB/49.1GB (67.2%)
2021-10-19T12:50:58.084+0000	[################........] benchmark.Twitter	33.1GB/49.1GB (67.3%)
2021-10-19T12:51:01.084+0000	[################........] benchmark.Twitter	33.2GB/49.1GB (67.5%)
2021-10-19T12:51:04.084+0000	[################........] benchmark.Twitter	33.2GB/49.1GB (67.6%)
2021-10-19T12:51:07.084+0000	[################........] benchmark.Twitter	33.3GB/49.1GB (67.8%)
2021-10-19T12:51:10.084+0000	[################........] benchmark.Twitter	33.4GB/49.1GB (67.9%)
2021-10-19T12:51:13.084+0000	[################........] benchmark.Twitter	33.4GB/49.1GB (68.0%)
2021-10-19T12:51:16.084+0000	[################........] benchmark.Twitter	33.5GB/49.1GB (68.2%)
2021-10-19T12:51:19.084+0000	[################........] benchmark.Twitter	33.6GB/49.1GB (68.3%)
2021-10-19T12:51:22.084+0000	[################........] benchmark.Twitter	33.6GB/49.1GB (68.4%)
2021-10-19T12:51:25.084+0000	[################........] benchmark.Twitter	33.7GB/49.1GB (68.6%)
2021-10-19T12:51:28.084+0000	[################........] benchmark.Twitter	33.8GB/49.1GB (68.7%)
2021-10-19T12:51:31.084+0000	[################........] benchmark.Twitter	33.8GB/49.1GB (68.9%)
2021-10-19T12:51:34.084+0000	[################........] benchmark.Twitter	33.9GB/49.1GB (69.0%)
2021-10-19T12:51:37.084+0000	[################........] benchmark.Twitter	34.0GB/49.1GB (69.2%)
2021-10-19T12:51:40.084+0000	[################........] benchmark.Twitter	34.1GB/49.1GB (69.3%)
2021-10-19T12:51:43.084+0000	[################........] benchmark.Twitter	34.1GB/49.1GB (69.5%)
2021-10-19T12:51:46.084+0000	[################........] benchmark.Twitter	34.2GB/49.1GB (69.6%)
2021-10-19T12:51:49.084+0000	[################........] benchmark.Twitter	34.3GB/49.1GB (69.8%)
2021-10-19T12:51:52.084+0000	[################........] benchmark.Twitter	34.4GB/49.1GB (69.9%)
2021-10-19T12:51:55.084+0000	[################........] benchmark.Twitter	34.4GB/49.1GB (70.1%)
2021-10-19T12:51:58.084+0000	[################........] benchmark.Twitter	34.5GB/49.1GB (70.2%)
2021-10-19T12:52:01.084+0000	[################........] benchmark.Twitter	34.6GB/49.1GB (70.4%)
2021-10-19T12:52:04.084+0000	[################........] benchmark.Twitter	34.7GB/49.1GB (70.6%)
2021-10-19T12:52:07.084+0000	[################........] benchmark.Twitter	34.7GB/49.1GB (70.7%)
2021-10-19T12:52:10.084+0000	[#################.......] benchmark.Twitter	34.8GB/49.1GB (70.9%)
2021-10-19T12:52:13.085+0000	[#################.......] benchmark.Twitter	34.9GB/49.1GB (71.0%)
2021-10-19T12:52:16.084+0000	[#################.......] benchmark.Twitter	35.0GB/49.1GB (71.2%)
2021-10-19T12:52:19.084+0000	[#################.......] benchmark.Twitter	35.0GB/49.1GB (71.3%)
2021-10-19T12:52:22.084+0000	[#################.......] benchmark.Twitter	35.1GB/49.1GB (71.5%)
2021-10-19T12:52:25.084+0000	[#################.......] benchmark.Twitter	35.2GB/49.1GB (71.6%)
2021-10-19T12:52:28.084+0000	[#################.......] benchmark.Twitter	35.3GB/49.1GB (71.8%)
2021-10-19T12:52:31.084+0000	[#################.......] benchmark.Twitter	35.3GB/49.1GB (71.9%)
2021-10-19T12:52:34.084+0000	[#################.......] benchmark.Twitter	35.4GB/49.1GB (72.1%)
2021-10-19T12:52:37.084+0000	[#################.......] benchmark.Twitter	35.5GB/49.1GB (72.2%)
2021-10-19T12:52:40.084+0000	[#################.......] benchmark.Twitter	35.5GB/49.1GB (72.4%)
2021-10-19T12:52:43.084+0000	[#################.......] benchmark.Twitter	35.6GB/49.1GB (72.5%)
2021-10-19T12:52:46.084+0000	[#################.......] benchmark.Twitter	35.7GB/49.1GB (72.7%)
2021-10-19T12:52:49.084+0000	[#################.......] benchmark.Twitter	35.8GB/49.1GB (72.8%)
2021-10-19T12:52:52.084+0000	[#################.......] benchmark.Twitter	35.9GB/49.1GB (73.0%)
2021-10-19T12:52:55.084+0000	[#################.......] benchmark.Twitter	35.9GB/49.1GB (73.1%)
2021-10-19T12:52:58.084+0000	[#################.......] benchmark.Twitter	36.0GB/49.1GB (73.3%)
2021-10-19T12:53:01.085+0000	[#################.......] benchmark.Twitter	36.1GB/49.1GB (73.4%)
2021-10-19T12:53:04.084+0000	[#################.......] benchmark.Twitter	36.1GB/49.1GB (73.6%)
2021-10-19T12:53:07.084+0000	[#################.......] benchmark.Twitter	36.2GB/49.1GB (73.7%)
2021-10-19T12:53:10.084+0000	[#################.......] benchmark.Twitter	36.3GB/49.1GB (73.9%)
2021-10-19T12:53:13.084+0000	[#################.......] benchmark.Twitter	36.4GB/49.1GB (74.0%)
2021-10-19T12:53:16.084+0000	[#################.......] benchmark.Twitter	36.4GB/49.1GB (74.2%)
2021-10-19T12:53:19.085+0000	[#################.......] benchmark.Twitter	36.5GB/49.1GB (74.3%)
2021-10-19T12:53:22.084+0000	[#################.......] benchmark.Twitter	36.6GB/49.1GB (74.5%)
2021-10-19T12:53:25.084+0000	[#################.......] benchmark.Twitter	36.6GB/49.1GB (74.6%)
2021-10-19T12:53:28.084+0000	[#################.......] benchmark.Twitter	36.7GB/49.1GB (74.8%)
2021-10-19T12:53:31.084+0000	[#################.......] benchmark.Twitter	36.8GB/49.1GB (74.9%)
2021-10-19T12:53:34.084+0000	[##################......] benchmark.Twitter	36.9GB/49.1GB (75.0%)
2021-10-19T12:53:37.084+0000	[##################......] benchmark.Twitter	37.0GB/49.1GB (75.2%)
2021-10-19T12:53:40.084+0000	[##################......] benchmark.Twitter	37.0GB/49.1GB (75.4%)
2021-10-19T12:53:43.084+0000	[##################......] benchmark.Twitter	37.1GB/49.1GB (75.5%)
2021-10-19T12:53:46.084+0000	[##################......] benchmark.Twitter	37.2GB/49.1GB (75.6%)
2021-10-19T12:53:49.084+0000	[##################......] benchmark.Twitter	37.2GB/49.1GB (75.8%)
2021-10-19T12:53:52.084+0000	[##################......] benchmark.Twitter	37.3GB/49.1GB (75.9%)
2021-10-19T12:53:55.084+0000	[##################......] benchmark.Twitter	37.4GB/49.1GB (76.1%)
2021-10-19T12:53:58.084+0000	[##################......] benchmark.Twitter	37.5GB/49.1GB (76.3%)
2021-10-19T12:54:01.084+0000	[##################......] benchmark.Twitter	37.5GB/49.1GB (76.4%)
2021-10-19T12:54:04.085+0000	[##################......] benchmark.Twitter	37.6GB/49.1GB (76.6%)
2021-10-19T12:54:07.084+0000	[##################......] benchmark.Twitter	37.7GB/49.1GB (76.7%)
2021-10-19T12:54:10.084+0000	[##################......] benchmark.Twitter	37.7GB/49.1GB (76.8%)
2021-10-19T12:54:13.084+0000	[##################......] benchmark.Twitter	37.8GB/49.1GB (76.9%)
2021-10-19T12:54:16.084+0000	[##################......] benchmark.Twitter	37.9GB/49.1GB (77.1%)
2021-10-19T12:54:19.084+0000	[##################......] benchmark.Twitter	38.0GB/49.1GB (77.2%)
2021-10-19T12:54:22.087+0000	[##################......] benchmark.Twitter	38.0GB/49.1GB (77.4%)
2021-10-19T12:54:25.084+0000	[##################......] benchmark.Twitter	38.1GB/49.1GB (77.5%)
2021-10-19T12:54:28.086+0000	[##################......] benchmark.Twitter	38.2GB/49.1GB (77.7%)
2021-10-19T12:54:31.084+0000	[##################......] benchmark.Twitter	38.2GB/49.1GB (77.8%)
2021-10-19T12:54:34.084+0000	[##################......] benchmark.Twitter	38.3GB/49.1GB (78.0%)
2021-10-19T12:54:37.084+0000	[##################......] benchmark.Twitter	38.4GB/49.1GB (78.1%)
2021-10-19T12:54:40.084+0000	[##################......] benchmark.Twitter	38.5GB/49.1GB (78.3%)
2021-10-19T12:54:43.084+0000	[##################......] benchmark.Twitter	38.5GB/49.1GB (78.4%)
2021-10-19T12:54:46.086+0000	[##################......] benchmark.Twitter	38.6GB/49.1GB (78.6%)
2021-10-19T12:54:49.084+0000	[##################......] benchmark.Twitter	38.7GB/49.1GB (78.7%)
2021-10-19T12:54:52.084+0000	[##################......] benchmark.Twitter	38.8GB/49.1GB (78.9%)
2021-10-19T12:54:55.084+0000	[##################......] benchmark.Twitter	38.8GB/49.1GB (79.0%)
2021-10-19T12:54:58.084+0000	[###################.....] benchmark.Twitter	38.9GB/49.1GB (79.2%)
2021-10-19T12:55:01.084+0000	[###################.....] benchmark.Twitter	39.0GB/49.1GB (79.3%)
2021-10-19T12:55:04.084+0000	[###################.....] benchmark.Twitter	39.0GB/49.1GB (79.5%)
2021-10-19T12:55:07.084+0000	[###################.....] benchmark.Twitter	39.1GB/49.1GB (79.6%)
2021-10-19T12:55:10.084+0000	[###################.....] benchmark.Twitter	39.2GB/49.1GB (79.8%)
2021-10-19T12:55:13.084+0000	[###################.....] benchmark.Twitter	39.3GB/49.1GB (79.9%)
2021-10-19T12:55:16.084+0000	[###################.....] benchmark.Twitter	39.4GB/49.1GB (80.1%)
2021-10-19T12:55:19.084+0000	[###################.....] benchmark.Twitter	39.4GB/49.1GB (80.2%)
2021-10-19T12:55:22.084+0000	[###################.....] benchmark.Twitter	39.5GB/49.1GB (80.4%)
2021-10-19T12:55:25.084+0000	[###################.....] benchmark.Twitter	39.6GB/49.1GB (80.5%)
2021-10-19T12:55:28.084+0000	[###################.....] benchmark.Twitter	39.6GB/49.1GB (80.7%)
2021-10-19T12:55:31.084+0000	[###################.....] benchmark.Twitter	39.7GB/49.1GB (80.8%)
2021-10-19T12:55:34.084+0000	[###################.....] benchmark.Twitter	39.8GB/49.1GB (81.0%)
2021-10-19T12:55:37.084+0000	[###################.....] benchmark.Twitter	39.9GB/49.1GB (81.1%)
2021-10-19T12:55:40.086+0000	[###################.....] benchmark.Twitter	39.9GB/49.1GB (81.3%)
2021-10-19T12:55:43.084+0000	[###################.....] benchmark.Twitter	40.0GB/49.1GB (81.4%)
2021-10-19T12:55:46.084+0000	[###################.....] benchmark.Twitter	40.1GB/49.1GB (81.6%)
2021-10-19T12:55:49.085+0000	[###################.....] benchmark.Twitter	40.1GB/49.1GB (81.7%)
2021-10-19T12:55:52.084+0000	[###################.....] benchmark.Twitter	40.2GB/49.1GB (81.9%)
2021-10-19T12:55:55.084+0000	[###################.....] benchmark.Twitter	40.3GB/49.1GB (82.0%)
2021-10-19T12:55:58.084+0000	[###################.....] benchmark.Twitter	40.4GB/49.1GB (82.2%)
2021-10-19T12:56:01.084+0000	[###################.....] benchmark.Twitter	40.5GB/49.1GB (82.3%)
2021-10-19T12:56:04.084+0000	[###################.....] benchmark.Twitter	40.5GB/49.1GB (82.5%)
2021-10-19T12:56:07.085+0000	[###################.....] benchmark.Twitter	40.6GB/49.1GB (82.6%)
2021-10-19T12:56:10.084+0000	[###################.....] benchmark.Twitter	40.7GB/49.1GB (82.8%)
2021-10-19T12:56:13.084+0000	[###################.....] benchmark.Twitter	40.8GB/49.1GB (82.9%)
2021-10-19T12:56:16.084+0000	[###################.....] benchmark.Twitter	40.8GB/49.1GB (83.1%)
2021-10-19T12:56:19.084+0000	[###################.....] benchmark.Twitter	40.9GB/49.1GB (83.2%)
2021-10-19T12:56:22.084+0000	[####################....] benchmark.Twitter	41.0GB/49.1GB (83.4%)
2021-10-19T12:56:25.084+0000	[####################....] benchmark.Twitter	41.0GB/49.1GB (83.5%)
2021-10-19T12:56:28.085+0000	[####################....] benchmark.Twitter	41.1GB/49.1GB (83.7%)
2021-10-19T12:56:31.084+0000	[####################....] benchmark.Twitter	41.2GB/49.1GB (83.8%)
2021-10-19T12:56:34.084+0000	[####################....] benchmark.Twitter	41.3GB/49.1GB (84.0%)
2021-10-19T12:56:37.084+0000	[####################....] benchmark.Twitter	41.3GB/49.1GB (84.1%)
2021-10-19T12:56:40.084+0000	[####################....] benchmark.Twitter	41.4GB/49.1GB (84.3%)
2021-10-19T12:56:43.084+0000	[####################....] benchmark.Twitter	41.5GB/49.1GB (84.4%)
2021-10-19T12:56:46.084+0000	[####################....] benchmark.Twitter	41.5GB/49.1GB (84.6%)
2021-10-19T12:56:49.084+0000	[####################....] benchmark.Twitter	41.6GB/49.1GB (84.7%)
2021-10-19T12:56:52.085+0000	[####################....] benchmark.Twitter	41.7GB/49.1GB (84.8%)
2021-10-19T12:56:55.084+0000	[####################....] benchmark.Twitter	41.8GB/49.1GB (85.0%)
2021-10-19T12:56:58.084+0000	[####################....] benchmark.Twitter	41.8GB/49.1GB (85.1%)
2021-10-19T12:57:01.084+0000	[####################....] benchmark.Twitter	41.9GB/49.1GB (85.3%)
2021-10-19T12:57:04.084+0000	[####################....] benchmark.Twitter	42.0GB/49.1GB (85.4%)
2021-10-19T12:57:07.084+0000	[####################....] benchmark.Twitter	42.0GB/49.1GB (85.6%)
2021-10-19T12:57:10.084+0000	[####################....] benchmark.Twitter	42.1GB/49.1GB (85.7%)
2021-10-19T12:57:13.084+0000	[####################....] benchmark.Twitter	42.2GB/49.1GB (85.9%)
2021-10-19T12:57:16.084+0000	[####################....] benchmark.Twitter	42.3GB/49.1GB (86.0%)
2021-10-19T12:57:19.084+0000	[####################....] benchmark.Twitter	42.3GB/49.1GB (86.2%)
2021-10-19T12:57:22.084+0000	[####################....] benchmark.Twitter	42.4GB/49.1GB (86.3%)
2021-10-19T12:57:25.084+0000	[####################....] benchmark.Twitter	42.5GB/49.1GB (86.5%)
2021-10-19T12:57:28.084+0000	[####################....] benchmark.Twitter	42.5GB/49.1GB (86.6%)
2021-10-19T12:57:31.084+0000	[####################....] benchmark.Twitter	42.6GB/49.1GB (86.8%)
2021-10-19T12:57:34.084+0000	[####################....] benchmark.Twitter	42.7GB/49.1GB (86.9%)
2021-10-19T12:57:37.085+0000	[####################....] benchmark.Twitter	42.8GB/49.1GB (87.1%)
2021-10-19T12:57:40.084+0000	[####################....] benchmark.Twitter	42.9GB/49.1GB (87.2%)
2021-10-19T12:57:43.084+0000	[####################....] benchmark.Twitter	42.9GB/49.1GB (87.4%)
2021-10-19T12:57:46.084+0000	[#####################...] benchmark.Twitter	43.0GB/49.1GB (87.5%)
2021-10-19T12:57:49.084+0000	[#####################...] benchmark.Twitter	43.1GB/49.1GB (87.7%)
2021-10-19T12:57:52.084+0000	[#####################...] benchmark.Twitter	43.1GB/49.1GB (87.8%)
2021-10-19T12:57:55.084+0000	[#####################...] benchmark.Twitter	43.2GB/49.1GB (88.0%)
2021-10-19T12:57:58.084+0000	[#####################...] benchmark.Twitter	43.3GB/49.1GB (88.1%)
2021-10-19T12:58:01.084+0000	[#####################...] benchmark.Twitter	43.4GB/49.1GB (88.3%)
2021-10-19T12:58:04.085+0000	[#####################...] benchmark.Twitter	43.5GB/49.1GB (88.4%)
2021-10-19T12:58:07.084+0000	[#####################...] benchmark.Twitter	43.5GB/49.1GB (88.6%)
2021-10-19T12:58:10.084+0000	[#####################...] benchmark.Twitter	43.6GB/49.1GB (88.7%)
2021-10-19T12:58:13.084+0000	[#####################...] benchmark.Twitter	43.7GB/49.1GB (88.9%)
2021-10-19T12:58:16.084+0000	[#####################...] benchmark.Twitter	43.8GB/49.1GB (89.0%)
2021-10-19T12:58:19.084+0000	[#####################...] benchmark.Twitter	43.8GB/49.1GB (89.2%)
2021-10-19T12:58:22.084+0000	[#####################...] benchmark.Twitter	43.9GB/49.1GB (89.3%)
2021-10-19T12:58:25.084+0000	[#####################...] benchmark.Twitter	44.0GB/49.1GB (89.5%)
2021-10-19T12:58:28.084+0000	[#####################...] benchmark.Twitter	44.0GB/49.1GB (89.6%)
2021-10-19T12:58:31.084+0000	[#####################...] benchmark.Twitter	44.1GB/49.1GB (89.7%)
2021-10-19T12:58:34.084+0000	[#####################...] benchmark.Twitter	44.1GB/49.1GB (89.9%)
2021-10-19T12:58:37.084+0000	[#####################...] benchmark.Twitter	44.2GB/49.1GB (90.0%)
2021-10-19T12:58:40.084+0000	[#####################...] benchmark.Twitter	44.3GB/49.1GB (90.1%)
2021-10-19T12:58:43.084+0000	[#####################...] benchmark.Twitter	44.4GB/49.1GB (90.3%)
2021-10-19T12:58:46.084+0000	[#####################...] benchmark.Twitter	44.4GB/49.1GB (90.4%)
2021-10-19T12:58:49.084+0000	[#####################...] benchmark.Twitter	44.5GB/49.1GB (90.6%)
2021-10-19T12:58:52.084+0000	[#####################...] benchmark.Twitter	44.6GB/49.1GB (90.7%)
2021-10-19T12:58:55.084+0000	[#####################...] benchmark.Twitter	44.6GB/49.1GB (90.9%)
2021-10-19T12:58:58.084+0000	[#####################...] benchmark.Twitter	44.7GB/49.1GB (91.0%)
2021-10-19T12:59:01.084+0000	[#####################...] benchmark.Twitter	44.8GB/49.1GB (91.2%)
2021-10-19T12:59:04.084+0000	[#####################...] benchmark.Twitter	44.9GB/49.1GB (91.3%)
2021-10-19T12:59:07.084+0000	[#####################...] benchmark.Twitter	44.9GB/49.1GB (91.5%)
2021-10-19T12:59:10.084+0000	[#####################...] benchmark.Twitter	45.0GB/49.1GB (91.6%)
2021-10-19T12:59:13.085+0000	[######################..] benchmark.Twitter	45.1GB/49.1GB (91.8%)
2021-10-19T12:59:16.084+0000	[######################..] benchmark.Twitter	45.2GB/49.1GB (91.9%)
2021-10-19T12:59:19.084+0000	[######################..] benchmark.Twitter	45.2GB/49.1GB (92.1%)
2021-10-19T12:59:22.084+0000	[######################..] benchmark.Twitter	45.3GB/49.1GB (92.2%)
2021-10-19T12:59:25.084+0000	[######################..] benchmark.Twitter	45.4GB/49.1GB (92.4%)
2021-10-19T12:59:28.084+0000	[######################..] benchmark.Twitter	45.5GB/49.1GB (92.5%)
2021-10-19T12:59:31.084+0000	[######################..] benchmark.Twitter	45.5GB/49.1GB (92.7%)
2021-10-19T12:59:34.084+0000	[######################..] benchmark.Twitter	45.6GB/49.1GB (92.8%)
2021-10-19T12:59:37.084+0000	[######################..] benchmark.Twitter	45.7GB/49.1GB (93.0%)
2021-10-19T12:59:40.084+0000	[######################..] benchmark.Twitter	45.8GB/49.1GB (93.1%)
2021-10-19T12:59:43.084+0000	[######################..] benchmark.Twitter	45.8GB/49.1GB (93.3%)
2021-10-19T12:59:46.084+0000	[######################..] benchmark.Twitter	45.9GB/49.1GB (93.5%)
2021-10-19T12:59:49.084+0000	[######################..] benchmark.Twitter	46.0GB/49.1GB (93.6%)
2021-10-19T12:59:52.085+0000	[######################..] benchmark.Twitter	46.1GB/49.1GB (93.8%)
2021-10-19T12:59:55.084+0000	[######################..] benchmark.Twitter	46.1GB/49.1GB (93.9%)
2021-10-19T12:59:58.084+0000	[######################..] benchmark.Twitter	46.2GB/49.1GB (94.1%)
2021-10-19T13:00:01.084+0000	[######################..] benchmark.Twitter	46.3GB/49.1GB (94.2%)
2021-10-19T13:00:04.084+0000	[######################..] benchmark.Twitter	46.4GB/49.1GB (94.4%)
2021-10-19T13:00:07.084+0000	[######################..] benchmark.Twitter	46.4GB/49.1GB (94.5%)
2021-10-19T13:00:10.085+0000	[######################..] benchmark.Twitter	46.5GB/49.1GB (94.7%)
2021-10-19T13:00:13.084+0000	[######################..] benchmark.Twitter	46.6GB/49.1GB (94.8%)
2021-10-19T13:00:16.084+0000	[######################..] benchmark.Twitter	46.7GB/49.1GB (95.0%)
2021-10-19T13:00:19.084+0000	[######################..] benchmark.Twitter	46.7GB/49.1GB (95.1%)
2021-10-19T13:00:22.084+0000	[######################..] benchmark.Twitter	46.8GB/49.1GB (95.3%)
2021-10-19T13:00:25.084+0000	[######################..] benchmark.Twitter	46.9GB/49.1GB (95.4%)
2021-10-19T13:00:28.084+0000	[######################..] benchmark.Twitter	46.9GB/49.1GB (95.5%)
2021-10-19T13:00:31.084+0000	[######################..] benchmark.Twitter	47.0GB/49.1GB (95.7%)
2021-10-19T13:00:34.084+0000	[######################..] benchmark.Twitter	47.1GB/49.1GB (95.8%)
2021-10-19T13:00:37.084+0000	[#######################.] benchmark.Twitter	47.1GB/49.1GB (96.0%)
2021-10-19T13:00:40.084+0000	[#######################.] benchmark.Twitter	47.2GB/49.1GB (96.1%)
2021-10-19T13:00:43.084+0000	[#######################.] benchmark.Twitter	47.3GB/49.1GB (96.2%)
2021-10-19T13:00:46.084+0000	[#######################.] benchmark.Twitter	47.3GB/49.1GB (96.4%)
2021-10-19T13:00:49.084+0000	[#######################.] benchmark.Twitter	47.4GB/49.1GB (96.5%)
2021-10-19T13:00:52.084+0000	[#######################.] benchmark.Twitter	47.5GB/49.1GB (96.7%)
2021-10-19T13:00:55.084+0000	[#######################.] benchmark.Twitter	47.6GB/49.1GB (96.8%)
2021-10-19T13:00:58.084+0000	[#######################.] benchmark.Twitter	47.6GB/49.1GB (97.0%)
2021-10-19T13:01:01.084+0000	[#######################.] benchmark.Twitter	47.7GB/49.1GB (97.1%)
2021-10-19T13:01:04.084+0000	[#######################.] benchmark.Twitter	47.8GB/49.1GB (97.3%)
2021-10-19T13:01:07.084+0000	[#######################.] benchmark.Twitter	47.9GB/49.1GB (97.4%)
2021-10-19T13:01:10.085+0000	[#######################.] benchmark.Twitter	47.9GB/49.1GB (97.6%)
2021-10-19T13:01:13.084+0000	[#######################.] benchmark.Twitter	48.0GB/49.1GB (97.7%)
2021-10-19T13:01:16.084+0000	[#######################.] benchmark.Twitter	48.1GB/49.1GB (97.9%)
2021-10-19T13:01:19.084+0000	[#######################.] benchmark.Twitter	48.2GB/49.1GB (98.0%)
2021-10-19T13:01:22.086+0000	[#######################.] benchmark.Twitter	48.2GB/49.1GB (98.2%)
2021-10-19T13:01:25.084+0000	[#######################.] benchmark.Twitter	48.3GB/49.1GB (98.3%)
2021-10-19T13:01:28.085+0000	[#######################.] benchmark.Twitter	48.4GB/49.1GB (98.5%)
2021-10-19T13:01:31.084+0000	[#######################.] benchmark.Twitter	48.5GB/49.1GB (98.6%)
2021-10-19T13:01:34.084+0000	[#######################.] benchmark.Twitter	48.5GB/49.1GB (98.8%)
2021-10-19T13:01:37.085+0000	[#######################.] benchmark.Twitter	48.6GB/49.1GB (98.9%)
2021-10-19T13:01:40.084+0000	[#######################.] benchmark.Twitter	48.7GB/49.1GB (99.1%)
2021-10-19T13:01:43.085+0000	[#######################.] benchmark.Twitter	48.8GB/49.1GB (99.2%)
2021-10-19T13:01:46.084+0000	[#######################.] benchmark.Twitter	48.8GB/49.1GB (99.4%)
2021-10-19T13:01:49.084+0000	[#######################.] benchmark.Twitter	48.9GB/49.1GB (99.5%)
2021-10-19T13:01:52.084+0000	[#######################.] benchmark.Twitter	49.0GB/49.1GB (99.7%)
2021-10-19T13:01:55.084+0000	[#######################.] benchmark.Twitter	49.0GB/49.1GB (99.8%)
2021-10-19T13:01:58.049+0000	[########################] benchmark.Twitter	49.1GB/49.1GB (100.0%)
2021-10-19T13:01:58.049+0000	13346336 document(s) imported successfully. 0 document(s) failed to import.
mongo-benchmark
MongoDB: 3164.53 s
mongo-benchmark
=== Found Postgres query file, executing Postgres queries ===
= File:'Twitter.json' =
13.4-alpine: Pulling from library/postgres
Digest: sha256:e9e481c3b0960e6acdd0d1202938617b9075d20f477765b531846671b7e624f2
Status: Image is up to date for postgres:13.4-alpine
b8dcefe087e71560588fcb7693a3e0e645f3fd16a3cc3ce788b7b83a98983e66
3
PSQL: 8009.27 s
psql-benchmark
=== Results ===
= JQ =
Overall: 
= JODA =
Overall: 141.289
Query Time: 66.0926
7.77139267
6.239757343
6.460832326
6.571288936
6.044037257
6.177900368
6.492834477
6.526114147
6.97880651
6.829624488
= Mongo =
Overall: 3164.53
182.923
156.794
160.329
170.392
64.056
72.37
81.223
81.308
82.013
80.75
Query Time: 1132.16
= PostgreSQL =
Overall: 8009.27
=== AGG Results ===
= JQ =

= JODA =
13346336
5073309
1985718
1423329
1253365
4467128
970479
434583
226865
79126
56933
= Mongo =
5073309
1985718
1423329
1253365
4467128
970479
434583
226865
79126
56933
= PostgreSQL =
 5073309
 1985718
 1423329
 1253365
 4456547
 959898
 424002
 216709
 68970
 48900
