=== Found JODA query file, executing JODA queries ===
= File:'NoBench.json' =
0.12.3: Pulling from nicotin/joda
Digest: sha256:6c0c6b4a19967ae02ef348535acdb3eb8496453a8b868763c34370e10be0192f
Status: Image is up to date for nicotin/joda:0.12.3
36c1e5320a98c94ebd954edaa88edbb8986f085058e841caf0547ac1e44eae64
0
JODA: 1.71068 s
joda-benchmark
=== Found MongoDB query file, executing MongoDB queries ===
= File:'NoBench.json' =
5.0.3-focal: Pulling from library/mongo
Digest: sha256:f7c401402aa3e689fc42c7109247ab2d5a3e3b4b8a3ace4c2bf7a5fc74ca4917
Status: Image is up to date for mongo:5.0.3-focal
8dd943d217495b190bf7e840b6cd043ca4c929b89adb790098773141edf099e6
2021-11-09T08:45:58.820+0000	connected to: mongodb://localhost/
2021-11-09T08:46:01.821+0000	[#######.................] benchmark.NoBench	16.6MB/54.9MB (30.1%)
2021-11-09T08:46:04.821+0000	[#############...........] benchmark.NoBench	31.2MB/54.9MB (56.8%)
2021-11-09T08:46:07.821+0000	[###################.....] benchmark.NoBench	44.8MB/54.9MB (81.6%)
2021-11-09T08:46:10.270+0000	[########################] benchmark.NoBench	54.9MB/54.9MB (100.0%)
2021-11-09T08:46:10.270+0000	100000 document(s) imported successfully. 0 document(s) failed to import.
mongo-benchmark
MongoDB: 17.6333 s
mongo-benchmark
=== Found Postgres query file, executing Postgres queries ===
= File:'NoBench.json' =
13.4-alpine: Pulling from library/postgres
Digest: sha256:c170270dc9ba94f491375e366fa2cf46d0bc0027e4a69d70e6e9d1454ba748dc
Status: Image is up to date for postgres:13.4-alpine
27aabc646ae0f8656ae7795ca0d432986659633f328525e57be3753a72f67f42
3
PSQL: 5.87332 s
psql-benchmark
=== Results ===
= JQ =
Overall: 
= JODA =
Overall: 1.71068
Query Time: 0.409087
0.060782242
0.050486579
0.051798249
0.042147591
0.040111423
0.031088419
0.035781034
0.031891812
0.032658954
0.032340602
= Mongo =
Overall: 17.6333
0.353
0.485
0.477
0.378
0.489
0.272
0.5
0.495
0.383
0.316
Query Time: 4.148
= PostgreSQL =
Overall: 5.87332
=== AGG Results ===
= JQ =

= JODA =
100000
34172
82443
82313
42304
18711
6632
3068
818
278
10
= Mongo =
34172
82443
82313
42304
18711
6632
3068
818
278
10
= PostgreSQL =
 34172
 82443
 82313
 42304
 18711
  6632
  3068
   818
   278
    10
