=== Found JODA query file, executing JODA queries ===
= File:'Twitter.json' =
0.12.4: Pulling from nicotin/joda
Digest: sha256:b253680f2c5ee1118e2c282e0c4ebff5cb6e87643fb98abcf1e686caaa35152a
Status: Image is up to date for nicotin/joda:0.12.4
7bff757c727e50ab7e2429658e74cf92affa75c123de6a27458dd4b3ce6b618d
0
JODA: 96.6542 s
joda-benchmark
=== Results ===
= JQ =
Overall: 
= JODA =
Overall: 96.6542
Query Time: 23.9403
6.330859946
4.690532339
5.103942111
0.819208005
2.393986872
0.850950496
0.626480073
0.573253197
2.423279941
0.127791202
= Mongo =
Overall: 

Query Time: 
= PostgreSQL =
Overall: 
=== AGG Results ===
= JQ =

= JODA =
13346336
5073309
7655190
3612794
1484370
8920061
282556
282556
282556
1336838
269802
= Mongo =

= PostgreSQL =

