=== Found JODA query file, executing JODA queries ===
= File:'Twitter.json' =
0.12.4: Pulling from nicotin/joda
Digest: sha256:b253680f2c5ee1118e2c282e0c4ebff5cb6e87643fb98abcf1e686caaa35152a
Status: Image is up to date for nicotin/joda:0.12.4
d48d27f1bb6eaac07ddd642c803d85db58a005e2060873f11d30ad62c68ff7d4
0
JODA: 79.0587 s
joda-benchmark
=== Results ===
= JQ =
Overall: 
= JODA =
Overall: 79.0587
Query Time: 13.5143
6.918641373
2.561428244
0.770049768
0.271149888
0.219670035
0.134406271
0.111691127
0.111800502
1.217707758
1.197760794
= Mongo =
Overall: 

Query Time: 
= PostgreSQL =
Overall: 
=== AGG Results ===
= JQ =

= JODA =
13346336
10691615
5073309
1707641
1317761
863871
734284
406259
128880
10691615
5073309
= Mongo =

= PostgreSQL =

