=== Found JODA query file, executing JODA queries ===
= File:'NoBench.json' =
0.12.3: Pulling from nicotin/joda
Digest: sha256:6c0c6b4a19967ae02ef348535acdb3eb8496453a8b868763c34370e10be0192f
Status: Image is up to date for nicotin/joda:0.12.3
f25a5e46b69f884ed1d85dcd69701a8b3a043aa9124c042fd1faad6a5853e8e5
0
JODA: 1.47199 s
joda-benchmark
=== Found MongoDB query file, executing MongoDB queries ===
= File:'NoBench.json' =
5.0.3-focal: Pulling from library/mongo
Digest: sha256:f7c401402aa3e689fc42c7109247ab2d5a3e3b4b8a3ace4c2bf7a5fc74ca4917
Status: Image is up to date for mongo:5.0.3-focal
c5e2fe7faef241e2a98135c23bc44e126a9a92d6e062d3f32459496c3c57ab54
2021-11-09T18:28:58.225+0000	connected to: mongodb://localhost/
2021-11-09T18:28:58.918+0000	10000 document(s) imported successfully. 0 document(s) failed to import.
mongo-benchmark
MongoDB: 2.99427 s
mongo-benchmark
=== Found Postgres query file, executing Postgres queries ===
= File:'NoBench.json' =
13.4-alpine: Pulling from library/postgres
Digest: sha256:c170270dc9ba94f491375e366fa2cf46d0bc0027e4a69d70e6e9d1454ba748dc
Status: Image is up to date for postgres:13.4-alpine
eabce285d5dc99864a4e1cae11f15554339c0c6cfe6552241b4126d42fbc192e
3
PSQL: 2.23874 s
psql-benchmark
=== Results ===
= JQ =
Overall: 
= JODA =
Overall: 1.47199
Query Time: 0.27485
0.030242124
0.033617445
0.026153722
0.028872877
0.029539302
0.02909013
0.028466703
0.02705034
0.022205332
0.019611665
= Mongo =
Overall: 2.99427
0.042
0.056
0.046
0.047
0.062
0.022
0.073
0.063
0.049
0.042
Query Time: 0.502
= PostgreSQL =
Overall: 2.23874
=== AGG Results ===
= JQ =

= JODA =
10000
2917
8011
2893
4117
1283
4994
627
142
49
23
= Mongo =
2917
8011
2893
4117
1283
4994
627
142
49
23
= PostgreSQL =
  2917
  8011
  2893
  4117
  1283
  4994
   627
   142
    49
    23
