=== Found JODA query file, executing JODA queries ===
= File:'Twitter.json' =
0.12.4: Pulling from nicotin/joda
Digest: sha256:b253680f2c5ee1118e2c282e0c4ebff5cb6e87643fb98abcf1e686caaa35152a
Status: Image is up to date for nicotin/joda:0.12.4
b66ab44a55f805a2c9320f2ed4a318ac406c7ba65837380b88f1cc91100da6e9
0
JODA: 90.1805 s
joda-benchmark
=== Results ===
= JQ =
Overall: 
= JODA =
Overall: 90.1805
Query Time: 15.9423
5.761479385
2.094010166
1.211507831
1.887698294
1.217780157
1.120119214
0.700228857
0.540813845
0.520916698
0.887712937
= Mongo =
Overall: 

Query Time: 
= PostgreSQL =
Overall: 
=== AGG Results ===
= JQ =

= JODA =
13346336
5073309
5073309
4100646
10691615
4682848
5542369
3000288
1897900
2959630
4334139
= Mongo =

= PostgreSQL =

