=== Found JODA query file, executing JODA queries ===
= File:'Twitter.json' =
0.12.4: Pulling from nicotin/joda
Digest: sha256:b253680f2c5ee1118e2c282e0c4ebff5cb6e87643fb98abcf1e686caaa35152a
Status: Image is up to date for nicotin/joda:0.12.4
9ced6afd2902fc7c93b5e8d027c110fbea22783b9f0798941190bee64492fcab
0
JODA: 107.751 s
joda-benchmark
=== Results ===
= JQ =
Overall: 
= JODA =
Overall: 107.751
Query Time: 24.6312
4.611460334
4.464389528
5.238350367
2.030154488
3.164690945
1.231806857
1.031924578
1.557881183
0.745775883
0.554811255
= Mongo =
Overall: 

Query Time: 
= PostgreSQL =
Overall: 
=== AGG Results ===
= JQ =

= JODA =
13346336
10691615
10691615
5228698
5073309
4557255
3485353
3673894
5328263
2370128
2594328
= Mongo =

= PostgreSQL =

