=== Found JODA query file, executing JODA queries ===
= File:'Twitter.json' =
0.12.2: Pulling from nicotin/joda
Digest: sha256:f5e9052c3cc1af5f34dcaa9442d46f2baf40a6a1b6fc3a0d59558d49b5ec8fcf
Status: Image is up to date for nicotin/joda:0.12.2
33806e29e7c0f81646c0e9526c99a7fed95e7ee7ab19d6352cf40408a3b1e3fc
0
JODA: 120.022 s
joda-benchmark
=== Found MongoDB query file, executing MongoDB queries ===
= File:'Twitter.json' =
5.0.3-focal: Pulling from library/mongo
Digest: sha256:f7c401402aa3e689fc42c7109247ab2d5a3e3b4b8a3ace4c2bf7a5fc74ca4917
Status: Image is up to date for mongo:5.0.3-focal
5cb6001cc88e321354ab062bb0abed83878822780ef16a756324c06a3fb611b1
2021-10-23T08:02:59.371+0000	connected to: mongodb://localhost/
2021-10-23T08:03:02.372+0000	[........................] benchmark.Twitter	49.7MB/49.1GB (0.1%)
2021-10-23T08:03:05.371+0000	[........................] benchmark.Twitter	104MB/49.1GB (0.2%)
2021-10-23T08:03:08.372+0000	[........................] benchmark.Twitter	162MB/49.1GB (0.3%)
2021-10-23T08:03:11.372+0000	[........................] benchmark.Twitter	221MB/49.1GB (0.4%)
2021-10-23T08:03:14.371+0000	[........................] benchmark.Twitter	275MB/49.1GB (0.5%)
2021-10-23T08:03:17.371+0000	[........................] benchmark.Twitter	333MB/49.1GB (0.7%)
2021-10-23T08:03:20.371+0000	[........................] benchmark.Twitter	390MB/49.1GB (0.8%)
2021-10-23T08:03:23.371+0000	[........................] benchmark.Twitter	446MB/49.1GB (0.9%)
2021-10-23T08:03:26.371+0000	[........................] benchmark.Twitter	503MB/49.1GB (1.0%)
2021-10-23T08:03:29.371+0000	[........................] benchmark.Twitter	561MB/49.1GB (1.1%)
2021-10-23T08:03:32.371+0000	[........................] benchmark.Twitter	618MB/49.1GB (1.2%)
2021-10-23T08:03:35.372+0000	[........................] benchmark.Twitter	677MB/49.1GB (1.3%)
2021-10-23T08:03:38.371+0000	[........................] benchmark.Twitter	734MB/49.1GB (1.5%)
2021-10-23T08:03:41.371+0000	[........................] benchmark.Twitter	791MB/49.1GB (1.6%)
2021-10-23T08:03:44.371+0000	[........................] benchmark.Twitter	847MB/49.1GB (1.7%)
2021-10-23T08:03:47.372+0000	[........................] benchmark.Twitter	904MB/49.1GB (1.8%)
2021-10-23T08:03:50.371+0000	[........................] benchmark.Twitter	962MB/49.1GB (1.9%)
2021-10-23T08:03:53.373+0000	[........................] benchmark.Twitter	1019MB/49.1GB (2.0%)
2021-10-23T08:03:56.371+0000	[........................] benchmark.Twitter	1.05GB/49.1GB (2.1%)
2021-10-23T08:03:59.372+0000	[........................] benchmark.Twitter	1.10GB/49.1GB (2.2%)
2021-10-23T08:04:02.371+0000	[........................] benchmark.Twitter	1.16GB/49.1GB (2.4%)
2021-10-23T08:04:05.371+0000	[........................] benchmark.Twitter	1.22GB/49.1GB (2.5%)
2021-10-23T08:04:08.371+0000	[........................] benchmark.Twitter	1.28GB/49.1GB (2.6%)
2021-10-23T08:04:11.371+0000	[........................] benchmark.Twitter	1.33GB/49.1GB (2.7%)
2021-10-23T08:04:14.372+0000	[........................] benchmark.Twitter	1.39GB/49.1GB (2.8%)
2021-10-23T08:04:17.371+0000	[........................] benchmark.Twitter	1.44GB/49.1GB (2.9%)
2021-10-23T08:04:20.371+0000	[........................] benchmark.Twitter	1.50GB/49.1GB (3.1%)
2021-10-23T08:04:23.372+0000	[........................] benchmark.Twitter	1.56GB/49.1GB (3.2%)
2021-10-23T08:04:26.372+0000	[........................] benchmark.Twitter	1.61GB/49.1GB (3.3%)
2021-10-23T08:04:29.372+0000	[........................] benchmark.Twitter	1.67GB/49.1GB (3.4%)
2021-10-23T08:04:32.371+0000	[........................] benchmark.Twitter	1.72GB/49.1GB (3.5%)
2021-10-23T08:04:35.372+0000	[........................] benchmark.Twitter	1.78GB/49.1GB (3.6%)
2021-10-23T08:04:38.372+0000	[........................] benchmark.Twitter	1.83GB/49.1GB (3.7%)
2021-10-23T08:04:41.371+0000	[........................] benchmark.Twitter	1.89GB/49.1GB (3.8%)
2021-10-23T08:04:44.371+0000	[........................] benchmark.Twitter	1.95GB/49.1GB (4.0%)
2021-10-23T08:04:47.371+0000	[........................] benchmark.Twitter	2.00GB/49.1GB (4.1%)
2021-10-23T08:04:50.371+0000	[#.......................] benchmark.Twitter	2.05GB/49.1GB (4.2%)
2021-10-23T08:04:53.372+0000	[#.......................] benchmark.Twitter	2.09GB/49.1GB (4.3%)
2021-10-23T08:04:56.371+0000	[#.......................] benchmark.Twitter	2.14GB/49.1GB (4.4%)
2021-10-23T08:04:59.372+0000	[#.......................] benchmark.Twitter	2.19GB/49.1GB (4.5%)
2021-10-23T08:05:02.371+0000	[#.......................] benchmark.Twitter	2.23GB/49.1GB (4.5%)
2021-10-23T08:05:05.371+0000	[#.......................] benchmark.Twitter	2.28GB/49.1GB (4.7%)
2021-10-23T08:05:08.371+0000	[#.......................] benchmark.Twitter	2.33GB/49.1GB (4.8%)
2021-10-23T08:05:11.372+0000	[#.......................] benchmark.Twitter	2.39GB/49.1GB (4.9%)
2021-10-23T08:05:14.372+0000	[#.......................] benchmark.Twitter	2.45GB/49.1GB (5.0%)
2021-10-23T08:05:17.372+0000	[#.......................] benchmark.Twitter	2.50GB/49.1GB (5.1%)
2021-10-23T08:05:20.371+0000	[#.......................] benchmark.Twitter	2.56GB/49.1GB (5.2%)
2021-10-23T08:05:23.371+0000	[#.......................] benchmark.Twitter	2.62GB/49.1GB (5.3%)
2021-10-23T08:05:26.372+0000	[#.......................] benchmark.Twitter	2.67GB/49.1GB (5.4%)
2021-10-23T08:05:29.372+0000	[#.......................] benchmark.Twitter	2.73GB/49.1GB (5.6%)
2021-10-23T08:05:32.371+0000	[#.......................] benchmark.Twitter	2.79GB/49.1GB (5.7%)
2021-10-23T08:05:35.371+0000	[#.......................] benchmark.Twitter	2.84GB/49.1GB (5.8%)
2021-10-23T08:05:38.371+0000	[#.......................] benchmark.Twitter	2.90GB/49.1GB (5.9%)
2021-10-23T08:05:41.371+0000	[#.......................] benchmark.Twitter	2.95GB/49.1GB (6.0%)
2021-10-23T08:05:44.372+0000	[#.......................] benchmark.Twitter	3.01GB/49.1GB (6.1%)
2021-10-23T08:05:47.371+0000	[#.......................] benchmark.Twitter	3.06GB/49.1GB (6.2%)
2021-10-23T08:05:50.371+0000	[#.......................] benchmark.Twitter	3.12GB/49.1GB (6.4%)
2021-10-23T08:05:53.371+0000	[#.......................] benchmark.Twitter	3.18GB/49.1GB (6.5%)
2021-10-23T08:05:56.371+0000	[#.......................] benchmark.Twitter	3.23GB/49.1GB (6.6%)
2021-10-23T08:05:59.372+0000	[#.......................] benchmark.Twitter	3.29GB/49.1GB (6.7%)
2021-10-23T08:06:02.371+0000	[#.......................] benchmark.Twitter	3.35GB/49.1GB (6.8%)
2021-10-23T08:06:05.371+0000	[#.......................] benchmark.Twitter	3.40GB/49.1GB (6.9%)
2021-10-23T08:06:08.371+0000	[#.......................] benchmark.Twitter	3.46GB/49.1GB (7.0%)
2021-10-23T08:06:11.372+0000	[#.......................] benchmark.Twitter	3.52GB/49.1GB (7.2%)
2021-10-23T08:06:14.371+0000	[#.......................] benchmark.Twitter	3.58GB/49.1GB (7.3%)
2021-10-23T08:06:17.371+0000	[#.......................] benchmark.Twitter	3.64GB/49.1GB (7.4%)
2021-10-23T08:06:20.371+0000	[#.......................] benchmark.Twitter	3.69GB/49.1GB (7.5%)
2021-10-23T08:06:23.372+0000	[#.......................] benchmark.Twitter	3.75GB/49.1GB (7.6%)
2021-10-23T08:06:26.371+0000	[#.......................] benchmark.Twitter	3.80GB/49.1GB (7.7%)
2021-10-23T08:06:29.371+0000	[#.......................] benchmark.Twitter	3.86GB/49.1GB (7.9%)
2021-10-23T08:06:32.371+0000	[#.......................] benchmark.Twitter	3.92GB/49.1GB (8.0%)
2021-10-23T08:06:35.371+0000	[#.......................] benchmark.Twitter	3.97GB/49.1GB (8.1%)
2021-10-23T08:06:38.372+0000	[#.......................] benchmark.Twitter	4.03GB/49.1GB (8.2%)
2021-10-23T08:06:41.371+0000	[#.......................] benchmark.Twitter	4.09GB/49.1GB (8.3%)
2021-10-23T08:06:44.371+0000	[##......................] benchmark.Twitter	4.14GB/49.1GB (8.4%)
2021-10-23T08:06:47.372+0000	[##......................] benchmark.Twitter	4.20GB/49.1GB (8.6%)
2021-10-23T08:06:50.371+0000	[##......................] benchmark.Twitter	4.26GB/49.1GB (8.7%)
2021-10-23T08:06:53.371+0000	[##......................] benchmark.Twitter	4.31GB/49.1GB (8.8%)
2021-10-23T08:06:56.371+0000	[##......................] benchmark.Twitter	4.37GB/49.1GB (8.9%)
2021-10-23T08:06:59.371+0000	[##......................] benchmark.Twitter	4.42GB/49.1GB (9.0%)
2021-10-23T08:07:02.371+0000	[##......................] benchmark.Twitter	4.48GB/49.1GB (9.1%)
2021-10-23T08:07:05.372+0000	[##......................] benchmark.Twitter	4.54GB/49.1GB (9.2%)
2021-10-23T08:07:08.371+0000	[##......................] benchmark.Twitter	4.59GB/49.1GB (9.3%)
2021-10-23T08:07:11.371+0000	[##......................] benchmark.Twitter	4.65GB/49.1GB (9.5%)
2021-10-23T08:07:14.371+0000	[##......................] benchmark.Twitter	4.71GB/49.1GB (9.6%)
2021-10-23T08:07:17.372+0000	[##......................] benchmark.Twitter	4.76GB/49.1GB (9.7%)
2021-10-23T08:07:20.371+0000	[##......................] benchmark.Twitter	4.82GB/49.1GB (9.8%)
2021-10-23T08:07:23.372+0000	[##......................] benchmark.Twitter	4.88GB/49.1GB (9.9%)
2021-10-23T08:07:26.371+0000	[##......................] benchmark.Twitter	4.93GB/49.1GB (10.0%)
2021-10-23T08:07:29.372+0000	[##......................] benchmark.Twitter	4.99GB/49.1GB (10.2%)
2021-10-23T08:07:32.372+0000	[##......................] benchmark.Twitter	5.05GB/49.1GB (10.3%)
2021-10-23T08:07:35.371+0000	[##......................] benchmark.Twitter	5.10GB/49.1GB (10.4%)
2021-10-23T08:07:38.371+0000	[##......................] benchmark.Twitter	5.16GB/49.1GB (10.5%)
2021-10-23T08:07:41.372+0000	[##......................] benchmark.Twitter	5.21GB/49.1GB (10.6%)
2021-10-23T08:07:44.371+0000	[##......................] benchmark.Twitter	5.27GB/49.1GB (10.7%)
2021-10-23T08:07:47.372+0000	[##......................] benchmark.Twitter	5.32GB/49.1GB (10.8%)
2021-10-23T08:07:50.372+0000	[##......................] benchmark.Twitter	5.36GB/49.1GB (10.9%)
2021-10-23T08:07:53.371+0000	[##......................] benchmark.Twitter	5.41GB/49.1GB (11.0%)
2021-10-23T08:07:56.372+0000	[##......................] benchmark.Twitter	5.46GB/49.1GB (11.1%)
2021-10-23T08:07:59.371+0000	[##......................] benchmark.Twitter	5.51GB/49.1GB (11.2%)
2021-10-23T08:08:02.372+0000	[##......................] benchmark.Twitter	5.56GB/49.1GB (11.3%)
2021-10-23T08:08:05.372+0000	[##......................] benchmark.Twitter	5.61GB/49.1GB (11.4%)
2021-10-23T08:08:08.371+0000	[##......................] benchmark.Twitter	5.66GB/49.1GB (11.5%)
2021-10-23T08:08:11.372+0000	[##......................] benchmark.Twitter	5.70GB/49.1GB (11.6%)
2021-10-23T08:08:14.372+0000	[##......................] benchmark.Twitter	5.75GB/49.1GB (11.7%)
2021-10-23T08:08:17.371+0000	[##......................] benchmark.Twitter	5.80GB/49.1GB (11.8%)
2021-10-23T08:08:20.372+0000	[##......................] benchmark.Twitter	5.85GB/49.1GB (11.9%)
2021-10-23T08:08:23.371+0000	[##......................] benchmark.Twitter	5.90GB/49.1GB (12.0%)
2021-10-23T08:08:26.371+0000	[##......................] benchmark.Twitter	5.95GB/49.1GB (12.1%)
2021-10-23T08:08:29.371+0000	[##......................] benchmark.Twitter	6.00GB/49.1GB (12.2%)
2021-10-23T08:08:32.371+0000	[##......................] benchmark.Twitter	6.05GB/49.1GB (12.3%)
2021-10-23T08:08:35.371+0000	[##......................] benchmark.Twitter	6.11GB/49.1GB (12.4%)
2021-10-23T08:08:38.372+0000	[###.....................] benchmark.Twitter	6.16GB/49.1GB (12.5%)
2021-10-23T08:08:41.372+0000	[###.....................] benchmark.Twitter	6.22GB/49.1GB (12.7%)
2021-10-23T08:08:44.371+0000	[###.....................] benchmark.Twitter	6.28GB/49.1GB (12.8%)
2021-10-23T08:08:47.371+0000	[###.....................] benchmark.Twitter	6.33GB/49.1GB (12.9%)
2021-10-23T08:08:50.371+0000	[###.....................] benchmark.Twitter	6.39GB/49.1GB (13.0%)
2021-10-23T08:08:53.372+0000	[###.....................] benchmark.Twitter	6.45GB/49.1GB (13.1%)
2021-10-23T08:08:56.371+0000	[###.....................] benchmark.Twitter	6.50GB/49.1GB (13.2%)
2021-10-23T08:08:59.371+0000	[###.....................] benchmark.Twitter	6.56GB/49.1GB (13.3%)
2021-10-23T08:09:02.371+0000	[###.....................] benchmark.Twitter	6.61GB/49.1GB (13.5%)
2021-10-23T08:09:05.371+0000	[###.....................] benchmark.Twitter	6.67GB/49.1GB (13.6%)
2021-10-23T08:09:08.371+0000	[###.....................] benchmark.Twitter	6.73GB/49.1GB (13.7%)
2021-10-23T08:09:11.372+0000	[###.....................] benchmark.Twitter	6.78GB/49.1GB (13.8%)
2021-10-23T08:09:14.371+0000	[###.....................] benchmark.Twitter	6.84GB/49.1GB (13.9%)
2021-10-23T08:09:17.371+0000	[###.....................] benchmark.Twitter	6.90GB/49.1GB (14.0%)
2021-10-23T08:09:20.371+0000	[###.....................] benchmark.Twitter	6.96GB/49.1GB (14.2%)
2021-10-23T08:09:23.371+0000	[###.....................] benchmark.Twitter	7.01GB/49.1GB (14.3%)
2021-10-23T08:09:26.372+0000	[###.....................] benchmark.Twitter	7.07GB/49.1GB (14.4%)
2021-10-23T08:09:29.371+0000	[###.....................] benchmark.Twitter	7.12GB/49.1GB (14.5%)
2021-10-23T08:09:32.371+0000	[###.....................] benchmark.Twitter	7.18GB/49.1GB (14.6%)
2021-10-23T08:09:35.372+0000	[###.....................] benchmark.Twitter	7.24GB/49.1GB (14.7%)
2021-10-23T08:09:38.372+0000	[###.....................] benchmark.Twitter	7.29GB/49.1GB (14.8%)
2021-10-23T08:09:41.371+0000	[###.....................] benchmark.Twitter	7.35GB/49.1GB (15.0%)
2021-10-23T08:09:44.372+0000	[###.....................] benchmark.Twitter	7.40GB/49.1GB (15.1%)
2021-10-23T08:09:47.371+0000	[###.....................] benchmark.Twitter	7.46GB/49.1GB (15.2%)
2021-10-23T08:09:50.375+0000	[###.....................] benchmark.Twitter	7.52GB/49.1GB (15.3%)
2021-10-23T08:09:53.372+0000	[###.....................] benchmark.Twitter	7.57GB/49.1GB (15.4%)
2021-10-23T08:09:56.371+0000	[###.....................] benchmark.Twitter	7.63GB/49.1GB (15.5%)
2021-10-23T08:09:59.372+0000	[###.....................] benchmark.Twitter	7.68GB/49.1GB (15.6%)
2021-10-23T08:10:02.371+0000	[###.....................] benchmark.Twitter	7.74GB/49.1GB (15.8%)
2021-10-23T08:10:05.372+0000	[###.....................] benchmark.Twitter	7.80GB/49.1GB (15.9%)
2021-10-23T08:10:08.372+0000	[###.....................] benchmark.Twitter	7.85GB/49.1GB (16.0%)
2021-10-23T08:10:11.372+0000	[###.....................] benchmark.Twitter	7.91GB/49.1GB (16.1%)
2021-10-23T08:10:14.372+0000	[###.....................] benchmark.Twitter	7.97GB/49.1GB (16.2%)
2021-10-23T08:10:17.372+0000	[###.....................] benchmark.Twitter	8.02GB/49.1GB (16.3%)
2021-10-23T08:10:20.372+0000	[###.....................] benchmark.Twitter	8.08GB/49.1GB (16.4%)
2021-10-23T08:10:23.371+0000	[###.....................] benchmark.Twitter	8.14GB/49.1GB (16.6%)
2021-10-23T08:10:26.371+0000	[####....................] benchmark.Twitter	8.20GB/49.1GB (16.7%)
2021-10-23T08:10:29.372+0000	[####....................] benchmark.Twitter	8.26GB/49.1GB (16.8%)
2021-10-23T08:10:32.372+0000	[####....................] benchmark.Twitter	8.31GB/49.1GB (16.9%)
2021-10-23T08:10:35.371+0000	[####....................] benchmark.Twitter	8.37GB/49.1GB (17.0%)
2021-10-23T08:10:38.372+0000	[####....................] benchmark.Twitter	8.42GB/49.1GB (17.1%)
2021-10-23T08:10:41.371+0000	[####....................] benchmark.Twitter	8.48GB/49.1GB (17.3%)
2021-10-23T08:10:44.371+0000	[####....................] benchmark.Twitter	8.54GB/49.1GB (17.4%)
2021-10-23T08:10:47.371+0000	[####....................] benchmark.Twitter	8.59GB/49.1GB (17.5%)
2021-10-23T08:10:50.372+0000	[####....................] benchmark.Twitter	8.65GB/49.1GB (17.6%)
2021-10-23T08:10:53.371+0000	[####....................] benchmark.Twitter	8.71GB/49.1GB (17.7%)
2021-10-23T08:10:56.371+0000	[####....................] benchmark.Twitter	8.76GB/49.1GB (17.8%)
2021-10-23T08:10:59.371+0000	[####....................] benchmark.Twitter	8.82GB/49.1GB (18.0%)
2021-10-23T08:11:02.371+0000	[####....................] benchmark.Twitter	8.87GB/49.1GB (18.1%)
2021-10-23T08:11:05.371+0000	[####....................] benchmark.Twitter	8.92GB/49.1GB (18.2%)
2021-10-23T08:11:08.373+0000	[####....................] benchmark.Twitter	8.97GB/49.1GB (18.3%)
2021-10-23T08:11:11.372+0000	[####....................] benchmark.Twitter	9.02GB/49.1GB (18.4%)
2021-10-23T08:11:14.372+0000	[####....................] benchmark.Twitter	9.06GB/49.1GB (18.4%)
2021-10-23T08:11:17.371+0000	[####....................] benchmark.Twitter	9.11GB/49.1GB (18.5%)
2021-10-23T08:11:20.372+0000	[####....................] benchmark.Twitter	9.16GB/49.1GB (18.6%)
2021-10-23T08:11:23.371+0000	[####....................] benchmark.Twitter	9.21GB/49.1GB (18.7%)
2021-10-23T08:11:26.371+0000	[####....................] benchmark.Twitter	9.26GB/49.1GB (18.8%)
2021-10-23T08:11:29.372+0000	[####....................] benchmark.Twitter	9.31GB/49.1GB (18.9%)
2021-10-23T08:11:32.371+0000	[####....................] benchmark.Twitter	9.36GB/49.1GB (19.0%)
2021-10-23T08:11:35.371+0000	[####....................] benchmark.Twitter	9.40GB/49.1GB (19.1%)
2021-10-23T08:11:38.372+0000	[####....................] benchmark.Twitter	9.45GB/49.1GB (19.2%)
2021-10-23T08:11:41.371+0000	[####....................] benchmark.Twitter	9.50GB/49.1GB (19.3%)
2021-10-23T08:11:44.372+0000	[####....................] benchmark.Twitter	9.55GB/49.1GB (19.4%)
2021-10-23T08:11:47.371+0000	[####....................] benchmark.Twitter	9.60GB/49.1GB (19.5%)
2021-10-23T08:11:50.372+0000	[####....................] benchmark.Twitter	9.65GB/49.1GB (19.6%)
2021-10-23T08:11:53.371+0000	[####....................] benchmark.Twitter	9.71GB/49.1GB (19.8%)
2021-10-23T08:11:56.372+0000	[####....................] benchmark.Twitter	9.76GB/49.1GB (19.9%)
2021-10-23T08:11:59.371+0000	[####....................] benchmark.Twitter	9.82GB/49.1GB (20.0%)
2021-10-23T08:12:02.371+0000	[####....................] benchmark.Twitter	9.88GB/49.1GB (20.1%)
2021-10-23T08:12:05.372+0000	[####....................] benchmark.Twitter	9.93GB/49.1GB (20.2%)
2021-10-23T08:12:08.372+0000	[####....................] benchmark.Twitter	9.99GB/49.1GB (20.3%)
2021-10-23T08:12:11.371+0000	[####....................] benchmark.Twitter	10.0GB/49.1GB (20.4%)
2021-10-23T08:12:14.372+0000	[####....................] benchmark.Twitter	10.1GB/49.1GB (20.6%)
2021-10-23T08:12:17.371+0000	[####....................] benchmark.Twitter	10.2GB/49.1GB (20.7%)
2021-10-23T08:12:20.372+0000	[####....................] benchmark.Twitter	10.2GB/49.1GB (20.8%)
2021-10-23T08:12:23.374+0000	[#####...................] benchmark.Twitter	10.3GB/49.1GB (20.9%)
2021-10-23T08:12:26.372+0000	[#####...................] benchmark.Twitter	10.3GB/49.1GB (21.0%)
2021-10-23T08:12:29.371+0000	[#####...................] benchmark.Twitter	10.4GB/49.1GB (21.1%)
2021-10-23T08:12:32.371+0000	[#####...................] benchmark.Twitter	10.4GB/49.1GB (21.3%)
2021-10-23T08:12:35.371+0000	[#####...................] benchmark.Twitter	10.5GB/49.1GB (21.4%)
2021-10-23T08:12:38.371+0000	[#####...................] benchmark.Twitter	10.6GB/49.1GB (21.5%)
2021-10-23T08:12:41.371+0000	[#####...................] benchmark.Twitter	10.6GB/49.1GB (21.6%)
2021-10-23T08:12:44.372+0000	[#####...................] benchmark.Twitter	10.7GB/49.1GB (21.7%)
2021-10-23T08:12:47.373+0000	[#####...................] benchmark.Twitter	10.7GB/49.1GB (21.8%)
2021-10-23T08:12:50.372+0000	[#####...................] benchmark.Twitter	10.8GB/49.1GB (21.9%)
2021-10-23T08:12:53.371+0000	[#####...................] benchmark.Twitter	10.8GB/49.1GB (22.1%)
2021-10-23T08:12:56.371+0000	[#####...................] benchmark.Twitter	10.9GB/49.1GB (22.2%)
2021-10-23T08:12:59.371+0000	[#####...................] benchmark.Twitter	11.0GB/49.1GB (22.3%)
2021-10-23T08:13:02.371+0000	[#####...................] benchmark.Twitter	11.0GB/49.1GB (22.4%)
2021-10-23T08:13:05.371+0000	[#####...................] benchmark.Twitter	11.1GB/49.1GB (22.5%)
2021-10-23T08:13:08.372+0000	[#####...................] benchmark.Twitter	11.1GB/49.1GB (22.6%)
2021-10-23T08:13:11.371+0000	[#####...................] benchmark.Twitter	11.2GB/49.1GB (22.8%)
2021-10-23T08:13:14.372+0000	[#####...................] benchmark.Twitter	11.2GB/49.1GB (22.9%)
2021-10-23T08:13:17.372+0000	[#####...................] benchmark.Twitter	11.3GB/49.1GB (23.0%)
2021-10-23T08:13:20.373+0000	[#####...................] benchmark.Twitter	11.4GB/49.1GB (23.1%)
2021-10-23T08:13:23.371+0000	[#####...................] benchmark.Twitter	11.4GB/49.1GB (23.2%)
2021-10-23T08:13:26.371+0000	[#####...................] benchmark.Twitter	11.5GB/49.1GB (23.3%)
2021-10-23T08:13:29.371+0000	[#####...................] benchmark.Twitter	11.5GB/49.1GB (23.5%)
2021-10-23T08:13:32.372+0000	[#####...................] benchmark.Twitter	11.6GB/49.1GB (23.6%)
2021-10-23T08:13:35.371+0000	[#####...................] benchmark.Twitter	11.7GB/49.1GB (23.7%)
2021-10-23T08:13:38.371+0000	[#####...................] benchmark.Twitter	11.7GB/49.1GB (23.8%)
2021-10-23T08:13:41.372+0000	[#####...................] benchmark.Twitter	11.8GB/49.1GB (23.9%)
2021-10-23T08:13:44.372+0000	[#####...................] benchmark.Twitter	11.8GB/49.1GB (24.1%)
2021-10-23T08:13:47.371+0000	[#####...................] benchmark.Twitter	11.9GB/49.1GB (24.2%)
2021-10-23T08:13:50.371+0000	[#####...................] benchmark.Twitter	11.9GB/49.1GB (24.3%)
2021-10-23T08:13:53.371+0000	[#####...................] benchmark.Twitter	12.0GB/49.1GB (24.4%)
2021-10-23T08:13:56.371+0000	[#####...................] benchmark.Twitter	12.0GB/49.1GB (24.5%)
2021-10-23T08:13:59.372+0000	[#####...................] benchmark.Twitter	12.1GB/49.1GB (24.6%)
2021-10-23T08:14:02.372+0000	[#####...................] benchmark.Twitter	12.1GB/49.1GB (24.7%)
2021-10-23T08:14:05.372+0000	[#####...................] benchmark.Twitter	12.2GB/49.1GB (24.8%)
2021-10-23T08:14:08.371+0000	[#####...................] benchmark.Twitter	12.2GB/49.1GB (24.9%)
2021-10-23T08:14:11.371+0000	[#####...................] benchmark.Twitter	12.3GB/49.1GB (25.0%)
2021-10-23T08:14:14.372+0000	[######..................] benchmark.Twitter	12.3GB/49.1GB (25.1%)
2021-10-23T08:14:17.371+0000	[######..................] benchmark.Twitter	12.3GB/49.1GB (25.1%)
2021-10-23T08:14:20.372+0000	[######..................] benchmark.Twitter	12.4GB/49.1GB (25.2%)
2021-10-23T08:14:23.372+0000	[######..................] benchmark.Twitter	12.4GB/49.1GB (25.3%)
2021-10-23T08:14:26.371+0000	[######..................] benchmark.Twitter	12.5GB/49.1GB (25.4%)
2021-10-23T08:14:29.371+0000	[######..................] benchmark.Twitter	12.6GB/49.1GB (25.5%)
2021-10-23T08:14:32.371+0000	[######..................] benchmark.Twitter	12.6GB/49.1GB (25.7%)
2021-10-23T08:14:35.371+0000	[######..................] benchmark.Twitter	12.7GB/49.1GB (25.8%)
2021-10-23T08:14:38.372+0000	[######..................] benchmark.Twitter	12.7GB/49.1GB (25.9%)
2021-10-23T08:14:41.371+0000	[######..................] benchmark.Twitter	12.8GB/49.1GB (26.0%)
2021-10-23T08:14:44.372+0000	[######..................] benchmark.Twitter	12.8GB/49.1GB (26.1%)
2021-10-23T08:14:47.371+0000	[######..................] benchmark.Twitter	12.9GB/49.1GB (26.2%)
2021-10-23T08:14:50.372+0000	[######..................] benchmark.Twitter	12.9GB/49.1GB (26.3%)
2021-10-23T08:14:53.371+0000	[######..................] benchmark.Twitter	13.0GB/49.1GB (26.5%)
2021-10-23T08:14:56.371+0000	[######..................] benchmark.Twitter	13.1GB/49.1GB (26.6%)
2021-10-23T08:14:59.371+0000	[######..................] benchmark.Twitter	13.1GB/49.1GB (26.7%)
2021-10-23T08:15:02.371+0000	[######..................] benchmark.Twitter	13.2GB/49.1GB (26.8%)
2021-10-23T08:15:05.371+0000	[######..................] benchmark.Twitter	13.2GB/49.1GB (26.9%)
2021-10-23T08:15:08.371+0000	[######..................] benchmark.Twitter	13.3GB/49.1GB (27.0%)
2021-10-23T08:15:11.371+0000	[######..................] benchmark.Twitter	13.3GB/49.1GB (27.2%)
2021-10-23T08:15:14.372+0000	[######..................] benchmark.Twitter	13.4GB/49.1GB (27.3%)
2021-10-23T08:15:17.371+0000	[######..................] benchmark.Twitter	13.5GB/49.1GB (27.4%)
2021-10-23T08:15:20.371+0000	[######..................] benchmark.Twitter	13.5GB/49.1GB (27.5%)
2021-10-23T08:15:23.371+0000	[######..................] benchmark.Twitter	13.6GB/49.1GB (27.6%)
2021-10-23T08:15:26.371+0000	[######..................] benchmark.Twitter	13.6GB/49.1GB (27.7%)
2021-10-23T08:15:29.371+0000	[######..................] benchmark.Twitter	13.7GB/49.1GB (27.9%)
2021-10-23T08:15:32.372+0000	[######..................] benchmark.Twitter	13.7GB/49.1GB (28.0%)
2021-10-23T08:15:35.371+0000	[######..................] benchmark.Twitter	13.8GB/49.1GB (28.1%)
2021-10-23T08:15:38.371+0000	[######..................] benchmark.Twitter	13.9GB/49.1GB (28.2%)
2021-10-23T08:15:41.371+0000	[######..................] benchmark.Twitter	13.9GB/49.1GB (28.3%)
2021-10-23T08:15:44.371+0000	[######..................] benchmark.Twitter	14.0GB/49.1GB (28.4%)
2021-10-23T08:15:47.372+0000	[######..................] benchmark.Twitter	14.0GB/49.1GB (28.6%)
2021-10-23T08:15:50.372+0000	[######..................] benchmark.Twitter	14.1GB/49.1GB (28.7%)
2021-10-23T08:15:53.372+0000	[######..................] benchmark.Twitter	14.1GB/49.1GB (28.8%)
2021-10-23T08:15:56.372+0000	[######..................] benchmark.Twitter	14.2GB/49.1GB (28.9%)
2021-10-23T08:15:59.371+0000	[######..................] benchmark.Twitter	14.2GB/49.1GB (29.0%)
2021-10-23T08:16:02.371+0000	[######..................] benchmark.Twitter	14.3GB/49.1GB (29.1%)
2021-10-23T08:16:05.371+0000	[#######.................] benchmark.Twitter	14.4GB/49.1GB (29.2%)
2021-10-23T08:16:08.371+0000	[#######.................] benchmark.Twitter	14.4GB/49.1GB (29.4%)
2021-10-23T08:16:11.372+0000	[#######.................] benchmark.Twitter	14.5GB/49.1GB (29.5%)
2021-10-23T08:16:14.371+0000	[#######.................] benchmark.Twitter	14.5GB/49.1GB (29.6%)
2021-10-23T08:16:17.372+0000	[#######.................] benchmark.Twitter	14.6GB/49.1GB (29.7%)
2021-10-23T08:16:20.371+0000	[#######.................] benchmark.Twitter	14.7GB/49.1GB (29.8%)
2021-10-23T08:16:23.371+0000	[#######.................] benchmark.Twitter	14.7GB/49.1GB (29.9%)
2021-10-23T08:16:26.371+0000	[#######.................] benchmark.Twitter	14.8GB/49.1GB (30.0%)
2021-10-23T08:16:29.371+0000	[#######.................] benchmark.Twitter	14.8GB/49.1GB (30.2%)
2021-10-23T08:16:32.371+0000	[#######.................] benchmark.Twitter	14.9GB/49.1GB (30.3%)
2021-10-23T08:16:35.372+0000	[#######.................] benchmark.Twitter	14.9GB/49.1GB (30.4%)
2021-10-23T08:16:38.373+0000	[#######.................] benchmark.Twitter	15.0GB/49.1GB (30.5%)
2021-10-23T08:16:41.371+0000	[#######.................] benchmark.Twitter	15.0GB/49.1GB (30.6%)
2021-10-23T08:16:44.371+0000	[#######.................] benchmark.Twitter	15.1GB/49.1GB (30.7%)
2021-10-23T08:16:47.371+0000	[#######.................] benchmark.Twitter	15.1GB/49.1GB (30.8%)
2021-10-23T08:16:50.371+0000	[#######.................] benchmark.Twitter	15.2GB/49.1GB (30.9%)
2021-10-23T08:16:53.371+0000	[#######.................] benchmark.Twitter	15.2GB/49.1GB (31.0%)
2021-10-23T08:16:56.372+0000	[#######.................] benchmark.Twitter	15.3GB/49.1GB (31.1%)
2021-10-23T08:16:59.371+0000	[#######.................] benchmark.Twitter	15.3GB/49.1GB (31.2%)
2021-10-23T08:17:02.371+0000	[#######.................] benchmark.Twitter	15.4GB/49.1GB (31.3%)
2021-10-23T08:17:05.373+0000	[#######.................] benchmark.Twitter	15.4GB/49.1GB (31.4%)
2021-10-23T08:17:08.371+0000	[#######.................] benchmark.Twitter	15.5GB/49.1GB (31.5%)
2021-10-23T08:17:11.372+0000	[#######.................] benchmark.Twitter	15.5GB/49.1GB (31.6%)
2021-10-23T08:17:14.371+0000	[#######.................] benchmark.Twitter	15.6GB/49.1GB (31.7%)
2021-10-23T08:17:17.371+0000	[#######.................] benchmark.Twitter	15.6GB/49.1GB (31.8%)
2021-10-23T08:17:20.371+0000	[#######.................] benchmark.Twitter	15.7GB/49.1GB (31.9%)
2021-10-23T08:17:23.371+0000	[#######.................] benchmark.Twitter	15.8GB/49.1GB (32.1%)
2021-10-23T08:17:26.372+0000	[#######.................] benchmark.Twitter	15.8GB/49.1GB (32.2%)
2021-10-23T08:17:29.373+0000	[#######.................] benchmark.Twitter	15.9GB/49.1GB (32.3%)
2021-10-23T08:17:32.371+0000	[#######.................] benchmark.Twitter	15.9GB/49.1GB (32.4%)
2021-10-23T08:17:35.372+0000	[#######.................] benchmark.Twitter	16.0GB/49.1GB (32.5%)
2021-10-23T08:17:38.372+0000	[#######.................] benchmark.Twitter	16.0GB/49.1GB (32.6%)
2021-10-23T08:17:41.371+0000	[#######.................] benchmark.Twitter	16.1GB/49.1GB (32.7%)
2021-10-23T08:17:44.371+0000	[#######.................] benchmark.Twitter	16.1GB/49.1GB (32.9%)
2021-10-23T08:17:47.371+0000	[#######.................] benchmark.Twitter	16.2GB/49.1GB (33.0%)
2021-10-23T08:17:50.371+0000	[#######.................] benchmark.Twitter	16.3GB/49.1GB (33.1%)
2021-10-23T08:17:53.371+0000	[#######.................] benchmark.Twitter	16.3GB/49.1GB (33.2%)
2021-10-23T08:17:56.371+0000	[#######.................] benchmark.Twitter	16.4GB/49.1GB (33.3%)
2021-10-23T08:17:59.371+0000	[########................] benchmark.Twitter	16.4GB/49.1GB (33.4%)
2021-10-23T08:18:02.371+0000	[########................] benchmark.Twitter	16.5GB/49.1GB (33.6%)
2021-10-23T08:18:05.371+0000	[########................] benchmark.Twitter	16.5GB/49.1GB (33.7%)
2021-10-23T08:18:08.371+0000	[########................] benchmark.Twitter	16.6GB/49.1GB (33.8%)
2021-10-23T08:18:11.371+0000	[########................] benchmark.Twitter	16.7GB/49.1GB (33.9%)
2021-10-23T08:18:14.371+0000	[########................] benchmark.Twitter	16.7GB/49.1GB (34.0%)
2021-10-23T08:18:17.371+0000	[########................] benchmark.Twitter	16.8GB/49.1GB (34.1%)
2021-10-23T08:18:20.371+0000	[########................] benchmark.Twitter	16.8GB/49.1GB (34.2%)
2021-10-23T08:18:23.371+0000	[########................] benchmark.Twitter	16.9GB/49.1GB (34.4%)
2021-10-23T08:18:26.371+0000	[########................] benchmark.Twitter	16.9GB/49.1GB (34.5%)
2021-10-23T08:18:29.371+0000	[########................] benchmark.Twitter	17.0GB/49.1GB (34.6%)
2021-10-23T08:18:32.371+0000	[########................] benchmark.Twitter	17.1GB/49.1GB (34.7%)
2021-10-23T08:18:35.371+0000	[########................] benchmark.Twitter	17.1GB/49.1GB (34.8%)
2021-10-23T08:18:38.372+0000	[########................] benchmark.Twitter	17.2GB/49.1GB (34.9%)
2021-10-23T08:18:41.372+0000	[########................] benchmark.Twitter	17.2GB/49.1GB (35.0%)
2021-10-23T08:18:44.371+0000	[########................] benchmark.Twitter	17.3GB/49.1GB (35.2%)
2021-10-23T08:18:47.371+0000	[########................] benchmark.Twitter	17.3GB/49.1GB (35.3%)
2021-10-23T08:18:50.371+0000	[########................] benchmark.Twitter	17.4GB/49.1GB (35.4%)
2021-10-23T08:18:53.371+0000	[########................] benchmark.Twitter	17.4GB/49.1GB (35.5%)
2021-10-23T08:18:56.371+0000	[########................] benchmark.Twitter	17.5GB/49.1GB (35.6%)
2021-10-23T08:18:59.371+0000	[########................] benchmark.Twitter	17.6GB/49.1GB (35.7%)
2021-10-23T08:19:02.371+0000	[########................] benchmark.Twitter	17.6GB/49.1GB (35.9%)
2021-10-23T08:19:05.371+0000	[########................] benchmark.Twitter	17.7GB/49.1GB (36.0%)
2021-10-23T08:19:08.372+0000	[########................] benchmark.Twitter	17.7GB/49.1GB (36.1%)
2021-10-23T08:19:11.371+0000	[########................] benchmark.Twitter	17.8GB/49.1GB (36.2%)
2021-10-23T08:19:14.372+0000	[########................] benchmark.Twitter	17.8GB/49.1GB (36.3%)
2021-10-23T08:19:17.371+0000	[########................] benchmark.Twitter	17.9GB/49.1GB (36.4%)
2021-10-23T08:19:20.371+0000	[########................] benchmark.Twitter	17.9GB/49.1GB (36.5%)
2021-10-23T08:19:23.371+0000	[########................] benchmark.Twitter	18.0GB/49.1GB (36.6%)
2021-10-23T08:19:26.373+0000	[########................] benchmark.Twitter	18.1GB/49.1GB (36.7%)
2021-10-23T08:19:29.371+0000	[########................] benchmark.Twitter	18.1GB/49.1GB (36.8%)
2021-10-23T08:19:32.371+0000	[########................] benchmark.Twitter	18.1GB/49.1GB (36.9%)
2021-10-23T08:19:35.372+0000	[########................] benchmark.Twitter	18.2GB/49.1GB (37.0%)
2021-10-23T08:19:38.371+0000	[########................] benchmark.Twitter	18.2GB/49.1GB (37.1%)
2021-10-23T08:19:41.371+0000	[########................] benchmark.Twitter	18.3GB/49.1GB (37.2%)
2021-10-23T08:19:44.372+0000	[########................] benchmark.Twitter	18.3GB/49.1GB (37.3%)
2021-10-23T08:19:47.373+0000	[########................] benchmark.Twitter	18.4GB/49.1GB (37.4%)
2021-10-23T08:19:50.372+0000	[########................] benchmark.Twitter	18.4GB/49.1GB (37.5%)
2021-10-23T08:19:53.372+0000	[#########...............] benchmark.Twitter	18.5GB/49.1GB (37.6%)
2021-10-23T08:19:56.372+0000	[#########...............] benchmark.Twitter	18.5GB/49.1GB (37.7%)
2021-10-23T08:19:59.372+0000	[#########...............] benchmark.Twitter	18.6GB/49.1GB (37.8%)
2021-10-23T08:20:02.371+0000	[#########...............] benchmark.Twitter	18.6GB/49.1GB (37.9%)
2021-10-23T08:20:05.371+0000	[#########...............] benchmark.Twitter	18.7GB/49.1GB (38.0%)
2021-10-23T08:20:08.371+0000	[#########...............] benchmark.Twitter	18.8GB/49.1GB (38.2%)
2021-10-23T08:20:11.372+0000	[#########...............] benchmark.Twitter	18.8GB/49.1GB (38.3%)
2021-10-23T08:20:14.372+0000	[#########...............] benchmark.Twitter	18.9GB/49.1GB (38.4%)
2021-10-23T08:20:17.372+0000	[#########...............] benchmark.Twitter	18.9GB/49.1GB (38.5%)
2021-10-23T08:20:20.371+0000	[#########...............] benchmark.Twitter	19.0GB/49.1GB (38.6%)
2021-10-23T08:20:23.371+0000	[#########...............] benchmark.Twitter	19.0GB/49.1GB (38.7%)
2021-10-23T08:20:26.371+0000	[#########...............] benchmark.Twitter	19.1GB/49.1GB (38.8%)
2021-10-23T08:20:29.371+0000	[#########...............] benchmark.Twitter	19.1GB/49.1GB (38.9%)
2021-10-23T08:20:32.371+0000	[#########...............] benchmark.Twitter	19.2GB/49.1GB (39.1%)
2021-10-23T08:20:35.371+0000	[#########...............] benchmark.Twitter	19.2GB/49.1GB (39.2%)
2021-10-23T08:20:38.371+0000	[#########...............] benchmark.Twitter	19.3GB/49.1GB (39.3%)
2021-10-23T08:20:41.372+0000	[#########...............] benchmark.Twitter	19.4GB/49.1GB (39.4%)
2021-10-23T08:20:44.372+0000	[#########...............] benchmark.Twitter	19.4GB/49.1GB (39.5%)
2021-10-23T08:20:47.371+0000	[#########...............] benchmark.Twitter	19.5GB/49.1GB (39.6%)
2021-10-23T08:20:50.372+0000	[#########...............] benchmark.Twitter	19.5GB/49.1GB (39.7%)
2021-10-23T08:20:53.372+0000	[#########...............] benchmark.Twitter	19.6GB/49.1GB (39.8%)
2021-10-23T08:20:56.371+0000	[#########...............] benchmark.Twitter	19.6GB/49.1GB (39.9%)
2021-10-23T08:20:59.371+0000	[#########...............] benchmark.Twitter	19.7GB/49.1GB (40.1%)
2021-10-23T08:21:02.372+0000	[#########...............] benchmark.Twitter	19.7GB/49.1GB (40.2%)
2021-10-23T08:21:05.371+0000	[#########...............] benchmark.Twitter	19.8GB/49.1GB (40.3%)
2021-10-23T08:21:08.371+0000	[#########...............] benchmark.Twitter	19.9GB/49.1GB (40.4%)
2021-10-23T08:21:11.371+0000	[#########...............] benchmark.Twitter	19.9GB/49.1GB (40.5%)
2021-10-23T08:21:14.371+0000	[#########...............] benchmark.Twitter	20.0GB/49.1GB (40.6%)
2021-10-23T08:21:17.371+0000	[#########...............] benchmark.Twitter	20.0GB/49.1GB (40.7%)
2021-10-23T08:21:20.371+0000	[#########...............] benchmark.Twitter	20.1GB/49.1GB (40.8%)
2021-10-23T08:21:23.371+0000	[#########...............] benchmark.Twitter	20.1GB/49.1GB (40.9%)
2021-10-23T08:21:26.371+0000	[#########...............] benchmark.Twitter	20.2GB/49.1GB (41.0%)
2021-10-23T08:21:29.372+0000	[#########...............] benchmark.Twitter	20.2GB/49.1GB (41.1%)
2021-10-23T08:21:32.371+0000	[#########...............] benchmark.Twitter	20.2GB/49.1GB (41.2%)
2021-10-23T08:21:35.372+0000	[#########...............] benchmark.Twitter	20.3GB/49.1GB (41.3%)
2021-10-23T08:21:38.371+0000	[#########...............] benchmark.Twitter	20.3GB/49.1GB (41.4%)
2021-10-23T08:21:41.371+0000	[#########...............] benchmark.Twitter	20.4GB/49.1GB (41.5%)
2021-10-23T08:21:44.371+0000	[#########...............] benchmark.Twitter	20.4GB/49.1GB (41.6%)
2021-10-23T08:21:47.371+0000	[##########..............] benchmark.Twitter	20.5GB/49.1GB (41.7%)
2021-10-23T08:21:50.372+0000	[##########..............] benchmark.Twitter	20.5GB/49.1GB (41.8%)
2021-10-23T08:21:53.372+0000	[##########..............] benchmark.Twitter	20.6GB/49.1GB (41.9%)
2021-10-23T08:21:56.371+0000	[##########..............] benchmark.Twitter	20.7GB/49.1GB (42.0%)
2021-10-23T08:21:59.371+0000	[##########..............] benchmark.Twitter	20.7GB/49.1GB (42.2%)
2021-10-23T08:22:02.372+0000	[##########..............] benchmark.Twitter	20.8GB/49.1GB (42.3%)
2021-10-23T08:22:05.371+0000	[##########..............] benchmark.Twitter	20.8GB/49.1GB (42.4%)
2021-10-23T08:22:08.372+0000	[##########..............] benchmark.Twitter	20.9GB/49.1GB (42.5%)
2021-10-23T08:22:11.371+0000	[##########..............] benchmark.Twitter	20.9GB/49.1GB (42.6%)
2021-10-23T08:22:14.372+0000	[##########..............] benchmark.Twitter	21.0GB/49.1GB (42.7%)
2021-10-23T08:22:17.372+0000	[##########..............] benchmark.Twitter	21.1GB/49.1GB (42.9%)
2021-10-23T08:22:20.372+0000	[##########..............] benchmark.Twitter	21.1GB/49.1GB (43.0%)
2021-10-23T08:22:23.372+0000	[##########..............] benchmark.Twitter	21.2GB/49.1GB (43.1%)
2021-10-23T08:22:26.371+0000	[##########..............] benchmark.Twitter	21.2GB/49.1GB (43.2%)
2021-10-23T08:22:29.371+0000	[##########..............] benchmark.Twitter	21.3GB/49.1GB (43.3%)
2021-10-23T08:22:32.372+0000	[##########..............] benchmark.Twitter	21.3GB/49.1GB (43.4%)
2021-10-23T08:22:35.375+0000	[##########..............] benchmark.Twitter	21.4GB/49.1GB (43.6%)
2021-10-23T08:22:38.371+0000	[##########..............] benchmark.Twitter	21.4GB/49.1GB (43.7%)
2021-10-23T08:22:41.371+0000	[##########..............] benchmark.Twitter	21.5GB/49.1GB (43.8%)
2021-10-23T08:22:44.373+0000	[##########..............] benchmark.Twitter	21.6GB/49.1GB (43.9%)
2021-10-23T08:22:47.371+0000	[##########..............] benchmark.Twitter	21.6GB/49.1GB (44.0%)
2021-10-23T08:22:50.372+0000	[##########..............] benchmark.Twitter	21.7GB/49.1GB (44.1%)
2021-10-23T08:22:53.371+0000	[##########..............] benchmark.Twitter	21.7GB/49.1GB (44.2%)
2021-10-23T08:22:56.372+0000	[##########..............] benchmark.Twitter	21.8GB/49.1GB (44.3%)
2021-10-23T08:22:59.372+0000	[##########..............] benchmark.Twitter	21.8GB/49.1GB (44.5%)
2021-10-23T08:23:02.372+0000	[##########..............] benchmark.Twitter	21.9GB/49.1GB (44.6%)
2021-10-23T08:23:05.371+0000	[##########..............] benchmark.Twitter	22.0GB/49.1GB (44.7%)
2021-10-23T08:23:08.371+0000	[##########..............] benchmark.Twitter	22.0GB/49.1GB (44.8%)
2021-10-23T08:23:11.371+0000	[##########..............] benchmark.Twitter	22.1GB/49.1GB (44.9%)
2021-10-23T08:23:14.371+0000	[##########..............] benchmark.Twitter	22.1GB/49.1GB (45.0%)
2021-10-23T08:23:17.371+0000	[##########..............] benchmark.Twitter	22.2GB/49.1GB (45.2%)
2021-10-23T08:23:20.371+0000	[##########..............] benchmark.Twitter	22.2GB/49.1GB (45.3%)
2021-10-23T08:23:23.371+0000	[##########..............] benchmark.Twitter	22.3GB/49.1GB (45.4%)
2021-10-23T08:23:26.372+0000	[##########..............] benchmark.Twitter	22.4GB/49.1GB (45.5%)
2021-10-23T08:23:29.371+0000	[##########..............] benchmark.Twitter	22.4GB/49.1GB (45.6%)
2021-10-23T08:23:32.371+0000	[##########..............] benchmark.Twitter	22.5GB/49.1GB (45.7%)
2021-10-23T08:23:35.371+0000	[###########.............] benchmark.Twitter	22.5GB/49.1GB (45.8%)
2021-10-23T08:23:38.371+0000	[###########.............] benchmark.Twitter	22.6GB/49.1GB (46.0%)
2021-10-23T08:23:41.372+0000	[###########.............] benchmark.Twitter	22.6GB/49.1GB (46.1%)
2021-10-23T08:23:44.372+0000	[###########.............] benchmark.Twitter	22.7GB/49.1GB (46.2%)
2021-10-23T08:23:47.371+0000	[###########.............] benchmark.Twitter	22.8GB/49.1GB (46.3%)
2021-10-23T08:23:50.371+0000	[###########.............] benchmark.Twitter	22.8GB/49.1GB (46.4%)
2021-10-23T08:23:53.371+0000	[###########.............] benchmark.Twitter	22.9GB/49.1GB (46.5%)
2021-10-23T08:23:56.371+0000	[###########.............] benchmark.Twitter	22.9GB/49.1GB (46.6%)
2021-10-23T08:23:59.372+0000	[###########.............] benchmark.Twitter	23.0GB/49.1GB (46.8%)
2021-10-23T08:24:02.371+0000	[###########.............] benchmark.Twitter	23.0GB/49.1GB (46.9%)
2021-10-23T08:24:05.372+0000	[###########.............] benchmark.Twitter	23.1GB/49.1GB (47.0%)
2021-10-23T08:24:08.372+0000	[###########.............] benchmark.Twitter	23.1GB/49.1GB (47.1%)
2021-10-23T08:24:11.372+0000	[###########.............] benchmark.Twitter	23.2GB/49.1GB (47.2%)
2021-10-23T08:24:14.371+0000	[###########.............] benchmark.Twitter	23.3GB/49.1GB (47.3%)
2021-10-23T08:24:17.372+0000	[###########.............] benchmark.Twitter	23.3GB/49.1GB (47.4%)
2021-10-23T08:24:20.372+0000	[###########.............] benchmark.Twitter	23.4GB/49.1GB (47.6%)
2021-10-23T08:24:23.371+0000	[###########.............] benchmark.Twitter	23.4GB/49.1GB (47.7%)
2021-10-23T08:24:26.372+0000	[###########.............] benchmark.Twitter	23.5GB/49.1GB (47.8%)
2021-10-23T08:24:29.372+0000	[###########.............] benchmark.Twitter	23.5GB/49.1GB (47.9%)
2021-10-23T08:24:32.371+0000	[###########.............] benchmark.Twitter	23.6GB/49.1GB (48.0%)
2021-10-23T08:24:35.372+0000	[###########.............] benchmark.Twitter	23.6GB/49.1GB (48.1%)
2021-10-23T08:24:38.372+0000	[###########.............] benchmark.Twitter	23.7GB/49.1GB (48.2%)
2021-10-23T08:24:41.372+0000	[###########.............] benchmark.Twitter	23.8GB/49.1GB (48.4%)
2021-10-23T08:24:44.372+0000	[###########.............] benchmark.Twitter	23.8GB/49.1GB (48.5%)
2021-10-23T08:24:47.371+0000	[###########.............] benchmark.Twitter	23.9GB/49.1GB (48.6%)
2021-10-23T08:24:50.371+0000	[###########.............] benchmark.Twitter	23.9GB/49.1GB (48.7%)
2021-10-23T08:24:53.371+0000	[###########.............] benchmark.Twitter	23.9GB/49.1GB (48.8%)
2021-10-23T08:24:56.372+0000	[###########.............] benchmark.Twitter	24.0GB/49.1GB (48.8%)
2021-10-23T08:24:59.372+0000	[###########.............] benchmark.Twitter	24.1GB/49.1GB (48.9%)
2021-10-23T08:25:02.372+0000	[###########.............] benchmark.Twitter	24.1GB/49.1GB (49.0%)
2021-10-23T08:25:05.371+0000	[###########.............] benchmark.Twitter	24.1GB/49.1GB (49.1%)
2021-10-23T08:25:08.371+0000	[###########.............] benchmark.Twitter	24.2GB/49.1GB (49.2%)
2021-10-23T08:25:11.372+0000	[###########.............] benchmark.Twitter	24.2GB/49.1GB (49.3%)
2021-10-23T08:25:14.372+0000	[###########.............] benchmark.Twitter	24.3GB/49.1GB (49.4%)
2021-10-23T08:25:17.371+0000	[###########.............] benchmark.Twitter	24.3GB/49.1GB (49.5%)
2021-10-23T08:25:20.371+0000	[###########.............] benchmark.Twitter	24.4GB/49.1GB (49.6%)
2021-10-23T08:25:23.372+0000	[###########.............] benchmark.Twitter	24.4GB/49.1GB (49.7%)
2021-10-23T08:25:26.375+0000	[###########.............] benchmark.Twitter	24.5GB/49.1GB (49.8%)
2021-10-23T08:25:29.372+0000	[###########.............] benchmark.Twitter	24.5GB/49.1GB (49.9%)
2021-10-23T08:25:32.372+0000	[############............] benchmark.Twitter	24.6GB/49.1GB (50.0%)
2021-10-23T08:25:35.371+0000	[############............] benchmark.Twitter	24.6GB/49.1GB (50.1%)
2021-10-23T08:25:38.372+0000	[############............] benchmark.Twitter	24.7GB/49.1GB (50.3%)
2021-10-23T08:25:41.371+0000	[############............] benchmark.Twitter	24.8GB/49.1GB (50.4%)
2021-10-23T08:25:44.371+0000	[############............] benchmark.Twitter	24.8GB/49.1GB (50.5%)
2021-10-23T08:25:47.371+0000	[############............] benchmark.Twitter	24.9GB/49.1GB (50.6%)
2021-10-23T08:25:50.371+0000	[############............] benchmark.Twitter	24.9GB/49.1GB (50.7%)
2021-10-23T08:25:53.371+0000	[############............] benchmark.Twitter	25.0GB/49.1GB (50.8%)
2021-10-23T08:25:56.371+0000	[############............] benchmark.Twitter	25.0GB/49.1GB (50.9%)
2021-10-23T08:25:59.372+0000	[############............] benchmark.Twitter	25.1GB/49.1GB (51.1%)
2021-10-23T08:26:02.372+0000	[############............] benchmark.Twitter	25.1GB/49.1GB (51.2%)
2021-10-23T08:26:05.372+0000	[############............] benchmark.Twitter	25.2GB/49.1GB (51.3%)
2021-10-23T08:26:08.372+0000	[############............] benchmark.Twitter	25.3GB/49.1GB (51.4%)
2021-10-23T08:26:11.371+0000	[############............] benchmark.Twitter	25.3GB/49.1GB (51.5%)
2021-10-23T08:26:14.371+0000	[############............] benchmark.Twitter	25.4GB/49.1GB (51.6%)
2021-10-23T08:26:17.372+0000	[############............] benchmark.Twitter	25.4GB/49.1GB (51.8%)
2021-10-23T08:26:20.371+0000	[############............] benchmark.Twitter	25.5GB/49.1GB (51.9%)
2021-10-23T08:26:23.372+0000	[############............] benchmark.Twitter	25.5GB/49.1GB (52.0%)
2021-10-23T08:26:26.371+0000	[############............] benchmark.Twitter	25.6GB/49.1GB (52.1%)
2021-10-23T08:26:29.371+0000	[############............] benchmark.Twitter	25.7GB/49.1GB (52.2%)
2021-10-23T08:26:32.371+0000	[############............] benchmark.Twitter	25.7GB/49.1GB (52.3%)
2021-10-23T08:26:35.371+0000	[############............] benchmark.Twitter	25.8GB/49.1GB (52.5%)
2021-10-23T08:26:38.371+0000	[############............] benchmark.Twitter	25.8GB/49.1GB (52.6%)
2021-10-23T08:26:41.371+0000	[############............] benchmark.Twitter	25.9GB/49.1GB (52.7%)
2021-10-23T08:26:44.372+0000	[############............] benchmark.Twitter	25.9GB/49.1GB (52.8%)
2021-10-23T08:26:47.372+0000	[############............] benchmark.Twitter	26.0GB/49.1GB (52.9%)
2021-10-23T08:26:50.371+0000	[############............] benchmark.Twitter	26.1GB/49.1GB (53.0%)
2021-10-23T08:26:53.372+0000	[############............] benchmark.Twitter	26.1GB/49.1GB (53.1%)
2021-10-23T08:26:56.371+0000	[############............] benchmark.Twitter	26.2GB/49.1GB (53.3%)
2021-10-23T08:26:59.371+0000	[############............] benchmark.Twitter	26.2GB/49.1GB (53.4%)
2021-10-23T08:27:02.371+0000	[############............] benchmark.Twitter	26.3GB/49.1GB (53.5%)
2021-10-23T08:27:05.371+0000	[############............] benchmark.Twitter	26.3GB/49.1GB (53.6%)
2021-10-23T08:27:08.371+0000	[############............] benchmark.Twitter	26.4GB/49.1GB (53.7%)
2021-10-23T08:27:11.371+0000	[############............] benchmark.Twitter	26.4GB/49.1GB (53.8%)
2021-10-23T08:27:14.372+0000	[############............] benchmark.Twitter	26.5GB/49.1GB (54.0%)
2021-10-23T08:27:17.371+0000	[############............] benchmark.Twitter	26.6GB/49.1GB (54.1%)
2021-10-23T08:27:20.372+0000	[#############...........] benchmark.Twitter	26.6GB/49.1GB (54.2%)
2021-10-23T08:27:23.372+0000	[#############...........] benchmark.Twitter	26.7GB/49.1GB (54.3%)
2021-10-23T08:27:26.372+0000	[#############...........] benchmark.Twitter	26.7GB/49.1GB (54.4%)
2021-10-23T08:27:29.372+0000	[#############...........] benchmark.Twitter	26.8GB/49.1GB (54.5%)
2021-10-23T08:27:32.371+0000	[#############...........] benchmark.Twitter	26.9GB/49.1GB (54.7%)
2021-10-23T08:27:35.372+0000	[#############...........] benchmark.Twitter	26.9GB/49.1GB (54.8%)
2021-10-23T08:27:38.371+0000	[#############...........] benchmark.Twitter	27.0GB/49.1GB (54.9%)
2021-10-23T08:27:41.371+0000	[#############...........] benchmark.Twitter	27.0GB/49.1GB (55.0%)
2021-10-23T08:27:44.371+0000	[#############...........] benchmark.Twitter	27.1GB/49.1GB (55.1%)
2021-10-23T08:27:47.371+0000	[#############...........] benchmark.Twitter	27.1GB/49.1GB (55.2%)
2021-10-23T08:27:50.371+0000	[#############...........] benchmark.Twitter	27.2GB/49.1GB (55.4%)
2021-10-23T08:27:53.372+0000	[#############...........] benchmark.Twitter	27.2GB/49.1GB (55.5%)
2021-10-23T08:27:56.371+0000	[#############...........] benchmark.Twitter	27.3GB/49.1GB (55.6%)
2021-10-23T08:27:59.371+0000	[#############...........] benchmark.Twitter	27.4GB/49.1GB (55.7%)
2021-10-23T08:28:02.371+0000	[#############...........] benchmark.Twitter	27.4GB/49.1GB (55.8%)
2021-10-23T08:28:05.371+0000	[#############...........] benchmark.Twitter	27.5GB/49.1GB (55.9%)
2021-10-23T08:28:08.372+0000	[#############...........] benchmark.Twitter	27.5GB/49.1GB (56.1%)
2021-10-23T08:28:11.372+0000	[#############...........] benchmark.Twitter	27.6GB/49.1GB (56.2%)
2021-10-23T08:28:14.371+0000	[#############...........] benchmark.Twitter	27.7GB/49.1GB (56.3%)
2021-10-23T08:28:17.371+0000	[#############...........] benchmark.Twitter	27.7GB/49.1GB (56.4%)
2021-10-23T08:28:20.372+0000	[#############...........] benchmark.Twitter	27.8GB/49.1GB (56.5%)
2021-10-23T08:28:23.371+0000	[#############...........] benchmark.Twitter	27.8GB/49.1GB (56.7%)
2021-10-23T08:28:26.372+0000	[#############...........] benchmark.Twitter	27.9GB/49.1GB (56.8%)
2021-10-23T08:28:29.371+0000	[#############...........] benchmark.Twitter	27.9GB/49.1GB (56.9%)
2021-10-23T08:28:32.372+0000	[#############...........] benchmark.Twitter	28.0GB/49.1GB (57.0%)
2021-10-23T08:28:35.371+0000	[#############...........] benchmark.Twitter	28.1GB/49.1GB (57.1%)
2021-10-23T08:28:38.371+0000	[#############...........] benchmark.Twitter	28.1GB/49.1GB (57.2%)
2021-10-23T08:28:41.371+0000	[#############...........] benchmark.Twitter	28.2GB/49.1GB (57.3%)
2021-10-23T08:28:44.371+0000	[#############...........] benchmark.Twitter	28.2GB/49.1GB (57.4%)
2021-10-23T08:28:47.372+0000	[#############...........] benchmark.Twitter	28.2GB/49.1GB (57.5%)
2021-10-23T08:28:50.372+0000	[#############...........] benchmark.Twitter	28.3GB/49.1GB (57.6%)
2021-10-23T08:28:53.371+0000	[#############...........] benchmark.Twitter	28.4GB/49.1GB (57.7%)
2021-10-23T08:28:56.371+0000	[#############...........] benchmark.Twitter	28.4GB/49.1GB (57.8%)
2021-10-23T08:28:59.372+0000	[#############...........] benchmark.Twitter	28.4GB/49.1GB (57.9%)
2021-10-23T08:29:02.372+0000	[#############...........] benchmark.Twitter	28.5GB/49.1GB (58.0%)
2021-10-23T08:29:05.374+0000	[#############...........] benchmark.Twitter	28.5GB/49.1GB (58.1%)
2021-10-23T08:29:08.372+0000	[#############...........] benchmark.Twitter	28.6GB/49.1GB (58.2%)
2021-10-23T08:29:11.371+0000	[#############...........] benchmark.Twitter	28.6GB/49.1GB (58.3%)
2021-10-23T08:29:14.371+0000	[##############..........] benchmark.Twitter	28.7GB/49.1GB (58.4%)
2021-10-23T08:29:17.371+0000	[##############..........] benchmark.Twitter	28.7GB/49.1GB (58.5%)
2021-10-23T08:29:20.372+0000	[##############..........] benchmark.Twitter	28.8GB/49.1GB (58.6%)
2021-10-23T08:29:23.372+0000	[##############..........] benchmark.Twitter	28.8GB/49.1GB (58.7%)
2021-10-23T08:29:26.373+0000	[##############..........] benchmark.Twitter	28.9GB/49.1GB (58.8%)
2021-10-23T08:29:29.371+0000	[##############..........] benchmark.Twitter	28.9GB/49.1GB (58.9%)
2021-10-23T08:29:32.371+0000	[##############..........] benchmark.Twitter	29.0GB/49.1GB (59.0%)
2021-10-23T08:29:35.371+0000	[##############..........] benchmark.Twitter	29.1GB/49.1GB (59.1%)
2021-10-23T08:29:38.372+0000	[##############..........] benchmark.Twitter	29.1GB/49.1GB (59.3%)
2021-10-23T08:29:41.372+0000	[##############..........] benchmark.Twitter	29.2GB/49.1GB (59.4%)
2021-10-23T08:29:44.371+0000	[##############..........] benchmark.Twitter	29.2GB/49.1GB (59.5%)
2021-10-23T08:29:47.371+0000	[##############..........] benchmark.Twitter	29.3GB/49.1GB (59.6%)
2021-10-23T08:29:50.371+0000	[##############..........] benchmark.Twitter	29.3GB/49.1GB (59.7%)
2021-10-23T08:29:53.371+0000	[##############..........] benchmark.Twitter	29.4GB/49.1GB (59.8%)
2021-10-23T08:29:56.372+0000	[##############..........] benchmark.Twitter	29.4GB/49.1GB (59.9%)
2021-10-23T08:29:59.372+0000	[##############..........] benchmark.Twitter	29.5GB/49.1GB (60.1%)
2021-10-23T08:30:02.372+0000	[##############..........] benchmark.Twitter	29.6GB/49.1GB (60.2%)
2021-10-23T08:30:05.371+0000	[##############..........] benchmark.Twitter	29.6GB/49.1GB (60.3%)
2021-10-23T08:30:08.372+0000	[##############..........] benchmark.Twitter	29.7GB/49.1GB (60.4%)
2021-10-23T08:30:11.371+0000	[##############..........] benchmark.Twitter	29.7GB/49.1GB (60.5%)
2021-10-23T08:30:14.371+0000	[##############..........] benchmark.Twitter	29.8GB/49.1GB (60.6%)
2021-10-23T08:30:17.372+0000	[##############..........] benchmark.Twitter	29.9GB/49.1GB (60.8%)
2021-10-23T08:30:20.372+0000	[##############..........] benchmark.Twitter	29.9GB/49.1GB (60.9%)
2021-10-23T08:30:23.371+0000	[##############..........] benchmark.Twitter	30.0GB/49.1GB (61.0%)
2021-10-23T08:30:26.371+0000	[##############..........] benchmark.Twitter	30.0GB/49.1GB (61.1%)
2021-10-23T08:30:29.372+0000	[##############..........] benchmark.Twitter	30.1GB/49.1GB (61.2%)
2021-10-23T08:30:32.371+0000	[##############..........] benchmark.Twitter	30.1GB/49.1GB (61.3%)
2021-10-23T08:30:35.371+0000	[##############..........] benchmark.Twitter	30.2GB/49.1GB (61.5%)
2021-10-23T08:30:38.372+0000	[##############..........] benchmark.Twitter	30.2GB/49.1GB (61.6%)
2021-10-23T08:30:41.371+0000	[##############..........] benchmark.Twitter	30.3GB/49.1GB (61.7%)
2021-10-23T08:30:44.372+0000	[##############..........] benchmark.Twitter	30.3GB/49.1GB (61.8%)
2021-10-23T08:30:47.371+0000	[##############..........] benchmark.Twitter	30.4GB/49.1GB (61.8%)
2021-10-23T08:30:50.371+0000	[##############..........] benchmark.Twitter	30.4GB/49.1GB (61.9%)
2021-10-23T08:30:53.371+0000	[##############..........] benchmark.Twitter	30.5GB/49.1GB (62.0%)
2021-10-23T08:30:56.371+0000	[##############..........] benchmark.Twitter	30.5GB/49.1GB (62.1%)
2021-10-23T08:30:59.372+0000	[##############..........] benchmark.Twitter	30.6GB/49.1GB (62.2%)
2021-10-23T08:31:02.371+0000	[##############..........] benchmark.Twitter	30.6GB/49.1GB (62.3%)
2021-10-23T08:31:05.371+0000	[##############..........] benchmark.Twitter	30.7GB/49.1GB (62.4%)
2021-10-23T08:31:08.371+0000	[###############.........] benchmark.Twitter	30.7GB/49.1GB (62.5%)
2021-10-23T08:31:11.371+0000	[###############.........] benchmark.Twitter	30.8GB/49.1GB (62.7%)
2021-10-23T08:31:14.372+0000	[###############.........] benchmark.Twitter	30.8GB/49.1GB (62.8%)
2021-10-23T08:31:17.371+0000	[###############.........] benchmark.Twitter	30.9GB/49.1GB (62.9%)
2021-10-23T08:31:20.371+0000	[###############.........] benchmark.Twitter	30.9GB/49.1GB (63.0%)
2021-10-23T08:31:23.372+0000	[###############.........] benchmark.Twitter	31.0GB/49.1GB (63.1%)
2021-10-23T08:31:26.371+0000	[###############.........] benchmark.Twitter	31.1GB/49.1GB (63.2%)
2021-10-23T08:31:29.371+0000	[###############.........] benchmark.Twitter	31.1GB/49.1GB (63.3%)
2021-10-23T08:31:32.371+0000	[###############.........] benchmark.Twitter	31.2GB/49.1GB (63.5%)
2021-10-23T08:31:35.371+0000	[###############.........] benchmark.Twitter	31.2GB/49.1GB (63.6%)
2021-10-23T08:31:38.371+0000	[###############.........] benchmark.Twitter	31.3GB/49.1GB (63.7%)
2021-10-23T08:31:41.371+0000	[###############.........] benchmark.Twitter	31.4GB/49.1GB (63.8%)
2021-10-23T08:31:44.371+0000	[###############.........] benchmark.Twitter	31.4GB/49.1GB (63.9%)
2021-10-23T08:31:47.372+0000	[###############.........] benchmark.Twitter	31.5GB/49.1GB (64.0%)
2021-10-23T08:31:50.371+0000	[###############.........] benchmark.Twitter	31.5GB/49.1GB (64.2%)
2021-10-23T08:31:53.371+0000	[###############.........] benchmark.Twitter	31.6GB/49.1GB (64.3%)
2021-10-23T08:31:56.372+0000	[###############.........] benchmark.Twitter	31.6GB/49.1GB (64.4%)
2021-10-23T08:31:59.372+0000	[###############.........] benchmark.Twitter	31.7GB/49.1GB (64.5%)
2021-10-23T08:32:02.372+0000	[###############.........] benchmark.Twitter	31.8GB/49.1GB (64.6%)
2021-10-23T08:32:05.372+0000	[###############.........] benchmark.Twitter	31.8GB/49.1GB (64.7%)
2021-10-23T08:32:08.371+0000	[###############.........] benchmark.Twitter	31.9GB/49.1GB (64.8%)
2021-10-23T08:32:11.371+0000	[###############.........] benchmark.Twitter	31.9GB/49.1GB (65.0%)
2021-10-23T08:32:14.371+0000	[###############.........] benchmark.Twitter	32.0GB/49.1GB (65.1%)
2021-10-23T08:32:17.371+0000	[###############.........] benchmark.Twitter	32.0GB/49.1GB (65.2%)
2021-10-23T08:32:20.371+0000	[###############.........] benchmark.Twitter	32.1GB/49.1GB (65.3%)
2021-10-23T08:32:23.372+0000	[###############.........] benchmark.Twitter	32.1GB/49.1GB (65.4%)
2021-10-23T08:32:26.372+0000	[###############.........] benchmark.Twitter	32.2GB/49.1GB (65.5%)
2021-10-23T08:32:29.372+0000	[###############.........] benchmark.Twitter	32.3GB/49.1GB (65.7%)
2021-10-23T08:32:32.372+0000	[###############.........] benchmark.Twitter	32.3GB/49.1GB (65.8%)
2021-10-23T08:32:35.371+0000	[###############.........] benchmark.Twitter	32.4GB/49.1GB (65.9%)
2021-10-23T08:32:38.371+0000	[###############.........] benchmark.Twitter	32.4GB/49.1GB (66.0%)
2021-10-23T08:32:41.371+0000	[###############.........] benchmark.Twitter	32.5GB/49.1GB (66.1%)
2021-10-23T08:32:44.371+0000	[###############.........] benchmark.Twitter	32.5GB/49.1GB (66.3%)
2021-10-23T08:32:47.371+0000	[###############.........] benchmark.Twitter	32.6GB/49.1GB (66.4%)
2021-10-23T08:32:50.371+0000	[###############.........] benchmark.Twitter	32.7GB/49.1GB (66.5%)
2021-10-23T08:32:53.371+0000	[###############.........] benchmark.Twitter	32.7GB/49.1GB (66.6%)
2021-10-23T08:32:56.371+0000	[################........] benchmark.Twitter	32.8GB/49.1GB (66.7%)
2021-10-23T08:32:59.371+0000	[################........] benchmark.Twitter	32.8GB/49.1GB (66.8%)
2021-10-23T08:33:02.371+0000	[################........] benchmark.Twitter	32.9GB/49.1GB (66.9%)
2021-10-23T08:33:05.371+0000	[################........] benchmark.Twitter	32.9GB/49.1GB (67.1%)
2021-10-23T08:33:08.371+0000	[################........] benchmark.Twitter	33.0GB/49.1GB (67.2%)
2021-10-23T08:33:11.371+0000	[################........] benchmark.Twitter	33.1GB/49.1GB (67.3%)
2021-10-23T08:33:14.371+0000	[################........] benchmark.Twitter	33.1GB/49.1GB (67.4%)
2021-10-23T08:33:17.372+0000	[################........] benchmark.Twitter	33.2GB/49.1GB (67.5%)
2021-10-23T08:33:20.372+0000	[################........] benchmark.Twitter	33.2GB/49.1GB (67.6%)
2021-10-23T08:33:23.371+0000	[################........] benchmark.Twitter	33.3GB/49.1GB (67.7%)
2021-10-23T08:33:26.372+0000	[################........] benchmark.Twitter	33.3GB/49.1GB (67.8%)
2021-10-23T08:33:29.372+0000	[################........] benchmark.Twitter	33.4GB/49.1GB (67.9%)
2021-10-23T08:33:32.371+0000	[################........] benchmark.Twitter	33.4GB/49.1GB (68.0%)
2021-10-23T08:33:35.371+0000	[################........] benchmark.Twitter	33.5GB/49.1GB (68.1%)
2021-10-23T08:33:38.371+0000	[################........] benchmark.Twitter	33.5GB/49.1GB (68.2%)
2021-10-23T08:33:41.372+0000	[################........] benchmark.Twitter	33.6GB/49.1GB (68.3%)
2021-10-23T08:33:44.371+0000	[################........] benchmark.Twitter	33.6GB/49.1GB (68.4%)
2021-10-23T08:33:47.371+0000	[################........] benchmark.Twitter	33.7GB/49.1GB (68.5%)
2021-10-23T08:33:50.371+0000	[################........] benchmark.Twitter	33.7GB/49.1GB (68.6%)
2021-10-23T08:33:53.371+0000	[################........] benchmark.Twitter	33.8GB/49.1GB (68.7%)
2021-10-23T08:33:56.372+0000	[################........] benchmark.Twitter	33.8GB/49.1GB (68.9%)
2021-10-23T08:33:59.372+0000	[################........] benchmark.Twitter	33.9GB/49.1GB (69.0%)
2021-10-23T08:34:02.371+0000	[################........] benchmark.Twitter	33.9GB/49.1GB (69.1%)
2021-10-23T08:34:05.371+0000	[################........] benchmark.Twitter	34.0GB/49.1GB (69.2%)
2021-10-23T08:34:08.371+0000	[################........] benchmark.Twitter	34.1GB/49.1GB (69.3%)
2021-10-23T08:34:11.372+0000	[################........] benchmark.Twitter	34.1GB/49.1GB (69.4%)
2021-10-23T08:34:14.372+0000	[################........] benchmark.Twitter	34.2GB/49.1GB (69.6%)
2021-10-23T08:34:17.372+0000	[################........] benchmark.Twitter	34.2GB/49.1GB (69.7%)
2021-10-23T08:34:20.371+0000	[################........] benchmark.Twitter	34.3GB/49.1GB (69.8%)
2021-10-23T08:34:23.372+0000	[################........] benchmark.Twitter	34.3GB/49.1GB (69.9%)
2021-10-23T08:34:26.371+0000	[################........] benchmark.Twitter	34.4GB/49.1GB (70.0%)
2021-10-23T08:34:29.372+0000	[################........] benchmark.Twitter	34.5GB/49.1GB (70.1%)
2021-10-23T08:34:32.372+0000	[################........] benchmark.Twitter	34.5GB/49.1GB (70.2%)
2021-10-23T08:34:35.372+0000	[################........] benchmark.Twitter	34.6GB/49.1GB (70.3%)
2021-10-23T08:34:38.371+0000	[################........] benchmark.Twitter	34.6GB/49.1GB (70.5%)
2021-10-23T08:34:41.375+0000	[################........] benchmark.Twitter	34.7GB/49.1GB (70.6%)
2021-10-23T08:34:44.371+0000	[################........] benchmark.Twitter	34.7GB/49.1GB (70.7%)
2021-10-23T08:34:47.373+0000	[################........] benchmark.Twitter	34.8GB/49.1GB (70.8%)
2021-10-23T08:34:50.371+0000	[#################.......] benchmark.Twitter	34.9GB/49.1GB (70.9%)
2021-10-23T08:34:53.372+0000	[#################.......] benchmark.Twitter	34.9GB/49.1GB (71.0%)
2021-10-23T08:34:56.372+0000	[#################.......] benchmark.Twitter	35.0GB/49.1GB (71.2%)
2021-10-23T08:34:59.372+0000	[#################.......] benchmark.Twitter	35.0GB/49.1GB (71.3%)
2021-10-23T08:35:02.371+0000	[#################.......] benchmark.Twitter	35.1GB/49.1GB (71.4%)
2021-10-23T08:35:05.372+0000	[#################.......] benchmark.Twitter	35.1GB/49.1GB (71.5%)
2021-10-23T08:35:08.371+0000	[#################.......] benchmark.Twitter	35.2GB/49.1GB (71.6%)
2021-10-23T08:35:11.372+0000	[#################.......] benchmark.Twitter	35.2GB/49.1GB (71.7%)
2021-10-23T08:35:14.372+0000	[#################.......] benchmark.Twitter	35.3GB/49.1GB (71.8%)
2021-10-23T08:35:17.371+0000	[#################.......] benchmark.Twitter	35.4GB/49.1GB (71.9%)
2021-10-23T08:35:20.372+0000	[#################.......] benchmark.Twitter	35.4GB/49.1GB (72.1%)
2021-10-23T08:35:23.371+0000	[#################.......] benchmark.Twitter	35.5GB/49.1GB (72.2%)
2021-10-23T08:35:26.372+0000	[#################.......] benchmark.Twitter	35.5GB/49.1GB (72.3%)
2021-10-23T08:35:29.371+0000	[#################.......] benchmark.Twitter	35.6GB/49.1GB (72.4%)
2021-10-23T08:35:32.371+0000	[#################.......] benchmark.Twitter	35.6GB/49.1GB (72.5%)
2021-10-23T08:35:35.371+0000	[#################.......] benchmark.Twitter	35.7GB/49.1GB (72.6%)
2021-10-23T08:35:38.372+0000	[#################.......] benchmark.Twitter	35.7GB/49.1GB (72.7%)
2021-10-23T08:35:41.371+0000	[#################.......] benchmark.Twitter	35.8GB/49.1GB (72.9%)
2021-10-23T08:35:44.371+0000	[#################.......] benchmark.Twitter	35.9GB/49.1GB (73.0%)
2021-10-23T08:35:47.371+0000	[#################.......] benchmark.Twitter	35.9GB/49.1GB (73.1%)
2021-10-23T08:35:50.371+0000	[#################.......] benchmark.Twitter	36.0GB/49.1GB (73.2%)
2021-10-23T08:35:53.371+0000	[#################.......] benchmark.Twitter	36.0GB/49.1GB (73.3%)
2021-10-23T08:35:56.372+0000	[#################.......] benchmark.Twitter	36.1GB/49.1GB (73.4%)
2021-10-23T08:35:59.371+0000	[#################.......] benchmark.Twitter	36.1GB/49.1GB (73.5%)
2021-10-23T08:36:02.372+0000	[#################.......] benchmark.Twitter	36.2GB/49.1GB (73.6%)
2021-10-23T08:36:05.371+0000	[#################.......] benchmark.Twitter	36.2GB/49.1GB (73.8%)
2021-10-23T08:36:08.371+0000	[#################.......] benchmark.Twitter	36.3GB/49.1GB (73.9%)
2021-10-23T08:36:11.371+0000	[#################.......] benchmark.Twitter	36.4GB/49.1GB (74.0%)
2021-10-23T08:36:14.372+0000	[#################.......] benchmark.Twitter	36.4GB/49.1GB (74.1%)
2021-10-23T08:36:17.371+0000	[#################.......] benchmark.Twitter	36.5GB/49.1GB (74.2%)
2021-10-23T08:36:20.371+0000	[#################.......] benchmark.Twitter	36.5GB/49.1GB (74.3%)
2021-10-23T08:36:23.371+0000	[#################.......] benchmark.Twitter	36.6GB/49.1GB (74.4%)
2021-10-23T08:36:26.372+0000	[#################.......] benchmark.Twitter	36.6GB/49.1GB (74.5%)
2021-10-23T08:36:29.372+0000	[#################.......] benchmark.Twitter	36.7GB/49.1GB (74.7%)
2021-10-23T08:36:32.371+0000	[#################.......] benchmark.Twitter	36.7GB/49.1GB (74.8%)
2021-10-23T08:36:35.371+0000	[#################.......] benchmark.Twitter	36.8GB/49.1GB (74.9%)
2021-10-23T08:36:38.372+0000	[#################.......] benchmark.Twitter	36.8GB/49.1GB (75.0%)
2021-10-23T08:36:41.371+0000	[##################......] benchmark.Twitter	36.9GB/49.1GB (75.1%)
2021-10-23T08:36:44.371+0000	[##################......] benchmark.Twitter	37.0GB/49.1GB (75.2%)
2021-10-23T08:36:47.372+0000	[##################......] benchmark.Twitter	37.0GB/49.1GB (75.3%)
2021-10-23T08:36:50.371+0000	[##################......] benchmark.Twitter	37.1GB/49.1GB (75.4%)
2021-10-23T08:36:53.372+0000	[##################......] benchmark.Twitter	37.1GB/49.1GB (75.6%)
2021-10-23T08:36:56.371+0000	[##################......] benchmark.Twitter	37.2GB/49.1GB (75.7%)
2021-10-23T08:36:59.372+0000	[##################......] benchmark.Twitter	37.2GB/49.1GB (75.8%)
2021-10-23T08:37:02.372+0000	[##################......] benchmark.Twitter	37.3GB/49.1GB (75.9%)
2021-10-23T08:37:05.372+0000	[##################......] benchmark.Twitter	37.4GB/49.1GB (76.0%)
2021-10-23T08:37:08.371+0000	[##################......] benchmark.Twitter	37.4GB/49.1GB (76.1%)
2021-10-23T08:37:11.371+0000	[##################......] benchmark.Twitter	37.5GB/49.1GB (76.2%)
2021-10-23T08:37:14.372+0000	[##################......] benchmark.Twitter	37.5GB/49.1GB (76.4%)
2021-10-23T08:37:17.371+0000	[##################......] benchmark.Twitter	37.6GB/49.1GB (76.5%)
2021-10-23T08:37:20.372+0000	[##################......] benchmark.Twitter	37.6GB/49.1GB (76.6%)
2021-10-23T08:37:23.371+0000	[##################......] benchmark.Twitter	37.7GB/49.1GB (76.7%)
2021-10-23T08:37:26.371+0000	[##################......] benchmark.Twitter	37.7GB/49.1GB (76.8%)
2021-10-23T08:37:29.371+0000	[##################......] benchmark.Twitter	37.8GB/49.1GB (76.9%)
2021-10-23T08:37:32.372+0000	[##################......] benchmark.Twitter	37.8GB/49.1GB (76.9%)
2021-10-23T08:37:35.372+0000	[##################......] benchmark.Twitter	37.9GB/49.1GB (77.1%)
2021-10-23T08:37:38.371+0000	[##################......] benchmark.Twitter	37.9GB/49.1GB (77.2%)
2021-10-23T08:37:41.371+0000	[##################......] benchmark.Twitter	38.0GB/49.1GB (77.3%)
2021-10-23T08:37:44.371+0000	[##################......] benchmark.Twitter	38.0GB/49.1GB (77.4%)
2021-10-23T08:37:47.372+0000	[##################......] benchmark.Twitter	38.1GB/49.1GB (77.5%)
2021-10-23T08:37:50.371+0000	[##################......] benchmark.Twitter	38.1GB/49.1GB (77.6%)
2021-10-23T08:37:53.371+0000	[##################......] benchmark.Twitter	38.2GB/49.1GB (77.7%)
2021-10-23T08:37:56.371+0000	[##################......] benchmark.Twitter	38.2GB/49.1GB (77.8%)
2021-10-23T08:37:59.372+0000	[##################......] benchmark.Twitter	38.3GB/49.1GB (78.0%)
2021-10-23T08:38:02.371+0000	[##################......] benchmark.Twitter	38.4GB/49.1GB (78.1%)
2021-10-23T08:38:05.372+0000	[##################......] benchmark.Twitter	38.4GB/49.1GB (78.2%)
2021-10-23T08:38:08.371+0000	[##################......] benchmark.Twitter	38.5GB/49.1GB (78.3%)
2021-10-23T08:38:11.372+0000	[##################......] benchmark.Twitter	38.5GB/49.1GB (78.4%)
2021-10-23T08:38:14.371+0000	[##################......] benchmark.Twitter	38.6GB/49.1GB (78.5%)
2021-10-23T08:38:17.372+0000	[##################......] benchmark.Twitter	38.6GB/49.1GB (78.6%)
2021-10-23T08:38:20.371+0000	[##################......] benchmark.Twitter	38.7GB/49.1GB (78.7%)
2021-10-23T08:38:23.371+0000	[##################......] benchmark.Twitter	38.7GB/49.1GB (78.8%)
2021-10-23T08:38:26.372+0000	[##################......] benchmark.Twitter	38.8GB/49.1GB (79.0%)
2021-10-23T08:38:29.371+0000	[##################......] benchmark.Twitter	38.9GB/49.1GB (79.1%)
2021-10-23T08:38:32.371+0000	[###################.....] benchmark.Twitter	38.9GB/49.1GB (79.2%)
2021-10-23T08:38:35.371+0000	[###################.....] benchmark.Twitter	39.0GB/49.1GB (79.3%)
2021-10-23T08:38:38.371+0000	[###################.....] benchmark.Twitter	39.0GB/49.1GB (79.4%)
2021-10-23T08:38:41.372+0000	[###################.....] benchmark.Twitter	39.1GB/49.1GB (79.5%)
2021-10-23T08:38:44.373+0000	[###################.....] benchmark.Twitter	39.1GB/49.1GB (79.6%)
2021-10-23T08:38:47.371+0000	[###################.....] benchmark.Twitter	39.2GB/49.1GB (79.7%)
2021-10-23T08:38:50.372+0000	[###################.....] benchmark.Twitter	39.2GB/49.1GB (79.9%)
2021-10-23T08:38:53.371+0000	[###################.....] benchmark.Twitter	39.3GB/49.1GB (80.0%)
2021-10-23T08:38:56.371+0000	[###################.....] benchmark.Twitter	39.4GB/49.1GB (80.1%)
2021-10-23T08:38:59.371+0000	[###################.....] benchmark.Twitter	39.4GB/49.1GB (80.2%)
2021-10-23T08:39:02.371+0000	[###################.....] benchmark.Twitter	39.5GB/49.1GB (80.3%)
2021-10-23T08:39:05.371+0000	[###################.....] benchmark.Twitter	39.5GB/49.1GB (80.4%)
2021-10-23T08:39:08.372+0000	[###################.....] benchmark.Twitter	39.6GB/49.1GB (80.5%)
2021-10-23T08:39:11.371+0000	[###################.....] benchmark.Twitter	39.6GB/49.1GB (80.7%)
2021-10-23T08:39:14.371+0000	[###################.....] benchmark.Twitter	39.7GB/49.1GB (80.8%)
2021-10-23T08:39:17.371+0000	[###################.....] benchmark.Twitter	39.7GB/49.1GB (80.9%)
2021-10-23T08:39:20.371+0000	[###################.....] benchmark.Twitter	39.8GB/49.1GB (81.0%)
2021-10-23T08:39:23.372+0000	[###################.....] benchmark.Twitter	39.9GB/49.1GB (81.1%)
2021-10-23T08:39:26.372+0000	[###################.....] benchmark.Twitter	39.9GB/49.1GB (81.2%)
2021-10-23T08:39:29.372+0000	[###################.....] benchmark.Twitter	40.0GB/49.1GB (81.3%)
2021-10-23T08:39:32.371+0000	[###################.....] benchmark.Twitter	40.0GB/49.1GB (81.5%)
2021-10-23T08:39:35.372+0000	[###################.....] benchmark.Twitter	40.1GB/49.1GB (81.6%)
2021-10-23T08:39:38.371+0000	[###################.....] benchmark.Twitter	40.1GB/49.1GB (81.7%)
2021-10-23T08:39:41.371+0000	[###################.....] benchmark.Twitter	40.2GB/49.1GB (81.8%)
2021-10-23T08:39:44.371+0000	[###################.....] benchmark.Twitter	40.2GB/49.1GB (81.9%)
2021-10-23T08:39:47.371+0000	[###################.....] benchmark.Twitter	40.3GB/49.1GB (82.0%)
2021-10-23T08:39:50.371+0000	[###################.....] benchmark.Twitter	40.4GB/49.1GB (82.1%)
2021-10-23T08:39:53.371+0000	[###################.....] benchmark.Twitter	40.4GB/49.1GB (82.3%)
2021-10-23T08:39:56.371+0000	[###################.....] benchmark.Twitter	40.5GB/49.1GB (82.4%)
2021-10-23T08:39:59.371+0000	[###################.....] benchmark.Twitter	40.5GB/49.1GB (82.5%)
2021-10-23T08:40:02.372+0000	[###################.....] benchmark.Twitter	40.6GB/49.1GB (82.6%)
2021-10-23T08:40:05.371+0000	[###################.....] benchmark.Twitter	40.6GB/49.1GB (82.7%)
2021-10-23T08:40:08.372+0000	[###################.....] benchmark.Twitter	40.7GB/49.1GB (82.8%)
2021-10-23T08:40:11.372+0000	[###################.....] benchmark.Twitter	40.8GB/49.1GB (82.9%)
2021-10-23T08:40:14.371+0000	[###################.....] benchmark.Twitter	40.8GB/49.1GB (83.1%)
2021-10-23T08:40:17.371+0000	[###################.....] benchmark.Twitter	40.9GB/49.1GB (83.2%)
2021-10-23T08:40:20.372+0000	[###################.....] benchmark.Twitter	40.9GB/49.1GB (83.3%)
2021-10-23T08:40:23.371+0000	[####################....] benchmark.Twitter	41.0GB/49.1GB (83.4%)
2021-10-23T08:40:26.371+0000	[####################....] benchmark.Twitter	41.0GB/49.1GB (83.5%)
2021-10-23T08:40:29.371+0000	[####################....] benchmark.Twitter	41.1GB/49.1GB (83.6%)
2021-10-23T08:40:32.371+0000	[####################....] benchmark.Twitter	41.1GB/49.1GB (83.7%)
2021-10-23T08:40:35.372+0000	[####################....] benchmark.Twitter	41.2GB/49.1GB (83.8%)
2021-10-23T08:40:38.371+0000	[####################....] benchmark.Twitter	41.2GB/49.1GB (84.0%)
2021-10-23T08:40:41.372+0000	[####################....] benchmark.Twitter	41.3GB/49.1GB (84.1%)
2021-10-23T08:40:44.372+0000	[####################....] benchmark.Twitter	41.4GB/49.1GB (84.2%)
2021-10-23T08:40:47.372+0000	[####################....] benchmark.Twitter	41.4GB/49.1GB (84.3%)
2021-10-23T08:40:50.372+0000	[####################....] benchmark.Twitter	41.5GB/49.1GB (84.4%)
2021-10-23T08:40:53.372+0000	[####################....] benchmark.Twitter	41.5GB/49.1GB (84.5%)
2021-10-23T08:40:56.371+0000	[####################....] benchmark.Twitter	41.6GB/49.1GB (84.6%)
2021-10-23T08:40:59.371+0000	[####################....] benchmark.Twitter	41.6GB/49.1GB (84.7%)
2021-10-23T08:41:02.372+0000	[####################....] benchmark.Twitter	41.7GB/49.1GB (84.8%)
2021-10-23T08:41:05.372+0000	[####################....] benchmark.Twitter	41.7GB/49.1GB (84.9%)
2021-10-23T08:41:08.372+0000	[####################....] benchmark.Twitter	41.8GB/49.1GB (85.0%)
2021-10-23T08:41:11.371+0000	[####################....] benchmark.Twitter	41.8GB/49.1GB (85.1%)
2021-10-23T08:41:14.372+0000	[####################....] benchmark.Twitter	41.9GB/49.1GB (85.2%)
2021-10-23T08:41:17.371+0000	[####################....] benchmark.Twitter	41.9GB/49.1GB (85.3%)
2021-10-23T08:41:20.372+0000	[####################....] benchmark.Twitter	42.0GB/49.1GB (85.5%)
2021-10-23T08:41:23.371+0000	[####################....] benchmark.Twitter	42.0GB/49.1GB (85.6%)
2021-10-23T08:41:26.371+0000	[####################....] benchmark.Twitter	42.1GB/49.1GB (85.7%)
2021-10-23T08:41:29.372+0000	[####################....] benchmark.Twitter	42.1GB/49.1GB (85.8%)
2021-10-23T08:41:32.371+0000	[####################....] benchmark.Twitter	42.2GB/49.1GB (85.9%)
2021-10-23T08:41:35.371+0000	[####################....] benchmark.Twitter	42.3GB/49.1GB (86.0%)
2021-10-23T08:41:38.371+0000	[####################....] benchmark.Twitter	42.3GB/49.1GB (86.1%)
2021-10-23T08:41:41.371+0000	[####################....] benchmark.Twitter	42.4GB/49.1GB (86.3%)
2021-10-23T08:41:44.371+0000	[####################....] benchmark.Twitter	42.4GB/49.1GB (86.4%)
2021-10-23T08:41:47.371+0000	[####################....] benchmark.Twitter	42.5GB/49.1GB (86.5%)
2021-10-23T08:41:50.371+0000	[####################....] benchmark.Twitter	42.5GB/49.1GB (86.6%)
2021-10-23T08:41:53.371+0000	[####################....] benchmark.Twitter	42.6GB/49.1GB (86.7%)
2021-10-23T08:41:56.371+0000	[####################....] benchmark.Twitter	42.7GB/49.1GB (86.8%)
2021-10-23T08:41:59.372+0000	[####################....] benchmark.Twitter	42.7GB/49.1GB (86.9%)
2021-10-23T08:42:02.371+0000	[####################....] benchmark.Twitter	42.8GB/49.1GB (87.1%)
2021-10-23T08:42:05.372+0000	[####################....] benchmark.Twitter	42.8GB/49.1GB (87.2%)
2021-10-23T08:42:08.372+0000	[####################....] benchmark.Twitter	42.9GB/49.1GB (87.3%)
2021-10-23T08:42:11.372+0000	[####################....] benchmark.Twitter	43.0GB/49.1GB (87.4%)
2021-10-23T08:42:14.371+0000	[#####################...] benchmark.Twitter	43.0GB/49.1GB (87.5%)
2021-10-23T08:42:17.372+0000	[#####################...] benchmark.Twitter	43.1GB/49.1GB (87.6%)
2021-10-23T08:42:20.371+0000	[#####################...] benchmark.Twitter	43.1GB/49.1GB (87.8%)
2021-10-23T08:42:23.371+0000	[#####################...] benchmark.Twitter	43.2GB/49.1GB (87.9%)
2021-10-23T08:42:26.373+0000	[#####################...] benchmark.Twitter	43.2GB/49.1GB (88.0%)
2021-10-23T08:42:29.371+0000	[#####################...] benchmark.Twitter	43.3GB/49.1GB (88.1%)
2021-10-23T08:42:32.371+0000	[#####################...] benchmark.Twitter	43.3GB/49.1GB (88.2%)
2021-10-23T08:42:35.372+0000	[#####################...] benchmark.Twitter	43.4GB/49.1GB (88.3%)
2021-10-23T08:42:38.371+0000	[#####################...] benchmark.Twitter	43.5GB/49.1GB (88.4%)
2021-10-23T08:42:41.371+0000	[#####################...] benchmark.Twitter	43.5GB/49.1GB (88.6%)
2021-10-23T08:42:44.372+0000	[#####################...] benchmark.Twitter	43.6GB/49.1GB (88.7%)
2021-10-23T08:42:47.371+0000	[#####################...] benchmark.Twitter	43.6GB/49.1GB (88.8%)
2021-10-23T08:42:50.372+0000	[#####################...] benchmark.Twitter	43.7GB/49.1GB (88.9%)
2021-10-23T08:42:53.371+0000	[#####################...] benchmark.Twitter	43.7GB/49.1GB (89.0%)
2021-10-23T08:42:56.372+0000	[#####################...] benchmark.Twitter	43.8GB/49.1GB (89.1%)
2021-10-23T08:42:59.371+0000	[#####################...] benchmark.Twitter	43.9GB/49.1GB (89.3%)
2021-10-23T08:43:02.371+0000	[#####################...] benchmark.Twitter	43.9GB/49.1GB (89.4%)
2021-10-23T08:43:05.371+0000	[#####################...] benchmark.Twitter	44.0GB/49.1GB (89.5%)
2021-10-23T08:43:08.371+0000	[#####################...] benchmark.Twitter	44.0GB/49.1GB (89.6%)
2021-10-23T08:43:11.371+0000	[#####################...] benchmark.Twitter	44.0GB/49.1GB (89.6%)
2021-10-23T08:43:14.371+0000	[#####################...] benchmark.Twitter	44.1GB/49.1GB (89.7%)
2021-10-23T08:43:17.371+0000	[#####################...] benchmark.Twitter	44.1GB/49.1GB (89.8%)
2021-10-23T08:43:20.371+0000	[#####################...] benchmark.Twitter	44.2GB/49.1GB (89.9%)
2021-10-23T08:43:23.371+0000	[#####################...] benchmark.Twitter	44.2GB/49.1GB (90.0%)
2021-10-23T08:43:26.371+0000	[#####################...] benchmark.Twitter	44.3GB/49.1GB (90.1%)
2021-10-23T08:43:29.372+0000	[#####################...] benchmark.Twitter	44.3GB/49.1GB (90.2%)
2021-10-23T08:43:32.372+0000	[#####################...] benchmark.Twitter	44.4GB/49.1GB (90.3%)
2021-10-23T08:43:35.371+0000	[#####################...] benchmark.Twitter	44.5GB/49.1GB (90.5%)
2021-10-23T08:43:38.372+0000	[#####################...] benchmark.Twitter	44.5GB/49.1GB (90.6%)
2021-10-23T08:43:41.371+0000	[#####################...] benchmark.Twitter	44.6GB/49.1GB (90.7%)
2021-10-23T08:43:44.371+0000	[#####################...] benchmark.Twitter	44.6GB/49.1GB (90.8%)
2021-10-23T08:43:47.372+0000	[#####################...] benchmark.Twitter	44.7GB/49.1GB (90.9%)
2021-10-23T08:43:50.371+0000	[#####################...] benchmark.Twitter	44.7GB/49.1GB (91.0%)
2021-10-23T08:43:53.371+0000	[#####################...] benchmark.Twitter	44.8GB/49.1GB (91.2%)
2021-10-23T08:43:56.371+0000	[#####################...] benchmark.Twitter	44.9GB/49.1GB (91.3%)
2021-10-23T08:43:59.371+0000	[#####################...] benchmark.Twitter	44.9GB/49.1GB (91.4%)
2021-10-23T08:44:02.372+0000	[#####################...] benchmark.Twitter	45.0GB/49.1GB (91.5%)
2021-10-23T08:44:05.372+0000	[#####################...] benchmark.Twitter	45.0GB/49.1GB (91.6%)
2021-10-23T08:44:08.372+0000	[######################..] benchmark.Twitter	45.1GB/49.1GB (91.7%)
2021-10-23T08:44:11.372+0000	[######################..] benchmark.Twitter	45.1GB/49.1GB (91.9%)
2021-10-23T08:44:14.371+0000	[######################..] benchmark.Twitter	45.2GB/49.1GB (92.0%)
2021-10-23T08:44:17.371+0000	[######################..] benchmark.Twitter	45.2GB/49.1GB (92.1%)
2021-10-23T08:44:20.371+0000	[######################..] benchmark.Twitter	45.3GB/49.1GB (92.2%)
2021-10-23T08:44:23.371+0000	[######################..] benchmark.Twitter	45.4GB/49.1GB (92.3%)
2021-10-23T08:44:26.371+0000	[######################..] benchmark.Twitter	45.4GB/49.1GB (92.4%)
2021-10-23T08:44:29.371+0000	[######################..] benchmark.Twitter	45.5GB/49.1GB (92.6%)
2021-10-23T08:44:32.372+0000	[######################..] benchmark.Twitter	45.5GB/49.1GB (92.7%)
2021-10-23T08:44:35.372+0000	[######################..] benchmark.Twitter	45.6GB/49.1GB (92.8%)
2021-10-23T08:44:38.372+0000	[######################..] benchmark.Twitter	45.6GB/49.1GB (92.9%)
2021-10-23T08:44:41.372+0000	[######################..] benchmark.Twitter	45.7GB/49.1GB (93.0%)
2021-10-23T08:44:44.371+0000	[######################..] benchmark.Twitter	45.8GB/49.1GB (93.1%)
2021-10-23T08:44:47.372+0000	[######################..] benchmark.Twitter	45.8GB/49.1GB (93.3%)
2021-10-23T08:44:50.371+0000	[######################..] benchmark.Twitter	45.9GB/49.1GB (93.4%)
2021-10-23T08:44:53.371+0000	[######################..] benchmark.Twitter	45.9GB/49.1GB (93.5%)
2021-10-23T08:44:56.371+0000	[######################..] benchmark.Twitter	46.0GB/49.1GB (93.6%)
2021-10-23T08:44:59.371+0000	[######################..] benchmark.Twitter	46.0GB/49.1GB (93.7%)
2021-10-23T08:45:02.371+0000	[######################..] benchmark.Twitter	46.1GB/49.1GB (93.8%)
2021-10-23T08:45:05.371+0000	[######################..] benchmark.Twitter	46.2GB/49.1GB (93.9%)
2021-10-23T08:45:08.371+0000	[######################..] benchmark.Twitter	46.2GB/49.1GB (94.1%)
2021-10-23T08:45:11.372+0000	[######################..] benchmark.Twitter	46.3GB/49.1GB (94.2%)
2021-10-23T08:45:14.372+0000	[######################..] benchmark.Twitter	46.3GB/49.1GB (94.3%)
2021-10-23T08:45:17.371+0000	[######################..] benchmark.Twitter	46.4GB/49.1GB (94.4%)
2021-10-23T08:45:20.371+0000	[######################..] benchmark.Twitter	46.5GB/49.1GB (94.5%)
2021-10-23T08:45:23.371+0000	[######################..] benchmark.Twitter	46.5GB/49.1GB (94.7%)
2021-10-23T08:45:26.372+0000	[######################..] benchmark.Twitter	46.6GB/49.1GB (94.8%)
2021-10-23T08:45:29.371+0000	[######################..] benchmark.Twitter	46.6GB/49.1GB (94.9%)
2021-10-23T08:45:32.371+0000	[######################..] benchmark.Twitter	46.7GB/49.1GB (95.0%)
2021-10-23T08:45:35.372+0000	[######################..] benchmark.Twitter	46.7GB/49.1GB (95.1%)
2021-10-23T08:45:38.371+0000	[######################..] benchmark.Twitter	46.8GB/49.1GB (95.2%)
2021-10-23T08:45:41.371+0000	[######################..] benchmark.Twitter	46.9GB/49.1GB (95.4%)
2021-10-23T08:45:44.371+0000	[######################..] benchmark.Twitter	46.9GB/49.1GB (95.5%)
2021-10-23T08:45:47.372+0000	[######################..] benchmark.Twitter	46.9GB/49.1GB (95.6%)
2021-10-23T08:45:50.371+0000	[######################..] benchmark.Twitter	47.0GB/49.1GB (95.6%)
2021-10-23T08:45:53.371+0000	[######################..] benchmark.Twitter	47.0GB/49.1GB (95.7%)
2021-10-23T08:45:56.371+0000	[#######################.] benchmark.Twitter	47.1GB/49.1GB (95.8%)
2021-10-23T08:45:59.371+0000	[#######################.] benchmark.Twitter	47.1GB/49.1GB (95.9%)
2021-10-23T08:46:02.372+0000	[#######################.] benchmark.Twitter	47.2GB/49.1GB (96.0%)
2021-10-23T08:46:05.371+0000	[#######################.] benchmark.Twitter	47.2GB/49.1GB (96.1%)
2021-10-23T08:46:08.371+0000	[#######################.] benchmark.Twitter	47.3GB/49.1GB (96.2%)
2021-10-23T08:46:11.371+0000	[#######################.] benchmark.Twitter	47.3GB/49.1GB (96.3%)
2021-10-23T08:46:14.371+0000	[#######################.] benchmark.Twitter	47.4GB/49.1GB (96.5%)
2021-10-23T08:46:17.372+0000	[#######################.] benchmark.Twitter	47.4GB/49.1GB (96.6%)
2021-10-23T08:46:20.371+0000	[#######################.] benchmark.Twitter	47.5GB/49.1GB (96.7%)
2021-10-23T08:46:23.371+0000	[#######################.] benchmark.Twitter	47.6GB/49.1GB (96.8%)
2021-10-23T08:46:26.372+0000	[#######################.] benchmark.Twitter	47.6GB/49.1GB (96.9%)
2021-10-23T08:46:29.372+0000	[#######################.] benchmark.Twitter	47.7GB/49.1GB (97.0%)
2021-10-23T08:46:32.371+0000	[#######################.] benchmark.Twitter	47.7GB/49.1GB (97.1%)
2021-10-23T08:46:35.372+0000	[#######################.] benchmark.Twitter	47.8GB/49.1GB (97.3%)
2021-10-23T08:46:38.371+0000	[#######################.] benchmark.Twitter	47.8GB/49.1GB (97.4%)
2021-10-23T08:46:41.371+0000	[#######################.] benchmark.Twitter	47.9GB/49.1GB (97.5%)
2021-10-23T08:46:44.372+0000	[#######################.] benchmark.Twitter	48.0GB/49.1GB (97.6%)
2021-10-23T08:46:47.371+0000	[#######################.] benchmark.Twitter	48.0GB/49.1GB (97.7%)
2021-10-23T08:46:50.372+0000	[#######################.] benchmark.Twitter	48.1GB/49.1GB (97.8%)
2021-10-23T08:46:53.371+0000	[#######################.] benchmark.Twitter	48.1GB/49.1GB (98.0%)
2021-10-23T08:46:56.371+0000	[#######################.] benchmark.Twitter	48.2GB/49.1GB (98.1%)
2021-10-23T08:46:59.371+0000	[#######################.] benchmark.Twitter	48.2GB/49.1GB (98.2%)
2021-10-23T08:47:02.371+0000	[#######################.] benchmark.Twitter	48.3GB/49.1GB (98.3%)
2021-10-23T08:47:05.371+0000	[#######################.] benchmark.Twitter	48.4GB/49.1GB (98.4%)
2021-10-23T08:47:08.371+0000	[#######################.] benchmark.Twitter	48.4GB/49.1GB (98.5%)
2021-10-23T08:47:11.371+0000	[#######################.] benchmark.Twitter	48.5GB/49.1GB (98.7%)
2021-10-23T08:47:14.371+0000	[#######################.] benchmark.Twitter	48.5GB/49.1GB (98.8%)
2021-10-23T08:47:17.371+0000	[#######################.] benchmark.Twitter	48.6GB/49.1GB (98.9%)
2021-10-23T08:47:20.372+0000	[#######################.] benchmark.Twitter	48.6GB/49.1GB (99.0%)
2021-10-23T08:47:23.371+0000	[#######################.] benchmark.Twitter	48.7GB/49.1GB (99.1%)
2021-10-23T08:47:26.371+0000	[#######################.] benchmark.Twitter	48.8GB/49.1GB (99.2%)
2021-10-23T08:47:29.371+0000	[#######################.] benchmark.Twitter	48.8GB/49.1GB (99.3%)
2021-10-23T08:47:32.372+0000	[#######################.] benchmark.Twitter	48.9GB/49.1GB (99.5%)
2021-10-23T08:47:35.371+0000	[#######################.] benchmark.Twitter	48.9GB/49.1GB (99.6%)
2021-10-23T08:47:38.372+0000	[#######################.] benchmark.Twitter	49.0GB/49.1GB (99.7%)
2021-10-23T08:47:41.371+0000	[#######################.] benchmark.Twitter	49.0GB/49.1GB (99.8%)
2021-10-23T08:47:44.371+0000	[#######################.] benchmark.Twitter	49.1GB/49.1GB (99.9%)
2021-10-23T08:47:46.471+0000	[########################] benchmark.Twitter	49.1GB/49.1GB (100.0%)
2021-10-23T08:47:46.471+0000	13346336 document(s) imported successfully. 0 document(s) failed to import.
mongo-benchmark
MongoDB: 3847.61 s
mongo-benchmark
=== Found Postgres query file, executing Postgres queries ===
= File:'Twitter.json' =
13.4-alpine: Pulling from library/postgres
Digest: sha256:e9e481c3b0960e6acdd0d1202938617b9075d20f477765b531846671b7e624f2
Status: Image is up to date for postgres:13.4-alpine
f514569fc1c8164c6e4705cb61df4580ee5661d7937215bea99870279a48a90d
3
PSQL: 8045.67 s
psql-benchmark
=== Found JQ query file, executing JQ queries ===
Sending build context to Docker daemon  112.1kB
Step 1/2 : FROM alpine
 ---> 14119a10abf4
Step 2/2 : RUN apk add --no-cache --upgrade bash jq
 ---> Using cache
 ---> 91ec4132b45e
Successfully built 91ec4132b45e
Successfully tagged nicotin/jq:05-10-2021
write /dev/stdout: broken pipe
0
JQ: 20077.8 s
jq-benchmark
=== Results ===
= JQ =
Overall: 20077.8
= JODA =
Overall: 120.022
Query Time: 61.5633
14.1013099
7.796785204
6.375382511
7.093650944
4.553182004
4.513057881
4.439263365
4.632106901
4.130493986
3.92804314
= Mongo =
Overall: 3847.61
185.853
158.325
162.798
175.474
64.691
73.13
82.329
81.756
81.683
89.902
Query Time: 1155.94
= PostgreSQL =
Overall: 8045.67
=== AGG Results ===
= JQ =
5073309
1985718
1423329
1253365
4467128
970479
434583
226865
79126
56933
= JODA =
13346336
5073309
1985718
1423329
1253365
4467128
970479
434583
226865
79126
56933
= Mongo =
5073309
1985718
1423329
1253365
4467128
970479
434583
226865
79126
56933
= PostgreSQL =
 5073309
 1985718
 1423329
 1253365
 4456547
 959898
 424002
 216709
 68970
 48900
