=== Found JODA query file, executing JODA queries ===
= File:'Twitter.json' =
0.12.4: Pulling from nicotin/joda
Digest: sha256:b253680f2c5ee1118e2c282e0c4ebff5cb6e87643fb98abcf1e686caaa35152a
Status: Image is up to date for nicotin/joda:0.12.4
1cd6ac67d5e1b666ed32f190b609fcf42d925941dfe26312dfdf5434c28c59d1
0
JODA: 70.518 s
joda-benchmark
=== Results ===
= JQ =
Overall: 
= JODA =
Overall: 70.518
Query Time: 10.5478
5.932571397
2.532026267
1.039693981
0.271289374
0.165636151
0.191548458
0.107790849
0.124884403
0.096744491
0.085577697
= Mongo =
Overall: 

Query Time: 
= PostgreSQL =
Overall: 
=== AGG Results ===
= JQ =

= JODA =
13346336
10691615
5073309
1532985
915227
747814
508330
333279
369952
321705
107776
= Mongo =

= PostgreSQL =

