=== Found JODA query file, executing JODA queries ===
= File:'NoBench.json' =
0.12.3: Pulling from nicotin/joda
Digest: sha256:6c0c6b4a19967ae02ef348535acdb3eb8496453a8b868763c34370e10be0192f
Status: Image is up to date for nicotin/joda:0.12.3
afec99b85b8bc48c3d08e32dfce821ea6bbeaab4967bcf0183387803275ca059
0
JODA: 1.41655 s
joda-benchmark
=== Found MongoDB query file, executing MongoDB queries ===
= File:'NoBench.json' =
5.0.3-focal: Pulling from library/mongo
Digest: sha256:f7c401402aa3e689fc42c7109247ab2d5a3e3b4b8a3ace4c2bf7a5fc74ca4917
Status: Image is up to date for mongo:5.0.3-focal
e4ba0e0cbff336d866308a25812c49790b7d5ac00001a5fc60fbef4d87d26dc2
2021-11-09T15:14:45.087+0000	connected to: mongodb://localhost/
2021-11-09T15:14:45.899+0000	10000 document(s) imported successfully. 0 document(s) failed to import.
mongo-benchmark
MongoDB: 3.12591 s
mongo-benchmark
=== Found Postgres query file, executing Postgres queries ===
= File:'NoBench.json' =
13.4-alpine: Pulling from library/postgres
Digest: sha256:c170270dc9ba94f491375e366fa2cf46d0bc0027e4a69d70e6e9d1454ba748dc
Status: Image is up to date for postgres:13.4-alpine
612df7fe29b01c9c1b1a854cef8a9aa1bd2ff2731afec7ba8837a6e33ac6f47f
3
PSQL: 2.26847 s
psql-benchmark
=== Results ===
= JQ =
Overall: 
= JODA =
Overall: 1.41655
Query Time: 0.218819
0.024801411
0.024003518
0.024808773
0.022186568
0.024243394
0.021599013
0.022209844
0.019800384
0.019005917
0.016160459
= Mongo =
Overall: 3.12591
0.042
0.057
0.046
0.047
0.063
0.022
0.063
0.064
0.049
0.042
Query Time: 0.495
= PostgreSQL =
Overall: 2.26847
=== AGG Results ===
= JQ =

= JODA =
10000
2917
8011
2893
4117
1283
4994
627
142
49
23
= Mongo =
2917
8011
2893
4117
1283
4994
627
142
49
23
= PostgreSQL =
  2917
  8011
  2893
  4117
  1283
  4994
   627
   142
    49
    23
