=== Found JODA query file, executing JODA queries ===
= File:'Twitter.json' =
0.12.4: Pulling from nicotin/joda
Digest: sha256:b253680f2c5ee1118e2c282e0c4ebff5cb6e87643fb98abcf1e686caaa35152a
Status: Image is up to date for nicotin/joda:0.12.4
9fca7d444f8df5aea62dece5894f83f2a7a36d935053f0ca4c1b2f90c72e5c65
0
JODA: 76.6819 s
joda-benchmark
=== Results ===
= JQ =
Overall: 
= JODA =
Overall: 76.6819
Query Time: 13.2139
7.530081055
2.575860262
0.806281447
0.588032102
0.404881728
0.222953519
0.161285246
0.112027628
0.096222769
0.716246189
= Mongo =
Overall: 

Query Time: 
= PostgreSQL =
Overall: 
=== AGG Results ===
= JQ =

= JODA =
13346336
6917927
5073309
3791783
3209055
1490829
402498
166647
166647
97309
5073309
= Mongo =

= PostgreSQL =

