=== Found JODA query file, executing JODA queries ===
= File:'Twitter.json' =
0.12.4: Pulling from nicotin/joda
Digest: sha256:b253680f2c5ee1118e2c282e0c4ebff5cb6e87643fb98abcf1e686caaa35152a
Status: Image is up to date for nicotin/joda:0.12.4
0391876d428e6ee8810dde75e9e30c28edb88080a700f26e6a0aeb090b5240c1
0
JODA: 78.4097 s
joda-benchmark
=== Results ===
= JQ =
Overall: 
= JODA =
Overall: 78.4097
Query Time: 11.1029
4.046729133
3.471241468
1.054161786
0.611481929
0.439632154
0.43600152
0.343238421
0.220853803
0.244258941
0.235325291
= Mongo =
Overall: 

Query Time: 
= PostgreSQL =
Overall: 
=== AGG Results ===
= JQ =

= JODA =
13346336
10691615
7326241
4982345
1716350
1881415
2042456
1843105
1176410
1276118
1176580
= Mongo =

= PostgreSQL =

