=== Found JODA query file, executing JODA queries ===
= File:'Twitter.json' =
0.12.4: Pulling from nicotin/joda
Digest: sha256:b253680f2c5ee1118e2c282e0c4ebff5cb6e87643fb98abcf1e686caaa35152a
Status: Image is up to date for nicotin/joda:0.12.4
9f69bf179b48c8f7203d6c697ccdebb9d7dbb5be951131eb9dfaf6c16e57fc16
0
JODA: 110.526 s
joda-benchmark
=== Results ===
= JQ =
Overall: 
= JODA =
Overall: 110.526
Query Time: 24.3769
4.090127895
4.385795107
6.39585974
1.797845301
1.564503998
1.663078441
1.183090164
1.316842104
1.138322735
0.841411631
= Mongo =
Overall: 

Query Time: 
= PostgreSQL =
Overall: 
=== AGG Results ===
= JQ =

= JODA =
13346336
10691615
10691615
5073309
5073309
5073309
5407738
5073309
10691067
5260044
5073309
= Mongo =

= PostgreSQL =

