=== Found JODA query file, executing JODA queries ===
= File:'Twitter.json' =
0.12.4: Pulling from nicotin/joda
Digest: sha256:b253680f2c5ee1118e2c282e0c4ebff5cb6e87643fb98abcf1e686caaa35152a
Status: Image is up to date for nicotin/joda:0.12.4
84744aadfae10da03cc45cfa57901bad343894f5f19d1ad74accfe8b5cf5818b
0
JODA: 67.3628 s
joda-benchmark
=== Results ===
= JQ =
Overall: 
= JODA =
Overall: 67.3628
Query Time: 10.0578
6.518296334
1.533880325
0.421887894
0.230420516
0.156477973
0.181195784
0.498568642
0.100901574
0.259436092
0.156687463
= Mongo =
Overall: 

Query Time: 
= PostgreSQL =
Overall: 
=== AGG Results ===
= JQ =

= JODA =
13346336
5073309
5133443
2523190
837495
554342
740113
1734971
344032
584480
286126
= Mongo =

= PostgreSQL =

