=== Found JODA query file, executing JODA queries ===
= File:'Twitter.json' =
0.12.2: Pulling from nicotin/joda
Digest: sha256:f5e9052c3cc1af5f34dcaa9442d46f2baf40a6a1b6fc3a0d59558d49b5ec8fcf
Status: Image is up to date for nicotin/joda:0.12.2
11f5fe2b1cc8fac0d79e6f408a070c6227aa9bf824e816df28ee48fe4676d51e
0
JODA: 119.987 s
joda-benchmark
=== Found MongoDB query file, executing MongoDB queries ===
= File:'Twitter.json' =
5.0.3-focal: Pulling from library/mongo
Digest: sha256:f7c401402aa3e689fc42c7109247ab2d5a3e3b4b8a3ace4c2bf7a5fc74ca4917
Status: Image is up to date for mongo:5.0.3-focal
ea4c65f56e85c6a2fa4a5a74ba16a6117b6f6de990109b02bd3ec37605b28565
2021-10-29T09:18:59.503+0000	connected to: mongodb://localhost/
2021-10-29T09:19:02.503+0000	[........................] benchmark.Twitter	49.9MB/49.1GB (0.1%)
2021-10-29T09:19:05.503+0000	[........................] benchmark.Twitter	104MB/49.1GB (0.2%)
2021-10-29T09:19:08.504+0000	[........................] benchmark.Twitter	162MB/49.1GB (0.3%)
2021-10-29T09:19:11.503+0000	[........................] benchmark.Twitter	221MB/49.1GB (0.4%)
2021-10-29T09:19:14.503+0000	[........................] benchmark.Twitter	279MB/49.1GB (0.6%)
2021-10-29T09:19:17.503+0000	[........................] benchmark.Twitter	334MB/49.1GB (0.7%)
2021-10-29T09:19:20.503+0000	[........................] benchmark.Twitter	392MB/49.1GB (0.8%)
2021-10-29T09:19:23.504+0000	[........................] benchmark.Twitter	448MB/49.1GB (0.9%)
2021-10-29T09:19:26.503+0000	[........................] benchmark.Twitter	505MB/49.1GB (1.0%)
2021-10-29T09:19:29.503+0000	[........................] benchmark.Twitter	566MB/49.1GB (1.1%)
2021-10-29T09:19:32.503+0000	[........................] benchmark.Twitter	625MB/49.1GB (1.2%)
2021-10-29T09:19:35.503+0000	[........................] benchmark.Twitter	685MB/49.1GB (1.4%)
2021-10-29T09:19:38.504+0000	[........................] benchmark.Twitter	744MB/49.1GB (1.5%)
2021-10-29T09:19:41.503+0000	[........................] benchmark.Twitter	801MB/49.1GB (1.6%)
2021-10-29T09:19:44.503+0000	[........................] benchmark.Twitter	859MB/49.1GB (1.7%)
2021-10-29T09:19:47.504+0000	[........................] benchmark.Twitter	917MB/49.1GB (1.8%)
2021-10-29T09:19:50.503+0000	[........................] benchmark.Twitter	974MB/49.1GB (1.9%)
2021-10-29T09:19:53.503+0000	[........................] benchmark.Twitter	1.01GB/49.1GB (2.0%)
2021-10-29T09:19:56.503+0000	[........................] benchmark.Twitter	1.06GB/49.1GB (2.2%)
2021-10-29T09:19:59.503+0000	[........................] benchmark.Twitter	1.12GB/49.1GB (2.3%)
2021-10-29T09:20:02.503+0000	[........................] benchmark.Twitter	1.18GB/49.1GB (2.4%)
2021-10-29T09:20:05.503+0000	[........................] benchmark.Twitter	1.24GB/49.1GB (2.5%)
2021-10-29T09:20:08.503+0000	[........................] benchmark.Twitter	1.29GB/49.1GB (2.6%)
2021-10-29T09:20:11.503+0000	[........................] benchmark.Twitter	1.35GB/49.1GB (2.7%)
2021-10-29T09:20:14.503+0000	[........................] benchmark.Twitter	1.40GB/49.1GB (2.9%)
2021-10-29T09:20:17.503+0000	[........................] benchmark.Twitter	1.46GB/49.1GB (3.0%)
2021-10-29T09:20:20.503+0000	[........................] benchmark.Twitter	1.52GB/49.1GB (3.1%)
2021-10-29T09:20:23.503+0000	[........................] benchmark.Twitter	1.57GB/49.1GB (3.2%)
2021-10-29T09:20:26.503+0000	[........................] benchmark.Twitter	1.63GB/49.1GB (3.3%)
2021-10-29T09:20:29.503+0000	[........................] benchmark.Twitter	1.68GB/49.1GB (3.4%)
2021-10-29T09:20:32.504+0000	[........................] benchmark.Twitter	1.74GB/49.1GB (3.5%)
2021-10-29T09:20:35.503+0000	[........................] benchmark.Twitter	1.79GB/49.1GB (3.6%)
2021-10-29T09:20:38.504+0000	[........................] benchmark.Twitter	1.85GB/49.1GB (3.8%)
2021-10-29T09:20:41.503+0000	[........................] benchmark.Twitter	1.90GB/49.1GB (3.9%)
2021-10-29T09:20:44.503+0000	[........................] benchmark.Twitter	1.96GB/49.1GB (4.0%)
2021-10-29T09:20:47.504+0000	[........................] benchmark.Twitter	2.01GB/49.1GB (4.1%)
2021-10-29T09:20:50.503+0000	[#.......................] benchmark.Twitter	2.06GB/49.1GB (4.2%)
2021-10-29T09:20:53.504+0000	[#.......................] benchmark.Twitter	2.10GB/49.1GB (4.3%)
2021-10-29T09:20:56.503+0000	[#.......................] benchmark.Twitter	2.15GB/49.1GB (4.4%)
2021-10-29T09:20:59.503+0000	[#.......................] benchmark.Twitter	2.20GB/49.1GB (4.5%)
2021-10-29T09:21:02.503+0000	[#.......................] benchmark.Twitter	2.24GB/49.1GB (4.6%)
2021-10-29T09:21:05.503+0000	[#.......................] benchmark.Twitter	2.30GB/49.1GB (4.7%)
2021-10-29T09:21:08.503+0000	[#.......................] benchmark.Twitter	2.35GB/49.1GB (4.8%)
2021-10-29T09:21:11.503+0000	[#.......................] benchmark.Twitter	2.41GB/49.1GB (4.9%)
2021-10-29T09:21:14.503+0000	[#.......................] benchmark.Twitter	2.46GB/49.1GB (5.0%)
2021-10-29T09:21:17.503+0000	[#.......................] benchmark.Twitter	2.52GB/49.1GB (5.1%)
2021-10-29T09:21:20.503+0000	[#.......................] benchmark.Twitter	2.58GB/49.1GB (5.2%)
2021-10-29T09:21:23.504+0000	[#.......................] benchmark.Twitter	2.63GB/49.1GB (5.4%)
2021-10-29T09:21:26.503+0000	[#.......................] benchmark.Twitter	2.69GB/49.1GB (5.5%)
2021-10-29T09:21:29.503+0000	[#.......................] benchmark.Twitter	2.75GB/49.1GB (5.6%)
2021-10-29T09:21:32.503+0000	[#.......................] benchmark.Twitter	2.81GB/49.1GB (5.7%)
2021-10-29T09:21:35.503+0000	[#.......................] benchmark.Twitter	2.86GB/49.1GB (5.8%)
2021-10-29T09:21:38.503+0000	[#.......................] benchmark.Twitter	2.92GB/49.1GB (5.9%)
2021-10-29T09:21:41.503+0000	[#.......................] benchmark.Twitter	2.97GB/49.1GB (6.1%)
2021-10-29T09:21:44.503+0000	[#.......................] benchmark.Twitter	3.03GB/49.1GB (6.2%)
2021-10-29T09:21:47.503+0000	[#.......................] benchmark.Twitter	3.09GB/49.1GB (6.3%)
2021-10-29T09:21:50.503+0000	[#.......................] benchmark.Twitter	3.15GB/49.1GB (6.4%)
2021-10-29T09:21:53.503+0000	[#.......................] benchmark.Twitter	3.20GB/49.1GB (6.5%)
2021-10-29T09:21:56.503+0000	[#.......................] benchmark.Twitter	3.26GB/49.1GB (6.6%)
2021-10-29T09:21:59.504+0000	[#.......................] benchmark.Twitter	3.31GB/49.1GB (6.7%)
2021-10-29T09:22:02.504+0000	[#.......................] benchmark.Twitter	3.37GB/49.1GB (6.9%)
2021-10-29T09:22:05.503+0000	[#.......................] benchmark.Twitter	3.43GB/49.1GB (7.0%)
2021-10-29T09:22:08.503+0000	[#.......................] benchmark.Twitter	3.49GB/49.1GB (7.1%)
2021-10-29T09:22:11.503+0000	[#.......................] benchmark.Twitter	3.54GB/49.1GB (7.2%)
2021-10-29T09:22:14.504+0000	[#.......................] benchmark.Twitter	3.60GB/49.1GB (7.3%)
2021-10-29T09:22:17.503+0000	[#.......................] benchmark.Twitter	3.66GB/49.1GB (7.4%)
2021-10-29T09:22:20.503+0000	[#.......................] benchmark.Twitter	3.71GB/49.1GB (7.6%)
2021-10-29T09:22:23.504+0000	[#.......................] benchmark.Twitter	3.77GB/49.1GB (7.7%)
2021-10-29T09:22:26.503+0000	[#.......................] benchmark.Twitter	3.83GB/49.1GB (7.8%)
2021-10-29T09:22:29.503+0000	[#.......................] benchmark.Twitter	3.89GB/49.1GB (7.9%)
2021-10-29T09:22:32.503+0000	[#.......................] benchmark.Twitter	3.94GB/49.1GB (8.0%)
2021-10-29T09:22:35.503+0000	[#.......................] benchmark.Twitter	4.00GB/49.1GB (8.1%)
2021-10-29T09:22:38.503+0000	[#.......................] benchmark.Twitter	4.06GB/49.1GB (8.3%)
2021-10-29T09:22:41.503+0000	[##......................] benchmark.Twitter	4.12GB/49.1GB (8.4%)
2021-10-29T09:22:44.503+0000	[##......................] benchmark.Twitter	4.17GB/49.1GB (8.5%)
2021-10-29T09:22:47.503+0000	[##......................] benchmark.Twitter	4.23GB/49.1GB (8.6%)
2021-10-29T09:22:50.503+0000	[##......................] benchmark.Twitter	4.29GB/49.1GB (8.7%)
2021-10-29T09:22:53.503+0000	[##......................] benchmark.Twitter	4.34GB/49.1GB (8.8%)
2021-10-29T09:22:56.504+0000	[##......................] benchmark.Twitter	4.40GB/49.1GB (9.0%)
2021-10-29T09:22:59.504+0000	[##......................] benchmark.Twitter	4.46GB/49.1GB (9.1%)
2021-10-29T09:23:02.504+0000	[##......................] benchmark.Twitter	4.51GB/49.1GB (9.2%)
2021-10-29T09:23:05.504+0000	[##......................] benchmark.Twitter	4.57GB/49.1GB (9.3%)
2021-10-29T09:23:08.503+0000	[##......................] benchmark.Twitter	4.63GB/49.1GB (9.4%)
2021-10-29T09:23:11.504+0000	[##......................] benchmark.Twitter	4.68GB/49.1GB (9.5%)
2021-10-29T09:23:14.503+0000	[##......................] benchmark.Twitter	4.74GB/49.1GB (9.6%)
2021-10-29T09:23:17.503+0000	[##......................] benchmark.Twitter	4.80GB/49.1GB (9.8%)
2021-10-29T09:23:20.503+0000	[##......................] benchmark.Twitter	4.85GB/49.1GB (9.9%)
2021-10-29T09:23:23.503+0000	[##......................] benchmark.Twitter	4.91GB/49.1GB (10.0%)
2021-10-29T09:23:26.503+0000	[##......................] benchmark.Twitter	4.97GB/49.1GB (10.1%)
2021-10-29T09:23:29.503+0000	[##......................] benchmark.Twitter	5.02GB/49.1GB (10.2%)
2021-10-29T09:23:32.504+0000	[##......................] benchmark.Twitter	5.08GB/49.1GB (10.3%)
2021-10-29T09:23:35.503+0000	[##......................] benchmark.Twitter	5.14GB/49.1GB (10.5%)
2021-10-29T09:23:38.503+0000	[##......................] benchmark.Twitter	5.19GB/49.1GB (10.6%)
2021-10-29T09:23:41.503+0000	[##......................] benchmark.Twitter	5.25GB/49.1GB (10.7%)
2021-10-29T09:23:44.503+0000	[##......................] benchmark.Twitter	5.30GB/49.1GB (10.8%)
2021-10-29T09:23:47.503+0000	[##......................] benchmark.Twitter	5.34GB/49.1GB (10.9%)
2021-10-29T09:23:50.503+0000	[##......................] benchmark.Twitter	5.39GB/49.1GB (11.0%)
2021-10-29T09:23:53.503+0000	[##......................] benchmark.Twitter	5.44GB/49.1GB (11.1%)
2021-10-29T09:23:56.503+0000	[##......................] benchmark.Twitter	5.49GB/49.1GB (11.2%)
2021-10-29T09:23:59.503+0000	[##......................] benchmark.Twitter	5.54GB/49.1GB (11.3%)
2021-10-29T09:24:02.503+0000	[##......................] benchmark.Twitter	5.59GB/49.1GB (11.4%)
2021-10-29T09:24:05.503+0000	[##......................] benchmark.Twitter	5.64GB/49.1GB (11.5%)
2021-10-29T09:24:08.504+0000	[##......................] benchmark.Twitter	5.69GB/49.1GB (11.6%)
2021-10-29T09:24:11.503+0000	[##......................] benchmark.Twitter	5.73GB/49.1GB (11.7%)
2021-10-29T09:24:14.504+0000	[##......................] benchmark.Twitter	5.78GB/49.1GB (11.8%)
2021-10-29T09:24:17.504+0000	[##......................] benchmark.Twitter	5.83GB/49.1GB (11.9%)
2021-10-29T09:24:20.504+0000	[##......................] benchmark.Twitter	5.88GB/49.1GB (12.0%)
2021-10-29T09:24:23.503+0000	[##......................] benchmark.Twitter	5.93GB/49.1GB (12.1%)
2021-10-29T09:24:26.503+0000	[##......................] benchmark.Twitter	5.98GB/49.1GB (12.2%)
2021-10-29T09:24:29.503+0000	[##......................] benchmark.Twitter	6.03GB/49.1GB (12.3%)
2021-10-29T09:24:32.503+0000	[##......................] benchmark.Twitter	6.09GB/49.1GB (12.4%)
2021-10-29T09:24:35.503+0000	[##......................] benchmark.Twitter	6.14GB/49.1GB (12.5%)
2021-10-29T09:24:38.504+0000	[###.....................] benchmark.Twitter	6.20GB/49.1GB (12.6%)
2021-10-29T09:24:41.503+0000	[###.....................] benchmark.Twitter	6.25GB/49.1GB (12.7%)
2021-10-29T09:24:44.503+0000	[###.....................] benchmark.Twitter	6.31GB/49.1GB (12.8%)
2021-10-29T09:24:47.504+0000	[###.....................] benchmark.Twitter	6.36GB/49.1GB (13.0%)
2021-10-29T09:24:50.503+0000	[###.....................] benchmark.Twitter	6.42GB/49.1GB (13.1%)
2021-10-29T09:24:53.504+0000	[###.....................] benchmark.Twitter	6.48GB/49.1GB (13.2%)
2021-10-29T09:24:56.503+0000	[###.....................] benchmark.Twitter	6.53GB/49.1GB (13.3%)
2021-10-29T09:24:59.503+0000	[###.....................] benchmark.Twitter	6.59GB/49.1GB (13.4%)
2021-10-29T09:25:02.503+0000	[###.....................] benchmark.Twitter	6.65GB/49.1GB (13.5%)
2021-10-29T09:25:05.503+0000	[###.....................] benchmark.Twitter	6.70GB/49.1GB (13.6%)
2021-10-29T09:25:08.503+0000	[###.....................] benchmark.Twitter	6.76GB/49.1GB (13.8%)
2021-10-29T09:25:11.503+0000	[###.....................] benchmark.Twitter	6.81GB/49.1GB (13.9%)
2021-10-29T09:25:14.503+0000	[###.....................] benchmark.Twitter	6.87GB/49.1GB (14.0%)
2021-10-29T09:25:17.503+0000	[###.....................] benchmark.Twitter	6.93GB/49.1GB (14.1%)
2021-10-29T09:25:20.503+0000	[###.....................] benchmark.Twitter	6.99GB/49.1GB (14.2%)
2021-10-29T09:25:23.504+0000	[###.....................] benchmark.Twitter	7.05GB/49.1GB (14.3%)
2021-10-29T09:25:26.503+0000	[###.....................] benchmark.Twitter	7.10GB/49.1GB (14.5%)
2021-10-29T09:25:29.503+0000	[###.....................] benchmark.Twitter	7.16GB/49.1GB (14.6%)
2021-10-29T09:25:32.503+0000	[###.....................] benchmark.Twitter	7.22GB/49.1GB (14.7%)
2021-10-29T09:25:35.503+0000	[###.....................] benchmark.Twitter	7.28GB/49.1GB (14.8%)
2021-10-29T09:25:38.503+0000	[###.....................] benchmark.Twitter	7.33GB/49.1GB (14.9%)
2021-10-29T09:25:41.504+0000	[###.....................] benchmark.Twitter	7.39GB/49.1GB (15.0%)
2021-10-29T09:25:44.504+0000	[###.....................] benchmark.Twitter	7.44GB/49.1GB (15.1%)
2021-10-29T09:25:47.503+0000	[###.....................] benchmark.Twitter	7.50GB/49.1GB (15.3%)
2021-10-29T09:25:50.503+0000	[###.....................] benchmark.Twitter	7.55GB/49.1GB (15.4%)
2021-10-29T09:25:53.503+0000	[###.....................] benchmark.Twitter	7.61GB/49.1GB (15.5%)
2021-10-29T09:25:56.503+0000	[###.....................] benchmark.Twitter	7.67GB/49.1GB (15.6%)
2021-10-29T09:25:59.503+0000	[###.....................] benchmark.Twitter	7.72GB/49.1GB (15.7%)
2021-10-29T09:26:02.503+0000	[###.....................] benchmark.Twitter	7.78GB/49.1GB (15.8%)
2021-10-29T09:26:05.503+0000	[###.....................] benchmark.Twitter	7.84GB/49.1GB (16.0%)
2021-10-29T09:26:08.503+0000	[###.....................] benchmark.Twitter	7.89GB/49.1GB (16.1%)
2021-10-29T09:26:11.503+0000	[###.....................] benchmark.Twitter	7.95GB/49.1GB (16.2%)
2021-10-29T09:26:14.504+0000	[###.....................] benchmark.Twitter	8.01GB/49.1GB (16.3%)
2021-10-29T09:26:17.503+0000	[###.....................] benchmark.Twitter	8.06GB/49.1GB (16.4%)
2021-10-29T09:26:20.504+0000	[###.....................] benchmark.Twitter	8.12GB/49.1GB (16.5%)
2021-10-29T09:26:23.503+0000	[###.....................] benchmark.Twitter	8.18GB/49.1GB (16.7%)
2021-10-29T09:26:26.503+0000	[####....................] benchmark.Twitter	8.24GB/49.1GB (16.8%)
2021-10-29T09:26:29.503+0000	[####....................] benchmark.Twitter	8.29GB/49.1GB (16.9%)
2021-10-29T09:26:32.507+0000	[####....................] benchmark.Twitter	8.35GB/49.1GB (17.0%)
2021-10-29T09:26:35.503+0000	[####....................] benchmark.Twitter	8.41GB/49.1GB (17.1%)
2021-10-29T09:26:38.504+0000	[####....................] benchmark.Twitter	8.46GB/49.1GB (17.2%)
2021-10-29T09:26:41.503+0000	[####....................] benchmark.Twitter	8.52GB/49.1GB (17.3%)
2021-10-29T09:26:44.503+0000	[####....................] benchmark.Twitter	8.58GB/49.1GB (17.5%)
2021-10-29T09:26:47.504+0000	[####....................] benchmark.Twitter	8.63GB/49.1GB (17.6%)
2021-10-29T09:26:50.503+0000	[####....................] benchmark.Twitter	8.69GB/49.1GB (17.7%)
2021-10-29T09:26:53.504+0000	[####....................] benchmark.Twitter	8.75GB/49.1GB (17.8%)
2021-10-29T09:26:56.504+0000	[####....................] benchmark.Twitter	8.80GB/49.1GB (17.9%)
2021-10-29T09:26:59.503+0000	[####....................] benchmark.Twitter	8.86GB/49.1GB (18.0%)
2021-10-29T09:27:02.503+0000	[####....................] benchmark.Twitter	8.90GB/49.1GB (18.1%)
2021-10-29T09:27:05.503+0000	[####....................] benchmark.Twitter	8.95GB/49.1GB (18.2%)
2021-10-29T09:27:08.503+0000	[####....................] benchmark.Twitter	9.00GB/49.1GB (18.3%)
2021-10-29T09:27:11.503+0000	[####....................] benchmark.Twitter	9.05GB/49.1GB (18.4%)
2021-10-29T09:27:14.503+0000	[####....................] benchmark.Twitter	9.09GB/49.1GB (18.5%)
2021-10-29T09:27:17.503+0000	[####....................] benchmark.Twitter	9.14GB/49.1GB (18.6%)
2021-10-29T09:27:20.504+0000	[####....................] benchmark.Twitter	9.19GB/49.1GB (18.7%)
2021-10-29T09:27:23.503+0000	[####....................] benchmark.Twitter	9.24GB/49.1GB (18.8%)
2021-10-29T09:27:26.503+0000	[####....................] benchmark.Twitter	9.29GB/49.1GB (18.9%)
2021-10-29T09:27:29.503+0000	[####....................] benchmark.Twitter	9.33GB/49.1GB (19.0%)
2021-10-29T09:27:32.503+0000	[####....................] benchmark.Twitter	9.38GB/49.1GB (19.1%)
2021-10-29T09:27:35.503+0000	[####....................] benchmark.Twitter	9.43GB/49.1GB (19.2%)
2021-10-29T09:27:38.503+0000	[####....................] benchmark.Twitter	9.48GB/49.1GB (19.3%)
2021-10-29T09:27:41.504+0000	[####....................] benchmark.Twitter	9.52GB/49.1GB (19.4%)
2021-10-29T09:27:44.504+0000	[####....................] benchmark.Twitter	9.57GB/49.1GB (19.5%)
2021-10-29T09:27:47.503+0000	[####....................] benchmark.Twitter	9.62GB/49.1GB (19.6%)
2021-10-29T09:27:50.503+0000	[####....................] benchmark.Twitter	9.68GB/49.1GB (19.7%)
2021-10-29T09:27:53.503+0000	[####....................] benchmark.Twitter	9.73GB/49.1GB (19.8%)
2021-10-29T09:27:56.503+0000	[####....................] benchmark.Twitter	9.79GB/49.1GB (19.9%)
2021-10-29T09:27:59.503+0000	[####....................] benchmark.Twitter	9.84GB/49.1GB (20.0%)
2021-10-29T09:28:02.503+0000	[####....................] benchmark.Twitter	9.90GB/49.1GB (20.1%)
2021-10-29T09:28:05.503+0000	[####....................] benchmark.Twitter	9.95GB/49.1GB (20.3%)
2021-10-29T09:28:08.503+0000	[####....................] benchmark.Twitter	10.0GB/49.1GB (20.4%)
2021-10-29T09:28:11.503+0000	[####....................] benchmark.Twitter	10.1GB/49.1GB (20.5%)
2021-10-29T09:28:14.504+0000	[####....................] benchmark.Twitter	10.1GB/49.1GB (20.6%)
2021-10-29T09:28:17.503+0000	[####....................] benchmark.Twitter	10.2GB/49.1GB (20.7%)
2021-10-29T09:28:20.503+0000	[#####...................] benchmark.Twitter	10.2GB/49.1GB (20.8%)
2021-10-29T09:28:23.503+0000	[#####...................] benchmark.Twitter	10.3GB/49.1GB (21.0%)
2021-10-29T09:28:26.503+0000	[#####...................] benchmark.Twitter	10.3GB/49.1GB (21.1%)
2021-10-29T09:28:29.504+0000	[#####...................] benchmark.Twitter	10.4GB/49.1GB (21.2%)
2021-10-29T09:28:32.503+0000	[#####...................] benchmark.Twitter	10.5GB/49.1GB (21.3%)
2021-10-29T09:28:35.503+0000	[#####...................] benchmark.Twitter	10.5GB/49.1GB (21.4%)
2021-10-29T09:28:38.503+0000	[#####...................] benchmark.Twitter	10.6GB/49.1GB (21.6%)
2021-10-29T09:28:41.503+0000	[#####...................] benchmark.Twitter	10.7GB/49.1GB (21.7%)
2021-10-29T09:28:44.503+0000	[#####...................] benchmark.Twitter	10.7GB/49.1GB (21.8%)
2021-10-29T09:28:47.503+0000	[#####...................] benchmark.Twitter	10.8GB/49.1GB (21.9%)
2021-10-29T09:28:50.503+0000	[#####...................] benchmark.Twitter	10.8GB/49.1GB (22.0%)
2021-10-29T09:28:53.503+0000	[#####...................] benchmark.Twitter	10.9GB/49.1GB (22.1%)
2021-10-29T09:28:56.504+0000	[#####...................] benchmark.Twitter	10.9GB/49.1GB (22.3%)
2021-10-29T09:28:59.503+0000	[#####...................] benchmark.Twitter	11.0GB/49.1GB (22.4%)
2021-10-29T09:29:02.503+0000	[#####...................] benchmark.Twitter	11.1GB/49.1GB (22.5%)
2021-10-29T09:29:05.503+0000	[#####...................] benchmark.Twitter	11.1GB/49.1GB (22.6%)
2021-10-29T09:29:08.504+0000	[#####...................] benchmark.Twitter	11.2GB/49.1GB (22.7%)
2021-10-29T09:29:11.503+0000	[#####...................] benchmark.Twitter	11.2GB/49.1GB (22.8%)
2021-10-29T09:29:14.503+0000	[#####...................] benchmark.Twitter	11.3GB/49.1GB (23.0%)
2021-10-29T09:29:17.503+0000	[#####...................] benchmark.Twitter	11.3GB/49.1GB (23.1%)
2021-10-29T09:29:20.504+0000	[#####...................] benchmark.Twitter	11.4GB/49.1GB (23.2%)
2021-10-29T09:29:23.503+0000	[#####...................] benchmark.Twitter	11.4GB/49.1GB (23.3%)
2021-10-29T09:29:26.503+0000	[#####...................] benchmark.Twitter	11.5GB/49.1GB (23.4%)
2021-10-29T09:29:29.503+0000	[#####...................] benchmark.Twitter	11.6GB/49.1GB (23.5%)
2021-10-29T09:29:32.503+0000	[#####...................] benchmark.Twitter	11.6GB/49.1GB (23.7%)
2021-10-29T09:29:35.503+0000	[#####...................] benchmark.Twitter	11.7GB/49.1GB (23.8%)
2021-10-29T09:29:38.504+0000	[#####...................] benchmark.Twitter	11.7GB/49.1GB (23.9%)
2021-10-29T09:29:41.503+0000	[#####...................] benchmark.Twitter	11.8GB/49.1GB (24.0%)
2021-10-29T09:29:44.503+0000	[#####...................] benchmark.Twitter	11.9GB/49.1GB (24.1%)
2021-10-29T09:29:47.503+0000	[#####...................] benchmark.Twitter	11.9GB/49.1GB (24.2%)
2021-10-29T09:29:50.503+0000	[#####...................] benchmark.Twitter	12.0GB/49.1GB (24.4%)
2021-10-29T09:29:53.503+0000	[#####...................] benchmark.Twitter	12.0GB/49.1GB (24.5%)
2021-10-29T09:29:56.503+0000	[#####...................] benchmark.Twitter	12.1GB/49.1GB (24.6%)
2021-10-29T09:29:59.504+0000	[#####...................] benchmark.Twitter	12.1GB/49.1GB (24.7%)
2021-10-29T09:30:02.503+0000	[#####...................] benchmark.Twitter	12.2GB/49.1GB (24.8%)
2021-10-29T09:30:05.503+0000	[#####...................] benchmark.Twitter	12.2GB/49.1GB (24.8%)
2021-10-29T09:30:08.503+0000	[#####...................] benchmark.Twitter	12.2GB/49.1GB (24.9%)
2021-10-29T09:30:11.504+0000	[######..................] benchmark.Twitter	12.3GB/49.1GB (25.0%)
2021-10-29T09:30:14.503+0000	[######..................] benchmark.Twitter	12.3GB/49.1GB (25.1%)
2021-10-29T09:30:17.504+0000	[######..................] benchmark.Twitter	12.4GB/49.1GB (25.2%)
2021-10-29T09:30:20.503+0000	[######..................] benchmark.Twitter	12.4GB/49.1GB (25.3%)
2021-10-29T09:30:23.503+0000	[######..................] benchmark.Twitter	12.5GB/49.1GB (25.4%)
2021-10-29T09:30:26.503+0000	[######..................] benchmark.Twitter	12.5GB/49.1GB (25.5%)
2021-10-29T09:30:29.503+0000	[######..................] benchmark.Twitter	12.6GB/49.1GB (25.6%)
2021-10-29T09:30:32.503+0000	[######..................] benchmark.Twitter	12.7GB/49.1GB (25.7%)
2021-10-29T09:30:35.503+0000	[######..................] benchmark.Twitter	12.7GB/49.1GB (25.9%)
2021-10-29T09:30:38.503+0000	[######..................] benchmark.Twitter	12.8GB/49.1GB (26.0%)
2021-10-29T09:30:41.503+0000	[######..................] benchmark.Twitter	12.8GB/49.1GB (26.1%)
2021-10-29T09:30:44.503+0000	[######..................] benchmark.Twitter	12.9GB/49.1GB (26.2%)
2021-10-29T09:30:47.504+0000	[######..................] benchmark.Twitter	12.9GB/49.1GB (26.3%)
2021-10-29T09:30:50.503+0000	[######..................] benchmark.Twitter	13.0GB/49.1GB (26.4%)
2021-10-29T09:30:53.503+0000	[######..................] benchmark.Twitter	13.1GB/49.1GB (26.6%)
2021-10-29T09:30:56.503+0000	[######..................] benchmark.Twitter	13.1GB/49.1GB (26.7%)
2021-10-29T09:30:59.503+0000	[######..................] benchmark.Twitter	13.2GB/49.1GB (26.8%)
2021-10-29T09:31:02.503+0000	[######..................] benchmark.Twitter	13.2GB/49.1GB (26.9%)
2021-10-29T09:31:05.504+0000	[######..................] benchmark.Twitter	13.3GB/49.1GB (27.0%)
2021-10-29T09:31:08.503+0000	[######..................] benchmark.Twitter	13.3GB/49.1GB (27.1%)
2021-10-29T09:31:11.503+0000	[######..................] benchmark.Twitter	13.4GB/49.1GB (27.2%)
2021-10-29T09:31:14.503+0000	[######..................] benchmark.Twitter	13.4GB/49.1GB (27.4%)
2021-10-29T09:31:17.503+0000	[######..................] benchmark.Twitter	13.5GB/49.1GB (27.5%)
2021-10-29T09:31:20.503+0000	[######..................] benchmark.Twitter	13.6GB/49.1GB (27.6%)
2021-10-29T09:31:23.503+0000	[######..................] benchmark.Twitter	13.6GB/49.1GB (27.7%)
2021-10-29T09:31:26.503+0000	[######..................] benchmark.Twitter	13.7GB/49.1GB (27.8%)
2021-10-29T09:31:29.504+0000	[######..................] benchmark.Twitter	13.7GB/49.1GB (27.9%)
2021-10-29T09:31:32.503+0000	[######..................] benchmark.Twitter	13.8GB/49.1GB (28.1%)
2021-10-29T09:31:35.503+0000	[######..................] benchmark.Twitter	13.8GB/49.1GB (28.2%)
2021-10-29T09:31:38.503+0000	[######..................] benchmark.Twitter	13.9GB/49.1GB (28.3%)
2021-10-29T09:31:41.503+0000	[######..................] benchmark.Twitter	14.0GB/49.1GB (28.4%)
2021-10-29T09:31:44.503+0000	[######..................] benchmark.Twitter	14.0GB/49.1GB (28.5%)
2021-10-29T09:31:47.503+0000	[######..................] benchmark.Twitter	14.1GB/49.1GB (28.6%)
2021-10-29T09:31:50.503+0000	[######..................] benchmark.Twitter	14.1GB/49.1GB (28.8%)
2021-10-29T09:31:53.503+0000	[######..................] benchmark.Twitter	14.2GB/49.1GB (28.9%)
2021-10-29T09:31:56.503+0000	[######..................] benchmark.Twitter	14.2GB/49.1GB (29.0%)
2021-10-29T09:31:59.503+0000	[######..................] benchmark.Twitter	14.3GB/49.1GB (29.1%)
2021-10-29T09:32:02.503+0000	[#######.................] benchmark.Twitter	14.4GB/49.1GB (29.2%)
2021-10-29T09:32:05.503+0000	[#######.................] benchmark.Twitter	14.4GB/49.1GB (29.3%)
2021-10-29T09:32:08.503+0000	[#######.................] benchmark.Twitter	14.5GB/49.1GB (29.5%)
2021-10-29T09:32:11.503+0000	[#######.................] benchmark.Twitter	14.5GB/49.1GB (29.6%)
2021-10-29T09:32:14.503+0000	[#######.................] benchmark.Twitter	14.6GB/49.1GB (29.7%)
2021-10-29T09:32:17.503+0000	[#######.................] benchmark.Twitter	14.7GB/49.1GB (29.8%)
2021-10-29T09:32:20.503+0000	[#######.................] benchmark.Twitter	14.7GB/49.1GB (29.9%)
2021-10-29T09:32:23.503+0000	[#######.................] benchmark.Twitter	14.8GB/49.1GB (30.0%)
2021-10-29T09:32:26.503+0000	[#######.................] benchmark.Twitter	14.8GB/49.1GB (30.1%)
2021-10-29T09:32:29.503+0000	[#######.................] benchmark.Twitter	14.9GB/49.1GB (30.3%)
2021-10-29T09:32:32.504+0000	[#######.................] benchmark.Twitter	14.9GB/49.1GB (30.4%)
2021-10-29T09:32:35.503+0000	[#######.................] benchmark.Twitter	15.0GB/49.1GB (30.5%)
2021-10-29T09:32:38.503+0000	[#######.................] benchmark.Twitter	15.0GB/49.1GB (30.6%)
2021-10-29T09:32:41.504+0000	[#######.................] benchmark.Twitter	15.1GB/49.1GB (30.7%)
2021-10-29T09:32:44.503+0000	[#######.................] benchmark.Twitter	15.1GB/49.1GB (30.8%)
2021-10-29T09:32:47.504+0000	[#######.................] benchmark.Twitter	15.2GB/49.1GB (30.9%)
2021-10-29T09:32:50.503+0000	[#######.................] benchmark.Twitter	15.2GB/49.1GB (31.0%)
2021-10-29T09:32:53.503+0000	[#######.................] benchmark.Twitter	15.3GB/49.1GB (31.1%)
2021-10-29T09:32:56.503+0000	[#######.................] benchmark.Twitter	15.3GB/49.1GB (31.2%)
2021-10-29T09:32:59.503+0000	[#######.................] benchmark.Twitter	15.4GB/49.1GB (31.3%)
2021-10-29T09:33:02.503+0000	[#######.................] benchmark.Twitter	15.4GB/49.1GB (31.4%)
2021-10-29T09:33:05.503+0000	[#######.................] benchmark.Twitter	15.5GB/49.1GB (31.5%)
2021-10-29T09:33:08.503+0000	[#######.................] benchmark.Twitter	15.5GB/49.1GB (31.6%)
2021-10-29T09:33:11.503+0000	[#######.................] benchmark.Twitter	15.6GB/49.1GB (31.7%)
2021-10-29T09:33:14.503+0000	[#######.................] benchmark.Twitter	15.6GB/49.1GB (31.8%)
2021-10-29T09:33:17.503+0000	[#######.................] benchmark.Twitter	15.7GB/49.1GB (32.0%)
2021-10-29T09:33:20.503+0000	[#######.................] benchmark.Twitter	15.8GB/49.1GB (32.1%)
2021-10-29T09:33:23.504+0000	[#######.................] benchmark.Twitter	15.8GB/49.1GB (32.2%)
2021-10-29T09:33:26.503+0000	[#######.................] benchmark.Twitter	15.9GB/49.1GB (32.3%)
2021-10-29T09:33:29.503+0000	[#######.................] benchmark.Twitter	15.9GB/49.1GB (32.4%)
2021-10-29T09:33:32.503+0000	[#######.................] benchmark.Twitter	16.0GB/49.1GB (32.5%)
2021-10-29T09:33:35.503+0000	[#######.................] benchmark.Twitter	16.0GB/49.1GB (32.7%)
2021-10-29T09:33:38.503+0000	[#######.................] benchmark.Twitter	16.1GB/49.1GB (32.8%)
2021-10-29T09:33:41.504+0000	[#######.................] benchmark.Twitter	16.1GB/49.1GB (32.9%)
2021-10-29T09:33:44.504+0000	[#######.................] benchmark.Twitter	16.2GB/49.1GB (33.0%)
2021-10-29T09:33:47.504+0000	[#######.................] benchmark.Twitter	16.3GB/49.1GB (33.1%)
2021-10-29T09:33:50.503+0000	[#######.................] benchmark.Twitter	16.3GB/49.1GB (33.2%)
2021-10-29T09:33:53.503+0000	[########................] benchmark.Twitter	16.4GB/49.1GB (33.4%)
2021-10-29T09:33:56.504+0000	[########................] benchmark.Twitter	16.4GB/49.1GB (33.5%)
2021-10-29T09:33:59.503+0000	[########................] benchmark.Twitter	16.5GB/49.1GB (33.6%)
2021-10-29T09:34:02.503+0000	[########................] benchmark.Twitter	16.6GB/49.1GB (33.7%)
2021-10-29T09:34:05.503+0000	[########................] benchmark.Twitter	16.6GB/49.1GB (33.8%)
2021-10-29T09:34:08.503+0000	[########................] benchmark.Twitter	16.7GB/49.1GB (33.9%)
2021-10-29T09:34:11.504+0000	[########................] benchmark.Twitter	16.7GB/49.1GB (34.1%)
2021-10-29T09:34:14.503+0000	[########................] benchmark.Twitter	16.8GB/49.1GB (34.2%)
2021-10-29T09:34:17.503+0000	[########................] benchmark.Twitter	16.9GB/49.1GB (34.3%)
2021-10-29T09:34:20.503+0000	[########................] benchmark.Twitter	16.9GB/49.1GB (34.4%)
2021-10-29T09:34:23.503+0000	[########................] benchmark.Twitter	17.0GB/49.1GB (34.5%)
2021-10-29T09:34:26.503+0000	[########................] benchmark.Twitter	17.0GB/49.1GB (34.6%)
2021-10-29T09:34:29.503+0000	[########................] benchmark.Twitter	17.1GB/49.1GB (34.7%)
2021-10-29T09:34:32.503+0000	[########................] benchmark.Twitter	17.1GB/49.1GB (34.9%)
2021-10-29T09:34:35.504+0000	[########................] benchmark.Twitter	17.2GB/49.1GB (35.0%)
2021-10-29T09:34:38.503+0000	[########................] benchmark.Twitter	17.2GB/49.1GB (35.1%)
2021-10-29T09:34:41.503+0000	[########................] benchmark.Twitter	17.3GB/49.1GB (35.2%)
2021-10-29T09:34:44.503+0000	[########................] benchmark.Twitter	17.4GB/49.1GB (35.3%)
2021-10-29T09:34:47.503+0000	[########................] benchmark.Twitter	17.4GB/49.1GB (35.4%)
2021-10-29T09:34:50.503+0000	[########................] benchmark.Twitter	17.5GB/49.1GB (35.6%)
2021-10-29T09:34:53.503+0000	[########................] benchmark.Twitter	17.5GB/49.1GB (35.7%)
2021-10-29T09:34:56.504+0000	[########................] benchmark.Twitter	17.6GB/49.1GB (35.8%)
2021-10-29T09:34:59.504+0000	[########................] benchmark.Twitter	17.6GB/49.1GB (35.9%)
2021-10-29T09:35:02.503+0000	[########................] benchmark.Twitter	17.7GB/49.1GB (36.0%)
2021-10-29T09:35:05.503+0000	[########................] benchmark.Twitter	17.8GB/49.1GB (36.1%)
2021-10-29T09:35:08.503+0000	[########................] benchmark.Twitter	17.8GB/49.1GB (36.2%)
2021-10-29T09:35:11.503+0000	[########................] benchmark.Twitter	17.9GB/49.1GB (36.4%)
2021-10-29T09:35:14.503+0000	[########................] benchmark.Twitter	17.9GB/49.1GB (36.5%)
2021-10-29T09:35:17.503+0000	[########................] benchmark.Twitter	18.0GB/49.1GB (36.6%)
2021-10-29T09:35:20.504+0000	[########................] benchmark.Twitter	18.0GB/49.1GB (36.7%)
2021-10-29T09:35:23.503+0000	[########................] benchmark.Twitter	18.1GB/49.1GB (36.8%)
2021-10-29T09:35:26.503+0000	[########................] benchmark.Twitter	18.1GB/49.1GB (36.9%)
2021-10-29T09:35:29.504+0000	[########................] benchmark.Twitter	18.2GB/49.1GB (37.0%)
2021-10-29T09:35:32.503+0000	[########................] benchmark.Twitter	18.2GB/49.1GB (37.1%)
2021-10-29T09:35:35.504+0000	[########................] benchmark.Twitter	18.2GB/49.1GB (37.1%)
2021-10-29T09:35:38.503+0000	[########................] benchmark.Twitter	18.3GB/49.1GB (37.2%)
2021-10-29T09:35:41.503+0000	[########................] benchmark.Twitter	18.3GB/49.1GB (37.3%)
2021-10-29T09:35:44.503+0000	[########................] benchmark.Twitter	18.4GB/49.1GB (37.4%)
2021-10-29T09:35:47.503+0000	[#########...............] benchmark.Twitter	18.4GB/49.1GB (37.5%)
2021-10-29T09:35:50.503+0000	[#########...............] benchmark.Twitter	18.5GB/49.1GB (37.7%)
2021-10-29T09:35:53.503+0000	[#########...............] benchmark.Twitter	18.6GB/49.1GB (37.8%)
2021-10-29T09:35:56.503+0000	[#########...............] benchmark.Twitter	18.6GB/49.1GB (37.9%)
2021-10-29T09:35:59.503+0000	[#########...............] benchmark.Twitter	18.7GB/49.1GB (38.0%)
2021-10-29T09:36:02.503+0000	[#########...............] benchmark.Twitter	18.7GB/49.1GB (38.1%)
2021-10-29T09:36:05.503+0000	[#########...............] benchmark.Twitter	18.8GB/49.1GB (38.2%)
2021-10-29T09:36:08.503+0000	[#########...............] benchmark.Twitter	18.8GB/49.1GB (38.4%)
2021-10-29T09:36:11.503+0000	[#########...............] benchmark.Twitter	18.9GB/49.1GB (38.5%)
2021-10-29T09:36:14.503+0000	[#########...............] benchmark.Twitter	18.9GB/49.1GB (38.6%)
2021-10-29T09:36:17.503+0000	[#########...............] benchmark.Twitter	19.0GB/49.1GB (38.7%)
2021-10-29T09:36:20.504+0000	[#########...............] benchmark.Twitter	19.1GB/49.1GB (38.8%)
2021-10-29T09:36:23.504+0000	[#########...............] benchmark.Twitter	19.1GB/49.1GB (38.9%)
2021-10-29T09:36:26.504+0000	[#########...............] benchmark.Twitter	19.2GB/49.1GB (39.0%)
2021-10-29T09:36:29.503+0000	[#########...............] benchmark.Twitter	19.2GB/49.1GB (39.1%)
2021-10-29T09:36:32.503+0000	[#########...............] benchmark.Twitter	19.3GB/49.1GB (39.3%)
2021-10-29T09:36:35.507+0000	[#########...............] benchmark.Twitter	19.3GB/49.1GB (39.4%)
2021-10-29T09:36:38.503+0000	[#########...............] benchmark.Twitter	19.4GB/49.1GB (39.5%)
2021-10-29T09:36:41.503+0000	[#########...............] benchmark.Twitter	19.5GB/49.1GB (39.6%)
2021-10-29T09:36:44.503+0000	[#########...............] benchmark.Twitter	19.5GB/49.1GB (39.7%)
2021-10-29T09:36:47.503+0000	[#########...............] benchmark.Twitter	19.6GB/49.1GB (39.8%)
2021-10-29T09:36:50.503+0000	[#########...............] benchmark.Twitter	19.6GB/49.1GB (39.9%)
2021-10-29T09:36:53.503+0000	[#########...............] benchmark.Twitter	19.7GB/49.1GB (40.1%)
2021-10-29T09:36:56.504+0000	[#########...............] benchmark.Twitter	19.7GB/49.1GB (40.2%)
2021-10-29T09:36:59.503+0000	[#########...............] benchmark.Twitter	19.8GB/49.1GB (40.3%)
2021-10-29T09:37:02.503+0000	[#########...............] benchmark.Twitter	19.9GB/49.1GB (40.4%)
2021-10-29T09:37:05.504+0000	[#########...............] benchmark.Twitter	19.9GB/49.1GB (40.5%)
2021-10-29T09:37:08.503+0000	[#########...............] benchmark.Twitter	20.0GB/49.1GB (40.6%)
2021-10-29T09:37:11.503+0000	[#########...............] benchmark.Twitter	20.0GB/49.1GB (40.8%)
2021-10-29T09:37:14.504+0000	[#########...............] benchmark.Twitter	20.1GB/49.1GB (40.9%)
2021-10-29T09:37:17.503+0000	[#########...............] benchmark.Twitter	20.1GB/49.1GB (41.0%)
2021-10-29T09:37:20.503+0000	[#########...............] benchmark.Twitter	20.2GB/49.1GB (41.0%)
2021-10-29T09:37:23.504+0000	[#########...............] benchmark.Twitter	20.2GB/49.1GB (41.1%)
2021-10-29T09:37:26.504+0000	[#########...............] benchmark.Twitter	20.2GB/49.1GB (41.2%)
2021-10-29T09:37:29.503+0000	[#########...............] benchmark.Twitter	20.3GB/49.1GB (41.3%)
2021-10-29T09:37:32.503+0000	[#########...............] benchmark.Twitter	20.4GB/49.1GB (41.4%)
2021-10-29T09:37:35.503+0000	[#########...............] benchmark.Twitter	20.4GB/49.1GB (41.5%)
2021-10-29T09:37:38.503+0000	[#########...............] benchmark.Twitter	20.4GB/49.1GB (41.6%)
2021-10-29T09:37:41.503+0000	[##########..............] benchmark.Twitter	20.5GB/49.1GB (41.7%)
2021-10-29T09:37:44.503+0000	[##########..............] benchmark.Twitter	20.6GB/49.1GB (41.8%)
2021-10-29T09:37:47.503+0000	[##########..............] benchmark.Twitter	20.6GB/49.1GB (42.0%)
2021-10-29T09:37:50.503+0000	[##########..............] benchmark.Twitter	20.7GB/49.1GB (42.1%)
2021-10-29T09:37:53.503+0000	[##########..............] benchmark.Twitter	20.7GB/49.1GB (42.2%)
2021-10-29T09:37:56.503+0000	[##########..............] benchmark.Twitter	20.8GB/49.1GB (42.3%)
2021-10-29T09:37:59.503+0000	[##########..............] benchmark.Twitter	20.9GB/49.1GB (42.4%)
2021-10-29T09:38:02.503+0000	[##########..............] benchmark.Twitter	20.9GB/49.1GB (42.5%)
2021-10-29T09:38:05.503+0000	[##########..............] benchmark.Twitter	21.0GB/49.1GB (42.7%)
2021-10-29T09:38:08.504+0000	[##########..............] benchmark.Twitter	21.0GB/49.1GB (42.8%)
2021-10-29T09:38:11.503+0000	[##########..............] benchmark.Twitter	21.1GB/49.1GB (42.9%)
2021-10-29T09:38:14.503+0000	[##########..............] benchmark.Twitter	21.1GB/49.1GB (43.0%)
2021-10-29T09:38:17.504+0000	[##########..............] benchmark.Twitter	21.2GB/49.1GB (43.1%)
2021-10-29T09:38:20.503+0000	[##########..............] benchmark.Twitter	21.2GB/49.1GB (43.2%)
2021-10-29T09:38:23.503+0000	[##########..............] benchmark.Twitter	21.3GB/49.1GB (43.4%)
2021-10-29T09:38:26.503+0000	[##########..............] benchmark.Twitter	21.4GB/49.1GB (43.5%)
2021-10-29T09:38:29.503+0000	[##########..............] benchmark.Twitter	21.4GB/49.1GB (43.6%)
2021-10-29T09:38:32.503+0000	[##########..............] benchmark.Twitter	21.5GB/49.1GB (43.7%)
2021-10-29T09:38:35.504+0000	[##########..............] benchmark.Twitter	21.5GB/49.1GB (43.8%)
2021-10-29T09:38:38.503+0000	[##########..............] benchmark.Twitter	21.6GB/49.1GB (43.9%)
2021-10-29T09:38:41.503+0000	[##########..............] benchmark.Twitter	21.6GB/49.1GB (44.0%)
2021-10-29T09:38:44.503+0000	[##########..............] benchmark.Twitter	21.7GB/49.1GB (44.1%)
2021-10-29T09:38:47.508+0000	[##########..............] benchmark.Twitter	21.8GB/49.1GB (44.3%)
2021-10-29T09:38:50.503+0000	[##########..............] benchmark.Twitter	21.8GB/49.1GB (44.4%)
2021-10-29T09:38:53.503+0000	[##########..............] benchmark.Twitter	21.9GB/49.1GB (44.5%)
2021-10-29T09:38:56.503+0000	[##########..............] benchmark.Twitter	21.9GB/49.1GB (44.6%)
2021-10-29T09:38:59.503+0000	[##########..............] benchmark.Twitter	22.0GB/49.1GB (44.7%)
2021-10-29T09:39:02.503+0000	[##########..............] benchmark.Twitter	22.0GB/49.1GB (44.8%)
2021-10-29T09:39:05.503+0000	[##########..............] benchmark.Twitter	22.1GB/49.1GB (44.9%)
2021-10-29T09:39:08.503+0000	[##########..............] benchmark.Twitter	22.1GB/49.1GB (45.1%)
2021-10-29T09:39:11.503+0000	[##########..............] benchmark.Twitter	22.2GB/49.1GB (45.2%)
2021-10-29T09:39:14.504+0000	[##########..............] benchmark.Twitter	22.2GB/49.1GB (45.3%)
2021-10-29T09:39:17.505+0000	[##########..............] benchmark.Twitter	22.3GB/49.1GB (45.4%)
2021-10-29T09:39:20.503+0000	[##########..............] benchmark.Twitter	22.4GB/49.1GB (45.5%)
2021-10-29T09:39:23.503+0000	[##########..............] benchmark.Twitter	22.4GB/49.1GB (45.6%)
2021-10-29T09:39:26.503+0000	[##########..............] benchmark.Twitter	22.5GB/49.1GB (45.7%)
2021-10-29T09:39:29.503+0000	[###########.............] benchmark.Twitter	22.5GB/49.1GB (45.8%)
2021-10-29T09:39:32.503+0000	[###########.............] benchmark.Twitter	22.6GB/49.1GB (46.0%)
2021-10-29T09:39:35.504+0000	[###########.............] benchmark.Twitter	22.6GB/49.1GB (46.1%)
2021-10-29T09:39:38.503+0000	[###########.............] benchmark.Twitter	22.7GB/49.1GB (46.2%)
2021-10-29T09:39:41.503+0000	[###########.............] benchmark.Twitter	22.8GB/49.1GB (46.3%)
2021-10-29T09:39:44.504+0000	[###########.............] benchmark.Twitter	22.8GB/49.1GB (46.4%)
2021-10-29T09:39:47.504+0000	[###########.............] benchmark.Twitter	22.9GB/49.1GB (46.5%)
2021-10-29T09:39:50.504+0000	[###########.............] benchmark.Twitter	22.9GB/49.1GB (46.6%)
2021-10-29T09:39:53.503+0000	[###########.............] benchmark.Twitter	23.0GB/49.1GB (46.8%)
2021-10-29T09:39:56.503+0000	[###########.............] benchmark.Twitter	23.0GB/49.1GB (46.9%)
2021-10-29T09:39:59.503+0000	[###########.............] benchmark.Twitter	23.1GB/49.1GB (47.0%)
2021-10-29T09:40:02.504+0000	[###########.............] benchmark.Twitter	23.1GB/49.1GB (47.1%)
2021-10-29T09:40:05.503+0000	[###########.............] benchmark.Twitter	23.2GB/49.1GB (47.2%)
2021-10-29T09:40:08.503+0000	[###########.............] benchmark.Twitter	23.3GB/49.1GB (47.3%)
2021-10-29T09:40:11.503+0000	[###########.............] benchmark.Twitter	23.3GB/49.1GB (47.5%)
2021-10-29T09:40:14.503+0000	[###########.............] benchmark.Twitter	23.4GB/49.1GB (47.6%)
2021-10-29T09:40:17.504+0000	[###########.............] benchmark.Twitter	23.4GB/49.1GB (47.7%)
2021-10-29T09:40:20.503+0000	[###########.............] benchmark.Twitter	23.5GB/49.1GB (47.8%)
2021-10-29T09:40:23.503+0000	[###########.............] benchmark.Twitter	23.6GB/49.1GB (47.9%)
2021-10-29T09:40:26.503+0000	[###########.............] benchmark.Twitter	23.6GB/49.1GB (48.0%)
2021-10-29T09:40:29.503+0000	[###########.............] benchmark.Twitter	23.7GB/49.1GB (48.2%)
2021-10-29T09:40:32.503+0000	[###########.............] benchmark.Twitter	23.7GB/49.1GB (48.3%)
2021-10-29T09:40:35.504+0000	[###########.............] benchmark.Twitter	23.8GB/49.1GB (48.4%)
2021-10-29T09:40:38.504+0000	[###########.............] benchmark.Twitter	23.8GB/49.1GB (48.5%)
2021-10-29T09:40:41.503+0000	[###########.............] benchmark.Twitter	23.9GB/49.1GB (48.6%)
2021-10-29T09:40:44.504+0000	[###########.............] benchmark.Twitter	23.9GB/49.1GB (48.7%)
2021-10-29T09:40:47.503+0000	[###########.............] benchmark.Twitter	24.0GB/49.1GB (48.8%)
2021-10-29T09:40:50.503+0000	[###########.............] benchmark.Twitter	24.0GB/49.1GB (48.9%)
2021-10-29T09:40:53.503+0000	[###########.............] benchmark.Twitter	24.1GB/49.1GB (49.0%)
2021-10-29T09:40:56.503+0000	[###########.............] benchmark.Twitter	24.1GB/49.1GB (49.1%)
2021-10-29T09:40:59.503+0000	[###########.............] benchmark.Twitter	24.1GB/49.1GB (49.2%)
2021-10-29T09:41:02.503+0000	[###########.............] benchmark.Twitter	24.2GB/49.1GB (49.3%)
2021-10-29T09:41:05.503+0000	[###########.............] benchmark.Twitter	24.2GB/49.1GB (49.4%)
2021-10-29T09:41:08.503+0000	[###########.............] benchmark.Twitter	24.3GB/49.1GB (49.5%)
2021-10-29T09:41:11.503+0000	[###########.............] benchmark.Twitter	24.4GB/49.1GB (49.6%)
2021-10-29T09:41:14.504+0000	[###########.............] benchmark.Twitter	24.4GB/49.1GB (49.7%)
2021-10-29T09:41:17.504+0000	[###########.............] benchmark.Twitter	24.4GB/49.1GB (49.8%)
2021-10-29T09:41:20.503+0000	[###########.............] benchmark.Twitter	24.5GB/49.1GB (49.9%)
2021-10-29T09:41:23.503+0000	[###########.............] benchmark.Twitter	24.6GB/49.1GB (50.0%)
2021-10-29T09:41:26.503+0000	[############............] benchmark.Twitter	24.6GB/49.1GB (50.1%)
2021-10-29T09:41:29.503+0000	[############............] benchmark.Twitter	24.7GB/49.1GB (50.2%)
2021-10-29T09:41:32.503+0000	[############............] benchmark.Twitter	24.7GB/49.1GB (50.3%)
2021-10-29T09:41:35.503+0000	[############............] benchmark.Twitter	24.8GB/49.1GB (50.4%)
2021-10-29T09:41:38.503+0000	[############............] benchmark.Twitter	24.8GB/49.1GB (50.5%)
2021-10-29T09:41:41.504+0000	[############............] benchmark.Twitter	24.9GB/49.1GB (50.6%)
2021-10-29T09:41:44.505+0000	[############............] benchmark.Twitter	24.9GB/49.1GB (50.8%)
2021-10-29T09:41:47.503+0000	[############............] benchmark.Twitter	25.0GB/49.1GB (50.9%)
2021-10-29T09:41:50.503+0000	[############............] benchmark.Twitter	25.1GB/49.1GB (51.0%)
2021-10-29T09:41:53.503+0000	[############............] benchmark.Twitter	25.1GB/49.1GB (51.1%)
2021-10-29T09:41:56.503+0000	[############............] benchmark.Twitter	25.2GB/49.1GB (51.2%)
2021-10-29T09:41:59.503+0000	[############............] benchmark.Twitter	25.2GB/49.1GB (51.3%)
2021-10-29T09:42:02.503+0000	[############............] benchmark.Twitter	25.3GB/49.1GB (51.5%)
2021-10-29T09:42:05.503+0000	[############............] benchmark.Twitter	25.3GB/49.1GB (51.6%)
2021-10-29T09:42:08.503+0000	[############............] benchmark.Twitter	25.4GB/49.1GB (51.7%)
2021-10-29T09:42:11.503+0000	[############............] benchmark.Twitter	25.5GB/49.1GB (51.8%)
2021-10-29T09:42:14.503+0000	[############............] benchmark.Twitter	25.5GB/49.1GB (51.9%)
2021-10-29T09:42:17.504+0000	[############............] benchmark.Twitter	25.6GB/49.1GB (52.1%)
2021-10-29T09:42:20.504+0000	[############............] benchmark.Twitter	25.6GB/49.1GB (52.2%)
2021-10-29T09:42:23.504+0000	[############............] benchmark.Twitter	25.7GB/49.1GB (52.3%)
2021-10-29T09:42:26.503+0000	[############............] benchmark.Twitter	25.8GB/49.1GB (52.4%)
2021-10-29T09:42:29.504+0000	[############............] benchmark.Twitter	25.8GB/49.1GB (52.5%)
2021-10-29T09:42:32.503+0000	[############............] benchmark.Twitter	25.9GB/49.1GB (52.6%)
2021-10-29T09:42:35.503+0000	[############............] benchmark.Twitter	25.9GB/49.1GB (52.8%)
2021-10-29T09:42:38.503+0000	[############............] benchmark.Twitter	26.0GB/49.1GB (52.9%)
2021-10-29T09:42:41.503+0000	[############............] benchmark.Twitter	26.0GB/49.1GB (53.0%)
2021-10-29T09:42:44.503+0000	[############............] benchmark.Twitter	26.1GB/49.1GB (53.1%)
2021-10-29T09:42:47.503+0000	[############............] benchmark.Twitter	26.2GB/49.1GB (53.2%)
2021-10-29T09:42:50.503+0000	[############............] benchmark.Twitter	26.2GB/49.1GB (53.4%)
2021-10-29T09:42:53.503+0000	[############............] benchmark.Twitter	26.3GB/49.1GB (53.5%)
2021-10-29T09:42:56.503+0000	[############............] benchmark.Twitter	26.3GB/49.1GB (53.6%)
2021-10-29T09:42:59.503+0000	[############............] benchmark.Twitter	26.4GB/49.1GB (53.7%)
2021-10-29T09:43:02.504+0000	[############............] benchmark.Twitter	26.4GB/49.1GB (53.8%)
2021-10-29T09:43:05.503+0000	[############............] benchmark.Twitter	26.5GB/49.1GB (53.9%)
2021-10-29T09:43:08.503+0000	[############............] benchmark.Twitter	26.6GB/49.1GB (54.1%)
2021-10-29T09:43:11.504+0000	[#############...........] benchmark.Twitter	26.6GB/49.1GB (54.2%)
2021-10-29T09:43:14.503+0000	[#############...........] benchmark.Twitter	26.7GB/49.1GB (54.3%)
2021-10-29T09:43:17.503+0000	[#############...........] benchmark.Twitter	26.7GB/49.1GB (54.4%)
2021-10-29T09:43:20.504+0000	[#############...........] benchmark.Twitter	26.8GB/49.1GB (54.5%)
2021-10-29T09:43:23.504+0000	[#############...........] benchmark.Twitter	26.9GB/49.1GB (54.6%)
2021-10-29T09:43:26.503+0000	[#############...........] benchmark.Twitter	26.9GB/49.1GB (54.8%)
2021-10-29T09:43:29.503+0000	[#############...........] benchmark.Twitter	27.0GB/49.1GB (54.9%)
2021-10-29T09:43:32.503+0000	[#############...........] benchmark.Twitter	27.0GB/49.1GB (55.0%)
2021-10-29T09:43:35.503+0000	[#############...........] benchmark.Twitter	27.1GB/49.1GB (55.1%)
2021-10-29T09:43:38.504+0000	[#############...........] benchmark.Twitter	27.1GB/49.1GB (55.2%)
2021-10-29T09:43:41.504+0000	[#############...........] benchmark.Twitter	27.2GB/49.1GB (55.3%)
2021-10-29T09:43:44.504+0000	[#############...........] benchmark.Twitter	27.2GB/49.1GB (55.5%)
2021-10-29T09:43:47.504+0000	[#############...........] benchmark.Twitter	27.3GB/49.1GB (55.6%)
2021-10-29T09:43:50.503+0000	[#############...........] benchmark.Twitter	27.4GB/49.1GB (55.7%)
2021-10-29T09:43:53.503+0000	[#############...........] benchmark.Twitter	27.4GB/49.1GB (55.8%)
2021-10-29T09:43:56.504+0000	[#############...........] benchmark.Twitter	27.5GB/49.1GB (55.9%)
2021-10-29T09:43:59.504+0000	[#############...........] benchmark.Twitter	27.5GB/49.1GB (56.0%)
2021-10-29T09:44:02.503+0000	[#############...........] benchmark.Twitter	27.6GB/49.1GB (56.2%)
2021-10-29T09:44:05.503+0000	[#############...........] benchmark.Twitter	27.6GB/49.1GB (56.3%)
2021-10-29T09:44:08.503+0000	[#############...........] benchmark.Twitter	27.7GB/49.1GB (56.4%)
2021-10-29T09:44:11.503+0000	[#############...........] benchmark.Twitter	27.8GB/49.1GB (56.5%)
2021-10-29T09:44:14.503+0000	[#############...........] benchmark.Twitter	27.8GB/49.1GB (56.6%)
2021-10-29T09:44:17.503+0000	[#############...........] benchmark.Twitter	27.9GB/49.1GB (56.8%)
2021-10-29T09:44:20.503+0000	[#############...........] benchmark.Twitter	27.9GB/49.1GB (56.9%)
2021-10-29T09:44:23.503+0000	[#############...........] benchmark.Twitter	28.0GB/49.1GB (57.0%)
2021-10-29T09:44:26.503+0000	[#############...........] benchmark.Twitter	28.1GB/49.1GB (57.1%)
2021-10-29T09:44:29.504+0000	[#############...........] benchmark.Twitter	28.1GB/49.1GB (57.2%)
2021-10-29T09:44:32.504+0000	[#############...........] benchmark.Twitter	28.1GB/49.1GB (57.3%)
2021-10-29T09:44:35.503+0000	[#############...........] benchmark.Twitter	28.2GB/49.1GB (57.4%)
2021-10-29T09:44:38.503+0000	[#############...........] benchmark.Twitter	28.2GB/49.1GB (57.5%)
2021-10-29T09:44:41.503+0000	[#############...........] benchmark.Twitter	28.3GB/49.1GB (57.6%)
2021-10-29T09:44:44.503+0000	[#############...........] benchmark.Twitter	28.3GB/49.1GB (57.7%)
2021-10-29T09:44:47.503+0000	[#############...........] benchmark.Twitter	28.4GB/49.1GB (57.8%)
2021-10-29T09:44:50.503+0000	[#############...........] benchmark.Twitter	28.4GB/49.1GB (57.9%)
2021-10-29T09:44:53.503+0000	[#############...........] benchmark.Twitter	28.5GB/49.1GB (58.0%)
2021-10-29T09:44:56.503+0000	[#############...........] benchmark.Twitter	28.5GB/49.1GB (58.1%)
2021-10-29T09:44:59.503+0000	[#############...........] benchmark.Twitter	28.6GB/49.1GB (58.1%)
2021-10-29T09:45:02.503+0000	[#############...........] benchmark.Twitter	28.6GB/49.1GB (58.2%)
2021-10-29T09:45:05.503+0000	[##############..........] benchmark.Twitter	28.7GB/49.1GB (58.3%)
2021-10-29T09:45:08.503+0000	[##############..........] benchmark.Twitter	28.7GB/49.1GB (58.4%)
2021-10-29T09:45:11.504+0000	[##############..........] benchmark.Twitter	28.8GB/49.1GB (58.5%)
2021-10-29T09:45:14.503+0000	[##############..........] benchmark.Twitter	28.8GB/49.1GB (58.6%)
2021-10-29T09:45:17.503+0000	[##############..........] benchmark.Twitter	28.9GB/49.1GB (58.8%)
2021-10-29T09:45:20.503+0000	[##############..........] benchmark.Twitter	28.9GB/49.1GB (58.9%)
2021-10-29T09:45:23.505+0000	[##############..........] benchmark.Twitter	29.0GB/49.1GB (59.0%)
2021-10-29T09:45:26.504+0000	[##############..........] benchmark.Twitter	29.1GB/49.1GB (59.1%)
2021-10-29T09:45:29.504+0000	[##############..........] benchmark.Twitter	29.1GB/49.1GB (59.2%)
2021-10-29T09:45:32.503+0000	[##############..........] benchmark.Twitter	29.2GB/49.1GB (59.4%)
2021-10-29T09:45:35.503+0000	[##############..........] benchmark.Twitter	29.2GB/49.1GB (59.5%)
2021-10-29T09:45:38.504+0000	[##############..........] benchmark.Twitter	29.3GB/49.1GB (59.6%)
2021-10-29T09:45:41.503+0000	[##############..........] benchmark.Twitter	29.3GB/49.1GB (59.7%)
2021-10-29T09:45:44.504+0000	[##############..........] benchmark.Twitter	29.4GB/49.1GB (59.8%)
2021-10-29T09:45:47.503+0000	[##############..........] benchmark.Twitter	29.4GB/49.1GB (59.9%)
2021-10-29T09:45:50.503+0000	[##############..........] benchmark.Twitter	29.5GB/49.1GB (60.0%)
2021-10-29T09:45:53.504+0000	[##############..........] benchmark.Twitter	29.6GB/49.1GB (60.2%)
2021-10-29T09:45:56.504+0000	[##############..........] benchmark.Twitter	29.6GB/49.1GB (60.3%)
2021-10-29T09:45:59.510+0000	[##############..........] benchmark.Twitter	29.7GB/49.1GB (60.4%)
2021-10-29T09:46:02.503+0000	[##############..........] benchmark.Twitter	29.7GB/49.1GB (60.5%)
2021-10-29T09:46:05.504+0000	[##############..........] benchmark.Twitter	29.8GB/49.1GB (60.6%)
2021-10-29T09:46:08.503+0000	[##############..........] benchmark.Twitter	29.9GB/49.1GB (60.7%)
2021-10-29T09:46:11.504+0000	[##############..........] benchmark.Twitter	29.9GB/49.1GB (60.9%)
2021-10-29T09:46:14.503+0000	[##############..........] benchmark.Twitter	30.0GB/49.1GB (61.0%)
2021-10-29T09:46:17.504+0000	[##############..........] benchmark.Twitter	30.0GB/49.1GB (61.1%)
2021-10-29T09:46:20.503+0000	[##############..........] benchmark.Twitter	30.1GB/49.1GB (61.2%)
2021-10-29T09:46:23.503+0000	[##############..........] benchmark.Twitter	30.1GB/49.1GB (61.3%)
2021-10-29T09:46:26.503+0000	[##############..........] benchmark.Twitter	30.2GB/49.1GB (61.5%)
2021-10-29T09:46:29.503+0000	[##############..........] benchmark.Twitter	30.2GB/49.1GB (61.6%)
2021-10-29T09:46:32.504+0000	[##############..........] benchmark.Twitter	30.3GB/49.1GB (61.7%)
2021-10-29T09:46:35.503+0000	[##############..........] benchmark.Twitter	30.4GB/49.1GB (61.8%)
2021-10-29T09:46:38.503+0000	[##############..........] benchmark.Twitter	30.4GB/49.1GB (61.9%)
2021-10-29T09:46:41.503+0000	[##############..........] benchmark.Twitter	30.4GB/49.1GB (61.9%)
2021-10-29T09:46:44.504+0000	[##############..........] benchmark.Twitter	30.5GB/49.1GB (62.0%)
2021-10-29T09:46:47.503+0000	[##############..........] benchmark.Twitter	30.5GB/49.1GB (62.1%)
2021-10-29T09:46:50.503+0000	[##############..........] benchmark.Twitter	30.6GB/49.1GB (62.2%)
2021-10-29T09:46:53.503+0000	[##############..........] benchmark.Twitter	30.6GB/49.1GB (62.3%)
2021-10-29T09:46:56.503+0000	[##############..........] benchmark.Twitter	30.7GB/49.1GB (62.4%)
2021-10-29T09:46:59.503+0000	[###############.........] benchmark.Twitter	30.7GB/49.1GB (62.5%)
2021-10-29T09:47:02.503+0000	[###############.........] benchmark.Twitter	30.8GB/49.1GB (62.7%)
2021-10-29T09:47:05.503+0000	[###############.........] benchmark.Twitter	30.8GB/49.1GB (62.8%)
2021-10-29T09:47:08.503+0000	[###############.........] benchmark.Twitter	30.9GB/49.1GB (62.9%)
2021-10-29T09:47:11.504+0000	[###############.........] benchmark.Twitter	30.9GB/49.1GB (63.0%)
2021-10-29T09:47:14.504+0000	[###############.........] benchmark.Twitter	31.0GB/49.1GB (63.1%)
2021-10-29T09:47:17.503+0000	[###############.........] benchmark.Twitter	31.1GB/49.1GB (63.2%)
2021-10-29T09:47:20.503+0000	[###############.........] benchmark.Twitter	31.1GB/49.1GB (63.4%)
2021-10-29T09:47:23.503+0000	[###############.........] benchmark.Twitter	31.2GB/49.1GB (63.5%)
2021-10-29T09:47:26.503+0000	[###############.........] benchmark.Twitter	31.2GB/49.1GB (63.6%)
2021-10-29T09:47:29.503+0000	[###############.........] benchmark.Twitter	31.3GB/49.1GB (63.7%)
2021-10-29T09:47:32.503+0000	[###############.........] benchmark.Twitter	31.4GB/49.1GB (63.8%)
2021-10-29T09:47:35.503+0000	[###############.........] benchmark.Twitter	31.4GB/49.1GB (63.9%)
2021-10-29T09:47:38.503+0000	[###############.........] benchmark.Twitter	31.5GB/49.1GB (64.1%)
2021-10-29T09:47:41.503+0000	[###############.........] benchmark.Twitter	31.5GB/49.1GB (64.2%)
2021-10-29T09:47:44.504+0000	[###############.........] benchmark.Twitter	31.6GB/49.1GB (64.3%)
2021-10-29T09:47:47.503+0000	[###############.........] benchmark.Twitter	31.6GB/49.1GB (64.4%)
2021-10-29T09:47:50.503+0000	[###############.........] benchmark.Twitter	31.7GB/49.1GB (64.5%)
2021-10-29T09:47:53.504+0000	[###############.........] benchmark.Twitter	31.8GB/49.1GB (64.6%)
2021-10-29T09:47:56.503+0000	[###############.........] benchmark.Twitter	31.8GB/49.1GB (64.8%)
2021-10-29T09:47:59.503+0000	[###############.........] benchmark.Twitter	31.9GB/49.1GB (64.9%)
2021-10-29T09:48:02.503+0000	[###############.........] benchmark.Twitter	31.9GB/49.1GB (65.0%)
2021-10-29T09:48:05.503+0000	[###############.........] benchmark.Twitter	32.0GB/49.1GB (65.1%)
2021-10-29T09:48:08.503+0000	[###############.........] benchmark.Twitter	32.0GB/49.1GB (65.2%)
2021-10-29T09:48:11.503+0000	[###############.........] benchmark.Twitter	32.1GB/49.1GB (65.3%)
2021-10-29T09:48:14.504+0000	[###############.........] benchmark.Twitter	32.2GB/49.1GB (65.5%)
2021-10-29T09:48:17.503+0000	[###############.........] benchmark.Twitter	32.2GB/49.1GB (65.6%)
2021-10-29T09:48:20.503+0000	[###############.........] benchmark.Twitter	32.3GB/49.1GB (65.7%)
2021-10-29T09:48:23.503+0000	[###############.........] benchmark.Twitter	32.3GB/49.1GB (65.8%)
2021-10-29T09:48:26.503+0000	[###############.........] benchmark.Twitter	32.4GB/49.1GB (65.9%)
2021-10-29T09:48:29.503+0000	[###############.........] benchmark.Twitter	32.5GB/49.1GB (66.0%)
2021-10-29T09:48:32.504+0000	[###############.........] benchmark.Twitter	32.5GB/49.1GB (66.2%)
2021-10-29T09:48:35.503+0000	[###############.........] benchmark.Twitter	32.6GB/49.1GB (66.3%)
2021-10-29T09:48:38.503+0000	[###############.........] benchmark.Twitter	32.6GB/49.1GB (66.4%)
2021-10-29T09:48:41.503+0000	[###############.........] benchmark.Twitter	32.7GB/49.1GB (66.5%)
2021-10-29T09:48:44.503+0000	[###############.........] benchmark.Twitter	32.7GB/49.1GB (66.6%)
2021-10-29T09:48:47.503+0000	[################........] benchmark.Twitter	32.8GB/49.1GB (66.7%)
2021-10-29T09:48:50.503+0000	[################........] benchmark.Twitter	32.9GB/49.1GB (66.9%)
2021-10-29T09:48:53.503+0000	[################........] benchmark.Twitter	32.9GB/49.1GB (67.0%)
2021-10-29T09:48:56.504+0000	[################........] benchmark.Twitter	33.0GB/49.1GB (67.1%)
2021-10-29T09:48:59.503+0000	[################........] benchmark.Twitter	33.0GB/49.1GB (67.2%)
2021-10-29T09:49:02.503+0000	[################........] benchmark.Twitter	33.1GB/49.1GB (67.3%)
2021-10-29T09:49:05.503+0000	[################........] benchmark.Twitter	33.1GB/49.1GB (67.4%)
2021-10-29T09:49:08.503+0000	[################........] benchmark.Twitter	33.2GB/49.1GB (67.6%)
2021-10-29T09:49:11.507+0000	[################........] benchmark.Twitter	33.2GB/49.1GB (67.7%)
2021-10-29T09:49:14.503+0000	[################........] benchmark.Twitter	33.3GB/49.1GB (67.8%)
2021-10-29T09:49:17.503+0000	[################........] benchmark.Twitter	33.3GB/49.1GB (67.9%)
2021-10-29T09:49:20.503+0000	[################........] benchmark.Twitter	33.4GB/49.1GB (67.9%)
2021-10-29T09:49:23.503+0000	[################........] benchmark.Twitter	33.4GB/49.1GB (68.0%)
2021-10-29T09:49:26.503+0000	[################........] benchmark.Twitter	33.5GB/49.1GB (68.1%)
2021-10-29T09:49:29.503+0000	[################........] benchmark.Twitter	33.5GB/49.1GB (68.2%)
2021-10-29T09:49:32.503+0000	[################........] benchmark.Twitter	33.6GB/49.1GB (68.4%)
2021-10-29T09:49:35.503+0000	[################........] benchmark.Twitter	33.6GB/49.1GB (68.5%)
2021-10-29T09:49:38.503+0000	[################........] benchmark.Twitter	33.7GB/49.1GB (68.6%)
2021-10-29T09:49:41.503+0000	[################........] benchmark.Twitter	33.8GB/49.1GB (68.7%)
2021-10-29T09:49:44.503+0000	[################........] benchmark.Twitter	33.8GB/49.1GB (68.8%)
2021-10-29T09:49:47.503+0000	[################........] benchmark.Twitter	33.9GB/49.1GB (68.9%)
2021-10-29T09:49:50.503+0000	[################........] benchmark.Twitter	33.9GB/49.1GB (69.0%)
2021-10-29T09:49:53.504+0000	[################........] benchmark.Twitter	34.0GB/49.1GB (69.1%)
2021-10-29T09:49:56.503+0000	[################........] benchmark.Twitter	34.0GB/49.1GB (69.3%)
2021-10-29T09:49:59.504+0000	[################........] benchmark.Twitter	34.1GB/49.1GB (69.4%)
2021-10-29T09:50:02.503+0000	[################........] benchmark.Twitter	34.1GB/49.1GB (69.5%)
2021-10-29T09:50:05.503+0000	[################........] benchmark.Twitter	34.2GB/49.1GB (69.6%)
2021-10-29T09:50:08.503+0000	[################........] benchmark.Twitter	34.2GB/49.1GB (69.7%)
2021-10-29T09:50:11.503+0000	[################........] benchmark.Twitter	34.3GB/49.1GB (69.8%)
2021-10-29T09:50:14.503+0000	[################........] benchmark.Twitter	34.4GB/49.1GB (69.9%)
2021-10-29T09:50:17.504+0000	[################........] benchmark.Twitter	34.4GB/49.1GB (70.1%)
2021-10-29T09:50:20.503+0000	[################........] benchmark.Twitter	34.5GB/49.1GB (70.2%)
2021-10-29T09:50:23.503+0000	[################........] benchmark.Twitter	34.5GB/49.1GB (70.3%)
2021-10-29T09:50:26.503+0000	[################........] benchmark.Twitter	34.6GB/49.1GB (70.4%)
2021-10-29T09:50:29.503+0000	[################........] benchmark.Twitter	34.6GB/49.1GB (70.5%)
2021-10-29T09:50:32.503+0000	[################........] benchmark.Twitter	34.7GB/49.1GB (70.6%)
2021-10-29T09:50:35.504+0000	[################........] benchmark.Twitter	34.8GB/49.1GB (70.7%)
2021-10-29T09:50:38.503+0000	[#################.......] benchmark.Twitter	34.8GB/49.1GB (70.9%)
2021-10-29T09:50:41.503+0000	[#################.......] benchmark.Twitter	34.9GB/49.1GB (71.0%)
2021-10-29T09:50:44.503+0000	[#################.......] benchmark.Twitter	34.9GB/49.1GB (71.1%)
2021-10-29T09:50:47.503+0000	[#################.......] benchmark.Twitter	35.0GB/49.1GB (71.2%)
2021-10-29T09:50:50.503+0000	[#################.......] benchmark.Twitter	35.0GB/49.1GB (71.3%)
2021-10-29T09:50:53.503+0000	[#################.......] benchmark.Twitter	35.1GB/49.1GB (71.4%)
2021-10-29T09:50:56.504+0000	[#################.......] benchmark.Twitter	35.1GB/49.1GB (71.5%)
2021-10-29T09:50:59.503+0000	[#################.......] benchmark.Twitter	35.2GB/49.1GB (71.7%)
2021-10-29T09:51:02.503+0000	[#################.......] benchmark.Twitter	35.3GB/49.1GB (71.8%)
2021-10-29T09:51:05.504+0000	[#################.......] benchmark.Twitter	35.3GB/49.1GB (71.9%)
2021-10-29T09:51:08.503+0000	[#################.......] benchmark.Twitter	35.4GB/49.1GB (72.0%)
2021-10-29T09:51:11.503+0000	[#################.......] benchmark.Twitter	35.4GB/49.1GB (72.1%)
2021-10-29T09:51:14.503+0000	[#################.......] benchmark.Twitter	35.5GB/49.1GB (72.2%)
2021-10-29T09:51:17.503+0000	[#################.......] benchmark.Twitter	35.5GB/49.1GB (72.3%)
2021-10-29T09:51:20.503+0000	[#################.......] benchmark.Twitter	35.6GB/49.1GB (72.5%)
2021-10-29T09:51:23.503+0000	[#################.......] benchmark.Twitter	35.6GB/49.1GB (72.6%)
2021-10-29T09:51:26.503+0000	[#################.......] benchmark.Twitter	35.7GB/49.1GB (72.7%)
2021-10-29T09:51:29.503+0000	[#################.......] benchmark.Twitter	35.8GB/49.1GB (72.8%)
2021-10-29T09:51:32.504+0000	[#################.......] benchmark.Twitter	35.8GB/49.1GB (72.9%)
2021-10-29T09:51:35.504+0000	[#################.......] benchmark.Twitter	35.9GB/49.1GB (73.0%)
2021-10-29T09:51:38.503+0000	[#################.......] benchmark.Twitter	35.9GB/49.1GB (73.1%)
2021-10-29T09:51:41.503+0000	[#################.......] benchmark.Twitter	36.0GB/49.1GB (73.3%)
2021-10-29T09:51:44.503+0000	[#################.......] benchmark.Twitter	36.0GB/49.1GB (73.4%)
2021-10-29T09:51:47.503+0000	[#################.......] benchmark.Twitter	36.1GB/49.1GB (73.5%)
2021-10-29T09:51:50.503+0000	[#################.......] benchmark.Twitter	36.2GB/49.1GB (73.6%)
2021-10-29T09:51:53.503+0000	[#################.......] benchmark.Twitter	36.2GB/49.1GB (73.7%)
2021-10-29T09:51:56.504+0000	[#################.......] benchmark.Twitter	36.3GB/49.1GB (73.8%)
2021-10-29T09:51:59.504+0000	[#################.......] benchmark.Twitter	36.3GB/49.1GB (73.9%)
2021-10-29T09:52:02.504+0000	[#################.......] benchmark.Twitter	36.4GB/49.1GB (74.1%)
2021-10-29T09:52:05.503+0000	[#################.......] benchmark.Twitter	36.4GB/49.1GB (74.2%)
2021-10-29T09:52:08.504+0000	[#################.......] benchmark.Twitter	36.5GB/49.1GB (74.3%)
2021-10-29T09:52:11.503+0000	[#################.......] benchmark.Twitter	36.5GB/49.1GB (74.4%)
2021-10-29T09:52:14.503+0000	[#################.......] benchmark.Twitter	36.6GB/49.1GB (74.5%)
2021-10-29T09:52:17.504+0000	[#################.......] benchmark.Twitter	36.7GB/49.1GB (74.6%)
2021-10-29T09:52:20.504+0000	[#################.......] benchmark.Twitter	36.7GB/49.1GB (74.7%)
2021-10-29T09:52:23.503+0000	[#################.......] benchmark.Twitter	36.8GB/49.1GB (74.8%)
2021-10-29T09:52:26.503+0000	[#################.......] benchmark.Twitter	36.8GB/49.1GB (75.0%)
2021-10-29T09:52:29.504+0000	[##################......] benchmark.Twitter	36.9GB/49.1GB (75.1%)
2021-10-29T09:52:32.503+0000	[##################......] benchmark.Twitter	36.9GB/49.1GB (75.2%)
2021-10-29T09:52:35.503+0000	[##################......] benchmark.Twitter	37.0GB/49.1GB (75.3%)
2021-10-29T09:52:38.503+0000	[##################......] benchmark.Twitter	37.0GB/49.1GB (75.4%)
2021-10-29T09:52:41.503+0000	[##################......] benchmark.Twitter	37.1GB/49.1GB (75.5%)
2021-10-29T09:52:44.503+0000	[##################......] benchmark.Twitter	37.2GB/49.1GB (75.6%)
2021-10-29T09:52:47.504+0000	[##################......] benchmark.Twitter	37.2GB/49.1GB (75.7%)
2021-10-29T09:52:50.503+0000	[##################......] benchmark.Twitter	37.3GB/49.1GB (75.9%)
2021-10-29T09:52:53.504+0000	[##################......] benchmark.Twitter	37.3GB/49.1GB (76.0%)
2021-10-29T09:52:56.503+0000	[##################......] benchmark.Twitter	37.4GB/49.1GB (76.1%)
2021-10-29T09:52:59.504+0000	[##################......] benchmark.Twitter	37.4GB/49.1GB (76.2%)
2021-10-29T09:53:02.503+0000	[##################......] benchmark.Twitter	37.5GB/49.1GB (76.3%)
2021-10-29T09:53:05.503+0000	[##################......] benchmark.Twitter	37.5GB/49.1GB (76.4%)
2021-10-29T09:53:08.503+0000	[##################......] benchmark.Twitter	37.6GB/49.1GB (76.5%)
2021-10-29T09:53:11.503+0000	[##################......] benchmark.Twitter	37.6GB/49.1GB (76.6%)
2021-10-29T09:53:14.504+0000	[##################......] benchmark.Twitter	37.7GB/49.1GB (76.7%)
2021-10-29T09:53:17.504+0000	[##################......] benchmark.Twitter	37.7GB/49.1GB (76.8%)
2021-10-29T09:53:20.503+0000	[##################......] benchmark.Twitter	37.8GB/49.1GB (76.9%)
2021-10-29T09:53:23.503+0000	[##################......] benchmark.Twitter	37.8GB/49.1GB (77.0%)
2021-10-29T09:53:26.503+0000	[##################......] benchmark.Twitter	37.9GB/49.1GB (77.1%)
2021-10-29T09:53:29.503+0000	[##################......] benchmark.Twitter	38.0GB/49.1GB (77.2%)
2021-10-29T09:53:32.503+0000	[##################......] benchmark.Twitter	38.0GB/49.1GB (77.4%)
2021-10-29T09:53:35.503+0000	[##################......] benchmark.Twitter	38.1GB/49.1GB (77.5%)
2021-10-29T09:53:38.504+0000	[##################......] benchmark.Twitter	38.1GB/49.1GB (77.6%)
2021-10-29T09:53:41.503+0000	[##################......] benchmark.Twitter	38.2GB/49.1GB (77.7%)
2021-10-29T09:53:44.503+0000	[##################......] benchmark.Twitter	38.2GB/49.1GB (77.8%)
2021-10-29T09:53:47.503+0000	[##################......] benchmark.Twitter	38.3GB/49.1GB (77.9%)
2021-10-29T09:53:50.504+0000	[##################......] benchmark.Twitter	38.3GB/49.1GB (78.0%)
2021-10-29T09:53:53.503+0000	[##################......] benchmark.Twitter	38.4GB/49.1GB (78.1%)
2021-10-29T09:53:56.504+0000	[##################......] benchmark.Twitter	38.5GB/49.1GB (78.3%)
2021-10-29T09:53:59.503+0000	[##################......] benchmark.Twitter	38.5GB/49.1GB (78.4%)
2021-10-29T09:54:02.503+0000	[##################......] benchmark.Twitter	38.6GB/49.1GB (78.5%)
2021-10-29T09:54:05.503+0000	[##################......] benchmark.Twitter	38.6GB/49.1GB (78.6%)
2021-10-29T09:54:08.503+0000	[##################......] benchmark.Twitter	38.7GB/49.1GB (78.7%)
2021-10-29T09:54:11.503+0000	[##################......] benchmark.Twitter	38.7GB/49.1GB (78.8%)
2021-10-29T09:54:14.504+0000	[##################......] benchmark.Twitter	38.8GB/49.1GB (78.9%)
2021-10-29T09:54:17.503+0000	[##################......] benchmark.Twitter	38.8GB/49.1GB (79.0%)
2021-10-29T09:54:20.503+0000	[##################......] benchmark.Twitter	38.9GB/49.1GB (79.2%)
2021-10-29T09:54:23.503+0000	[###################.....] benchmark.Twitter	39.0GB/49.1GB (79.3%)
2021-10-29T09:54:26.503+0000	[###################.....] benchmark.Twitter	39.0GB/49.1GB (79.4%)
2021-10-29T09:54:29.503+0000	[###################.....] benchmark.Twitter	39.1GB/49.1GB (79.5%)
2021-10-29T09:54:32.503+0000	[###################.....] benchmark.Twitter	39.1GB/49.1GB (79.6%)
2021-10-29T09:54:35.503+0000	[###################.....] benchmark.Twitter	39.2GB/49.1GB (79.7%)
2021-10-29T09:54:38.503+0000	[###################.....] benchmark.Twitter	39.2GB/49.1GB (79.8%)
2021-10-29T09:54:41.503+0000	[###################.....] benchmark.Twitter	39.3GB/49.1GB (80.0%)
2021-10-29T09:54:44.503+0000	[###################.....] benchmark.Twitter	39.3GB/49.1GB (80.1%)
2021-10-29T09:54:47.504+0000	[###################.....] benchmark.Twitter	39.4GB/49.1GB (80.2%)
2021-10-29T09:54:50.503+0000	[###################.....] benchmark.Twitter	39.5GB/49.1GB (80.3%)
2021-10-29T09:54:53.503+0000	[###################.....] benchmark.Twitter	39.5GB/49.1GB (80.4%)
2021-10-29T09:54:56.503+0000	[###################.....] benchmark.Twitter	39.6GB/49.1GB (80.5%)
2021-10-29T09:54:59.503+0000	[###################.....] benchmark.Twitter	39.6GB/49.1GB (80.6%)
2021-10-29T09:55:02.503+0000	[###################.....] benchmark.Twitter	39.7GB/49.1GB (80.7%)
2021-10-29T09:55:05.504+0000	[###################.....] benchmark.Twitter	39.7GB/49.1GB (80.9%)
2021-10-29T09:55:08.503+0000	[###################.....] benchmark.Twitter	39.8GB/49.1GB (81.0%)
2021-10-29T09:55:11.503+0000	[###################.....] benchmark.Twitter	39.8GB/49.1GB (81.1%)
2021-10-29T09:55:14.503+0000	[###################.....] benchmark.Twitter	39.9GB/49.1GB (81.2%)
2021-10-29T09:55:17.503+0000	[###################.....] benchmark.Twitter	39.9GB/49.1GB (81.3%)
2021-10-29T09:55:20.504+0000	[###################.....] benchmark.Twitter	40.0GB/49.1GB (81.4%)
2021-10-29T09:55:23.503+0000	[###################.....] benchmark.Twitter	40.0GB/49.1GB (81.5%)
2021-10-29T09:55:26.503+0000	[###################.....] benchmark.Twitter	40.1GB/49.1GB (81.6%)
2021-10-29T09:55:29.503+0000	[###################.....] benchmark.Twitter	40.2GB/49.1GB (81.8%)
2021-10-29T09:55:32.503+0000	[###################.....] benchmark.Twitter	40.2GB/49.1GB (81.9%)
2021-10-29T09:55:35.503+0000	[###################.....] benchmark.Twitter	40.3GB/49.1GB (82.0%)
2021-10-29T09:55:38.503+0000	[###################.....] benchmark.Twitter	40.3GB/49.1GB (82.1%)
2021-10-29T09:55:41.504+0000	[###################.....] benchmark.Twitter	40.4GB/49.1GB (82.2%)
2021-10-29T09:55:44.503+0000	[###################.....] benchmark.Twitter	40.5GB/49.1GB (82.3%)
2021-10-29T09:55:47.503+0000	[###################.....] benchmark.Twitter	40.5GB/49.1GB (82.4%)
2021-10-29T09:55:50.503+0000	[###################.....] benchmark.Twitter	40.6GB/49.1GB (82.6%)
2021-10-29T09:55:53.503+0000	[###################.....] benchmark.Twitter	40.6GB/49.1GB (82.7%)
2021-10-29T09:55:56.503+0000	[###################.....] benchmark.Twitter	40.7GB/49.1GB (82.8%)
2021-10-29T09:55:59.503+0000	[###################.....] benchmark.Twitter	40.7GB/49.1GB (82.9%)
2021-10-29T09:56:02.503+0000	[###################.....] benchmark.Twitter	40.8GB/49.1GB (83.0%)
2021-10-29T09:56:05.503+0000	[###################.....] benchmark.Twitter	40.9GB/49.1GB (83.1%)
2021-10-29T09:56:08.503+0000	[###################.....] benchmark.Twitter	40.9GB/49.1GB (83.3%)
2021-10-29T09:56:11.504+0000	[####################....] benchmark.Twitter	41.0GB/49.1GB (83.4%)
2021-10-29T09:56:14.505+0000	[####################....] benchmark.Twitter	41.0GB/49.1GB (83.5%)
2021-10-29T09:56:17.503+0000	[####################....] benchmark.Twitter	41.1GB/49.1GB (83.6%)
2021-10-29T09:56:20.503+0000	[####################....] benchmark.Twitter	41.1GB/49.1GB (83.7%)
2021-10-29T09:56:23.503+0000	[####################....] benchmark.Twitter	41.2GB/49.1GB (83.8%)
2021-10-29T09:56:26.503+0000	[####################....] benchmark.Twitter	41.2GB/49.1GB (83.9%)
2021-10-29T09:56:29.503+0000	[####################....] benchmark.Twitter	41.3GB/49.1GB (84.0%)
2021-10-29T09:56:32.503+0000	[####################....] benchmark.Twitter	41.4GB/49.1GB (84.2%)
2021-10-29T09:56:35.503+0000	[####################....] benchmark.Twitter	41.4GB/49.1GB (84.3%)
2021-10-29T09:56:38.504+0000	[####################....] benchmark.Twitter	41.5GB/49.1GB (84.4%)
2021-10-29T09:56:41.504+0000	[####################....] benchmark.Twitter	41.5GB/49.1GB (84.5%)
2021-10-29T09:56:44.504+0000	[####################....] benchmark.Twitter	41.5GB/49.1GB (84.6%)
2021-10-29T09:56:47.504+0000	[####################....] benchmark.Twitter	41.6GB/49.1GB (84.7%)
2021-10-29T09:56:50.504+0000	[####################....] benchmark.Twitter	41.6GB/49.1GB (84.8%)
2021-10-29T09:56:53.503+0000	[####################....] benchmark.Twitter	41.7GB/49.1GB (84.9%)
2021-10-29T09:56:56.503+0000	[####################....] benchmark.Twitter	41.8GB/49.1GB (85.0%)
2021-10-29T09:56:59.503+0000	[####################....] benchmark.Twitter	41.8GB/49.1GB (85.1%)
2021-10-29T09:57:02.503+0000	[####################....] benchmark.Twitter	41.9GB/49.1GB (85.2%)
2021-10-29T09:57:05.503+0000	[####################....] benchmark.Twitter	41.9GB/49.1GB (85.3%)
2021-10-29T09:57:08.503+0000	[####################....] benchmark.Twitter	42.0GB/49.1GB (85.4%)
2021-10-29T09:57:11.503+0000	[####################....] benchmark.Twitter	42.0GB/49.1GB (85.5%)
2021-10-29T09:57:14.503+0000	[####################....] benchmark.Twitter	42.1GB/49.1GB (85.7%)
2021-10-29T09:57:17.503+0000	[####################....] benchmark.Twitter	42.1GB/49.1GB (85.8%)
2021-10-29T09:57:20.504+0000	[####################....] benchmark.Twitter	42.2GB/49.1GB (85.9%)
2021-10-29T09:57:23.503+0000	[####################....] benchmark.Twitter	42.3GB/49.1GB (86.0%)
2021-10-29T09:57:26.503+0000	[####################....] benchmark.Twitter	42.3GB/49.1GB (86.1%)
2021-10-29T09:57:29.503+0000	[####################....] benchmark.Twitter	42.4GB/49.1GB (86.2%)
2021-10-29T09:57:32.503+0000	[####################....] benchmark.Twitter	42.4GB/49.1GB (86.4%)
2021-10-29T09:57:35.504+0000	[####################....] benchmark.Twitter	42.5GB/49.1GB (86.5%)
2021-10-29T09:57:38.503+0000	[####################....] benchmark.Twitter	42.5GB/49.1GB (86.6%)
2021-10-29T09:57:41.503+0000	[####################....] benchmark.Twitter	42.6GB/49.1GB (86.7%)
2021-10-29T09:57:44.503+0000	[####################....] benchmark.Twitter	42.7GB/49.1GB (86.8%)
2021-10-29T09:57:47.504+0000	[####################....] benchmark.Twitter	42.7GB/49.1GB (86.9%)
2021-10-29T09:57:50.503+0000	[####################....] benchmark.Twitter	42.8GB/49.1GB (87.1%)
2021-10-29T09:57:53.504+0000	[####################....] benchmark.Twitter	42.8GB/49.1GB (87.2%)
2021-10-29T09:57:56.503+0000	[####################....] benchmark.Twitter	42.9GB/49.1GB (87.3%)
2021-10-29T09:57:59.504+0000	[####################....] benchmark.Twitter	42.9GB/49.1GB (87.4%)
2021-10-29T09:58:02.503+0000	[#####################...] benchmark.Twitter	43.0GB/49.1GB (87.5%)
2021-10-29T09:58:05.503+0000	[#####################...] benchmark.Twitter	43.1GB/49.1GB (87.6%)
2021-10-29T09:58:08.503+0000	[#####################...] benchmark.Twitter	43.1GB/49.1GB (87.8%)
2021-10-29T09:58:11.503+0000	[#####################...] benchmark.Twitter	43.2GB/49.1GB (87.9%)
2021-10-29T09:58:14.503+0000	[#####################...] benchmark.Twitter	43.2GB/49.1GB (88.0%)
2021-10-29T09:58:17.503+0000	[#####################...] benchmark.Twitter	43.3GB/49.1GB (88.1%)
2021-10-29T09:58:20.504+0000	[#####################...] benchmark.Twitter	43.3GB/49.1GB (88.2%)
2021-10-29T09:58:23.503+0000	[#####################...] benchmark.Twitter	43.4GB/49.1GB (88.3%)
2021-10-29T09:58:26.504+0000	[#####################...] benchmark.Twitter	43.5GB/49.1GB (88.5%)
2021-10-29T09:58:29.503+0000	[#####################...] benchmark.Twitter	43.5GB/49.1GB (88.6%)
2021-10-29T09:58:32.503+0000	[#####################...] benchmark.Twitter	43.6GB/49.1GB (88.7%)
2021-10-29T09:58:35.503+0000	[#####################...] benchmark.Twitter	43.6GB/49.1GB (88.8%)
2021-10-29T09:58:38.503+0000	[#####################...] benchmark.Twitter	43.7GB/49.1GB (88.9%)
2021-10-29T09:58:41.503+0000	[#####################...] benchmark.Twitter	43.8GB/49.1GB (89.0%)
2021-10-29T09:58:44.504+0000	[#####################...] benchmark.Twitter	43.8GB/49.1GB (89.2%)
2021-10-29T09:58:47.503+0000	[#####################...] benchmark.Twitter	43.9GB/49.1GB (89.3%)
2021-10-29T09:58:50.503+0000	[#####################...] benchmark.Twitter	43.9GB/49.1GB (89.4%)
2021-10-29T09:58:53.503+0000	[#####################...] benchmark.Twitter	44.0GB/49.1GB (89.5%)
2021-10-29T09:58:56.504+0000	[#####################...] benchmark.Twitter	44.0GB/49.1GB (89.6%)
2021-10-29T09:58:59.503+0000	[#####################...] benchmark.Twitter	44.0GB/49.1GB (89.6%)
2021-10-29T09:59:02.503+0000	[#####################...] benchmark.Twitter	44.1GB/49.1GB (89.7%)
2021-10-29T09:59:05.503+0000	[#####################...] benchmark.Twitter	44.1GB/49.1GB (89.8%)
2021-10-29T09:59:08.503+0000	[#####################...] benchmark.Twitter	44.2GB/49.1GB (89.9%)
2021-10-29T09:59:11.503+0000	[#####################...] benchmark.Twitter	44.2GB/49.1GB (90.0%)
2021-10-29T09:59:14.504+0000	[#####################...] benchmark.Twitter	44.3GB/49.1GB (90.1%)
2021-10-29T09:59:17.503+0000	[#####################...] benchmark.Twitter	44.3GB/49.1GB (90.3%)
2021-10-29T09:59:20.504+0000	[#####################...] benchmark.Twitter	44.4GB/49.1GB (90.4%)
2021-10-29T09:59:23.503+0000	[#####################...] benchmark.Twitter	44.5GB/49.1GB (90.5%)
2021-10-29T09:59:26.503+0000	[#####################...] benchmark.Twitter	44.5GB/49.1GB (90.6%)
2021-10-29T09:59:29.503+0000	[#####################...] benchmark.Twitter	44.6GB/49.1GB (90.7%)
2021-10-29T09:59:32.504+0000	[#####################...] benchmark.Twitter	44.6GB/49.1GB (90.8%)
2021-10-29T09:59:35.503+0000	[#####################...] benchmark.Twitter	44.7GB/49.1GB (90.9%)
2021-10-29T09:59:38.503+0000	[#####################...] benchmark.Twitter	44.7GB/49.1GB (91.1%)
2021-10-29T09:59:41.503+0000	[#####################...] benchmark.Twitter	44.8GB/49.1GB (91.2%)
2021-10-29T09:59:44.503+0000	[#####################...] benchmark.Twitter	44.9GB/49.1GB (91.3%)
2021-10-29T09:59:47.503+0000	[#####################...] benchmark.Twitter	44.9GB/49.1GB (91.4%)
2021-10-29T09:59:50.503+0000	[#####################...] benchmark.Twitter	45.0GB/49.1GB (91.5%)
2021-10-29T09:59:53.503+0000	[#####################...] benchmark.Twitter	45.0GB/49.1GB (91.6%)
2021-10-29T09:59:56.504+0000	[######################..] benchmark.Twitter	45.1GB/49.1GB (91.8%)
2021-10-29T09:59:59.503+0000	[######################..] benchmark.Twitter	45.1GB/49.1GB (91.9%)
2021-10-29T10:00:02.503+0000	[######################..] benchmark.Twitter	45.2GB/49.1GB (92.0%)
2021-10-29T10:00:05.504+0000	[######################..] benchmark.Twitter	45.2GB/49.1GB (92.1%)
2021-10-29T10:00:08.503+0000	[######################..] benchmark.Twitter	45.3GB/49.1GB (92.2%)
2021-10-29T10:00:11.503+0000	[######################..] benchmark.Twitter	45.4GB/49.1GB (92.3%)
2021-10-29T10:00:14.504+0000	[######################..] benchmark.Twitter	45.4GB/49.1GB (92.4%)
2021-10-29T10:00:17.503+0000	[######################..] benchmark.Twitter	45.5GB/49.1GB (92.6%)
2021-10-29T10:00:20.503+0000	[######################..] benchmark.Twitter	45.5GB/49.1GB (92.7%)
2021-10-29T10:00:23.503+0000	[######################..] benchmark.Twitter	45.6GB/49.1GB (92.8%)
2021-10-29T10:00:26.503+0000	[######################..] benchmark.Twitter	45.6GB/49.1GB (92.9%)
2021-10-29T10:00:29.508+0000	[######################..] benchmark.Twitter	45.7GB/49.1GB (93.0%)
2021-10-29T10:00:32.504+0000	[######################..] benchmark.Twitter	45.8GB/49.1GB (93.1%)
2021-10-29T10:00:35.503+0000	[######################..] benchmark.Twitter	45.8GB/49.1GB (93.3%)
2021-10-29T10:00:38.503+0000	[######################..] benchmark.Twitter	45.9GB/49.1GB (93.4%)
2021-10-29T10:00:41.503+0000	[######################..] benchmark.Twitter	45.9GB/49.1GB (93.5%)
2021-10-29T10:00:44.503+0000	[######################..] benchmark.Twitter	46.0GB/49.1GB (93.6%)
2021-10-29T10:00:47.503+0000	[######################..] benchmark.Twitter	46.0GB/49.1GB (93.7%)
2021-10-29T10:00:50.503+0000	[######################..] benchmark.Twitter	46.1GB/49.1GB (93.9%)
2021-10-29T10:00:53.504+0000	[######################..] benchmark.Twitter	46.2GB/49.1GB (94.0%)
2021-10-29T10:00:56.504+0000	[######################..] benchmark.Twitter	46.2GB/49.1GB (94.1%)
2021-10-29T10:00:59.503+0000	[######################..] benchmark.Twitter	46.3GB/49.1GB (94.2%)
2021-10-29T10:01:02.504+0000	[######################..] benchmark.Twitter	46.3GB/49.1GB (94.3%)
2021-10-29T10:01:05.503+0000	[######################..] benchmark.Twitter	46.4GB/49.1GB (94.4%)
2021-10-29T10:01:08.503+0000	[######################..] benchmark.Twitter	46.5GB/49.1GB (94.6%)
2021-10-29T10:01:11.503+0000	[######################..] benchmark.Twitter	46.5GB/49.1GB (94.7%)
2021-10-29T10:01:14.503+0000	[######################..] benchmark.Twitter	46.6GB/49.1GB (94.8%)
2021-10-29T10:01:17.503+0000	[######################..] benchmark.Twitter	46.6GB/49.1GB (94.9%)
2021-10-29T10:01:20.503+0000	[######################..] benchmark.Twitter	46.7GB/49.1GB (95.0%)
2021-10-29T10:01:23.504+0000	[######################..] benchmark.Twitter	46.7GB/49.1GB (95.1%)
2021-10-29T10:01:26.503+0000	[######################..] benchmark.Twitter	46.8GB/49.1GB (95.3%)
2021-10-29T10:01:29.503+0000	[######################..] benchmark.Twitter	46.9GB/49.1GB (95.4%)
2021-10-29T10:01:32.503+0000	[######################..] benchmark.Twitter	46.9GB/49.1GB (95.5%)
2021-10-29T10:01:35.503+0000	[######################..] benchmark.Twitter	47.0GB/49.1GB (95.6%)
2021-10-29T10:01:38.503+0000	[######################..] benchmark.Twitter	47.0GB/49.1GB (95.7%)
2021-10-29T10:01:41.503+0000	[######################..] benchmark.Twitter	47.0GB/49.1GB (95.8%)
2021-10-29T10:01:44.503+0000	[#######################.] benchmark.Twitter	47.1GB/49.1GB (95.8%)
2021-10-29T10:01:47.504+0000	[#######################.] benchmark.Twitter	47.1GB/49.1GB (95.9%)
2021-10-29T10:01:50.503+0000	[#######################.] benchmark.Twitter	47.2GB/49.1GB (96.0%)
2021-10-29T10:01:53.503+0000	[#######################.] benchmark.Twitter	47.2GB/49.1GB (96.1%)
2021-10-29T10:01:56.503+0000	[#######################.] benchmark.Twitter	47.3GB/49.1GB (96.2%)
2021-10-29T10:01:59.503+0000	[#######################.] benchmark.Twitter	47.3GB/49.1GB (96.4%)
2021-10-29T10:02:02.503+0000	[#######################.] benchmark.Twitter	47.4GB/49.1GB (96.5%)
2021-10-29T10:02:05.503+0000	[#######################.] benchmark.Twitter	47.5GB/49.1GB (96.6%)
2021-10-29T10:02:08.503+0000	[#######################.] benchmark.Twitter	47.5GB/49.1GB (96.7%)
2021-10-29T10:02:11.504+0000	[#######################.] benchmark.Twitter	47.6GB/49.1GB (96.8%)
2021-10-29T10:02:14.503+0000	[#######################.] benchmark.Twitter	47.6GB/49.1GB (96.9%)
2021-10-29T10:02:17.503+0000	[#######################.] benchmark.Twitter	47.7GB/49.1GB (97.1%)
2021-10-29T10:02:20.503+0000	[#######################.] benchmark.Twitter	47.7GB/49.1GB (97.2%)
2021-10-29T10:02:23.503+0000	[#######################.] benchmark.Twitter	47.8GB/49.1GB (97.3%)
2021-10-29T10:02:26.503+0000	[#######################.] benchmark.Twitter	47.9GB/49.1GB (97.4%)
2021-10-29T10:02:29.503+0000	[#######################.] benchmark.Twitter	47.9GB/49.1GB (97.5%)
2021-10-29T10:02:32.503+0000	[#######################.] benchmark.Twitter	48.0GB/49.1GB (97.6%)
2021-10-29T10:02:35.503+0000	[#######################.] benchmark.Twitter	48.0GB/49.1GB (97.8%)
2021-10-29T10:02:38.503+0000	[#######################.] benchmark.Twitter	48.1GB/49.1GB (97.9%)
2021-10-29T10:02:41.503+0000	[#######################.] benchmark.Twitter	48.1GB/49.1GB (98.0%)
2021-10-29T10:02:44.503+0000	[#######################.] benchmark.Twitter	48.2GB/49.1GB (98.1%)
2021-10-29T10:02:47.503+0000	[#######################.] benchmark.Twitter	48.2GB/49.1GB (98.2%)
2021-10-29T10:02:50.503+0000	[#######################.] benchmark.Twitter	48.3GB/49.1GB (98.3%)
2021-10-29T10:02:53.503+0000	[#######################.] benchmark.Twitter	48.4GB/49.1GB (98.4%)
2021-10-29T10:02:56.503+0000	[#######################.] benchmark.Twitter	48.4GB/49.1GB (98.6%)
2021-10-29T10:02:59.504+0000	[#######################.] benchmark.Twitter	48.5GB/49.1GB (98.7%)
2021-10-29T10:03:02.503+0000	[#######################.] benchmark.Twitter	48.5GB/49.1GB (98.8%)
2021-10-29T10:03:05.503+0000	[#######################.] benchmark.Twitter	48.6GB/49.1GB (98.9%)
2021-10-29T10:03:08.503+0000	[#######################.] benchmark.Twitter	48.6GB/49.1GB (99.0%)
2021-10-29T10:03:11.504+0000	[#######################.] benchmark.Twitter	48.7GB/49.1GB (99.1%)
2021-10-29T10:03:14.503+0000	[#######################.] benchmark.Twitter	48.8GB/49.1GB (99.2%)
2021-10-29T10:03:17.503+0000	[#######################.] benchmark.Twitter	48.8GB/49.1GB (99.4%)
2021-10-29T10:03:20.504+0000	[#######################.] benchmark.Twitter	48.9GB/49.1GB (99.5%)
2021-10-29T10:03:23.503+0000	[#######################.] benchmark.Twitter	48.9GB/49.1GB (99.6%)
2021-10-29T10:03:26.503+0000	[#######################.] benchmark.Twitter	49.0GB/49.1GB (99.7%)
2021-10-29T10:03:29.503+0000	[#######################.] benchmark.Twitter	49.0GB/49.1GB (99.8%)
2021-10-29T10:03:32.503+0000	[#######################.] benchmark.Twitter	49.1GB/49.1GB (99.9%)
2021-10-29T10:03:34.015+0000	[########################] benchmark.Twitter	49.1GB/49.1GB (100.0%)
2021-10-29T10:03:34.015+0000	13346336 document(s) imported successfully. 0 document(s) failed to import.
mongo-benchmark
MongoDB: 3842.51 s
mongo-benchmark
=== Found Postgres query file, executing Postgres queries ===
= File:'Twitter.json' =
13.4-alpine: Pulling from library/postgres
Digest: sha256:c170270dc9ba94f491375e366fa2cf46d0bc0027e4a69d70e6e9d1454ba748dc
Status: Image is up to date for postgres:13.4-alpine
bc688159012abb271ee5f21c7489d9a72bd2c7542af2f721237c8df8b1175346
3
PSQL: 8064.48 s
psql-benchmark
=== Found JQ query file, executing JQ queries ===
Sending build context to Docker daemon  112.1kB
Step 1/2 : FROM alpine
 ---> 14119a10abf4
Step 2/2 : RUN apk add --no-cache --upgrade bash jq
 ---> Using cache
 ---> 91ec4132b45e
Successfully built 91ec4132b45e
Successfully tagged nicotin/jq:05-10-2021
write /dev/stdout: broken pipe
0
JQ: 19575.5 s
jq-benchmark
=== Results ===
= JQ =
Overall: 19575.5
= JODA =
Overall: 119.987
Query Time: 63.1072
12.397016292
7.714786318
5.849475898
6.61070176
5.618059937
5.197657772
4.991603227
5.464892387
5.183235837
4.079815697
= Mongo =
Overall: 3842.51
186.145
158.201
162.056
174.004
65.895
74.181
83.204
83.711
84.295
91.664
Query Time: 1163.36
= PostgreSQL =
Overall: 8064.48
=== AGG Results ===
= JQ =
5073309
1985718
1423329
1253365
4467128
970479
434583
226865
79126
56933
= JODA =
13346336
5073309
1985718
1423329
1253365
4467128
970479
434583
226865
79126
56933
= Mongo =
5073309
1985718
1423329
1253365
4467128
970479
434583
226865
79126
56933
= PostgreSQL =
 5073309
 1985718
 1423329
 1253365
 4456547
 959898
 424002
 216709
 68970
 48900
