=== Found JODA query file, executing JODA queries ===
= File:'NoBench.json' =
0.12.3: Pulling from nicotin/joda
Digest: sha256:6c0c6b4a19967ae02ef348535acdb3eb8496453a8b868763c34370e10be0192f
Status: Image is up to date for nicotin/joda:0.12.3
5f9d246328b3b65761441b3912d5cafc254c3918bc075f19a465ac7ee1cc6c10
0
JODA: 1.38531 s
joda-benchmark
=== Found MongoDB query file, executing MongoDB queries ===
= File:'NoBench.json' =
5.0.3-focal: Pulling from library/mongo
Digest: sha256:f7c401402aa3e689fc42c7109247ab2d5a3e3b4b8a3ace4c2bf7a5fc74ca4917
Status: Image is up to date for mongo:5.0.3-focal
e5218b7028641c45eaf104464dd83cffe24bf55d3e2424c560f0c71da8d5a45e
2021-11-10T10:41:44.724+0000	connected to: mongodb://localhost/
2021-11-10T10:41:45.721+0000	10000 document(s) imported successfully. 0 document(s) failed to import.
mongo-benchmark
MongoDB: 3.30426 s
mongo-benchmark
=== Found Postgres query file, executing Postgres queries ===
= File:'NoBench.json' =
13.4-alpine: Pulling from library/postgres
Digest: sha256:c170270dc9ba94f491375e366fa2cf46d0bc0027e4a69d70e6e9d1454ba748dc
Status: Image is up to date for postgres:13.4-alpine
b386e4dffd719f82dcffb9d429e10fa9ca6a43acd3f435dddc8bc343e84e1a72
3
PSQL: 2.22824 s
psql-benchmark
=== Results ===
= JQ =
Overall: 
= JODA =
Overall: 1.38531
Query Time: 0.23181
0.029969605
0.028456266
0.027585102
0.024303404
0.021876983
0.023116171
0.023169992
0.021519312
0.016675442
0.015137695
= Mongo =
Overall: 3.30426
0.041
0.06
0.05
0.048
0.064
0.022
0.065
0.065
0.05
0.043
Query Time: 0.508
= PostgreSQL =
Overall: 2.22824
=== AGG Results ===
= JQ =

= JODA =
10000
2917
8011
2893
4117
1283
4994
627
142
49
23
= Mongo =
2917
8011
2893
4117
1283
4994
627
142
49
23
= PostgreSQL =
  2917
  8011
  2893
  4117
  1283
  4994
   627
   142
    49
    23
