=== Found JODA query file, executing JODA queries ===
= File:'Twitter.json' =
0.12.2: Pulling from nicotin/joda
Digest: sha256:f5e9052c3cc1af5f34dcaa9442d46f2baf40a6a1b6fc3a0d59558d49b5ec8fcf
Status: Image is up to date for nicotin/joda:0.12.2
7684edb699df2dbda195900f430d9b3dd9b9f3b6a84bd997664ceca3387e01ac
0
JODA: 113.289 s
joda-benchmark
=== Found MongoDB query file, executing MongoDB queries ===
= File:'Twitter.json' =
5.0.3-focal: Pulling from library/mongo
Digest: sha256:f7c401402aa3e689fc42c7109247ab2d5a3e3b4b8a3ace4c2bf7a5fc74ca4917
Status: Image is up to date for mongo:5.0.3-focal
c2052ec0a573cbb7232fa2f2f4fe31f7c8b00490fc4c9ec2c6e01e99f8fb5676
2021-10-29T18:05:53.104+0000	connected to: mongodb://localhost/
2021-10-29T18:05:56.104+0000	[........................] benchmark.Twitter	46.4MB/49.1GB (0.1%)
2021-10-29T18:05:59.105+0000	[........................] benchmark.Twitter	96.7MB/49.1GB (0.2%)
2021-10-29T18:06:02.104+0000	[........................] benchmark.Twitter	150MB/49.1GB (0.3%)
2021-10-29T18:06:05.104+0000	[........................] benchmark.Twitter	205MB/49.1GB (0.4%)
2021-10-29T18:06:08.104+0000	[........................] benchmark.Twitter	259MB/49.1GB (0.5%)
2021-10-29T18:06:11.105+0000	[........................] benchmark.Twitter	314MB/49.1GB (0.6%)
2021-10-29T18:06:14.104+0000	[........................] benchmark.Twitter	368MB/49.1GB (0.7%)
2021-10-29T18:06:17.104+0000	[........................] benchmark.Twitter	421MB/49.1GB (0.8%)
2021-10-29T18:06:20.104+0000	[........................] benchmark.Twitter	476MB/49.1GB (0.9%)
2021-10-29T18:06:23.104+0000	[........................] benchmark.Twitter	529MB/49.1GB (1.1%)
2021-10-29T18:06:26.104+0000	[........................] benchmark.Twitter	583MB/49.1GB (1.2%)
2021-10-29T18:06:29.104+0000	[........................] benchmark.Twitter	637MB/49.1GB (1.3%)
2021-10-29T18:06:32.104+0000	[........................] benchmark.Twitter	691MB/49.1GB (1.4%)
2021-10-29T18:06:35.104+0000	[........................] benchmark.Twitter	745MB/49.1GB (1.5%)
2021-10-29T18:06:38.104+0000	[........................] benchmark.Twitter	799MB/49.1GB (1.6%)
2021-10-29T18:06:41.104+0000	[........................] benchmark.Twitter	854MB/49.1GB (1.7%)
2021-10-29T18:06:44.104+0000	[........................] benchmark.Twitter	906MB/49.1GB (1.8%)
2021-10-29T18:06:47.104+0000	[........................] benchmark.Twitter	959MB/49.1GB (1.9%)
2021-10-29T18:06:50.104+0000	[........................] benchmark.Twitter	1013MB/49.1GB (2.0%)
2021-10-29T18:06:53.104+0000	[........................] benchmark.Twitter	1.04GB/49.1GB (2.1%)
2021-10-29T18:06:56.104+0000	[........................] benchmark.Twitter	1.10GB/49.1GB (2.2%)
2021-10-29T18:06:59.104+0000	[........................] benchmark.Twitter	1.15GB/49.1GB (2.3%)
2021-10-29T18:07:02.104+0000	[........................] benchmark.Twitter	1.20GB/49.1GB (2.4%)
2021-10-29T18:07:05.104+0000	[........................] benchmark.Twitter	1.25GB/49.1GB (2.6%)
2021-10-29T18:07:08.104+0000	[........................] benchmark.Twitter	1.31GB/49.1GB (2.7%)
2021-10-29T18:07:11.104+0000	[........................] benchmark.Twitter	1.36GB/49.1GB (2.8%)
2021-10-29T18:07:14.104+0000	[........................] benchmark.Twitter	1.41GB/49.1GB (2.9%)
2021-10-29T18:07:17.104+0000	[........................] benchmark.Twitter	1.46GB/49.1GB (3.0%)
2021-10-29T18:07:20.104+0000	[........................] benchmark.Twitter	1.52GB/49.1GB (3.1%)
2021-10-29T18:07:23.104+0000	[........................] benchmark.Twitter	1.57GB/49.1GB (3.2%)
2021-10-29T18:07:26.104+0000	[........................] benchmark.Twitter	1.62GB/49.1GB (3.3%)
2021-10-29T18:07:29.104+0000	[........................] benchmark.Twitter	1.67GB/49.1GB (3.4%)
2021-10-29T18:07:32.105+0000	[........................] benchmark.Twitter	1.72GB/49.1GB (3.5%)
2021-10-29T18:07:35.105+0000	[........................] benchmark.Twitter	1.77GB/49.1GB (3.6%)
2021-10-29T18:07:38.104+0000	[........................] benchmark.Twitter	1.83GB/49.1GB (3.7%)
2021-10-29T18:07:41.104+0000	[........................] benchmark.Twitter	1.88GB/49.1GB (3.8%)
2021-10-29T18:07:44.104+0000	[........................] benchmark.Twitter	1.93GB/49.1GB (3.9%)
2021-10-29T18:07:47.105+0000	[........................] benchmark.Twitter	1.98GB/49.1GB (4.0%)
2021-10-29T18:07:50.104+0000	[........................] benchmark.Twitter	2.03GB/49.1GB (4.1%)
2021-10-29T18:07:53.105+0000	[#.......................] benchmark.Twitter	2.07GB/49.1GB (4.2%)
2021-10-29T18:07:56.104+0000	[#.......................] benchmark.Twitter	2.11GB/49.1GB (4.3%)
2021-10-29T18:07:59.104+0000	[#.......................] benchmark.Twitter	2.16GB/49.1GB (4.4%)
2021-10-29T18:08:02.104+0000	[#.......................] benchmark.Twitter	2.21GB/49.1GB (4.5%)
2021-10-29T18:08:05.104+0000	[#.......................] benchmark.Twitter	2.25GB/49.1GB (4.6%)
2021-10-29T18:08:08.104+0000	[#.......................] benchmark.Twitter	2.30GB/49.1GB (4.7%)
2021-10-29T18:08:11.105+0000	[#.......................] benchmark.Twitter	2.34GB/49.1GB (4.8%)
2021-10-29T18:08:14.104+0000	[#.......................] benchmark.Twitter	2.40GB/49.1GB (4.9%)
2021-10-29T18:08:17.104+0000	[#.......................] benchmark.Twitter	2.45GB/49.1GB (5.0%)
2021-10-29T18:08:20.104+0000	[#.......................] benchmark.Twitter	2.50GB/49.1GB (5.1%)
2021-10-29T18:08:23.104+0000	[#.......................] benchmark.Twitter	2.55GB/49.1GB (5.2%)
2021-10-29T18:08:26.104+0000	[#.......................] benchmark.Twitter	2.61GB/49.1GB (5.3%)
2021-10-29T18:08:29.104+0000	[#.......................] benchmark.Twitter	2.66GB/49.1GB (5.4%)
2021-10-29T18:08:32.104+0000	[#.......................] benchmark.Twitter	2.71GB/49.1GB (5.5%)
2021-10-29T18:08:35.104+0000	[#.......................] benchmark.Twitter	2.77GB/49.1GB (5.6%)
2021-10-29T18:08:38.104+0000	[#.......................] benchmark.Twitter	2.82GB/49.1GB (5.7%)
2021-10-29T18:08:41.104+0000	[#.......................] benchmark.Twitter	2.87GB/49.1GB (5.8%)
2021-10-29T18:08:44.104+0000	[#.......................] benchmark.Twitter	2.93GB/49.1GB (6.0%)
2021-10-29T18:08:47.104+0000	[#.......................] benchmark.Twitter	2.98GB/49.1GB (6.1%)
2021-10-29T18:08:50.104+0000	[#.......................] benchmark.Twitter	3.03GB/49.1GB (6.2%)
2021-10-29T18:08:53.104+0000	[#.......................] benchmark.Twitter	3.09GB/49.1GB (6.3%)
2021-10-29T18:08:56.104+0000	[#.......................] benchmark.Twitter	3.14GB/49.1GB (6.4%)
2021-10-29T18:08:59.104+0000	[#.......................] benchmark.Twitter	3.19GB/49.1GB (6.5%)
2021-10-29T18:09:02.104+0000	[#.......................] benchmark.Twitter	3.25GB/49.1GB (6.6%)
2021-10-29T18:09:05.104+0000	[#.......................] benchmark.Twitter	3.30GB/49.1GB (6.7%)
2021-10-29T18:09:08.104+0000	[#.......................] benchmark.Twitter	3.35GB/49.1GB (6.8%)
2021-10-29T18:09:11.104+0000	[#.......................] benchmark.Twitter	3.41GB/49.1GB (6.9%)
2021-10-29T18:09:14.104+0000	[#.......................] benchmark.Twitter	3.46GB/49.1GB (7.0%)
2021-10-29T18:09:17.104+0000	[#.......................] benchmark.Twitter	3.51GB/49.1GB (7.2%)
2021-10-29T18:09:20.104+0000	[#.......................] benchmark.Twitter	3.57GB/49.1GB (7.3%)
2021-10-29T18:09:23.104+0000	[#.......................] benchmark.Twitter	3.62GB/49.1GB (7.4%)
2021-10-29T18:09:26.105+0000	[#.......................] benchmark.Twitter	3.67GB/49.1GB (7.5%)
2021-10-29T18:09:29.104+0000	[#.......................] benchmark.Twitter	3.73GB/49.1GB (7.6%)
2021-10-29T18:09:32.104+0000	[#.......................] benchmark.Twitter	3.78GB/49.1GB (7.7%)
2021-10-29T18:09:35.104+0000	[#.......................] benchmark.Twitter	3.83GB/49.1GB (7.8%)
2021-10-29T18:09:38.104+0000	[#.......................] benchmark.Twitter	3.89GB/49.1GB (7.9%)
2021-10-29T18:09:41.104+0000	[#.......................] benchmark.Twitter	3.94GB/49.1GB (8.0%)
2021-10-29T18:09:44.104+0000	[#.......................] benchmark.Twitter	3.99GB/49.1GB (8.1%)
2021-10-29T18:09:47.104+0000	[#.......................] benchmark.Twitter	4.05GB/49.1GB (8.2%)
2021-10-29T18:09:50.104+0000	[##......................] benchmark.Twitter	4.10GB/49.1GB (8.3%)
2021-10-29T18:09:53.105+0000	[##......................] benchmark.Twitter	4.15GB/49.1GB (8.5%)
2021-10-29T18:09:56.104+0000	[##......................] benchmark.Twitter	4.21GB/49.1GB (8.6%)
2021-10-29T18:09:59.104+0000	[##......................] benchmark.Twitter	4.26GB/49.1GB (8.7%)
2021-10-29T18:10:02.104+0000	[##......................] benchmark.Twitter	4.31GB/49.1GB (8.8%)
2021-10-29T18:10:05.104+0000	[##......................] benchmark.Twitter	4.37GB/49.1GB (8.9%)
2021-10-29T18:10:08.105+0000	[##......................] benchmark.Twitter	4.42GB/49.1GB (9.0%)
2021-10-29T18:10:11.105+0000	[##......................] benchmark.Twitter	4.48GB/49.1GB (9.1%)
2021-10-29T18:10:14.104+0000	[##......................] benchmark.Twitter	4.53GB/49.1GB (9.2%)
2021-10-29T18:10:17.105+0000	[##......................] benchmark.Twitter	4.58GB/49.1GB (9.3%)
2021-10-29T18:10:20.104+0000	[##......................] benchmark.Twitter	4.63GB/49.1GB (9.4%)
2021-10-29T18:10:23.104+0000	[##......................] benchmark.Twitter	4.69GB/49.1GB (9.5%)
2021-10-29T18:10:26.104+0000	[##......................] benchmark.Twitter	4.74GB/49.1GB (9.6%)
2021-10-29T18:10:29.104+0000	[##......................] benchmark.Twitter	4.79GB/49.1GB (9.8%)
2021-10-29T18:10:32.104+0000	[##......................] benchmark.Twitter	4.85GB/49.1GB (9.9%)
2021-10-29T18:10:35.104+0000	[##......................] benchmark.Twitter	4.90GB/49.1GB (10.0%)
2021-10-29T18:10:38.104+0000	[##......................] benchmark.Twitter	4.95GB/49.1GB (10.1%)
2021-10-29T18:10:41.105+0000	[##......................] benchmark.Twitter	5.01GB/49.1GB (10.2%)
2021-10-29T18:10:44.104+0000	[##......................] benchmark.Twitter	5.06GB/49.1GB (10.3%)
2021-10-29T18:10:47.104+0000	[##......................] benchmark.Twitter	5.11GB/49.1GB (10.4%)
2021-10-29T18:10:50.104+0000	[##......................] benchmark.Twitter	5.16GB/49.1GB (10.5%)
2021-10-29T18:10:53.104+0000	[##......................] benchmark.Twitter	5.22GB/49.1GB (10.6%)
2021-10-29T18:10:56.104+0000	[##......................] benchmark.Twitter	5.27GB/49.1GB (10.7%)
2021-10-29T18:10:59.105+0000	[##......................] benchmark.Twitter	5.32GB/49.1GB (10.8%)
2021-10-29T18:11:02.104+0000	[##......................] benchmark.Twitter	5.36GB/49.1GB (10.9%)
2021-10-29T18:11:05.105+0000	[##......................] benchmark.Twitter	5.40GB/49.1GB (11.0%)
2021-10-29T18:11:08.104+0000	[##......................] benchmark.Twitter	5.46GB/49.1GB (11.1%)
2021-10-29T18:11:11.104+0000	[##......................] benchmark.Twitter	5.50GB/49.1GB (11.2%)
2021-10-29T18:11:14.104+0000	[##......................] benchmark.Twitter	5.55GB/49.1GB (11.3%)
2021-10-29T18:11:17.104+0000	[##......................] benchmark.Twitter	5.60GB/49.1GB (11.4%)
2021-10-29T18:11:20.104+0000	[##......................] benchmark.Twitter	5.64GB/49.1GB (11.5%)
2021-10-29T18:11:23.104+0000	[##......................] benchmark.Twitter	5.69GB/49.1GB (11.6%)
2021-10-29T18:11:26.105+0000	[##......................] benchmark.Twitter	5.73GB/49.1GB (11.7%)
2021-10-29T18:11:29.104+0000	[##......................] benchmark.Twitter	5.78GB/49.1GB (11.8%)
2021-10-29T18:11:32.104+0000	[##......................] benchmark.Twitter	5.82GB/49.1GB (11.8%)
2021-10-29T18:11:35.104+0000	[##......................] benchmark.Twitter	5.86GB/49.1GB (11.9%)
2021-10-29T18:11:38.104+0000	[##......................] benchmark.Twitter	5.91GB/49.1GB (12.0%)
2021-10-29T18:11:41.104+0000	[##......................] benchmark.Twitter	5.96GB/49.1GB (12.1%)
2021-10-29T18:11:44.104+0000	[##......................] benchmark.Twitter	6.00GB/49.1GB (12.2%)
2021-10-29T18:11:47.104+0000	[##......................] benchmark.Twitter	6.06GB/49.1GB (12.3%)
2021-10-29T18:11:50.104+0000	[##......................] benchmark.Twitter	6.11GB/49.1GB (12.4%)
2021-10-29T18:11:53.104+0000	[###.....................] benchmark.Twitter	6.16GB/49.1GB (12.5%)
2021-10-29T18:11:56.105+0000	[###.....................] benchmark.Twitter	6.21GB/49.1GB (12.6%)
2021-10-29T18:11:59.104+0000	[###.....................] benchmark.Twitter	6.26GB/49.1GB (12.7%)
2021-10-29T18:12:02.104+0000	[###.....................] benchmark.Twitter	6.31GB/49.1GB (12.9%)
2021-10-29T18:12:05.104+0000	[###.....................] benchmark.Twitter	6.37GB/49.1GB (13.0%)
2021-10-29T18:12:08.104+0000	[###.....................] benchmark.Twitter	6.42GB/49.1GB (13.1%)
2021-10-29T18:12:11.104+0000	[###.....................] benchmark.Twitter	6.48GB/49.1GB (13.2%)
2021-10-29T18:12:14.104+0000	[###.....................] benchmark.Twitter	6.53GB/49.1GB (13.3%)
2021-10-29T18:12:17.104+0000	[###.....................] benchmark.Twitter	6.59GB/49.1GB (13.4%)
2021-10-29T18:12:20.105+0000	[###.....................] benchmark.Twitter	6.64GB/49.1GB (13.5%)
2021-10-29T18:12:23.104+0000	[###.....................] benchmark.Twitter	6.70GB/49.1GB (13.6%)
2021-10-29T18:12:26.104+0000	[###.....................] benchmark.Twitter	6.75GB/49.1GB (13.7%)
2021-10-29T18:12:29.105+0000	[###.....................] benchmark.Twitter	6.80GB/49.1GB (13.8%)
2021-10-29T18:12:32.104+0000	[###.....................] benchmark.Twitter	6.85GB/49.1GB (14.0%)
2021-10-29T18:12:35.104+0000	[###.....................] benchmark.Twitter	6.91GB/49.1GB (14.1%)
2021-10-29T18:12:38.104+0000	[###.....................] benchmark.Twitter	6.96GB/49.1GB (14.2%)
2021-10-29T18:12:41.105+0000	[###.....................] benchmark.Twitter	7.01GB/49.1GB (14.3%)
2021-10-29T18:12:44.104+0000	[###.....................] benchmark.Twitter	7.07GB/49.1GB (14.4%)
2021-10-29T18:12:47.104+0000	[###.....................] benchmark.Twitter	7.12GB/49.1GB (14.5%)
2021-10-29T18:12:50.104+0000	[###.....................] benchmark.Twitter	7.17GB/49.1GB (14.6%)
2021-10-29T18:12:53.104+0000	[###.....................] benchmark.Twitter	7.23GB/49.1GB (14.7%)
2021-10-29T18:12:56.105+0000	[###.....................] benchmark.Twitter	7.28GB/49.1GB (14.8%)
2021-10-29T18:12:59.104+0000	[###.....................] benchmark.Twitter	7.33GB/49.1GB (14.9%)
2021-10-29T18:13:02.104+0000	[###.....................] benchmark.Twitter	7.39GB/49.1GB (15.0%)
2021-10-29T18:13:05.104+0000	[###.....................] benchmark.Twitter	7.44GB/49.1GB (15.1%)
2021-10-29T18:13:08.104+0000	[###.....................] benchmark.Twitter	7.49GB/49.1GB (15.3%)
2021-10-29T18:13:11.104+0000	[###.....................] benchmark.Twitter	7.55GB/49.1GB (15.4%)
2021-10-29T18:13:14.104+0000	[###.....................] benchmark.Twitter	7.60GB/49.1GB (15.5%)
2021-10-29T18:13:17.104+0000	[###.....................] benchmark.Twitter	7.66GB/49.1GB (15.6%)
2021-10-29T18:13:20.104+0000	[###.....................] benchmark.Twitter	7.71GB/49.1GB (15.7%)
2021-10-29T18:13:23.104+0000	[###.....................] benchmark.Twitter	7.76GB/49.1GB (15.8%)
2021-10-29T18:13:26.104+0000	[###.....................] benchmark.Twitter	7.82GB/49.1GB (15.9%)
2021-10-29T18:13:29.105+0000	[###.....................] benchmark.Twitter	7.87GB/49.1GB (16.0%)
2021-10-29T18:13:32.104+0000	[###.....................] benchmark.Twitter	7.92GB/49.1GB (16.1%)
2021-10-29T18:13:35.105+0000	[###.....................] benchmark.Twitter	7.98GB/49.1GB (16.2%)
2021-10-29T18:13:38.104+0000	[###.....................] benchmark.Twitter	8.03GB/49.1GB (16.3%)
2021-10-29T18:13:41.104+0000	[###.....................] benchmark.Twitter	8.08GB/49.1GB (16.5%)
2021-10-29T18:13:44.104+0000	[###.....................] benchmark.Twitter	8.14GB/49.1GB (16.6%)
2021-10-29T18:13:47.104+0000	[####....................] benchmark.Twitter	8.19GB/49.1GB (16.7%)
2021-10-29T18:13:50.104+0000	[####....................] benchmark.Twitter	8.24GB/49.1GB (16.8%)
2021-10-29T18:13:53.104+0000	[####....................] benchmark.Twitter	8.30GB/49.1GB (16.9%)
2021-10-29T18:13:56.104+0000	[####....................] benchmark.Twitter	8.35GB/49.1GB (17.0%)
2021-10-29T18:13:59.104+0000	[####....................] benchmark.Twitter	8.40GB/49.1GB (17.1%)
2021-10-29T18:14:02.104+0000	[####....................] benchmark.Twitter	8.46GB/49.1GB (17.2%)
2021-10-29T18:14:05.104+0000	[####....................] benchmark.Twitter	8.51GB/49.1GB (17.3%)
2021-10-29T18:14:08.104+0000	[####....................] benchmark.Twitter	8.56GB/49.1GB (17.4%)
2021-10-29T18:14:11.104+0000	[####....................] benchmark.Twitter	8.61GB/49.1GB (17.5%)
2021-10-29T18:14:14.104+0000	[####....................] benchmark.Twitter	8.67GB/49.1GB (17.6%)
2021-10-29T18:14:17.104+0000	[####....................] benchmark.Twitter	8.72GB/49.1GB (17.8%)
2021-10-29T18:14:20.104+0000	[####....................] benchmark.Twitter	8.78GB/49.1GB (17.9%)
2021-10-29T18:14:23.104+0000	[####....................] benchmark.Twitter	8.83GB/49.1GB (18.0%)
2021-10-29T18:14:26.104+0000	[####....................] benchmark.Twitter	8.88GB/49.1GB (18.1%)
2021-10-29T18:14:29.104+0000	[####....................] benchmark.Twitter	8.92GB/49.1GB (18.2%)
2021-10-29T18:14:32.104+0000	[####....................] benchmark.Twitter	8.97GB/49.1GB (18.3%)
2021-10-29T18:14:35.105+0000	[####....................] benchmark.Twitter	9.01GB/49.1GB (18.3%)
2021-10-29T18:14:38.104+0000	[####....................] benchmark.Twitter	9.06GB/49.1GB (18.4%)
2021-10-29T18:14:41.104+0000	[####....................] benchmark.Twitter	9.10GB/49.1GB (18.5%)
2021-10-29T18:14:44.104+0000	[####....................] benchmark.Twitter	9.15GB/49.1GB (18.6%)
2021-10-29T18:14:47.104+0000	[####....................] benchmark.Twitter	9.19GB/49.1GB (18.7%)
2021-10-29T18:14:50.104+0000	[####....................] benchmark.Twitter	9.24GB/49.1GB (18.8%)
2021-10-29T18:14:53.105+0000	[####....................] benchmark.Twitter	9.28GB/49.1GB (18.9%)
2021-10-29T18:14:56.104+0000	[####....................] benchmark.Twitter	9.33GB/49.1GB (19.0%)
2021-10-29T18:14:59.104+0000	[####....................] benchmark.Twitter	9.37GB/49.1GB (19.1%)
2021-10-29T18:15:02.104+0000	[####....................] benchmark.Twitter	9.42GB/49.1GB (19.2%)
2021-10-29T18:15:05.104+0000	[####....................] benchmark.Twitter	9.46GB/49.1GB (19.2%)
2021-10-29T18:15:08.104+0000	[####....................] benchmark.Twitter	9.50GB/49.1GB (19.3%)
2021-10-29T18:15:11.104+0000	[####....................] benchmark.Twitter	9.55GB/49.1GB (19.4%)
2021-10-29T18:15:14.105+0000	[####....................] benchmark.Twitter	9.60GB/49.1GB (19.5%)
2021-10-29T18:15:17.104+0000	[####....................] benchmark.Twitter	9.65GB/49.1GB (19.6%)
2021-10-29T18:15:20.104+0000	[####....................] benchmark.Twitter	9.71GB/49.1GB (19.8%)
2021-10-29T18:15:23.104+0000	[####....................] benchmark.Twitter	9.76GB/49.1GB (19.9%)
2021-10-29T18:15:26.104+0000	[####....................] benchmark.Twitter	9.81GB/49.1GB (20.0%)
2021-10-29T18:15:29.104+0000	[####....................] benchmark.Twitter	9.87GB/49.1GB (20.1%)
2021-10-29T18:15:32.104+0000	[####....................] benchmark.Twitter	9.92GB/49.1GB (20.2%)
2021-10-29T18:15:35.104+0000	[####....................] benchmark.Twitter	9.97GB/49.1GB (20.3%)
2021-10-29T18:15:38.104+0000	[####....................] benchmark.Twitter	10.0GB/49.1GB (20.4%)
2021-10-29T18:15:41.104+0000	[####....................] benchmark.Twitter	10.1GB/49.1GB (20.5%)
2021-10-29T18:15:44.104+0000	[####....................] benchmark.Twitter	10.1GB/49.1GB (20.6%)
2021-10-29T18:15:47.104+0000	[####....................] benchmark.Twitter	10.2GB/49.1GB (20.7%)
2021-10-29T18:15:50.104+0000	[#####...................] benchmark.Twitter	10.2GB/49.1GB (20.8%)
2021-10-29T18:15:53.104+0000	[#####...................] benchmark.Twitter	10.3GB/49.1GB (21.0%)
2021-10-29T18:15:56.104+0000	[#####...................] benchmark.Twitter	10.3GB/49.1GB (21.1%)
2021-10-29T18:15:59.104+0000	[#####...................] benchmark.Twitter	10.4GB/49.1GB (21.2%)
2021-10-29T18:16:02.104+0000	[#####...................] benchmark.Twitter	10.5GB/49.1GB (21.3%)
2021-10-29T18:16:05.104+0000	[#####...................] benchmark.Twitter	10.5GB/49.1GB (21.4%)
2021-10-29T18:16:08.104+0000	[#####...................] benchmark.Twitter	10.6GB/49.1GB (21.5%)
2021-10-29T18:16:11.104+0000	[#####...................] benchmark.Twitter	10.6GB/49.1GB (21.6%)
2021-10-29T18:16:14.104+0000	[#####...................] benchmark.Twitter	10.7GB/49.1GB (21.7%)
2021-10-29T18:16:17.105+0000	[#####...................] benchmark.Twitter	10.7GB/49.1GB (21.8%)
2021-10-29T18:16:20.104+0000	[#####...................] benchmark.Twitter	10.8GB/49.1GB (21.9%)
2021-10-29T18:16:23.104+0000	[#####...................] benchmark.Twitter	10.8GB/49.1GB (22.1%)
2021-10-29T18:16:26.104+0000	[#####...................] benchmark.Twitter	10.9GB/49.1GB (22.2%)
2021-10-29T18:16:29.105+0000	[#####...................] benchmark.Twitter	10.9GB/49.1GB (22.3%)
2021-10-29T18:16:32.104+0000	[#####...................] benchmark.Twitter	11.0GB/49.1GB (22.4%)
2021-10-29T18:16:35.104+0000	[#####...................] benchmark.Twitter	11.1GB/49.1GB (22.5%)
2021-10-29T18:16:38.104+0000	[#####...................] benchmark.Twitter	11.1GB/49.1GB (22.6%)
2021-10-29T18:16:41.104+0000	[#####...................] benchmark.Twitter	11.2GB/49.1GB (22.7%)
2021-10-29T18:16:44.104+0000	[#####...................] benchmark.Twitter	11.2GB/49.1GB (22.8%)
2021-10-29T18:16:47.104+0000	[#####...................] benchmark.Twitter	11.3GB/49.1GB (22.9%)
2021-10-29T18:16:50.104+0000	[#####...................] benchmark.Twitter	11.3GB/49.1GB (23.0%)
2021-10-29T18:16:53.104+0000	[#####...................] benchmark.Twitter	11.4GB/49.1GB (23.1%)
2021-10-29T18:16:56.104+0000	[#####...................] benchmark.Twitter	11.4GB/49.1GB (23.3%)
2021-10-29T18:16:59.104+0000	[#####...................] benchmark.Twitter	11.5GB/49.1GB (23.4%)
2021-10-29T18:17:02.104+0000	[#####...................] benchmark.Twitter	11.5GB/49.1GB (23.5%)
2021-10-29T18:17:05.104+0000	[#####...................] benchmark.Twitter	11.6GB/49.1GB (23.6%)
2021-10-29T18:17:08.104+0000	[#####...................] benchmark.Twitter	11.6GB/49.1GB (23.7%)
2021-10-29T18:17:11.104+0000	[#####...................] benchmark.Twitter	11.7GB/49.1GB (23.8%)
2021-10-29T18:17:14.104+0000	[#####...................] benchmark.Twitter	11.8GB/49.1GB (23.9%)
2021-10-29T18:17:17.104+0000	[#####...................] benchmark.Twitter	11.8GB/49.1GB (24.0%)
2021-10-29T18:17:20.104+0000	[#####...................] benchmark.Twitter	11.9GB/49.1GB (24.1%)
2021-10-29T18:17:23.104+0000	[#####...................] benchmark.Twitter	11.9GB/49.1GB (24.2%)
2021-10-29T18:17:26.104+0000	[#####...................] benchmark.Twitter	12.0GB/49.1GB (24.4%)
2021-10-29T18:17:29.104+0000	[#####...................] benchmark.Twitter	12.0GB/49.1GB (24.5%)
2021-10-29T18:17:32.104+0000	[#####...................] benchmark.Twitter	12.1GB/49.1GB (24.5%)
2021-10-29T18:17:35.104+0000	[#####...................] benchmark.Twitter	12.1GB/49.1GB (24.6%)
2021-10-29T18:17:38.104+0000	[#####...................] benchmark.Twitter	12.2GB/49.1GB (24.7%)
2021-10-29T18:17:41.104+0000	[#####...................] benchmark.Twitter	12.2GB/49.1GB (24.8%)
2021-10-29T18:17:44.105+0000	[#####...................] benchmark.Twitter	12.2GB/49.1GB (24.9%)
2021-10-29T18:17:47.104+0000	[#####...................] benchmark.Twitter	12.3GB/49.1GB (25.0%)
2021-10-29T18:17:50.104+0000	[######..................] benchmark.Twitter	12.3GB/49.1GB (25.1%)
2021-10-29T18:17:53.104+0000	[######..................] benchmark.Twitter	12.4GB/49.1GB (25.2%)
2021-10-29T18:17:56.104+0000	[######..................] benchmark.Twitter	12.4GB/49.1GB (25.3%)
2021-10-29T18:17:59.104+0000	[######..................] benchmark.Twitter	12.4GB/49.1GB (25.3%)
2021-10-29T18:18:02.104+0000	[######..................] benchmark.Twitter	12.5GB/49.1GB (25.4%)
2021-10-29T18:18:05.104+0000	[######..................] benchmark.Twitter	12.6GB/49.1GB (25.5%)
2021-10-29T18:18:08.104+0000	[######..................] benchmark.Twitter	12.6GB/49.1GB (25.7%)
2021-10-29T18:18:11.104+0000	[######..................] benchmark.Twitter	12.7GB/49.1GB (25.8%)
2021-10-29T18:18:14.104+0000	[######..................] benchmark.Twitter	12.7GB/49.1GB (25.9%)
2021-10-29T18:18:17.104+0000	[######..................] benchmark.Twitter	12.8GB/49.1GB (26.0%)
2021-10-29T18:18:20.104+0000	[######..................] benchmark.Twitter	12.8GB/49.1GB (26.1%)
2021-10-29T18:18:23.104+0000	[######..................] benchmark.Twitter	12.9GB/49.1GB (26.2%)
2021-10-29T18:18:26.104+0000	[######..................] benchmark.Twitter	12.9GB/49.1GB (26.3%)
2021-10-29T18:18:29.104+0000	[######..................] benchmark.Twitter	13.0GB/49.1GB (26.4%)
2021-10-29T18:18:32.104+0000	[######..................] benchmark.Twitter	13.0GB/49.1GB (26.5%)
2021-10-29T18:18:35.104+0000	[######..................] benchmark.Twitter	13.1GB/49.1GB (26.6%)
2021-10-29T18:18:38.104+0000	[######..................] benchmark.Twitter	13.1GB/49.1GB (26.7%)
2021-10-29T18:18:41.104+0000	[######..................] benchmark.Twitter	13.2GB/49.1GB (26.8%)
2021-10-29T18:18:44.105+0000	[######..................] benchmark.Twitter	13.2GB/49.1GB (27.0%)
2021-10-29T18:18:47.104+0000	[######..................] benchmark.Twitter	13.3GB/49.1GB (27.1%)
2021-10-29T18:18:50.104+0000	[######..................] benchmark.Twitter	13.3GB/49.1GB (27.2%)
2021-10-29T18:18:53.104+0000	[######..................] benchmark.Twitter	13.4GB/49.1GB (27.3%)
2021-10-29T18:18:56.104+0000	[######..................] benchmark.Twitter	13.5GB/49.1GB (27.4%)
2021-10-29T18:18:59.104+0000	[######..................] benchmark.Twitter	13.5GB/49.1GB (27.5%)
2021-10-29T18:19:02.104+0000	[######..................] benchmark.Twitter	13.6GB/49.1GB (27.6%)
2021-10-29T18:19:05.104+0000	[######..................] benchmark.Twitter	13.6GB/49.1GB (27.7%)
2021-10-29T18:19:08.104+0000	[######..................] benchmark.Twitter	13.7GB/49.1GB (27.8%)
2021-10-29T18:19:11.104+0000	[######..................] benchmark.Twitter	13.7GB/49.1GB (27.9%)
2021-10-29T18:19:14.104+0000	[######..................] benchmark.Twitter	13.8GB/49.1GB (28.0%)
2021-10-29T18:19:17.104+0000	[######..................] benchmark.Twitter	13.8GB/49.1GB (28.1%)
2021-10-29T18:19:20.104+0000	[######..................] benchmark.Twitter	13.9GB/49.1GB (28.3%)
2021-10-29T18:19:23.104+0000	[######..................] benchmark.Twitter	13.9GB/49.1GB (28.4%)
2021-10-29T18:19:26.104+0000	[######..................] benchmark.Twitter	14.0GB/49.1GB (28.5%)
2021-10-29T18:19:29.104+0000	[######..................] benchmark.Twitter	14.0GB/49.1GB (28.6%)
2021-10-29T18:19:32.104+0000	[######..................] benchmark.Twitter	14.1GB/49.1GB (28.7%)
2021-10-29T18:19:35.104+0000	[######..................] benchmark.Twitter	14.2GB/49.1GB (28.8%)
2021-10-29T18:19:38.104+0000	[######..................] benchmark.Twitter	14.2GB/49.1GB (28.9%)
2021-10-29T18:19:41.104+0000	[######..................] benchmark.Twitter	14.3GB/49.1GB (29.0%)
2021-10-29T18:19:44.104+0000	[######..................] benchmark.Twitter	14.3GB/49.1GB (29.1%)
2021-10-29T18:19:47.104+0000	[#######.................] benchmark.Twitter	14.4GB/49.1GB (29.2%)
2021-10-29T18:19:50.104+0000	[#######.................] benchmark.Twitter	14.4GB/49.1GB (29.4%)
2021-10-29T18:19:53.104+0000	[#######.................] benchmark.Twitter	14.5GB/49.1GB (29.5%)
2021-10-29T18:19:56.104+0000	[#######.................] benchmark.Twitter	14.5GB/49.1GB (29.6%)
2021-10-29T18:19:59.104+0000	[#######.................] benchmark.Twitter	14.6GB/49.1GB (29.7%)
2021-10-29T18:20:02.104+0000	[#######.................] benchmark.Twitter	14.6GB/49.1GB (29.8%)
2021-10-29T18:20:05.104+0000	[#######.................] benchmark.Twitter	14.7GB/49.1GB (29.9%)
2021-10-29T18:20:08.104+0000	[#######.................] benchmark.Twitter	14.7GB/49.1GB (30.0%)
2021-10-29T18:20:11.104+0000	[#######.................] benchmark.Twitter	14.8GB/49.1GB (30.1%)
2021-10-29T18:20:14.104+0000	[#######.................] benchmark.Twitter	14.8GB/49.1GB (30.2%)
2021-10-29T18:20:17.104+0000	[#######.................] benchmark.Twitter	14.9GB/49.1GB (30.3%)
2021-10-29T18:20:20.104+0000	[#######.................] benchmark.Twitter	14.9GB/49.1GB (30.4%)
2021-10-29T18:20:23.104+0000	[#######.................] benchmark.Twitter	15.0GB/49.1GB (30.5%)
2021-10-29T18:20:26.104+0000	[#######.................] benchmark.Twitter	15.1GB/49.1GB (30.6%)
2021-10-29T18:20:29.104+0000	[#######.................] benchmark.Twitter	15.1GB/49.1GB (30.7%)
2021-10-29T18:20:32.104+0000	[#######.................] benchmark.Twitter	15.1GB/49.1GB (30.8%)
2021-10-29T18:20:35.104+0000	[#######.................] benchmark.Twitter	15.2GB/49.1GB (30.9%)
2021-10-29T18:20:38.104+0000	[#######.................] benchmark.Twitter	15.2GB/49.1GB (31.0%)
2021-10-29T18:20:41.104+0000	[#######.................] benchmark.Twitter	15.3GB/49.1GB (31.1%)
2021-10-29T18:20:44.104+0000	[#######.................] benchmark.Twitter	15.3GB/49.1GB (31.2%)
2021-10-29T18:20:47.104+0000	[#######.................] benchmark.Twitter	15.4GB/49.1GB (31.3%)
2021-10-29T18:20:50.104+0000	[#######.................] benchmark.Twitter	15.4GB/49.1GB (31.4%)
2021-10-29T18:20:53.104+0000	[#######.................] benchmark.Twitter	15.5GB/49.1GB (31.5%)
2021-10-29T18:20:56.105+0000	[#######.................] benchmark.Twitter	15.5GB/49.1GB (31.6%)
2021-10-29T18:20:59.104+0000	[#######.................] benchmark.Twitter	15.6GB/49.1GB (31.7%)
2021-10-29T18:21:02.105+0000	[#######.................] benchmark.Twitter	15.6GB/49.1GB (31.8%)
2021-10-29T18:21:05.104+0000	[#######.................] benchmark.Twitter	15.7GB/49.1GB (31.9%)
2021-10-29T18:21:08.104+0000	[#######.................] benchmark.Twitter	15.7GB/49.1GB (32.0%)
2021-10-29T18:21:11.104+0000	[#######.................] benchmark.Twitter	15.8GB/49.1GB (32.1%)
2021-10-29T18:21:14.105+0000	[#######.................] benchmark.Twitter	15.8GB/49.1GB (32.2%)
2021-10-29T18:21:17.105+0000	[#######.................] benchmark.Twitter	15.9GB/49.1GB (32.3%)
2021-10-29T18:21:20.104+0000	[#######.................] benchmark.Twitter	15.9GB/49.1GB (32.4%)
2021-10-29T18:21:23.104+0000	[#######.................] benchmark.Twitter	16.0GB/49.1GB (32.5%)
2021-10-29T18:21:26.104+0000	[#######.................] benchmark.Twitter	16.0GB/49.1GB (32.6%)
2021-10-29T18:21:29.104+0000	[#######.................] benchmark.Twitter	16.1GB/49.1GB (32.7%)
2021-10-29T18:21:32.104+0000	[#######.................] benchmark.Twitter	16.1GB/49.1GB (32.8%)
2021-10-29T18:21:35.104+0000	[#######.................] benchmark.Twitter	16.2GB/49.1GB (32.9%)
2021-10-29T18:21:38.104+0000	[#######.................] benchmark.Twitter	16.2GB/49.1GB (33.1%)
2021-10-29T18:21:41.104+0000	[#######.................] benchmark.Twitter	16.3GB/49.1GB (33.2%)
2021-10-29T18:21:44.104+0000	[#######.................] benchmark.Twitter	16.4GB/49.1GB (33.3%)
2021-10-29T18:21:47.104+0000	[########................] benchmark.Twitter	16.4GB/49.1GB (33.4%)
2021-10-29T18:21:50.104+0000	[########................] benchmark.Twitter	16.5GB/49.1GB (33.5%)
2021-10-29T18:21:53.104+0000	[########................] benchmark.Twitter	16.5GB/49.1GB (33.6%)
2021-10-29T18:21:56.104+0000	[########................] benchmark.Twitter	16.6GB/49.1GB (33.7%)
2021-10-29T18:21:59.104+0000	[########................] benchmark.Twitter	16.6GB/49.1GB (33.8%)
2021-10-29T18:22:02.104+0000	[########................] benchmark.Twitter	16.7GB/49.1GB (33.9%)
2021-10-29T18:22:05.104+0000	[########................] benchmark.Twitter	16.7GB/49.1GB (34.0%)
2021-10-29T18:22:08.104+0000	[########................] benchmark.Twitter	16.8GB/49.1GB (34.2%)
2021-10-29T18:22:11.104+0000	[########................] benchmark.Twitter	16.8GB/49.1GB (34.3%)
2021-10-29T18:22:14.104+0000	[########................] benchmark.Twitter	16.9GB/49.1GB (34.4%)
2021-10-29T18:22:17.105+0000	[########................] benchmark.Twitter	16.9GB/49.1GB (34.5%)
2021-10-29T18:22:20.104+0000	[########................] benchmark.Twitter	17.0GB/49.1GB (34.6%)
2021-10-29T18:22:23.104+0000	[########................] benchmark.Twitter	17.0GB/49.1GB (34.7%)
2021-10-29T18:22:26.104+0000	[########................] benchmark.Twitter	17.1GB/49.1GB (34.8%)
2021-10-29T18:22:29.104+0000	[########................] benchmark.Twitter	17.1GB/49.1GB (34.9%)
2021-10-29T18:22:32.104+0000	[########................] benchmark.Twitter	17.2GB/49.1GB (35.0%)
2021-10-29T18:22:35.105+0000	[########................] benchmark.Twitter	17.2GB/49.1GB (35.1%)
2021-10-29T18:22:38.104+0000	[########................] benchmark.Twitter	17.3GB/49.1GB (35.2%)
2021-10-29T18:22:41.104+0000	[########................] benchmark.Twitter	17.4GB/49.1GB (35.3%)
2021-10-29T18:22:44.104+0000	[########................] benchmark.Twitter	17.4GB/49.1GB (35.4%)
2021-10-29T18:22:47.104+0000	[########................] benchmark.Twitter	17.5GB/49.1GB (35.5%)
2021-10-29T18:22:50.104+0000	[########................] benchmark.Twitter	17.5GB/49.1GB (35.7%)
2021-10-29T18:22:53.104+0000	[########................] benchmark.Twitter	17.6GB/49.1GB (35.8%)
2021-10-29T18:22:56.104+0000	[########................] benchmark.Twitter	17.6GB/49.1GB (35.9%)
2021-10-29T18:22:59.104+0000	[########................] benchmark.Twitter	17.7GB/49.1GB (36.0%)
2021-10-29T18:23:02.104+0000	[########................] benchmark.Twitter	17.7GB/49.1GB (36.1%)
2021-10-29T18:23:05.104+0000	[########................] benchmark.Twitter	17.8GB/49.1GB (36.2%)
2021-10-29T18:23:08.104+0000	[########................] benchmark.Twitter	17.8GB/49.1GB (36.3%)
2021-10-29T18:23:11.104+0000	[########................] benchmark.Twitter	17.9GB/49.1GB (36.4%)
2021-10-29T18:23:14.104+0000	[########................] benchmark.Twitter	17.9GB/49.1GB (36.5%)
2021-10-29T18:23:17.105+0000	[########................] benchmark.Twitter	18.0GB/49.1GB (36.6%)
2021-10-29T18:23:20.104+0000	[########................] benchmark.Twitter	18.0GB/49.1GB (36.7%)
2021-10-29T18:23:23.104+0000	[########................] benchmark.Twitter	18.1GB/49.1GB (36.8%)
2021-10-29T18:23:26.104+0000	[########................] benchmark.Twitter	18.1GB/49.1GB (36.9%)
2021-10-29T18:23:29.104+0000	[########................] benchmark.Twitter	18.2GB/49.1GB (37.0%)
2021-10-29T18:23:32.105+0000	[########................] benchmark.Twitter	18.2GB/49.1GB (37.0%)
2021-10-29T18:23:35.104+0000	[########................] benchmark.Twitter	18.2GB/49.1GB (37.1%)
2021-10-29T18:23:38.104+0000	[########................] benchmark.Twitter	18.3GB/49.1GB (37.2%)
2021-10-29T18:23:41.104+0000	[########................] benchmark.Twitter	18.3GB/49.1GB (37.3%)
2021-10-29T18:23:44.105+0000	[########................] benchmark.Twitter	18.4GB/49.1GB (37.4%)
2021-10-29T18:23:47.104+0000	[########................] benchmark.Twitter	18.4GB/49.1GB (37.5%)
2021-10-29T18:23:50.105+0000	[#########...............] benchmark.Twitter	18.5GB/49.1GB (37.6%)
2021-10-29T18:23:53.104+0000	[#########...............] benchmark.Twitter	18.5GB/49.1GB (37.7%)
2021-10-29T18:23:56.104+0000	[#########...............] benchmark.Twitter	18.6GB/49.1GB (37.8%)
2021-10-29T18:23:59.104+0000	[#########...............] benchmark.Twitter	18.6GB/49.1GB (37.9%)
2021-10-29T18:24:02.105+0000	[#########...............] benchmark.Twitter	18.7GB/49.1GB (38.0%)
2021-10-29T18:24:05.104+0000	[#########...............] benchmark.Twitter	18.7GB/49.1GB (38.1%)
2021-10-29T18:24:08.104+0000	[#########...............] benchmark.Twitter	18.8GB/49.1GB (38.2%)
2021-10-29T18:24:11.104+0000	[#########...............] benchmark.Twitter	18.8GB/49.1GB (38.3%)
2021-10-29T18:24:14.104+0000	[#########...............] benchmark.Twitter	18.9GB/49.1GB (38.4%)
2021-10-29T18:24:17.104+0000	[#########...............] benchmark.Twitter	18.9GB/49.1GB (38.5%)
2021-10-29T18:24:20.104+0000	[#########...............] benchmark.Twitter	19.0GB/49.1GB (38.7%)
2021-10-29T18:24:23.104+0000	[#########...............] benchmark.Twitter	19.0GB/49.1GB (38.8%)
2021-10-29T18:24:26.104+0000	[#########...............] benchmark.Twitter	19.1GB/49.1GB (38.9%)
2021-10-29T18:24:29.104+0000	[#########...............] benchmark.Twitter	19.1GB/49.1GB (39.0%)
2021-10-29T18:24:32.104+0000	[#########...............] benchmark.Twitter	19.2GB/49.1GB (39.1%)
2021-10-29T18:24:35.104+0000	[#########...............] benchmark.Twitter	19.2GB/49.1GB (39.2%)
2021-10-29T18:24:38.104+0000	[#########...............] benchmark.Twitter	19.3GB/49.1GB (39.3%)
2021-10-29T18:24:41.104+0000	[#########...............] benchmark.Twitter	19.4GB/49.1GB (39.4%)
2021-10-29T18:24:44.104+0000	[#########...............] benchmark.Twitter	19.4GB/49.1GB (39.5%)
2021-10-29T18:24:47.104+0000	[#########...............] benchmark.Twitter	19.5GB/49.1GB (39.6%)
2021-10-29T18:24:50.104+0000	[#########...............] benchmark.Twitter	19.5GB/49.1GB (39.7%)
2021-10-29T18:24:53.104+0000	[#########...............] benchmark.Twitter	19.6GB/49.1GB (39.8%)
2021-10-29T18:24:56.104+0000	[#########...............] benchmark.Twitter	19.6GB/49.1GB (39.9%)
2021-10-29T18:24:59.104+0000	[#########...............] benchmark.Twitter	19.7GB/49.1GB (40.0%)
2021-10-29T18:25:02.104+0000	[#########...............] benchmark.Twitter	19.7GB/49.1GB (40.1%)
2021-10-29T18:25:05.104+0000	[#########...............] benchmark.Twitter	19.8GB/49.1GB (40.2%)
2021-10-29T18:25:08.105+0000	[#########...............] benchmark.Twitter	19.8GB/49.1GB (40.3%)
2021-10-29T18:25:11.104+0000	[#########...............] benchmark.Twitter	19.9GB/49.1GB (40.5%)
2021-10-29T18:25:14.104+0000	[#########...............] benchmark.Twitter	19.9GB/49.1GB (40.6%)
2021-10-29T18:25:17.104+0000	[#########...............] benchmark.Twitter	20.0GB/49.1GB (40.7%)
2021-10-29T18:25:20.104+0000	[#########...............] benchmark.Twitter	20.0GB/49.1GB (40.8%)
2021-10-29T18:25:23.104+0000	[#########...............] benchmark.Twitter	20.1GB/49.1GB (40.9%)
2021-10-29T18:25:26.104+0000	[#########...............] benchmark.Twitter	20.1GB/49.1GB (41.0%)
2021-10-29T18:25:29.105+0000	[#########...............] benchmark.Twitter	20.2GB/49.1GB (41.0%)
2021-10-29T18:25:32.104+0000	[#########...............] benchmark.Twitter	20.2GB/49.1GB (41.1%)
2021-10-29T18:25:35.104+0000	[#########...............] benchmark.Twitter	20.2GB/49.1GB (41.2%)
2021-10-29T18:25:38.104+0000	[#########...............] benchmark.Twitter	20.3GB/49.1GB (41.3%)
2021-10-29T18:25:41.104+0000	[#########...............] benchmark.Twitter	20.3GB/49.1GB (41.4%)
2021-10-29T18:25:44.104+0000	[#########...............] benchmark.Twitter	20.4GB/49.1GB (41.5%)
2021-10-29T18:25:47.104+0000	[#########...............] benchmark.Twitter	20.4GB/49.1GB (41.6%)
2021-10-29T18:25:50.104+0000	[#########...............] benchmark.Twitter	20.5GB/49.1GB (41.7%)
2021-10-29T18:25:53.104+0000	[##########..............] benchmark.Twitter	20.5GB/49.1GB (41.8%)
2021-10-29T18:25:56.104+0000	[##########..............] benchmark.Twitter	20.6GB/49.1GB (41.9%)
2021-10-29T18:25:59.104+0000	[##########..............] benchmark.Twitter	20.6GB/49.1GB (42.0%)
2021-10-29T18:26:02.105+0000	[##########..............] benchmark.Twitter	20.7GB/49.1GB (42.1%)
2021-10-29T18:26:05.104+0000	[##########..............] benchmark.Twitter	20.7GB/49.1GB (42.2%)
2021-10-29T18:26:08.104+0000	[##########..............] benchmark.Twitter	20.8GB/49.1GB (42.3%)
2021-10-29T18:26:11.104+0000	[##########..............] benchmark.Twitter	20.8GB/49.1GB (42.4%)
2021-10-29T18:26:14.104+0000	[##########..............] benchmark.Twitter	20.9GB/49.1GB (42.5%)
2021-10-29T18:26:17.105+0000	[##########..............] benchmark.Twitter	20.9GB/49.1GB (42.6%)
2021-10-29T18:26:20.104+0000	[##########..............] benchmark.Twitter	21.0GB/49.1GB (42.7%)
2021-10-29T18:26:23.104+0000	[##########..............] benchmark.Twitter	21.1GB/49.1GB (42.8%)
2021-10-29T18:26:26.105+0000	[##########..............] benchmark.Twitter	21.1GB/49.1GB (43.0%)
2021-10-29T18:26:29.104+0000	[##########..............] benchmark.Twitter	21.2GB/49.1GB (43.1%)
2021-10-29T18:26:32.104+0000	[##########..............] benchmark.Twitter	21.2GB/49.1GB (43.2%)
2021-10-29T18:26:35.104+0000	[##########..............] benchmark.Twitter	21.3GB/49.1GB (43.3%)
2021-10-29T18:26:38.104+0000	[##########..............] benchmark.Twitter	21.3GB/49.1GB (43.4%)
2021-10-29T18:26:41.104+0000	[##########..............] benchmark.Twitter	21.4GB/49.1GB (43.5%)
2021-10-29T18:26:44.104+0000	[##########..............] benchmark.Twitter	21.4GB/49.1GB (43.6%)
2021-10-29T18:26:47.104+0000	[##########..............] benchmark.Twitter	21.5GB/49.1GB (43.7%)
2021-10-29T18:26:50.104+0000	[##########..............] benchmark.Twitter	21.5GB/49.1GB (43.8%)
2021-10-29T18:26:53.104+0000	[##########..............] benchmark.Twitter	21.6GB/49.1GB (43.9%)
2021-10-29T18:26:56.105+0000	[##########..............] benchmark.Twitter	21.6GB/49.1GB (44.0%)
2021-10-29T18:26:59.104+0000	[##########..............] benchmark.Twitter	21.7GB/49.1GB (44.1%)
2021-10-29T18:27:02.105+0000	[##########..............] benchmark.Twitter	21.7GB/49.1GB (44.2%)
2021-10-29T18:27:05.104+0000	[##########..............] benchmark.Twitter	21.8GB/49.1GB (44.4%)
2021-10-29T18:27:08.104+0000	[##########..............] benchmark.Twitter	21.8GB/49.1GB (44.5%)
2021-10-29T18:27:11.104+0000	[##########..............] benchmark.Twitter	21.9GB/49.1GB (44.6%)
2021-10-29T18:27:14.104+0000	[##########..............] benchmark.Twitter	21.9GB/49.1GB (44.7%)
2021-10-29T18:27:17.104+0000	[##########..............] benchmark.Twitter	22.0GB/49.1GB (44.8%)
2021-10-29T18:27:20.104+0000	[##########..............] benchmark.Twitter	22.1GB/49.1GB (44.9%)
2021-10-29T18:27:23.104+0000	[##########..............] benchmark.Twitter	22.1GB/49.1GB (45.0%)
2021-10-29T18:27:26.104+0000	[##########..............] benchmark.Twitter	22.2GB/49.1GB (45.1%)
2021-10-29T18:27:29.104+0000	[##########..............] benchmark.Twitter	22.2GB/49.1GB (45.2%)
2021-10-29T18:27:32.104+0000	[##########..............] benchmark.Twitter	22.3GB/49.1GB (45.3%)
2021-10-29T18:27:35.104+0000	[##########..............] benchmark.Twitter	22.3GB/49.1GB (45.4%)
2021-10-29T18:27:38.104+0000	[##########..............] benchmark.Twitter	22.4GB/49.1GB (45.5%)
2021-10-29T18:27:41.104+0000	[##########..............] benchmark.Twitter	22.4GB/49.1GB (45.6%)
2021-10-29T18:27:44.104+0000	[##########..............] benchmark.Twitter	22.5GB/49.1GB (45.7%)
2021-10-29T18:27:47.104+0000	[###########.............] benchmark.Twitter	22.5GB/49.1GB (45.9%)
2021-10-29T18:27:50.104+0000	[###########.............] benchmark.Twitter	22.6GB/49.1GB (46.0%)
2021-10-29T18:27:53.104+0000	[###########.............] benchmark.Twitter	22.6GB/49.1GB (46.1%)
2021-10-29T18:27:56.104+0000	[###########.............] benchmark.Twitter	22.7GB/49.1GB (46.2%)
2021-10-29T18:27:59.104+0000	[###########.............] benchmark.Twitter	22.7GB/49.1GB (46.3%)
2021-10-29T18:28:02.104+0000	[###########.............] benchmark.Twitter	22.8GB/49.1GB (46.4%)
2021-10-29T18:28:05.104+0000	[###########.............] benchmark.Twitter	22.9GB/49.1GB (46.5%)
2021-10-29T18:28:08.104+0000	[###########.............] benchmark.Twitter	22.9GB/49.1GB (46.6%)
2021-10-29T18:28:11.105+0000	[###########.............] benchmark.Twitter	23.0GB/49.1GB (46.7%)
2021-10-29T18:28:14.104+0000	[###########.............] benchmark.Twitter	23.0GB/49.1GB (46.8%)
2021-10-29T18:28:17.104+0000	[###########.............] benchmark.Twitter	23.1GB/49.1GB (46.9%)
2021-10-29T18:28:20.104+0000	[###########.............] benchmark.Twitter	23.1GB/49.1GB (47.0%)
2021-10-29T18:28:23.104+0000	[###########.............] benchmark.Twitter	23.2GB/49.1GB (47.2%)
2021-10-29T18:28:26.104+0000	[###########.............] benchmark.Twitter	23.2GB/49.1GB (47.3%)
2021-10-29T18:28:29.104+0000	[###########.............] benchmark.Twitter	23.3GB/49.1GB (47.4%)
2021-10-29T18:28:32.109+0000	[###########.............] benchmark.Twitter	23.3GB/49.1GB (47.5%)
2021-10-29T18:28:35.104+0000	[###########.............] benchmark.Twitter	23.4GB/49.1GB (47.6%)
2021-10-29T18:28:38.104+0000	[###########.............] benchmark.Twitter	23.4GB/49.1GB (47.7%)
2021-10-29T18:28:41.104+0000	[###########.............] benchmark.Twitter	23.5GB/49.1GB (47.8%)
2021-10-29T18:28:44.104+0000	[###########.............] benchmark.Twitter	23.5GB/49.1GB (47.9%)
2021-10-29T18:28:47.104+0000	[###########.............] benchmark.Twitter	23.6GB/49.1GB (48.0%)
2021-10-29T18:28:50.104+0000	[###########.............] benchmark.Twitter	23.6GB/49.1GB (48.1%)
2021-10-29T18:28:53.104+0000	[###########.............] benchmark.Twitter	23.7GB/49.1GB (48.2%)
2021-10-29T18:28:56.104+0000	[###########.............] benchmark.Twitter	23.7GB/49.1GB (48.3%)
2021-10-29T18:28:59.104+0000	[###########.............] benchmark.Twitter	23.8GB/49.1GB (48.4%)
2021-10-29T18:29:02.104+0000	[###########.............] benchmark.Twitter	23.8GB/49.1GB (48.5%)
2021-10-29T18:29:05.104+0000	[###########.............] benchmark.Twitter	23.9GB/49.1GB (48.6%)
2021-10-29T18:29:08.104+0000	[###########.............] benchmark.Twitter	23.9GB/49.1GB (48.7%)
2021-10-29T18:29:11.104+0000	[###########.............] benchmark.Twitter	24.0GB/49.1GB (48.8%)
2021-10-29T18:29:14.104+0000	[###########.............] benchmark.Twitter	24.0GB/49.1GB (48.9%)
2021-10-29T18:29:17.104+0000	[###########.............] benchmark.Twitter	24.1GB/49.1GB (49.0%)
2021-10-29T18:29:20.104+0000	[###########.............] benchmark.Twitter	24.1GB/49.1GB (49.1%)
2021-10-29T18:29:23.104+0000	[###########.............] benchmark.Twitter	24.1GB/49.1GB (49.2%)
2021-10-29T18:29:26.104+0000	[###########.............] benchmark.Twitter	24.2GB/49.1GB (49.2%)
2021-10-29T18:29:29.104+0000	[###########.............] benchmark.Twitter	24.2GB/49.1GB (49.3%)
2021-10-29T18:29:32.104+0000	[###########.............] benchmark.Twitter	24.3GB/49.1GB (49.4%)
2021-10-29T18:29:35.104+0000	[###########.............] benchmark.Twitter	24.3GB/49.1GB (49.5%)
2021-10-29T18:29:38.104+0000	[###########.............] benchmark.Twitter	24.4GB/49.1GB (49.6%)
2021-10-29T18:29:41.105+0000	[###########.............] benchmark.Twitter	24.4GB/49.1GB (49.7%)
2021-10-29T18:29:44.104+0000	[###########.............] benchmark.Twitter	24.5GB/49.1GB (49.8%)
2021-10-29T18:29:47.104+0000	[###########.............] benchmark.Twitter	24.5GB/49.1GB (49.9%)
2021-10-29T18:29:50.104+0000	[###########.............] benchmark.Twitter	24.6GB/49.1GB (50.0%)
2021-10-29T18:29:53.104+0000	[############............] benchmark.Twitter	24.6GB/49.1GB (50.1%)
2021-10-29T18:29:56.104+0000	[############............] benchmark.Twitter	24.7GB/49.1GB (50.2%)
2021-10-29T18:29:59.104+0000	[############............] benchmark.Twitter	24.7GB/49.1GB (50.3%)
2021-10-29T18:30:02.105+0000	[############............] benchmark.Twitter	24.8GB/49.1GB (50.4%)
2021-10-29T18:30:05.104+0000	[############............] benchmark.Twitter	24.8GB/49.1GB (50.5%)
2021-10-29T18:30:08.104+0000	[############............] benchmark.Twitter	24.9GB/49.1GB (50.6%)
2021-10-29T18:30:11.105+0000	[############............] benchmark.Twitter	24.9GB/49.1GB (50.7%)
2021-10-29T18:30:14.104+0000	[############............] benchmark.Twitter	25.0GB/49.1GB (50.9%)
2021-10-29T18:30:17.104+0000	[############............] benchmark.Twitter	25.0GB/49.1GB (51.0%)
2021-10-29T18:30:20.104+0000	[############............] benchmark.Twitter	25.1GB/49.1GB (51.1%)
2021-10-29T18:30:23.104+0000	[############............] benchmark.Twitter	25.1GB/49.1GB (51.2%)
2021-10-29T18:30:26.105+0000	[############............] benchmark.Twitter	25.2GB/49.1GB (51.3%)
2021-10-29T18:30:29.105+0000	[############............] benchmark.Twitter	25.2GB/49.1GB (51.4%)
2021-10-29T18:30:32.105+0000	[############............] benchmark.Twitter	25.3GB/49.1GB (51.5%)
2021-10-29T18:30:35.104+0000	[############............] benchmark.Twitter	25.4GB/49.1GB (51.6%)
2021-10-29T18:30:38.104+0000	[############............] benchmark.Twitter	25.4GB/49.1GB (51.7%)
2021-10-29T18:30:41.104+0000	[############............] benchmark.Twitter	25.5GB/49.1GB (51.8%)
2021-10-29T18:30:44.104+0000	[############............] benchmark.Twitter	25.5GB/49.1GB (51.9%)
2021-10-29T18:30:47.104+0000	[############............] benchmark.Twitter	25.6GB/49.1GB (52.0%)
2021-10-29T18:30:50.105+0000	[############............] benchmark.Twitter	25.6GB/49.1GB (52.2%)
2021-10-29T18:30:53.104+0000	[############............] benchmark.Twitter	25.7GB/49.1GB (52.3%)
2021-10-29T18:30:56.104+0000	[############............] benchmark.Twitter	25.7GB/49.1GB (52.4%)
2021-10-29T18:30:59.104+0000	[############............] benchmark.Twitter	25.8GB/49.1GB (52.5%)
2021-10-29T18:31:02.104+0000	[############............] benchmark.Twitter	25.8GB/49.1GB (52.6%)
2021-10-29T18:31:05.104+0000	[############............] benchmark.Twitter	25.9GB/49.1GB (52.7%)
2021-10-29T18:31:08.104+0000	[############............] benchmark.Twitter	25.9GB/49.1GB (52.8%)
2021-10-29T18:31:11.104+0000	[############............] benchmark.Twitter	26.0GB/49.1GB (52.9%)
2021-10-29T18:31:14.104+0000	[############............] benchmark.Twitter	26.1GB/49.1GB (53.0%)
2021-10-29T18:31:17.104+0000	[############............] benchmark.Twitter	26.1GB/49.1GB (53.1%)
2021-10-29T18:31:20.104+0000	[############............] benchmark.Twitter	26.2GB/49.1GB (53.2%)
2021-10-29T18:31:23.105+0000	[############............] benchmark.Twitter	26.2GB/49.1GB (53.4%)
2021-10-29T18:31:26.104+0000	[############............] benchmark.Twitter	26.3GB/49.1GB (53.5%)
2021-10-29T18:31:29.104+0000	[############............] benchmark.Twitter	26.3GB/49.1GB (53.6%)
2021-10-29T18:31:32.104+0000	[############............] benchmark.Twitter	26.4GB/49.1GB (53.7%)
2021-10-29T18:31:35.104+0000	[############............] benchmark.Twitter	26.4GB/49.1GB (53.8%)
2021-10-29T18:31:38.104+0000	[############............] benchmark.Twitter	26.5GB/49.1GB (53.9%)
2021-10-29T18:31:41.104+0000	[############............] benchmark.Twitter	26.5GB/49.1GB (54.0%)
2021-10-29T18:31:44.104+0000	[############............] benchmark.Twitter	26.6GB/49.1GB (54.1%)
2021-10-29T18:31:47.104+0000	[#############...........] benchmark.Twitter	26.6GB/49.1GB (54.2%)
2021-10-29T18:31:50.104+0000	[#############...........] benchmark.Twitter	26.7GB/49.1GB (54.3%)
2021-10-29T18:31:53.104+0000	[#############...........] benchmark.Twitter	26.7GB/49.1GB (54.4%)
2021-10-29T18:31:56.104+0000	[#############...........] benchmark.Twitter	26.8GB/49.1GB (54.5%)
2021-10-29T18:31:59.104+0000	[#############...........] benchmark.Twitter	26.9GB/49.1GB (54.6%)
2021-10-29T18:32:02.104+0000	[#############...........] benchmark.Twitter	26.9GB/49.1GB (54.8%)
2021-10-29T18:32:05.104+0000	[#############...........] benchmark.Twitter	27.0GB/49.1GB (54.9%)
2021-10-29T18:32:08.104+0000	[#############...........] benchmark.Twitter	27.0GB/49.1GB (55.0%)
2021-10-29T18:32:11.104+0000	[#############...........] benchmark.Twitter	27.1GB/49.1GB (55.1%)
2021-10-29T18:32:14.104+0000	[#############...........] benchmark.Twitter	27.1GB/49.1GB (55.2%)
2021-10-29T18:32:17.104+0000	[#############...........] benchmark.Twitter	27.2GB/49.1GB (55.3%)
2021-10-29T18:32:20.105+0000	[#############...........] benchmark.Twitter	27.2GB/49.1GB (55.4%)
2021-10-29T18:32:23.104+0000	[#############...........] benchmark.Twitter	27.3GB/49.1GB (55.5%)
2021-10-29T18:32:26.104+0000	[#############...........] benchmark.Twitter	27.3GB/49.1GB (55.6%)
2021-10-29T18:32:29.105+0000	[#############...........] benchmark.Twitter	27.4GB/49.1GB (55.8%)
2021-10-29T18:32:32.105+0000	[#############...........] benchmark.Twitter	27.4GB/49.1GB (55.9%)
2021-10-29T18:32:35.104+0000	[#############...........] benchmark.Twitter	27.5GB/49.1GB (56.0%)
2021-10-29T18:32:38.104+0000	[#############...........] benchmark.Twitter	27.6GB/49.1GB (56.1%)
2021-10-29T18:32:41.104+0000	[#############...........] benchmark.Twitter	27.6GB/49.1GB (56.2%)
2021-10-29T18:32:44.104+0000	[#############...........] benchmark.Twitter	27.7GB/49.1GB (56.3%)
2021-10-29T18:32:47.105+0000	[#############...........] benchmark.Twitter	27.7GB/49.1GB (56.4%)
2021-10-29T18:32:50.104+0000	[#############...........] benchmark.Twitter	27.8GB/49.1GB (56.5%)
2021-10-29T18:32:53.104+0000	[#############...........] benchmark.Twitter	27.8GB/49.1GB (56.6%)
2021-10-29T18:32:56.104+0000	[#############...........] benchmark.Twitter	27.9GB/49.1GB (56.7%)
2021-10-29T18:32:59.104+0000	[#############...........] benchmark.Twitter	27.9GB/49.1GB (56.8%)
2021-10-29T18:33:02.104+0000	[#############...........] benchmark.Twitter	28.0GB/49.1GB (57.0%)
2021-10-29T18:33:05.104+0000	[#############...........] benchmark.Twitter	28.0GB/49.1GB (57.1%)
2021-10-29T18:33:08.105+0000	[#############...........] benchmark.Twitter	28.1GB/49.1GB (57.2%)
2021-10-29T18:33:11.104+0000	[#############...........] benchmark.Twitter	28.1GB/49.1GB (57.3%)
2021-10-29T18:33:14.104+0000	[#############...........] benchmark.Twitter	28.2GB/49.1GB (57.3%)
2021-10-29T18:33:17.104+0000	[#############...........] benchmark.Twitter	28.2GB/49.1GB (57.4%)
2021-10-29T18:33:20.105+0000	[#############...........] benchmark.Twitter	28.3GB/49.1GB (57.5%)
2021-10-29T18:33:23.104+0000	[#############...........] benchmark.Twitter	28.3GB/49.1GB (57.6%)
2021-10-29T18:33:26.104+0000	[#############...........] benchmark.Twitter	28.4GB/49.1GB (57.7%)
2021-10-29T18:33:29.104+0000	[#############...........] benchmark.Twitter	28.4GB/49.1GB (57.8%)
2021-10-29T18:33:32.104+0000	[#############...........] benchmark.Twitter	28.4GB/49.1GB (57.9%)
2021-10-29T18:33:35.105+0000	[#############...........] benchmark.Twitter	28.5GB/49.1GB (58.0%)
2021-10-29T18:33:38.104+0000	[#############...........] benchmark.Twitter	28.5GB/49.1GB (58.1%)
2021-10-29T18:33:41.104+0000	[#############...........] benchmark.Twitter	28.6GB/49.1GB (58.1%)
2021-10-29T18:33:44.104+0000	[#############...........] benchmark.Twitter	28.6GB/49.1GB (58.2%)
2021-10-29T18:33:47.104+0000	[#############...........] benchmark.Twitter	28.6GB/49.1GB (58.3%)
2021-10-29T18:33:50.104+0000	[##############..........] benchmark.Twitter	28.7GB/49.1GB (58.4%)
2021-10-29T18:33:53.107+0000	[##############..........] benchmark.Twitter	28.7GB/49.1GB (58.5%)
2021-10-29T18:33:56.104+0000	[##############..........] benchmark.Twitter	28.8GB/49.1GB (58.6%)
2021-10-29T18:33:59.104+0000	[##############..........] benchmark.Twitter	28.8GB/49.1GB (58.7%)
2021-10-29T18:34:02.104+0000	[##############..........] benchmark.Twitter	28.9GB/49.1GB (58.8%)
2021-10-29T18:34:05.104+0000	[##############..........] benchmark.Twitter	28.9GB/49.1GB (58.9%)
2021-10-29T18:34:08.104+0000	[##############..........] benchmark.Twitter	29.0GB/49.1GB (59.0%)
2021-10-29T18:34:11.104+0000	[##############..........] benchmark.Twitter	29.1GB/49.1GB (59.2%)
2021-10-29T18:34:14.104+0000	[##############..........] benchmark.Twitter	29.1GB/49.1GB (59.3%)
2021-10-29T18:34:17.105+0000	[##############..........] benchmark.Twitter	29.2GB/49.1GB (59.4%)
2021-10-29T18:34:20.104+0000	[##############..........] benchmark.Twitter	29.2GB/49.1GB (59.5%)
2021-10-29T18:34:23.104+0000	[##############..........] benchmark.Twitter	29.3GB/49.1GB (59.6%)
2021-10-29T18:34:26.104+0000	[##############..........] benchmark.Twitter	29.3GB/49.1GB (59.7%)
2021-10-29T18:34:29.104+0000	[##############..........] benchmark.Twitter	29.4GB/49.1GB (59.8%)
2021-10-29T18:34:32.104+0000	[##############..........] benchmark.Twitter	29.4GB/49.1GB (59.9%)
2021-10-29T18:34:35.104+0000	[##############..........] benchmark.Twitter	29.5GB/49.1GB (60.0%)
2021-10-29T18:34:38.104+0000	[##############..........] benchmark.Twitter	29.5GB/49.1GB (60.1%)
2021-10-29T18:34:41.104+0000	[##############..........] benchmark.Twitter	29.6GB/49.1GB (60.2%)
2021-10-29T18:34:44.104+0000	[##############..........] benchmark.Twitter	29.6GB/49.1GB (60.3%)
2021-10-29T18:34:47.104+0000	[##############..........] benchmark.Twitter	29.7GB/49.1GB (60.4%)
2021-10-29T18:34:50.104+0000	[##############..........] benchmark.Twitter	29.8GB/49.1GB (60.6%)
2021-10-29T18:34:53.105+0000	[##############..........] benchmark.Twitter	29.8GB/49.1GB (60.7%)
2021-10-29T18:34:56.104+0000	[##############..........] benchmark.Twitter	29.9GB/49.1GB (60.8%)
2021-10-29T18:34:59.104+0000	[##############..........] benchmark.Twitter	29.9GB/49.1GB (60.9%)
2021-10-29T18:35:02.104+0000	[##############..........] benchmark.Twitter	30.0GB/49.1GB (61.0%)
2021-10-29T18:35:05.104+0000	[##############..........] benchmark.Twitter	30.0GB/49.1GB (61.1%)
2021-10-29T18:35:08.104+0000	[##############..........] benchmark.Twitter	30.1GB/49.1GB (61.2%)
2021-10-29T18:35:11.105+0000	[##############..........] benchmark.Twitter	30.1GB/49.1GB (61.3%)
2021-10-29T18:35:14.104+0000	[##############..........] benchmark.Twitter	30.2GB/49.1GB (61.4%)
2021-10-29T18:35:17.104+0000	[##############..........] benchmark.Twitter	30.2GB/49.1GB (61.5%)
2021-10-29T18:35:20.104+0000	[##############..........] benchmark.Twitter	30.3GB/49.1GB (61.6%)
2021-10-29T18:35:23.104+0000	[##############..........] benchmark.Twitter	30.3GB/49.1GB (61.7%)
2021-10-29T18:35:26.104+0000	[##############..........] benchmark.Twitter	30.4GB/49.1GB (61.8%)
2021-10-29T18:35:29.104+0000	[##############..........] benchmark.Twitter	30.4GB/49.1GB (61.9%)
2021-10-29T18:35:32.104+0000	[##############..........] benchmark.Twitter	30.4GB/49.1GB (62.0%)
2021-10-29T18:35:35.104+0000	[##############..........] benchmark.Twitter	30.5GB/49.1GB (62.1%)
2021-10-29T18:35:38.104+0000	[##############..........] benchmark.Twitter	30.5GB/49.1GB (62.1%)
2021-10-29T18:35:41.104+0000	[##############..........] benchmark.Twitter	30.6GB/49.1GB (62.2%)
2021-10-29T18:35:44.104+0000	[##############..........] benchmark.Twitter	30.6GB/49.1GB (62.3%)
2021-10-29T18:35:47.104+0000	[##############..........] benchmark.Twitter	30.7GB/49.1GB (62.4%)
2021-10-29T18:35:50.104+0000	[###############.........] benchmark.Twitter	30.7GB/49.1GB (62.5%)
2021-10-29T18:35:53.104+0000	[###############.........] benchmark.Twitter	30.8GB/49.1GB (62.6%)
2021-10-29T18:35:56.104+0000	[###############.........] benchmark.Twitter	30.8GB/49.1GB (62.8%)
2021-10-29T18:35:59.104+0000	[###############.........] benchmark.Twitter	30.9GB/49.1GB (62.9%)
2021-10-29T18:36:02.104+0000	[###############.........] benchmark.Twitter	30.9GB/49.1GB (63.0%)
2021-10-29T18:36:05.104+0000	[###############.........] benchmark.Twitter	31.0GB/49.1GB (63.1%)
2021-10-29T18:36:08.104+0000	[###############.........] benchmark.Twitter	31.0GB/49.1GB (63.2%)
2021-10-29T18:36:11.104+0000	[###############.........] benchmark.Twitter	31.1GB/49.1GB (63.3%)
2021-10-29T18:36:14.104+0000	[###############.........] benchmark.Twitter	31.1GB/49.1GB (63.4%)
2021-10-29T18:36:17.104+0000	[###############.........] benchmark.Twitter	31.2GB/49.1GB (63.5%)
2021-10-29T18:36:20.104+0000	[###############.........] benchmark.Twitter	31.3GB/49.1GB (63.6%)
2021-10-29T18:36:23.105+0000	[###############.........] benchmark.Twitter	31.3GB/49.1GB (63.7%)
2021-10-29T18:36:26.104+0000	[###############.........] benchmark.Twitter	31.4GB/49.1GB (63.8%)
2021-10-29T18:36:29.104+0000	[###############.........] benchmark.Twitter	31.4GB/49.1GB (64.0%)
2021-10-29T18:36:32.104+0000	[###############.........] benchmark.Twitter	31.5GB/49.1GB (64.1%)
2021-10-29T18:36:35.105+0000	[###############.........] benchmark.Twitter	31.5GB/49.1GB (64.2%)
2021-10-29T18:36:38.104+0000	[###############.........] benchmark.Twitter	31.6GB/49.1GB (64.3%)
2021-10-29T18:36:41.104+0000	[###############.........] benchmark.Twitter	31.6GB/49.1GB (64.4%)
2021-10-29T18:36:44.104+0000	[###############.........] benchmark.Twitter	31.7GB/49.1GB (64.5%)
2021-10-29T18:36:47.104+0000	[###############.........] benchmark.Twitter	31.7GB/49.1GB (64.6%)
2021-10-29T18:36:50.104+0000	[###############.........] benchmark.Twitter	31.8GB/49.1GB (64.7%)
2021-10-29T18:36:53.104+0000	[###############.........] benchmark.Twitter	31.8GB/49.1GB (64.8%)
2021-10-29T18:36:56.104+0000	[###############.........] benchmark.Twitter	31.9GB/49.1GB (64.9%)
2021-10-29T18:36:59.104+0000	[###############.........] benchmark.Twitter	31.9GB/49.1GB (65.0%)
2021-10-29T18:37:02.104+0000	[###############.........] benchmark.Twitter	32.0GB/49.1GB (65.1%)
2021-10-29T18:37:05.104+0000	[###############.........] benchmark.Twitter	32.1GB/49.1GB (65.2%)
2021-10-29T18:37:08.104+0000	[###############.........] benchmark.Twitter	32.1GB/49.1GB (65.4%)
2021-10-29T18:37:11.104+0000	[###############.........] benchmark.Twitter	32.2GB/49.1GB (65.5%)
2021-10-29T18:37:14.105+0000	[###############.........] benchmark.Twitter	32.2GB/49.1GB (65.6%)
2021-10-29T18:37:17.105+0000	[###############.........] benchmark.Twitter	32.3GB/49.1GB (65.7%)
2021-10-29T18:37:20.104+0000	[###############.........] benchmark.Twitter	32.3GB/49.1GB (65.8%)
2021-10-29T18:37:23.104+0000	[###############.........] benchmark.Twitter	32.4GB/49.1GB (65.9%)
2021-10-29T18:37:26.104+0000	[###############.........] benchmark.Twitter	32.4GB/49.1GB (66.0%)
2021-10-29T18:37:29.104+0000	[###############.........] benchmark.Twitter	32.5GB/49.1GB (66.1%)
2021-10-29T18:37:32.105+0000	[###############.........] benchmark.Twitter	32.5GB/49.1GB (66.2%)
2021-10-29T18:37:35.104+0000	[###############.........] benchmark.Twitter	32.6GB/49.1GB (66.3%)
2021-10-29T18:37:38.105+0000	[###############.........] benchmark.Twitter	32.6GB/49.1GB (66.4%)
2021-10-29T18:37:41.104+0000	[###############.........] benchmark.Twitter	32.7GB/49.1GB (66.6%)
2021-10-29T18:37:44.104+0000	[###############.........] benchmark.Twitter	32.8GB/49.1GB (66.7%)
2021-10-29T18:37:47.104+0000	[################........] benchmark.Twitter	32.8GB/49.1GB (66.8%)
2021-10-29T18:37:50.105+0000	[################........] benchmark.Twitter	32.9GB/49.1GB (66.9%)
2021-10-29T18:37:53.104+0000	[################........] benchmark.Twitter	32.9GB/49.1GB (67.0%)
2021-10-29T18:37:56.104+0000	[################........] benchmark.Twitter	33.0GB/49.1GB (67.1%)
2021-10-29T18:37:59.104+0000	[################........] benchmark.Twitter	33.0GB/49.1GB (67.2%)
2021-10-29T18:38:02.104+0000	[################........] benchmark.Twitter	33.1GB/49.1GB (67.3%)
2021-10-29T18:38:05.104+0000	[################........] benchmark.Twitter	33.1GB/49.1GB (67.4%)
2021-10-29T18:38:08.104+0000	[################........] benchmark.Twitter	33.2GB/49.1GB (67.5%)
2021-10-29T18:38:11.104+0000	[################........] benchmark.Twitter	33.2GB/49.1GB (67.6%)
2021-10-29T18:38:14.105+0000	[################........] benchmark.Twitter	33.3GB/49.1GB (67.7%)
2021-10-29T18:38:17.104+0000	[################........] benchmark.Twitter	33.3GB/49.1GB (67.8%)
2021-10-29T18:38:20.104+0000	[################........] benchmark.Twitter	33.4GB/49.1GB (67.9%)
2021-10-29T18:38:23.104+0000	[################........] benchmark.Twitter	33.4GB/49.1GB (68.0%)
2021-10-29T18:38:26.104+0000	[################........] benchmark.Twitter	33.5GB/49.1GB (68.1%)
2021-10-29T18:38:29.104+0000	[################........] benchmark.Twitter	33.5GB/49.1GB (68.2%)
2021-10-29T18:38:32.104+0000	[################........] benchmark.Twitter	33.5GB/49.1GB (68.3%)
2021-10-29T18:38:35.105+0000	[################........] benchmark.Twitter	33.6GB/49.1GB (68.4%)
2021-10-29T18:38:38.104+0000	[################........] benchmark.Twitter	33.6GB/49.1GB (68.5%)
2021-10-29T18:38:41.104+0000	[################........] benchmark.Twitter	33.7GB/49.1GB (68.6%)
2021-10-29T18:38:44.104+0000	[################........] benchmark.Twitter	33.8GB/49.1GB (68.7%)
2021-10-29T18:38:47.104+0000	[################........] benchmark.Twitter	33.8GB/49.1GB (68.8%)
2021-10-29T18:38:50.104+0000	[################........] benchmark.Twitter	33.9GB/49.1GB (68.9%)
2021-10-29T18:38:53.104+0000	[################........] benchmark.Twitter	33.9GB/49.1GB (69.0%)
2021-10-29T18:38:56.104+0000	[################........] benchmark.Twitter	34.0GB/49.1GB (69.1%)
2021-10-29T18:38:59.104+0000	[################........] benchmark.Twitter	34.0GB/49.1GB (69.2%)
2021-10-29T18:39:02.104+0000	[################........] benchmark.Twitter	34.1GB/49.1GB (69.3%)
2021-10-29T18:39:05.104+0000	[################........] benchmark.Twitter	34.1GB/49.1GB (69.4%)
2021-10-29T18:39:08.104+0000	[################........] benchmark.Twitter	34.2GB/49.1GB (69.6%)
2021-10-29T18:39:11.104+0000	[################........] benchmark.Twitter	34.2GB/49.1GB (69.7%)
2021-10-29T18:39:14.104+0000	[################........] benchmark.Twitter	34.3GB/49.1GB (69.8%)
2021-10-29T18:39:17.104+0000	[################........] benchmark.Twitter	34.3GB/49.1GB (69.9%)
2021-10-29T18:39:20.104+0000	[################........] benchmark.Twitter	34.4GB/49.1GB (70.0%)
2021-10-29T18:39:23.104+0000	[################........] benchmark.Twitter	34.4GB/49.1GB (70.1%)
2021-10-29T18:39:26.104+0000	[################........] benchmark.Twitter	34.5GB/49.1GB (70.2%)
2021-10-29T18:39:29.104+0000	[################........] benchmark.Twitter	34.5GB/49.1GB (70.3%)
2021-10-29T18:39:32.104+0000	[################........] benchmark.Twitter	34.6GB/49.1GB (70.4%)
2021-10-29T18:39:35.104+0000	[################........] benchmark.Twitter	34.6GB/49.1GB (70.5%)
2021-10-29T18:39:38.104+0000	[################........] benchmark.Twitter	34.7GB/49.1GB (70.6%)
2021-10-29T18:39:41.104+0000	[################........] benchmark.Twitter	34.8GB/49.1GB (70.7%)
2021-10-29T18:39:44.104+0000	[#################.......] benchmark.Twitter	34.8GB/49.1GB (70.9%)
2021-10-29T18:39:47.104+0000	[#################.......] benchmark.Twitter	34.9GB/49.1GB (71.0%)
2021-10-29T18:39:50.105+0000	[#################.......] benchmark.Twitter	34.9GB/49.1GB (71.1%)
2021-10-29T18:39:53.104+0000	[#################.......] benchmark.Twitter	35.0GB/49.1GB (71.2%)
2021-10-29T18:39:56.104+0000	[#################.......] benchmark.Twitter	35.0GB/49.1GB (71.3%)
2021-10-29T18:39:59.104+0000	[#################.......] benchmark.Twitter	35.1GB/49.1GB (71.4%)
2021-10-29T18:40:02.104+0000	[#################.......] benchmark.Twitter	35.1GB/49.1GB (71.5%)
2021-10-29T18:40:05.104+0000	[#################.......] benchmark.Twitter	35.2GB/49.1GB (71.6%)
2021-10-29T18:40:08.104+0000	[#################.......] benchmark.Twitter	35.2GB/49.1GB (71.7%)
2021-10-29T18:40:11.104+0000	[#################.......] benchmark.Twitter	35.3GB/49.1GB (71.8%)
2021-10-29T18:40:14.104+0000	[#################.......] benchmark.Twitter	35.3GB/49.1GB (71.9%)
2021-10-29T18:40:17.104+0000	[#################.......] benchmark.Twitter	35.4GB/49.1GB (72.0%)
2021-10-29T18:40:20.104+0000	[#################.......] benchmark.Twitter	35.4GB/49.1GB (72.1%)
2021-10-29T18:40:23.104+0000	[#################.......] benchmark.Twitter	35.5GB/49.1GB (72.2%)
2021-10-29T18:40:26.105+0000	[#################.......] benchmark.Twitter	35.5GB/49.1GB (72.4%)
2021-10-29T18:40:29.104+0000	[#################.......] benchmark.Twitter	35.6GB/49.1GB (72.5%)
2021-10-29T18:40:32.104+0000	[#################.......] benchmark.Twitter	35.6GB/49.1GB (72.6%)
2021-10-29T18:40:35.104+0000	[#################.......] benchmark.Twitter	35.7GB/49.1GB (72.7%)
2021-10-29T18:40:38.104+0000	[#################.......] benchmark.Twitter	35.8GB/49.1GB (72.8%)
2021-10-29T18:40:41.104+0000	[#################.......] benchmark.Twitter	35.8GB/49.1GB (72.9%)
2021-10-29T18:40:44.104+0000	[#################.......] benchmark.Twitter	35.9GB/49.1GB (73.0%)
2021-10-29T18:40:47.104+0000	[#################.......] benchmark.Twitter	35.9GB/49.1GB (73.1%)
2021-10-29T18:40:50.104+0000	[#################.......] benchmark.Twitter	36.0GB/49.1GB (73.2%)
2021-10-29T18:40:53.104+0000	[#################.......] benchmark.Twitter	36.0GB/49.1GB (73.3%)
2021-10-29T18:40:56.105+0000	[#################.......] benchmark.Twitter	36.1GB/49.1GB (73.4%)
2021-10-29T18:40:59.104+0000	[#################.......] benchmark.Twitter	36.1GB/49.1GB (73.5%)
2021-10-29T18:41:02.104+0000	[#################.......] benchmark.Twitter	36.2GB/49.1GB (73.6%)
2021-10-29T18:41:05.104+0000	[#################.......] benchmark.Twitter	36.2GB/49.1GB (73.7%)
2021-10-29T18:41:08.104+0000	[#################.......] benchmark.Twitter	36.3GB/49.1GB (73.8%)
2021-10-29T18:41:11.104+0000	[#################.......] benchmark.Twitter	36.3GB/49.1GB (73.9%)
2021-10-29T18:41:14.105+0000	[#################.......] benchmark.Twitter	36.4GB/49.1GB (74.0%)
2021-10-29T18:41:17.104+0000	[#################.......] benchmark.Twitter	36.4GB/49.1GB (74.1%)
2021-10-29T18:41:20.104+0000	[#################.......] benchmark.Twitter	36.5GB/49.1GB (74.2%)
2021-10-29T18:41:23.104+0000	[#################.......] benchmark.Twitter	36.5GB/49.1GB (74.4%)
2021-10-29T18:41:26.104+0000	[#################.......] benchmark.Twitter	36.6GB/49.1GB (74.5%)
2021-10-29T18:41:29.105+0000	[#################.......] benchmark.Twitter	36.6GB/49.1GB (74.6%)
2021-10-29T18:41:32.104+0000	[#################.......] benchmark.Twitter	36.7GB/49.1GB (74.7%)
2021-10-29T18:41:35.104+0000	[#################.......] benchmark.Twitter	36.7GB/49.1GB (74.8%)
2021-10-29T18:41:38.104+0000	[#################.......] benchmark.Twitter	36.8GB/49.1GB (74.9%)
2021-10-29T18:41:41.104+0000	[#################.......] benchmark.Twitter	36.8GB/49.1GB (75.0%)
2021-10-29T18:41:44.104+0000	[##################......] benchmark.Twitter	36.9GB/49.1GB (75.1%)
2021-10-29T18:41:47.104+0000	[##################......] benchmark.Twitter	37.0GB/49.1GB (75.2%)
2021-10-29T18:41:50.104+0000	[##################......] benchmark.Twitter	37.0GB/49.1GB (75.3%)
2021-10-29T18:41:53.104+0000	[##################......] benchmark.Twitter	37.0GB/49.1GB (75.4%)
2021-10-29T18:41:56.104+0000	[##################......] benchmark.Twitter	37.1GB/49.1GB (75.5%)
2021-10-29T18:41:59.105+0000	[##################......] benchmark.Twitter	37.1GB/49.1GB (75.6%)
2021-10-29T18:42:02.104+0000	[##################......] benchmark.Twitter	37.2GB/49.1GB (75.7%)
2021-10-29T18:42:05.104+0000	[##################......] benchmark.Twitter	37.2GB/49.1GB (75.8%)
2021-10-29T18:42:08.104+0000	[##################......] benchmark.Twitter	37.3GB/49.1GB (75.9%)
2021-10-29T18:42:11.104+0000	[##################......] benchmark.Twitter	37.4GB/49.1GB (76.0%)
2021-10-29T18:42:14.104+0000	[##################......] benchmark.Twitter	37.4GB/49.1GB (76.1%)
2021-10-29T18:42:17.104+0000	[##################......] benchmark.Twitter	37.5GB/49.1GB (76.3%)
2021-10-29T18:42:20.104+0000	[##################......] benchmark.Twitter	37.5GB/49.1GB (76.4%)
2021-10-29T18:42:23.104+0000	[##################......] benchmark.Twitter	37.6GB/49.1GB (76.5%)
2021-10-29T18:42:26.104+0000	[##################......] benchmark.Twitter	37.6GB/49.1GB (76.6%)
2021-10-29T18:42:29.104+0000	[##################......] benchmark.Twitter	37.7GB/49.1GB (76.6%)
2021-10-29T18:42:32.104+0000	[##################......] benchmark.Twitter	37.7GB/49.1GB (76.7%)
2021-10-29T18:42:35.104+0000	[##################......] benchmark.Twitter	37.8GB/49.1GB (76.8%)
2021-10-29T18:42:38.105+0000	[##################......] benchmark.Twitter	37.8GB/49.1GB (76.9%)
2021-10-29T18:42:41.104+0000	[##################......] benchmark.Twitter	37.8GB/49.1GB (77.0%)
2021-10-29T18:42:44.104+0000	[##################......] benchmark.Twitter	37.9GB/49.1GB (77.1%)
2021-10-29T18:42:47.104+0000	[##################......] benchmark.Twitter	37.9GB/49.1GB (77.2%)
2021-10-29T18:42:50.104+0000	[##################......] benchmark.Twitter	38.0GB/49.1GB (77.3%)
2021-10-29T18:42:53.104+0000	[##################......] benchmark.Twitter	38.0GB/49.1GB (77.4%)
2021-10-29T18:42:56.104+0000	[##################......] benchmark.Twitter	38.1GB/49.1GB (77.5%)
2021-10-29T18:42:59.104+0000	[##################......] benchmark.Twitter	38.1GB/49.1GB (77.6%)
2021-10-29T18:43:02.104+0000	[##################......] benchmark.Twitter	38.2GB/49.1GB (77.8%)
2021-10-29T18:43:05.104+0000	[##################......] benchmark.Twitter	38.2GB/49.1GB (77.9%)
2021-10-29T18:43:08.104+0000	[##################......] benchmark.Twitter	38.3GB/49.1GB (78.0%)
2021-10-29T18:43:11.104+0000	[##################......] benchmark.Twitter	38.4GB/49.1GB (78.1%)
2021-10-29T18:43:14.105+0000	[##################......] benchmark.Twitter	38.4GB/49.1GB (78.2%)
2021-10-29T18:43:17.104+0000	[##################......] benchmark.Twitter	38.5GB/49.1GB (78.3%)
2021-10-29T18:43:20.104+0000	[##################......] benchmark.Twitter	38.5GB/49.1GB (78.4%)
2021-10-29T18:43:23.104+0000	[##################......] benchmark.Twitter	38.6GB/49.1GB (78.5%)
2021-10-29T18:43:26.104+0000	[##################......] benchmark.Twitter	38.6GB/49.1GB (78.6%)
2021-10-29T18:43:29.104+0000	[##################......] benchmark.Twitter	38.7GB/49.1GB (78.7%)
2021-10-29T18:43:32.104+0000	[##################......] benchmark.Twitter	38.7GB/49.1GB (78.8%)
2021-10-29T18:43:35.104+0000	[##################......] benchmark.Twitter	38.8GB/49.1GB (78.9%)
2021-10-29T18:43:38.104+0000	[##################......] benchmark.Twitter	38.8GB/49.1GB (79.0%)
2021-10-29T18:43:41.104+0000	[##################......] benchmark.Twitter	38.9GB/49.1GB (79.1%)
2021-10-29T18:43:44.104+0000	[###################.....] benchmark.Twitter	38.9GB/49.1GB (79.2%)
2021-10-29T18:43:47.104+0000	[###################.....] benchmark.Twitter	39.0GB/49.1GB (79.3%)
2021-10-29T18:43:50.104+0000	[###################.....] benchmark.Twitter	39.0GB/49.1GB (79.5%)
2021-10-29T18:43:53.105+0000	[###################.....] benchmark.Twitter	39.1GB/49.1GB (79.6%)
2021-10-29T18:43:56.104+0000	[###################.....] benchmark.Twitter	39.1GB/49.1GB (79.7%)
2021-10-29T18:43:59.104+0000	[###################.....] benchmark.Twitter	39.2GB/49.1GB (79.8%)
2021-10-29T18:44:02.104+0000	[###################.....] benchmark.Twitter	39.2GB/49.1GB (79.9%)
2021-10-29T18:44:05.104+0000	[###################.....] benchmark.Twitter	39.3GB/49.1GB (80.0%)
2021-10-29T18:44:08.104+0000	[###################.....] benchmark.Twitter	39.4GB/49.1GB (80.1%)
2021-10-29T18:44:11.104+0000	[###################.....] benchmark.Twitter	39.4GB/49.1GB (80.2%)
2021-10-29T18:44:14.104+0000	[###################.....] benchmark.Twitter	39.5GB/49.1GB (80.3%)
2021-10-29T18:44:17.104+0000	[###################.....] benchmark.Twitter	39.5GB/49.1GB (80.4%)
2021-10-29T18:44:20.104+0000	[###################.....] benchmark.Twitter	39.6GB/49.1GB (80.5%)
2021-10-29T18:44:23.104+0000	[###################.....] benchmark.Twitter	39.6GB/49.1GB (80.6%)
2021-10-29T18:44:26.104+0000	[###################.....] benchmark.Twitter	39.7GB/49.1GB (80.7%)
2021-10-29T18:44:29.104+0000	[###################.....] benchmark.Twitter	39.7GB/49.1GB (80.8%)
2021-10-29T18:44:32.104+0000	[###################.....] benchmark.Twitter	39.8GB/49.1GB (80.9%)
2021-10-29T18:44:35.104+0000	[###################.....] benchmark.Twitter	39.8GB/49.1GB (81.0%)
2021-10-29T18:44:38.105+0000	[###################.....] benchmark.Twitter	39.9GB/49.1GB (81.2%)
2021-10-29T18:44:41.104+0000	[###################.....] benchmark.Twitter	39.9GB/49.1GB (81.3%)
2021-10-29T18:44:44.104+0000	[###################.....] benchmark.Twitter	40.0GB/49.1GB (81.4%)
2021-10-29T18:44:47.104+0000	[###################.....] benchmark.Twitter	40.0GB/49.1GB (81.5%)
2021-10-29T18:44:50.104+0000	[###################.....] benchmark.Twitter	40.1GB/49.1GB (81.6%)
2021-10-29T18:44:53.104+0000	[###################.....] benchmark.Twitter	40.1GB/49.1GB (81.7%)
2021-10-29T18:44:56.104+0000	[###################.....] benchmark.Twitter	40.2GB/49.1GB (81.8%)
2021-10-29T18:44:59.105+0000	[###################.....] benchmark.Twitter	40.2GB/49.1GB (81.9%)
2021-10-29T18:45:02.104+0000	[###################.....] benchmark.Twitter	40.3GB/49.1GB (82.0%)
2021-10-29T18:45:05.104+0000	[###################.....] benchmark.Twitter	40.4GB/49.1GB (82.1%)
2021-10-29T18:45:08.105+0000	[###################.....] benchmark.Twitter	40.4GB/49.1GB (82.2%)
2021-10-29T18:45:11.104+0000	[###################.....] benchmark.Twitter	40.5GB/49.1GB (82.3%)
2021-10-29T18:45:14.104+0000	[###################.....] benchmark.Twitter	40.5GB/49.1GB (82.4%)
2021-10-29T18:45:17.104+0000	[###################.....] benchmark.Twitter	40.6GB/49.1GB (82.5%)
2021-10-29T18:45:20.104+0000	[###################.....] benchmark.Twitter	40.6GB/49.1GB (82.7%)
2021-10-29T18:45:23.104+0000	[###################.....] benchmark.Twitter	40.7GB/49.1GB (82.8%)
2021-10-29T18:45:26.104+0000	[###################.....] benchmark.Twitter	40.7GB/49.1GB (82.9%)
2021-10-29T18:45:29.104+0000	[###################.....] benchmark.Twitter	40.8GB/49.1GB (83.0%)
2021-10-29T18:45:32.104+0000	[###################.....] benchmark.Twitter	40.8GB/49.1GB (83.1%)
2021-10-29T18:45:35.104+0000	[###################.....] benchmark.Twitter	40.9GB/49.1GB (83.2%)
2021-10-29T18:45:38.104+0000	[###################.....] benchmark.Twitter	40.9GB/49.1GB (83.3%)
2021-10-29T18:45:41.104+0000	[####################....] benchmark.Twitter	41.0GB/49.1GB (83.4%)
2021-10-29T18:45:44.104+0000	[####################....] benchmark.Twitter	41.0GB/49.1GB (83.5%)
2021-10-29T18:45:47.104+0000	[####################....] benchmark.Twitter	41.1GB/49.1GB (83.6%)
2021-10-29T18:45:50.104+0000	[####################....] benchmark.Twitter	41.1GB/49.1GB (83.7%)
2021-10-29T18:45:53.104+0000	[####################....] benchmark.Twitter	41.2GB/49.1GB (83.8%)
2021-10-29T18:45:56.104+0000	[####################....] benchmark.Twitter	41.2GB/49.1GB (83.9%)
2021-10-29T18:45:59.104+0000	[####################....] benchmark.Twitter	41.3GB/49.1GB (84.0%)
2021-10-29T18:46:02.104+0000	[####################....] benchmark.Twitter	41.3GB/49.1GB (84.2%)
2021-10-29T18:46:05.104+0000	[####################....] benchmark.Twitter	41.4GB/49.1GB (84.3%)
2021-10-29T18:46:08.104+0000	[####################....] benchmark.Twitter	41.4GB/49.1GB (84.4%)
2021-10-29T18:46:11.104+0000	[####################....] benchmark.Twitter	41.5GB/49.1GB (84.4%)
2021-10-29T18:46:14.104+0000	[####################....] benchmark.Twitter	41.5GB/49.1GB (84.5%)
2021-10-29T18:46:17.104+0000	[####################....] benchmark.Twitter	41.6GB/49.1GB (84.6%)
2021-10-29T18:46:20.105+0000	[####################....] benchmark.Twitter	41.6GB/49.1GB (84.7%)
2021-10-29T18:46:23.104+0000	[####################....] benchmark.Twitter	41.7GB/49.1GB (84.8%)
2021-10-29T18:46:26.104+0000	[####################....] benchmark.Twitter	41.7GB/49.1GB (84.9%)
2021-10-29T18:46:29.104+0000	[####################....] benchmark.Twitter	41.8GB/49.1GB (85.0%)
2021-10-29T18:46:32.104+0000	[####################....] benchmark.Twitter	41.8GB/49.1GB (85.1%)
2021-10-29T18:46:35.104+0000	[####################....] benchmark.Twitter	41.9GB/49.1GB (85.2%)
2021-10-29T18:46:38.104+0000	[####################....] benchmark.Twitter	41.9GB/49.1GB (85.3%)
2021-10-29T18:46:41.104+0000	[####################....] benchmark.Twitter	42.0GB/49.1GB (85.4%)
2021-10-29T18:46:44.104+0000	[####################....] benchmark.Twitter	42.0GB/49.1GB (85.6%)
2021-10-29T18:46:47.104+0000	[####################....] benchmark.Twitter	42.1GB/49.1GB (85.7%)
2021-10-29T18:46:50.105+0000	[####################....] benchmark.Twitter	42.1GB/49.1GB (85.8%)
2021-10-29T18:46:53.104+0000	[####################....] benchmark.Twitter	42.2GB/49.1GB (85.9%)
2021-10-29T18:46:56.104+0000	[####################....] benchmark.Twitter	42.2GB/49.1GB (86.0%)
2021-10-29T18:46:59.104+0000	[####################....] benchmark.Twitter	42.3GB/49.1GB (86.1%)
2021-10-29T18:47:02.104+0000	[####################....] benchmark.Twitter	42.4GB/49.1GB (86.2%)
2021-10-29T18:47:05.104+0000	[####################....] benchmark.Twitter	42.4GB/49.1GB (86.3%)
2021-10-29T18:47:08.104+0000	[####################....] benchmark.Twitter	42.5GB/49.1GB (86.4%)
2021-10-29T18:47:11.104+0000	[####################....] benchmark.Twitter	42.5GB/49.1GB (86.5%)
2021-10-29T18:47:14.104+0000	[####################....] benchmark.Twitter	42.6GB/49.1GB (86.6%)
2021-10-29T18:47:17.104+0000	[####################....] benchmark.Twitter	42.6GB/49.1GB (86.8%)
2021-10-29T18:47:20.105+0000	[####################....] benchmark.Twitter	42.7GB/49.1GB (86.9%)
2021-10-29T18:47:23.104+0000	[####################....] benchmark.Twitter	42.7GB/49.1GB (87.0%)
2021-10-29T18:47:26.104+0000	[####################....] benchmark.Twitter	42.8GB/49.1GB (87.1%)
2021-10-29T18:47:29.104+0000	[####################....] benchmark.Twitter	42.8GB/49.1GB (87.2%)
2021-10-29T18:47:32.105+0000	[####################....] benchmark.Twitter	42.9GB/49.1GB (87.3%)
2021-10-29T18:47:35.104+0000	[####################....] benchmark.Twitter	42.9GB/49.1GB (87.4%)
2021-10-29T18:47:38.104+0000	[#####################...] benchmark.Twitter	43.0GB/49.1GB (87.5%)
2021-10-29T18:47:41.104+0000	[#####################...] benchmark.Twitter	43.0GB/49.1GB (87.6%)
2021-10-29T18:47:44.104+0000	[#####################...] benchmark.Twitter	43.1GB/49.1GB (87.7%)
2021-10-29T18:47:47.104+0000	[#####################...] benchmark.Twitter	43.2GB/49.1GB (87.8%)
2021-10-29T18:47:50.104+0000	[#####################...] benchmark.Twitter	43.2GB/49.1GB (87.9%)
2021-10-29T18:47:53.104+0000	[#####################...] benchmark.Twitter	43.3GB/49.1GB (88.1%)
2021-10-29T18:47:56.104+0000	[#####################...] benchmark.Twitter	43.3GB/49.1GB (88.2%)
2021-10-29T18:47:59.104+0000	[#####################...] benchmark.Twitter	43.4GB/49.1GB (88.3%)
2021-10-29T18:48:02.104+0000	[#####################...] benchmark.Twitter	43.4GB/49.1GB (88.4%)
2021-10-29T18:48:05.104+0000	[#####################...] benchmark.Twitter	43.5GB/49.1GB (88.5%)
2021-10-29T18:48:08.104+0000	[#####################...] benchmark.Twitter	43.5GB/49.1GB (88.6%)
2021-10-29T18:48:11.104+0000	[#####################...] benchmark.Twitter	43.6GB/49.1GB (88.7%)
2021-10-29T18:48:14.104+0000	[#####################...] benchmark.Twitter	43.6GB/49.1GB (88.8%)
2021-10-29T18:48:17.105+0000	[#####################...] benchmark.Twitter	43.7GB/49.1GB (88.9%)
2021-10-29T18:48:20.105+0000	[#####################...] benchmark.Twitter	43.8GB/49.1GB (89.0%)
2021-10-29T18:48:23.104+0000	[#####################...] benchmark.Twitter	43.8GB/49.1GB (89.1%)
2021-10-29T18:48:26.105+0000	[#####################...] benchmark.Twitter	43.9GB/49.1GB (89.3%)
2021-10-29T18:48:29.105+0000	[#####################...] benchmark.Twitter	43.9GB/49.1GB (89.3%)
2021-10-29T18:48:32.104+0000	[#####################...] benchmark.Twitter	43.9GB/49.1GB (89.4%)
2021-10-29T18:48:35.104+0000	[#####################...] benchmark.Twitter	44.0GB/49.1GB (89.5%)
2021-10-29T18:48:38.105+0000	[#####################...] benchmark.Twitter	44.0GB/49.1GB (89.6%)
2021-10-29T18:48:41.105+0000	[#####################...] benchmark.Twitter	44.1GB/49.1GB (89.7%)
2021-10-29T18:48:44.104+0000	[#####################...] benchmark.Twitter	44.1GB/49.1GB (89.8%)
2021-10-29T18:48:47.104+0000	[#####################...] benchmark.Twitter	44.2GB/49.1GB (89.9%)
2021-10-29T18:48:50.104+0000	[#####################...] benchmark.Twitter	44.2GB/49.1GB (90.0%)
2021-10-29T18:48:53.104+0000	[#####################...] benchmark.Twitter	44.2GB/49.1GB (90.1%)
2021-10-29T18:48:56.104+0000	[#####################...] benchmark.Twitter	44.3GB/49.1GB (90.2%)
2021-10-29T18:48:59.104+0000	[#####################...] benchmark.Twitter	44.4GB/49.1GB (90.3%)
2021-10-29T18:49:02.104+0000	[#####################...] benchmark.Twitter	44.4GB/49.1GB (90.4%)
2021-10-29T18:49:05.104+0000	[#####################...] benchmark.Twitter	44.5GB/49.1GB (90.5%)
2021-10-29T18:49:08.105+0000	[#####################...] benchmark.Twitter	44.5GB/49.1GB (90.6%)
2021-10-29T18:49:11.105+0000	[#####################...] benchmark.Twitter	44.6GB/49.1GB (90.7%)
2021-10-29T18:49:14.104+0000	[#####################...] benchmark.Twitter	44.6GB/49.1GB (90.8%)
2021-10-29T18:49:17.104+0000	[#####################...] benchmark.Twitter	44.7GB/49.1GB (90.9%)
2021-10-29T18:49:20.104+0000	[#####################...] benchmark.Twitter	44.7GB/49.1GB (91.0%)
2021-10-29T18:49:23.104+0000	[#####################...] benchmark.Twitter	44.8GB/49.1GB (91.1%)
2021-10-29T18:49:26.104+0000	[#####################...] benchmark.Twitter	44.8GB/49.1GB (91.2%)
2021-10-29T18:49:29.104+0000	[#####################...] benchmark.Twitter	44.9GB/49.1GB (91.4%)
2021-10-29T18:49:32.104+0000	[#####################...] benchmark.Twitter	44.9GB/49.1GB (91.5%)
2021-10-29T18:49:35.104+0000	[#####################...] benchmark.Twitter	45.0GB/49.1GB (91.6%)
2021-10-29T18:49:38.104+0000	[######################..] benchmark.Twitter	45.0GB/49.1GB (91.7%)
2021-10-29T18:49:41.104+0000	[######################..] benchmark.Twitter	45.1GB/49.1GB (91.8%)
2021-10-29T18:49:44.104+0000	[######################..] benchmark.Twitter	45.1GB/49.1GB (91.9%)
2021-10-29T18:49:47.104+0000	[######################..] benchmark.Twitter	45.2GB/49.1GB (92.0%)
2021-10-29T18:49:50.104+0000	[######################..] benchmark.Twitter	45.2GB/49.1GB (92.1%)
2021-10-29T18:49:53.104+0000	[######################..] benchmark.Twitter	45.3GB/49.1GB (92.2%)
2021-10-29T18:49:56.104+0000	[######################..] benchmark.Twitter	45.4GB/49.1GB (92.3%)
2021-10-29T18:49:59.104+0000	[######################..] benchmark.Twitter	45.4GB/49.1GB (92.4%)
2021-10-29T18:50:02.104+0000	[######################..] benchmark.Twitter	45.5GB/49.1GB (92.5%)
2021-10-29T18:50:05.104+0000	[######################..] benchmark.Twitter	45.5GB/49.1GB (92.7%)
2021-10-29T18:50:08.104+0000	[######################..] benchmark.Twitter	45.6GB/49.1GB (92.8%)
2021-10-29T18:50:11.104+0000	[######################..] benchmark.Twitter	45.6GB/49.1GB (92.9%)
2021-10-29T18:50:14.104+0000	[######################..] benchmark.Twitter	45.7GB/49.1GB (93.0%)
2021-10-29T18:50:17.104+0000	[######################..] benchmark.Twitter	45.7GB/49.1GB (93.1%)
2021-10-29T18:50:20.104+0000	[######################..] benchmark.Twitter	45.8GB/49.1GB (93.2%)
2021-10-29T18:50:23.104+0000	[######################..] benchmark.Twitter	45.8GB/49.1GB (93.3%)
2021-10-29T18:50:26.105+0000	[######################..] benchmark.Twitter	45.9GB/49.1GB (93.4%)
2021-10-29T18:50:29.104+0000	[######################..] benchmark.Twitter	46.0GB/49.1GB (93.5%)
2021-10-29T18:50:32.105+0000	[######################..] benchmark.Twitter	46.0GB/49.1GB (93.6%)
2021-10-29T18:50:35.104+0000	[######################..] benchmark.Twitter	46.0GB/49.1GB (93.7%)
2021-10-29T18:50:38.104+0000	[######################..] benchmark.Twitter	46.1GB/49.1GB (93.8%)
2021-10-29T18:50:41.104+0000	[######################..] benchmark.Twitter	46.2GB/49.1GB (94.0%)
2021-10-29T18:50:44.104+0000	[######################..] benchmark.Twitter	46.2GB/49.1GB (94.1%)
2021-10-29T18:50:47.104+0000	[######################..] benchmark.Twitter	46.3GB/49.1GB (94.2%)
2021-10-29T18:50:50.104+0000	[######################..] benchmark.Twitter	46.3GB/49.1GB (94.3%)
2021-10-29T18:50:53.104+0000	[######################..] benchmark.Twitter	46.4GB/49.1GB (94.4%)
2021-10-29T18:50:56.104+0000	[######################..] benchmark.Twitter	46.4GB/49.1GB (94.5%)
2021-10-29T18:50:59.104+0000	[######################..] benchmark.Twitter	46.5GB/49.1GB (94.6%)
2021-10-29T18:51:02.104+0000	[######################..] benchmark.Twitter	46.5GB/49.1GB (94.7%)
2021-10-29T18:51:05.104+0000	[######################..] benchmark.Twitter	46.6GB/49.1GB (94.8%)
2021-10-29T18:51:08.104+0000	[######################..] benchmark.Twitter	46.6GB/49.1GB (94.9%)
2021-10-29T18:51:11.104+0000	[######################..] benchmark.Twitter	46.7GB/49.1GB (95.0%)
2021-10-29T18:51:14.104+0000	[######################..] benchmark.Twitter	46.8GB/49.1GB (95.2%)
2021-10-29T18:51:17.104+0000	[######################..] benchmark.Twitter	46.8GB/49.1GB (95.3%)
2021-10-29T18:51:20.105+0000	[######################..] benchmark.Twitter	46.9GB/49.1GB (95.4%)
2021-10-29T18:51:23.104+0000	[######################..] benchmark.Twitter	46.9GB/49.1GB (95.5%)
2021-10-29T18:51:26.105+0000	[######################..] benchmark.Twitter	46.9GB/49.1GB (95.5%)
2021-10-29T18:51:29.104+0000	[######################..] benchmark.Twitter	47.0GB/49.1GB (95.6%)
2021-10-29T18:51:32.104+0000	[######################..] benchmark.Twitter	47.0GB/49.1GB (95.7%)
2021-10-29T18:51:35.104+0000	[######################..] benchmark.Twitter	47.1GB/49.1GB (95.8%)
2021-10-29T18:51:38.104+0000	[#######################.] benchmark.Twitter	47.1GB/49.1GB (95.9%)
2021-10-29T18:51:41.104+0000	[#######################.] benchmark.Twitter	47.2GB/49.1GB (96.0%)
2021-10-29T18:51:44.104+0000	[#######################.] benchmark.Twitter	47.2GB/49.1GB (96.1%)
2021-10-29T18:51:47.104+0000	[#######################.] benchmark.Twitter	47.2GB/49.1GB (96.2%)
2021-10-29T18:51:50.104+0000	[#######################.] benchmark.Twitter	47.3GB/49.1GB (96.3%)
2021-10-29T18:51:53.104+0000	[#######################.] benchmark.Twitter	47.4GB/49.1GB (96.4%)
2021-10-29T18:51:56.104+0000	[#######################.] benchmark.Twitter	47.4GB/49.1GB (96.5%)
2021-10-29T18:51:59.105+0000	[#######################.] benchmark.Twitter	47.5GB/49.1GB (96.6%)
2021-10-29T18:52:02.104+0000	[#######################.] benchmark.Twitter	47.5GB/49.1GB (96.7%)
2021-10-29T18:52:05.104+0000	[#######################.] benchmark.Twitter	47.6GB/49.1GB (96.8%)
2021-10-29T18:52:08.104+0000	[#######################.] benchmark.Twitter	47.6GB/49.1GB (96.9%)
2021-10-29T18:52:11.104+0000	[#######################.] benchmark.Twitter	47.7GB/49.1GB (97.0%)
2021-10-29T18:52:14.104+0000	[#######################.] benchmark.Twitter	47.7GB/49.1GB (97.1%)
2021-10-29T18:52:17.104+0000	[#######################.] benchmark.Twitter	47.8GB/49.1GB (97.2%)
2021-10-29T18:52:20.105+0000	[#######################.] benchmark.Twitter	47.8GB/49.1GB (97.4%)
2021-10-29T18:52:23.104+0000	[#######################.] benchmark.Twitter	47.9GB/49.1GB (97.5%)
2021-10-29T18:52:26.104+0000	[#######################.] benchmark.Twitter	47.9GB/49.1GB (97.6%)
2021-10-29T18:52:29.104+0000	[#######################.] benchmark.Twitter	48.0GB/49.1GB (97.7%)
2021-10-29T18:52:32.104+0000	[#######################.] benchmark.Twitter	48.0GB/49.1GB (97.8%)
2021-10-29T18:52:35.104+0000	[#######################.] benchmark.Twitter	48.1GB/49.1GB (97.9%)
2021-10-29T18:52:38.104+0000	[#######################.] benchmark.Twitter	48.1GB/49.1GB (98.0%)
2021-10-29T18:52:41.104+0000	[#######################.] benchmark.Twitter	48.2GB/49.1GB (98.1%)
2021-10-29T18:52:44.104+0000	[#######################.] benchmark.Twitter	48.2GB/49.1GB (98.2%)
2021-10-29T18:52:47.104+0000	[#######################.] benchmark.Twitter	48.3GB/49.1GB (98.3%)
2021-10-29T18:52:50.104+0000	[#######################.] benchmark.Twitter	48.4GB/49.1GB (98.4%)
2021-10-29T18:52:53.105+0000	[#######################.] benchmark.Twitter	48.4GB/49.1GB (98.5%)
2021-10-29T18:52:56.104+0000	[#######################.] benchmark.Twitter	48.5GB/49.1GB (98.6%)
2021-10-29T18:52:59.105+0000	[#######################.] benchmark.Twitter	48.5GB/49.1GB (98.7%)
2021-10-29T18:53:02.104+0000	[#######################.] benchmark.Twitter	48.6GB/49.1GB (98.8%)
2021-10-29T18:53:05.104+0000	[#######################.] benchmark.Twitter	48.6GB/49.1GB (99.0%)
2021-10-29T18:53:08.104+0000	[#######################.] benchmark.Twitter	48.7GB/49.1GB (99.1%)
2021-10-29T18:53:11.104+0000	[#######################.] benchmark.Twitter	48.7GB/49.1GB (99.2%)
2021-10-29T18:53:14.104+0000	[#######################.] benchmark.Twitter	48.8GB/49.1GB (99.3%)
2021-10-29T18:53:17.104+0000	[#######################.] benchmark.Twitter	48.8GB/49.1GB (99.4%)
2021-10-29T18:53:20.104+0000	[#######################.] benchmark.Twitter	48.9GB/49.1GB (99.5%)
2021-10-29T18:53:23.104+0000	[#######################.] benchmark.Twitter	48.9GB/49.1GB (99.6%)
2021-10-29T18:53:26.104+0000	[#######################.] benchmark.Twitter	49.0GB/49.1GB (99.7%)
2021-10-29T18:53:29.104+0000	[#######################.] benchmark.Twitter	49.0GB/49.1GB (99.8%)
2021-10-29T18:53:32.104+0000	[#######################.] benchmark.Twitter	49.1GB/49.1GB (99.9%)
2021-10-29T18:53:34.424+0000	[########################] benchmark.Twitter	49.1GB/49.1GB (100.0%)
2021-10-29T18:53:34.424+0000	13346336 document(s) imported successfully. 0 document(s) failed to import.
mongo-benchmark
MongoDB: 3931.15 s
mongo-benchmark
=== Found Postgres query file, executing Postgres queries ===
= File:'Twitter.json' =
13.4-alpine: Pulling from library/postgres
Digest: sha256:c170270dc9ba94f491375e366fa2cf46d0bc0027e4a69d70e6e9d1454ba748dc
Status: Image is up to date for postgres:13.4-alpine
147d33cf9be971daedb4dde49b10234a5b2bda686d70f404acd9e68fb09e9b37
3
PSQL: 8368.85 s
psql-benchmark
=== Found JQ query file, executing JQ queries ===
Sending build context to Docker daemon  112.1kB
Step 1/2 : FROM alpine
 ---> 14119a10abf4
Step 2/2 : RUN apk add --no-cache --upgrade bash jq
 ---> Using cache
 ---> 91ec4132b45e
Successfully built 91ec4132b45e
Successfully tagged nicotin/jq:05-10-2021
write /dev/stdout: broken pipe
0
JQ: 20068.5 s
jq-benchmark
=== Results ===
= JQ =
Overall: 20068.5
= JODA =
Overall: 113.289
Query Time: 54.366
12.211700275
6.702946494
5.747341869
5.244282139
3.815461347
4.326714017
3.98334776
4.331968383
3.857465492
4.144735162
= Mongo =
Overall: 3931.15
165.378
144.625
143.709
159.03
64.231
67.893
82.952
82.22
78.682
76.494
Query Time: 1065.21
= PostgreSQL =
Overall: 8368.85
=== AGG Results ===
= JQ =
5073309
1985718
1423329
1253365
4467128
970479
434583
226865
79126
56933
= JODA =
13346336
5073309
1985718
1423329
1253365
4467128
970479
434583
226865
79126
56933
= Mongo =
5073309
1985718
1423329
1253365
4467128
970479
434583
226865
79126
56933
= PostgreSQL =
 5073309
 1985718
 1423329
 1253365
 4456547
 959898
 424002
 216709
 68970
 48900
