=== Found JODA query file, executing JODA queries ===
= File:'NoBench.json' =
0.12.3: Pulling from nicotin/joda
Digest: sha256:6c0c6b4a19967ae02ef348535acdb3eb8496453a8b868763c34370e10be0192f
Status: Image is up to date for nicotin/joda:0.12.3
9a0867d05b1287a410fbb28e0206a1737627109d9f4803dbfcaf6b21eac28989
0
JODA: 6.02789 s
joda-benchmark
=== Found MongoDB query file, executing MongoDB queries ===
= File:'NoBench.json' =
5.0.3-focal: Pulling from library/mongo
Digest: sha256:f7c401402aa3e689fc42c7109247ab2d5a3e3b4b8a3ace4c2bf7a5fc74ca4917
Status: Image is up to date for mongo:5.0.3-focal
baeef97da38ac60d450ff857aa74d210fad7a2db7a3d487cd850506c0196d7b6
2021-11-08T19:47:25.502+0000	connected to: mongodb://localhost/
2021-11-08T19:47:28.503+0000	[........................] benchmark.NoBench	17.3MB/574MB (3.0%)
2021-11-08T19:47:31.503+0000	[#.......................] benchmark.NoBench	30.5MB/574MB (5.3%)
2021-11-08T19:47:34.502+0000	[#.......................] benchmark.NoBench	44.2MB/574MB (7.7%)
2021-11-08T19:47:37.503+0000	[##......................] benchmark.NoBench	57.9MB/574MB (10.1%)
2021-11-08T19:47:40.502+0000	[##......................] benchmark.NoBench	70.9MB/574MB (12.4%)
2021-11-08T19:47:43.503+0000	[###.....................] benchmark.NoBench	83.3MB/574MB (14.5%)
2021-11-08T19:47:46.510+0000	[####....................] benchmark.NoBench	97.4MB/574MB (17.0%)
2021-11-08T19:47:49.504+0000	[####....................] benchmark.NoBench	112MB/574MB (19.5%)
2021-11-08T19:47:52.503+0000	[#####...................] benchmark.NoBench	125MB/574MB (21.7%)
2021-11-08T19:47:55.521+0000	[#####...................] benchmark.NoBench	139MB/574MB (24.2%)
2021-11-08T19:47:58.506+0000	[######..................] benchmark.NoBench	152MB/574MB (26.6%)
2021-11-08T19:48:01.510+0000	[######..................] benchmark.NoBench	166MB/574MB (29.0%)
2021-11-08T19:48:04.502+0000	[#######.................] benchmark.NoBench	182MB/574MB (31.7%)
2021-11-08T19:48:07.504+0000	[########................] benchmark.NoBench	197MB/574MB (34.3%)
2021-11-08T19:48:10.503+0000	[########................] benchmark.NoBench	210MB/574MB (36.7%)
2021-11-08T19:48:13.505+0000	[#########...............] benchmark.NoBench	224MB/574MB (39.0%)
2021-11-08T19:48:16.504+0000	[#########...............] benchmark.NoBench	237MB/574MB (41.4%)
2021-11-08T19:48:19.502+0000	[##########..............] benchmark.NoBench	253MB/574MB (44.0%)
2021-11-08T19:48:22.502+0000	[###########.............] benchmark.NoBench	266MB/574MB (46.3%)
2021-11-08T19:48:25.503+0000	[###########.............] benchmark.NoBench	280MB/574MB (48.8%)
2021-11-08T19:48:28.504+0000	[############............] benchmark.NoBench	295MB/574MB (51.5%)
2021-11-08T19:48:31.503+0000	[#############...........] benchmark.NoBench	311MB/574MB (54.3%)
2021-11-08T19:48:34.503+0000	[#############...........] benchmark.NoBench	326MB/574MB (56.8%)
2021-11-08T19:48:37.502+0000	[##############..........] benchmark.NoBench	340MB/574MB (59.2%)
2021-11-08T19:48:40.502+0000	[##############..........] benchmark.NoBench	355MB/574MB (62.0%)
2021-11-08T19:48:43.503+0000	[###############.........] benchmark.NoBench	369MB/574MB (64.3%)
2021-11-08T19:48:46.502+0000	[###############.........] benchmark.NoBench	382MB/574MB (66.6%)
2021-11-08T19:48:49.502+0000	[################........] benchmark.NoBench	397MB/574MB (69.2%)
2021-11-08T19:48:52.502+0000	[#################.......] benchmark.NoBench	411MB/574MB (71.7%)
2021-11-08T19:48:55.502+0000	[#################.......] benchmark.NoBench	427MB/574MB (74.4%)
2021-11-08T19:48:58.502+0000	[##################......] benchmark.NoBench	442MB/574MB (77.0%)
2021-11-08T19:49:01.503+0000	[###################.....] benchmark.NoBench	456MB/574MB (79.4%)
2021-11-08T19:49:04.514+0000	[###################.....] benchmark.NoBench	470MB/574MB (82.0%)
2021-11-08T19:49:07.506+0000	[####################....] benchmark.NoBench	484MB/574MB (84.5%)
2021-11-08T19:49:10.502+0000	[####################....] benchmark.NoBench	501MB/574MB (87.4%)
2021-11-08T19:49:13.503+0000	[#####################...] benchmark.NoBench	515MB/574MB (89.8%)
2021-11-08T19:49:16.511+0000	[######################..] benchmark.NoBench	530MB/574MB (92.5%)
2021-11-08T19:49:19.504+0000	[######################..] benchmark.NoBench	545MB/574MB (95.0%)
2021-11-08T19:49:22.504+0000	[#######################.] benchmark.NoBench	560MB/574MB (97.6%)
2021-11-08T19:49:25.257+0000	[########################] benchmark.NoBench	574MB/574MB (100.0%)
2021-11-08T19:49:25.257+0000	1000000 document(s) imported successfully. 0 document(s) failed to import.
mongo-benchmark
MongoDB: 163.706 s
mongo-benchmark
=== Found Postgres query file, executing Postgres queries ===
= File:'NoBench.json' =
13.4-alpine: Pulling from library/postgres
Digest: sha256:c170270dc9ba94f491375e366fa2cf46d0bc0027e4a69d70e6e9d1454ba748dc
Status: Image is up to date for postgres:13.4-alpine
3e4901be3e477daa08037cd4f97e07fdaf7fecde0f6b998e91de79182955d45c
3
PSQL: 38.5218 s
psql-benchmark
=== Results ===
= JQ =
Overall: 
= JODA =
Overall: 6.02789
Query Time: 2.74847
0.25200686
0.155640478
0.237284394
0.282725306
0.288285744
0.167908648
0.324095927
0.319690263
0.360427938
0.36040398
= Mongo =
Overall: 163.706
2.593
4.583
5.17
3.899
4.967
3.369
5.298
5.238
3.921
3.05
Query Time: 42.088
= PostgreSQL =
Overall: 38.5218
=== AGG Results ===
= JQ =

= JODA =
1000000
346717
745481
739140
383933
155590
22994
49322
11758
4034
111
= Mongo =
346717
745481
739140
383933
155590
22994
49322
11758
4034
111
= PostgreSQL =
 346717
 745481
 739140
 383933
 155590
 22994
 49322
 11758
  4034
   111
