=== Found JODA query file, executing JODA queries ===
= File:'Twitter.json' =
0.12.2: Pulling from nicotin/joda
Digest: sha256:f5e9052c3cc1af5f34dcaa9442d46f2baf40a6a1b6fc3a0d59558d49b5ec8fcf
Status: Image is up to date for nicotin/joda:0.12.2
851122fc63b9c65c9645df7e5f2a85bbef8133a576f335f8ccad2f41e8e437f1
0
JODA: 141.655 s
joda-benchmark
=== Found MongoDB query file, executing MongoDB queries ===
= File:'Twitter.json' =
5.0.3-focal: Pulling from library/mongo
Digest: sha256:f7c401402aa3e689fc42c7109247ab2d5a3e3b4b8a3ace4c2bf7a5fc74ca4917
Status: Image is up to date for mongo:5.0.3-focal
88a1941ca3f798b619a4b9e102b97a78cc334cfcfd399adedb4f767ca35f04f5
2021-10-28T15:45:42.121+0000	connected to: mongodb://localhost/
2021-10-28T15:45:45.121+0000	[........................] benchmark.Twitter	67.6MB/49.1GB (0.1%)
2021-10-28T15:45:48.121+0000	[........................] benchmark.Twitter	142MB/49.1GB (0.3%)
2021-10-28T15:45:51.121+0000	[........................] benchmark.Twitter	217MB/49.1GB (0.4%)
2021-10-28T15:45:54.121+0000	[........................] benchmark.Twitter	291MB/49.1GB (0.6%)
2021-10-28T15:45:57.121+0000	[........................] benchmark.Twitter	367MB/49.1GB (0.7%)
2021-10-28T15:46:00.121+0000	[........................] benchmark.Twitter	440MB/49.1GB (0.9%)
2021-10-28T15:46:03.121+0000	[........................] benchmark.Twitter	515MB/49.1GB (1.0%)
2021-10-28T15:46:06.121+0000	[........................] benchmark.Twitter	593MB/49.1GB (1.2%)
2021-10-28T15:46:09.121+0000	[........................] benchmark.Twitter	669MB/49.1GB (1.3%)
2021-10-28T15:46:12.121+0000	[........................] benchmark.Twitter	745MB/49.1GB (1.5%)
2021-10-28T15:46:15.121+0000	[........................] benchmark.Twitter	820MB/49.1GB (1.6%)
2021-10-28T15:46:18.121+0000	[........................] benchmark.Twitter	894MB/49.1GB (1.8%)
2021-10-28T15:46:21.122+0000	[........................] benchmark.Twitter	970MB/49.1GB (1.9%)
2021-10-28T15:46:24.121+0000	[........................] benchmark.Twitter	1.02GB/49.1GB (2.1%)
2021-10-28T15:46:27.121+0000	[........................] benchmark.Twitter	1.09GB/49.1GB (2.2%)
2021-10-28T15:46:30.121+0000	[........................] benchmark.Twitter	1.17GB/49.1GB (2.4%)
2021-10-28T15:46:33.121+0000	[........................] benchmark.Twitter	1.24GB/49.1GB (2.5%)
2021-10-28T15:46:36.121+0000	[........................] benchmark.Twitter	1.32GB/49.1GB (2.7%)
2021-10-28T15:46:39.121+0000	[........................] benchmark.Twitter	1.39GB/49.1GB (2.8%)
2021-10-28T15:46:42.123+0000	[........................] benchmark.Twitter	1.46GB/49.1GB (3.0%)
2021-10-28T15:46:45.121+0000	[........................] benchmark.Twitter	1.53GB/49.1GB (3.1%)
2021-10-28T15:46:48.121+0000	[........................] benchmark.Twitter	1.61GB/49.1GB (3.3%)
2021-10-28T15:46:51.122+0000	[........................] benchmark.Twitter	1.68GB/49.1GB (3.4%)
2021-10-28T15:46:54.121+0000	[........................] benchmark.Twitter	1.75GB/49.1GB (3.6%)
2021-10-28T15:46:57.121+0000	[........................] benchmark.Twitter	1.83GB/49.1GB (3.7%)
2021-10-28T15:47:00.121+0000	[........................] benchmark.Twitter	1.90GB/49.1GB (3.9%)
2021-10-28T15:47:03.121+0000	[........................] benchmark.Twitter	1.97GB/49.1GB (4.0%)
2021-10-28T15:47:06.122+0000	[........................] benchmark.Twitter	2.04GB/49.1GB (4.2%)
2021-10-28T15:47:09.121+0000	[#.......................] benchmark.Twitter	2.10GB/49.1GB (4.3%)
2021-10-28T15:47:12.121+0000	[#.......................] benchmark.Twitter	2.17GB/49.1GB (4.4%)
2021-10-28T15:47:15.121+0000	[#.......................] benchmark.Twitter	2.23GB/49.1GB (4.5%)
2021-10-28T15:47:18.121+0000	[#.......................] benchmark.Twitter	2.29GB/49.1GB (4.7%)
2021-10-28T15:47:21.121+0000	[#.......................] benchmark.Twitter	2.36GB/49.1GB (4.8%)
2021-10-28T15:47:24.122+0000	[#.......................] benchmark.Twitter	2.44GB/49.1GB (5.0%)
2021-10-28T15:47:27.121+0000	[#.......................] benchmark.Twitter	2.51GB/49.1GB (5.1%)
2021-10-28T15:47:30.121+0000	[#.......................] benchmark.Twitter	2.58GB/49.1GB (5.3%)
2021-10-28T15:47:33.121+0000	[#.......................] benchmark.Twitter	2.66GB/49.1GB (5.4%)
2021-10-28T15:47:36.122+0000	[#.......................] benchmark.Twitter	2.73GB/49.1GB (5.6%)
2021-10-28T15:47:39.121+0000	[#.......................] benchmark.Twitter	2.81GB/49.1GB (5.7%)
2021-10-28T15:47:42.121+0000	[#.......................] benchmark.Twitter	2.88GB/49.1GB (5.9%)
2021-10-28T15:47:45.121+0000	[#.......................] benchmark.Twitter	2.96GB/49.1GB (6.0%)
2021-10-28T15:47:48.122+0000	[#.......................] benchmark.Twitter	3.03GB/49.1GB (6.2%)
2021-10-28T15:47:51.122+0000	[#.......................] benchmark.Twitter	3.10GB/49.1GB (6.3%)
2021-10-28T15:47:54.122+0000	[#.......................] benchmark.Twitter	3.17GB/49.1GB (6.5%)
2021-10-28T15:47:57.121+0000	[#.......................] benchmark.Twitter	3.25GB/49.1GB (6.6%)
2021-10-28T15:48:00.121+0000	[#.......................] benchmark.Twitter	3.32GB/49.1GB (6.8%)
2021-10-28T15:48:03.121+0000	[#.......................] benchmark.Twitter	3.40GB/49.1GB (6.9%)
2021-10-28T15:48:06.122+0000	[#.......................] benchmark.Twitter	3.47GB/49.1GB (7.1%)
2021-10-28T15:48:09.121+0000	[#.......................] benchmark.Twitter	3.55GB/49.1GB (7.2%)
2021-10-28T15:48:12.121+0000	[#.......................] benchmark.Twitter	3.62GB/49.1GB (7.4%)
2021-10-28T15:48:15.121+0000	[#.......................] benchmark.Twitter	3.69GB/49.1GB (7.5%)
2021-10-28T15:48:18.121+0000	[#.......................] benchmark.Twitter	3.77GB/49.1GB (7.7%)
2021-10-28T15:48:21.121+0000	[#.......................] benchmark.Twitter	3.84GB/49.1GB (7.8%)
2021-10-28T15:48:24.121+0000	[#.......................] benchmark.Twitter	3.92GB/49.1GB (8.0%)
2021-10-28T15:48:27.122+0000	[#.......................] benchmark.Twitter	3.99GB/49.1GB (8.1%)
2021-10-28T15:48:30.122+0000	[#.......................] benchmark.Twitter	4.07GB/49.1GB (8.3%)
2021-10-28T15:48:33.121+0000	[##......................] benchmark.Twitter	4.14GB/49.1GB (8.4%)
2021-10-28T15:48:36.121+0000	[##......................] benchmark.Twitter	4.21GB/49.1GB (8.6%)
2021-10-28T15:48:39.121+0000	[##......................] benchmark.Twitter	4.29GB/49.1GB (8.7%)
2021-10-28T15:48:42.121+0000	[##......................] benchmark.Twitter	4.37GB/49.1GB (8.9%)
2021-10-28T15:48:45.122+0000	[##......................] benchmark.Twitter	4.44GB/49.1GB (9.0%)
2021-10-28T15:48:48.121+0000	[##......................] benchmark.Twitter	4.51GB/49.1GB (9.2%)
2021-10-28T15:48:51.121+0000	[##......................] benchmark.Twitter	4.59GB/49.1GB (9.3%)
2021-10-28T15:48:54.121+0000	[##......................] benchmark.Twitter	4.66GB/49.1GB (9.5%)
2021-10-28T15:48:57.121+0000	[##......................] benchmark.Twitter	4.73GB/49.1GB (9.6%)
2021-10-28T15:49:00.121+0000	[##......................] benchmark.Twitter	4.81GB/49.1GB (9.8%)
2021-10-28T15:49:03.122+0000	[##......................] benchmark.Twitter	4.88GB/49.1GB (9.9%)
2021-10-28T15:49:06.121+0000	[##......................] benchmark.Twitter	4.96GB/49.1GB (10.1%)
2021-10-28T15:49:09.121+0000	[##......................] benchmark.Twitter	5.03GB/49.1GB (10.2%)
2021-10-28T15:49:12.121+0000	[##......................] benchmark.Twitter	5.10GB/49.1GB (10.4%)
2021-10-28T15:49:15.122+0000	[##......................] benchmark.Twitter	5.18GB/49.1GB (10.5%)
2021-10-28T15:49:18.121+0000	[##......................] benchmark.Twitter	5.25GB/49.1GB (10.7%)
2021-10-28T15:49:21.121+0000	[##......................] benchmark.Twitter	5.32GB/49.1GB (10.8%)
2021-10-28T15:49:24.121+0000	[##......................] benchmark.Twitter	5.38GB/49.1GB (11.0%)
2021-10-28T15:49:27.121+0000	[##......................] benchmark.Twitter	5.45GB/49.1GB (11.1%)
2021-10-28T15:49:30.121+0000	[##......................] benchmark.Twitter	5.52GB/49.1GB (11.2%)
2021-10-28T15:49:33.121+0000	[##......................] benchmark.Twitter	5.58GB/49.1GB (11.4%)
2021-10-28T15:49:36.121+0000	[##......................] benchmark.Twitter	5.65GB/49.1GB (11.5%)
2021-10-28T15:49:39.121+0000	[##......................] benchmark.Twitter	5.72GB/49.1GB (11.6%)
2021-10-28T15:49:42.121+0000	[##......................] benchmark.Twitter	5.78GB/49.1GB (11.8%)
2021-10-28T15:49:45.121+0000	[##......................] benchmark.Twitter	5.85GB/49.1GB (11.9%)
2021-10-28T15:49:48.122+0000	[##......................] benchmark.Twitter	5.91GB/49.1GB (12.0%)
2021-10-28T15:49:51.121+0000	[##......................] benchmark.Twitter	5.98GB/49.1GB (12.2%)
2021-10-28T15:49:54.121+0000	[##......................] benchmark.Twitter	6.05GB/49.1GB (12.3%)
2021-10-28T15:49:57.121+0000	[##......................] benchmark.Twitter	6.12GB/49.1GB (12.5%)
2021-10-28T15:50:00.121+0000	[###.....................] benchmark.Twitter	6.19GB/49.1GB (12.6%)
2021-10-28T15:50:03.121+0000	[###.....................] benchmark.Twitter	6.27GB/49.1GB (12.8%)
2021-10-28T15:50:06.122+0000	[###.....................] benchmark.Twitter	6.34GB/49.1GB (12.9%)
2021-10-28T15:50:09.121+0000	[###.....................] benchmark.Twitter	6.41GB/49.1GB (13.1%)
2021-10-28T15:50:12.121+0000	[###.....................] benchmark.Twitter	6.49GB/49.1GB (13.2%)
2021-10-28T15:50:15.121+0000	[###.....................] benchmark.Twitter	6.56GB/49.1GB (13.3%)
2021-10-28T15:50:18.121+0000	[###.....................] benchmark.Twitter	6.63GB/49.1GB (13.5%)
2021-10-28T15:50:21.121+0000	[###.....................] benchmark.Twitter	6.71GB/49.1GB (13.6%)
2021-10-28T15:50:24.122+0000	[###.....................] benchmark.Twitter	6.78GB/49.1GB (13.8%)
2021-10-28T15:50:27.121+0000	[###.....................] benchmark.Twitter	6.85GB/49.1GB (14.0%)
2021-10-28T15:50:30.121+0000	[###.....................] benchmark.Twitter	6.93GB/49.1GB (14.1%)
2021-10-28T15:50:33.121+0000	[###.....................] benchmark.Twitter	7.00GB/49.1GB (14.3%)
2021-10-28T15:50:36.122+0000	[###.....................] benchmark.Twitter	7.07GB/49.1GB (14.4%)
2021-10-28T15:50:39.121+0000	[###.....................] benchmark.Twitter	7.15GB/49.1GB (14.5%)
2021-10-28T15:50:42.122+0000	[###.....................] benchmark.Twitter	7.22GB/49.1GB (14.7%)
2021-10-28T15:50:45.122+0000	[###.....................] benchmark.Twitter	7.30GB/49.1GB (14.8%)
2021-10-28T15:50:48.121+0000	[###.....................] benchmark.Twitter	7.37GB/49.1GB (15.0%)
2021-10-28T15:50:51.121+0000	[###.....................] benchmark.Twitter	7.44GB/49.1GB (15.1%)
2021-10-28T15:50:54.121+0000	[###.....................] benchmark.Twitter	7.52GB/49.1GB (15.3%)
2021-10-28T15:50:57.121+0000	[###.....................] benchmark.Twitter	7.59GB/49.1GB (15.5%)
2021-10-28T15:51:00.121+0000	[###.....................] benchmark.Twitter	7.67GB/49.1GB (15.6%)
2021-10-28T15:51:03.121+0000	[###.....................] benchmark.Twitter	7.74GB/49.1GB (15.8%)
2021-10-28T15:51:06.121+0000	[###.....................] benchmark.Twitter	7.81GB/49.1GB (15.9%)
2021-10-28T15:51:09.122+0000	[###.....................] benchmark.Twitter	7.89GB/49.1GB (16.0%)
2021-10-28T15:51:12.121+0000	[###.....................] benchmark.Twitter	7.96GB/49.1GB (16.2%)
2021-10-28T15:51:15.121+0000	[###.....................] benchmark.Twitter	8.04GB/49.1GB (16.4%)
2021-10-28T15:51:18.121+0000	[###.....................] benchmark.Twitter	8.11GB/49.1GB (16.5%)
2021-10-28T15:51:21.121+0000	[###.....................] benchmark.Twitter	8.18GB/49.1GB (16.7%)
2021-10-28T15:51:24.121+0000	[####....................] benchmark.Twitter	8.26GB/49.1GB (16.8%)
2021-10-28T15:51:27.121+0000	[####....................] benchmark.Twitter	8.33GB/49.1GB (17.0%)
2021-10-28T15:51:30.122+0000	[####....................] benchmark.Twitter	8.40GB/49.1GB (17.1%)
2021-10-28T15:51:33.121+0000	[####....................] benchmark.Twitter	8.48GB/49.1GB (17.3%)
2021-10-28T15:51:36.122+0000	[####....................] benchmark.Twitter	8.55GB/49.1GB (17.4%)
2021-10-28T15:51:39.122+0000	[####....................] benchmark.Twitter	8.63GB/49.1GB (17.6%)
2021-10-28T15:51:42.121+0000	[####....................] benchmark.Twitter	8.70GB/49.1GB (17.7%)
2021-10-28T15:51:45.121+0000	[####....................] benchmark.Twitter	8.78GB/49.1GB (17.9%)
2021-10-28T15:51:48.122+0000	[####....................] benchmark.Twitter	8.85GB/49.1GB (18.0%)
2021-10-28T15:51:51.121+0000	[####....................] benchmark.Twitter	8.91GB/49.1GB (18.1%)
2021-10-28T15:51:54.121+0000	[####....................] benchmark.Twitter	8.98GB/49.1GB (18.3%)
2021-10-28T15:51:57.121+0000	[####....................] benchmark.Twitter	9.05GB/49.1GB (18.4%)
2021-10-28T15:52:00.121+0000	[####....................] benchmark.Twitter	9.11GB/49.1GB (18.5%)
2021-10-28T15:52:03.122+0000	[####....................] benchmark.Twitter	9.17GB/49.1GB (18.7%)
2021-10-28T15:52:06.122+0000	[####....................] benchmark.Twitter	9.24GB/49.1GB (18.8%)
2021-10-28T15:52:09.121+0000	[####....................] benchmark.Twitter	9.31GB/49.1GB (18.9%)
2021-10-28T15:52:12.122+0000	[####....................] benchmark.Twitter	9.37GB/49.1GB (19.1%)
2021-10-28T15:52:15.122+0000	[####....................] benchmark.Twitter	9.43GB/49.1GB (19.2%)
2021-10-28T15:52:18.122+0000	[####....................] benchmark.Twitter	9.50GB/49.1GB (19.3%)
2021-10-28T15:52:21.121+0000	[####....................] benchmark.Twitter	9.56GB/49.1GB (19.5%)
2021-10-28T15:52:24.121+0000	[####....................] benchmark.Twitter	9.64GB/49.1GB (19.6%)
2021-10-28T15:52:27.121+0000	[####....................] benchmark.Twitter	9.71GB/49.1GB (19.8%)
2021-10-28T15:52:30.121+0000	[####....................] benchmark.Twitter	9.78GB/49.1GB (19.9%)
2021-10-28T15:52:33.121+0000	[####....................] benchmark.Twitter	9.86GB/49.1GB (20.1%)
2021-10-28T15:52:36.122+0000	[####....................] benchmark.Twitter	9.93GB/49.1GB (20.2%)
2021-10-28T15:52:39.121+0000	[####....................] benchmark.Twitter	10.0GB/49.1GB (20.4%)
2021-10-28T15:52:42.122+0000	[####....................] benchmark.Twitter	10.1GB/49.1GB (20.5%)
2021-10-28T15:52:45.121+0000	[####....................] benchmark.Twitter	10.2GB/49.1GB (20.7%)
2021-10-28T15:52:48.121+0000	[####....................] benchmark.Twitter	10.2GB/49.1GB (20.8%)
2021-10-28T15:52:51.122+0000	[#####...................] benchmark.Twitter	10.3GB/49.1GB (21.0%)
2021-10-28T15:52:54.121+0000	[#####...................] benchmark.Twitter	10.4GB/49.1GB (21.1%)
2021-10-28T15:52:57.121+0000	[#####...................] benchmark.Twitter	10.4GB/49.1GB (21.3%)
2021-10-28T15:53:00.121+0000	[#####...................] benchmark.Twitter	10.5GB/49.1GB (21.4%)
2021-10-28T15:53:03.122+0000	[#####...................] benchmark.Twitter	10.6GB/49.1GB (21.6%)
2021-10-28T15:53:06.122+0000	[#####...................] benchmark.Twitter	10.7GB/49.1GB (21.7%)
2021-10-28T15:53:09.122+0000	[#####...................] benchmark.Twitter	10.8GB/49.1GB (21.9%)
2021-10-28T15:53:12.122+0000	[#####...................] benchmark.Twitter	10.8GB/49.1GB (22.0%)
2021-10-28T15:53:15.121+0000	[#####...................] benchmark.Twitter	10.9GB/49.1GB (22.2%)
2021-10-28T15:53:18.122+0000	[#####...................] benchmark.Twitter	11.0GB/49.1GB (22.3%)
2021-10-28T15:53:21.122+0000	[#####...................] benchmark.Twitter	11.0GB/49.1GB (22.5%)
2021-10-28T15:53:24.122+0000	[#####...................] benchmark.Twitter	11.1GB/49.1GB (22.6%)
2021-10-28T15:53:27.121+0000	[#####...................] benchmark.Twitter	11.2GB/49.1GB (22.8%)
2021-10-28T15:53:30.121+0000	[#####...................] benchmark.Twitter	11.3GB/49.1GB (22.9%)
2021-10-28T15:53:33.121+0000	[#####...................] benchmark.Twitter	11.3GB/49.1GB (23.1%)
2021-10-28T15:53:36.121+0000	[#####...................] benchmark.Twitter	11.4GB/49.1GB (23.2%)
2021-10-28T15:53:39.121+0000	[#####...................] benchmark.Twitter	11.5GB/49.1GB (23.4%)
2021-10-28T15:53:42.121+0000	[#####...................] benchmark.Twitter	11.6GB/49.1GB (23.5%)
2021-10-28T15:53:45.122+0000	[#####...................] benchmark.Twitter	11.6GB/49.1GB (23.7%)
2021-10-28T15:53:48.121+0000	[#####...................] benchmark.Twitter	11.7GB/49.1GB (23.9%)
2021-10-28T15:53:51.121+0000	[#####...................] benchmark.Twitter	11.8GB/49.1GB (24.0%)
2021-10-28T15:53:54.121+0000	[#####...................] benchmark.Twitter	11.9GB/49.1GB (24.2%)
2021-10-28T15:53:57.121+0000	[#####...................] benchmark.Twitter	11.9GB/49.1GB (24.3%)
2021-10-28T15:54:00.121+0000	[#####...................] benchmark.Twitter	12.0GB/49.1GB (24.4%)
2021-10-28T15:54:03.121+0000	[#####...................] benchmark.Twitter	12.1GB/49.1GB (24.6%)
2021-10-28T15:54:06.121+0000	[#####...................] benchmark.Twitter	12.1GB/49.1GB (24.7%)
2021-10-28T15:54:09.121+0000	[#####...................] benchmark.Twitter	12.2GB/49.1GB (24.8%)
2021-10-28T15:54:12.121+0000	[#####...................] benchmark.Twitter	12.3GB/49.1GB (25.0%)
2021-10-28T15:54:15.121+0000	[######..................] benchmark.Twitter	12.3GB/49.1GB (25.1%)
2021-10-28T15:54:18.121+0000	[######..................] benchmark.Twitter	12.4GB/49.1GB (25.2%)
2021-10-28T15:54:21.122+0000	[######..................] benchmark.Twitter	12.4GB/49.1GB (25.3%)
2021-10-28T15:54:24.121+0000	[######..................] benchmark.Twitter	12.5GB/49.1GB (25.5%)
2021-10-28T15:54:27.121+0000	[######..................] benchmark.Twitter	12.6GB/49.1GB (25.6%)
2021-10-28T15:54:30.122+0000	[######..................] benchmark.Twitter	12.7GB/49.1GB (25.8%)
2021-10-28T15:54:33.122+0000	[######..................] benchmark.Twitter	12.7GB/49.1GB (25.9%)
2021-10-28T15:54:36.121+0000	[######..................] benchmark.Twitter	12.8GB/49.1GB (26.1%)
2021-10-28T15:54:39.121+0000	[######..................] benchmark.Twitter	12.9GB/49.1GB (26.2%)
2021-10-28T15:54:42.122+0000	[######..................] benchmark.Twitter	13.0GB/49.1GB (26.4%)
2021-10-28T15:54:45.122+0000	[######..................] benchmark.Twitter	13.0GB/49.1GB (26.5%)
2021-10-28T15:54:48.121+0000	[######..................] benchmark.Twitter	13.1GB/49.1GB (26.7%)
2021-10-28T15:54:51.121+0000	[######..................] benchmark.Twitter	13.2GB/49.1GB (26.8%)
2021-10-28T15:54:54.121+0000	[######..................] benchmark.Twitter	13.2GB/49.1GB (27.0%)
2021-10-28T15:54:57.121+0000	[######..................] benchmark.Twitter	13.3GB/49.1GB (27.1%)
2021-10-28T15:55:00.121+0000	[######..................] benchmark.Twitter	13.4GB/49.1GB (27.3%)
2021-10-28T15:55:03.121+0000	[######..................] benchmark.Twitter	13.5GB/49.1GB (27.4%)
2021-10-28T15:55:06.121+0000	[######..................] benchmark.Twitter	13.6GB/49.1GB (27.6%)
2021-10-28T15:55:09.122+0000	[######..................] benchmark.Twitter	13.6GB/49.1GB (27.7%)
2021-10-28T15:55:12.121+0000	[######..................] benchmark.Twitter	13.7GB/49.1GB (27.9%)
2021-10-28T15:55:15.122+0000	[######..................] benchmark.Twitter	13.8GB/49.1GB (28.0%)
2021-10-28T15:55:18.121+0000	[######..................] benchmark.Twitter	13.8GB/49.1GB (28.2%)
2021-10-28T15:55:21.122+0000	[######..................] benchmark.Twitter	13.9GB/49.1GB (28.3%)
2021-10-28T15:55:24.121+0000	[######..................] benchmark.Twitter	14.0GB/49.1GB (28.5%)
2021-10-28T15:55:27.121+0000	[######..................] benchmark.Twitter	14.1GB/49.1GB (28.6%)
2021-10-28T15:55:30.122+0000	[######..................] benchmark.Twitter	14.2GB/49.1GB (28.8%)
2021-10-28T15:55:33.121+0000	[######..................] benchmark.Twitter	14.2GB/49.1GB (28.9%)
2021-10-28T15:55:36.121+0000	[######..................] benchmark.Twitter	14.3GB/49.1GB (29.1%)
2021-10-28T15:55:39.121+0000	[#######.................] benchmark.Twitter	14.4GB/49.1GB (29.2%)
2021-10-28T15:55:42.121+0000	[#######.................] benchmark.Twitter	14.4GB/49.1GB (29.4%)
2021-10-28T15:55:45.121+0000	[#######.................] benchmark.Twitter	14.5GB/49.1GB (29.6%)
2021-10-28T15:55:48.121+0000	[#######.................] benchmark.Twitter	14.6GB/49.1GB (29.7%)
2021-10-28T15:55:51.121+0000	[#######.................] benchmark.Twitter	14.7GB/49.1GB (29.9%)
2021-10-28T15:55:54.121+0000	[#######.................] benchmark.Twitter	14.7GB/49.1GB (30.0%)
2021-10-28T15:55:57.121+0000	[#######.................] benchmark.Twitter	14.8GB/49.1GB (30.2%)
2021-10-28T15:56:00.121+0000	[#######.................] benchmark.Twitter	14.9GB/49.1GB (30.3%)
2021-10-28T15:56:03.121+0000	[#######.................] benchmark.Twitter	15.0GB/49.1GB (30.5%)
2021-10-28T15:56:06.121+0000	[#######.................] benchmark.Twitter	15.0GB/49.1GB (30.6%)
2021-10-28T15:56:09.121+0000	[#######.................] benchmark.Twitter	15.1GB/49.1GB (30.7%)
2021-10-28T15:56:12.122+0000	[#######.................] benchmark.Twitter	15.2GB/49.1GB (30.9%)
2021-10-28T15:56:15.122+0000	[#######.................] benchmark.Twitter	15.2GB/49.1GB (31.0%)
2021-10-28T15:56:18.121+0000	[#######.................] benchmark.Twitter	15.3GB/49.1GB (31.1%)
2021-10-28T15:56:21.121+0000	[#######.................] benchmark.Twitter	15.4GB/49.1GB (31.3%)
2021-10-28T15:56:24.121+0000	[#######.................] benchmark.Twitter	15.4GB/49.1GB (31.4%)
2021-10-28T15:56:27.121+0000	[#######.................] benchmark.Twitter	15.5GB/49.1GB (31.5%)
2021-10-28T15:56:30.122+0000	[#######.................] benchmark.Twitter	15.6GB/49.1GB (31.7%)
2021-10-28T15:56:33.121+0000	[#######.................] benchmark.Twitter	15.7GB/49.1GB (31.8%)
2021-10-28T15:56:36.121+0000	[#######.................] benchmark.Twitter	15.7GB/49.1GB (32.0%)
2021-10-28T15:56:39.122+0000	[#######.................] benchmark.Twitter	15.8GB/49.1GB (32.1%)
2021-10-28T15:56:42.121+0000	[#######.................] benchmark.Twitter	15.9GB/49.1GB (32.3%)
2021-10-28T15:56:45.121+0000	[#######.................] benchmark.Twitter	15.9GB/49.1GB (32.4%)
2021-10-28T15:56:48.121+0000	[#######.................] benchmark.Twitter	16.0GB/49.1GB (32.6%)
2021-10-28T15:56:51.122+0000	[#######.................] benchmark.Twitter	16.1GB/49.1GB (32.8%)
2021-10-28T15:56:54.122+0000	[#######.................] benchmark.Twitter	16.2GB/49.1GB (32.9%)
2021-10-28T15:56:57.121+0000	[#######.................] benchmark.Twitter	16.2GB/49.1GB (33.1%)
2021-10-28T15:57:00.121+0000	[#######.................] benchmark.Twitter	16.3GB/49.1GB (33.2%)
2021-10-28T15:57:03.121+0000	[########................] benchmark.Twitter	16.4GB/49.1GB (33.4%)
2021-10-28T15:57:06.121+0000	[########................] benchmark.Twitter	16.5GB/49.1GB (33.5%)
2021-10-28T15:57:09.121+0000	[########................] benchmark.Twitter	16.6GB/49.1GB (33.7%)
2021-10-28T15:57:12.122+0000	[########................] benchmark.Twitter	16.6GB/49.1GB (33.8%)
2021-10-28T15:57:15.121+0000	[########................] benchmark.Twitter	16.7GB/49.1GB (34.0%)
2021-10-28T15:57:18.121+0000	[########................] benchmark.Twitter	16.8GB/49.1GB (34.1%)
2021-10-28T15:57:21.121+0000	[########................] benchmark.Twitter	16.9GB/49.1GB (34.3%)
2021-10-28T15:57:24.121+0000	[########................] benchmark.Twitter	16.9GB/49.1GB (34.4%)
2021-10-28T15:57:27.121+0000	[########................] benchmark.Twitter	17.0GB/49.1GB (34.6%)
2021-10-28T15:57:30.121+0000	[########................] benchmark.Twitter	17.1GB/49.1GB (34.7%)
2021-10-28T15:57:33.121+0000	[########................] benchmark.Twitter	17.1GB/49.1GB (34.9%)
2021-10-28T15:57:36.121+0000	[########................] benchmark.Twitter	17.2GB/49.1GB (35.0%)
2021-10-28T15:57:39.121+0000	[########................] benchmark.Twitter	17.3GB/49.1GB (35.2%)
2021-10-28T15:57:42.122+0000	[########................] benchmark.Twitter	17.4GB/49.1GB (35.3%)
2021-10-28T15:57:45.121+0000	[########................] benchmark.Twitter	17.4GB/49.1GB (35.5%)
2021-10-28T15:57:48.121+0000	[########................] benchmark.Twitter	17.5GB/49.1GB (35.6%)
2021-10-28T15:57:51.121+0000	[########................] benchmark.Twitter	17.6GB/49.1GB (35.8%)
2021-10-28T15:57:54.121+0000	[########................] benchmark.Twitter	17.7GB/49.1GB (35.9%)
2021-10-28T15:57:57.122+0000	[########................] benchmark.Twitter	17.7GB/49.1GB (36.1%)
2021-10-28T15:58:00.121+0000	[########................] benchmark.Twitter	17.8GB/49.1GB (36.2%)
2021-10-28T15:58:03.121+0000	[########................] benchmark.Twitter	17.9GB/49.1GB (36.4%)
2021-10-28T15:58:06.121+0000	[########................] benchmark.Twitter	17.9GB/49.1GB (36.5%)
2021-10-28T15:58:09.121+0000	[########................] benchmark.Twitter	18.0GB/49.1GB (36.7%)
2021-10-28T15:58:12.122+0000	[########................] benchmark.Twitter	18.1GB/49.1GB (36.8%)
2021-10-28T15:58:15.122+0000	[########................] benchmark.Twitter	18.1GB/49.1GB (36.9%)
2021-10-28T15:58:18.121+0000	[########................] benchmark.Twitter	18.2GB/49.1GB (37.1%)
2021-10-28T15:58:21.122+0000	[########................] benchmark.Twitter	18.3GB/49.1GB (37.2%)
2021-10-28T15:58:24.121+0000	[########................] benchmark.Twitter	18.3GB/49.1GB (37.3%)
2021-10-28T15:58:27.122+0000	[########................] benchmark.Twitter	18.4GB/49.1GB (37.4%)
2021-10-28T15:58:30.122+0000	[#########...............] benchmark.Twitter	18.5GB/49.1GB (37.6%)
2021-10-28T15:58:33.121+0000	[#########...............] benchmark.Twitter	18.5GB/49.1GB (37.7%)
2021-10-28T15:58:36.121+0000	[#########...............] benchmark.Twitter	18.6GB/49.1GB (37.9%)
2021-10-28T15:58:39.121+0000	[#########...............] benchmark.Twitter	18.7GB/49.1GB (38.0%)
2021-10-28T15:58:42.121+0000	[#########...............] benchmark.Twitter	18.8GB/49.1GB (38.2%)
2021-10-28T15:58:45.121+0000	[#########...............] benchmark.Twitter	18.8GB/49.1GB (38.3%)
2021-10-28T15:58:48.122+0000	[#########...............] benchmark.Twitter	18.9GB/49.1GB (38.5%)
2021-10-28T15:58:51.121+0000	[#########...............] benchmark.Twitter	19.0GB/49.1GB (38.6%)
2021-10-28T15:58:54.121+0000	[#########...............] benchmark.Twitter	19.1GB/49.1GB (38.8%)
2021-10-28T15:58:57.122+0000	[#########...............] benchmark.Twitter	19.1GB/49.1GB (38.9%)
2021-10-28T15:59:00.121+0000	[#########...............] benchmark.Twitter	19.2GB/49.1GB (39.1%)
2021-10-28T15:59:03.122+0000	[#########...............] benchmark.Twitter	19.3GB/49.1GB (39.2%)
2021-10-28T15:59:06.121+0000	[#########...............] benchmark.Twitter	19.3GB/49.1GB (39.4%)
2021-10-28T15:59:09.122+0000	[#########...............] benchmark.Twitter	19.4GB/49.1GB (39.5%)
2021-10-28T15:59:12.122+0000	[#########...............] benchmark.Twitter	19.5GB/49.1GB (39.7%)
2021-10-28T15:59:15.123+0000	[#########...............] benchmark.Twitter	19.6GB/49.1GB (39.8%)
2021-10-28T15:59:18.121+0000	[#########...............] benchmark.Twitter	19.6GB/49.1GB (40.0%)
2021-10-28T15:59:21.121+0000	[#########...............] benchmark.Twitter	19.7GB/49.1GB (40.1%)
2021-10-28T15:59:24.122+0000	[#########...............] benchmark.Twitter	19.8GB/49.1GB (40.3%)
2021-10-28T15:59:27.121+0000	[#########...............] benchmark.Twitter	19.9GB/49.1GB (40.4%)
2021-10-28T15:59:30.121+0000	[#########...............] benchmark.Twitter	19.9GB/49.1GB (40.6%)
2021-10-28T15:59:33.121+0000	[#########...............] benchmark.Twitter	20.0GB/49.1GB (40.7%)
2021-10-28T15:59:36.121+0000	[#########...............] benchmark.Twitter	20.1GB/49.1GB (40.9%)
2021-10-28T15:59:39.121+0000	[#########...............] benchmark.Twitter	20.1GB/49.1GB (41.0%)
2021-10-28T15:59:42.121+0000	[#########...............] benchmark.Twitter	20.2GB/49.1GB (41.1%)
2021-10-28T15:59:45.121+0000	[#########...............] benchmark.Twitter	20.3GB/49.1GB (41.2%)
2021-10-28T15:59:48.122+0000	[#########...............] benchmark.Twitter	20.3GB/49.1GB (41.4%)
2021-10-28T15:59:51.121+0000	[#########...............] benchmark.Twitter	20.4GB/49.1GB (41.5%)
2021-10-28T15:59:54.121+0000	[#########...............] benchmark.Twitter	20.5GB/49.1GB (41.6%)
2021-10-28T15:59:57.121+0000	[##########..............] benchmark.Twitter	20.5GB/49.1GB (41.8%)
2021-10-28T16:00:00.121+0000	[##########..............] benchmark.Twitter	20.6GB/49.1GB (41.9%)
2021-10-28T16:00:03.121+0000	[##########..............] benchmark.Twitter	20.7GB/49.1GB (42.1%)
2021-10-28T16:00:06.121+0000	[##########..............] benchmark.Twitter	20.8GB/49.1GB (42.2%)
2021-10-28T16:00:09.121+0000	[##########..............] benchmark.Twitter	20.8GB/49.1GB (42.4%)
2021-10-28T16:00:12.121+0000	[##########..............] benchmark.Twitter	20.9GB/49.1GB (42.5%)
2021-10-28T16:00:15.121+0000	[##########..............] benchmark.Twitter	21.0GB/49.1GB (42.7%)
2021-10-28T16:00:18.121+0000	[##########..............] benchmark.Twitter	21.1GB/49.1GB (42.8%)
2021-10-28T16:00:21.121+0000	[##########..............] benchmark.Twitter	21.1GB/49.1GB (43.0%)
2021-10-28T16:00:24.122+0000	[##########..............] benchmark.Twitter	21.2GB/49.1GB (43.2%)
2021-10-28T16:00:27.122+0000	[##########..............] benchmark.Twitter	21.3GB/49.1GB (43.3%)
2021-10-28T16:00:30.121+0000	[##########..............] benchmark.Twitter	21.4GB/49.1GB (43.5%)
2021-10-28T16:00:33.121+0000	[##########..............] benchmark.Twitter	21.4GB/49.1GB (43.6%)
2021-10-28T16:00:36.122+0000	[##########..............] benchmark.Twitter	21.5GB/49.1GB (43.8%)
2021-10-28T16:00:39.121+0000	[##########..............] benchmark.Twitter	21.6GB/49.1GB (43.9%)
2021-10-28T16:00:42.121+0000	[##########..............] benchmark.Twitter	21.6GB/49.1GB (44.1%)
2021-10-28T16:00:45.121+0000	[##########..............] benchmark.Twitter	21.7GB/49.1GB (44.2%)
2021-10-28T16:00:48.121+0000	[##########..............] benchmark.Twitter	21.8GB/49.1GB (44.4%)
2021-10-28T16:00:51.121+0000	[##########..............] benchmark.Twitter	21.9GB/49.1GB (44.5%)
2021-10-28T16:00:54.122+0000	[##########..............] benchmark.Twitter	21.9GB/49.1GB (44.7%)
2021-10-28T16:00:57.121+0000	[##########..............] benchmark.Twitter	22.0GB/49.1GB (44.8%)
2021-10-28T16:01:00.121+0000	[##########..............] benchmark.Twitter	22.1GB/49.1GB (45.0%)
2021-10-28T16:01:03.121+0000	[##########..............] benchmark.Twitter	22.2GB/49.1GB (45.1%)
2021-10-28T16:01:06.121+0000	[##########..............] benchmark.Twitter	22.2GB/49.1GB (45.3%)
2021-10-28T16:01:09.121+0000	[##########..............] benchmark.Twitter	22.3GB/49.1GB (45.4%)
2021-10-28T16:01:12.121+0000	[##########..............] benchmark.Twitter	22.4GB/49.1GB (45.6%)
2021-10-28T16:01:15.121+0000	[##########..............] benchmark.Twitter	22.5GB/49.1GB (45.7%)
2021-10-28T16:01:18.123+0000	[###########.............] benchmark.Twitter	22.5GB/49.1GB (45.9%)
2021-10-28T16:01:21.121+0000	[###########.............] benchmark.Twitter	22.6GB/49.1GB (46.0%)
2021-10-28T16:01:24.121+0000	[###########.............] benchmark.Twitter	22.7GB/49.1GB (46.2%)
2021-10-28T16:01:27.121+0000	[###########.............] benchmark.Twitter	22.8GB/49.1GB (46.3%)
2021-10-28T16:01:30.121+0000	[###########.............] benchmark.Twitter	22.8GB/49.1GB (46.5%)
2021-10-28T16:01:33.122+0000	[###########.............] benchmark.Twitter	22.9GB/49.1GB (46.6%)
2021-10-28T16:01:36.121+0000	[###########.............] benchmark.Twitter	23.0GB/49.1GB (46.8%)
2021-10-28T16:01:39.123+0000	[###########.............] benchmark.Twitter	23.1GB/49.1GB (46.9%)
2021-10-28T16:01:42.121+0000	[###########.............] benchmark.Twitter	23.1GB/49.1GB (47.1%)
2021-10-28T16:01:45.121+0000	[###########.............] benchmark.Twitter	23.2GB/49.1GB (47.2%)
2021-10-28T16:01:48.121+0000	[###########.............] benchmark.Twitter	23.3GB/49.1GB (47.4%)
2021-10-28T16:01:51.121+0000	[###########.............] benchmark.Twitter	23.4GB/49.1GB (47.5%)
2021-10-28T16:01:54.121+0000	[###########.............] benchmark.Twitter	23.4GB/49.1GB (47.7%)
2021-10-28T16:01:57.122+0000	[###########.............] benchmark.Twitter	23.5GB/49.1GB (47.9%)
2021-10-28T16:02:00.122+0000	[###########.............] benchmark.Twitter	23.6GB/49.1GB (48.0%)
2021-10-28T16:02:03.121+0000	[###########.............] benchmark.Twitter	23.7GB/49.1GB (48.2%)
2021-10-28T16:02:06.123+0000	[###########.............] benchmark.Twitter	23.7GB/49.1GB (48.3%)
2021-10-28T16:02:09.121+0000	[###########.............] benchmark.Twitter	23.8GB/49.1GB (48.5%)
2021-10-28T16:02:12.121+0000	[###########.............] benchmark.Twitter	23.9GB/49.1GB (48.6%)
2021-10-28T16:02:15.121+0000	[###########.............] benchmark.Twitter	23.9GB/49.1GB (48.7%)
2021-10-28T16:02:18.121+0000	[###########.............] benchmark.Twitter	24.0GB/49.1GB (48.9%)
2021-10-28T16:02:21.121+0000	[###########.............] benchmark.Twitter	24.1GB/49.1GB (49.0%)
2021-10-28T16:02:24.121+0000	[###########.............] benchmark.Twitter	24.1GB/49.1GB (49.1%)
2021-10-28T16:02:27.122+0000	[###########.............] benchmark.Twitter	24.2GB/49.1GB (49.3%)
2021-10-28T16:02:30.121+0000	[###########.............] benchmark.Twitter	24.3GB/49.1GB (49.4%)
2021-10-28T16:02:33.121+0000	[###########.............] benchmark.Twitter	24.3GB/49.1GB (49.5%)
2021-10-28T16:02:36.121+0000	[###########.............] benchmark.Twitter	24.4GB/49.1GB (49.7%)
2021-10-28T16:02:39.121+0000	[###########.............] benchmark.Twitter	24.5GB/49.1GB (49.8%)
2021-10-28T16:02:42.122+0000	[###########.............] benchmark.Twitter	24.5GB/49.1GB (49.9%)
2021-10-28T16:02:45.121+0000	[############............] benchmark.Twitter	24.6GB/49.1GB (50.1%)
2021-10-28T16:02:48.121+0000	[############............] benchmark.Twitter	24.7GB/49.1GB (50.2%)
2021-10-28T16:02:51.121+0000	[############............] benchmark.Twitter	24.8GB/49.1GB (50.4%)
2021-10-28T16:02:54.121+0000	[############............] benchmark.Twitter	24.8GB/49.1GB (50.5%)
2021-10-28T16:02:57.121+0000	[############............] benchmark.Twitter	24.9GB/49.1GB (50.7%)
2021-10-28T16:03:00.121+0000	[############............] benchmark.Twitter	25.0GB/49.1GB (50.9%)
2021-10-28T16:03:03.122+0000	[############............] benchmark.Twitter	25.1GB/49.1GB (51.0%)
2021-10-28T16:03:06.122+0000	[############............] benchmark.Twitter	25.1GB/49.1GB (51.2%)
2021-10-28T16:03:09.121+0000	[############............] benchmark.Twitter	25.2GB/49.1GB (51.3%)
2021-10-28T16:03:12.121+0000	[############............] benchmark.Twitter	25.3GB/49.1GB (51.5%)
2021-10-28T16:03:15.122+0000	[############............] benchmark.Twitter	25.4GB/49.1GB (51.6%)
2021-10-28T16:03:18.121+0000	[############............] benchmark.Twitter	25.4GB/49.1GB (51.8%)
2021-10-28T16:03:21.122+0000	[############............] benchmark.Twitter	25.5GB/49.1GB (51.9%)
2021-10-28T16:03:24.121+0000	[############............] benchmark.Twitter	25.6GB/49.1GB (52.1%)
2021-10-28T16:03:27.122+0000	[############............] benchmark.Twitter	25.7GB/49.1GB (52.3%)
2021-10-28T16:03:30.121+0000	[############............] benchmark.Twitter	25.8GB/49.1GB (52.4%)
2021-10-28T16:03:33.122+0000	[############............] benchmark.Twitter	25.8GB/49.1GB (52.6%)
2021-10-28T16:03:36.121+0000	[############............] benchmark.Twitter	25.9GB/49.1GB (52.7%)
2021-10-28T16:03:39.121+0000	[############............] benchmark.Twitter	26.0GB/49.1GB (52.9%)
2021-10-28T16:03:42.121+0000	[############............] benchmark.Twitter	26.1GB/49.1GB (53.0%)
2021-10-28T16:03:45.122+0000	[############............] benchmark.Twitter	26.1GB/49.1GB (53.2%)
2021-10-28T16:03:48.122+0000	[############............] benchmark.Twitter	26.2GB/49.1GB (53.3%)
2021-10-28T16:03:51.122+0000	[############............] benchmark.Twitter	26.3GB/49.1GB (53.5%)
2021-10-28T16:03:54.122+0000	[############............] benchmark.Twitter	26.4GB/49.1GB (53.6%)
2021-10-28T16:03:57.121+0000	[############............] benchmark.Twitter	26.4GB/49.1GB (53.8%)
2021-10-28T16:04:00.121+0000	[############............] benchmark.Twitter	26.5GB/49.1GB (53.9%)
2021-10-28T16:04:03.121+0000	[############............] benchmark.Twitter	26.6GB/49.1GB (54.1%)
2021-10-28T16:04:06.121+0000	[#############...........] benchmark.Twitter	26.6GB/49.1GB (54.2%)
2021-10-28T16:04:09.122+0000	[#############...........] benchmark.Twitter	26.7GB/49.1GB (54.4%)
2021-10-28T16:04:12.121+0000	[#############...........] benchmark.Twitter	26.8GB/49.1GB (54.5%)
2021-10-28T16:04:15.121+0000	[#############...........] benchmark.Twitter	26.9GB/49.1GB (54.7%)
2021-10-28T16:04:18.121+0000	[#############...........] benchmark.Twitter	26.9GB/49.1GB (54.8%)
2021-10-28T16:04:21.121+0000	[#############...........] benchmark.Twitter	27.0GB/49.1GB (55.0%)
2021-10-28T16:04:24.121+0000	[#############...........] benchmark.Twitter	27.1GB/49.1GB (55.2%)
2021-10-28T16:04:27.121+0000	[#############...........] benchmark.Twitter	27.2GB/49.1GB (55.3%)
2021-10-28T16:04:30.121+0000	[#############...........] benchmark.Twitter	27.2GB/49.1GB (55.5%)
2021-10-28T16:04:33.121+0000	[#############...........] benchmark.Twitter	27.3GB/49.1GB (55.6%)
2021-10-28T16:04:36.121+0000	[#############...........] benchmark.Twitter	27.4GB/49.1GB (55.8%)
2021-10-28T16:04:39.122+0000	[#############...........] benchmark.Twitter	27.5GB/49.1GB (55.9%)
2021-10-28T16:04:42.122+0000	[#############...........] benchmark.Twitter	27.6GB/49.1GB (56.1%)
2021-10-28T16:04:45.121+0000	[#############...........] benchmark.Twitter	27.6GB/49.1GB (56.2%)
2021-10-28T16:04:48.122+0000	[#############...........] benchmark.Twitter	27.7GB/49.1GB (56.4%)
2021-10-28T16:04:51.121+0000	[#############...........] benchmark.Twitter	27.8GB/49.1GB (56.5%)
2021-10-28T16:04:54.123+0000	[#############...........] benchmark.Twitter	27.9GB/49.1GB (56.7%)
2021-10-28T16:04:57.121+0000	[#############...........] benchmark.Twitter	27.9GB/49.1GB (56.8%)
2021-10-28T16:05:00.122+0000	[#############...........] benchmark.Twitter	28.0GB/49.1GB (57.0%)
2021-10-28T16:05:03.121+0000	[#############...........] benchmark.Twitter	28.1GB/49.1GB (57.1%)
2021-10-28T16:05:06.121+0000	[#############...........] benchmark.Twitter	28.1GB/49.1GB (57.3%)
2021-10-28T16:05:09.121+0000	[#############...........] benchmark.Twitter	28.2GB/49.1GB (57.4%)
2021-10-28T16:05:12.121+0000	[#############...........] benchmark.Twitter	28.3GB/49.1GB (57.5%)
2021-10-28T16:05:15.121+0000	[#############...........] benchmark.Twitter	28.3GB/49.1GB (57.7%)
2021-10-28T16:05:18.121+0000	[#############...........] benchmark.Twitter	28.4GB/49.1GB (57.8%)
2021-10-28T16:05:21.121+0000	[#############...........] benchmark.Twitter	28.5GB/49.1GB (57.9%)
2021-10-28T16:05:24.121+0000	[#############...........] benchmark.Twitter	28.5GB/49.1GB (58.1%)
2021-10-28T16:05:27.121+0000	[#############...........] benchmark.Twitter	28.6GB/49.1GB (58.2%)
2021-10-28T16:05:30.121+0000	[#############...........] benchmark.Twitter	28.6GB/49.1GB (58.3%)
2021-10-28T16:05:33.122+0000	[##############..........] benchmark.Twitter	28.7GB/49.1GB (58.4%)
2021-10-28T16:05:36.121+0000	[##############..........] benchmark.Twitter	28.8GB/49.1GB (58.6%)
2021-10-28T16:05:39.122+0000	[##############..........] benchmark.Twitter	28.9GB/49.1GB (58.7%)
2021-10-28T16:05:42.121+0000	[##############..........] benchmark.Twitter	28.9GB/49.1GB (58.9%)
2021-10-28T16:05:45.121+0000	[##############..........] benchmark.Twitter	29.0GB/49.1GB (59.0%)
2021-10-28T16:05:48.121+0000	[##############..........] benchmark.Twitter	29.1GB/49.1GB (59.2%)
2021-10-28T16:05:51.121+0000	[##############..........] benchmark.Twitter	29.2GB/49.1GB (59.3%)
2021-10-28T16:05:54.121+0000	[##############..........] benchmark.Twitter	29.2GB/49.1GB (59.5%)
2021-10-28T16:05:57.121+0000	[##############..........] benchmark.Twitter	29.3GB/49.1GB (59.6%)
2021-10-28T16:06:00.121+0000	[##############..........] benchmark.Twitter	29.4GB/49.1GB (59.8%)
2021-10-28T16:06:03.121+0000	[##############..........] benchmark.Twitter	29.4GB/49.1GB (59.9%)
2021-10-28T16:06:06.121+0000	[##############..........] benchmark.Twitter	29.5GB/49.1GB (60.1%)
2021-10-28T16:06:09.121+0000	[##############..........] benchmark.Twitter	29.6GB/49.1GB (60.2%)
2021-10-28T16:06:12.121+0000	[##############..........] benchmark.Twitter	29.7GB/49.1GB (60.4%)
2021-10-28T16:06:15.122+0000	[##############..........] benchmark.Twitter	29.8GB/49.1GB (60.5%)
2021-10-28T16:06:18.121+0000	[##############..........] benchmark.Twitter	29.8GB/49.1GB (60.7%)
2021-10-28T16:06:21.122+0000	[##############..........] benchmark.Twitter	29.9GB/49.1GB (60.9%)
2021-10-28T16:06:24.121+0000	[##############..........] benchmark.Twitter	30.0GB/49.1GB (61.0%)
2021-10-28T16:06:27.121+0000	[##############..........] benchmark.Twitter	30.0GB/49.1GB (61.1%)
2021-10-28T16:06:30.122+0000	[##############..........] benchmark.Twitter	30.1GB/49.1GB (61.3%)
2021-10-28T16:06:33.121+0000	[##############..........] benchmark.Twitter	30.2GB/49.1GB (61.5%)
2021-10-28T16:06:36.122+0000	[##############..........] benchmark.Twitter	30.3GB/49.1GB (61.6%)
2021-10-28T16:06:39.121+0000	[##############..........] benchmark.Twitter	30.3GB/49.1GB (61.7%)
2021-10-28T16:06:42.121+0000	[##############..........] benchmark.Twitter	30.4GB/49.1GB (61.9%)
2021-10-28T16:06:45.121+0000	[##############..........] benchmark.Twitter	30.4GB/49.1GB (62.0%)
2021-10-28T16:06:48.122+0000	[##############..........] benchmark.Twitter	30.5GB/49.1GB (62.1%)
2021-10-28T16:06:51.121+0000	[##############..........] benchmark.Twitter	30.6GB/49.1GB (62.2%)
2021-10-28T16:06:54.121+0000	[##############..........] benchmark.Twitter	30.6GB/49.1GB (62.4%)
2021-10-28T16:06:57.122+0000	[###############.........] benchmark.Twitter	30.7GB/49.1GB (62.5%)
2021-10-28T16:07:00.121+0000	[###############.........] benchmark.Twitter	30.8GB/49.1GB (62.7%)
2021-10-28T16:07:03.122+0000	[###############.........] benchmark.Twitter	30.9GB/49.1GB (62.8%)
2021-10-28T16:07:06.121+0000	[###############.........] benchmark.Twitter	30.9GB/49.1GB (63.0%)
2021-10-28T16:07:09.122+0000	[###############.........] benchmark.Twitter	31.0GB/49.1GB (63.1%)
2021-10-28T16:07:12.122+0000	[###############.........] benchmark.Twitter	31.1GB/49.1GB (63.3%)
2021-10-28T16:07:15.121+0000	[###############.........] benchmark.Twitter	31.2GB/49.1GB (63.4%)
2021-10-28T16:07:18.121+0000	[###############.........] benchmark.Twitter	31.2GB/49.1GB (63.6%)
2021-10-28T16:07:21.121+0000	[###############.........] benchmark.Twitter	31.3GB/49.1GB (63.7%)
2021-10-28T16:07:24.121+0000	[###############.........] benchmark.Twitter	31.4GB/49.1GB (63.9%)
2021-10-28T16:07:27.124+0000	[###############.........] benchmark.Twitter	31.5GB/49.1GB (64.1%)
2021-10-28T16:07:30.121+0000	[###############.........] benchmark.Twitter	31.6GB/49.1GB (64.2%)
2021-10-28T16:07:33.121+0000	[###############.........] benchmark.Twitter	31.6GB/49.1GB (64.4%)
2021-10-28T16:07:36.122+0000	[###############.........] benchmark.Twitter	31.7GB/49.1GB (64.5%)
2021-10-28T16:07:39.121+0000	[###############.........] benchmark.Twitter	31.8GB/49.1GB (64.7%)
2021-10-28T16:07:42.121+0000	[###############.........] benchmark.Twitter	31.8GB/49.1GB (64.8%)
2021-10-28T16:07:45.121+0000	[###############.........] benchmark.Twitter	31.9GB/49.1GB (65.0%)
2021-10-28T16:07:48.121+0000	[###############.........] benchmark.Twitter	32.0GB/49.1GB (65.1%)
2021-10-28T16:07:51.121+0000	[###############.........] benchmark.Twitter	32.1GB/49.1GB (65.3%)
2021-10-28T16:07:54.122+0000	[###############.........] benchmark.Twitter	32.1GB/49.1GB (65.4%)
2021-10-28T16:07:57.122+0000	[###############.........] benchmark.Twitter	32.2GB/49.1GB (65.6%)
2021-10-28T16:08:00.122+0000	[###############.........] benchmark.Twitter	32.3GB/49.1GB (65.7%)
2021-10-28T16:08:03.121+0000	[###############.........] benchmark.Twitter	32.4GB/49.1GB (65.9%)
2021-10-28T16:08:06.122+0000	[###############.........] benchmark.Twitter	32.4GB/49.1GB (66.0%)
2021-10-28T16:08:09.122+0000	[###############.........] benchmark.Twitter	32.5GB/49.1GB (66.2%)
2021-10-28T16:08:12.121+0000	[###############.........] benchmark.Twitter	32.6GB/49.1GB (66.3%)
2021-10-28T16:08:15.122+0000	[###############.........] benchmark.Twitter	32.7GB/49.1GB (66.5%)
2021-10-28T16:08:18.121+0000	[###############.........] benchmark.Twitter	32.7GB/49.1GB (66.6%)
2021-10-28T16:08:21.121+0000	[################........] benchmark.Twitter	32.8GB/49.1GB (66.8%)
2021-10-28T16:08:24.121+0000	[################........] benchmark.Twitter	32.9GB/49.1GB (66.9%)
2021-10-28T16:08:27.121+0000	[################........] benchmark.Twitter	33.0GB/49.1GB (67.1%)
2021-10-28T16:08:30.121+0000	[################........] benchmark.Twitter	33.0GB/49.1GB (67.2%)
2021-10-28T16:08:33.122+0000	[################........] benchmark.Twitter	33.1GB/49.1GB (67.4%)
2021-10-28T16:08:36.121+0000	[################........] benchmark.Twitter	33.2GB/49.1GB (67.5%)
2021-10-28T16:08:39.121+0000	[################........] benchmark.Twitter	33.2GB/49.1GB (67.7%)
2021-10-28T16:08:42.121+0000	[################........] benchmark.Twitter	33.3GB/49.1GB (67.8%)
2021-10-28T16:08:45.121+0000	[################........] benchmark.Twitter	33.4GB/49.1GB (67.9%)
2021-10-28T16:08:48.122+0000	[################........] benchmark.Twitter	33.4GB/49.1GB (68.1%)
2021-10-28T16:08:51.122+0000	[################........] benchmark.Twitter	33.5GB/49.1GB (68.2%)
2021-10-28T16:08:54.121+0000	[################........] benchmark.Twitter	33.6GB/49.1GB (68.3%)
2021-10-28T16:08:57.122+0000	[################........] benchmark.Twitter	33.6GB/49.1GB (68.5%)
2021-10-28T16:09:00.121+0000	[################........] benchmark.Twitter	33.7GB/49.1GB (68.6%)
2021-10-28T16:09:03.122+0000	[################........] benchmark.Twitter	33.8GB/49.1GB (68.8%)
2021-10-28T16:09:06.121+0000	[################........] benchmark.Twitter	33.9GB/49.1GB (68.9%)
2021-10-28T16:09:09.121+0000	[################........] benchmark.Twitter	33.9GB/49.1GB (69.1%)
2021-10-28T16:09:12.122+0000	[################........] benchmark.Twitter	34.0GB/49.1GB (69.2%)
2021-10-28T16:09:15.121+0000	[################........] benchmark.Twitter	34.1GB/49.1GB (69.4%)
2021-10-28T16:09:18.121+0000	[################........] benchmark.Twitter	34.2GB/49.1GB (69.5%)
2021-10-28T16:09:21.121+0000	[################........] benchmark.Twitter	34.2GB/49.1GB (69.7%)
2021-10-28T16:09:24.121+0000	[################........] benchmark.Twitter	34.3GB/49.1GB (69.8%)
2021-10-28T16:09:27.121+0000	[################........] benchmark.Twitter	34.4GB/49.1GB (70.0%)
2021-10-28T16:09:30.122+0000	[################........] benchmark.Twitter	34.5GB/49.1GB (70.1%)
2021-10-28T16:09:33.121+0000	[################........] benchmark.Twitter	34.5GB/49.1GB (70.3%)
2021-10-28T16:09:36.121+0000	[################........] benchmark.Twitter	34.6GB/49.1GB (70.4%)
2021-10-28T16:09:39.122+0000	[################........] benchmark.Twitter	34.7GB/49.1GB (70.6%)
2021-10-28T16:09:42.121+0000	[################........] benchmark.Twitter	34.8GB/49.1GB (70.7%)
2021-10-28T16:09:45.122+0000	[#################.......] benchmark.Twitter	34.8GB/49.1GB (70.9%)
2021-10-28T16:09:48.121+0000	[#################.......] benchmark.Twitter	34.9GB/49.1GB (71.1%)
2021-10-28T16:09:51.121+0000	[#################.......] benchmark.Twitter	35.0GB/49.1GB (71.2%)
2021-10-28T16:09:54.122+0000	[#################.......] benchmark.Twitter	35.1GB/49.1GB (71.4%)
2021-10-28T16:09:57.121+0000	[#################.......] benchmark.Twitter	35.1GB/49.1GB (71.5%)
2021-10-28T16:10:00.121+0000	[#################.......] benchmark.Twitter	35.2GB/49.1GB (71.7%)
2021-10-28T16:10:03.121+0000	[#################.......] benchmark.Twitter	35.3GB/49.1GB (71.8%)
2021-10-28T16:10:06.121+0000	[#################.......] benchmark.Twitter	35.4GB/49.1GB (72.0%)
2021-10-28T16:10:09.121+0000	[#################.......] benchmark.Twitter	35.4GB/49.1GB (72.1%)
2021-10-28T16:10:12.121+0000	[#################.......] benchmark.Twitter	35.5GB/49.1GB (72.3%)
2021-10-28T16:10:15.121+0000	[#################.......] benchmark.Twitter	35.6GB/49.1GB (72.4%)
2021-10-28T16:10:18.121+0000	[#################.......] benchmark.Twitter	35.6GB/49.1GB (72.5%)
2021-10-28T16:10:21.121+0000	[#################.......] benchmark.Twitter	35.7GB/49.1GB (72.7%)
2021-10-28T16:10:24.121+0000	[#################.......] benchmark.Twitter	35.8GB/49.1GB (72.8%)
2021-10-28T16:10:27.121+0000	[#################.......] benchmark.Twitter	35.9GB/49.1GB (73.0%)
2021-10-28T16:10:30.122+0000	[#################.......] benchmark.Twitter	35.9GB/49.1GB (73.1%)
2021-10-28T16:10:33.121+0000	[#################.......] benchmark.Twitter	36.0GB/49.1GB (73.3%)
2021-10-28T16:10:36.122+0000	[#################.......] benchmark.Twitter	36.1GB/49.1GB (73.5%)
2021-10-28T16:10:39.122+0000	[#################.......] benchmark.Twitter	36.2GB/49.1GB (73.6%)
2021-10-28T16:10:42.122+0000	[#################.......] benchmark.Twitter	36.2GB/49.1GB (73.8%)
2021-10-28T16:10:45.121+0000	[#################.......] benchmark.Twitter	36.3GB/49.1GB (73.9%)
2021-10-28T16:10:48.121+0000	[#################.......] benchmark.Twitter	36.4GB/49.1GB (74.1%)
2021-10-28T16:10:51.121+0000	[#################.......] benchmark.Twitter	36.5GB/49.1GB (74.2%)
2021-10-28T16:10:54.122+0000	[#################.......] benchmark.Twitter	36.5GB/49.1GB (74.4%)
2021-10-28T16:10:57.122+0000	[#################.......] benchmark.Twitter	36.6GB/49.1GB (74.5%)
2021-10-28T16:11:00.121+0000	[#################.......] benchmark.Twitter	36.7GB/49.1GB (74.7%)
2021-10-28T16:11:03.121+0000	[#################.......] benchmark.Twitter	36.8GB/49.1GB (74.8%)
2021-10-28T16:11:06.122+0000	[#################.......] benchmark.Twitter	36.8GB/49.1GB (75.0%)
2021-10-28T16:11:09.122+0000	[##################......] benchmark.Twitter	36.9GB/49.1GB (75.1%)
2021-10-28T16:11:12.122+0000	[##################......] benchmark.Twitter	37.0GB/49.1GB (75.3%)
2021-10-28T16:11:15.121+0000	[##################......] benchmark.Twitter	37.0GB/49.1GB (75.4%)
2021-10-28T16:11:18.121+0000	[##################......] benchmark.Twitter	37.1GB/49.1GB (75.6%)
2021-10-28T16:11:21.121+0000	[##################......] benchmark.Twitter	37.2GB/49.1GB (75.7%)
2021-10-28T16:11:24.121+0000	[##################......] benchmark.Twitter	37.3GB/49.1GB (75.9%)
2021-10-28T16:11:27.121+0000	[##################......] benchmark.Twitter	37.3GB/49.1GB (76.0%)
2021-10-28T16:11:30.121+0000	[##################......] benchmark.Twitter	37.4GB/49.1GB (76.2%)
2021-10-28T16:11:33.121+0000	[##################......] benchmark.Twitter	37.5GB/49.1GB (76.3%)
2021-10-28T16:11:36.122+0000	[##################......] benchmark.Twitter	37.6GB/49.1GB (76.5%)
2021-10-28T16:11:39.125+0000	[##################......] benchmark.Twitter	37.6GB/49.1GB (76.6%)
2021-10-28T16:11:42.121+0000	[##################......] benchmark.Twitter	37.7GB/49.1GB (76.7%)
2021-10-28T16:11:45.121+0000	[##################......] benchmark.Twitter	37.8GB/49.1GB (76.9%)
2021-10-28T16:11:48.122+0000	[##################......] benchmark.Twitter	37.8GB/49.1GB (77.0%)
2021-10-28T16:11:51.122+0000	[##################......] benchmark.Twitter	37.9GB/49.1GB (77.1%)
2021-10-28T16:11:54.121+0000	[##################......] benchmark.Twitter	38.0GB/49.1GB (77.3%)
2021-10-28T16:11:57.121+0000	[##################......] benchmark.Twitter	38.0GB/49.1GB (77.4%)
2021-10-28T16:12:00.122+0000	[##################......] benchmark.Twitter	38.1GB/49.1GB (77.6%)
2021-10-28T16:12:03.121+0000	[##################......] benchmark.Twitter	38.2GB/49.1GB (77.7%)
2021-10-28T16:12:06.121+0000	[##################......] benchmark.Twitter	38.3GB/49.1GB (77.9%)
2021-10-28T16:12:09.122+0000	[##################......] benchmark.Twitter	38.3GB/49.1GB (78.0%)
2021-10-28T16:12:12.121+0000	[##################......] benchmark.Twitter	38.4GB/49.1GB (78.2%)
2021-10-28T16:12:15.121+0000	[##################......] benchmark.Twitter	38.5GB/49.1GB (78.3%)
2021-10-28T16:12:18.121+0000	[##################......] benchmark.Twitter	38.5GB/49.1GB (78.5%)
2021-10-28T16:12:21.122+0000	[##################......] benchmark.Twitter	38.6GB/49.1GB (78.6%)
2021-10-28T16:12:24.121+0000	[##################......] benchmark.Twitter	38.7GB/49.1GB (78.8%)
2021-10-28T16:12:27.122+0000	[##################......] benchmark.Twitter	38.8GB/49.1GB (78.9%)
2021-10-28T16:12:30.121+0000	[##################......] benchmark.Twitter	38.9GB/49.1GB (79.1%)
2021-10-28T16:12:33.121+0000	[###################.....] benchmark.Twitter	38.9GB/49.1GB (79.2%)
2021-10-28T16:12:36.121+0000	[###################.....] benchmark.Twitter	39.0GB/49.1GB (79.4%)
2021-10-28T16:12:39.121+0000	[###################.....] benchmark.Twitter	39.1GB/49.1GB (79.5%)
2021-10-28T16:12:42.122+0000	[###################.....] benchmark.Twitter	39.1GB/49.1GB (79.7%)
2021-10-28T16:12:45.122+0000	[###################.....] benchmark.Twitter	39.2GB/49.1GB (79.8%)
2021-10-28T16:12:48.121+0000	[###################.....] benchmark.Twitter	39.3GB/49.1GB (80.0%)
2021-10-28T16:12:51.121+0000	[###################.....] benchmark.Twitter	39.4GB/49.1GB (80.1%)
2021-10-28T16:12:54.121+0000	[###################.....] benchmark.Twitter	39.4GB/49.1GB (80.3%)
2021-10-28T16:12:57.121+0000	[###################.....] benchmark.Twitter	39.5GB/49.1GB (80.4%)
2021-10-28T16:13:00.121+0000	[###################.....] benchmark.Twitter	39.6GB/49.1GB (80.6%)
2021-10-28T16:13:03.121+0000	[###################.....] benchmark.Twitter	39.7GB/49.1GB (80.7%)
2021-10-28T16:13:06.121+0000	[###################.....] benchmark.Twitter	39.7GB/49.1GB (80.9%)
2021-10-28T16:13:09.121+0000	[###################.....] benchmark.Twitter	39.8GB/49.1GB (81.0%)
2021-10-28T16:13:12.121+0000	[###################.....] benchmark.Twitter	39.9GB/49.1GB (81.2%)
2021-10-28T16:13:15.121+0000	[###################.....] benchmark.Twitter	40.0GB/49.1GB (81.3%)
2021-10-28T16:13:18.121+0000	[###################.....] benchmark.Twitter	40.0GB/49.1GB (81.5%)
2021-10-28T16:13:21.122+0000	[###################.....] benchmark.Twitter	40.1GB/49.1GB (81.6%)
2021-10-28T16:13:24.121+0000	[###################.....] benchmark.Twitter	40.2GB/49.1GB (81.8%)
2021-10-28T16:13:27.121+0000	[###################.....] benchmark.Twitter	40.2GB/49.1GB (81.9%)
2021-10-28T16:13:30.121+0000	[###################.....] benchmark.Twitter	40.3GB/49.1GB (82.1%)
2021-10-28T16:13:33.122+0000	[###################.....] benchmark.Twitter	40.4GB/49.1GB (82.2%)
2021-10-28T16:13:36.121+0000	[###################.....] benchmark.Twitter	40.5GB/49.1GB (82.4%)
2021-10-28T16:13:39.121+0000	[###################.....] benchmark.Twitter	40.5GB/49.1GB (82.5%)
2021-10-28T16:13:42.121+0000	[###################.....] benchmark.Twitter	40.6GB/49.1GB (82.7%)
2021-10-28T16:13:45.122+0000	[###################.....] benchmark.Twitter	40.7GB/49.1GB (82.8%)
2021-10-28T16:13:48.121+0000	[###################.....] benchmark.Twitter	40.8GB/49.1GB (83.0%)
2021-10-28T16:13:51.121+0000	[###################.....] benchmark.Twitter	40.8GB/49.1GB (83.1%)
2021-10-28T16:13:54.121+0000	[###################.....] benchmark.Twitter	40.9GB/49.1GB (83.3%)
2021-10-28T16:13:57.121+0000	[####################....] benchmark.Twitter	41.0GB/49.1GB (83.4%)
2021-10-28T16:14:00.121+0000	[####################....] benchmark.Twitter	41.1GB/49.1GB (83.6%)
2021-10-28T16:14:03.122+0000	[####################....] benchmark.Twitter	41.1GB/49.1GB (83.7%)
2021-10-28T16:14:06.121+0000	[####################....] benchmark.Twitter	41.2GB/49.1GB (83.9%)
2021-10-28T16:14:09.121+0000	[####################....] benchmark.Twitter	41.3GB/49.1GB (84.0%)
2021-10-28T16:14:12.122+0000	[####################....] benchmark.Twitter	41.4GB/49.1GB (84.2%)
2021-10-28T16:14:15.121+0000	[####################....] benchmark.Twitter	41.4GB/49.1GB (84.3%)
2021-10-28T16:14:18.121+0000	[####################....] benchmark.Twitter	41.5GB/49.1GB (84.4%)
2021-10-28T16:14:21.121+0000	[####################....] benchmark.Twitter	41.6GB/49.1GB (84.6%)
2021-10-28T16:14:24.122+0000	[####################....] benchmark.Twitter	41.6GB/49.1GB (84.7%)
2021-10-28T16:14:27.121+0000	[####################....] benchmark.Twitter	41.7GB/49.1GB (84.9%)
2021-10-28T16:14:30.121+0000	[####################....] benchmark.Twitter	41.8GB/49.1GB (85.0%)
2021-10-28T16:14:33.121+0000	[####################....] benchmark.Twitter	41.8GB/49.1GB (85.1%)
2021-10-28T16:14:36.121+0000	[####################....] benchmark.Twitter	41.9GB/49.1GB (85.3%)
2021-10-28T16:14:39.121+0000	[####################....] benchmark.Twitter	42.0GB/49.1GB (85.4%)
2021-10-28T16:14:42.121+0000	[####################....] benchmark.Twitter	42.0GB/49.1GB (85.6%)
2021-10-28T16:14:45.122+0000	[####################....] benchmark.Twitter	42.1GB/49.1GB (85.7%)
2021-10-28T16:14:48.121+0000	[####################....] benchmark.Twitter	42.2GB/49.1GB (85.9%)
2021-10-28T16:14:51.121+0000	[####################....] benchmark.Twitter	42.3GB/49.1GB (86.0%)
2021-10-28T16:14:54.121+0000	[####################....] benchmark.Twitter	42.3GB/49.1GB (86.2%)
2021-10-28T16:14:57.121+0000	[####################....] benchmark.Twitter	42.4GB/49.1GB (86.3%)
2021-10-28T16:15:00.121+0000	[####################....] benchmark.Twitter	42.5GB/49.1GB (86.5%)
2021-10-28T16:15:03.121+0000	[####################....] benchmark.Twitter	42.6GB/49.1GB (86.6%)
2021-10-28T16:15:06.121+0000	[####################....] benchmark.Twitter	42.6GB/49.1GB (86.8%)
2021-10-28T16:15:09.121+0000	[####################....] benchmark.Twitter	42.7GB/49.1GB (86.9%)
2021-10-28T16:15:12.121+0000	[####################....] benchmark.Twitter	42.8GB/49.1GB (87.1%)
2021-10-28T16:15:15.122+0000	[####################....] benchmark.Twitter	42.9GB/49.1GB (87.3%)
2021-10-28T16:15:18.122+0000	[####################....] benchmark.Twitter	43.0GB/49.1GB (87.4%)
2021-10-28T16:15:21.121+0000	[#####################...] benchmark.Twitter	43.0GB/49.1GB (87.6%)
2021-10-28T16:15:24.121+0000	[#####################...] benchmark.Twitter	43.1GB/49.1GB (87.7%)
2021-10-28T16:15:27.122+0000	[#####################...] benchmark.Twitter	43.2GB/49.1GB (87.9%)
2021-10-28T16:15:30.122+0000	[#####################...] benchmark.Twitter	43.2GB/49.1GB (88.0%)
2021-10-28T16:15:33.121+0000	[#####################...] benchmark.Twitter	43.3GB/49.1GB (88.2%)
2021-10-28T16:15:36.121+0000	[#####################...] benchmark.Twitter	43.4GB/49.1GB (88.3%)
2021-10-28T16:15:39.122+0000	[#####################...] benchmark.Twitter	43.5GB/49.1GB (88.5%)
2021-10-28T16:15:42.121+0000	[#####################...] benchmark.Twitter	43.5GB/49.1GB (88.6%)
2021-10-28T16:15:45.122+0000	[#####################...] benchmark.Twitter	43.6GB/49.1GB (88.8%)
2021-10-28T16:15:48.121+0000	[#####################...] benchmark.Twitter	43.7GB/49.1GB (88.9%)
2021-10-28T16:15:51.121+0000	[#####################...] benchmark.Twitter	43.8GB/49.1GB (89.1%)
2021-10-28T16:15:54.121+0000	[#####################...] benchmark.Twitter	43.8GB/49.1GB (89.2%)
2021-10-28T16:15:57.121+0000	[#####################...] benchmark.Twitter	43.9GB/49.1GB (89.4%)
2021-10-28T16:16:00.121+0000	[#####################...] benchmark.Twitter	44.0GB/49.1GB (89.5%)
2021-10-28T16:16:03.121+0000	[#####################...] benchmark.Twitter	44.0GB/49.1GB (89.6%)
2021-10-28T16:16:06.122+0000	[#####################...] benchmark.Twitter	44.1GB/49.1GB (89.8%)
2021-10-28T16:16:09.121+0000	[#####################...] benchmark.Twitter	44.2GB/49.1GB (89.9%)
2021-10-28T16:16:12.122+0000	[#####################...] benchmark.Twitter	44.2GB/49.1GB (90.0%)
2021-10-28T16:16:15.121+0000	[#####################...] benchmark.Twitter	44.3GB/49.1GB (90.2%)
2021-10-28T16:16:18.121+0000	[#####################...] benchmark.Twitter	44.4GB/49.1GB (90.3%)
2021-10-28T16:16:21.121+0000	[#####################...] benchmark.Twitter	44.4GB/49.1GB (90.5%)
2021-10-28T16:16:24.121+0000	[#####################...] benchmark.Twitter	44.5GB/49.1GB (90.6%)
2021-10-28T16:16:27.122+0000	[#####################...] benchmark.Twitter	44.6GB/49.1GB (90.8%)
2021-10-28T16:16:30.121+0000	[#####################...] benchmark.Twitter	44.7GB/49.1GB (90.9%)
2021-10-28T16:16:33.121+0000	[#####################...] benchmark.Twitter	44.7GB/49.1GB (91.1%)
2021-10-28T16:16:36.121+0000	[#####################...] benchmark.Twitter	44.8GB/49.1GB (91.2%)
2021-10-28T16:16:39.123+0000	[#####################...] benchmark.Twitter	44.9GB/49.1GB (91.4%)
2021-10-28T16:16:42.121+0000	[#####################...] benchmark.Twitter	45.0GB/49.1GB (91.5%)
2021-10-28T16:16:45.121+0000	[#####################...] benchmark.Twitter	45.0GB/49.1GB (91.7%)
2021-10-28T16:16:48.121+0000	[######################..] benchmark.Twitter	45.1GB/49.1GB (91.8%)
2021-10-28T16:16:51.121+0000	[######################..] benchmark.Twitter	45.2GB/49.1GB (92.0%)
2021-10-28T16:16:54.121+0000	[######################..] benchmark.Twitter	45.3GB/49.1GB (92.1%)
2021-10-28T16:16:57.122+0000	[######################..] benchmark.Twitter	45.3GB/49.1GB (92.3%)
2021-10-28T16:17:00.122+0000	[######################..] benchmark.Twitter	45.4GB/49.1GB (92.4%)
2021-10-28T16:17:03.122+0000	[######################..] benchmark.Twitter	45.5GB/49.1GB (92.6%)
2021-10-28T16:17:06.122+0000	[######################..] benchmark.Twitter	45.5GB/49.1GB (92.7%)
2021-10-28T16:17:09.121+0000	[######################..] benchmark.Twitter	45.6GB/49.1GB (92.9%)
2021-10-28T16:17:12.121+0000	[######################..] benchmark.Twitter	45.7GB/49.1GB (93.0%)
2021-10-28T16:17:15.121+0000	[######################..] benchmark.Twitter	45.8GB/49.1GB (93.2%)
2021-10-28T16:17:18.122+0000	[######################..] benchmark.Twitter	45.9GB/49.1GB (93.3%)
2021-10-28T16:17:21.122+0000	[######################..] benchmark.Twitter	45.9GB/49.1GB (93.5%)
2021-10-28T16:17:24.123+0000	[######################..] benchmark.Twitter	46.0GB/49.1GB (93.6%)
2021-10-28T16:17:27.121+0000	[######################..] benchmark.Twitter	46.1GB/49.1GB (93.8%)
2021-10-28T16:17:30.121+0000	[######################..] benchmark.Twitter	46.2GB/49.1GB (93.9%)
2021-10-28T16:17:33.121+0000	[######################..] benchmark.Twitter	46.2GB/49.1GB (94.1%)
2021-10-28T16:17:36.121+0000	[######################..] benchmark.Twitter	46.3GB/49.1GB (94.3%)
2021-10-28T16:17:39.122+0000	[######################..] benchmark.Twitter	46.4GB/49.1GB (94.4%)
2021-10-28T16:17:42.121+0000	[######################..] benchmark.Twitter	46.5GB/49.1GB (94.6%)
2021-10-28T16:17:45.121+0000	[######################..] benchmark.Twitter	46.5GB/49.1GB (94.7%)
2021-10-28T16:17:48.121+0000	[######################..] benchmark.Twitter	46.6GB/49.1GB (94.9%)
2021-10-28T16:17:51.122+0000	[######################..] benchmark.Twitter	46.7GB/49.1GB (95.0%)
2021-10-28T16:17:54.122+0000	[######################..] benchmark.Twitter	46.8GB/49.1GB (95.2%)
2021-10-28T16:17:57.121+0000	[######################..] benchmark.Twitter	46.8GB/49.1GB (95.3%)
2021-10-28T16:18:00.121+0000	[######################..] benchmark.Twitter	46.9GB/49.1GB (95.5%)
2021-10-28T16:18:03.121+0000	[######################..] benchmark.Twitter	47.0GB/49.1GB (95.6%)
2021-10-28T16:18:06.122+0000	[######################..] benchmark.Twitter	47.0GB/49.1GB (95.7%)
2021-10-28T16:18:09.121+0000	[#######################.] benchmark.Twitter	47.1GB/49.1GB (95.9%)
2021-10-28T16:18:12.121+0000	[#######################.] benchmark.Twitter	47.2GB/49.1GB (96.0%)
2021-10-28T16:18:15.121+0000	[#######################.] benchmark.Twitter	47.2GB/49.1GB (96.1%)
2021-10-28T16:18:18.121+0000	[#######################.] benchmark.Twitter	47.3GB/49.1GB (96.3%)
2021-10-28T16:18:21.121+0000	[#######################.] benchmark.Twitter	47.4GB/49.1GB (96.4%)
2021-10-28T16:18:24.121+0000	[#######################.] benchmark.Twitter	47.4GB/49.1GB (96.6%)
2021-10-28T16:18:27.121+0000	[#######################.] benchmark.Twitter	47.5GB/49.1GB (96.7%)
2021-10-28T16:18:30.121+0000	[#######################.] benchmark.Twitter	47.6GB/49.1GB (96.9%)
2021-10-28T16:18:33.121+0000	[#######################.] benchmark.Twitter	47.7GB/49.1GB (97.0%)
2021-10-28T16:18:36.121+0000	[#######################.] benchmark.Twitter	47.7GB/49.1GB (97.2%)
2021-10-28T16:18:39.121+0000	[#######################.] benchmark.Twitter	47.8GB/49.1GB (97.3%)
2021-10-28T16:18:42.121+0000	[#######################.] benchmark.Twitter	47.9GB/49.1GB (97.5%)
2021-10-28T16:18:45.121+0000	[#######################.] benchmark.Twitter	48.0GB/49.1GB (97.6%)
2021-10-28T16:18:48.121+0000	[#######################.] benchmark.Twitter	48.0GB/49.1GB (97.8%)
2021-10-28T16:18:51.121+0000	[#######################.] benchmark.Twitter	48.1GB/49.1GB (97.9%)
2021-10-28T16:18:54.122+0000	[#######################.] benchmark.Twitter	48.2GB/49.1GB (98.1%)
2021-10-28T16:18:57.121+0000	[#######################.] benchmark.Twitter	48.2GB/49.1GB (98.2%)
2021-10-28T16:19:00.122+0000	[#######################.] benchmark.Twitter	48.3GB/49.1GB (98.4%)
2021-10-28T16:19:03.121+0000	[#######################.] benchmark.Twitter	48.4GB/49.1GB (98.5%)
2021-10-28T16:19:06.121+0000	[#######################.] benchmark.Twitter	48.5GB/49.1GB (98.7%)
2021-10-28T16:19:09.122+0000	[#######################.] benchmark.Twitter	48.5GB/49.1GB (98.8%)
2021-10-28T16:19:12.122+0000	[#######################.] benchmark.Twitter	48.6GB/49.1GB (99.0%)
2021-10-28T16:19:15.121+0000	[#######################.] benchmark.Twitter	48.7GB/49.1GB (99.1%)
2021-10-28T16:19:18.121+0000	[#######################.] benchmark.Twitter	48.8GB/49.1GB (99.3%)
2021-10-28T16:19:21.122+0000	[#######################.] benchmark.Twitter	48.8GB/49.1GB (99.4%)
2021-10-28T16:19:24.121+0000	[#######################.] benchmark.Twitter	48.9GB/49.1GB (99.6%)
2021-10-28T16:19:27.121+0000	[#######################.] benchmark.Twitter	49.0GB/49.1GB (99.7%)
2021-10-28T16:19:30.121+0000	[#######################.] benchmark.Twitter	49.1GB/49.1GB (99.9%)
2021-10-28T16:19:32.853+0000	[########################] benchmark.Twitter	49.1GB/49.1GB (100.0%)
2021-10-28T16:19:32.853+0000	13346336 document(s) imported successfully. 0 document(s) failed to import.
mongo-benchmark
MongoDB: 3185.42 s
mongo-benchmark
=== Found Postgres query file, executing Postgres queries ===
= File:'Twitter.json' =
13.4-alpine: Pulling from library/postgres
Digest: sha256:c170270dc9ba94f491375e366fa2cf46d0bc0027e4a69d70e6e9d1454ba748dc
Status: Image is up to date for postgres:13.4-alpine
ff06ad1b6078664ce50e8c9a4a7162a41450088f22d943fd5f69a5b953c35611
3
PSQL: 8058.51 s
psql-benchmark
=== Found JQ query file, executing JQ queries ===
Sending build context to Docker daemon  112.1kB
Step 1/2 : FROM alpine
 ---> 14119a10abf4
Step 2/2 : RUN apk add --no-cache --upgrade bash jq
 ---> Using cache
 ---> 91ec4132b45e
Successfully built 91ec4132b45e
Successfully tagged nicotin/jq:05-10-2021
write /dev/stdout: broken pipe
0
JQ: 20070.4 s
jq-benchmark
=== Results ===
= JQ =
Overall: 20070.4
= JODA =
Overall: 141.655
Query Time: 66.69
7.806403758
6.44731068
6.280811826
6.559994804
6.314341556
6.244745373
6.771346699
6.634813706
6.742842275
6.887435488
= Mongo =
Overall: 3185.42
186.297
158.095
160.925
176.132
65.074
73.533
82.406
82.725
83.181
81.924
Query Time: 1150.29
= PostgreSQL =
Overall: 8058.51
=== AGG Results ===
= JQ =
5073309
1985718
1423329
1253365
4467128
970479
434583
226865
79126
56933
= JODA =
13346336
5073309
1985718
1423329
1253365
4467128
970479
434583
226865
79126
56933
= Mongo =
5073309
1985718
1423329
1253365
4467128
970479
434583
226865
79126
56933
= PostgreSQL =
 5073309
 1985718
 1423329
 1253365
 4456547
 959898
 424002
 216709
 68970
 48900
