=== Found JODA query file, executing JODA queries ===
= File:'Twitter.json' =
0.12.4: Pulling from nicotin/joda
Digest: sha256:b253680f2c5ee1118e2c282e0c4ebff5cb6e87643fb98abcf1e686caaa35152a
Status: Image is up to date for nicotin/joda:0.12.4
b93a0e28dd5822bc085a99406a2697692a57edc50e2a50b1533b930934917ceb
0
JODA: 81.882 s
joda-benchmark
=== Results ===
= JQ =
Overall: 
= JODA =
Overall: 81.882
Query Time: 12.5416
4.83826041
2.198025063
1.100663948
0.65413057
0.690949865
1.505426989
0.879045548
0.357917843
0.162446563
0.154744054
= Mongo =
Overall: 

Query Time: 
= PostgreSQL =
Overall: 
=== AGG Results ===
= JQ =

= JODA =
13346336
6917927
5073309
3791783
3209055
5073309
10691615
4757409
1532429
708750
570946
= Mongo =

= PostgreSQL =

