=== Found JODA query file, executing JODA queries ===
= File:'Twitter.json' =
0.12.4: Pulling from nicotin/joda
Digest: sha256:b253680f2c5ee1118e2c282e0c4ebff5cb6e87643fb98abcf1e686caaa35152a
Status: Image is up to date for nicotin/joda:0.12.4
3bc67122178cc5537c8b7e73d2991dd9e3fb876d95a463dfd7077e0040747fe9
0
JODA: 81.2753 s
joda-benchmark
=== Results ===
= JQ =
Overall: 
= JODA =
Overall: 81.2753
Query Time: 16.2513
6.158080939
2.58207022
0.338568616
1.922070354
0.882999747
0.472908768
0.323737412
1.218114878
0.664877478
1.687851307
= Mongo =
Overall: 

Query Time: 
= PostgreSQL =
Overall: 
=== AGG Results ===
= JQ =

= JODA =
13346336
5073309
1242885
314692
5073309
3584508
2603594
1951078
10691615
2689798
5753533
= Mongo =

= PostgreSQL =

