=== Found JODA query file, executing JODA queries ===
= File:'Twitter.json' =
0.12.4: Pulling from nicotin/joda
Digest: sha256:b253680f2c5ee1118e2c282e0c4ebff5cb6e87643fb98abcf1e686caaa35152a
Status: Image is up to date for nicotin/joda:0.12.4
936239173c7a60d71f09648f9d07464aba3063cc6e065a777448e8ec664b2ede
0
JODA: 80.3011 s
joda-benchmark
=== Results ===
= JQ =
Overall: 
= JODA =
Overall: 80.3011
Query Time: 14.7021
9.057650093
3.155765906
1.10839666
0.348766102
0.277724773
0.167008719
0.261243933
0.158472907
0.093437458
0.073664635
= Mongo =
Overall: 

Query Time: 
= PostgreSQL =
Overall: 
=== AGG Results ===
= JQ =

= JODA =
13346336
10691615
5073309
1707641
1317761
874331
415876
1491480
405194
156275
71937
= Mongo =

= PostgreSQL =

