=== Found JODA query file, executing JODA queries ===
= File:'NoBench.json' =
0.12.3: Pulling from nicotin/joda
Digest: sha256:6c0c6b4a19967ae02ef348535acdb3eb8496453a8b868763c34370e10be0192f
Status: Image is up to date for nicotin/joda:0.12.3
9cf198e6a446de45930cbf1ff6aa097150d053b837526f1d09b6097074932aa9
0
JODA: 1.57463 s
joda-benchmark
=== Found MongoDB query file, executing MongoDB queries ===
= File:'NoBench.json' =
5.0.3-focal: Pulling from library/mongo
Digest: sha256:f7c401402aa3e689fc42c7109247ab2d5a3e3b4b8a3ace4c2bf7a5fc74ca4917
Status: Image is up to date for mongo:5.0.3-focal
666f2077ce1067f68671dee2e3da13084d69d16e28da0e073e08ac14b584de52
2021-11-09T12:00:27.881+0000	connected to: mongodb://localhost/
2021-11-09T12:00:28.693+0000	10000 document(s) imported successfully. 0 document(s) failed to import.
mongo-benchmark
MongoDB: 3.08913 s
mongo-benchmark
=== Found Postgres query file, executing Postgres queries ===
= File:'NoBench.json' =
13.4-alpine: Pulling from library/postgres
Digest: sha256:c170270dc9ba94f491375e366fa2cf46d0bc0027e4a69d70e6e9d1454ba748dc
Status: Image is up to date for postgres:13.4-alpine
c09b2142df0407286dbe0da633560a3aa7a6d03759536591cb0137b7539c2f01
3
PSQL: 2.20597 s
psql-benchmark
=== Results ===
= JQ =
Overall: 
= JODA =
Overall: 1.57463
Query Time: 0.266499
0.029828607
0.032236653999999999
0.028092417
0.028725782
0.029163689
0.027238471
0.027419025
0.023239742
0.020845686
0.019708645
= Mongo =
Overall: 3.08913
0.041
0.058
0.047
0.047
0.063
0.022
0.064
0.064
0.049
0.043
Query Time: 0.498
= PostgreSQL =
Overall: 2.20597
=== AGG Results ===
= JQ =

= JODA =
10000
2917
8011
2893
4117
1283
4994
627
142
49
23
= Mongo =
2917
8011
2893
4117
1283
4994
627
142
49
23
= PostgreSQL =
  2917
  8011
  2893
  4117
  1283
  4994
   627
   142
    49
    23
