=== Found JODA query file, executing JODA queries ===
= File:'Twitter.json' =
0.12.4: Pulling from nicotin/joda
Digest: sha256:b253680f2c5ee1118e2c282e0c4ebff5cb6e87643fb98abcf1e686caaa35152a
Status: Image is up to date for nicotin/joda:0.12.4
f098188a184f54769a9e4f89e76df45f7a2a510b27bcf0bfa2a46b1209e144f5
0
JODA: 81.0579 s
joda-benchmark
=== Results ===
= JQ =
Overall: 
= JODA =
Overall: 81.0579
Query Time: 17.2244
6.931732994
5.061924994
1.441883647
0.686199808
1.892709548
0.221814253
0.113978016
0.1184869
0.510845334
0.244848493
= Mongo =
Overall: 

Query Time: 
= PostgreSQL =
Overall: 
=== AGG Results ===
= JQ =

= JODA =
13346336
5073309
7655190
3612794
1484370
8920061
282556
282556
282556
3072024
1389732
= Mongo =

= PostgreSQL =

