=== Found JODA query file, executing JODA queries ===
= File:'Twitter.json' =
0.12.4: Pulling from nicotin/joda
Digest: sha256:b253680f2c5ee1118e2c282e0c4ebff5cb6e87643fb98abcf1e686caaa35152a
Status: Image is up to date for nicotin/joda:0.12.4
42b923361e1e8c0d6e48d981a72126164e095ed12262a18069866466a0bc12ad
0
JODA: 92.2535 s
joda-benchmark
=== Results ===
= JQ =
Overall: 
= JODA =
Overall: 92.2535
Query Time: 17.7473
5.220185654
3.807711297
1.725759635
0.968342201
0.942415829
0.982994628
1.460232026
1.026232585
0.726068416
0.88739306
= Mongo =
Overall: 

Query Time: 
= PostgreSQL =
Overall: 
=== AGG Results ===
= JQ =

= JODA =
13346336
10691615
11361303
8706582
3088276
2868722
5073309
2969135
5073309
5073309
5073309
= Mongo =

= PostgreSQL =

