=== Found JODA query file, executing JODA queries ===
= File:'Twitter.json' =
0.12.4: Pulling from nicotin/joda
Digest: sha256:b253680f2c5ee1118e2c282e0c4ebff5cb6e87643fb98abcf1e686caaa35152a
Status: Image is up to date for nicotin/joda:0.12.4
f69243840a4f7e5859c7933550989ea45463f292fe974453edeade6f693c5022
0
JODA: 133.549 s
joda-benchmark
=== Results ===
= JQ =
Overall: 
= JODA =
Overall: 133.549
Query Time: 41.8268
8.168755796
6.157572682
0.498893402
3.378369775
1.624196767
3.032722684
1.846458109
3.553300082
3.823646592
4.186550465
0.71849216
2.615688641
0.31744843700000005
0.256049686
0.226628118
0.237438897
0.338234314
0.291978713
0.357897099
0.196482428
= Mongo =
Overall: 

Query Time: 
= PostgreSQL =
Overall: 
=== AGG Results ===
= JQ =

= JODA =
13346336
5290099
2635378
2654721
2005464
3354608
2005464
3642324
2635378
2005469
2005464
352355
5073309
2110275
2110275
1740322
1239920
998105
1977374
1962785
1207428
= Mongo =

= PostgreSQL =

