=== Found JODA query file, executing JODA queries ===
= File:'Twitter.json' =
0.12.2: Pulling from nicotin/joda
Digest: sha256:f5e9052c3cc1af5f34dcaa9442d46f2baf40a6a1b6fc3a0d59558d49b5ec8fcf
Status: Image is up to date for nicotin/joda:0.12.2
b93512e2a9185f610faaa8ba95fa5e9d7e21d9ee9670279c7912ea47abb93b95
0
JODA: 268.043 s
joda-benchmark
=== Found MongoDB query file, executing MongoDB queries ===
= File:'Twitter.json' =
5.0.3-focal: Pulling from library/mongo
Digest: sha256:f7c401402aa3e689fc42c7109247ab2d5a3e3b4b8a3ace4c2bf7a5fc74ca4917
Status: Image is up to date for mongo:5.0.3-focal
ac18d3cecee7f16dcf4c2a77ad792562db006febd672ca98fe45a1a86ceb9fd7
2021-10-22T11:20:11.034+0000	connected to: mongodb://localhost/
2021-10-22T11:20:14.035+0000	[........................] benchmark.Twitter	58.0MB/49.1GB (0.1%)
2021-10-22T11:20:17.035+0000	[........................] benchmark.Twitter	118MB/49.1GB (0.2%)
2021-10-22T11:20:20.035+0000	[........................] benchmark.Twitter	179MB/49.1GB (0.4%)
2021-10-22T11:20:23.035+0000	[........................] benchmark.Twitter	244MB/49.1GB (0.5%)
2021-10-22T11:20:26.035+0000	[........................] benchmark.Twitter	306MB/49.1GB (0.6%)
2021-10-22T11:20:29.035+0000	[........................] benchmark.Twitter	368MB/49.1GB (0.7%)
2021-10-22T11:20:32.035+0000	[........................] benchmark.Twitter	431MB/49.1GB (0.9%)
2021-10-22T11:20:35.035+0000	[........................] benchmark.Twitter	495MB/49.1GB (1.0%)
2021-10-22T11:20:38.035+0000	[........................] benchmark.Twitter	557MB/49.1GB (1.1%)
2021-10-22T11:20:41.035+0000	[........................] benchmark.Twitter	621MB/49.1GB (1.2%)
2021-10-22T11:20:44.035+0000	[........................] benchmark.Twitter	684MB/49.1GB (1.4%)
2021-10-22T11:20:47.035+0000	[........................] benchmark.Twitter	746MB/49.1GB (1.5%)
2021-10-22T11:20:50.035+0000	[........................] benchmark.Twitter	809MB/49.1GB (1.6%)
2021-10-22T11:20:53.035+0000	[........................] benchmark.Twitter	871MB/49.1GB (1.7%)
2021-10-22T11:20:56.036+0000	[........................] benchmark.Twitter	934MB/49.1GB (1.9%)
2021-10-22T11:20:59.035+0000	[........................] benchmark.Twitter	997MB/49.1GB (2.0%)
2021-10-22T11:21:02.035+0000	[........................] benchmark.Twitter	1.03GB/49.1GB (2.1%)
2021-10-22T11:21:05.038+0000	[........................] benchmark.Twitter	1.09GB/49.1GB (2.2%)
2021-10-22T11:21:08.035+0000	[........................] benchmark.Twitter	1.16GB/49.1GB (2.4%)
2021-10-22T11:21:11.035+0000	[........................] benchmark.Twitter	1.22GB/49.1GB (2.5%)
2021-10-22T11:21:14.037+0000	[........................] benchmark.Twitter	1.27GB/49.1GB (2.6%)
2021-10-22T11:21:17.035+0000	[........................] benchmark.Twitter	1.33GB/49.1GB (2.7%)
2021-10-22T11:21:20.035+0000	[........................] benchmark.Twitter	1.39GB/49.1GB (2.8%)
2021-10-22T11:21:23.035+0000	[........................] benchmark.Twitter	1.45GB/49.1GB (3.0%)
2021-10-22T11:21:26.035+0000	[........................] benchmark.Twitter	1.51GB/49.1GB (3.1%)
2021-10-22T11:21:29.036+0000	[........................] benchmark.Twitter	1.57GB/49.1GB (3.2%)
2021-10-22T11:21:32.035+0000	[........................] benchmark.Twitter	1.64GB/49.1GB (3.3%)
2021-10-22T11:21:35.035+0000	[........................] benchmark.Twitter	1.70GB/49.1GB (3.5%)
2021-10-22T11:21:38.035+0000	[........................] benchmark.Twitter	1.76GB/49.1GB (3.6%)
2021-10-22T11:21:41.037+0000	[........................] benchmark.Twitter	1.82GB/49.1GB (3.7%)
2021-10-22T11:21:44.035+0000	[........................] benchmark.Twitter	1.88GB/49.1GB (3.8%)
2021-10-22T11:21:47.035+0000	[........................] benchmark.Twitter	1.94GB/49.1GB (4.0%)
2021-10-22T11:21:50.035+0000	[........................] benchmark.Twitter	2.00GB/49.1GB (4.1%)
2021-10-22T11:21:53.035+0000	[#.......................] benchmark.Twitter	2.06GB/49.1GB (4.2%)
2021-10-22T11:21:56.035+0000	[#.......................] benchmark.Twitter	2.12GB/49.1GB (4.3%)
2021-10-22T11:21:59.036+0000	[#.......................] benchmark.Twitter	2.17GB/49.1GB (4.4%)
2021-10-22T11:22:02.035+0000	[#.......................] benchmark.Twitter	2.23GB/49.1GB (4.5%)
2021-10-22T11:22:05.035+0000	[#.......................] benchmark.Twitter	2.29GB/49.1GB (4.7%)
2021-10-22T11:22:08.035+0000	[#.......................] benchmark.Twitter	2.35GB/49.1GB (4.8%)
2021-10-22T11:22:11.035+0000	[#.......................] benchmark.Twitter	2.41GB/49.1GB (4.9%)
2021-10-22T11:22:14.035+0000	[#.......................] benchmark.Twitter	2.48GB/49.1GB (5.0%)
2021-10-22T11:22:17.037+0000	[#.......................] benchmark.Twitter	2.53GB/49.1GB (5.1%)
2021-10-22T11:22:20.035+0000	[#.......................] benchmark.Twitter	2.59GB/49.1GB (5.3%)
2021-10-22T11:22:23.035+0000	[#.......................] benchmark.Twitter	2.65GB/49.1GB (5.4%)
2021-10-22T11:22:26.035+0000	[#.......................] benchmark.Twitter	2.71GB/49.1GB (5.5%)
2021-10-22T11:22:29.035+0000	[#.......................] benchmark.Twitter	2.77GB/49.1GB (5.6%)
2021-10-22T11:22:32.035+0000	[#.......................] benchmark.Twitter	2.83GB/49.1GB (5.8%)
2021-10-22T11:22:35.035+0000	[#.......................] benchmark.Twitter	2.89GB/49.1GB (5.9%)
2021-10-22T11:22:38.035+0000	[#.......................] benchmark.Twitter	2.95GB/49.1GB (6.0%)
2021-10-22T11:22:41.035+0000	[#.......................] benchmark.Twitter	3.01GB/49.1GB (6.1%)
2021-10-22T11:22:44.036+0000	[#.......................] benchmark.Twitter	3.08GB/49.1GB (6.3%)
2021-10-22T11:22:47.036+0000	[#.......................] benchmark.Twitter	3.14GB/49.1GB (6.4%)
2021-10-22T11:22:50.036+0000	[#.......................] benchmark.Twitter	3.20GB/49.1GB (6.5%)
2021-10-22T11:22:53.035+0000	[#.......................] benchmark.Twitter	3.26GB/49.1GB (6.6%)
2021-10-22T11:22:56.035+0000	[#.......................] benchmark.Twitter	3.32GB/49.1GB (6.8%)
2021-10-22T11:22:59.035+0000	[#.......................] benchmark.Twitter	3.38GB/49.1GB (6.9%)
2021-10-22T11:23:02.035+0000	[#.......................] benchmark.Twitter	3.44GB/49.1GB (7.0%)
2021-10-22T11:23:05.035+0000	[#.......................] benchmark.Twitter	3.50GB/49.1GB (7.1%)
2021-10-22T11:23:08.035+0000	[#.......................] benchmark.Twitter	3.56GB/49.1GB (7.3%)
2021-10-22T11:23:11.035+0000	[#.......................] benchmark.Twitter	3.62GB/49.1GB (7.4%)
2021-10-22T11:23:14.035+0000	[#.......................] benchmark.Twitter	3.69GB/49.1GB (7.5%)
2021-10-22T11:23:17.035+0000	[#.......................] benchmark.Twitter	3.75GB/49.1GB (7.6%)
2021-10-22T11:23:20.036+0000	[#.......................] benchmark.Twitter	3.80GB/49.1GB (7.7%)
2021-10-22T11:23:23.036+0000	[#.......................] benchmark.Twitter	3.86GB/49.1GB (7.8%)
2021-10-22T11:23:26.035+0000	[#.......................] benchmark.Twitter	3.92GB/49.1GB (8.0%)
2021-10-22T11:23:29.035+0000	[#.......................] benchmark.Twitter	3.98GB/49.1GB (8.1%)
2021-10-22T11:23:32.036+0000	[#.......................] benchmark.Twitter	4.04GB/49.1GB (8.2%)
2021-10-22T11:23:35.035+0000	[##......................] benchmark.Twitter	4.11GB/49.1GB (8.4%)
2021-10-22T11:23:38.035+0000	[##......................] benchmark.Twitter	4.17GB/49.1GB (8.5%)
2021-10-22T11:23:41.037+0000	[##......................] benchmark.Twitter	4.23GB/49.1GB (8.6%)
2021-10-22T11:23:44.035+0000	[##......................] benchmark.Twitter	4.29GB/49.1GB (8.7%)
2021-10-22T11:23:47.035+0000	[##......................] benchmark.Twitter	4.35GB/49.1GB (8.9%)
2021-10-22T11:23:50.036+0000	[##......................] benchmark.Twitter	4.41GB/49.1GB (9.0%)
2021-10-22T11:23:53.035+0000	[##......................] benchmark.Twitter	4.47GB/49.1GB (9.1%)
2021-10-22T11:23:56.035+0000	[##......................] benchmark.Twitter	4.53GB/49.1GB (9.2%)
2021-10-22T11:23:59.035+0000	[##......................] benchmark.Twitter	4.59GB/49.1GB (9.3%)
2021-10-22T11:24:02.035+0000	[##......................] benchmark.Twitter	4.65GB/49.1GB (9.5%)
2021-10-22T11:24:05.035+0000	[##......................] benchmark.Twitter	4.71GB/49.1GB (9.6%)
2021-10-22T11:24:08.037+0000	[##......................] benchmark.Twitter	4.77GB/49.1GB (9.7%)
2021-10-22T11:24:11.035+0000	[##......................] benchmark.Twitter	4.83GB/49.1GB (9.8%)
2021-10-22T11:24:14.036+0000	[##......................] benchmark.Twitter	4.90GB/49.1GB (10.0%)
2021-10-22T11:24:17.035+0000	[##......................] benchmark.Twitter	4.96GB/49.1GB (10.1%)
2021-10-22T11:24:20.035+0000	[##......................] benchmark.Twitter	5.02GB/49.1GB (10.2%)
2021-10-22T11:24:23.035+0000	[##......................] benchmark.Twitter	5.07GB/49.1GB (10.3%)
2021-10-22T11:24:26.035+0000	[##......................] benchmark.Twitter	5.13GB/49.1GB (10.4%)
2021-10-22T11:24:29.035+0000	[##......................] benchmark.Twitter	5.19GB/49.1GB (10.6%)
2021-10-22T11:24:32.036+0000	[##......................] benchmark.Twitter	5.25GB/49.1GB (10.7%)
2021-10-22T11:24:35.035+0000	[##......................] benchmark.Twitter	5.31GB/49.1GB (10.8%)
2021-10-22T11:24:38.035+0000	[##......................] benchmark.Twitter	5.37GB/49.1GB (10.9%)
2021-10-22T11:24:41.035+0000	[##......................] benchmark.Twitter	5.42GB/49.1GB (11.0%)
2021-10-22T11:24:44.035+0000	[##......................] benchmark.Twitter	5.48GB/49.1GB (11.2%)
2021-10-22T11:24:47.035+0000	[##......................] benchmark.Twitter	5.54GB/49.1GB (11.3%)
2021-10-22T11:24:50.036+0000	[##......................] benchmark.Twitter	5.60GB/49.1GB (11.4%)
2021-10-22T11:24:53.035+0000	[##......................] benchmark.Twitter	5.65GB/49.1GB (11.5%)
2021-10-22T11:24:56.035+0000	[##......................] benchmark.Twitter	5.71GB/49.1GB (11.6%)
2021-10-22T11:24:59.035+0000	[##......................] benchmark.Twitter	5.77GB/49.1GB (11.7%)
2021-10-22T11:25:02.035+0000	[##......................] benchmark.Twitter	5.82GB/49.1GB (11.9%)
2021-10-22T11:25:05.035+0000	[##......................] benchmark.Twitter	5.88GB/49.1GB (12.0%)
2021-10-22T11:25:08.035+0000	[##......................] benchmark.Twitter	5.94GB/49.1GB (12.1%)
2021-10-22T11:25:11.035+0000	[##......................] benchmark.Twitter	6.00GB/49.1GB (12.2%)
2021-10-22T11:25:14.036+0000	[##......................] benchmark.Twitter	6.06GB/49.1GB (12.3%)
2021-10-22T11:25:17.035+0000	[##......................] benchmark.Twitter	6.12GB/49.1GB (12.5%)
2021-10-22T11:25:20.036+0000	[###.....................] benchmark.Twitter	6.18GB/49.1GB (12.6%)
2021-10-22T11:25:23.035+0000	[###.....................] benchmark.Twitter	6.24GB/49.1GB (12.7%)
2021-10-22T11:25:26.035+0000	[###.....................] benchmark.Twitter	6.29GB/49.1GB (12.8%)
2021-10-22T11:25:29.035+0000	[###.....................] benchmark.Twitter	6.35GB/49.1GB (12.9%)
2021-10-22T11:25:32.035+0000	[###.....................] benchmark.Twitter	6.41GB/49.1GB (13.0%)
2021-10-22T11:25:35.036+0000	[###.....................] benchmark.Twitter	6.47GB/49.1GB (13.2%)
2021-10-22T11:25:38.036+0000	[###.....................] benchmark.Twitter	6.53GB/49.1GB (13.3%)
2021-10-22T11:25:41.035+0000	[###.....................] benchmark.Twitter	6.59GB/49.1GB (13.4%)
2021-10-22T11:25:44.035+0000	[###.....................] benchmark.Twitter	6.65GB/49.1GB (13.5%)
2021-10-22T11:25:47.035+0000	[###.....................] benchmark.Twitter	6.72GB/49.1GB (13.7%)
2021-10-22T11:25:50.035+0000	[###.....................] benchmark.Twitter	6.78GB/49.1GB (13.8%)
2021-10-22T11:25:53.035+0000	[###.....................] benchmark.Twitter	6.84GB/49.1GB (13.9%)
2021-10-22T11:25:56.035+0000	[###.....................] benchmark.Twitter	6.90GB/49.1GB (14.0%)
2021-10-22T11:25:59.035+0000	[###.....................] benchmark.Twitter	6.96GB/49.1GB (14.2%)
2021-10-22T11:26:02.035+0000	[###.....................] benchmark.Twitter	7.02GB/49.1GB (14.3%)
2021-10-22T11:26:05.035+0000	[###.....................] benchmark.Twitter	7.08GB/49.1GB (14.4%)
2021-10-22T11:26:08.035+0000	[###.....................] benchmark.Twitter	7.14GB/49.1GB (14.5%)
2021-10-22T11:26:11.035+0000	[###.....................] benchmark.Twitter	7.20GB/49.1GB (14.7%)
2021-10-22T11:26:14.036+0000	[###.....................] benchmark.Twitter	7.26GB/49.1GB (14.8%)
2021-10-22T11:26:17.035+0000	[###.....................] benchmark.Twitter	7.33GB/49.1GB (14.9%)
2021-10-22T11:26:20.035+0000	[###.....................] benchmark.Twitter	7.39GB/49.1GB (15.0%)
2021-10-22T11:26:23.035+0000	[###.....................] benchmark.Twitter	7.45GB/49.1GB (15.2%)
2021-10-22T11:26:26.036+0000	[###.....................] benchmark.Twitter	7.51GB/49.1GB (15.3%)
2021-10-22T11:26:29.036+0000	[###.....................] benchmark.Twitter	7.56GB/49.1GB (15.4%)
2021-10-22T11:26:32.037+0000	[###.....................] benchmark.Twitter	7.62GB/49.1GB (15.5%)
2021-10-22T11:26:35.035+0000	[###.....................] benchmark.Twitter	7.68GB/49.1GB (15.6%)
2021-10-22T11:26:38.035+0000	[###.....................] benchmark.Twitter	7.74GB/49.1GB (15.8%)
2021-10-22T11:26:41.035+0000	[###.....................] benchmark.Twitter	7.80GB/49.1GB (15.9%)
2021-10-22T11:26:44.035+0000	[###.....................] benchmark.Twitter	7.86GB/49.1GB (16.0%)
2021-10-22T11:26:47.035+0000	[###.....................] benchmark.Twitter	7.92GB/49.1GB (16.1%)
2021-10-22T11:26:50.035+0000	[###.....................] benchmark.Twitter	7.98GB/49.1GB (16.2%)
2021-10-22T11:26:53.035+0000	[###.....................] benchmark.Twitter	8.04GB/49.1GB (16.4%)
2021-10-22T11:26:56.035+0000	[###.....................] benchmark.Twitter	8.10GB/49.1GB (16.5%)
2021-10-22T11:26:59.035+0000	[###.....................] benchmark.Twitter	8.16GB/49.1GB (16.6%)
2021-10-22T11:27:02.036+0000	[####....................] benchmark.Twitter	8.22GB/49.1GB (16.7%)
2021-10-22T11:27:05.035+0000	[####....................] benchmark.Twitter	8.28GB/49.1GB (16.9%)
2021-10-22T11:27:08.035+0000	[####....................] benchmark.Twitter	8.34GB/49.1GB (17.0%)
2021-10-22T11:27:11.035+0000	[####....................] benchmark.Twitter	8.41GB/49.1GB (17.1%)
2021-10-22T11:27:14.035+0000	[####....................] benchmark.Twitter	8.47GB/49.1GB (17.2%)
2021-10-22T11:27:17.035+0000	[####....................] benchmark.Twitter	8.53GB/49.1GB (17.4%)
2021-10-22T11:27:20.036+0000	[####....................] benchmark.Twitter	8.59GB/49.1GB (17.5%)
2021-10-22T11:27:23.037+0000	[####....................] benchmark.Twitter	8.65GB/49.1GB (17.6%)
2021-10-22T11:27:26.036+0000	[####....................] benchmark.Twitter	8.71GB/49.1GB (17.7%)
2021-10-22T11:27:29.035+0000	[####....................] benchmark.Twitter	8.77GB/49.1GB (17.8%)
2021-10-22T11:27:32.035+0000	[####....................] benchmark.Twitter	8.83GB/49.1GB (18.0%)
2021-10-22T11:27:35.035+0000	[####....................] benchmark.Twitter	8.88GB/49.1GB (18.1%)
2021-10-22T11:27:38.035+0000	[####....................] benchmark.Twitter	8.93GB/49.1GB (18.2%)
2021-10-22T11:27:41.035+0000	[####....................] benchmark.Twitter	8.99GB/49.1GB (18.3%)
2021-10-22T11:27:44.035+0000	[####....................] benchmark.Twitter	9.05GB/49.1GB (18.4%)
2021-10-22T11:27:47.035+0000	[####....................] benchmark.Twitter	9.10GB/49.1GB (18.5%)
2021-10-22T11:27:50.035+0000	[####....................] benchmark.Twitter	9.16GB/49.1GB (18.6%)
2021-10-22T11:27:53.035+0000	[####....................] benchmark.Twitter	9.22GB/49.1GB (18.8%)
2021-10-22T11:27:56.035+0000	[####....................] benchmark.Twitter	9.27GB/49.1GB (18.9%)
2021-10-22T11:27:59.035+0000	[####....................] benchmark.Twitter	9.33GB/49.1GB (19.0%)
2021-10-22T11:28:02.035+0000	[####....................] benchmark.Twitter	9.39GB/49.1GB (19.1%)
2021-10-22T11:28:05.035+0000	[####....................] benchmark.Twitter	9.44GB/49.1GB (19.2%)
2021-10-22T11:28:08.035+0000	[####....................] benchmark.Twitter	9.50GB/49.1GB (19.3%)
2021-10-22T11:28:11.035+0000	[####....................] benchmark.Twitter	9.55GB/49.1GB (19.4%)
2021-10-22T11:28:14.035+0000	[####....................] benchmark.Twitter	9.61GB/49.1GB (19.6%)
2021-10-22T11:28:17.035+0000	[####....................] benchmark.Twitter	9.67GB/49.1GB (19.7%)
2021-10-22T11:28:20.035+0000	[####....................] benchmark.Twitter	9.73GB/49.1GB (19.8%)
2021-10-22T11:28:23.036+0000	[####....................] benchmark.Twitter	9.79GB/49.1GB (19.9%)
2021-10-22T11:28:26.035+0000	[####....................] benchmark.Twitter	9.85GB/49.1GB (20.1%)
2021-10-22T11:28:29.035+0000	[####....................] benchmark.Twitter	9.91GB/49.1GB (20.2%)
2021-10-22T11:28:32.035+0000	[####....................] benchmark.Twitter	9.97GB/49.1GB (20.3%)
2021-10-22T11:28:35.035+0000	[####....................] benchmark.Twitter	10.0GB/49.1GB (20.4%)
2021-10-22T11:28:38.035+0000	[####....................] benchmark.Twitter	10.1GB/49.1GB (20.5%)
2021-10-22T11:28:41.035+0000	[####....................] benchmark.Twitter	10.1GB/49.1GB (20.6%)
2021-10-22T11:28:44.035+0000	[####....................] benchmark.Twitter	10.2GB/49.1GB (20.8%)
2021-10-22T11:28:47.036+0000	[#####...................] benchmark.Twitter	10.3GB/49.1GB (20.9%)
2021-10-22T11:28:50.035+0000	[#####...................] benchmark.Twitter	10.3GB/49.1GB (21.0%)
2021-10-22T11:28:53.035+0000	[#####...................] benchmark.Twitter	10.4GB/49.1GB (21.1%)
2021-10-22T11:28:56.035+0000	[#####...................] benchmark.Twitter	10.4GB/49.1GB (21.3%)
2021-10-22T11:28:59.035+0000	[#####...................] benchmark.Twitter	10.5GB/49.1GB (21.4%)
2021-10-22T11:29:02.037+0000	[#####...................] benchmark.Twitter	10.6GB/49.1GB (21.5%)
2021-10-22T11:29:05.035+0000	[#####...................] benchmark.Twitter	10.6GB/49.1GB (21.6%)
2021-10-22T11:29:08.035+0000	[#####...................] benchmark.Twitter	10.7GB/49.1GB (21.8%)
2021-10-22T11:29:11.035+0000	[#####...................] benchmark.Twitter	10.8GB/49.1GB (21.9%)
2021-10-22T11:29:14.035+0000	[#####...................] benchmark.Twitter	10.8GB/49.1GB (22.0%)
2021-10-22T11:29:17.035+0000	[#####...................] benchmark.Twitter	10.9GB/49.1GB (22.1%)
2021-10-22T11:29:20.036+0000	[#####...................] benchmark.Twitter	10.9GB/49.1GB (22.2%)
2021-10-22T11:29:23.035+0000	[#####...................] benchmark.Twitter	11.0GB/49.1GB (22.4%)
2021-10-22T11:29:26.035+0000	[#####...................] benchmark.Twitter	11.1GB/49.1GB (22.5%)
2021-10-22T11:29:29.036+0000	[#####...................] benchmark.Twitter	11.1GB/49.1GB (22.6%)
2021-10-22T11:29:32.035+0000	[#####...................] benchmark.Twitter	11.2GB/49.1GB (22.7%)
2021-10-22T11:29:35.035+0000	[#####...................] benchmark.Twitter	11.2GB/49.1GB (22.9%)
2021-10-22T11:29:38.036+0000	[#####...................] benchmark.Twitter	11.3GB/49.1GB (23.0%)
2021-10-22T11:29:41.035+0000	[#####...................] benchmark.Twitter	11.3GB/49.1GB (23.1%)
2021-10-22T11:29:44.035+0000	[#####...................] benchmark.Twitter	11.4GB/49.1GB (23.2%)
2021-10-22T11:29:47.036+0000	[#####...................] benchmark.Twitter	11.5GB/49.1GB (23.3%)
2021-10-22T11:29:50.035+0000	[#####...................] benchmark.Twitter	11.5GB/49.1GB (23.4%)
2021-10-22T11:29:53.035+0000	[#####...................] benchmark.Twitter	11.6GB/49.1GB (23.6%)
2021-10-22T11:29:56.035+0000	[#####...................] benchmark.Twitter	11.6GB/49.1GB (23.7%)
2021-10-22T11:29:59.036+0000	[#####...................] benchmark.Twitter	11.7GB/49.1GB (23.8%)
2021-10-22T11:30:02.035+0000	[#####...................] benchmark.Twitter	11.8GB/49.1GB (23.9%)
2021-10-22T11:30:05.035+0000	[#####...................] benchmark.Twitter	11.8GB/49.1GB (24.1%)
2021-10-22T11:30:08.035+0000	[#####...................] benchmark.Twitter	11.9GB/49.1GB (24.2%)
2021-10-22T11:30:11.035+0000	[#####...................] benchmark.Twitter	11.9GB/49.1GB (24.3%)
2021-10-22T11:30:14.035+0000	[#####...................] benchmark.Twitter	12.0GB/49.1GB (24.4%)
2021-10-22T11:30:17.035+0000	[#####...................] benchmark.Twitter	12.1GB/49.1GB (24.5%)
2021-10-22T11:30:20.035+0000	[#####...................] benchmark.Twitter	12.1GB/49.1GB (24.7%)
2021-10-22T11:30:23.035+0000	[#####...................] benchmark.Twitter	12.2GB/49.1GB (24.8%)
2021-10-22T11:30:26.035+0000	[#####...................] benchmark.Twitter	12.2GB/49.1GB (24.9%)
2021-10-22T11:30:29.035+0000	[######..................] benchmark.Twitter	12.3GB/49.1GB (25.0%)
2021-10-22T11:30:32.035+0000	[######..................] benchmark.Twitter	12.3GB/49.1GB (25.1%)
2021-10-22T11:30:35.035+0000	[######..................] benchmark.Twitter	12.4GB/49.1GB (25.2%)
2021-10-22T11:30:38.035+0000	[######..................] benchmark.Twitter	12.4GB/49.1GB (25.3%)
2021-10-22T11:30:41.039+0000	[######..................] benchmark.Twitter	12.5GB/49.1GB (25.5%)
2021-10-22T11:30:44.036+0000	[######..................] benchmark.Twitter	12.6GB/49.1GB (25.6%)
2021-10-22T11:30:47.035+0000	[######..................] benchmark.Twitter	12.6GB/49.1GB (25.7%)
2021-10-22T11:30:50.035+0000	[######..................] benchmark.Twitter	12.7GB/49.1GB (25.8%)
2021-10-22T11:30:53.036+0000	[######..................] benchmark.Twitter	12.7GB/49.1GB (25.9%)
2021-10-22T11:30:56.035+0000	[######..................] benchmark.Twitter	12.8GB/49.1GB (26.1%)
2021-10-22T11:30:59.035+0000	[######..................] benchmark.Twitter	12.9GB/49.1GB (26.2%)
2021-10-22T11:31:02.037+0000	[######..................] benchmark.Twitter	12.9GB/49.1GB (26.3%)
2021-10-22T11:31:05.035+0000	[######..................] benchmark.Twitter	13.0GB/49.1GB (26.4%)
2021-10-22T11:31:08.038+0000	[######..................] benchmark.Twitter	13.0GB/49.1GB (26.6%)
2021-10-22T11:31:11.036+0000	[######..................] benchmark.Twitter	13.1GB/49.1GB (26.7%)
2021-10-22T11:31:14.036+0000	[######..................] benchmark.Twitter	13.2GB/49.1GB (26.8%)
2021-10-22T11:31:17.035+0000	[######..................] benchmark.Twitter	13.2GB/49.1GB (26.9%)
2021-10-22T11:31:20.035+0000	[######..................] benchmark.Twitter	13.3GB/49.1GB (27.1%)
2021-10-22T11:31:23.035+0000	[######..................] benchmark.Twitter	13.3GB/49.1GB (27.2%)
2021-10-22T11:31:26.035+0000	[######..................] benchmark.Twitter	13.4GB/49.1GB (27.3%)
2021-10-22T11:31:29.035+0000	[######..................] benchmark.Twitter	13.5GB/49.1GB (27.4%)
2021-10-22T11:31:32.035+0000	[######..................] benchmark.Twitter	13.5GB/49.1GB (27.5%)
2021-10-22T11:31:35.035+0000	[######..................] benchmark.Twitter	13.6GB/49.1GB (27.7%)
2021-10-22T11:31:38.036+0000	[######..................] benchmark.Twitter	13.7GB/49.1GB (27.8%)
2021-10-22T11:31:41.035+0000	[######..................] benchmark.Twitter	13.7GB/49.1GB (27.9%)
2021-10-22T11:31:44.035+0000	[######..................] benchmark.Twitter	13.8GB/49.1GB (28.0%)
2021-10-22T11:31:47.035+0000	[######..................] benchmark.Twitter	13.8GB/49.1GB (28.1%)
2021-10-22T11:31:50.036+0000	[######..................] benchmark.Twitter	13.9GB/49.1GB (28.3%)
2021-10-22T11:31:53.036+0000	[######..................] benchmark.Twitter	13.9GB/49.1GB (28.4%)
2021-10-22T11:31:56.035+0000	[######..................] benchmark.Twitter	14.0GB/49.1GB (28.5%)
2021-10-22T11:31:59.035+0000	[######..................] benchmark.Twitter	14.1GB/49.1GB (28.6%)
2021-10-22T11:32:02.036+0000	[######..................] benchmark.Twitter	14.1GB/49.1GB (28.8%)
2021-10-22T11:32:05.035+0000	[######..................] benchmark.Twitter	14.2GB/49.1GB (28.9%)
2021-10-22T11:32:08.035+0000	[######..................] benchmark.Twitter	14.3GB/49.1GB (29.0%)
2021-10-22T11:32:11.035+0000	[######..................] benchmark.Twitter	14.3GB/49.1GB (29.1%)
2021-10-22T11:32:14.036+0000	[#######.................] benchmark.Twitter	14.4GB/49.1GB (29.3%)
2021-10-22T11:32:17.035+0000	[#######.................] benchmark.Twitter	14.4GB/49.1GB (29.4%)
2021-10-22T11:32:20.035+0000	[#######.................] benchmark.Twitter	14.5GB/49.1GB (29.5%)
2021-10-22T11:32:23.035+0000	[#######.................] benchmark.Twitter	14.6GB/49.1GB (29.6%)
2021-10-22T11:32:26.035+0000	[#######.................] benchmark.Twitter	14.6GB/49.1GB (29.8%)
2021-10-22T11:32:29.035+0000	[#######.................] benchmark.Twitter	14.7GB/49.1GB (29.9%)
2021-10-22T11:32:32.035+0000	[#######.................] benchmark.Twitter	14.8GB/49.1GB (30.0%)
2021-10-22T11:32:35.035+0000	[#######.................] benchmark.Twitter	14.8GB/49.1GB (30.1%)
2021-10-22T11:32:38.035+0000	[#######.................] benchmark.Twitter	14.9GB/49.1GB (30.3%)
2021-10-22T11:32:41.037+0000	[#######.................] benchmark.Twitter	14.9GB/49.1GB (30.4%)
2021-10-22T11:32:44.036+0000	[#######.................] benchmark.Twitter	15.0GB/49.1GB (30.5%)
2021-10-22T11:32:47.036+0000	[#######.................] benchmark.Twitter	15.1GB/49.1GB (30.6%)
2021-10-22T11:32:50.035+0000	[#######.................] benchmark.Twitter	15.1GB/49.1GB (30.7%)
2021-10-22T11:32:53.035+0000	[#######.................] benchmark.Twitter	15.2GB/49.1GB (30.9%)
2021-10-22T11:32:56.035+0000	[#######.................] benchmark.Twitter	15.2GB/49.1GB (31.0%)
2021-10-22T11:32:59.035+0000	[#######.................] benchmark.Twitter	15.3GB/49.1GB (31.1%)
2021-10-22T11:33:02.036+0000	[#######.................] benchmark.Twitter	15.3GB/49.1GB (31.2%)
2021-10-22T11:33:05.035+0000	[#######.................] benchmark.Twitter	15.4GB/49.1GB (31.3%)
2021-10-22T11:33:08.036+0000	[#######.................] benchmark.Twitter	15.4GB/49.1GB (31.4%)
2021-10-22T11:33:11.035+0000	[#######.................] benchmark.Twitter	15.5GB/49.1GB (31.6%)
2021-10-22T11:33:14.035+0000	[#######.................] benchmark.Twitter	15.6GB/49.1GB (31.7%)
2021-10-22T11:33:17.035+0000	[#######.................] benchmark.Twitter	15.6GB/49.1GB (31.8%)
2021-10-22T11:33:20.035+0000	[#######.................] benchmark.Twitter	15.7GB/49.1GB (31.9%)
2021-10-22T11:33:23.036+0000	[#######.................] benchmark.Twitter	15.8GB/49.1GB (32.1%)
2021-10-22T11:33:26.035+0000	[#######.................] benchmark.Twitter	15.8GB/49.1GB (32.2%)
2021-10-22T11:33:29.037+0000	[#######.................] benchmark.Twitter	15.9GB/49.1GB (32.3%)
2021-10-22T11:33:32.036+0000	[#######.................] benchmark.Twitter	15.9GB/49.1GB (32.4%)
2021-10-22T11:33:35.035+0000	[#######.................] benchmark.Twitter	16.0GB/49.1GB (32.5%)
2021-10-22T11:33:38.035+0000	[#######.................] benchmark.Twitter	16.1GB/49.1GB (32.7%)
2021-10-22T11:33:41.035+0000	[#######.................] benchmark.Twitter	16.1GB/49.1GB (32.8%)
2021-10-22T11:33:44.035+0000	[#######.................] benchmark.Twitter	16.2GB/49.1GB (32.9%)
2021-10-22T11:33:47.035+0000	[#######.................] benchmark.Twitter	16.2GB/49.1GB (33.1%)
2021-10-22T11:33:50.035+0000	[#######.................] benchmark.Twitter	16.3GB/49.1GB (33.2%)
2021-10-22T11:33:53.035+0000	[#######.................] benchmark.Twitter	16.4GB/49.1GB (33.3%)
2021-10-22T11:33:56.035+0000	[########................] benchmark.Twitter	16.4GB/49.1GB (33.4%)
2021-10-22T11:33:59.035+0000	[########................] benchmark.Twitter	16.5GB/49.1GB (33.5%)
2021-10-22T11:34:02.035+0000	[########................] benchmark.Twitter	16.5GB/49.1GB (33.7%)
2021-10-22T11:34:05.035+0000	[########................] benchmark.Twitter	16.6GB/49.1GB (33.8%)
2021-10-22T11:34:08.035+0000	[########................] benchmark.Twitter	16.7GB/49.1GB (33.9%)
2021-10-22T11:34:11.035+0000	[########................] benchmark.Twitter	16.7GB/49.1GB (34.0%)
2021-10-22T11:34:14.035+0000	[########................] benchmark.Twitter	16.8GB/49.1GB (34.2%)
2021-10-22T11:34:17.035+0000	[########................] benchmark.Twitter	16.8GB/49.1GB (34.3%)
2021-10-22T11:34:20.035+0000	[########................] benchmark.Twitter	16.9GB/49.1GB (34.4%)
2021-10-22T11:34:23.035+0000	[########................] benchmark.Twitter	17.0GB/49.1GB (34.5%)
2021-10-22T11:34:26.035+0000	[########................] benchmark.Twitter	17.0GB/49.1GB (34.6%)
2021-10-22T11:34:29.036+0000	[########................] benchmark.Twitter	17.1GB/49.1GB (34.8%)
2021-10-22T11:34:32.035+0000	[########................] benchmark.Twitter	17.1GB/49.1GB (34.9%)
2021-10-22T11:34:35.035+0000	[########................] benchmark.Twitter	17.2GB/49.1GB (35.0%)
2021-10-22T11:34:38.035+0000	[########................] benchmark.Twitter	17.3GB/49.1GB (35.1%)
2021-10-22T11:34:41.035+0000	[########................] benchmark.Twitter	17.3GB/49.1GB (35.3%)
2021-10-22T11:34:44.035+0000	[########................] benchmark.Twitter	17.4GB/49.1GB (35.4%)
2021-10-22T11:34:47.035+0000	[########................] benchmark.Twitter	17.4GB/49.1GB (35.5%)
2021-10-22T11:34:50.035+0000	[########................] benchmark.Twitter	17.5GB/49.1GB (35.6%)
2021-10-22T11:34:53.035+0000	[########................] benchmark.Twitter	17.6GB/49.1GB (35.8%)
2021-10-22T11:34:56.035+0000	[########................] benchmark.Twitter	17.6GB/49.1GB (35.9%)
2021-10-22T11:34:59.035+0000	[########................] benchmark.Twitter	17.7GB/49.1GB (36.0%)
2021-10-22T11:35:02.035+0000	[########................] benchmark.Twitter	17.7GB/49.1GB (36.1%)
2021-10-22T11:35:05.035+0000	[########................] benchmark.Twitter	17.8GB/49.1GB (36.2%)
2021-10-22T11:35:08.035+0000	[########................] benchmark.Twitter	17.9GB/49.1GB (36.4%)
2021-10-22T11:35:11.035+0000	[########................] benchmark.Twitter	17.9GB/49.1GB (36.5%)
2021-10-22T11:35:14.035+0000	[########................] benchmark.Twitter	18.0GB/49.1GB (36.6%)
2021-10-22T11:35:17.035+0000	[########................] benchmark.Twitter	18.0GB/49.1GB (36.7%)
2021-10-22T11:35:20.035+0000	[########................] benchmark.Twitter	18.1GB/49.1GB (36.8%)
2021-10-22T11:35:23.035+0000	[########................] benchmark.Twitter	18.1GB/49.1GB (36.9%)
2021-10-22T11:35:26.035+0000	[########................] benchmark.Twitter	18.2GB/49.1GB (37.1%)
2021-10-22T11:35:29.035+0000	[########................] benchmark.Twitter	18.3GB/49.1GB (37.2%)
2021-10-22T11:35:32.035+0000	[########................] benchmark.Twitter	18.3GB/49.1GB (37.3%)
2021-10-22T11:35:35.036+0000	[########................] benchmark.Twitter	18.4GB/49.1GB (37.4%)
2021-10-22T11:35:38.035+0000	[#########...............] benchmark.Twitter	18.4GB/49.1GB (37.5%)
2021-10-22T11:35:41.035+0000	[#########...............] benchmark.Twitter	18.5GB/49.1GB (37.6%)
2021-10-22T11:35:44.035+0000	[#########...............] benchmark.Twitter	18.6GB/49.1GB (37.8%)
2021-10-22T11:35:47.035+0000	[#########...............] benchmark.Twitter	18.6GB/49.1GB (37.9%)
2021-10-22T11:35:50.036+0000	[#########...............] benchmark.Twitter	18.7GB/49.1GB (38.0%)
2021-10-22T11:35:53.035+0000	[#########...............] benchmark.Twitter	18.7GB/49.1GB (38.1%)
2021-10-22T11:35:56.035+0000	[#########...............] benchmark.Twitter	18.8GB/49.1GB (38.3%)
2021-10-22T11:35:59.036+0000	[#########...............] benchmark.Twitter	18.9GB/49.1GB (38.4%)
2021-10-22T11:36:02.035+0000	[#########...............] benchmark.Twitter	18.9GB/49.1GB (38.5%)
2021-10-22T11:36:05.036+0000	[#########...............] benchmark.Twitter	19.0GB/49.1GB (38.6%)
2021-10-22T11:36:08.035+0000	[#########...............] benchmark.Twitter	19.0GB/49.1GB (38.7%)
2021-10-22T11:36:11.035+0000	[#########...............] benchmark.Twitter	19.1GB/49.1GB (38.9%)
2021-10-22T11:36:14.036+0000	[#########...............] benchmark.Twitter	19.1GB/49.1GB (39.0%)
2021-10-22T11:36:17.035+0000	[#########...............] benchmark.Twitter	19.2GB/49.1GB (39.1%)
2021-10-22T11:36:20.035+0000	[#########...............] benchmark.Twitter	19.3GB/49.1GB (39.2%)
2021-10-22T11:36:23.035+0000	[#########...............] benchmark.Twitter	19.3GB/49.1GB (39.4%)
2021-10-22T11:36:26.036+0000	[#########...............] benchmark.Twitter	19.4GB/49.1GB (39.5%)
2021-10-22T11:36:29.035+0000	[#########...............] benchmark.Twitter	19.5GB/49.1GB (39.6%)
2021-10-22T11:36:32.035+0000	[#########...............] benchmark.Twitter	19.5GB/49.1GB (39.7%)
2021-10-22T11:36:35.035+0000	[#########...............] benchmark.Twitter	19.6GB/49.1GB (39.9%)
2021-10-22T11:36:38.035+0000	[#########...............] benchmark.Twitter	19.6GB/49.1GB (40.0%)
2021-10-22T11:36:41.035+0000	[#########...............] benchmark.Twitter	19.7GB/49.1GB (40.1%)
2021-10-22T11:36:44.035+0000	[#########...............] benchmark.Twitter	19.8GB/49.1GB (40.2%)
2021-10-22T11:36:47.035+0000	[#########...............] benchmark.Twitter	19.8GB/49.1GB (40.4%)
2021-10-22T11:36:50.035+0000	[#########...............] benchmark.Twitter	19.9GB/49.1GB (40.5%)
2021-10-22T11:36:53.036+0000	[#########...............] benchmark.Twitter	19.9GB/49.1GB (40.6%)
2021-10-22T11:36:56.035+0000	[#########...............] benchmark.Twitter	20.0GB/49.1GB (40.7%)
2021-10-22T11:36:59.035+0000	[#########...............] benchmark.Twitter	20.1GB/49.1GB (40.8%)
2021-10-22T11:37:02.035+0000	[#########...............] benchmark.Twitter	20.1GB/49.1GB (40.9%)
2021-10-22T11:37:05.035+0000	[#########...............] benchmark.Twitter	20.2GB/49.1GB (41.1%)
2021-10-22T11:37:08.035+0000	[#########...............] benchmark.Twitter	20.2GB/49.1GB (41.2%)
2021-10-22T11:37:11.035+0000	[#########...............] benchmark.Twitter	20.3GB/49.1GB (41.3%)
2021-10-22T11:37:14.035+0000	[#########...............] benchmark.Twitter	20.3GB/49.1GB (41.4%)
2021-10-22T11:37:17.036+0000	[#########...............] benchmark.Twitter	20.4GB/49.1GB (41.5%)
2021-10-22T11:37:20.035+0000	[#########...............] benchmark.Twitter	20.5GB/49.1GB (41.6%)
2021-10-22T11:37:23.035+0000	[##########..............] benchmark.Twitter	20.5GB/49.1GB (41.8%)
2021-10-22T11:37:26.035+0000	[##########..............] benchmark.Twitter	20.6GB/49.1GB (41.9%)
2021-10-22T11:37:29.035+0000	[##########..............] benchmark.Twitter	20.6GB/49.1GB (42.0%)
2021-10-22T11:37:32.035+0000	[##########..............] benchmark.Twitter	20.7GB/49.1GB (42.1%)
2021-10-22T11:37:35.036+0000	[##########..............] benchmark.Twitter	20.8GB/49.1GB (42.3%)
2021-10-22T11:37:38.035+0000	[##########..............] benchmark.Twitter	20.8GB/49.1GB (42.4%)
2021-10-22T11:37:41.036+0000	[##########..............] benchmark.Twitter	20.9GB/49.1GB (42.5%)
2021-10-22T11:37:44.035+0000	[##########..............] benchmark.Twitter	20.9GB/49.1GB (42.6%)
2021-10-22T11:37:47.035+0000	[##########..............] benchmark.Twitter	21.0GB/49.1GB (42.8%)
2021-10-22T11:37:50.035+0000	[##########..............] benchmark.Twitter	21.1GB/49.1GB (42.9%)
2021-10-22T11:37:53.035+0000	[##########..............] benchmark.Twitter	21.1GB/49.1GB (43.0%)
2021-10-22T11:37:56.035+0000	[##########..............] benchmark.Twitter	21.2GB/49.1GB (43.1%)
2021-10-22T11:37:59.035+0000	[##########..............] benchmark.Twitter	21.3GB/49.1GB (43.3%)
2021-10-22T11:38:02.035+0000	[##########..............] benchmark.Twitter	21.3GB/49.1GB (43.4%)
2021-10-22T11:38:05.035+0000	[##########..............] benchmark.Twitter	21.4GB/49.1GB (43.5%)
2021-10-22T11:38:08.035+0000	[##########..............] benchmark.Twitter	21.4GB/49.1GB (43.6%)
2021-10-22T11:38:11.035+0000	[##########..............] benchmark.Twitter	21.5GB/49.1GB (43.7%)
2021-10-22T11:38:14.035+0000	[##########..............] benchmark.Twitter	21.6GB/49.1GB (43.9%)
2021-10-22T11:38:17.035+0000	[##########..............] benchmark.Twitter	21.6GB/49.1GB (44.0%)
2021-10-22T11:38:20.035+0000	[##########..............] benchmark.Twitter	21.7GB/49.1GB (44.1%)
2021-10-22T11:38:23.035+0000	[##########..............] benchmark.Twitter	21.7GB/49.1GB (44.3%)
2021-10-22T11:38:26.037+0000	[##########..............] benchmark.Twitter	21.8GB/49.1GB (44.4%)
2021-10-22T11:38:29.035+0000	[##########..............] benchmark.Twitter	21.9GB/49.1GB (44.5%)
2021-10-22T11:38:32.035+0000	[##########..............] benchmark.Twitter	21.9GB/49.1GB (44.6%)
2021-10-22T11:38:35.035+0000	[##########..............] benchmark.Twitter	22.0GB/49.1GB (44.7%)
2021-10-22T11:38:38.035+0000	[##########..............] benchmark.Twitter	22.1GB/49.1GB (44.9%)
2021-10-22T11:38:41.035+0000	[##########..............] benchmark.Twitter	22.1GB/49.1GB (45.0%)
2021-10-22T11:38:44.035+0000	[##########..............] benchmark.Twitter	22.2GB/49.1GB (45.1%)
2021-10-22T11:38:47.035+0000	[##########..............] benchmark.Twitter	22.2GB/49.1GB (45.2%)
2021-10-22T11:38:50.035+0000	[##########..............] benchmark.Twitter	22.3GB/49.1GB (45.4%)
2021-10-22T11:38:53.035+0000	[##########..............] benchmark.Twitter	22.4GB/49.1GB (45.5%)
2021-10-22T11:38:56.035+0000	[##########..............] benchmark.Twitter	22.4GB/49.1GB (45.6%)
2021-10-22T11:38:59.035+0000	[##########..............] benchmark.Twitter	22.5GB/49.1GB (45.7%)
2021-10-22T11:39:02.035+0000	[###########.............] benchmark.Twitter	22.5GB/49.1GB (45.9%)
2021-10-22T11:39:05.035+0000	[###########.............] benchmark.Twitter	22.6GB/49.1GB (46.0%)
2021-10-22T11:39:08.035+0000	[###########.............] benchmark.Twitter	22.6GB/49.1GB (46.1%)
2021-10-22T11:39:11.035+0000	[###########.............] benchmark.Twitter	22.7GB/49.1GB (46.2%)
2021-10-22T11:39:14.035+0000	[###########.............] benchmark.Twitter	22.8GB/49.1GB (46.3%)
2021-10-22T11:39:17.035+0000	[###########.............] benchmark.Twitter	22.8GB/49.1GB (46.5%)
2021-10-22T11:39:20.035+0000	[###########.............] benchmark.Twitter	22.9GB/49.1GB (46.6%)
2021-10-22T11:39:23.035+0000	[###########.............] benchmark.Twitter	22.9GB/49.1GB (46.7%)
2021-10-22T11:39:26.035+0000	[###########.............] benchmark.Twitter	23.0GB/49.1GB (46.8%)
2021-10-22T11:39:29.035+0000	[###########.............] benchmark.Twitter	23.1GB/49.1GB (47.0%)
2021-10-22T11:39:32.035+0000	[###########.............] benchmark.Twitter	23.1GB/49.1GB (47.1%)
2021-10-22T11:39:35.035+0000	[###########.............] benchmark.Twitter	23.2GB/49.1GB (47.2%)
2021-10-22T11:39:38.035+0000	[###########.............] benchmark.Twitter	23.3GB/49.1GB (47.3%)
2021-10-22T11:39:41.035+0000	[###########.............] benchmark.Twitter	23.3GB/49.1GB (47.5%)
2021-10-22T11:39:44.037+0000	[###########.............] benchmark.Twitter	23.4GB/49.1GB (47.6%)
2021-10-22T11:39:47.035+0000	[###########.............] benchmark.Twitter	23.4GB/49.1GB (47.7%)
2021-10-22T11:39:50.035+0000	[###########.............] benchmark.Twitter	23.5GB/49.1GB (47.9%)
2021-10-22T11:39:53.035+0000	[###########.............] benchmark.Twitter	23.6GB/49.1GB (48.0%)
2021-10-22T11:39:56.035+0000	[###########.............] benchmark.Twitter	23.6GB/49.1GB (48.1%)
2021-10-22T11:39:59.035+0000	[###########.............] benchmark.Twitter	23.7GB/49.1GB (48.2%)
2021-10-22T11:40:02.036+0000	[###########.............] benchmark.Twitter	23.8GB/49.1GB (48.3%)
2021-10-22T11:40:05.035+0000	[###########.............] benchmark.Twitter	23.8GB/49.1GB (48.5%)
2021-10-22T11:40:08.035+0000	[###########.............] benchmark.Twitter	23.9GB/49.1GB (48.6%)
2021-10-22T11:40:11.035+0000	[###########.............] benchmark.Twitter	23.9GB/49.1GB (48.7%)
2021-10-22T11:40:14.035+0000	[###########.............] benchmark.Twitter	24.0GB/49.1GB (48.8%)
2021-10-22T11:40:17.036+0000	[###########.............] benchmark.Twitter	24.0GB/49.1GB (48.9%)
2021-10-22T11:40:20.035+0000	[###########.............] benchmark.Twitter	24.1GB/49.1GB (49.0%)
2021-10-22T11:40:23.035+0000	[###########.............] benchmark.Twitter	24.1GB/49.1GB (49.1%)
2021-10-22T11:40:26.035+0000	[###########.............] benchmark.Twitter	24.2GB/49.1GB (49.3%)
2021-10-22T11:40:29.035+0000	[###########.............] benchmark.Twitter	24.3GB/49.1GB (49.4%)
2021-10-22T11:40:32.035+0000	[###########.............] benchmark.Twitter	24.3GB/49.1GB (49.5%)
2021-10-22T11:40:35.035+0000	[###########.............] benchmark.Twitter	24.4GB/49.1GB (49.6%)
2021-10-22T11:40:38.035+0000	[###########.............] benchmark.Twitter	24.4GB/49.1GB (49.7%)
2021-10-22T11:40:41.035+0000	[###########.............] benchmark.Twitter	24.5GB/49.1GB (49.9%)
2021-10-22T11:40:44.035+0000	[###########.............] benchmark.Twitter	24.6GB/49.1GB (50.0%)
2021-10-22T11:40:47.035+0000	[############............] benchmark.Twitter	24.6GB/49.1GB (50.1%)
2021-10-22T11:40:50.035+0000	[############............] benchmark.Twitter	24.7GB/49.1GB (50.2%)
2021-10-22T11:40:53.036+0000	[############............] benchmark.Twitter	24.7GB/49.1GB (50.3%)
2021-10-22T11:40:56.035+0000	[############............] benchmark.Twitter	24.8GB/49.1GB (50.5%)
2021-10-22T11:40:59.036+0000	[############............] benchmark.Twitter	24.9GB/49.1GB (50.6%)
2021-10-22T11:41:02.035+0000	[############............] benchmark.Twitter	24.9GB/49.1GB (50.7%)
2021-10-22T11:41:05.035+0000	[############............] benchmark.Twitter	25.0GB/49.1GB (50.8%)
2021-10-22T11:41:08.035+0000	[############............] benchmark.Twitter	25.0GB/49.1GB (51.0%)
2021-10-22T11:41:11.035+0000	[############............] benchmark.Twitter	25.1GB/49.1GB (51.1%)
2021-10-22T11:41:14.035+0000	[############............] benchmark.Twitter	25.2GB/49.1GB (51.2%)
2021-10-22T11:41:17.035+0000	[############............] benchmark.Twitter	25.2GB/49.1GB (51.3%)
2021-10-22T11:41:20.035+0000	[############............] benchmark.Twitter	25.3GB/49.1GB (51.4%)
2021-10-22T11:41:23.035+0000	[############............] benchmark.Twitter	25.3GB/49.1GB (51.6%)
2021-10-22T11:41:26.035+0000	[############............] benchmark.Twitter	25.4GB/49.1GB (51.7%)
2021-10-22T11:41:29.035+0000	[############............] benchmark.Twitter	25.4GB/49.1GB (51.8%)
2021-10-22T11:41:32.035+0000	[############............] benchmark.Twitter	25.5GB/49.1GB (51.9%)
2021-10-22T11:41:35.036+0000	[############............] benchmark.Twitter	25.6GB/49.1GB (52.1%)
2021-10-22T11:41:38.035+0000	[############............] benchmark.Twitter	25.6GB/49.1GB (52.2%)
2021-10-22T11:41:41.035+0000	[############............] benchmark.Twitter	25.7GB/49.1GB (52.3%)
2021-10-22T11:41:44.035+0000	[############............] benchmark.Twitter	25.8GB/49.1GB (52.4%)
2021-10-22T11:41:47.035+0000	[############............] benchmark.Twitter	25.8GB/49.1GB (52.5%)
2021-10-22T11:41:50.035+0000	[############............] benchmark.Twitter	25.9GB/49.1GB (52.7%)
2021-10-22T11:41:53.036+0000	[############............] benchmark.Twitter	25.9GB/49.1GB (52.8%)
2021-10-22T11:41:56.035+0000	[############............] benchmark.Twitter	26.0GB/49.1GB (52.9%)
2021-10-22T11:41:59.036+0000	[############............] benchmark.Twitter	26.1GB/49.1GB (53.1%)
2021-10-22T11:42:02.035+0000	[############............] benchmark.Twitter	26.1GB/49.1GB (53.2%)
2021-10-22T11:42:05.035+0000	[############............] benchmark.Twitter	26.2GB/49.1GB (53.3%)
2021-10-22T11:42:08.035+0000	[############............] benchmark.Twitter	26.2GB/49.1GB (53.4%)
2021-10-22T11:42:11.035+0000	[############............] benchmark.Twitter	26.3GB/49.1GB (53.5%)
2021-10-22T11:42:14.035+0000	[############............] benchmark.Twitter	26.4GB/49.1GB (53.7%)
2021-10-22T11:42:17.035+0000	[############............] benchmark.Twitter	26.4GB/49.1GB (53.8%)
2021-10-22T11:42:20.035+0000	[############............] benchmark.Twitter	26.5GB/49.1GB (53.9%)
2021-10-22T11:42:23.035+0000	[############............] benchmark.Twitter	26.5GB/49.1GB (54.0%)
2021-10-22T11:42:26.035+0000	[############............] benchmark.Twitter	26.6GB/49.1GB (54.1%)
2021-10-22T11:42:29.035+0000	[#############...........] benchmark.Twitter	26.7GB/49.1GB (54.3%)
2021-10-22T11:42:32.035+0000	[#############...........] benchmark.Twitter	26.7GB/49.1GB (54.4%)
2021-10-22T11:42:35.035+0000	[#############...........] benchmark.Twitter	26.8GB/49.1GB (54.5%)
2021-10-22T11:42:38.035+0000	[#############...........] benchmark.Twitter	26.9GB/49.1GB (54.6%)
2021-10-22T11:42:41.035+0000	[#############...........] benchmark.Twitter	26.9GB/49.1GB (54.8%)
2021-10-22T11:42:44.035+0000	[#############...........] benchmark.Twitter	27.0GB/49.1GB (54.9%)
2021-10-22T11:42:47.036+0000	[#############...........] benchmark.Twitter	27.0GB/49.1GB (55.0%)
2021-10-22T11:42:50.035+0000	[#############...........] benchmark.Twitter	27.1GB/49.1GB (55.1%)
2021-10-22T11:42:53.035+0000	[#############...........] benchmark.Twitter	27.1GB/49.1GB (55.3%)
2021-10-22T11:42:56.035+0000	[#############...........] benchmark.Twitter	27.2GB/49.1GB (55.4%)
2021-10-22T11:42:59.036+0000	[#############...........] benchmark.Twitter	27.3GB/49.1GB (55.5%)
2021-10-22T11:43:02.035+0000	[#############...........] benchmark.Twitter	27.3GB/49.1GB (55.6%)
2021-10-22T11:43:05.035+0000	[#############...........] benchmark.Twitter	27.4GB/49.1GB (55.8%)
2021-10-22T11:43:08.035+0000	[#############...........] benchmark.Twitter	27.4GB/49.1GB (55.9%)
2021-10-22T11:43:11.035+0000	[#############...........] benchmark.Twitter	27.5GB/49.1GB (56.0%)
2021-10-22T11:43:14.035+0000	[#############...........] benchmark.Twitter	27.6GB/49.1GB (56.1%)
2021-10-22T11:43:17.035+0000	[#############...........] benchmark.Twitter	27.6GB/49.1GB (56.2%)
2021-10-22T11:43:20.035+0000	[#############...........] benchmark.Twitter	27.7GB/49.1GB (56.4%)
2021-10-22T11:43:23.035+0000	[#############...........] benchmark.Twitter	27.7GB/49.1GB (56.5%)
2021-10-22T11:43:26.035+0000	[#############...........] benchmark.Twitter	27.8GB/49.1GB (56.6%)
2021-10-22T11:43:29.035+0000	[#############...........] benchmark.Twitter	27.9GB/49.1GB (56.7%)
2021-10-22T11:43:32.035+0000	[#############...........] benchmark.Twitter	27.9GB/49.1GB (56.8%)
2021-10-22T11:43:35.035+0000	[#############...........] benchmark.Twitter	28.0GB/49.1GB (57.0%)
2021-10-22T11:43:38.035+0000	[#############...........] benchmark.Twitter	28.0GB/49.1GB (57.1%)
2021-10-22T11:43:41.035+0000	[#############...........] benchmark.Twitter	28.1GB/49.1GB (57.2%)
2021-10-22T11:43:44.035+0000	[#############...........] benchmark.Twitter	28.2GB/49.1GB (57.3%)
2021-10-22T11:43:47.036+0000	[#############...........] benchmark.Twitter	28.2GB/49.1GB (57.4%)
2021-10-22T11:43:50.036+0000	[#############...........] benchmark.Twitter	28.3GB/49.1GB (57.5%)
2021-10-22T11:43:53.035+0000	[#############...........] benchmark.Twitter	28.3GB/49.1GB (57.7%)
2021-10-22T11:43:56.035+0000	[#############...........] benchmark.Twitter	28.4GB/49.1GB (57.8%)
2021-10-22T11:43:59.035+0000	[#############...........] benchmark.Twitter	28.4GB/49.1GB (57.9%)
2021-10-22T11:44:02.035+0000	[#############...........] benchmark.Twitter	28.5GB/49.1GB (58.0%)
2021-10-22T11:44:05.035+0000	[#############...........] benchmark.Twitter	28.6GB/49.1GB (58.1%)
2021-10-22T11:44:08.035+0000	[#############...........] benchmark.Twitter	28.6GB/49.1GB (58.2%)
2021-10-22T11:44:11.035+0000	[##############..........] benchmark.Twitter	28.7GB/49.1GB (58.4%)
2021-10-22T11:44:14.035+0000	[##############..........] benchmark.Twitter	28.7GB/49.1GB (58.5%)
2021-10-22T11:44:17.036+0000	[##############..........] benchmark.Twitter	28.8GB/49.1GB (58.6%)
2021-10-22T11:44:20.035+0000	[##############..........] benchmark.Twitter	28.9GB/49.1GB (58.7%)
2021-10-22T11:44:23.035+0000	[##############..........] benchmark.Twitter	28.9GB/49.1GB (58.8%)
2021-10-22T11:44:26.035+0000	[##############..........] benchmark.Twitter	28.9GB/49.1GB (58.9%)
2021-10-22T11:44:29.035+0000	[##############..........] benchmark.Twitter	29.0GB/49.1GB (59.1%)
2021-10-22T11:44:32.035+0000	[##############..........] benchmark.Twitter	29.1GB/49.1GB (59.2%)
2021-10-22T11:44:35.035+0000	[##############..........] benchmark.Twitter	29.1GB/49.1GB (59.3%)
2021-10-22T11:44:38.035+0000	[##############..........] benchmark.Twitter	29.2GB/49.1GB (59.4%)
2021-10-22T11:44:41.035+0000	[##############..........] benchmark.Twitter	29.3GB/49.1GB (59.6%)
2021-10-22T11:44:44.036+0000	[##############..........] benchmark.Twitter	29.3GB/49.1GB (59.7%)
2021-10-22T11:44:47.035+0000	[##############..........] benchmark.Twitter	29.4GB/49.1GB (59.8%)
2021-10-22T11:44:50.035+0000	[##############..........] benchmark.Twitter	29.4GB/49.1GB (59.9%)
2021-10-22T11:44:53.035+0000	[##############..........] benchmark.Twitter	29.5GB/49.1GB (60.0%)
2021-10-22T11:44:56.035+0000	[##############..........] benchmark.Twitter	29.6GB/49.1GB (60.2%)
2021-10-22T11:44:59.035+0000	[##############..........] benchmark.Twitter	29.6GB/49.1GB (60.3%)
2021-10-22T11:45:02.035+0000	[##############..........] benchmark.Twitter	29.7GB/49.1GB (60.4%)
2021-10-22T11:45:05.035+0000	[##############..........] benchmark.Twitter	29.7GB/49.1GB (60.5%)
2021-10-22T11:45:08.035+0000	[##############..........] benchmark.Twitter	29.8GB/49.1GB (60.7%)
2021-10-22T11:45:11.035+0000	[##############..........] benchmark.Twitter	29.9GB/49.1GB (60.8%)
2021-10-22T11:45:14.035+0000	[##############..........] benchmark.Twitter	29.9GB/49.1GB (60.9%)
2021-10-22T11:45:17.035+0000	[##############..........] benchmark.Twitter	30.0GB/49.1GB (61.0%)
2021-10-22T11:45:20.035+0000	[##############..........] benchmark.Twitter	30.1GB/49.1GB (61.2%)
2021-10-22T11:45:23.035+0000	[##############..........] benchmark.Twitter	30.1GB/49.1GB (61.3%)
2021-10-22T11:45:26.035+0000	[##############..........] benchmark.Twitter	30.2GB/49.1GB (61.4%)
2021-10-22T11:45:29.035+0000	[##############..........] benchmark.Twitter	30.2GB/49.1GB (61.5%)
2021-10-22T11:45:32.035+0000	[##############..........] benchmark.Twitter	30.3GB/49.1GB (61.6%)
2021-10-22T11:45:35.035+0000	[##############..........] benchmark.Twitter	30.3GB/49.1GB (61.7%)
2021-10-22T11:45:38.035+0000	[##############..........] benchmark.Twitter	30.4GB/49.1GB (61.8%)
2021-10-22T11:45:41.035+0000	[##############..........] benchmark.Twitter	30.4GB/49.1GB (61.9%)
2021-10-22T11:45:44.035+0000	[##############..........] benchmark.Twitter	30.5GB/49.1GB (62.1%)
2021-10-22T11:45:47.035+0000	[##############..........] benchmark.Twitter	30.5GB/49.1GB (62.2%)
2021-10-22T11:45:50.035+0000	[##############..........] benchmark.Twitter	30.6GB/49.1GB (62.3%)
2021-10-22T11:45:53.035+0000	[##############..........] benchmark.Twitter	30.7GB/49.1GB (62.4%)
2021-10-22T11:45:56.035+0000	[###############.........] benchmark.Twitter	30.7GB/49.1GB (62.5%)
2021-10-22T11:45:59.035+0000	[###############.........] benchmark.Twitter	30.8GB/49.1GB (62.7%)
2021-10-22T11:46:02.036+0000	[###############.........] benchmark.Twitter	30.9GB/49.1GB (62.8%)
2021-10-22T11:46:05.035+0000	[###############.........] benchmark.Twitter	30.9GB/49.1GB (62.9%)
2021-10-22T11:46:08.035+0000	[###############.........] benchmark.Twitter	31.0GB/49.1GB (63.0%)
2021-10-22T11:46:11.035+0000	[###############.........] benchmark.Twitter	31.0GB/49.1GB (63.2%)
2021-10-22T11:46:14.035+0000	[###############.........] benchmark.Twitter	31.1GB/49.1GB (63.3%)
2021-10-22T11:46:17.035+0000	[###############.........] benchmark.Twitter	31.2GB/49.1GB (63.4%)
2021-10-22T11:46:20.035+0000	[###############.........] benchmark.Twitter	31.2GB/49.1GB (63.5%)
2021-10-22T11:46:23.035+0000	[###############.........] benchmark.Twitter	31.3GB/49.1GB (63.7%)
2021-10-22T11:46:26.035+0000	[###############.........] benchmark.Twitter	31.3GB/49.1GB (63.8%)
2021-10-22T11:46:29.035+0000	[###############.........] benchmark.Twitter	31.4GB/49.1GB (63.9%)
2021-10-22T11:46:32.035+0000	[###############.........] benchmark.Twitter	31.4GB/49.1GB (64.0%)
2021-10-22T11:46:35.035+0000	[###############.........] benchmark.Twitter	31.5GB/49.1GB (64.1%)
2021-10-22T11:46:38.035+0000	[###############.........] benchmark.Twitter	31.6GB/49.1GB (64.3%)
2021-10-22T11:46:41.035+0000	[###############.........] benchmark.Twitter	31.6GB/49.1GB (64.4%)
2021-10-22T11:46:44.035+0000	[###############.........] benchmark.Twitter	31.7GB/49.1GB (64.5%)
2021-10-22T11:46:47.036+0000	[###############.........] benchmark.Twitter	31.8GB/49.1GB (64.6%)
2021-10-22T11:46:50.035+0000	[###############.........] benchmark.Twitter	31.8GB/49.1GB (64.8%)
2021-10-22T11:46:53.036+0000	[###############.........] benchmark.Twitter	31.9GB/49.1GB (64.9%)
2021-10-22T11:46:56.035+0000	[###############.........] benchmark.Twitter	31.9GB/49.1GB (65.0%)
2021-10-22T11:46:59.035+0000	[###############.........] benchmark.Twitter	32.0GB/49.1GB (65.1%)
2021-10-22T11:47:02.035+0000	[###############.........] benchmark.Twitter	32.1GB/49.1GB (65.3%)
2021-10-22T11:47:05.035+0000	[###############.........] benchmark.Twitter	32.1GB/49.1GB (65.4%)
2021-10-22T11:47:08.036+0000	[###############.........] benchmark.Twitter	32.2GB/49.1GB (65.5%)
2021-10-22T11:47:11.035+0000	[###############.........] benchmark.Twitter	32.2GB/49.1GB (65.6%)
2021-10-22T11:47:14.035+0000	[###############.........] benchmark.Twitter	32.3GB/49.1GB (65.8%)
2021-10-22T11:47:17.035+0000	[###############.........] benchmark.Twitter	32.4GB/49.1GB (65.9%)
2021-10-22T11:47:20.035+0000	[###############.........] benchmark.Twitter	32.4GB/49.1GB (66.0%)
2021-10-22T11:47:23.035+0000	[###############.........] benchmark.Twitter	32.5GB/49.1GB (66.1%)
2021-10-22T11:47:26.036+0000	[###############.........] benchmark.Twitter	32.5GB/49.1GB (66.3%)
2021-10-22T11:47:29.035+0000	[###############.........] benchmark.Twitter	32.6GB/49.1GB (66.4%)
2021-10-22T11:47:32.035+0000	[###############.........] benchmark.Twitter	32.7GB/49.1GB (66.5%)
2021-10-22T11:47:35.042+0000	[###############.........] benchmark.Twitter	32.7GB/49.1GB (66.6%)
2021-10-22T11:47:38.036+0000	[################........] benchmark.Twitter	32.8GB/49.1GB (66.7%)
2021-10-22T11:47:41.036+0000	[################........] benchmark.Twitter	32.8GB/49.1GB (66.9%)
2021-10-22T11:47:44.035+0000	[################........] benchmark.Twitter	32.9GB/49.1GB (67.0%)
2021-10-22T11:47:47.035+0000	[################........] benchmark.Twitter	33.0GB/49.1GB (67.1%)
2021-10-22T11:47:50.035+0000	[################........] benchmark.Twitter	33.0GB/49.1GB (67.2%)
2021-10-22T11:47:53.035+0000	[################........] benchmark.Twitter	33.1GB/49.1GB (67.3%)
2021-10-22T11:47:56.035+0000	[################........] benchmark.Twitter	33.1GB/49.1GB (67.5%)
2021-10-22T11:47:59.035+0000	[################........] benchmark.Twitter	33.2GB/49.1GB (67.6%)
2021-10-22T11:48:02.035+0000	[################........] benchmark.Twitter	33.3GB/49.1GB (67.7%)
2021-10-22T11:48:05.035+0000	[################........] benchmark.Twitter	33.3GB/49.1GB (67.8%)
2021-10-22T11:48:08.035+0000	[################........] benchmark.Twitter	33.4GB/49.1GB (67.9%)
2021-10-22T11:48:11.035+0000	[################........] benchmark.Twitter	33.4GB/49.1GB (68.1%)
2021-10-22T11:48:14.035+0000	[################........] benchmark.Twitter	33.5GB/49.1GB (68.2%)
2021-10-22T11:48:17.036+0000	[################........] benchmark.Twitter	33.5GB/49.1GB (68.3%)
2021-10-22T11:48:20.035+0000	[################........] benchmark.Twitter	33.6GB/49.1GB (68.4%)
2021-10-22T11:48:23.035+0000	[################........] benchmark.Twitter	33.7GB/49.1GB (68.5%)
2021-10-22T11:48:26.035+0000	[################........] benchmark.Twitter	33.7GB/49.1GB (68.7%)
2021-10-22T11:48:29.035+0000	[################........] benchmark.Twitter	33.8GB/49.1GB (68.8%)
2021-10-22T11:48:32.035+0000	[################........] benchmark.Twitter	33.9GB/49.1GB (68.9%)
2021-10-22T11:48:35.036+0000	[################........] benchmark.Twitter	33.9GB/49.1GB (69.0%)
2021-10-22T11:48:38.038+0000	[################........] benchmark.Twitter	34.0GB/49.1GB (69.1%)
2021-10-22T11:48:41.035+0000	[################........] benchmark.Twitter	34.0GB/49.1GB (69.3%)
2021-10-22T11:48:44.035+0000	[################........] benchmark.Twitter	34.1GB/49.1GB (69.4%)
2021-10-22T11:48:47.035+0000	[################........] benchmark.Twitter	34.1GB/49.1GB (69.5%)
2021-10-22T11:48:50.035+0000	[################........] benchmark.Twitter	34.2GB/49.1GB (69.6%)
2021-10-22T11:48:53.035+0000	[################........] benchmark.Twitter	34.3GB/49.1GB (69.8%)
2021-10-22T11:48:56.035+0000	[################........] benchmark.Twitter	34.3GB/49.1GB (69.9%)
2021-10-22T11:48:59.035+0000	[################........] benchmark.Twitter	34.4GB/49.1GB (70.0%)
2021-10-22T11:49:02.035+0000	[################........] benchmark.Twitter	34.5GB/49.1GB (70.1%)
2021-10-22T11:49:05.035+0000	[################........] benchmark.Twitter	34.5GB/49.1GB (70.2%)
2021-10-22T11:49:08.035+0000	[################........] benchmark.Twitter	34.6GB/49.1GB (70.4%)
2021-10-22T11:49:11.037+0000	[################........] benchmark.Twitter	34.6GB/49.1GB (70.5%)
2021-10-22T11:49:14.035+0000	[################........] benchmark.Twitter	34.7GB/49.1GB (70.6%)
2021-10-22T11:49:17.036+0000	[################........] benchmark.Twitter	34.8GB/49.1GB (70.7%)
2021-10-22T11:49:20.035+0000	[#################.......] benchmark.Twitter	34.8GB/49.1GB (70.9%)
2021-10-22T11:49:23.035+0000	[#################.......] benchmark.Twitter	34.9GB/49.1GB (71.0%)
2021-10-22T11:49:26.035+0000	[#################.......] benchmark.Twitter	34.9GB/49.1GB (71.1%)
2021-10-22T11:49:29.036+0000	[#################.......] benchmark.Twitter	35.0GB/49.1GB (71.2%)
2021-10-22T11:49:32.035+0000	[#################.......] benchmark.Twitter	35.1GB/49.1GB (71.4%)
2021-10-22T11:49:35.035+0000	[#################.......] benchmark.Twitter	35.1GB/49.1GB (71.5%)
2021-10-22T11:49:38.035+0000	[#################.......] benchmark.Twitter	35.2GB/49.1GB (71.6%)
2021-10-22T11:49:41.038+0000	[#################.......] benchmark.Twitter	35.2GB/49.1GB (71.7%)
2021-10-22T11:49:44.035+0000	[#################.......] benchmark.Twitter	35.3GB/49.1GB (71.8%)
2021-10-22T11:49:47.035+0000	[#################.......] benchmark.Twitter	35.4GB/49.1GB (72.0%)
2021-10-22T11:49:50.035+0000	[#################.......] benchmark.Twitter	35.4GB/49.1GB (72.1%)
2021-10-22T11:49:53.036+0000	[#################.......] benchmark.Twitter	35.5GB/49.1GB (72.2%)
2021-10-22T11:49:56.035+0000	[#################.......] benchmark.Twitter	35.5GB/49.1GB (72.3%)
2021-10-22T11:49:59.035+0000	[#################.......] benchmark.Twitter	35.6GB/49.1GB (72.5%)
2021-10-22T11:50:02.035+0000	[#################.......] benchmark.Twitter	35.7GB/49.1GB (72.6%)
2021-10-22T11:50:05.036+0000	[#################.......] benchmark.Twitter	35.7GB/49.1GB (72.7%)
2021-10-22T11:50:08.035+0000	[#################.......] benchmark.Twitter	35.8GB/49.1GB (72.8%)
2021-10-22T11:50:11.035+0000	[#################.......] benchmark.Twitter	35.9GB/49.1GB (73.0%)
2021-10-22T11:50:14.035+0000	[#################.......] benchmark.Twitter	35.9GB/49.1GB (73.1%)
2021-10-22T11:50:17.035+0000	[#################.......] benchmark.Twitter	36.0GB/49.1GB (73.2%)
2021-10-22T11:50:20.035+0000	[#################.......] benchmark.Twitter	36.0GB/49.1GB (73.3%)
2021-10-22T11:50:23.035+0000	[#################.......] benchmark.Twitter	36.1GB/49.1GB (73.5%)
2021-10-22T11:50:26.035+0000	[#################.......] benchmark.Twitter	36.2GB/49.1GB (73.6%)
2021-10-22T11:50:29.035+0000	[#################.......] benchmark.Twitter	36.2GB/49.1GB (73.7%)
2021-10-22T11:50:32.035+0000	[#################.......] benchmark.Twitter	36.3GB/49.1GB (73.8%)
2021-10-22T11:50:35.035+0000	[#################.......] benchmark.Twitter	36.3GB/49.1GB (74.0%)
2021-10-22T11:50:38.035+0000	[#################.......] benchmark.Twitter	36.4GB/49.1GB (74.1%)
2021-10-22T11:50:41.035+0000	[#################.......] benchmark.Twitter	36.5GB/49.1GB (74.2%)
2021-10-22T11:50:44.035+0000	[#################.......] benchmark.Twitter	36.5GB/49.1GB (74.3%)
2021-10-22T11:50:47.036+0000	[#################.......] benchmark.Twitter	36.6GB/49.1GB (74.4%)
2021-10-22T11:50:50.036+0000	[#################.......] benchmark.Twitter	36.6GB/49.1GB (74.6%)
2021-10-22T11:50:53.035+0000	[#################.......] benchmark.Twitter	36.7GB/49.1GB (74.7%)
2021-10-22T11:50:56.036+0000	[#################.......] benchmark.Twitter	36.8GB/49.1GB (74.8%)
2021-10-22T11:50:59.036+0000	[#################.......] benchmark.Twitter	36.8GB/49.1GB (74.9%)
2021-10-22T11:51:02.035+0000	[##################......] benchmark.Twitter	36.9GB/49.1GB (75.1%)
2021-10-22T11:51:05.035+0000	[##################......] benchmark.Twitter	36.9GB/49.1GB (75.2%)
2021-10-22T11:51:08.035+0000	[##################......] benchmark.Twitter	37.0GB/49.1GB (75.3%)
2021-10-22T11:51:11.035+0000	[##################......] benchmark.Twitter	37.1GB/49.1GB (75.4%)
2021-10-22T11:51:14.035+0000	[##################......] benchmark.Twitter	37.1GB/49.1GB (75.6%)
2021-10-22T11:51:17.035+0000	[##################......] benchmark.Twitter	37.2GB/49.1GB (75.7%)
2021-10-22T11:51:20.035+0000	[##################......] benchmark.Twitter	37.2GB/49.1GB (75.8%)
2021-10-22T11:51:23.036+0000	[##################......] benchmark.Twitter	37.3GB/49.1GB (75.9%)
2021-10-22T11:51:26.035+0000	[##################......] benchmark.Twitter	37.4GB/49.1GB (76.1%)
2021-10-22T11:51:29.035+0000	[##################......] benchmark.Twitter	37.4GB/49.1GB (76.2%)
2021-10-22T11:51:32.035+0000	[##################......] benchmark.Twitter	37.5GB/49.1GB (76.3%)
2021-10-22T11:51:35.035+0000	[##################......] benchmark.Twitter	37.6GB/49.1GB (76.4%)
2021-10-22T11:51:38.035+0000	[##################......] benchmark.Twitter	37.6GB/49.1GB (76.6%)
2021-10-22T11:51:41.035+0000	[##################......] benchmark.Twitter	37.7GB/49.1GB (76.7%)
2021-10-22T11:51:44.035+0000	[##################......] benchmark.Twitter	37.7GB/49.1GB (76.8%)
2021-10-22T11:51:47.035+0000	[##################......] benchmark.Twitter	37.8GB/49.1GB (76.9%)
2021-10-22T11:51:50.035+0000	[##################......] benchmark.Twitter	37.8GB/49.1GB (77.0%)
2021-10-22T11:51:53.035+0000	[##################......] benchmark.Twitter	37.9GB/49.1GB (77.1%)
2021-10-22T11:51:56.035+0000	[##################......] benchmark.Twitter	38.0GB/49.1GB (77.3%)
2021-10-22T11:51:59.035+0000	[##################......] benchmark.Twitter	38.0GB/49.1GB (77.4%)
2021-10-22T11:52:02.036+0000	[##################......] benchmark.Twitter	38.1GB/49.1GB (77.5%)
2021-10-22T11:52:05.035+0000	[##################......] benchmark.Twitter	38.1GB/49.1GB (77.6%)
2021-10-22T11:52:08.035+0000	[##################......] benchmark.Twitter	38.2GB/49.1GB (77.7%)
2021-10-22T11:52:11.035+0000	[##################......] benchmark.Twitter	38.3GB/49.1GB (77.9%)
2021-10-22T11:52:14.035+0000	[##################......] benchmark.Twitter	38.3GB/49.1GB (78.0%)
2021-10-22T11:52:17.035+0000	[##################......] benchmark.Twitter	38.4GB/49.1GB (78.1%)
2021-10-22T11:52:20.035+0000	[##################......] benchmark.Twitter	38.5GB/49.1GB (78.3%)
2021-10-22T11:52:23.035+0000	[##################......] benchmark.Twitter	38.5GB/49.1GB (78.4%)
2021-10-22T11:52:26.037+0000	[##################......] benchmark.Twitter	38.6GB/49.1GB (78.5%)
2021-10-22T11:52:29.035+0000	[##################......] benchmark.Twitter	38.6GB/49.1GB (78.6%)
2021-10-22T11:52:32.035+0000	[##################......] benchmark.Twitter	38.7GB/49.1GB (78.8%)
2021-10-22T11:52:35.036+0000	[##################......] benchmark.Twitter	38.8GB/49.1GB (78.9%)
2021-10-22T11:52:38.037+0000	[##################......] benchmark.Twitter	38.8GB/49.1GB (79.0%)
2021-10-22T11:52:41.035+0000	[##################......] benchmark.Twitter	38.9GB/49.1GB (79.1%)
2021-10-22T11:52:44.036+0000	[###################.....] benchmark.Twitter	39.0GB/49.1GB (79.3%)
2021-10-22T11:52:47.035+0000	[###################.....] benchmark.Twitter	39.0GB/49.1GB (79.4%)
2021-10-22T11:52:50.035+0000	[###################.....] benchmark.Twitter	39.1GB/49.1GB (79.5%)
2021-10-22T11:52:53.035+0000	[###################.....] benchmark.Twitter	39.1GB/49.1GB (79.6%)
2021-10-22T11:52:56.035+0000	[###################.....] benchmark.Twitter	39.2GB/49.1GB (79.7%)
2021-10-22T11:52:59.035+0000	[###################.....] benchmark.Twitter	39.2GB/49.1GB (79.9%)
2021-10-22T11:53:02.035+0000	[###################.....] benchmark.Twitter	39.3GB/49.1GB (80.0%)
2021-10-22T11:53:05.036+0000	[###################.....] benchmark.Twitter	39.4GB/49.1GB (80.1%)
2021-10-22T11:53:08.036+0000	[###################.....] benchmark.Twitter	39.4GB/49.1GB (80.2%)
2021-10-22T11:53:11.035+0000	[###################.....] benchmark.Twitter	39.5GB/49.1GB (80.4%)
2021-10-22T11:53:14.035+0000	[###################.....] benchmark.Twitter	39.5GB/49.1GB (80.5%)
2021-10-22T11:53:17.036+0000	[###################.....] benchmark.Twitter	39.6GB/49.1GB (80.6%)
2021-10-22T11:53:20.037+0000	[###################.....] benchmark.Twitter	39.7GB/49.1GB (80.7%)
2021-10-22T11:53:23.035+0000	[###################.....] benchmark.Twitter	39.7GB/49.1GB (80.9%)
2021-10-22T11:53:26.035+0000	[###################.....] benchmark.Twitter	39.8GB/49.1GB (81.0%)
2021-10-22T11:53:29.036+0000	[###################.....] benchmark.Twitter	39.9GB/49.1GB (81.1%)
2021-10-22T11:53:32.035+0000	[###################.....] benchmark.Twitter	39.9GB/49.1GB (81.2%)
2021-10-22T11:53:35.035+0000	[###################.....] benchmark.Twitter	40.0GB/49.1GB (81.4%)
2021-10-22T11:53:38.035+0000	[###################.....] benchmark.Twitter	40.0GB/49.1GB (81.5%)
2021-10-22T11:53:41.035+0000	[###################.....] benchmark.Twitter	40.1GB/49.1GB (81.6%)
2021-10-22T11:53:44.035+0000	[###################.....] benchmark.Twitter	40.2GB/49.1GB (81.7%)
2021-10-22T11:53:47.035+0000	[###################.....] benchmark.Twitter	40.2GB/49.1GB (81.9%)
2021-10-22T11:53:50.035+0000	[###################.....] benchmark.Twitter	40.3GB/49.1GB (82.0%)
2021-10-22T11:53:53.036+0000	[###################.....] benchmark.Twitter	40.3GB/49.1GB (82.1%)
2021-10-22T11:53:56.035+0000	[###################.....] benchmark.Twitter	40.4GB/49.1GB (82.2%)
2021-10-22T11:53:59.036+0000	[###################.....] benchmark.Twitter	40.5GB/49.1GB (82.3%)
2021-10-22T11:54:02.035+0000	[###################.....] benchmark.Twitter	40.5GB/49.1GB (82.5%)
2021-10-22T11:54:05.036+0000	[###################.....] benchmark.Twitter	40.6GB/49.1GB (82.6%)
2021-10-22T11:54:08.035+0000	[###################.....] benchmark.Twitter	40.6GB/49.1GB (82.7%)
2021-10-22T11:54:11.035+0000	[###################.....] benchmark.Twitter	40.7GB/49.1GB (82.8%)
2021-10-22T11:54:14.035+0000	[###################.....] benchmark.Twitter	40.8GB/49.1GB (83.0%)
2021-10-22T11:54:17.035+0000	[###################.....] benchmark.Twitter	40.8GB/49.1GB (83.1%)
2021-10-22T11:54:20.035+0000	[###################.....] benchmark.Twitter	40.9GB/49.1GB (83.2%)
2021-10-22T11:54:23.035+0000	[###################.....] benchmark.Twitter	40.9GB/49.1GB (83.3%)
2021-10-22T11:54:26.035+0000	[####################....] benchmark.Twitter	41.0GB/49.1GB (83.5%)
2021-10-22T11:54:29.036+0000	[####################....] benchmark.Twitter	41.1GB/49.1GB (83.6%)
2021-10-22T11:54:32.035+0000	[####################....] benchmark.Twitter	41.1GB/49.1GB (83.7%)
2021-10-22T11:54:35.035+0000	[####################....] benchmark.Twitter	41.2GB/49.1GB (83.8%)
2021-10-22T11:54:38.035+0000	[####################....] benchmark.Twitter	41.2GB/49.1GB (83.9%)
2021-10-22T11:54:41.035+0000	[####################....] benchmark.Twitter	41.3GB/49.1GB (84.1%)
2021-10-22T11:54:44.035+0000	[####################....] benchmark.Twitter	41.4GB/49.1GB (84.2%)
2021-10-22T11:54:47.035+0000	[####################....] benchmark.Twitter	41.4GB/49.1GB (84.3%)
2021-10-22T11:54:50.037+0000	[####################....] benchmark.Twitter	41.5GB/49.1GB (84.4%)
2021-10-22T11:54:53.035+0000	[####################....] benchmark.Twitter	41.5GB/49.1GB (84.6%)
2021-10-22T11:54:56.038+0000	[####################....] benchmark.Twitter	41.6GB/49.1GB (84.7%)
2021-10-22T11:54:59.035+0000	[####################....] benchmark.Twitter	41.6GB/49.1GB (84.8%)
2021-10-22T11:55:02.035+0000	[####################....] benchmark.Twitter	41.7GB/49.1GB (84.9%)
2021-10-22T11:55:05.035+0000	[####################....] benchmark.Twitter	41.8GB/49.1GB (85.0%)
2021-10-22T11:55:08.035+0000	[####################....] benchmark.Twitter	41.8GB/49.1GB (85.1%)
2021-10-22T11:55:11.037+0000	[####################....] benchmark.Twitter	41.9GB/49.1GB (85.2%)
2021-10-22T11:55:14.035+0000	[####################....] benchmark.Twitter	41.9GB/49.1GB (85.4%)
2021-10-22T11:55:17.035+0000	[####################....] benchmark.Twitter	42.0GB/49.1GB (85.5%)
2021-10-22T11:55:20.035+0000	[####################....] benchmark.Twitter	42.1GB/49.1GB (85.6%)
2021-10-22T11:55:23.036+0000	[####################....] benchmark.Twitter	42.1GB/49.1GB (85.7%)
2021-10-22T11:55:26.035+0000	[####################....] benchmark.Twitter	42.2GB/49.1GB (85.9%)
2021-10-22T11:55:29.035+0000	[####################....] benchmark.Twitter	42.2GB/49.1GB (86.0%)
2021-10-22T11:55:32.035+0000	[####################....] benchmark.Twitter	42.3GB/49.1GB (86.1%)
2021-10-22T11:55:35.035+0000	[####################....] benchmark.Twitter	42.4GB/49.1GB (86.2%)
2021-10-22T11:55:38.035+0000	[####################....] benchmark.Twitter	42.4GB/49.1GB (86.4%)
2021-10-22T11:55:41.036+0000	[####################....] benchmark.Twitter	42.5GB/49.1GB (86.5%)
2021-10-22T11:55:44.035+0000	[####################....] benchmark.Twitter	42.5GB/49.1GB (86.6%)
2021-10-22T11:55:47.035+0000	[####################....] benchmark.Twitter	42.6GB/49.1GB (86.7%)
2021-10-22T11:55:50.035+0000	[####################....] benchmark.Twitter	42.7GB/49.1GB (86.8%)
2021-10-22T11:55:53.035+0000	[####################....] benchmark.Twitter	42.7GB/49.1GB (87.0%)
2021-10-22T11:55:56.035+0000	[####################....] benchmark.Twitter	42.8GB/49.1GB (87.1%)
2021-10-22T11:55:59.035+0000	[####################....] benchmark.Twitter	42.9GB/49.1GB (87.2%)
2021-10-22T11:56:02.035+0000	[####################....] benchmark.Twitter	42.9GB/49.1GB (87.3%)
2021-10-22T11:56:05.035+0000	[####################....] benchmark.Twitter	43.0GB/49.1GB (87.4%)
2021-10-22T11:56:08.035+0000	[#####################...] benchmark.Twitter	43.0GB/49.1GB (87.6%)
2021-10-22T11:56:11.035+0000	[#####################...] benchmark.Twitter	43.1GB/49.1GB (87.7%)
2021-10-22T11:56:14.035+0000	[#####################...] benchmark.Twitter	43.1GB/49.1GB (87.8%)
2021-10-22T11:56:17.035+0000	[#####################...] benchmark.Twitter	43.2GB/49.1GB (87.9%)
2021-10-22T11:56:20.035+0000	[#####################...] benchmark.Twitter	43.3GB/49.1GB (88.1%)
2021-10-22T11:56:23.036+0000	[#####################...] benchmark.Twitter	43.3GB/49.1GB (88.2%)
2021-10-22T11:56:26.035+0000	[#####################...] benchmark.Twitter	43.4GB/49.1GB (88.3%)
2021-10-22T11:56:29.035+0000	[#####################...] benchmark.Twitter	43.4GB/49.1GB (88.4%)
2021-10-22T11:56:32.036+0000	[#####################...] benchmark.Twitter	43.5GB/49.1GB (88.5%)
2021-10-22T11:56:35.035+0000	[#####################...] benchmark.Twitter	43.6GB/49.1GB (88.7%)
2021-10-22T11:56:38.037+0000	[#####################...] benchmark.Twitter	43.6GB/49.1GB (88.8%)
2021-10-22T11:56:41.035+0000	[#####################...] benchmark.Twitter	43.7GB/49.1GB (88.9%)
2021-10-22T11:56:44.035+0000	[#####################...] benchmark.Twitter	43.8GB/49.1GB (89.0%)
2021-10-22T11:56:47.035+0000	[#####################...] benchmark.Twitter	43.8GB/49.1GB (89.2%)
2021-10-22T11:56:50.035+0000	[#####################...] benchmark.Twitter	43.9GB/49.1GB (89.3%)
2021-10-22T11:56:53.035+0000	[#####################...] benchmark.Twitter	43.9GB/49.1GB (89.4%)
2021-10-22T11:56:56.035+0000	[#####################...] benchmark.Twitter	44.0GB/49.1GB (89.5%)
2021-10-22T11:56:59.035+0000	[#####################...] benchmark.Twitter	44.0GB/49.1GB (89.6%)
2021-10-22T11:57:02.035+0000	[#####################...] benchmark.Twitter	44.1GB/49.1GB (89.7%)
2021-10-22T11:57:05.035+0000	[#####################...] benchmark.Twitter	44.1GB/49.1GB (89.8%)
2021-10-22T11:57:08.035+0000	[#####################...] benchmark.Twitter	44.2GB/49.1GB (90.0%)
2021-10-22T11:57:11.036+0000	[#####################...] benchmark.Twitter	44.3GB/49.1GB (90.1%)
2021-10-22T11:57:14.035+0000	[#####################...] benchmark.Twitter	44.3GB/49.1GB (90.2%)
2021-10-22T11:57:17.035+0000	[#####################...] benchmark.Twitter	44.4GB/49.1GB (90.3%)
2021-10-22T11:57:20.036+0000	[#####################...] benchmark.Twitter	44.4GB/49.1GB (90.5%)
2021-10-22T11:57:23.036+0000	[#####################...] benchmark.Twitter	44.5GB/49.1GB (90.6%)
2021-10-22T11:57:26.036+0000	[#####################...] benchmark.Twitter	44.6GB/49.1GB (90.7%)
2021-10-22T11:57:29.035+0000	[#####################...] benchmark.Twitter	44.6GB/49.1GB (90.8%)
2021-10-22T11:57:32.035+0000	[#####################...] benchmark.Twitter	44.7GB/49.1GB (90.9%)
2021-10-22T11:57:35.035+0000	[#####################...] benchmark.Twitter	44.7GB/49.1GB (91.1%)
2021-10-22T11:57:38.035+0000	[#####################...] benchmark.Twitter	44.8GB/49.1GB (91.2%)
2021-10-22T11:57:41.035+0000	[#####################...] benchmark.Twitter	44.9GB/49.1GB (91.3%)
2021-10-22T11:57:44.035+0000	[#####################...] benchmark.Twitter	44.9GB/49.1GB (91.4%)
2021-10-22T11:57:47.035+0000	[#####################...] benchmark.Twitter	45.0GB/49.1GB (91.6%)
2021-10-22T11:57:50.035+0000	[######################..] benchmark.Twitter	45.0GB/49.1GB (91.7%)
2021-10-22T11:57:53.035+0000	[######################..] benchmark.Twitter	45.1GB/49.1GB (91.8%)
2021-10-22T11:57:56.035+0000	[######################..] benchmark.Twitter	45.2GB/49.1GB (91.9%)
2021-10-22T11:57:59.037+0000	[######################..] benchmark.Twitter	45.2GB/49.1GB (92.1%)
2021-10-22T11:58:02.035+0000	[######################..] benchmark.Twitter	45.3GB/49.1GB (92.2%)
2021-10-22T11:58:05.035+0000	[######################..] benchmark.Twitter	45.4GB/49.1GB (92.3%)
2021-10-22T11:58:08.035+0000	[######################..] benchmark.Twitter	45.4GB/49.1GB (92.4%)
2021-10-22T11:58:11.035+0000	[######################..] benchmark.Twitter	45.5GB/49.1GB (92.5%)
2021-10-22T11:58:14.036+0000	[######################..] benchmark.Twitter	45.5GB/49.1GB (92.6%)
2021-10-22T11:58:17.035+0000	[######################..] benchmark.Twitter	45.6GB/49.1GB (92.8%)
2021-10-22T11:58:20.035+0000	[######################..] benchmark.Twitter	45.6GB/49.1GB (92.9%)
2021-10-22T11:58:23.035+0000	[######################..] benchmark.Twitter	45.7GB/49.1GB (93.0%)
2021-10-22T11:58:26.035+0000	[######################..] benchmark.Twitter	45.8GB/49.1GB (93.1%)
2021-10-22T11:58:29.036+0000	[######################..] benchmark.Twitter	45.8GB/49.1GB (93.3%)
2021-10-22T11:58:32.035+0000	[######################..] benchmark.Twitter	45.9GB/49.1GB (93.4%)
2021-10-22T11:58:35.035+0000	[######################..] benchmark.Twitter	46.0GB/49.1GB (93.5%)
2021-10-22T11:58:38.036+0000	[######################..] benchmark.Twitter	46.0GB/49.1GB (93.6%)
2021-10-22T11:58:41.035+0000	[######################..] benchmark.Twitter	46.1GB/49.1GB (93.8%)
2021-10-22T11:58:44.035+0000	[######################..] benchmark.Twitter	46.1GB/49.1GB (93.9%)
2021-10-22T11:58:47.035+0000	[######################..] benchmark.Twitter	46.2GB/49.1GB (94.0%)
2021-10-22T11:58:50.035+0000	[######################..] benchmark.Twitter	46.2GB/49.1GB (94.1%)
2021-10-22T11:58:53.035+0000	[######################..] benchmark.Twitter	46.3GB/49.1GB (94.3%)
2021-10-22T11:58:56.035+0000	[######################..] benchmark.Twitter	46.4GB/49.1GB (94.4%)
2021-10-22T11:58:59.035+0000	[######################..] benchmark.Twitter	46.4GB/49.1GB (94.5%)
2021-10-22T11:59:02.035+0000	[######################..] benchmark.Twitter	46.5GB/49.1GB (94.6%)
2021-10-22T11:59:05.035+0000	[######################..] benchmark.Twitter	46.6GB/49.1GB (94.8%)
2021-10-22T11:59:08.035+0000	[######################..] benchmark.Twitter	46.6GB/49.1GB (94.9%)
2021-10-22T11:59:11.036+0000	[######################..] benchmark.Twitter	46.7GB/49.1GB (95.0%)
2021-10-22T11:59:14.036+0000	[######################..] benchmark.Twitter	46.7GB/49.1GB (95.1%)
2021-10-22T11:59:17.035+0000	[######################..] benchmark.Twitter	46.8GB/49.1GB (95.2%)
2021-10-22T11:59:20.036+0000	[######################..] benchmark.Twitter	46.9GB/49.1GB (95.4%)
2021-10-22T11:59:23.036+0000	[######################..] benchmark.Twitter	46.9GB/49.1GB (95.5%)
2021-10-22T11:59:26.035+0000	[######################..] benchmark.Twitter	47.0GB/49.1GB (95.6%)
2021-10-22T11:59:29.035+0000	[######################..] benchmark.Twitter	47.0GB/49.1GB (95.7%)
2021-10-22T11:59:32.035+0000	[######################..] benchmark.Twitter	47.1GB/49.1GB (95.8%)
2021-10-22T11:59:35.035+0000	[#######################.] benchmark.Twitter	47.1GB/49.1GB (95.9%)
2021-10-22T11:59:38.035+0000	[#######################.] benchmark.Twitter	47.2GB/49.1GB (96.0%)
2021-10-22T11:59:41.035+0000	[#######################.] benchmark.Twitter	47.2GB/49.1GB (96.2%)
2021-10-22T11:59:44.035+0000	[#######################.] benchmark.Twitter	47.3GB/49.1GB (96.3%)
2021-10-22T11:59:47.035+0000	[#######################.] benchmark.Twitter	47.4GB/49.1GB (96.4%)
2021-10-22T11:59:50.035+0000	[#######################.] benchmark.Twitter	47.4GB/49.1GB (96.5%)
2021-10-22T11:59:53.036+0000	[#######################.] benchmark.Twitter	47.5GB/49.1GB (96.7%)
2021-10-22T11:59:56.035+0000	[#######################.] benchmark.Twitter	47.5GB/49.1GB (96.8%)
2021-10-22T11:59:59.035+0000	[#######################.] benchmark.Twitter	47.6GB/49.1GB (96.9%)
2021-10-22T12:00:02.035+0000	[#######################.] benchmark.Twitter	47.7GB/49.1GB (97.0%)
2021-10-22T12:00:05.035+0000	[#######################.] benchmark.Twitter	47.7GB/49.1GB (97.2%)
2021-10-22T12:00:08.035+0000	[#######################.] benchmark.Twitter	47.8GB/49.1GB (97.3%)
2021-10-22T12:00:11.035+0000	[#######################.] benchmark.Twitter	47.9GB/49.1GB (97.4%)
2021-10-22T12:00:14.035+0000	[#######################.] benchmark.Twitter	47.9GB/49.1GB (97.5%)
2021-10-22T12:00:17.035+0000	[#######################.] benchmark.Twitter	48.0GB/49.1GB (97.6%)
2021-10-22T12:00:20.036+0000	[#######################.] benchmark.Twitter	48.0GB/49.1GB (97.8%)
2021-10-22T12:00:23.035+0000	[#######################.] benchmark.Twitter	48.1GB/49.1GB (97.9%)
2021-10-22T12:00:26.035+0000	[#######################.] benchmark.Twitter	48.1GB/49.1GB (98.0%)
2021-10-22T12:00:29.036+0000	[#######################.] benchmark.Twitter	48.2GB/49.1GB (98.1%)
2021-10-22T12:00:32.035+0000	[#######################.] benchmark.Twitter	48.3GB/49.1GB (98.3%)
2021-10-22T12:00:35.035+0000	[#######################.] benchmark.Twitter	48.3GB/49.1GB (98.4%)
2021-10-22T12:00:38.035+0000	[#######################.] benchmark.Twitter	48.4GB/49.1GB (98.5%)
2021-10-22T12:00:41.036+0000	[#######################.] benchmark.Twitter	48.5GB/49.1GB (98.6%)
2021-10-22T12:00:44.035+0000	[#######################.] benchmark.Twitter	48.5GB/49.1GB (98.8%)
2021-10-22T12:00:47.036+0000	[#######################.] benchmark.Twitter	48.6GB/49.1GB (98.9%)
2021-10-22T12:00:50.035+0000	[#######################.] benchmark.Twitter	48.6GB/49.1GB (99.0%)
2021-10-22T12:00:53.037+0000	[#######################.] benchmark.Twitter	48.7GB/49.1GB (99.1%)
2021-10-22T12:00:56.035+0000	[#######################.] benchmark.Twitter	48.8GB/49.1GB (99.3%)
2021-10-22T12:00:59.035+0000	[#######################.] benchmark.Twitter	48.8GB/49.1GB (99.4%)
2021-10-22T12:01:02.035+0000	[#######################.] benchmark.Twitter	48.9GB/49.1GB (99.5%)
2021-10-22T12:01:05.035+0000	[#######################.] benchmark.Twitter	49.0GB/49.1GB (99.6%)
2021-10-22T12:01:08.035+0000	[#######################.] benchmark.Twitter	49.0GB/49.1GB (99.8%)
2021-10-22T12:01:11.035+0000	[#######################.] benchmark.Twitter	49.1GB/49.1GB (99.9%)
2021-10-22T12:01:13.890+0000	[########################] benchmark.Twitter	49.1GB/49.1GB (100.0%)
2021-10-22T12:01:13.890+0000	13346336 document(s) imported successfully. 0 document(s) failed to import.
mongo-benchmark
MongoDB: 3635.32 s
mongo-benchmark
=== Found Postgres query file, executing Postgres queries ===
= File:'Twitter.json' =
13.4-alpine: Pulling from library/postgres
Digest: sha256:e9e481c3b0960e6acdd0d1202938617b9075d20f477765b531846671b7e624f2
Status: Image is up to date for postgres:13.4-alpine
73b89b4a86efc1f3e2569553b9b8112696cccadeec8f1f9fd1e49d6e979ec6f8
3
PSQL: 8051.58 s
psql-benchmark
=== Results ===
= JQ =
Overall: 
= JODA =
Overall: 268.043
Query Time: 139.671
16.871068436
12.917753132
13.160024289
15.079197617
13.580993872
12.152589619
14.405156304
14.195558904
13.867623068
13.4409265
= Mongo =
Overall: 3635.32
190.033
163.579
167.471
180.507
64.095
73.287
82.709
81.361
83.306
81.794
Query Time: 1168.14
= PostgreSQL =
Overall: 8051.58
=== AGG Results ===
= JQ =

= JODA =
13346336
5073309
1985718
1423329
1253365
4467128
970479
434583
226865
79126
56933
= Mongo =
5073309
1985718
1423329
1253365
4467128
970479
434583
226865
79126
56933
= PostgreSQL =
 5073309
 1985718
 1423329
 1253365
 4456547
 959898
 424002
 216709
 68970
 48900
