=== Found JODA query file, executing JODA queries ===
= File:'NoBench.json' =
0.12.3: Pulling from nicotin/joda
Digest: sha256:6c0c6b4a19967ae02ef348535acdb3eb8496453a8b868763c34370e10be0192f
Status: Image is up to date for nicotin/joda:0.12.3
eff45e34a2dd8a03bfade13f254a786eb46be406cbe098be9148cdba48263ae8
0
JODA: 5.43119 s
joda-benchmark
=== Found MongoDB query file, executing MongoDB queries ===
= File:'NoBench.json' =
5.0.3-focal: Pulling from library/mongo
Digest: sha256:f7c401402aa3e689fc42c7109247ab2d5a3e3b4b8a3ace4c2bf7a5fc74ca4917
Status: Image is up to date for mongo:5.0.3-focal
311d09a14916a684020325827a11085cd95cc9286efe1b90edebb2ed8c09b15c
2021-11-09T18:29:58.539+0000	connected to: mongodb://localhost/
2021-11-09T18:30:01.539+0000	[........................] benchmark.NoBench	14.6MB/574MB (2.5%)
2021-11-09T18:30:04.542+0000	[#.......................] benchmark.NoBench	29.7MB/574MB (5.2%)
2021-11-09T18:30:07.539+0000	[#.......................] benchmark.NoBench	42.7MB/574MB (7.5%)
2021-11-09T18:30:10.542+0000	[##......................] benchmark.NoBench	56.7MB/574MB (9.9%)
2021-11-09T18:30:13.548+0000	[##......................] benchmark.NoBench	69.8MB/574MB (12.2%)
2021-11-09T18:30:16.540+0000	[###.....................] benchmark.NoBench	83.9MB/574MB (14.6%)
2021-11-09T18:30:19.539+0000	[####....................] benchmark.NoBench	98.2MB/574MB (17.1%)
2021-11-09T18:30:22.539+0000	[####....................] benchmark.NoBench	113MB/574MB (19.6%)
2021-11-09T18:30:25.540+0000	[#####...................] benchmark.NoBench	127MB/574MB (22.1%)
2021-11-09T18:30:28.539+0000	[#####...................] benchmark.NoBench	140MB/574MB (24.4%)
2021-11-09T18:30:31.539+0000	[######..................] benchmark.NoBench	154MB/574MB (26.8%)
2021-11-09T18:30:34.540+0000	[#######.................] benchmark.NoBench	168MB/574MB (29.3%)
2021-11-09T18:30:37.539+0000	[#######.................] benchmark.NoBench	182MB/574MB (31.7%)
2021-11-09T18:30:40.541+0000	[########................] benchmark.NoBench	196MB/574MB (34.1%)
2021-11-09T18:30:43.539+0000	[########................] benchmark.NoBench	210MB/574MB (36.6%)
2021-11-09T18:30:46.540+0000	[#########...............] benchmark.NoBench	224MB/574MB (39.1%)
2021-11-09T18:30:49.539+0000	[##########..............] benchmark.NoBench	239MB/574MB (41.8%)
2021-11-09T18:30:52.539+0000	[##########..............] benchmark.NoBench	253MB/574MB (44.1%)
2021-11-09T18:30:55.539+0000	[###########.............] benchmark.NoBench	267MB/574MB (46.5%)
2021-11-09T18:30:58.539+0000	[###########.............] benchmark.NoBench	282MB/574MB (49.1%)
2021-11-09T18:31:01.539+0000	[############............] benchmark.NoBench	300MB/574MB (52.2%)
2021-11-09T18:31:04.540+0000	[#############...........] benchmark.NoBench	314MB/574MB (54.8%)
2021-11-09T18:31:07.539+0000	[#############...........] benchmark.NoBench	330MB/574MB (57.5%)
2021-11-09T18:31:10.539+0000	[##############..........] benchmark.NoBench	344MB/574MB (59.9%)
2021-11-09T18:31:13.539+0000	[##############..........] benchmark.NoBench	357MB/574MB (62.3%)
2021-11-09T18:31:16.539+0000	[###############.........] benchmark.NoBench	372MB/574MB (64.9%)
2021-11-09T18:31:19.539+0000	[################........] benchmark.NoBench	387MB/574MB (67.5%)
2021-11-09T18:31:22.539+0000	[################........] benchmark.NoBench	402MB/574MB (70.0%)
2021-11-09T18:31:25.542+0000	[#################.......] benchmark.NoBench	416MB/574MB (72.5%)
2021-11-09T18:31:28.539+0000	[##################......] benchmark.NoBench	431MB/574MB (75.1%)
2021-11-09T18:31:31.539+0000	[##################......] benchmark.NoBench	445MB/574MB (77.5%)
2021-11-09T18:31:34.539+0000	[###################.....] benchmark.NoBench	459MB/574MB (80.0%)
2021-11-09T18:31:37.539+0000	[###################.....] benchmark.NoBench	473MB/574MB (82.4%)
2021-11-09T18:31:40.539+0000	[####################....] benchmark.NoBench	487MB/574MB (84.9%)
2021-11-09T18:31:43.539+0000	[####################....] benchmark.NoBench	502MB/574MB (87.5%)
2021-11-09T18:31:46.540+0000	[#####################...] benchmark.NoBench	516MB/574MB (89.9%)
2021-11-09T18:31:49.539+0000	[######################..] benchmark.NoBench	530MB/574MB (92.4%)
2021-11-09T18:31:52.539+0000	[######################..] benchmark.NoBench	545MB/574MB (95.0%)
2021-11-09T18:31:55.539+0000	[#######################.] benchmark.NoBench	559MB/574MB (97.4%)
2021-11-09T18:31:58.540+0000	[#######################.] benchmark.NoBench	574MB/574MB (100.0%)
2021-11-09T18:31:58.580+0000	[########################] benchmark.NoBench	574MB/574MB (100.0%)
2021-11-09T18:31:58.580+0000	1000000 document(s) imported successfully. 0 document(s) failed to import.
mongo-benchmark
MongoDB: 163.744 s
mongo-benchmark
=== Found Postgres query file, executing Postgres queries ===
= File:'NoBench.json' =
13.4-alpine: Pulling from library/postgres
Digest: sha256:c170270dc9ba94f491375e366fa2cf46d0bc0027e4a69d70e6e9d1454ba748dc
Status: Image is up to date for postgres:13.4-alpine
ce547b640ac697dce964dc773cb23be0f0618a65e6eed69986b9b43e099dd128
3
PSQL: 41.9476 s
psql-benchmark
=== Results ===
= JQ =
Overall: 
= JODA =
Overall: 5.43119
Query Time: 2.06874
0.187803014
0.140865745
0.201834158
0.172131607
0.257580017
0.127039859
0.242173628
0.21726411
0.264328413
0.257723206
= Mongo =
Overall: 163.744
2.538
4.611
5.506
4.152
4.916
2.961
5.138
4.94
3.939
3.153
Query Time: 41.854
= PostgreSQL =
Overall: 41.9476
=== AGG Results ===
= JQ =

= JODA =
1000000
346717
745481
739140
383933
155590
22994
49322
11758
4034
111
= Mongo =
346717
745481
739140
383933
155590
22994
49322
11758
4034
111
= PostgreSQL =
 346717
 745481
 739140
 383933
 155590
 22994
 49322
 11758
  4034
   111
