=== Found JODA query file, executing JODA queries ===
= File:'Twitter.json' =
0.12.4: Pulling from nicotin/joda
Digest: sha256:b253680f2c5ee1118e2c282e0c4ebff5cb6e87643fb98abcf1e686caaa35152a
Status: Image is up to date for nicotin/joda:0.12.4
7d54513db6e1a47514cedacee25bd7fa5d56eee46dcd7919dccc049abd88276e
0
JODA: 130.056 s
joda-benchmark
=== Results ===
= JQ =
Overall: 
= JODA =
Overall: 130.056
Query Time: 40.0799
6.881273197
3.542167494
11.704516118
8.127799454
0.242660649
0.433325975
2.298251202
3.122520481
3.115193216
0.612157946
= Mongo =
Overall: 

Query Time: 
= PostgreSQL =
Overall: 
=== AGG Results ===
= JQ =

= JODA =
13346336
5073309
10691613
5407737
2798316
1493155
2436531
1434132
1971812
1261343
2339892
= Mongo =

= PostgreSQL =

