=== Found JODA query file, executing JODA queries ===
= File:'Twitter.json' =
0.12.2: Pulling from nicotin/joda
Digest: sha256:f5e9052c3cc1af5f34dcaa9442d46f2baf40a6a1b6fc3a0d59558d49b5ec8fcf
Status: Image is up to date for nicotin/joda:0.12.2
2319dfb50620f606e24c25b91c78a1736687f1023c62b426e06c204608ba1b9f
0
JODA: 142.08 s
joda-benchmark
=== Found MongoDB query file, executing MongoDB queries ===
= File:'Twitter.json' =
5.0.3-focal: Pulling from library/mongo
Digest: sha256:f7c401402aa3e689fc42c7109247ab2d5a3e3b4b8a3ace4c2bf7a5fc74ca4917
Status: Image is up to date for mongo:5.0.3-focal
a9e3395a3c8190ac475b63afcba96ba6b11cce2a37d1666a29ca8e52860d4efe
2021-10-22T14:37:35.350+0000	connected to: mongodb://localhost/
2021-10-22T14:37:38.351+0000	[........................] benchmark.Twitter	66.6MB/49.1GB (0.1%)
2021-10-22T14:37:41.351+0000	[........................] benchmark.Twitter	140MB/49.1GB (0.3%)
2021-10-22T14:37:44.350+0000	[........................] benchmark.Twitter	215MB/49.1GB (0.4%)
2021-10-22T14:37:47.350+0000	[........................] benchmark.Twitter	290MB/49.1GB (0.6%)
2021-10-22T14:37:50.350+0000	[........................] benchmark.Twitter	364MB/49.1GB (0.7%)
2021-10-22T14:37:53.350+0000	[........................] benchmark.Twitter	440MB/49.1GB (0.9%)
2021-10-22T14:37:56.351+0000	[........................] benchmark.Twitter	514MB/49.1GB (1.0%)
2021-10-22T14:37:59.350+0000	[........................] benchmark.Twitter	590MB/49.1GB (1.2%)
2021-10-22T14:38:02.350+0000	[........................] benchmark.Twitter	666MB/49.1GB (1.3%)
2021-10-22T14:38:05.350+0000	[........................] benchmark.Twitter	739MB/49.1GB (1.5%)
2021-10-22T14:38:08.350+0000	[........................] benchmark.Twitter	814MB/49.1GB (1.6%)
2021-10-22T14:38:11.350+0000	[........................] benchmark.Twitter	891MB/49.1GB (1.8%)
2021-10-22T14:38:14.350+0000	[........................] benchmark.Twitter	966MB/49.1GB (1.9%)
2021-10-22T14:38:17.351+0000	[........................] benchmark.Twitter	1.02GB/49.1GB (2.1%)
2021-10-22T14:38:20.350+0000	[........................] benchmark.Twitter	1.09GB/49.1GB (2.2%)
2021-10-22T14:38:23.350+0000	[........................] benchmark.Twitter	1.16GB/49.1GB (2.4%)
2021-10-22T14:38:26.351+0000	[........................] benchmark.Twitter	1.24GB/49.1GB (2.5%)
2021-10-22T14:38:29.350+0000	[........................] benchmark.Twitter	1.32GB/49.1GB (2.7%)
2021-10-22T14:38:32.351+0000	[........................] benchmark.Twitter	1.39GB/49.1GB (2.8%)
2021-10-22T14:38:35.350+0000	[........................] benchmark.Twitter	1.46GB/49.1GB (3.0%)
2021-10-22T14:38:38.350+0000	[........................] benchmark.Twitter	1.53GB/49.1GB (3.1%)
2021-10-22T14:38:41.350+0000	[........................] benchmark.Twitter	1.61GB/49.1GB (3.3%)
2021-10-22T14:38:44.351+0000	[........................] benchmark.Twitter	1.68GB/49.1GB (3.4%)
2021-10-22T14:38:47.350+0000	[........................] benchmark.Twitter	1.75GB/49.1GB (3.6%)
2021-10-22T14:38:50.350+0000	[........................] benchmark.Twitter	1.83GB/49.1GB (3.7%)
2021-10-22T14:38:53.350+0000	[........................] benchmark.Twitter	1.90GB/49.1GB (3.9%)
2021-10-22T14:38:56.352+0000	[........................] benchmark.Twitter	1.97GB/49.1GB (4.0%)
2021-10-22T14:38:59.351+0000	[........................] benchmark.Twitter	2.04GB/49.1GB (4.1%)
2021-10-22T14:39:02.351+0000	[#.......................] benchmark.Twitter	2.10GB/49.1GB (4.3%)
2021-10-22T14:39:05.350+0000	[#.......................] benchmark.Twitter	2.16GB/49.1GB (4.4%)
2021-10-22T14:39:08.350+0000	[#.......................] benchmark.Twitter	2.23GB/49.1GB (4.5%)
2021-10-22T14:39:11.350+0000	[#.......................] benchmark.Twitter	2.29GB/49.1GB (4.7%)
2021-10-22T14:39:14.350+0000	[#.......................] benchmark.Twitter	2.36GB/49.1GB (4.8%)
2021-10-22T14:39:17.350+0000	[#.......................] benchmark.Twitter	2.44GB/49.1GB (5.0%)
2021-10-22T14:39:20.351+0000	[#.......................] benchmark.Twitter	2.51GB/49.1GB (5.1%)
2021-10-22T14:39:23.351+0000	[#.......................] benchmark.Twitter	2.58GB/49.1GB (5.3%)
2021-10-22T14:39:26.351+0000	[#.......................] benchmark.Twitter	2.66GB/49.1GB (5.4%)
2021-10-22T14:39:29.350+0000	[#.......................] benchmark.Twitter	2.73GB/49.1GB (5.6%)
2021-10-22T14:39:32.350+0000	[#.......................] benchmark.Twitter	2.80GB/49.1GB (5.7%)
2021-10-22T14:39:35.350+0000	[#.......................] benchmark.Twitter	2.88GB/49.1GB (5.9%)
2021-10-22T14:39:38.350+0000	[#.......................] benchmark.Twitter	2.95GB/49.1GB (6.0%)
2021-10-22T14:39:41.352+0000	[#.......................] benchmark.Twitter	3.02GB/49.1GB (6.2%)
2021-10-22T14:39:44.350+0000	[#.......................] benchmark.Twitter	3.10GB/49.1GB (6.3%)
2021-10-22T14:39:47.350+0000	[#.......................] benchmark.Twitter	3.17GB/49.1GB (6.5%)
2021-10-22T14:39:50.351+0000	[#.......................] benchmark.Twitter	3.24GB/49.1GB (6.6%)
2021-10-22T14:39:53.350+0000	[#.......................] benchmark.Twitter	3.32GB/49.1GB (6.8%)
2021-10-22T14:39:56.350+0000	[#.......................] benchmark.Twitter	3.39GB/49.1GB (6.9%)
2021-10-22T14:39:59.351+0000	[#.......................] benchmark.Twitter	3.47GB/49.1GB (7.1%)
2021-10-22T14:40:02.351+0000	[#.......................] benchmark.Twitter	3.54GB/49.1GB (7.2%)
2021-10-22T14:40:05.350+0000	[#.......................] benchmark.Twitter	3.61GB/49.1GB (7.4%)
2021-10-22T14:40:08.350+0000	[#.......................] benchmark.Twitter	3.69GB/49.1GB (7.5%)
2021-10-22T14:40:11.351+0000	[#.......................] benchmark.Twitter	3.76GB/49.1GB (7.7%)
2021-10-22T14:40:14.350+0000	[#.......................] benchmark.Twitter	3.84GB/49.1GB (7.8%)
2021-10-22T14:40:17.350+0000	[#.......................] benchmark.Twitter	3.91GB/49.1GB (8.0%)
2021-10-22T14:40:20.350+0000	[#.......................] benchmark.Twitter	3.99GB/49.1GB (8.1%)
2021-10-22T14:40:23.350+0000	[#.......................] benchmark.Twitter	4.06GB/49.1GB (8.3%)
2021-10-22T14:40:26.350+0000	[##......................] benchmark.Twitter	4.14GB/49.1GB (8.4%)
2021-10-22T14:40:29.350+0000	[##......................] benchmark.Twitter	4.21GB/49.1GB (8.6%)
2021-10-22T14:40:32.351+0000	[##......................] benchmark.Twitter	4.28GB/49.1GB (8.7%)
2021-10-22T14:40:35.350+0000	[##......................] benchmark.Twitter	4.36GB/49.1GB (8.9%)
2021-10-22T14:40:38.351+0000	[##......................] benchmark.Twitter	4.43GB/49.1GB (9.0%)
2021-10-22T14:40:41.350+0000	[##......................] benchmark.Twitter	4.50GB/49.1GB (9.2%)
2021-10-22T14:40:44.350+0000	[##......................] benchmark.Twitter	4.58GB/49.1GB (9.3%)
2021-10-22T14:40:47.352+0000	[##......................] benchmark.Twitter	4.65GB/49.1GB (9.5%)
2021-10-22T14:40:50.350+0000	[##......................] benchmark.Twitter	4.72GB/49.1GB (9.6%)
2021-10-22T14:40:53.350+0000	[##......................] benchmark.Twitter	4.80GB/49.1GB (9.8%)
2021-10-22T14:40:56.350+0000	[##......................] benchmark.Twitter	4.87GB/49.1GB (9.9%)
2021-10-22T14:40:59.350+0000	[##......................] benchmark.Twitter	4.95GB/49.1GB (10.1%)
2021-10-22T14:41:02.350+0000	[##......................] benchmark.Twitter	5.02GB/49.1GB (10.2%)
2021-10-22T14:41:05.351+0000	[##......................] benchmark.Twitter	5.10GB/49.1GB (10.4%)
2021-10-22T14:41:08.350+0000	[##......................] benchmark.Twitter	5.17GB/49.1GB (10.5%)
2021-10-22T14:41:11.350+0000	[##......................] benchmark.Twitter	5.24GB/49.1GB (10.7%)
2021-10-22T14:41:14.350+0000	[##......................] benchmark.Twitter	5.31GB/49.1GB (10.8%)
2021-10-22T14:41:17.351+0000	[##......................] benchmark.Twitter	5.38GB/49.1GB (10.9%)
2021-10-22T14:41:20.350+0000	[##......................] benchmark.Twitter	5.45GB/49.1GB (11.1%)
2021-10-22T14:41:23.350+0000	[##......................] benchmark.Twitter	5.51GB/49.1GB (11.2%)
2021-10-22T14:41:26.350+0000	[##......................] benchmark.Twitter	5.58GB/49.1GB (11.4%)
2021-10-22T14:41:29.351+0000	[##......................] benchmark.Twitter	5.64GB/49.1GB (11.5%)
2021-10-22T14:41:32.351+0000	[##......................] benchmark.Twitter	5.71GB/49.1GB (11.6%)
2021-10-22T14:41:35.350+0000	[##......................] benchmark.Twitter	5.77GB/49.1GB (11.7%)
2021-10-22T14:41:38.350+0000	[##......................] benchmark.Twitter	5.83GB/49.1GB (11.9%)
2021-10-22T14:41:41.351+0000	[##......................] benchmark.Twitter	5.90GB/49.1GB (12.0%)
2021-10-22T14:41:44.351+0000	[##......................] benchmark.Twitter	5.97GB/49.1GB (12.1%)
2021-10-22T14:41:47.351+0000	[##......................] benchmark.Twitter	6.04GB/49.1GB (12.3%)
2021-10-22T14:41:50.351+0000	[##......................] benchmark.Twitter	6.11GB/49.1GB (12.4%)
2021-10-22T14:41:53.350+0000	[###.....................] benchmark.Twitter	6.18GB/49.1GB (12.6%)
2021-10-22T14:41:56.350+0000	[###.....................] benchmark.Twitter	6.25GB/49.1GB (12.7%)
2021-10-22T14:41:59.350+0000	[###.....................] benchmark.Twitter	6.33GB/49.1GB (12.9%)
2021-10-22T14:42:02.350+0000	[###.....................] benchmark.Twitter	6.40GB/49.1GB (13.0%)
2021-10-22T14:42:05.350+0000	[###.....................] benchmark.Twitter	6.47GB/49.1GB (13.2%)
2021-10-22T14:42:08.351+0000	[###.....................] benchmark.Twitter	6.55GB/49.1GB (13.3%)
2021-10-22T14:42:11.351+0000	[###.....................] benchmark.Twitter	6.62GB/49.1GB (13.5%)
2021-10-22T14:42:14.350+0000	[###.....................] benchmark.Twitter	6.70GB/49.1GB (13.6%)
2021-10-22T14:42:17.351+0000	[###.....................] benchmark.Twitter	6.77GB/49.1GB (13.8%)
2021-10-22T14:42:20.350+0000	[###.....................] benchmark.Twitter	6.84GB/49.1GB (13.9%)
2021-10-22T14:42:23.350+0000	[###.....................] benchmark.Twitter	6.92GB/49.1GB (14.1%)
2021-10-22T14:42:26.350+0000	[###.....................] benchmark.Twitter	6.99GB/49.1GB (14.2%)
2021-10-22T14:42:29.350+0000	[###.....................] benchmark.Twitter	7.06GB/49.1GB (14.4%)
2021-10-22T14:42:32.350+0000	[###.....................] benchmark.Twitter	7.14GB/49.1GB (14.5%)
2021-10-22T14:42:35.350+0000	[###.....................] benchmark.Twitter	7.21GB/49.1GB (14.7%)
2021-10-22T14:42:38.350+0000	[###.....................] benchmark.Twitter	7.29GB/49.1GB (14.8%)
2021-10-22T14:42:41.350+0000	[###.....................] benchmark.Twitter	7.36GB/49.1GB (15.0%)
2021-10-22T14:42:44.350+0000	[###.....................] benchmark.Twitter	7.43GB/49.1GB (15.1%)
2021-10-22T14:42:47.351+0000	[###.....................] benchmark.Twitter	7.50GB/49.1GB (15.3%)
2021-10-22T14:42:50.350+0000	[###.....................] benchmark.Twitter	7.58GB/49.1GB (15.4%)
2021-10-22T14:42:53.350+0000	[###.....................] benchmark.Twitter	7.65GB/49.1GB (15.6%)
2021-10-22T14:42:56.350+0000	[###.....................] benchmark.Twitter	7.72GB/49.1GB (15.7%)
2021-10-22T14:42:59.351+0000	[###.....................] benchmark.Twitter	7.80GB/49.1GB (15.9%)
2021-10-22T14:43:02.350+0000	[###.....................] benchmark.Twitter	7.87GB/49.1GB (16.0%)
2021-10-22T14:43:05.350+0000	[###.....................] benchmark.Twitter	7.94GB/49.1GB (16.2%)
2021-10-22T14:43:08.350+0000	[###.....................] benchmark.Twitter	8.02GB/49.1GB (16.3%)
2021-10-22T14:43:11.350+0000	[###.....................] benchmark.Twitter	8.09GB/49.1GB (16.5%)
2021-10-22T14:43:14.350+0000	[###.....................] benchmark.Twitter	8.17GB/49.1GB (16.6%)
2021-10-22T14:43:17.350+0000	[####....................] benchmark.Twitter	8.24GB/49.1GB (16.8%)
2021-10-22T14:43:20.350+0000	[####....................] benchmark.Twitter	8.31GB/49.1GB (16.9%)
2021-10-22T14:43:23.350+0000	[####....................] benchmark.Twitter	8.39GB/49.1GB (17.1%)
2021-10-22T14:43:26.350+0000	[####....................] benchmark.Twitter	8.46GB/49.1GB (17.2%)
2021-10-22T14:43:29.350+0000	[####....................] benchmark.Twitter	8.54GB/49.1GB (17.4%)
2021-10-22T14:43:32.351+0000	[####....................] benchmark.Twitter	8.61GB/49.1GB (17.5%)
2021-10-22T14:43:35.350+0000	[####....................] benchmark.Twitter	8.68GB/49.1GB (17.7%)
2021-10-22T14:43:38.350+0000	[####....................] benchmark.Twitter	8.76GB/49.1GB (17.8%)
2021-10-22T14:43:41.350+0000	[####....................] benchmark.Twitter	8.83GB/49.1GB (18.0%)
2021-10-22T14:43:44.350+0000	[####....................] benchmark.Twitter	8.90GB/49.1GB (18.1%)
2021-10-22T14:43:47.350+0000	[####....................] benchmark.Twitter	8.96GB/49.1GB (18.2%)
2021-10-22T14:43:50.350+0000	[####....................] benchmark.Twitter	9.03GB/49.1GB (18.4%)
2021-10-22T14:43:53.350+0000	[####....................] benchmark.Twitter	9.09GB/49.1GB (18.5%)
2021-10-22T14:43:56.350+0000	[####....................] benchmark.Twitter	9.16GB/49.1GB (18.6%)
2021-10-22T14:43:59.350+0000	[####....................] benchmark.Twitter	9.22GB/49.1GB (18.8%)
2021-10-22T14:44:02.350+0000	[####....................] benchmark.Twitter	9.29GB/49.1GB (18.9%)
2021-10-22T14:44:05.350+0000	[####....................] benchmark.Twitter	9.35GB/49.1GB (19.0%)
2021-10-22T14:44:08.350+0000	[####....................] benchmark.Twitter	9.42GB/49.1GB (19.2%)
2021-10-22T14:44:11.351+0000	[####....................] benchmark.Twitter	9.48GB/49.1GB (19.3%)
2021-10-22T14:44:14.351+0000	[####....................] benchmark.Twitter	9.54GB/49.1GB (19.4%)
2021-10-22T14:44:17.350+0000	[####....................] benchmark.Twitter	9.61GB/49.1GB (19.6%)
2021-10-22T14:44:20.350+0000	[####....................] benchmark.Twitter	9.69GB/49.1GB (19.7%)
2021-10-22T14:44:23.350+0000	[####....................] benchmark.Twitter	9.76GB/49.1GB (19.9%)
2021-10-22T14:44:26.351+0000	[####....................] benchmark.Twitter	9.83GB/49.1GB (20.0%)
2021-10-22T14:44:29.351+0000	[####....................] benchmark.Twitter	9.91GB/49.1GB (20.2%)
2021-10-22T14:44:32.351+0000	[####....................] benchmark.Twitter	9.98GB/49.1GB (20.3%)
2021-10-22T14:44:35.350+0000	[####....................] benchmark.Twitter	10.1GB/49.1GB (20.5%)
2021-10-22T14:44:38.351+0000	[####....................] benchmark.Twitter	10.1GB/49.1GB (20.6%)
2021-10-22T14:44:41.350+0000	[####....................] benchmark.Twitter	10.2GB/49.1GB (20.8%)
2021-10-22T14:44:44.350+0000	[#####...................] benchmark.Twitter	10.3GB/49.1GB (20.9%)
2021-10-22T14:44:47.351+0000	[#####...................] benchmark.Twitter	10.3GB/49.1GB (21.1%)
2021-10-22T14:44:50.350+0000	[#####...................] benchmark.Twitter	10.4GB/49.1GB (21.2%)
2021-10-22T14:44:53.351+0000	[#####...................] benchmark.Twitter	10.5GB/49.1GB (21.4%)
2021-10-22T14:44:56.350+0000	[#####...................] benchmark.Twitter	10.6GB/49.1GB (21.5%)
2021-10-22T14:44:59.351+0000	[#####...................] benchmark.Twitter	10.7GB/49.1GB (21.7%)
2021-10-22T14:45:02.350+0000	[#####...................] benchmark.Twitter	10.7GB/49.1GB (21.8%)
2021-10-22T14:45:05.350+0000	[#####...................] benchmark.Twitter	10.8GB/49.1GB (22.0%)
2021-10-22T14:45:08.350+0000	[#####...................] benchmark.Twitter	10.9GB/49.1GB (22.1%)
2021-10-22T14:45:11.350+0000	[#####...................] benchmark.Twitter	10.9GB/49.1GB (22.3%)
2021-10-22T14:45:14.350+0000	[#####...................] benchmark.Twitter	11.0GB/49.1GB (22.4%)
2021-10-22T14:45:17.350+0000	[#####...................] benchmark.Twitter	11.1GB/49.1GB (22.6%)
2021-10-22T14:45:20.350+0000	[#####...................] benchmark.Twitter	11.2GB/49.1GB (22.7%)
2021-10-22T14:45:23.350+0000	[#####...................] benchmark.Twitter	11.2GB/49.1GB (22.9%)
2021-10-22T14:45:26.350+0000	[#####...................] benchmark.Twitter	11.3GB/49.1GB (23.0%)
2021-10-22T14:45:29.350+0000	[#####...................] benchmark.Twitter	11.4GB/49.1GB (23.2%)
2021-10-22T14:45:32.351+0000	[#####...................] benchmark.Twitter	11.5GB/49.1GB (23.3%)
2021-10-22T14:45:35.350+0000	[#####...................] benchmark.Twitter	11.5GB/49.1GB (23.5%)
2021-10-22T14:45:38.350+0000	[#####...................] benchmark.Twitter	11.6GB/49.1GB (23.6%)
2021-10-22T14:45:41.351+0000	[#####...................] benchmark.Twitter	11.7GB/49.1GB (23.8%)
2021-10-22T14:45:44.351+0000	[#####...................] benchmark.Twitter	11.8GB/49.1GB (23.9%)
2021-10-22T14:45:47.350+0000	[#####...................] benchmark.Twitter	11.8GB/49.1GB (24.1%)
2021-10-22T14:45:50.350+0000	[#####...................] benchmark.Twitter	11.9GB/49.1GB (24.2%)
2021-10-22T14:45:53.350+0000	[#####...................] benchmark.Twitter	12.0GB/49.1GB (24.4%)
2021-10-22T14:45:56.351+0000	[#####...................] benchmark.Twitter	12.1GB/49.1GB (24.5%)
2021-10-22T14:45:59.352+0000	[#####...................] benchmark.Twitter	12.1GB/49.1GB (24.6%)
2021-10-22T14:46:02.350+0000	[#####...................] benchmark.Twitter	12.2GB/49.1GB (24.8%)
2021-10-22T14:46:05.350+0000	[#####...................] benchmark.Twitter	12.2GB/49.1GB (24.9%)
2021-10-22T14:46:08.350+0000	[######..................] benchmark.Twitter	12.3GB/49.1GB (25.0%)
2021-10-22T14:46:11.350+0000	[######..................] benchmark.Twitter	12.4GB/49.1GB (25.2%)
2021-10-22T14:46:14.350+0000	[######..................] benchmark.Twitter	12.4GB/49.1GB (25.3%)
2021-10-22T14:46:17.350+0000	[######..................] benchmark.Twitter	12.5GB/49.1GB (25.4%)
2021-10-22T14:46:20.350+0000	[######..................] benchmark.Twitter	12.6GB/49.1GB (25.6%)
2021-10-22T14:46:23.350+0000	[######..................] benchmark.Twitter	12.6GB/49.1GB (25.7%)
2021-10-22T14:46:26.350+0000	[######..................] benchmark.Twitter	12.7GB/49.1GB (25.9%)
2021-10-22T14:46:29.351+0000	[######..................] benchmark.Twitter	12.8GB/49.1GB (26.0%)
2021-10-22T14:46:32.351+0000	[######..................] benchmark.Twitter	12.9GB/49.1GB (26.2%)
2021-10-22T14:46:35.350+0000	[######..................] benchmark.Twitter	12.9GB/49.1GB (26.3%)
2021-10-22T14:46:38.350+0000	[######..................] benchmark.Twitter	13.0GB/49.1GB (26.5%)
2021-10-22T14:46:41.351+0000	[######..................] benchmark.Twitter	13.1GB/49.1GB (26.6%)
2021-10-22T14:46:44.350+0000	[######..................] benchmark.Twitter	13.2GB/49.1GB (26.8%)
2021-10-22T14:46:47.350+0000	[######..................] benchmark.Twitter	13.2GB/49.1GB (26.9%)
2021-10-22T14:46:50.351+0000	[######..................] benchmark.Twitter	13.3GB/49.1GB (27.1%)
2021-10-22T14:46:53.350+0000	[######..................] benchmark.Twitter	13.4GB/49.1GB (27.2%)
2021-10-22T14:46:56.350+0000	[######..................] benchmark.Twitter	13.4GB/49.1GB (27.4%)
2021-10-22T14:46:59.351+0000	[######..................] benchmark.Twitter	13.5GB/49.1GB (27.5%)
2021-10-22T14:47:02.351+0000	[######..................] benchmark.Twitter	13.6GB/49.1GB (27.7%)
2021-10-22T14:47:05.351+0000	[######..................] benchmark.Twitter	13.7GB/49.1GB (27.8%)
2021-10-22T14:47:08.351+0000	[######..................] benchmark.Twitter	13.8GB/49.1GB (28.0%)
2021-10-22T14:47:11.351+0000	[######..................] benchmark.Twitter	13.8GB/49.1GB (28.1%)
2021-10-22T14:47:14.350+0000	[######..................] benchmark.Twitter	13.9GB/49.1GB (28.3%)
2021-10-22T14:47:17.350+0000	[######..................] benchmark.Twitter	14.0GB/49.1GB (28.4%)
2021-10-22T14:47:20.350+0000	[######..................] benchmark.Twitter	14.0GB/49.1GB (28.6%)
2021-10-22T14:47:23.350+0000	[######..................] benchmark.Twitter	14.1GB/49.1GB (28.7%)
2021-10-22T14:47:26.350+0000	[######..................] benchmark.Twitter	14.2GB/49.1GB (28.9%)
2021-10-22T14:47:29.351+0000	[######..................] benchmark.Twitter	14.3GB/49.1GB (29.0%)
2021-10-22T14:47:32.350+0000	[#######.................] benchmark.Twitter	14.3GB/49.1GB (29.2%)
2021-10-22T14:47:35.350+0000	[#######.................] benchmark.Twitter	14.4GB/49.1GB (29.3%)
2021-10-22T14:47:38.350+0000	[#######.................] benchmark.Twitter	14.5GB/49.1GB (29.5%)
2021-10-22T14:47:41.350+0000	[#######.................] benchmark.Twitter	14.6GB/49.1GB (29.6%)
2021-10-22T14:47:44.350+0000	[#######.................] benchmark.Twitter	14.6GB/49.1GB (29.8%)
2021-10-22T14:47:47.351+0000	[#######.................] benchmark.Twitter	14.7GB/49.1GB (29.9%)
2021-10-22T14:47:50.351+0000	[#######.................] benchmark.Twitter	14.8GB/49.1GB (30.1%)
2021-10-22T14:47:53.351+0000	[#######.................] benchmark.Twitter	14.9GB/49.1GB (30.2%)
2021-10-22T14:47:56.352+0000	[#######.................] benchmark.Twitter	14.9GB/49.1GB (30.4%)
2021-10-22T14:47:59.350+0000	[#######.................] benchmark.Twitter	15.0GB/49.1GB (30.5%)
2021-10-22T14:48:02.350+0000	[#######.................] benchmark.Twitter	15.1GB/49.1GB (30.7%)
2021-10-22T14:48:05.350+0000	[#######.................] benchmark.Twitter	15.1GB/49.1GB (30.8%)
2021-10-22T14:48:08.351+0000	[#######.................] benchmark.Twitter	15.2GB/49.1GB (31.0%)
2021-10-22T14:48:11.351+0000	[#######.................] benchmark.Twitter	15.3GB/49.1GB (31.1%)
2021-10-22T14:48:14.350+0000	[#######.................] benchmark.Twitter	15.3GB/49.1GB (31.2%)
2021-10-22T14:48:17.350+0000	[#######.................] benchmark.Twitter	15.4GB/49.1GB (31.3%)
2021-10-22T14:48:20.350+0000	[#######.................] benchmark.Twitter	15.5GB/49.1GB (31.5%)
2021-10-22T14:48:23.351+0000	[#######.................] benchmark.Twitter	15.5GB/49.1GB (31.6%)
2021-10-22T14:48:26.350+0000	[#######.................] benchmark.Twitter	15.6GB/49.1GB (31.8%)
2021-10-22T14:48:29.350+0000	[#######.................] benchmark.Twitter	15.7GB/49.1GB (31.9%)
2021-10-22T14:48:32.350+0000	[#######.................] benchmark.Twitter	15.8GB/49.1GB (32.1%)
2021-10-22T14:48:35.350+0000	[#######.................] benchmark.Twitter	15.8GB/49.1GB (32.2%)
2021-10-22T14:48:38.351+0000	[#######.................] benchmark.Twitter	15.9GB/49.1GB (32.4%)
2021-10-22T14:48:41.350+0000	[#######.................] benchmark.Twitter	16.0GB/49.1GB (32.5%)
2021-10-22T14:48:44.350+0000	[#######.................] benchmark.Twitter	16.1GB/49.1GB (32.7%)
2021-10-22T14:48:47.350+0000	[#######.................] benchmark.Twitter	16.1GB/49.1GB (32.8%)
2021-10-22T14:48:50.350+0000	[#######.................] benchmark.Twitter	16.2GB/49.1GB (33.0%)
2021-10-22T14:48:53.350+0000	[#######.................] benchmark.Twitter	16.3GB/49.1GB (33.1%)
2021-10-22T14:48:56.350+0000	[#######.................] benchmark.Twitter	16.4GB/49.1GB (33.3%)
2021-10-22T14:48:59.350+0000	[########................] benchmark.Twitter	16.4GB/49.1GB (33.4%)
2021-10-22T14:49:02.350+0000	[########................] benchmark.Twitter	16.5GB/49.1GB (33.6%)
2021-10-22T14:49:05.350+0000	[########................] benchmark.Twitter	16.6GB/49.1GB (33.7%)
2021-10-22T14:49:08.350+0000	[########................] benchmark.Twitter	16.6GB/49.1GB (33.9%)
2021-10-22T14:49:11.352+0000	[########................] benchmark.Twitter	16.7GB/49.1GB (34.1%)
2021-10-22T14:49:14.351+0000	[########................] benchmark.Twitter	16.8GB/49.1GB (34.2%)
2021-10-22T14:49:17.352+0000	[########................] benchmark.Twitter	16.9GB/49.1GB (34.4%)
2021-10-22T14:49:20.350+0000	[########................] benchmark.Twitter	16.9GB/49.1GB (34.5%)
2021-10-22T14:49:23.350+0000	[########................] benchmark.Twitter	17.0GB/49.1GB (34.7%)
2021-10-22T14:49:26.350+0000	[########................] benchmark.Twitter	17.1GB/49.1GB (34.8%)
2021-10-22T14:49:29.351+0000	[########................] benchmark.Twitter	17.2GB/49.1GB (35.0%)
2021-10-22T14:49:32.350+0000	[########................] benchmark.Twitter	17.2GB/49.1GB (35.1%)
2021-10-22T14:49:35.350+0000	[########................] benchmark.Twitter	17.3GB/49.1GB (35.3%)
2021-10-22T14:49:38.350+0000	[########................] benchmark.Twitter	17.4GB/49.1GB (35.4%)
2021-10-22T14:49:41.350+0000	[########................] benchmark.Twitter	17.5GB/49.1GB (35.6%)
2021-10-22T14:49:44.350+0000	[########................] benchmark.Twitter	17.6GB/49.1GB (35.7%)
2021-10-22T14:49:47.350+0000	[########................] benchmark.Twitter	17.6GB/49.1GB (35.9%)
2021-10-22T14:49:50.350+0000	[########................] benchmark.Twitter	17.7GB/49.1GB (36.0%)
2021-10-22T14:49:53.350+0000	[########................] benchmark.Twitter	17.8GB/49.1GB (36.2%)
2021-10-22T14:49:56.350+0000	[########................] benchmark.Twitter	17.8GB/49.1GB (36.3%)
2021-10-22T14:49:59.350+0000	[########................] benchmark.Twitter	17.9GB/49.1GB (36.5%)
2021-10-22T14:50:02.350+0000	[########................] benchmark.Twitter	18.0GB/49.1GB (36.6%)
2021-10-22T14:50:05.350+0000	[########................] benchmark.Twitter	18.1GB/49.1GB (36.7%)
2021-10-22T14:50:08.350+0000	[########................] benchmark.Twitter	18.1GB/49.1GB (36.9%)
2021-10-22T14:50:11.351+0000	[########................] benchmark.Twitter	18.2GB/49.1GB (37.0%)
2021-10-22T14:50:14.351+0000	[########................] benchmark.Twitter	18.2GB/49.1GB (37.1%)
2021-10-22T14:50:17.350+0000	[########................] benchmark.Twitter	18.3GB/49.1GB (37.3%)
2021-10-22T14:50:20.350+0000	[########................] benchmark.Twitter	18.4GB/49.1GB (37.4%)
2021-10-22T14:50:23.350+0000	[#########...............] benchmark.Twitter	18.4GB/49.1GB (37.5%)
2021-10-22T14:50:26.350+0000	[#########...............] benchmark.Twitter	18.5GB/49.1GB (37.7%)
2021-10-22T14:50:29.350+0000	[#########...............] benchmark.Twitter	18.6GB/49.1GB (37.8%)
2021-10-22T14:50:32.350+0000	[#########...............] benchmark.Twitter	18.7GB/49.1GB (38.0%)
2021-10-22T14:50:35.350+0000	[#########...............] benchmark.Twitter	18.7GB/49.1GB (38.1%)
2021-10-22T14:50:38.351+0000	[#########...............] benchmark.Twitter	18.8GB/49.1GB (38.3%)
2021-10-22T14:50:41.350+0000	[#########...............] benchmark.Twitter	18.9GB/49.1GB (38.4%)
2021-10-22T14:50:44.350+0000	[#########...............] benchmark.Twitter	18.9GB/49.1GB (38.6%)
2021-10-22T14:50:47.350+0000	[#########...............] benchmark.Twitter	19.0GB/49.1GB (38.7%)
2021-10-22T14:50:50.350+0000	[#########...............] benchmark.Twitter	19.1GB/49.1GB (38.9%)
2021-10-22T14:50:53.351+0000	[#########...............] benchmark.Twitter	19.2GB/49.1GB (39.0%)
2021-10-22T14:50:56.350+0000	[#########...............] benchmark.Twitter	19.2GB/49.1GB (39.2%)
2021-10-22T14:50:59.350+0000	[#########...............] benchmark.Twitter	19.3GB/49.1GB (39.3%)
2021-10-22T14:51:02.350+0000	[#########...............] benchmark.Twitter	19.4GB/49.1GB (39.5%)
2021-10-22T14:51:05.351+0000	[#########...............] benchmark.Twitter	19.5GB/49.1GB (39.6%)
2021-10-22T14:51:08.350+0000	[#########...............] benchmark.Twitter	19.5GB/49.1GB (39.7%)
2021-10-22T14:51:11.350+0000	[#########...............] benchmark.Twitter	19.6GB/49.1GB (39.9%)
2021-10-22T14:51:14.350+0000	[#########...............] benchmark.Twitter	19.7GB/49.1GB (40.0%)
2021-10-22T14:51:17.350+0000	[#########...............] benchmark.Twitter	19.8GB/49.1GB (40.2%)
2021-10-22T14:51:20.350+0000	[#########...............] benchmark.Twitter	19.8GB/49.1GB (40.4%)
2021-10-22T14:51:23.350+0000	[#########...............] benchmark.Twitter	19.9GB/49.1GB (40.5%)
2021-10-22T14:51:26.350+0000	[#########...............] benchmark.Twitter	20.0GB/49.1GB (40.7%)
2021-10-22T14:51:29.350+0000	[#########...............] benchmark.Twitter	20.1GB/49.1GB (40.8%)
2021-10-22T14:51:32.350+0000	[#########...............] benchmark.Twitter	20.1GB/49.1GB (40.9%)
2021-10-22T14:51:35.351+0000	[#########...............] benchmark.Twitter	20.2GB/49.1GB (41.1%)
2021-10-22T14:51:38.350+0000	[#########...............] benchmark.Twitter	20.2GB/49.1GB (41.2%)
2021-10-22T14:51:41.351+0000	[#########...............] benchmark.Twitter	20.3GB/49.1GB (41.3%)
2021-10-22T14:51:44.351+0000	[#########...............] benchmark.Twitter	20.4GB/49.1GB (41.4%)
2021-10-22T14:51:47.351+0000	[#########...............] benchmark.Twitter	20.4GB/49.1GB (41.6%)
2021-10-22T14:51:50.350+0000	[##########..............] benchmark.Twitter	20.5GB/49.1GB (41.7%)
2021-10-22T14:51:53.350+0000	[##########..............] benchmark.Twitter	20.6GB/49.1GB (41.9%)
2021-10-22T14:51:56.350+0000	[##########..............] benchmark.Twitter	20.6GB/49.1GB (42.0%)
2021-10-22T14:51:59.350+0000	[##########..............] benchmark.Twitter	20.7GB/49.1GB (42.2%)
2021-10-22T14:52:02.350+0000	[##########..............] benchmark.Twitter	20.8GB/49.1GB (42.3%)
2021-10-22T14:52:05.350+0000	[##########..............] benchmark.Twitter	20.9GB/49.1GB (42.5%)
2021-10-22T14:52:08.350+0000	[##########..............] benchmark.Twitter	20.9GB/49.1GB (42.6%)
2021-10-22T14:52:11.350+0000	[##########..............] benchmark.Twitter	21.0GB/49.1GB (42.8%)
2021-10-22T14:52:14.350+0000	[##########..............] benchmark.Twitter	21.1GB/49.1GB (42.9%)
2021-10-22T14:52:17.350+0000	[##########..............] benchmark.Twitter	21.2GB/49.1GB (43.1%)
2021-10-22T14:52:20.350+0000	[##########..............] benchmark.Twitter	21.2GB/49.1GB (43.2%)
2021-10-22T14:52:23.350+0000	[##########..............] benchmark.Twitter	21.3GB/49.1GB (43.4%)
2021-10-22T14:52:26.351+0000	[##########..............] benchmark.Twitter	21.4GB/49.1GB (43.5%)
2021-10-22T14:52:29.350+0000	[##########..............] benchmark.Twitter	21.5GB/49.1GB (43.7%)
2021-10-22T14:52:32.350+0000	[##########..............] benchmark.Twitter	21.5GB/49.1GB (43.8%)
2021-10-22T14:52:35.350+0000	[##########..............] benchmark.Twitter	21.6GB/49.1GB (44.0%)
2021-10-22T14:52:38.350+0000	[##########..............] benchmark.Twitter	21.7GB/49.1GB (44.1%)
2021-10-22T14:52:41.350+0000	[##########..............] benchmark.Twitter	21.8GB/49.1GB (44.3%)
2021-10-22T14:52:44.351+0000	[##########..............] benchmark.Twitter	21.8GB/49.1GB (44.4%)
2021-10-22T14:52:47.350+0000	[##########..............] benchmark.Twitter	21.9GB/49.1GB (44.6%)
2021-10-22T14:52:50.350+0000	[##########..............] benchmark.Twitter	22.0GB/49.1GB (44.7%)
2021-10-22T14:52:53.350+0000	[##########..............] benchmark.Twitter	22.1GB/49.1GB (44.9%)
2021-10-22T14:52:56.350+0000	[##########..............] benchmark.Twitter	22.1GB/49.1GB (45.0%)
2021-10-22T14:52:59.350+0000	[##########..............] benchmark.Twitter	22.2GB/49.1GB (45.2%)
2021-10-22T14:53:02.350+0000	[##########..............] benchmark.Twitter	22.3GB/49.1GB (45.3%)
2021-10-22T14:53:05.350+0000	[##########..............] benchmark.Twitter	22.4GB/49.1GB (45.5%)
2021-10-22T14:53:08.350+0000	[##########..............] benchmark.Twitter	22.4GB/49.1GB (45.7%)
2021-10-22T14:53:11.350+0000	[##########..............] benchmark.Twitter	22.5GB/49.1GB (45.8%)
2021-10-22T14:53:14.351+0000	[###########.............] benchmark.Twitter	22.6GB/49.1GB (46.0%)
2021-10-22T14:53:17.350+0000	[###########.............] benchmark.Twitter	22.6GB/49.1GB (46.1%)
2021-10-22T14:53:20.350+0000	[###########.............] benchmark.Twitter	22.7GB/49.1GB (46.3%)
2021-10-22T14:53:23.353+0000	[###########.............] benchmark.Twitter	22.8GB/49.1GB (46.4%)
2021-10-22T14:53:26.351+0000	[###########.............] benchmark.Twitter	22.9GB/49.1GB (46.6%)
2021-10-22T14:53:29.350+0000	[###########.............] benchmark.Twitter	22.9GB/49.1GB (46.7%)
2021-10-22T14:53:32.351+0000	[###########.............] benchmark.Twitter	23.0GB/49.1GB (46.9%)
2021-10-22T14:53:35.350+0000	[###########.............] benchmark.Twitter	23.1GB/49.1GB (47.0%)
2021-10-22T14:53:38.350+0000	[###########.............] benchmark.Twitter	23.2GB/49.1GB (47.2%)
2021-10-22T14:53:41.350+0000	[###########.............] benchmark.Twitter	23.2GB/49.1GB (47.3%)
2021-10-22T14:53:44.350+0000	[###########.............] benchmark.Twitter	23.3GB/49.1GB (47.5%)
2021-10-22T14:53:47.350+0000	[###########.............] benchmark.Twitter	23.4GB/49.1GB (47.6%)
2021-10-22T14:53:50.351+0000	[###########.............] benchmark.Twitter	23.5GB/49.1GB (47.8%)
2021-10-22T14:53:53.350+0000	[###########.............] benchmark.Twitter	23.5GB/49.1GB (47.9%)
2021-10-22T14:53:56.350+0000	[###########.............] benchmark.Twitter	23.6GB/49.1GB (48.1%)
2021-10-22T14:53:59.351+0000	[###########.............] benchmark.Twitter	23.7GB/49.1GB (48.2%)
2021-10-22T14:54:02.350+0000	[###########.............] benchmark.Twitter	23.8GB/49.1GB (48.4%)
2021-10-22T14:54:05.350+0000	[###########.............] benchmark.Twitter	23.8GB/49.1GB (48.5%)
2021-10-22T14:54:08.350+0000	[###########.............] benchmark.Twitter	23.9GB/49.1GB (48.7%)
2021-10-22T14:54:11.350+0000	[###########.............] benchmark.Twitter	24.0GB/49.1GB (48.8%)
2021-10-22T14:54:14.350+0000	[###########.............] benchmark.Twitter	24.0GB/49.1GB (48.9%)
2021-10-22T14:54:17.350+0000	[###########.............] benchmark.Twitter	24.1GB/49.1GB (49.0%)
2021-10-22T14:54:20.351+0000	[###########.............] benchmark.Twitter	24.2GB/49.1GB (49.2%)
2021-10-22T14:54:23.350+0000	[###########.............] benchmark.Twitter	24.2GB/49.1GB (49.3%)
2021-10-22T14:54:26.350+0000	[###########.............] benchmark.Twitter	24.3GB/49.1GB (49.5%)
2021-10-22T14:54:29.350+0000	[###########.............] benchmark.Twitter	24.4GB/49.1GB (49.6%)
2021-10-22T14:54:32.350+0000	[###########.............] benchmark.Twitter	24.4GB/49.1GB (49.7%)
2021-10-22T14:54:35.350+0000	[###########.............] benchmark.Twitter	24.5GB/49.1GB (49.9%)
2021-10-22T14:54:38.350+0000	[############............] benchmark.Twitter	24.6GB/49.1GB (50.0%)
2021-10-22T14:54:41.350+0000	[############............] benchmark.Twitter	24.6GB/49.1GB (50.1%)
2021-10-22T14:54:44.351+0000	[############............] benchmark.Twitter	24.7GB/49.1GB (50.3%)
2021-10-22T14:54:47.350+0000	[############............] benchmark.Twitter	24.8GB/49.1GB (50.5%)
2021-10-22T14:54:50.350+0000	[############............] benchmark.Twitter	24.9GB/49.1GB (50.6%)
2021-10-22T14:54:53.351+0000	[############............] benchmark.Twitter	24.9GB/49.1GB (50.7%)
2021-10-22T14:54:56.350+0000	[############............] benchmark.Twitter	25.0GB/49.1GB (50.9%)
2021-10-22T14:54:59.350+0000	[############............] benchmark.Twitter	25.1GB/49.1GB (51.0%)
2021-10-22T14:55:02.350+0000	[############............] benchmark.Twitter	25.2GB/49.1GB (51.2%)
2021-10-22T14:55:05.350+0000	[############............] benchmark.Twitter	25.2GB/49.1GB (51.4%)
2021-10-22T14:55:08.350+0000	[############............] benchmark.Twitter	25.3GB/49.1GB (51.5%)
2021-10-22T14:55:11.351+0000	[############............] benchmark.Twitter	25.4GB/49.1GB (51.7%)
2021-10-22T14:55:14.351+0000	[############............] benchmark.Twitter	25.5GB/49.1GB (51.8%)
2021-10-22T14:55:17.350+0000	[############............] benchmark.Twitter	25.5GB/49.1GB (52.0%)
2021-10-22T14:55:20.350+0000	[############............] benchmark.Twitter	25.6GB/49.1GB (52.1%)
2021-10-22T14:55:23.350+0000	[############............] benchmark.Twitter	25.7GB/49.1GB (52.3%)
2021-10-22T14:55:26.350+0000	[############............] benchmark.Twitter	25.8GB/49.1GB (52.4%)
2021-10-22T14:55:29.350+0000	[############............] benchmark.Twitter	25.8GB/49.1GB (52.6%)
2021-10-22T14:55:32.351+0000	[############............] benchmark.Twitter	25.9GB/49.1GB (52.7%)
2021-10-22T14:55:35.350+0000	[############............] benchmark.Twitter	26.0GB/49.1GB (52.9%)
2021-10-22T14:55:38.350+0000	[############............] benchmark.Twitter	26.1GB/49.1GB (53.0%)
2021-10-22T14:55:41.351+0000	[############............] benchmark.Twitter	26.1GB/49.1GB (53.2%)
2021-10-22T14:55:44.350+0000	[############............] benchmark.Twitter	26.2GB/49.1GB (53.3%)
2021-10-22T14:55:47.351+0000	[############............] benchmark.Twitter	26.3GB/49.1GB (53.5%)
2021-10-22T14:55:50.351+0000	[############............] benchmark.Twitter	26.4GB/49.1GB (53.6%)
2021-10-22T14:55:53.350+0000	[############............] benchmark.Twitter	26.4GB/49.1GB (53.8%)
2021-10-22T14:55:56.350+0000	[############............] benchmark.Twitter	26.5GB/49.1GB (53.9%)
2021-10-22T14:55:59.350+0000	[############............] benchmark.Twitter	26.6GB/49.1GB (54.1%)
2021-10-22T14:56:02.350+0000	[#############...........] benchmark.Twitter	26.6GB/49.1GB (54.2%)
2021-10-22T14:56:05.350+0000	[#############...........] benchmark.Twitter	26.7GB/49.1GB (54.4%)
2021-10-22T14:56:08.350+0000	[#############...........] benchmark.Twitter	26.8GB/49.1GB (54.5%)
2021-10-22T14:56:11.350+0000	[#############...........] benchmark.Twitter	26.9GB/49.1GB (54.7%)
2021-10-22T14:56:14.350+0000	[#############...........] benchmark.Twitter	26.9GB/49.1GB (54.8%)
2021-10-22T14:56:17.350+0000	[#############...........] benchmark.Twitter	27.0GB/49.1GB (55.0%)
2021-10-22T14:56:20.350+0000	[#############...........] benchmark.Twitter	27.1GB/49.1GB (55.2%)
2021-10-22T14:56:23.350+0000	[#############...........] benchmark.Twitter	27.2GB/49.1GB (55.3%)
2021-10-22T14:56:26.350+0000	[#############...........] benchmark.Twitter	27.2GB/49.1GB (55.5%)
2021-10-22T14:56:29.350+0000	[#############...........] benchmark.Twitter	27.3GB/49.1GB (55.6%)
2021-10-22T14:56:32.350+0000	[#############...........] benchmark.Twitter	27.4GB/49.1GB (55.8%)
2021-10-22T14:56:35.351+0000	[#############...........] benchmark.Twitter	27.5GB/49.1GB (55.9%)
2021-10-22T14:56:38.350+0000	[#############...........] benchmark.Twitter	27.6GB/49.1GB (56.1%)
2021-10-22T14:56:41.351+0000	[#############...........] benchmark.Twitter	27.6GB/49.1GB (56.2%)
2021-10-22T14:56:44.351+0000	[#############...........] benchmark.Twitter	27.7GB/49.1GB (56.4%)
2021-10-22T14:56:47.350+0000	[#############...........] benchmark.Twitter	27.8GB/49.1GB (56.5%)
2021-10-22T14:56:50.351+0000	[#############...........] benchmark.Twitter	27.8GB/49.1GB (56.7%)
2021-10-22T14:56:53.350+0000	[#############...........] benchmark.Twitter	27.9GB/49.1GB (56.8%)
2021-10-22T14:56:56.351+0000	[#############...........] benchmark.Twitter	28.0GB/49.1GB (57.0%)
2021-10-22T14:56:59.351+0000	[#############...........] benchmark.Twitter	28.1GB/49.1GB (57.1%)
2021-10-22T14:57:02.351+0000	[#############...........] benchmark.Twitter	28.1GB/49.1GB (57.3%)
2021-10-22T14:57:05.350+0000	[#############...........] benchmark.Twitter	28.2GB/49.1GB (57.4%)
2021-10-22T14:57:08.350+0000	[#############...........] benchmark.Twitter	28.3GB/49.1GB (57.5%)
2021-10-22T14:57:11.350+0000	[#############...........] benchmark.Twitter	28.3GB/49.1GB (57.6%)
2021-10-22T14:57:14.350+0000	[#############...........] benchmark.Twitter	28.4GB/49.1GB (57.8%)
2021-10-22T14:57:17.350+0000	[#############...........] benchmark.Twitter	28.4GB/49.1GB (57.9%)
2021-10-22T14:57:20.350+0000	[#############...........] benchmark.Twitter	28.5GB/49.1GB (58.0%)
2021-10-22T14:57:23.350+0000	[#############...........] benchmark.Twitter	28.6GB/49.1GB (58.2%)
2021-10-22T14:57:26.350+0000	[#############...........] benchmark.Twitter	28.6GB/49.1GB (58.3%)
2021-10-22T14:57:29.350+0000	[##############..........] benchmark.Twitter	28.7GB/49.1GB (58.4%)
2021-10-22T14:57:32.350+0000	[##############..........] benchmark.Twitter	28.8GB/49.1GB (58.6%)
2021-10-22T14:57:35.350+0000	[##############..........] benchmark.Twitter	28.9GB/49.1GB (58.7%)
2021-10-22T14:57:38.350+0000	[##############..........] benchmark.Twitter	28.9GB/49.1GB (58.9%)
2021-10-22T14:57:41.350+0000	[##############..........] benchmark.Twitter	29.0GB/49.1GB (59.0%)
2021-10-22T14:57:44.350+0000	[##############..........] benchmark.Twitter	29.1GB/49.1GB (59.2%)
2021-10-22T14:57:47.351+0000	[##############..........] benchmark.Twitter	29.1GB/49.1GB (59.3%)
2021-10-22T14:57:50.350+0000	[##############..........] benchmark.Twitter	29.2GB/49.1GB (59.5%)
2021-10-22T14:57:53.350+0000	[##############..........] benchmark.Twitter	29.3GB/49.1GB (59.6%)
2021-10-22T14:57:56.350+0000	[##############..........] benchmark.Twitter	29.4GB/49.1GB (59.8%)
2021-10-22T14:57:59.351+0000	[##############..........] benchmark.Twitter	29.4GB/49.1GB (59.9%)
2021-10-22T14:58:02.350+0000	[##############..........] benchmark.Twitter	29.5GB/49.1GB (60.1%)
2021-10-22T14:58:05.350+0000	[##############..........] benchmark.Twitter	29.6GB/49.1GB (60.2%)
2021-10-22T14:58:08.351+0000	[##############..........] benchmark.Twitter	29.7GB/49.1GB (60.4%)
2021-10-22T14:58:11.350+0000	[##############..........] benchmark.Twitter	29.7GB/49.1GB (60.5%)
2021-10-22T14:58:14.350+0000	[##############..........] benchmark.Twitter	29.8GB/49.1GB (60.7%)
2021-10-22T14:58:17.351+0000	[##############..........] benchmark.Twitter	29.9GB/49.1GB (60.8%)
2021-10-22T14:58:20.350+0000	[##############..........] benchmark.Twitter	30.0GB/49.1GB (61.0%)
2021-10-22T14:58:23.351+0000	[##############..........] benchmark.Twitter	30.0GB/49.1GB (61.1%)
2021-10-22T14:58:26.350+0000	[##############..........] benchmark.Twitter	30.1GB/49.1GB (61.3%)
2021-10-22T14:58:29.351+0000	[##############..........] benchmark.Twitter	30.2GB/49.1GB (61.4%)
2021-10-22T14:58:32.350+0000	[##############..........] benchmark.Twitter	30.3GB/49.1GB (61.6%)
2021-10-22T14:58:35.350+0000	[##############..........] benchmark.Twitter	30.3GB/49.1GB (61.7%)
2021-10-22T14:58:38.350+0000	[##############..........] benchmark.Twitter	30.4GB/49.1GB (61.8%)
2021-10-22T14:58:41.350+0000	[##############..........] benchmark.Twitter	30.4GB/49.1GB (62.0%)
2021-10-22T14:58:44.350+0000	[##############..........] benchmark.Twitter	30.5GB/49.1GB (62.1%)
2021-10-22T14:58:47.350+0000	[##############..........] benchmark.Twitter	30.6GB/49.1GB (62.2%)
2021-10-22T14:58:50.350+0000	[##############..........] benchmark.Twitter	30.6GB/49.1GB (62.4%)
2021-10-22T14:58:53.350+0000	[###############.........] benchmark.Twitter	30.7GB/49.1GB (62.5%)
2021-10-22T14:58:56.350+0000	[###############.........] benchmark.Twitter	30.8GB/49.1GB (62.7%)
2021-10-22T14:58:59.350+0000	[###############.........] benchmark.Twitter	30.9GB/49.1GB (62.8%)
2021-10-22T14:59:02.350+0000	[###############.........] benchmark.Twitter	30.9GB/49.1GB (63.0%)
2021-10-22T14:59:05.351+0000	[###############.........] benchmark.Twitter	31.0GB/49.1GB (63.1%)
2021-10-22T14:59:08.351+0000	[###############.........] benchmark.Twitter	31.1GB/49.1GB (63.3%)
2021-10-22T14:59:11.351+0000	[###############.........] benchmark.Twitter	31.1GB/49.1GB (63.4%)
2021-10-22T14:59:14.351+0000	[###############.........] benchmark.Twitter	31.2GB/49.1GB (63.6%)
2021-10-22T14:59:17.350+0000	[###############.........] benchmark.Twitter	31.3GB/49.1GB (63.7%)
2021-10-22T14:59:20.350+0000	[###############.........] benchmark.Twitter	31.4GB/49.1GB (63.9%)
2021-10-22T14:59:23.352+0000	[###############.........] benchmark.Twitter	31.4GB/49.1GB (64.0%)
2021-10-22T14:59:26.350+0000	[###############.........] benchmark.Twitter	31.5GB/49.1GB (64.2%)
2021-10-22T14:59:29.350+0000	[###############.........] benchmark.Twitter	31.6GB/49.1GB (64.3%)
2021-10-22T14:59:32.350+0000	[###############.........] benchmark.Twitter	31.7GB/49.1GB (64.5%)
2021-10-22T14:59:35.350+0000	[###############.........] benchmark.Twitter	31.8GB/49.1GB (64.6%)
2021-10-22T14:59:38.351+0000	[###############.........] benchmark.Twitter	31.8GB/49.1GB (64.8%)
2021-10-22T14:59:41.350+0000	[###############.........] benchmark.Twitter	31.9GB/49.1GB (64.9%)
2021-10-22T14:59:44.351+0000	[###############.........] benchmark.Twitter	32.0GB/49.1GB (65.1%)
2021-10-22T14:59:47.351+0000	[###############.........] benchmark.Twitter	32.0GB/49.1GB (65.2%)
2021-10-22T14:59:50.350+0000	[###############.........] benchmark.Twitter	32.1GB/49.1GB (65.4%)
2021-10-22T14:59:53.350+0000	[###############.........] benchmark.Twitter	32.2GB/49.1GB (65.5%)
2021-10-22T14:59:56.352+0000	[###############.........] benchmark.Twitter	32.3GB/49.1GB (65.7%)
2021-10-22T14:59:59.350+0000	[###############.........] benchmark.Twitter	32.4GB/49.1GB (65.8%)
2021-10-22T15:00:02.350+0000	[###############.........] benchmark.Twitter	32.4GB/49.1GB (66.0%)
2021-10-22T15:00:05.350+0000	[###############.........] benchmark.Twitter	32.5GB/49.1GB (66.1%)
2021-10-22T15:00:08.351+0000	[###############.........] benchmark.Twitter	32.6GB/49.1GB (66.3%)
2021-10-22T15:00:11.350+0000	[###############.........] benchmark.Twitter	32.6GB/49.1GB (66.4%)
2021-10-22T15:00:14.351+0000	[###############.........] benchmark.Twitter	32.7GB/49.1GB (66.6%)
2021-10-22T15:00:17.350+0000	[################........] benchmark.Twitter	32.8GB/49.1GB (66.7%)
2021-10-22T15:00:20.350+0000	[################........] benchmark.Twitter	32.9GB/49.1GB (66.9%)
2021-10-22T15:00:23.350+0000	[################........] benchmark.Twitter	32.9GB/49.1GB (67.1%)
2021-10-22T15:00:26.350+0000	[################........] benchmark.Twitter	33.0GB/49.1GB (67.2%)
2021-10-22T15:00:29.350+0000	[################........] benchmark.Twitter	33.1GB/49.1GB (67.4%)
2021-10-22T15:00:32.350+0000	[################........] benchmark.Twitter	33.2GB/49.1GB (67.5%)
2021-10-22T15:00:35.351+0000	[################........] benchmark.Twitter	33.2GB/49.1GB (67.6%)
2021-10-22T15:00:38.350+0000	[################........] benchmark.Twitter	33.3GB/49.1GB (67.8%)
2021-10-22T15:00:41.350+0000	[################........] benchmark.Twitter	33.4GB/49.1GB (67.9%)
2021-10-22T15:00:44.350+0000	[################........] benchmark.Twitter	33.4GB/49.1GB (68.0%)
2021-10-22T15:00:47.350+0000	[################........] benchmark.Twitter	33.5GB/49.1GB (68.2%)
2021-10-22T15:00:50.350+0000	[################........] benchmark.Twitter	33.6GB/49.1GB (68.3%)
2021-10-22T15:00:53.350+0000	[################........] benchmark.Twitter	33.6GB/49.1GB (68.5%)
2021-10-22T15:00:56.350+0000	[################........] benchmark.Twitter	33.7GB/49.1GB (68.6%)
2021-10-22T15:00:59.351+0000	[################........] benchmark.Twitter	33.8GB/49.1GB (68.8%)
2021-10-22T15:01:02.350+0000	[################........] benchmark.Twitter	33.9GB/49.1GB (68.9%)
2021-10-22T15:01:05.350+0000	[################........] benchmark.Twitter	33.9GB/49.1GB (69.1%)
2021-10-22T15:01:08.350+0000	[################........] benchmark.Twitter	34.0GB/49.1GB (69.2%)
2021-10-22T15:01:11.350+0000	[################........] benchmark.Twitter	34.1GB/49.1GB (69.4%)
2021-10-22T15:01:14.351+0000	[################........] benchmark.Twitter	34.1GB/49.1GB (69.5%)
2021-10-22T15:01:17.350+0000	[################........] benchmark.Twitter	34.2GB/49.1GB (69.7%)
2021-10-22T15:01:20.351+0000	[################........] benchmark.Twitter	34.3GB/49.1GB (69.8%)
2021-10-22T15:01:23.350+0000	[################........] benchmark.Twitter	34.4GB/49.1GB (70.0%)
2021-10-22T15:01:26.350+0000	[################........] benchmark.Twitter	34.5GB/49.1GB (70.1%)
2021-10-22T15:01:29.350+0000	[################........] benchmark.Twitter	34.5GB/49.1GB (70.3%)
2021-10-22T15:01:32.350+0000	[################........] benchmark.Twitter	34.6GB/49.1GB (70.4%)
2021-10-22T15:01:35.350+0000	[################........] benchmark.Twitter	34.7GB/49.1GB (70.6%)
2021-10-22T15:01:38.350+0000	[################........] benchmark.Twitter	34.8GB/49.1GB (70.7%)
2021-10-22T15:01:41.350+0000	[#################.......] benchmark.Twitter	34.8GB/49.1GB (70.9%)
2021-10-22T15:01:44.350+0000	[#################.......] benchmark.Twitter	34.9GB/49.1GB (71.0%)
2021-10-22T15:01:47.350+0000	[#################.......] benchmark.Twitter	35.0GB/49.1GB (71.2%)
2021-10-22T15:01:50.350+0000	[#################.......] benchmark.Twitter	35.0GB/49.1GB (71.3%)
2021-10-22T15:01:53.351+0000	[#################.......] benchmark.Twitter	35.1GB/49.1GB (71.5%)
2021-10-22T15:01:56.350+0000	[#################.......] benchmark.Twitter	35.2GB/49.1GB (71.6%)
2021-10-22T15:01:59.350+0000	[#################.......] benchmark.Twitter	35.3GB/49.1GB (71.8%)
2021-10-22T15:02:02.351+0000	[#################.......] benchmark.Twitter	35.3GB/49.1GB (71.9%)
2021-10-22T15:02:05.350+0000	[#################.......] benchmark.Twitter	35.4GB/49.1GB (72.1%)
2021-10-22T15:02:08.350+0000	[#################.......] benchmark.Twitter	35.5GB/49.1GB (72.2%)
2021-10-22T15:02:11.350+0000	[#################.......] benchmark.Twitter	35.6GB/49.1GB (72.4%)
2021-10-22T15:02:14.351+0000	[#################.......] benchmark.Twitter	35.6GB/49.1GB (72.5%)
2021-10-22T15:02:17.350+0000	[#################.......] benchmark.Twitter	35.7GB/49.1GB (72.7%)
2021-10-22T15:02:20.350+0000	[#################.......] benchmark.Twitter	35.8GB/49.1GB (72.8%)
2021-10-22T15:02:23.350+0000	[#################.......] benchmark.Twitter	35.9GB/49.1GB (73.0%)
2021-10-22T15:02:26.351+0000	[#################.......] benchmark.Twitter	35.9GB/49.1GB (73.1%)
2021-10-22T15:02:29.350+0000	[#################.......] benchmark.Twitter	36.0GB/49.1GB (73.3%)
2021-10-22T15:02:32.350+0000	[#################.......] benchmark.Twitter	36.1GB/49.1GB (73.4%)
2021-10-22T15:02:35.351+0000	[#################.......] benchmark.Twitter	36.1GB/49.1GB (73.6%)
2021-10-22T15:02:38.350+0000	[#################.......] benchmark.Twitter	36.2GB/49.1GB (73.7%)
2021-10-22T15:02:41.350+0000	[#################.......] benchmark.Twitter	36.3GB/49.1GB (73.9%)
2021-10-22T15:02:44.350+0000	[#################.......] benchmark.Twitter	36.4GB/49.1GB (74.0%)
2021-10-22T15:02:47.350+0000	[#################.......] benchmark.Twitter	36.4GB/49.1GB (74.2%)
2021-10-22T15:02:50.350+0000	[#################.......] benchmark.Twitter	36.5GB/49.1GB (74.3%)
2021-10-22T15:02:53.350+0000	[#################.......] benchmark.Twitter	36.6GB/49.1GB (74.5%)
2021-10-22T15:02:56.350+0000	[#################.......] benchmark.Twitter	36.7GB/49.1GB (74.6%)
2021-10-22T15:02:59.350+0000	[#################.......] benchmark.Twitter	36.7GB/49.1GB (74.8%)
2021-10-22T15:03:02.350+0000	[#################.......] benchmark.Twitter	36.8GB/49.1GB (74.9%)
2021-10-22T15:03:05.350+0000	[##################......] benchmark.Twitter	36.9GB/49.1GB (75.0%)
2021-10-22T15:03:08.351+0000	[##################......] benchmark.Twitter	36.9GB/49.1GB (75.2%)
2021-10-22T15:03:11.351+0000	[##################......] benchmark.Twitter	37.0GB/49.1GB (75.3%)
2021-10-22T15:03:14.350+0000	[##################......] benchmark.Twitter	37.1GB/49.1GB (75.5%)
2021-10-22T15:03:17.350+0000	[##################......] benchmark.Twitter	37.2GB/49.1GB (75.6%)
2021-10-22T15:03:20.351+0000	[##################......] benchmark.Twitter	37.2GB/49.1GB (75.8%)
2021-10-22T15:03:23.350+0000	[##################......] benchmark.Twitter	37.3GB/49.1GB (75.9%)
2021-10-22T15:03:26.351+0000	[##################......] benchmark.Twitter	37.4GB/49.1GB (76.1%)
2021-10-22T15:03:29.350+0000	[##################......] benchmark.Twitter	37.5GB/49.1GB (76.2%)
2021-10-22T15:03:32.350+0000	[##################......] benchmark.Twitter	37.5GB/49.1GB (76.4%)
2021-10-22T15:03:35.351+0000	[##################......] benchmark.Twitter	37.6GB/49.1GB (76.5%)
2021-10-22T15:03:38.352+0000	[##################......] benchmark.Twitter	37.7GB/49.1GB (76.7%)
2021-10-22T15:03:41.350+0000	[##################......] benchmark.Twitter	37.7GB/49.1GB (76.8%)
2021-10-22T15:03:44.350+0000	[##################......] benchmark.Twitter	37.8GB/49.1GB (76.9%)
2021-10-22T15:03:47.350+0000	[##################......] benchmark.Twitter	37.9GB/49.1GB (77.1%)
2021-10-22T15:03:50.350+0000	[##################......] benchmark.Twitter	37.9GB/49.1GB (77.2%)
2021-10-22T15:03:53.350+0000	[##################......] benchmark.Twitter	38.0GB/49.1GB (77.4%)
2021-10-22T15:03:56.350+0000	[##################......] benchmark.Twitter	38.1GB/49.1GB (77.5%)
2021-10-22T15:03:59.351+0000	[##################......] benchmark.Twitter	38.1GB/49.1GB (77.7%)
2021-10-22T15:04:02.350+0000	[##################......] benchmark.Twitter	38.2GB/49.1GB (77.8%)
2021-10-22T15:04:05.350+0000	[##################......] benchmark.Twitter	38.3GB/49.1GB (78.0%)
2021-10-22T15:04:08.351+0000	[##################......] benchmark.Twitter	38.4GB/49.1GB (78.1%)
2021-10-22T15:04:11.350+0000	[##################......] benchmark.Twitter	38.4GB/49.1GB (78.2%)
2021-10-22T15:04:14.350+0000	[##################......] benchmark.Twitter	38.5GB/49.1GB (78.4%)
2021-10-22T15:04:17.350+0000	[##################......] benchmark.Twitter	38.6GB/49.1GB (78.5%)
2021-10-22T15:04:20.350+0000	[##################......] benchmark.Twitter	38.7GB/49.1GB (78.7%)
2021-10-22T15:04:23.351+0000	[##################......] benchmark.Twitter	38.7GB/49.1GB (78.8%)
2021-10-22T15:04:26.350+0000	[##################......] benchmark.Twitter	38.8GB/49.1GB (79.0%)
2021-10-22T15:04:29.351+0000	[##################......] benchmark.Twitter	38.9GB/49.1GB (79.1%)
2021-10-22T15:04:32.350+0000	[###################.....] benchmark.Twitter	39.0GB/49.1GB (79.3%)
2021-10-22T15:04:35.350+0000	[###################.....] benchmark.Twitter	39.0GB/49.1GB (79.4%)
2021-10-22T15:04:38.351+0000	[###################.....] benchmark.Twitter	39.1GB/49.1GB (79.6%)
2021-10-22T15:04:41.351+0000	[###################.....] benchmark.Twitter	39.2GB/49.1GB (79.7%)
2021-10-22T15:04:44.350+0000	[###################.....] benchmark.Twitter	39.2GB/49.1GB (79.9%)
2021-10-22T15:04:47.350+0000	[###################.....] benchmark.Twitter	39.3GB/49.1GB (80.0%)
2021-10-22T15:04:50.352+0000	[###################.....] benchmark.Twitter	39.4GB/49.1GB (80.2%)
2021-10-22T15:04:53.350+0000	[###################.....] benchmark.Twitter	39.5GB/49.1GB (80.3%)
2021-10-22T15:04:56.350+0000	[###################.....] benchmark.Twitter	39.5GB/49.1GB (80.5%)
2021-10-22T15:04:59.350+0000	[###################.....] benchmark.Twitter	39.6GB/49.1GB (80.6%)
2021-10-22T15:05:02.350+0000	[###################.....] benchmark.Twitter	39.7GB/49.1GB (80.8%)
2021-10-22T15:05:05.350+0000	[###################.....] benchmark.Twitter	39.8GB/49.1GB (80.9%)
2021-10-22T15:05:08.350+0000	[###################.....] benchmark.Twitter	39.8GB/49.1GB (81.1%)
2021-10-22T15:05:11.351+0000	[###################.....] benchmark.Twitter	39.9GB/49.1GB (81.2%)
2021-10-22T15:05:14.351+0000	[###################.....] benchmark.Twitter	40.0GB/49.1GB (81.4%)
2021-10-22T15:05:17.350+0000	[###################.....] benchmark.Twitter	40.1GB/49.1GB (81.5%)
2021-10-22T15:05:20.350+0000	[###################.....] benchmark.Twitter	40.1GB/49.1GB (81.7%)
2021-10-22T15:05:23.350+0000	[###################.....] benchmark.Twitter	40.2GB/49.1GB (81.8%)
2021-10-22T15:05:26.351+0000	[###################.....] benchmark.Twitter	40.3GB/49.1GB (82.0%)
2021-10-22T15:05:29.351+0000	[###################.....] benchmark.Twitter	40.4GB/49.1GB (82.1%)
2021-10-22T15:05:32.350+0000	[###################.....] benchmark.Twitter	40.4GB/49.1GB (82.3%)
2021-10-22T15:05:35.350+0000	[###################.....] benchmark.Twitter	40.5GB/49.1GB (82.4%)
2021-10-22T15:05:38.351+0000	[###################.....] benchmark.Twitter	40.6GB/49.1GB (82.6%)
2021-10-22T15:05:41.350+0000	[###################.....] benchmark.Twitter	40.6GB/49.1GB (82.7%)
2021-10-22T15:05:44.351+0000	[###################.....] benchmark.Twitter	40.7GB/49.1GB (82.9%)
2021-10-22T15:05:47.350+0000	[###################.....] benchmark.Twitter	40.8GB/49.1GB (83.0%)
2021-10-22T15:05:50.350+0000	[###################.....] benchmark.Twitter	40.9GB/49.1GB (83.2%)
2021-10-22T15:05:53.350+0000	[####################....] benchmark.Twitter	41.0GB/49.1GB (83.4%)
2021-10-22T15:05:56.350+0000	[####################....] benchmark.Twitter	41.0GB/49.1GB (83.5%)
2021-10-22T15:05:59.350+0000	[####################....] benchmark.Twitter	41.1GB/49.1GB (83.7%)
2021-10-22T15:06:02.351+0000	[####################....] benchmark.Twitter	41.2GB/49.1GB (83.8%)
2021-10-22T15:06:05.350+0000	[####################....] benchmark.Twitter	41.2GB/49.1GB (84.0%)
2021-10-22T15:06:08.350+0000	[####################....] benchmark.Twitter	41.3GB/49.1GB (84.1%)
2021-10-22T15:06:11.351+0000	[####################....] benchmark.Twitter	41.4GB/49.1GB (84.3%)
2021-10-22T15:06:14.351+0000	[####################....] benchmark.Twitter	41.5GB/49.1GB (84.4%)
2021-10-22T15:06:17.351+0000	[####################....] benchmark.Twitter	41.5GB/49.1GB (84.5%)
2021-10-22T15:06:20.350+0000	[####################....] benchmark.Twitter	41.6GB/49.1GB (84.7%)
2021-10-22T15:06:23.351+0000	[####################....] benchmark.Twitter	41.7GB/49.1GB (84.8%)
2021-10-22T15:06:26.350+0000	[####################....] benchmark.Twitter	41.7GB/49.1GB (84.9%)
2021-10-22T15:06:29.350+0000	[####################....] benchmark.Twitter	41.8GB/49.1GB (85.1%)
2021-10-22T15:06:32.350+0000	[####################....] benchmark.Twitter	41.9GB/49.1GB (85.2%)
2021-10-22T15:06:35.351+0000	[####################....] benchmark.Twitter	42.0GB/49.1GB (85.4%)
2021-10-22T15:06:38.352+0000	[####################....] benchmark.Twitter	42.0GB/49.1GB (85.5%)
2021-10-22T15:06:41.350+0000	[####################....] benchmark.Twitter	42.1GB/49.1GB (85.7%)
2021-10-22T15:06:44.350+0000	[####################....] benchmark.Twitter	42.2GB/49.1GB (85.8%)
2021-10-22T15:06:47.350+0000	[####################....] benchmark.Twitter	42.2GB/49.1GB (86.0%)
2021-10-22T15:06:50.350+0000	[####################....] benchmark.Twitter	42.3GB/49.1GB (86.1%)
2021-10-22T15:06:53.350+0000	[####################....] benchmark.Twitter	42.4GB/49.1GB (86.3%)
2021-10-22T15:06:56.350+0000	[####################....] benchmark.Twitter	42.5GB/49.1GB (86.4%)
2021-10-22T15:06:59.350+0000	[####################....] benchmark.Twitter	42.5GB/49.1GB (86.6%)
2021-10-22T15:07:02.350+0000	[####################....] benchmark.Twitter	42.6GB/49.1GB (86.7%)
2021-10-22T15:07:05.350+0000	[####################....] benchmark.Twitter	42.7GB/49.1GB (86.9%)
2021-10-22T15:07:08.350+0000	[####################....] benchmark.Twitter	42.8GB/49.1GB (87.0%)
2021-10-22T15:07:11.350+0000	[####################....] benchmark.Twitter	42.8GB/49.1GB (87.2%)
2021-10-22T15:07:14.350+0000	[####################....] benchmark.Twitter	42.9GB/49.1GB (87.3%)
2021-10-22T15:07:17.350+0000	[####################....] benchmark.Twitter	43.0GB/49.1GB (87.5%)
2021-10-22T15:07:20.350+0000	[#####################...] benchmark.Twitter	43.1GB/49.1GB (87.6%)
2021-10-22T15:07:23.351+0000	[#####################...] benchmark.Twitter	43.1GB/49.1GB (87.8%)
2021-10-22T15:07:26.350+0000	[#####################...] benchmark.Twitter	43.2GB/49.1GB (87.9%)
2021-10-22T15:07:29.350+0000	[#####################...] benchmark.Twitter	43.3GB/49.1GB (88.1%)
2021-10-22T15:07:32.350+0000	[#####################...] benchmark.Twitter	43.4GB/49.1GB (88.2%)
2021-10-22T15:07:35.350+0000	[#####################...] benchmark.Twitter	43.4GB/49.1GB (88.4%)
2021-10-22T15:07:38.350+0000	[#####################...] benchmark.Twitter	43.5GB/49.1GB (88.6%)
2021-10-22T15:07:41.350+0000	[#####################...] benchmark.Twitter	43.6GB/49.1GB (88.7%)
2021-10-22T15:07:44.350+0000	[#####################...] benchmark.Twitter	43.7GB/49.1GB (88.9%)
2021-10-22T15:07:47.351+0000	[#####################...] benchmark.Twitter	43.7GB/49.1GB (89.0%)
2021-10-22T15:07:50.350+0000	[#####################...] benchmark.Twitter	43.8GB/49.1GB (89.2%)
2021-10-22T15:07:53.350+0000	[#####################...] benchmark.Twitter	43.9GB/49.1GB (89.3%)
2021-10-22T15:07:56.351+0000	[#####################...] benchmark.Twitter	43.9GB/49.1GB (89.4%)
2021-10-22T15:07:59.350+0000	[#####################...] benchmark.Twitter	44.0GB/49.1GB (89.6%)
2021-10-22T15:08:02.350+0000	[#####################...] benchmark.Twitter	44.1GB/49.1GB (89.7%)
2021-10-22T15:08:05.350+0000	[#####################...] benchmark.Twitter	44.1GB/49.1GB (89.8%)
2021-10-22T15:08:08.350+0000	[#####################...] benchmark.Twitter	44.2GB/49.1GB (90.0%)
2021-10-22T15:08:11.350+0000	[#####################...] benchmark.Twitter	44.3GB/49.1GB (90.1%)
2021-10-22T15:08:14.351+0000	[#####################...] benchmark.Twitter	44.3GB/49.1GB (90.2%)
2021-10-22T15:08:17.350+0000	[#####################...] benchmark.Twitter	44.4GB/49.1GB (90.4%)
2021-10-22T15:08:20.350+0000	[#####################...] benchmark.Twitter	44.5GB/49.1GB (90.5%)
2021-10-22T15:08:23.350+0000	[#####################...] benchmark.Twitter	44.6GB/49.1GB (90.7%)
2021-10-22T15:08:26.350+0000	[#####################...] benchmark.Twitter	44.6GB/49.1GB (90.8%)
2021-10-22T15:08:29.350+0000	[#####################...] benchmark.Twitter	44.7GB/49.1GB (91.0%)
2021-10-22T15:08:32.351+0000	[#####################...] benchmark.Twitter	44.8GB/49.1GB (91.1%)
2021-10-22T15:08:35.350+0000	[#####################...] benchmark.Twitter	44.9GB/49.1GB (91.3%)
2021-10-22T15:08:38.350+0000	[#####################...] benchmark.Twitter	44.9GB/49.1GB (91.4%)
2021-10-22T15:08:41.351+0000	[#####################...] benchmark.Twitter	45.0GB/49.1GB (91.6%)
2021-10-22T15:08:44.351+0000	[######################..] benchmark.Twitter	45.1GB/49.1GB (91.7%)
2021-10-22T15:08:47.350+0000	[######################..] benchmark.Twitter	45.1GB/49.1GB (91.9%)
2021-10-22T15:08:50.350+0000	[######################..] benchmark.Twitter	45.2GB/49.1GB (92.1%)
2021-10-22T15:08:53.350+0000	[######################..] benchmark.Twitter	45.3GB/49.1GB (92.2%)
2021-10-22T15:08:56.350+0000	[######################..] benchmark.Twitter	45.4GB/49.1GB (92.4%)
2021-10-22T15:08:59.350+0000	[######################..] benchmark.Twitter	45.5GB/49.1GB (92.5%)
2021-10-22T15:09:02.350+0000	[######################..] benchmark.Twitter	45.5GB/49.1GB (92.7%)
2021-10-22T15:09:05.350+0000	[######################..] benchmark.Twitter	45.6GB/49.1GB (92.8%)
2021-10-22T15:09:08.350+0000	[######################..] benchmark.Twitter	45.7GB/49.1GB (93.0%)
2021-10-22T15:09:11.350+0000	[######################..] benchmark.Twitter	45.7GB/49.1GB (93.1%)
2021-10-22T15:09:14.350+0000	[######################..] benchmark.Twitter	45.8GB/49.1GB (93.3%)
2021-10-22T15:09:17.350+0000	[######################..] benchmark.Twitter	45.9GB/49.1GB (93.4%)
2021-10-22T15:09:20.351+0000	[######################..] benchmark.Twitter	46.0GB/49.1GB (93.6%)
2021-10-22T15:09:23.350+0000	[######################..] benchmark.Twitter	46.0GB/49.1GB (93.7%)
2021-10-22T15:09:26.350+0000	[######################..] benchmark.Twitter	46.1GB/49.1GB (93.9%)
2021-10-22T15:09:29.351+0000	[######################..] benchmark.Twitter	46.2GB/49.1GB (94.0%)
2021-10-22T15:09:32.350+0000	[######################..] benchmark.Twitter	46.3GB/49.1GB (94.2%)
2021-10-22T15:09:35.350+0000	[######################..] benchmark.Twitter	46.3GB/49.1GB (94.3%)
2021-10-22T15:09:38.350+0000	[######################..] benchmark.Twitter	46.4GB/49.1GB (94.5%)
2021-10-22T15:09:41.350+0000	[######################..] benchmark.Twitter	46.5GB/49.1GB (94.6%)
2021-10-22T15:09:44.351+0000	[######################..] benchmark.Twitter	46.6GB/49.1GB (94.8%)
2021-10-22T15:09:47.350+0000	[######################..] benchmark.Twitter	46.6GB/49.1GB (94.9%)
2021-10-22T15:09:50.350+0000	[######################..] benchmark.Twitter	46.7GB/49.1GB (95.1%)
2021-10-22T15:09:53.350+0000	[######################..] benchmark.Twitter	46.8GB/49.1GB (95.2%)
2021-10-22T15:09:56.350+0000	[######################..] benchmark.Twitter	46.9GB/49.1GB (95.4%)
2021-10-22T15:09:59.350+0000	[######################..] benchmark.Twitter	46.9GB/49.1GB (95.5%)
2021-10-22T15:10:02.350+0000	[######################..] benchmark.Twitter	47.0GB/49.1GB (95.6%)
2021-10-22T15:10:05.350+0000	[######################..] benchmark.Twitter	47.0GB/49.1GB (95.8%)
2021-10-22T15:10:08.350+0000	[#######################.] benchmark.Twitter	47.1GB/49.1GB (95.9%)
2021-10-22T15:10:11.351+0000	[#######################.] benchmark.Twitter	47.2GB/49.1GB (96.0%)
2021-10-22T15:10:14.350+0000	[#######################.] benchmark.Twitter	47.2GB/49.1GB (96.2%)
2021-10-22T15:10:17.351+0000	[#######################.] benchmark.Twitter	47.3GB/49.1GB (96.3%)
2021-10-22T15:10:20.350+0000	[#######################.] benchmark.Twitter	47.4GB/49.1GB (96.5%)
2021-10-22T15:10:23.351+0000	[#######################.] benchmark.Twitter	47.5GB/49.1GB (96.6%)
2021-10-22T15:10:26.350+0000	[#######################.] benchmark.Twitter	47.5GB/49.1GB (96.8%)
2021-10-22T15:10:29.350+0000	[#######################.] benchmark.Twitter	47.6GB/49.1GB (96.9%)
2021-10-22T15:10:32.351+0000	[#######################.] benchmark.Twitter	47.7GB/49.1GB (97.1%)
2021-10-22T15:10:35.351+0000	[#######################.] benchmark.Twitter	47.8GB/49.1GB (97.2%)
2021-10-22T15:10:38.350+0000	[#######################.] benchmark.Twitter	47.8GB/49.1GB (97.4%)
2021-10-22T15:10:41.350+0000	[#######################.] benchmark.Twitter	47.9GB/49.1GB (97.5%)
2021-10-22T15:10:44.350+0000	[#######################.] benchmark.Twitter	48.0GB/49.1GB (97.7%)
2021-10-22T15:10:47.351+0000	[#######################.] benchmark.Twitter	48.0GB/49.1GB (97.8%)
2021-10-22T15:10:50.351+0000	[#######################.] benchmark.Twitter	48.1GB/49.1GB (98.0%)
2021-10-22T15:10:53.351+0000	[#######################.] benchmark.Twitter	48.2GB/49.1GB (98.1%)
2021-10-22T15:10:56.350+0000	[#######################.] benchmark.Twitter	48.3GB/49.1GB (98.3%)
2021-10-22T15:10:59.350+0000	[#######################.] benchmark.Twitter	48.4GB/49.1GB (98.4%)
2021-10-22T15:11:02.350+0000	[#######################.] benchmark.Twitter	48.4GB/49.1GB (98.6%)
2021-10-22T15:11:05.351+0000	[#######################.] benchmark.Twitter	48.5GB/49.1GB (98.7%)
2021-10-22T15:11:08.350+0000	[#######################.] benchmark.Twitter	48.6GB/49.1GB (98.9%)
2021-10-22T15:11:11.351+0000	[#######################.] benchmark.Twitter	48.6GB/49.1GB (99.0%)
2021-10-22T15:11:14.351+0000	[#######################.] benchmark.Twitter	48.7GB/49.1GB (99.2%)
2021-10-22T15:11:17.350+0000	[#######################.] benchmark.Twitter	48.8GB/49.1GB (99.3%)
2021-10-22T15:11:20.350+0000	[#######################.] benchmark.Twitter	48.9GB/49.1GB (99.5%)
2021-10-22T15:11:23.350+0000	[#######################.] benchmark.Twitter	48.9GB/49.1GB (99.6%)
2021-10-22T15:11:26.351+0000	[#######################.] benchmark.Twitter	49.0GB/49.1GB (99.8%)
2021-10-22T15:11:29.350+0000	[#######################.] benchmark.Twitter	49.1GB/49.1GB (99.9%)
2021-10-22T15:11:31.297+0000	[########################] benchmark.Twitter	49.1GB/49.1GB (100.0%)
2021-10-22T15:11:31.297+0000	13346336 document(s) imported successfully. 0 document(s) failed to import.
mongo-benchmark
MongoDB: 3184.63 s
mongo-benchmark
=== Found Postgres query file, executing Postgres queries ===
= File:'Twitter.json' =
13.4-alpine: Pulling from library/postgres
Digest: sha256:e9e481c3b0960e6acdd0d1202938617b9075d20f477765b531846671b7e624f2
Status: Image is up to date for postgres:13.4-alpine
184cd6243b82f9dd01dc59e67c8a1c2dcbd48109666e19385a8a5c4375226fad
3
PSQL: 8071.02 s
psql-benchmark
=== Found JQ query file, executing JQ queries ===
Sending build context to Docker daemon  112.1kB
Step 1/2 : FROM alpine
 ---> 14119a10abf4
Step 2/2 : RUN apk add --no-cache --upgrade bash jq
 ---> Using cache
 ---> 91ec4132b45e
Successfully built 91ec4132b45e
Successfully tagged nicotin/jq:05-10-2021
write /dev/stdout: broken pipe
0
JQ: 20008 s
jq-benchmark
=== Results ===
= JQ =
Overall: 20008
= JODA =
Overall: 142.08
Query Time: 66.7074
7.506811559
6.374168323
6.646447908
6.544035077
6.147149755
6.351836468
6.5706877
6.853952763
6.675610431
7.036719003
= Mongo =
Overall: 3184.63
183.764
158.708
160.949
173.833
65.806
72.398
81.572
82.573
83.294
81.396
Query Time: 1144.29
= PostgreSQL =
Overall: 8071.02
=== AGG Results ===
= JQ =
5073309
1985718
1423329
1253365
4467128
970479
434583
226865
79126
56933
= JODA =
13346336
5073309
1985718
1423329
1253365
4467128
970479
434583
226865
79126
56933
= Mongo =
5073309
1985718
1423329
1253365
4467128
970479
434583
226865
79126
56933
= PostgreSQL =
 5073309
 1985718
 1423329
 1253365
 4456547
 959898
 424002
 216709
 68970
 48900
