=== Found JODA query file, executing JODA queries ===
= File:'Twitter.json' =
0.12.4: Pulling from nicotin/joda
Digest: sha256:b253680f2c5ee1118e2c282e0c4ebff5cb6e87643fb98abcf1e686caaa35152a
Status: Image is up to date for nicotin/joda:0.12.4
b689baae2c3b138c4edef676431bd5204dc5a7958e7e5059fed1e8c6980aa297
0
JODA: 85.426 s
joda-benchmark
=== Results ===
= JQ =
Overall: 
= JODA =
Overall: 85.426
Query Time: 15.299
6.269040018
1.934214465
0.924079939
1.523350796
1.310386458
0.891981615
0.70020964
0.299085721
0.688507011
0.758121368
= Mongo =
Overall: 

Query Time: 
= PostgreSQL =
Overall: 
=== AGG Results ===
= JQ =

= JODA =
13346336
5073309
5009107
5073309
11360618
10691615
4682782
4124179
982988
2689798
5073309
= Mongo =

= PostgreSQL =

