=== Found JODA query file, executing JODA queries ===
= File:'Twitter.json' =
0.12.4: Pulling from nicotin/joda
Digest: sha256:b253680f2c5ee1118e2c282e0c4ebff5cb6e87643fb98abcf1e686caaa35152a
Status: Image is up to date for nicotin/joda:0.12.4
695b657f6987fb55ffd4fa79fdf413258b19ababa9e28176bb1d75dc3a4f7cc6
0
JODA: 90.2896 s
joda-benchmark
=== Results ===
= JQ =
Overall: 
= JODA =
Overall: 90.2896
Query Time: 18.3994
7.827072052
3.271176118
1.591512863
1.529231521
0.56830913
0.168224285
0.115296173
0.105292989
1.707017701
1.516279395
= Mongo =
Overall: 

Query Time: 
= PostgreSQL =
Overall: 
=== AGG Results ===
= JQ =

= JODA =
13346336
5073309
3512695
10691615
898050
1985718
670527
381057
204449
10691615
5073309
= Mongo =

= PostgreSQL =

