=== Found JODA query file, executing JODA queries ===
= File:'NoBench.json' =
0.12.3: Pulling from nicotin/joda
Digest: sha256:6c0c6b4a19967ae02ef348535acdb3eb8496453a8b868763c34370e10be0192f
Status: Image is up to date for nicotin/joda:0.12.3
560f9ef76ca2c12324d87e0b7b57c12347348eb86ae827ce1fcf10d1310dbeb3
0
JODA: 32.6805 s
joda-benchmark
=== Found MongoDB query file, executing MongoDB queries ===
= File:'NoBench.json' =
5.0.3-focal: Pulling from library/mongo
Digest: sha256:f7c401402aa3e689fc42c7109247ab2d5a3e3b4b8a3ace4c2bf7a5fc74ca4917
Status: Image is up to date for mongo:5.0.3-focal
a980f5e249a02beb63f3637ca273c05af79a2b97927623ae5e366ca7e13115e6
2021-11-08T13:22:54.772+0000	connected to: mongodb://localhost/
2021-11-08T13:22:57.772+0000	[........................] benchmark.NoBench	20.1MB/5.73GB (0.3%)
2021-11-08T13:23:00.782+0000	[........................] benchmark.NoBench	35.6MB/5.73GB (0.6%)
2021-11-08T13:23:03.773+0000	[........................] benchmark.NoBench	49.4MB/5.73GB (0.8%)
2021-11-08T13:23:06.772+0000	[........................] benchmark.NoBench	64.5MB/5.73GB (1.1%)
2021-11-08T13:23:09.773+0000	[........................] benchmark.NoBench	80.0MB/5.73GB (1.4%)
2021-11-08T13:23:12.773+0000	[........................] benchmark.NoBench	93.8MB/5.73GB (1.6%)
2021-11-08T13:23:15.776+0000	[........................] benchmark.NoBench	107MB/5.73GB (1.8%)
2021-11-08T13:23:18.777+0000	[........................] benchmark.NoBench	122MB/5.73GB (2.1%)
2021-11-08T13:23:21.772+0000	[........................] benchmark.NoBench	137MB/5.73GB (2.3%)
2021-11-08T13:23:24.777+0000	[........................] benchmark.NoBench	151MB/5.73GB (2.6%)
2021-11-08T13:23:27.773+0000	[........................] benchmark.NoBench	166MB/5.73GB (2.8%)
2021-11-08T13:23:30.772+0000	[........................] benchmark.NoBench	182MB/5.73GB (3.1%)
2021-11-08T13:23:33.772+0000	[........................] benchmark.NoBench	197MB/5.73GB (3.4%)
2021-11-08T13:23:36.773+0000	[........................] benchmark.NoBench	214MB/5.73GB (3.6%)
2021-11-08T13:23:39.772+0000	[........................] benchmark.NoBench	228MB/5.73GB (3.9%)
2021-11-08T13:23:42.772+0000	[........................] benchmark.NoBench	243MB/5.73GB (4.1%)
2021-11-08T13:23:45.773+0000	[#.......................] benchmark.NoBench	258MB/5.73GB (4.4%)
2021-11-08T13:23:48.778+0000	[#.......................] benchmark.NoBench	273MB/5.73GB (4.7%)
2021-11-08T13:23:51.776+0000	[#.......................] benchmark.NoBench	290MB/5.73GB (4.9%)
2021-11-08T13:23:54.773+0000	[#.......................] benchmark.NoBench	305MB/5.73GB (5.2%)
2021-11-08T13:23:57.773+0000	[#.......................] benchmark.NoBench	321MB/5.73GB (5.5%)
2021-11-08T13:24:00.773+0000	[#.......................] benchmark.NoBench	336MB/5.73GB (5.7%)
2021-11-08T13:24:03.773+0000	[#.......................] benchmark.NoBench	352MB/5.73GB (6.0%)
2021-11-08T13:24:06.773+0000	[#.......................] benchmark.NoBench	368MB/5.73GB (6.3%)
2021-11-08T13:24:09.774+0000	[#.......................] benchmark.NoBench	384MB/5.73GB (6.5%)
2021-11-08T13:24:12.773+0000	[#.......................] benchmark.NoBench	399MB/5.73GB (6.8%)
2021-11-08T13:24:15.772+0000	[#.......................] benchmark.NoBench	414MB/5.73GB (7.1%)
2021-11-08T13:24:18.775+0000	[#.......................] benchmark.NoBench	429MB/5.73GB (7.3%)
2021-11-08T13:24:21.778+0000	[#.......................] benchmark.NoBench	445MB/5.73GB (7.6%)
2021-11-08T13:24:24.772+0000	[#.......................] benchmark.NoBench	460MB/5.73GB (7.8%)
2021-11-08T13:24:27.773+0000	[#.......................] benchmark.NoBench	475MB/5.73GB (8.1%)
2021-11-08T13:24:30.773+0000	[##......................] benchmark.NoBench	490MB/5.73GB (8.4%)
2021-11-08T13:24:33.773+0000	[##......................] benchmark.NoBench	506MB/5.73GB (8.6%)
2021-11-08T13:24:36.773+0000	[##......................] benchmark.NoBench	521MB/5.73GB (8.9%)
2021-11-08T13:24:39.772+0000	[##......................] benchmark.NoBench	536MB/5.73GB (9.1%)
2021-11-08T13:24:42.772+0000	[##......................] benchmark.NoBench	553MB/5.73GB (9.4%)
2021-11-08T13:24:45.773+0000	[##......................] benchmark.NoBench	569MB/5.73GB (9.7%)
2021-11-08T13:24:48.772+0000	[##......................] benchmark.NoBench	584MB/5.73GB (9.9%)
2021-11-08T13:24:51.773+0000	[##......................] benchmark.NoBench	600MB/5.73GB (10.2%)
2021-11-08T13:24:54.773+0000	[##......................] benchmark.NoBench	615MB/5.73GB (10.5%)
2021-11-08T13:24:57.776+0000	[##......................] benchmark.NoBench	631MB/5.73GB (10.7%)
2021-11-08T13:25:00.775+0000	[##......................] benchmark.NoBench	647MB/5.73GB (11.0%)
2021-11-08T13:25:03.773+0000	[##......................] benchmark.NoBench	661MB/5.73GB (11.3%)
2021-11-08T13:25:06.772+0000	[##......................] benchmark.NoBench	677MB/5.73GB (11.5%)
2021-11-08T13:25:09.772+0000	[##......................] benchmark.NoBench	692MB/5.73GB (11.8%)
2021-11-08T13:25:12.773+0000	[##......................] benchmark.NoBench	709MB/5.73GB (12.1%)
2021-11-08T13:25:15.772+0000	[##......................] benchmark.NoBench	725MB/5.73GB (12.3%)
2021-11-08T13:25:18.772+0000	[###.....................] benchmark.NoBench	740MB/5.73GB (12.6%)
2021-11-08T13:25:21.773+0000	[###.....................] benchmark.NoBench	757MB/5.73GB (12.9%)
2021-11-08T13:25:24.778+0000	[###.....................] benchmark.NoBench	772MB/5.73GB (13.1%)
2021-11-08T13:25:27.772+0000	[###.....................] benchmark.NoBench	788MB/5.73GB (13.4%)
2021-11-08T13:25:30.775+0000	[###.....................] benchmark.NoBench	805MB/5.73GB (13.7%)
2021-11-08T13:25:33.772+0000	[###.....................] benchmark.NoBench	821MB/5.73GB (14.0%)
2021-11-08T13:25:36.775+0000	[###.....................] benchmark.NoBench	836MB/5.73GB (14.2%)
2021-11-08T13:25:39.772+0000	[###.....................] benchmark.NoBench	853MB/5.73GB (14.5%)
2021-11-08T13:25:42.777+0000	[###.....................] benchmark.NoBench	868MB/5.73GB (14.8%)
2021-11-08T13:25:45.773+0000	[###.....................] benchmark.NoBench	885MB/5.73GB (15.1%)
2021-11-08T13:25:48.773+0000	[###.....................] benchmark.NoBench	900MB/5.73GB (15.3%)
2021-11-08T13:25:51.774+0000	[###.....................] benchmark.NoBench	915MB/5.73GB (15.6%)
2021-11-08T13:25:54.773+0000	[###.....................] benchmark.NoBench	931MB/5.73GB (15.9%)
2021-11-08T13:25:57.773+0000	[###.....................] benchmark.NoBench	947MB/5.73GB (16.1%)
2021-11-08T13:26:00.773+0000	[###.....................] benchmark.NoBench	965MB/5.73GB (16.4%)
2021-11-08T13:26:03.772+0000	[####....................] benchmark.NoBench	980MB/5.73GB (16.7%)
2021-11-08T13:26:06.772+0000	[####....................] benchmark.NoBench	998MB/5.73GB (17.0%)
2021-11-08T13:26:09.773+0000	[####....................] benchmark.NoBench	1014MB/5.73GB (17.3%)
2021-11-08T13:26:12.773+0000	[####....................] benchmark.NoBench	1.00GB/5.73GB (17.5%)
2021-11-08T13:26:15.773+0000	[####....................] benchmark.NoBench	1.02GB/5.73GB (17.8%)
2021-11-08T13:26:18.772+0000	[####....................] benchmark.NoBench	1.04GB/5.73GB (18.1%)
2021-11-08T13:26:21.773+0000	[####....................] benchmark.NoBench	1.05GB/5.73GB (18.3%)
2021-11-08T13:26:24.773+0000	[####....................] benchmark.NoBench	1.07GB/5.73GB (18.6%)
2021-11-08T13:26:27.773+0000	[####....................] benchmark.NoBench	1.08GB/5.73GB (18.8%)
2021-11-08T13:26:30.773+0000	[####....................] benchmark.NoBench	1.10GB/5.73GB (19.1%)
2021-11-08T13:26:33.775+0000	[####....................] benchmark.NoBench	1.11GB/5.73GB (19.4%)
2021-11-08T13:26:36.773+0000	[####....................] benchmark.NoBench	1.13GB/5.73GB (19.6%)
2021-11-08T13:26:39.773+0000	[####....................] benchmark.NoBench	1.14GB/5.73GB (19.9%)
2021-11-08T13:26:42.773+0000	[####....................] benchmark.NoBench	1.16GB/5.73GB (20.2%)
2021-11-08T13:26:45.772+0000	[####....................] benchmark.NoBench	1.17GB/5.73GB (20.5%)
2021-11-08T13:26:48.773+0000	[####....................] benchmark.NoBench	1.19GB/5.73GB (20.7%)
2021-11-08T13:26:51.773+0000	[#####...................] benchmark.NoBench	1.20GB/5.73GB (21.0%)
2021-11-08T13:26:54.773+0000	[#####...................] benchmark.NoBench	1.22GB/5.73GB (21.3%)
2021-11-08T13:26:57.773+0000	[#####...................] benchmark.NoBench	1.24GB/5.73GB (21.5%)
2021-11-08T13:27:00.773+0000	[#####...................] benchmark.NoBench	1.25GB/5.73GB (21.9%)
2021-11-08T13:27:03.773+0000	[#####...................] benchmark.NoBench	1.27GB/5.73GB (22.1%)
2021-11-08T13:27:06.773+0000	[#####...................] benchmark.NoBench	1.28GB/5.73GB (22.4%)
2021-11-08T13:27:09.773+0000	[#####...................] benchmark.NoBench	1.30GB/5.73GB (22.6%)
2021-11-08T13:27:12.773+0000	[#####...................] benchmark.NoBench	1.31GB/5.73GB (22.9%)
2021-11-08T13:27:15.772+0000	[#####...................] benchmark.NoBench	1.33GB/5.73GB (23.2%)
2021-11-08T13:27:18.772+0000	[#####...................] benchmark.NoBench	1.34GB/5.73GB (23.5%)
2021-11-08T13:27:21.772+0000	[#####...................] benchmark.NoBench	1.36GB/5.73GB (23.7%)
2021-11-08T13:27:24.773+0000	[#####...................] benchmark.NoBench	1.37GB/5.73GB (24.0%)
2021-11-08T13:27:27.773+0000	[#####...................] benchmark.NoBench	1.39GB/5.73GB (24.2%)
2021-11-08T13:27:30.773+0000	[#####...................] benchmark.NoBench	1.41GB/5.73GB (24.5%)
2021-11-08T13:27:33.772+0000	[#####...................] benchmark.NoBench	1.42GB/5.73GB (24.8%)
2021-11-08T13:27:36.774+0000	[######..................] benchmark.NoBench	1.43GB/5.73GB (25.0%)
2021-11-08T13:27:39.772+0000	[######..................] benchmark.NoBench	1.45GB/5.73GB (25.3%)
2021-11-08T13:27:42.775+0000	[######..................] benchmark.NoBench	1.46GB/5.73GB (25.5%)
2021-11-08T13:27:45.772+0000	[######..................] benchmark.NoBench	1.48GB/5.73GB (25.8%)
2021-11-08T13:27:48.773+0000	[######..................] benchmark.NoBench	1.50GB/5.73GB (26.1%)
2021-11-08T13:27:51.773+0000	[######..................] benchmark.NoBench	1.51GB/5.73GB (26.3%)
2021-11-08T13:27:54.783+0000	[######..................] benchmark.NoBench	1.53GB/5.73GB (26.6%)
2021-11-08T13:27:57.772+0000	[######..................] benchmark.NoBench	1.54GB/5.73GB (26.9%)
2021-11-08T13:28:00.772+0000	[######..................] benchmark.NoBench	1.56GB/5.73GB (27.1%)
2021-11-08T13:28:03.778+0000	[######..................] benchmark.NoBench	1.57GB/5.73GB (27.4%)
2021-11-08T13:28:06.773+0000	[######..................] benchmark.NoBench	1.59GB/5.73GB (27.7%)
2021-11-08T13:28:09.773+0000	[######..................] benchmark.NoBench	1.60GB/5.73GB (28.0%)
2021-11-08T13:28:12.772+0000	[######..................] benchmark.NoBench	1.62GB/5.73GB (28.2%)
2021-11-08T13:28:15.773+0000	[######..................] benchmark.NoBench	1.63GB/5.73GB (28.5%)
2021-11-08T13:28:18.773+0000	[######..................] benchmark.NoBench	1.65GB/5.73GB (28.8%)
2021-11-08T13:28:21.773+0000	[######..................] benchmark.NoBench	1.67GB/5.73GB (29.0%)
2021-11-08T13:28:24.773+0000	[#######.................] benchmark.NoBench	1.68GB/5.73GB (29.3%)
2021-11-08T13:28:27.774+0000	[#######.................] benchmark.NoBench	1.69GB/5.73GB (29.6%)
2021-11-08T13:28:30.773+0000	[#######.................] benchmark.NoBench	1.71GB/5.73GB (29.8%)
2021-11-08T13:28:33.774+0000	[#######.................] benchmark.NoBench	1.72GB/5.73GB (30.1%)
2021-11-08T13:28:36.773+0000	[#######.................] benchmark.NoBench	1.74GB/5.73GB (30.3%)
2021-11-08T13:28:39.772+0000	[#######.................] benchmark.NoBench	1.75GB/5.73GB (30.6%)
2021-11-08T13:28:42.773+0000	[#######.................] benchmark.NoBench	1.77GB/5.73GB (30.9%)
2021-11-08T13:28:45.773+0000	[#######.................] benchmark.NoBench	1.78GB/5.73GB (31.1%)
2021-11-08T13:28:48.772+0000	[#######.................] benchmark.NoBench	1.80GB/5.73GB (31.4%)
2021-11-08T13:28:51.773+0000	[#######.................] benchmark.NoBench	1.81GB/5.73GB (31.7%)
2021-11-08T13:28:54.773+0000	[#######.................] benchmark.NoBench	1.83GB/5.73GB (31.9%)
2021-11-08T13:28:57.773+0000	[#######.................] benchmark.NoBench	1.85GB/5.73GB (32.2%)
2021-11-08T13:29:00.773+0000	[#######.................] benchmark.NoBench	1.86GB/5.73GB (32.5%)
2021-11-08T13:29:03.773+0000	[#######.................] benchmark.NoBench	1.88GB/5.73GB (32.7%)
2021-11-08T13:29:06.772+0000	[#######.................] benchmark.NoBench	1.89GB/5.73GB (33.0%)
2021-11-08T13:29:09.773+0000	[#######.................] benchmark.NoBench	1.91GB/5.73GB (33.3%)
2021-11-08T13:29:12.772+0000	[########................] benchmark.NoBench	1.92GB/5.73GB (33.6%)
2021-11-08T13:29:15.773+0000	[########................] benchmark.NoBench	1.94GB/5.73GB (33.8%)
2021-11-08T13:29:18.773+0000	[########................] benchmark.NoBench	1.95GB/5.73GB (34.1%)
2021-11-08T13:29:21.772+0000	[########................] benchmark.NoBench	1.97GB/5.73GB (34.4%)
2021-11-08T13:29:24.772+0000	[########................] benchmark.NoBench	1.99GB/5.73GB (34.6%)
2021-11-08T13:29:27.773+0000	[########................] benchmark.NoBench	2.00GB/5.73GB (34.9%)
2021-11-08T13:29:30.773+0000	[########................] benchmark.NoBench	2.02GB/5.73GB (35.2%)
2021-11-08T13:29:33.773+0000	[########................] benchmark.NoBench	2.03GB/5.73GB (35.5%)
2021-11-08T13:29:36.774+0000	[########................] benchmark.NoBench	2.05GB/5.73GB (35.7%)
2021-11-08T13:29:39.773+0000	[########................] benchmark.NoBench	2.06GB/5.73GB (36.0%)
2021-11-08T13:29:42.772+0000	[########................] benchmark.NoBench	2.08GB/5.73GB (36.3%)
2021-11-08T13:29:45.773+0000	[########................] benchmark.NoBench	2.10GB/5.73GB (36.6%)
2021-11-08T13:29:48.772+0000	[########................] benchmark.NoBench	2.11GB/5.73GB (36.8%)
2021-11-08T13:29:51.773+0000	[########................] benchmark.NoBench	2.13GB/5.73GB (37.1%)
2021-11-08T13:29:54.773+0000	[########................] benchmark.NoBench	2.14GB/5.73GB (37.4%)
2021-11-08T13:29:57.774+0000	[#########...............] benchmark.NoBench	2.16GB/5.73GB (37.6%)
2021-11-08T13:30:00.773+0000	[#########...............] benchmark.NoBench	2.17GB/5.73GB (37.9%)
2021-11-08T13:30:03.773+0000	[#########...............] benchmark.NoBench	2.19GB/5.73GB (38.2%)
2021-11-08T13:30:06.773+0000	[#########...............] benchmark.NoBench	2.21GB/5.73GB (38.5%)
2021-11-08T13:30:09.772+0000	[#########...............] benchmark.NoBench	2.22GB/5.73GB (38.7%)
2021-11-08T13:30:12.772+0000	[#########...............] benchmark.NoBench	2.24GB/5.73GB (39.0%)
2021-11-08T13:30:15.772+0000	[#########...............] benchmark.NoBench	2.25GB/5.73GB (39.2%)
2021-11-08T13:30:18.772+0000	[#########...............] benchmark.NoBench	2.27GB/5.73GB (39.5%)
2021-11-08T13:30:21.773+0000	[#########...............] benchmark.NoBench	2.28GB/5.73GB (39.8%)
2021-11-08T13:30:24.772+0000	[#########...............] benchmark.NoBench	2.30GB/5.73GB (40.1%)
2021-11-08T13:30:27.772+0000	[#########...............] benchmark.NoBench	2.31GB/5.73GB (40.3%)
2021-11-08T13:30:30.772+0000	[#########...............] benchmark.NoBench	2.33GB/5.73GB (40.6%)
2021-11-08T13:30:33.772+0000	[#########...............] benchmark.NoBench	2.34GB/5.73GB (40.9%)
2021-11-08T13:30:36.773+0000	[#########...............] benchmark.NoBench	2.36GB/5.73GB (41.2%)
2021-11-08T13:30:39.772+0000	[#########...............] benchmark.NoBench	2.38GB/5.73GB (41.5%)
2021-11-08T13:30:42.772+0000	[##########..............] benchmark.NoBench	2.39GB/5.73GB (41.8%)
2021-11-08T13:30:45.772+0000	[##########..............] benchmark.NoBench	2.41GB/5.73GB (42.0%)
2021-11-08T13:30:48.772+0000	[##########..............] benchmark.NoBench	2.43GB/5.73GB (42.3%)
2021-11-08T13:30:51.773+0000	[##########..............] benchmark.NoBench	2.44GB/5.73GB (42.6%)
2021-11-08T13:30:54.772+0000	[##########..............] benchmark.NoBench	2.46GB/5.73GB (42.9%)
2021-11-08T13:30:57.773+0000	[##########..............] benchmark.NoBench	2.47GB/5.73GB (43.1%)
2021-11-08T13:31:00.772+0000	[##########..............] benchmark.NoBench	2.49GB/5.73GB (43.4%)
2021-11-08T13:31:03.772+0000	[##########..............] benchmark.NoBench	2.50GB/5.73GB (43.6%)
2021-11-08T13:31:06.772+0000	[##########..............] benchmark.NoBench	2.52GB/5.73GB (44.0%)
2021-11-08T13:31:09.773+0000	[##########..............] benchmark.NoBench	2.54GB/5.73GB (44.3%)
2021-11-08T13:31:12.775+0000	[##########..............] benchmark.NoBench	2.55GB/5.73GB (44.5%)
2021-11-08T13:31:15.772+0000	[##########..............] benchmark.NoBench	2.57GB/5.73GB (44.8%)
2021-11-08T13:31:18.775+0000	[##########..............] benchmark.NoBench	2.59GB/5.73GB (45.1%)
2021-11-08T13:31:21.772+0000	[##########..............] benchmark.NoBench	2.60GB/5.73GB (45.4%)
2021-11-08T13:31:24.773+0000	[##########..............] benchmark.NoBench	2.62GB/5.73GB (45.7%)
2021-11-08T13:31:27.772+0000	[###########.............] benchmark.NoBench	2.63GB/5.73GB (45.9%)
2021-11-08T13:31:30.777+0000	[###########.............] benchmark.NoBench	2.65GB/5.73GB (46.2%)
2021-11-08T13:31:33.779+0000	[###########.............] benchmark.NoBench	2.66GB/5.73GB (46.5%)
2021-11-08T13:31:36.772+0000	[###########.............] benchmark.NoBench	2.68GB/5.73GB (46.7%)
2021-11-08T13:31:39.773+0000	[###########.............] benchmark.NoBench	2.69GB/5.73GB (47.0%)
2021-11-08T13:31:42.773+0000	[###########.............] benchmark.NoBench	2.71GB/5.73GB (47.3%)
2021-11-08T13:31:45.772+0000	[###########.............] benchmark.NoBench	2.72GB/5.73GB (47.5%)
2021-11-08T13:31:48.772+0000	[###########.............] benchmark.NoBench	2.74GB/5.73GB (47.8%)
2021-11-08T13:31:51.772+0000	[###########.............] benchmark.NoBench	2.76GB/5.73GB (48.1%)
2021-11-08T13:31:54.773+0000	[###########.............] benchmark.NoBench	2.77GB/5.73GB (48.3%)
2021-11-08T13:31:57.773+0000	[###########.............] benchmark.NoBench	2.79GB/5.73GB (48.6%)
2021-11-08T13:32:00.773+0000	[###########.............] benchmark.NoBench	2.80GB/5.73GB (48.9%)
2021-11-08T13:32:03.774+0000	[###########.............] benchmark.NoBench	2.82GB/5.73GB (49.2%)
2021-11-08T13:32:06.774+0000	[###########.............] benchmark.NoBench	2.84GB/5.73GB (49.4%)
2021-11-08T13:32:09.773+0000	[###########.............] benchmark.NoBench	2.85GB/5.73GB (49.8%)
2021-11-08T13:32:12.772+0000	[############............] benchmark.NoBench	2.87GB/5.73GB (50.0%)
2021-11-08T13:32:15.772+0000	[############............] benchmark.NoBench	2.88GB/5.73GB (50.3%)
2021-11-08T13:32:18.773+0000	[############............] benchmark.NoBench	2.90GB/5.73GB (50.6%)
2021-11-08T13:32:21.772+0000	[############............] benchmark.NoBench	2.92GB/5.73GB (50.9%)
2021-11-08T13:32:24.772+0000	[############............] benchmark.NoBench	2.93GB/5.73GB (51.1%)
2021-11-08T13:32:27.773+0000	[############............] benchmark.NoBench	2.95GB/5.73GB (51.4%)
2021-11-08T13:32:30.776+0000	[############............] benchmark.NoBench	2.96GB/5.73GB (51.7%)
2021-11-08T13:32:33.772+0000	[############............] benchmark.NoBench	2.98GB/5.73GB (51.9%)
2021-11-08T13:32:36.773+0000	[############............] benchmark.NoBench	2.99GB/5.73GB (52.2%)
2021-11-08T13:32:39.773+0000	[############............] benchmark.NoBench	3.01GB/5.73GB (52.5%)
2021-11-08T13:32:42.773+0000	[############............] benchmark.NoBench	3.02GB/5.73GB (52.7%)
2021-11-08T13:32:45.773+0000	[############............] benchmark.NoBench	3.04GB/5.73GB (53.0%)
2021-11-08T13:32:48.773+0000	[############............] benchmark.NoBench	3.05GB/5.73GB (53.3%)
2021-11-08T13:32:51.772+0000	[############............] benchmark.NoBench	3.07GB/5.73GB (53.5%)
2021-11-08T13:32:54.772+0000	[############............] benchmark.NoBench	3.09GB/5.73GB (53.8%)
2021-11-08T13:32:57.772+0000	[############............] benchmark.NoBench	3.10GB/5.73GB (54.1%)
2021-11-08T13:33:00.776+0000	[#############...........] benchmark.NoBench	3.12GB/5.73GB (54.4%)
2021-11-08T13:33:03.772+0000	[#############...........] benchmark.NoBench	3.13GB/5.73GB (54.6%)
2021-11-08T13:33:06.772+0000	[#############...........] benchmark.NoBench	3.15GB/5.73GB (54.9%)
2021-11-08T13:33:09.773+0000	[#############...........] benchmark.NoBench	3.16GB/5.73GB (55.2%)
2021-11-08T13:33:12.779+0000	[#############...........] benchmark.NoBench	3.18GB/5.73GB (55.5%)
2021-11-08T13:33:15.776+0000	[#############...........] benchmark.NoBench	3.20GB/5.73GB (55.7%)
2021-11-08T13:33:18.772+0000	[#############...........] benchmark.NoBench	3.21GB/5.73GB (56.0%)
2021-11-08T13:33:21.772+0000	[#############...........] benchmark.NoBench	3.23GB/5.73GB (56.3%)
2021-11-08T13:33:24.772+0000	[#############...........] benchmark.NoBench	3.24GB/5.73GB (56.5%)
2021-11-08T13:33:27.772+0000	[#############...........] benchmark.NoBench	3.26GB/5.73GB (56.8%)
2021-11-08T13:33:30.773+0000	[#############...........] benchmark.NoBench	3.27GB/5.73GB (57.1%)
2021-11-08T13:33:33.772+0000	[#############...........] benchmark.NoBench	3.29GB/5.73GB (57.4%)
2021-11-08T13:33:36.773+0000	[#############...........] benchmark.NoBench	3.31GB/5.73GB (57.6%)
2021-11-08T13:33:39.773+0000	[#############...........] benchmark.NoBench	3.32GB/5.73GB (57.9%)
2021-11-08T13:33:42.772+0000	[#############...........] benchmark.NoBench	3.34GB/5.73GB (58.2%)
2021-11-08T13:33:45.773+0000	[##############..........] benchmark.NoBench	3.35GB/5.73GB (58.5%)
2021-11-08T13:33:48.773+0000	[##############..........] benchmark.NoBench	3.37GB/5.73GB (58.7%)
2021-11-08T13:33:51.772+0000	[##############..........] benchmark.NoBench	3.38GB/5.73GB (59.0%)
2021-11-08T13:33:54.772+0000	[##############..........] benchmark.NoBench	3.40GB/5.73GB (59.3%)
2021-11-08T13:33:57.774+0000	[##############..........] benchmark.NoBench	3.42GB/5.73GB (59.6%)
2021-11-08T13:34:00.772+0000	[##############..........] benchmark.NoBench	3.43GB/5.73GB (59.8%)
2021-11-08T13:34:03.773+0000	[##############..........] benchmark.NoBench	3.45GB/5.73GB (60.1%)
2021-11-08T13:34:06.773+0000	[##############..........] benchmark.NoBench	3.46GB/5.73GB (60.4%)
2021-11-08T13:34:09.773+0000	[##############..........] benchmark.NoBench	3.48GB/5.73GB (60.7%)
2021-11-08T13:34:12.773+0000	[##############..........] benchmark.NoBench	3.50GB/5.73GB (61.0%)
2021-11-08T13:34:15.775+0000	[##############..........] benchmark.NoBench	3.51GB/5.73GB (61.3%)
2021-11-08T13:34:18.774+0000	[##############..........] benchmark.NoBench	3.53GB/5.73GB (61.5%)
2021-11-08T13:34:21.774+0000	[##############..........] benchmark.NoBench	3.54GB/5.73GB (61.8%)
2021-11-08T13:34:24.773+0000	[##############..........] benchmark.NoBench	3.56GB/5.73GB (62.1%)
2021-11-08T13:34:27.773+0000	[##############..........] benchmark.NoBench	3.57GB/5.73GB (62.3%)
2021-11-08T13:34:30.776+0000	[###############.........] benchmark.NoBench	3.59GB/5.73GB (62.6%)
2021-11-08T13:34:33.773+0000	[###############.........] benchmark.NoBench	3.60GB/5.73GB (62.9%)
2021-11-08T13:34:36.772+0000	[###############.........] benchmark.NoBench	3.62GB/5.73GB (63.1%)
2021-11-08T13:34:39.772+0000	[###############.........] benchmark.NoBench	3.63GB/5.73GB (63.4%)
2021-11-08T13:34:42.773+0000	[###############.........] benchmark.NoBench	3.65GB/5.73GB (63.7%)
2021-11-08T13:34:45.773+0000	[###############.........] benchmark.NoBench	3.67GB/5.73GB (63.9%)
2021-11-08T13:34:48.773+0000	[###############.........] benchmark.NoBench	3.68GB/5.73GB (64.2%)
2021-11-08T13:34:51.773+0000	[###############.........] benchmark.NoBench	3.70GB/5.73GB (64.5%)
2021-11-08T13:34:54.773+0000	[###############.........] benchmark.NoBench	3.72GB/5.73GB (64.8%)
2021-11-08T13:34:57.776+0000	[###############.........] benchmark.NoBench	3.73GB/5.73GB (65.1%)
2021-11-08T13:35:00.773+0000	[###############.........] benchmark.NoBench	3.75GB/5.73GB (65.3%)
2021-11-08T13:35:03.773+0000	[###############.........] benchmark.NoBench	3.76GB/5.73GB (65.6%)
2021-11-08T13:35:06.772+0000	[###############.........] benchmark.NoBench	3.78GB/5.73GB (65.9%)
2021-11-08T13:35:09.773+0000	[###############.........] benchmark.NoBench	3.80GB/5.73GB (66.2%)
2021-11-08T13:35:12.773+0000	[###############.........] benchmark.NoBench	3.81GB/5.73GB (66.5%)
2021-11-08T13:35:15.776+0000	[################........] benchmark.NoBench	3.83GB/5.73GB (66.8%)
2021-11-08T13:35:18.773+0000	[################........] benchmark.NoBench	3.85GB/5.73GB (67.1%)
2021-11-08T13:35:21.773+0000	[################........] benchmark.NoBench	3.86GB/5.73GB (67.4%)
2021-11-08T13:35:24.773+0000	[################........] benchmark.NoBench	3.88GB/5.73GB (67.6%)
2021-11-08T13:35:27.775+0000	[################........] benchmark.NoBench	3.89GB/5.73GB (67.9%)
2021-11-08T13:35:30.781+0000	[################........] benchmark.NoBench	3.91GB/5.73GB (68.2%)
2021-11-08T13:35:33.775+0000	[################........] benchmark.NoBench	3.93GB/5.73GB (68.5%)
2021-11-08T13:35:36.773+0000	[################........] benchmark.NoBench	3.94GB/5.73GB (68.8%)
2021-11-08T13:35:39.773+0000	[################........] benchmark.NoBench	3.96GB/5.73GB (69.0%)
2021-11-08T13:35:42.772+0000	[################........] benchmark.NoBench	3.97GB/5.73GB (69.3%)
2021-11-08T13:35:45.774+0000	[################........] benchmark.NoBench	3.99GB/5.73GB (69.6%)
2021-11-08T13:35:48.773+0000	[################........] benchmark.NoBench	4.01GB/5.73GB (69.8%)
2021-11-08T13:35:51.773+0000	[################........] benchmark.NoBench	4.02GB/5.73GB (70.1%)
2021-11-08T13:35:54.772+0000	[################........] benchmark.NoBench	4.04GB/5.73GB (70.4%)
2021-11-08T13:35:57.772+0000	[################........] benchmark.NoBench	4.05GB/5.73GB (70.7%)
2021-11-08T13:36:00.773+0000	[#################.......] benchmark.NoBench	4.07GB/5.73GB (70.9%)
2021-11-08T13:36:03.774+0000	[#################.......] benchmark.NoBench	4.08GB/5.73GB (71.2%)
2021-11-08T13:36:06.773+0000	[#################.......] benchmark.NoBench	4.10GB/5.73GB (71.4%)
2021-11-08T13:36:09.773+0000	[#################.......] benchmark.NoBench	4.11GB/5.73GB (71.7%)
2021-11-08T13:36:12.773+0000	[#################.......] benchmark.NoBench	4.13GB/5.73GB (72.0%)
2021-11-08T13:36:15.772+0000	[#################.......] benchmark.NoBench	4.14GB/5.73GB (72.3%)
2021-11-08T13:36:18.772+0000	[#################.......] benchmark.NoBench	4.16GB/5.73GB (72.6%)
2021-11-08T13:36:21.772+0000	[#################.......] benchmark.NoBench	4.18GB/5.73GB (72.8%)
2021-11-08T13:36:24.773+0000	[#################.......] benchmark.NoBench	4.19GB/5.73GB (73.1%)
2021-11-08T13:36:27.773+0000	[#################.......] benchmark.NoBench	4.21GB/5.73GB (73.4%)
2021-11-08T13:36:30.773+0000	[#################.......] benchmark.NoBench	4.22GB/5.73GB (73.7%)
2021-11-08T13:36:33.774+0000	[#################.......] benchmark.NoBench	4.24GB/5.73GB (73.9%)
2021-11-08T13:36:36.772+0000	[#################.......] benchmark.NoBench	4.26GB/5.73GB (74.2%)
2021-11-08T13:36:39.773+0000	[#################.......] benchmark.NoBench	4.27GB/5.73GB (74.5%)
2021-11-08T13:36:42.773+0000	[#################.......] benchmark.NoBench	4.29GB/5.73GB (74.8%)
2021-11-08T13:36:45.772+0000	[##################......] benchmark.NoBench	4.30GB/5.73GB (75.0%)
2021-11-08T13:36:48.772+0000	[##################......] benchmark.NoBench	4.32GB/5.73GB (75.3%)
2021-11-08T13:36:51.775+0000	[##################......] benchmark.NoBench	4.33GB/5.73GB (75.6%)
2021-11-08T13:36:54.772+0000	[##################......] benchmark.NoBench	4.35GB/5.73GB (75.8%)
2021-11-08T13:36:57.773+0000	[##################......] benchmark.NoBench	4.36GB/5.73GB (76.1%)
2021-11-08T13:37:00.772+0000	[##################......] benchmark.NoBench	4.38GB/5.73GB (76.4%)
2021-11-08T13:37:03.776+0000	[##################......] benchmark.NoBench	4.40GB/5.73GB (76.7%)
2021-11-08T13:37:06.772+0000	[##################......] benchmark.NoBench	4.41GB/5.73GB (77.0%)
2021-11-08T13:37:09.773+0000	[##################......] benchmark.NoBench	4.43GB/5.73GB (77.2%)
2021-11-08T13:37:12.773+0000	[##################......] benchmark.NoBench	4.44GB/5.73GB (77.5%)
2021-11-08T13:37:15.774+0000	[##################......] benchmark.NoBench	4.46GB/5.73GB (77.8%)
2021-11-08T13:37:18.772+0000	[##################......] benchmark.NoBench	4.48GB/5.73GB (78.1%)
2021-11-08T13:37:21.773+0000	[##################......] benchmark.NoBench	4.49GB/5.73GB (78.4%)
2021-11-08T13:37:24.775+0000	[##################......] benchmark.NoBench	4.51GB/5.73GB (78.6%)
2021-11-08T13:37:27.773+0000	[##################......] benchmark.NoBench	4.53GB/5.73GB (78.9%)
2021-11-08T13:37:30.773+0000	[###################.....] benchmark.NoBench	4.54GB/5.73GB (79.2%)
2021-11-08T13:37:33.773+0000	[###################.....] benchmark.NoBench	4.56GB/5.73GB (79.5%)
2021-11-08T13:37:36.772+0000	[###################.....] benchmark.NoBench	4.57GB/5.73GB (79.7%)
2021-11-08T13:37:39.773+0000	[###################.....] benchmark.NoBench	4.59GB/5.73GB (80.0%)
2021-11-08T13:37:42.773+0000	[###################.....] benchmark.NoBench	4.60GB/5.73GB (80.3%)
2021-11-08T13:37:45.773+0000	[###################.....] benchmark.NoBench	4.62GB/5.73GB (80.5%)
2021-11-08T13:37:48.773+0000	[###################.....] benchmark.NoBench	4.63GB/5.73GB (80.8%)
2021-11-08T13:37:51.772+0000	[###################.....] benchmark.NoBench	4.65GB/5.73GB (81.1%)
2021-11-08T13:37:54.773+0000	[###################.....] benchmark.NoBench	4.66GB/5.73GB (81.3%)
2021-11-08T13:37:57.773+0000	[###################.....] benchmark.NoBench	4.68GB/5.73GB (81.6%)
2021-11-08T13:38:00.772+0000	[###################.....] benchmark.NoBench	4.70GB/5.73GB (81.9%)
2021-11-08T13:38:03.772+0000	[###################.....] benchmark.NoBench	4.71GB/5.73GB (82.2%)
2021-11-08T13:38:06.773+0000	[###################.....] benchmark.NoBench	4.73GB/5.73GB (82.4%)
2021-11-08T13:38:09.773+0000	[###################.....] benchmark.NoBench	4.74GB/5.73GB (82.7%)
2021-11-08T13:38:12.773+0000	[###################.....] benchmark.NoBench	4.76GB/5.73GB (83.0%)
2021-11-08T13:38:15.772+0000	[###################.....] benchmark.NoBench	4.77GB/5.73GB (83.2%)
2021-11-08T13:38:18.772+0000	[####################....] benchmark.NoBench	4.79GB/5.73GB (83.5%)
2021-11-08T13:38:21.773+0000	[####################....] benchmark.NoBench	4.81GB/5.73GB (83.8%)
2021-11-08T13:38:24.772+0000	[####################....] benchmark.NoBench	4.82GB/5.73GB (84.1%)
2021-11-08T13:38:27.772+0000	[####################....] benchmark.NoBench	4.84GB/5.73GB (84.4%)
2021-11-08T13:38:30.772+0000	[####################....] benchmark.NoBench	4.85GB/5.73GB (84.6%)
2021-11-08T13:38:33.772+0000	[####################....] benchmark.NoBench	4.87GB/5.73GB (84.9%)
2021-11-08T13:38:36.773+0000	[####################....] benchmark.NoBench	4.88GB/5.73GB (85.2%)
2021-11-08T13:38:39.772+0000	[####################....] benchmark.NoBench	4.90GB/5.73GB (85.5%)
2021-11-08T13:38:42.772+0000	[####################....] benchmark.NoBench	4.92GB/5.73GB (85.7%)
2021-11-08T13:38:45.773+0000	[####################....] benchmark.NoBench	4.93GB/5.73GB (86.0%)
2021-11-08T13:38:48.772+0000	[####################....] benchmark.NoBench	4.95GB/5.73GB (86.3%)
2021-11-08T13:38:51.772+0000	[####################....] benchmark.NoBench	4.96GB/5.73GB (86.6%)
2021-11-08T13:38:54.773+0000	[####################....] benchmark.NoBench	4.98GB/5.73GB (86.8%)
2021-11-08T13:38:57.772+0000	[####################....] benchmark.NoBench	4.99GB/5.73GB (87.1%)
2021-11-08T13:39:00.772+0000	[####################....] benchmark.NoBench	5.01GB/5.73GB (87.4%)
2021-11-08T13:39:03.773+0000	[#####################...] benchmark.NoBench	5.03GB/5.73GB (87.6%)
2021-11-08T13:39:06.773+0000	[#####################...] benchmark.NoBench	5.04GB/5.73GB (87.9%)
2021-11-08T13:39:09.773+0000	[#####################...] benchmark.NoBench	5.06GB/5.73GB (88.2%)
2021-11-08T13:39:12.773+0000	[#####################...] benchmark.NoBench	5.07GB/5.73GB (88.5%)
2021-11-08T13:39:15.772+0000	[#####################...] benchmark.NoBench	5.09GB/5.73GB (88.7%)
2021-11-08T13:39:18.776+0000	[#####################...] benchmark.NoBench	5.10GB/5.73GB (89.0%)
2021-11-08T13:39:21.772+0000	[#####################...] benchmark.NoBench	5.12GB/5.73GB (89.3%)
2021-11-08T13:39:24.773+0000	[#####################...] benchmark.NoBench	5.14GB/5.73GB (89.6%)
2021-11-08T13:39:27.772+0000	[#####################...] benchmark.NoBench	5.15GB/5.73GB (89.8%)
2021-11-08T13:39:30.772+0000	[#####################...] benchmark.NoBench	5.17GB/5.73GB (90.1%)
2021-11-08T13:39:33.773+0000	[#####################...] benchmark.NoBench	5.18GB/5.73GB (90.4%)
2021-11-08T13:39:36.772+0000	[#####################...] benchmark.NoBench	5.20GB/5.73GB (90.6%)
2021-11-08T13:39:39.773+0000	[#####################...] benchmark.NoBench	5.21GB/5.73GB (90.9%)
2021-11-08T13:39:42.773+0000	[#####################...] benchmark.NoBench	5.23GB/5.73GB (91.2%)
2021-11-08T13:39:45.773+0000	[#####################...] benchmark.NoBench	5.24GB/5.73GB (91.5%)
2021-11-08T13:39:48.773+0000	[######################..] benchmark.NoBench	5.26GB/5.73GB (91.7%)
2021-11-08T13:39:51.773+0000	[######################..] benchmark.NoBench	5.28GB/5.73GB (92.0%)
2021-11-08T13:39:54.773+0000	[######################..] benchmark.NoBench	5.29GB/5.73GB (92.3%)
2021-11-08T13:39:57.775+0000	[######################..] benchmark.NoBench	5.31GB/5.73GB (92.6%)
2021-11-08T13:40:00.773+0000	[######################..] benchmark.NoBench	5.33GB/5.73GB (92.9%)
2021-11-08T13:40:03.773+0000	[######################..] benchmark.NoBench	5.34GB/5.73GB (93.1%)
2021-11-08T13:40:06.772+0000	[######################..] benchmark.NoBench	5.36GB/5.73GB (93.4%)
2021-11-08T13:40:09.773+0000	[######################..] benchmark.NoBench	5.37GB/5.73GB (93.7%)
2021-11-08T13:40:12.772+0000	[######################..] benchmark.NoBench	5.39GB/5.73GB (94.0%)
2021-11-08T13:40:15.772+0000	[######################..] benchmark.NoBench	5.41GB/5.73GB (94.3%)
2021-11-08T13:40:18.772+0000	[######################..] benchmark.NoBench	5.42GB/5.73GB (94.5%)
2021-11-08T13:40:21.774+0000	[######################..] benchmark.NoBench	5.44GB/5.73GB (94.8%)
2021-11-08T13:40:24.773+0000	[######################..] benchmark.NoBench	5.45GB/5.73GB (95.1%)
2021-11-08T13:40:27.772+0000	[######################..] benchmark.NoBench	5.47GB/5.73GB (95.4%)
2021-11-08T13:40:30.772+0000	[######################..] benchmark.NoBench	5.49GB/5.73GB (95.7%)
2021-11-08T13:40:33.775+0000	[#######################.] benchmark.NoBench	5.50GB/5.73GB (96.0%)
2021-11-08T13:40:36.773+0000	[#######################.] benchmark.NoBench	5.52GB/5.73GB (96.2%)
2021-11-08T13:40:39.778+0000	[#######################.] benchmark.NoBench	5.53GB/5.73GB (96.5%)
2021-11-08T13:40:42.773+0000	[#######################.] benchmark.NoBench	5.55GB/5.73GB (96.8%)
2021-11-08T13:40:45.776+0000	[#######################.] benchmark.NoBench	5.56GB/5.73GB (97.0%)
2021-11-08T13:40:48.772+0000	[#######################.] benchmark.NoBench	5.58GB/5.73GB (97.3%)
2021-11-08T13:40:51.772+0000	[#######################.] benchmark.NoBench	5.60GB/5.73GB (97.6%)
2021-11-08T13:40:54.772+0000	[#######################.] benchmark.NoBench	5.61GB/5.73GB (97.9%)
2021-11-08T13:40:57.772+0000	[#######################.] benchmark.NoBench	5.63GB/5.73GB (98.2%)
2021-11-08T13:41:00.774+0000	[#######################.] benchmark.NoBench	5.64GB/5.73GB (98.4%)
2021-11-08T13:41:03.773+0000	[#######################.] benchmark.NoBench	5.66GB/5.73GB (98.7%)
2021-11-08T13:41:06.773+0000	[#######################.] benchmark.NoBench	5.68GB/5.73GB (99.0%)
2021-11-08T13:41:09.773+0000	[#######################.] benchmark.NoBench	5.69GB/5.73GB (99.3%)
2021-11-08T13:41:12.772+0000	[#######################.] benchmark.NoBench	5.71GB/5.73GB (99.5%)
2021-11-08T13:41:15.772+0000	[#######################.] benchmark.NoBench	5.72GB/5.73GB (99.8%)
2021-11-08T13:41:17.924+0000	[########################] benchmark.NoBench	5.73GB/5.73GB (100.0%)
2021-11-08T13:41:17.924+0000	10000000 document(s) imported successfully. 0 document(s) failed to import.
mongo-benchmark
MongoDB: 1524.63 s
mongo-benchmark
=== Found Postgres query file, executing Postgres queries ===
= File:'NoBench.json' =
13.4-alpine: Pulling from library/postgres
Digest: sha256:c170270dc9ba94f491375e366fa2cf46d0bc0027e4a69d70e6e9d1454ba748dc
Status: Image is up to date for postgres:13.4-alpine
35bf6b3e372f333500509354545cf6151041cc87a034f6cfdf65deb2b44b5243
3
PSQL: 363.587 s
psql-benchmark
=== Results ===
= JQ =
Overall: 
= JODA =
Overall: 32.6805
Query Time: 9.07832
1.286749235
0.917269093
1.085050614
0.885896368
0.880565679
0.459130293
0.900226517
0.89172933
0.88708672
0.884614899
= Mongo =
Overall: 1524.63
24.994
41.736
54.865
39.907
51.85
29.047
51.691
52.88
42.339
29.787
Query Time: 419.096
= PostgreSQL =
Overall: 363.587
=== AGG Results ===
= JQ =

= JODA =
10000000
3472172
7963856
7957515
4091463
1304726
186632
621867
196486
67997
2294
= Mongo =
3472172
7963856
7957515
4091463
1304726
186632
621867
196486
67997
2294
= PostgreSQL =
 3472172
 7963856
 7957515
 4091463
 1304726
 186632
 621867
 196486
 67997
  2294
