=== Found JODA query file, executing JODA queries ===
= File:'Twitter.json' =
0.12.4: Pulling from nicotin/joda
Digest: sha256:b253680f2c5ee1118e2c282e0c4ebff5cb6e87643fb98abcf1e686caaa35152a
Status: Image is up to date for nicotin/joda:0.12.4
6737e012db29c997d991e003136bf81f086f69abd5e1cce1d151c7fb14d997d3
0
JODA: 90.7335 s
joda-benchmark
=== Results ===
= JQ =
Overall: 
= JODA =
Overall: 90.7335
Query Time: 17.9007
5.503311388
4.38852439
1.901176309
1.672960692
1.198649971
0.939352455
0.87732944
0.556167236
0.522659938
0.340556699
= Mongo =
Overall: 

Query Time: 
= PostgreSQL =
Overall: 
=== AGG Results ===
= JQ =

= JODA =
13346336
10691615
11361303
10691615
5073309
2357145
2448699
4134462
4292061
2125962
2265611
= Mongo =

= PostgreSQL =

