=== Found JODA query file, executing JODA queries ===
= File:'Twitter.json' =
0.12.4: Pulling from nicotin/joda
Digest: sha256:b253680f2c5ee1118e2c282e0c4ebff5cb6e87643fb98abcf1e686caaa35152a
Status: Image is up to date for nicotin/joda:0.12.4
82064f85fb0aeaecf17b15478850cf72d8ec2ec86a88c31bb0f8954741f1054b
0
JODA: 69.5363 s
joda-benchmark
=== Results ===
= JQ =
Overall: 
= JODA =
Overall: 69.5363
Query Time: 8.76392
6.170672918
1.565260954
0.22849872
0.021545493
0.684004429
0.018681921
0.023836212
0.017025113
0.016942168
0.017453537
= Mongo =
Overall: 

Query Time: 
= PostgreSQL =
Overall: 
=== AGG Results ===
= JQ =

= JODA =
13346336
5073309
2880550
0
0
4235201
0
0
0
0
0
= Mongo =

= PostgreSQL =

