=== Found JODA query file, executing JODA queries ===
= File:'NoBench.json' =
0.12.3: Pulling from nicotin/joda
Digest: sha256:6c0c6b4a19967ae02ef348535acdb3eb8496453a8b868763c34370e10be0192f
Status: Image is up to date for nicotin/joda:0.12.3
21649d3be745b173fbcfd45644c4ce8715581cd05583ef339cd7dd16d14fc0e4
0
JODA: 32.1634 s
joda-benchmark
=== Found MongoDB query file, executing MongoDB queries ===
= File:'NoBench.json' =
5.0.3-focal: Pulling from library/mongo
Digest: sha256:f7c401402aa3e689fc42c7109247ab2d5a3e3b4b8a3ace4c2bf7a5fc74ca4917
Status: Image is up to date for mongo:5.0.3-focal
0cf35e064a9b646c0323bb4c7e4d715cdd73ef82760434b7f19b813676ccf2a8
2021-11-09T02:21:52.191+0000	connected to: mongodb://localhost/
2021-11-09T02:21:55.191+0000	[........................] benchmark.NoBench	20.5MB/5.73GB (0.3%)
2021-11-09T02:21:58.193+0000	[........................] benchmark.NoBench	34.9MB/5.73GB (0.6%)
2021-11-09T02:22:01.193+0000	[........................] benchmark.NoBench	49.8MB/5.73GB (0.8%)
2021-11-09T02:22:04.191+0000	[........................] benchmark.NoBench	64.7MB/5.73GB (1.1%)
2021-11-09T02:22:07.192+0000	[........................] benchmark.NoBench	80.1MB/5.73GB (1.4%)
2021-11-09T02:22:10.192+0000	[........................] benchmark.NoBench	95.2MB/5.73GB (1.6%)
2021-11-09T02:22:13.191+0000	[........................] benchmark.NoBench	110MB/5.73GB (1.9%)
2021-11-09T02:22:16.191+0000	[........................] benchmark.NoBench	124MB/5.73GB (2.1%)
2021-11-09T02:22:19.192+0000	[........................] benchmark.NoBench	140MB/5.73GB (2.4%)
2021-11-09T02:22:22.191+0000	[........................] benchmark.NoBench	155MB/5.73GB (2.6%)
2021-11-09T02:22:25.191+0000	[........................] benchmark.NoBench	171MB/5.73GB (2.9%)
2021-11-09T02:22:28.191+0000	[........................] benchmark.NoBench	188MB/5.73GB (3.2%)
2021-11-09T02:22:31.191+0000	[........................] benchmark.NoBench	203MB/5.73GB (3.5%)
2021-11-09T02:22:34.191+0000	[........................] benchmark.NoBench	218MB/5.73GB (3.7%)
2021-11-09T02:22:37.191+0000	[........................] benchmark.NoBench	234MB/5.73GB (4.0%)
2021-11-09T02:22:40.194+0000	[#.......................] benchmark.NoBench	249MB/5.73GB (4.2%)
2021-11-09T02:22:43.192+0000	[#.......................] benchmark.NoBench	264MB/5.73GB (4.5%)
2021-11-09T02:22:46.191+0000	[#.......................] benchmark.NoBench	279MB/5.73GB (4.7%)
2021-11-09T02:22:49.191+0000	[#.......................] benchmark.NoBench	294MB/5.73GB (5.0%)
2021-11-09T02:22:52.191+0000	[#.......................] benchmark.NoBench	308MB/5.73GB (5.2%)
2021-11-09T02:22:55.191+0000	[#.......................] benchmark.NoBench	325MB/5.73GB (5.5%)
2021-11-09T02:22:58.191+0000	[#.......................] benchmark.NoBench	341MB/5.73GB (5.8%)
2021-11-09T02:23:01.192+0000	[#.......................] benchmark.NoBench	356MB/5.73GB (6.1%)
2021-11-09T02:23:04.191+0000	[#.......................] benchmark.NoBench	371MB/5.73GB (6.3%)
2021-11-09T02:23:07.191+0000	[#.......................] benchmark.NoBench	387MB/5.73GB (6.6%)
2021-11-09T02:23:10.191+0000	[#.......................] benchmark.NoBench	402MB/5.73GB (6.8%)
2021-11-09T02:23:13.191+0000	[#.......................] benchmark.NoBench	418MB/5.73GB (7.1%)
2021-11-09T02:23:16.192+0000	[#.......................] benchmark.NoBench	433MB/5.73GB (7.4%)
2021-11-09T02:23:19.191+0000	[#.......................] benchmark.NoBench	447MB/5.73GB (7.6%)
2021-11-09T02:23:22.191+0000	[#.......................] benchmark.NoBench	462MB/5.73GB (7.9%)
2021-11-09T02:23:25.191+0000	[#.......................] benchmark.NoBench	477MB/5.73GB (8.1%)
2021-11-09T02:23:28.192+0000	[##......................] benchmark.NoBench	493MB/5.73GB (8.4%)
2021-11-09T02:23:31.193+0000	[##......................] benchmark.NoBench	507MB/5.73GB (8.6%)
2021-11-09T02:23:34.191+0000	[##......................] benchmark.NoBench	523MB/5.73GB (8.9%)
2021-11-09T02:23:37.192+0000	[##......................] benchmark.NoBench	539MB/5.73GB (9.2%)
2021-11-09T02:23:40.194+0000	[##......................] benchmark.NoBench	554MB/5.73GB (9.4%)
2021-11-09T02:23:43.192+0000	[##......................] benchmark.NoBench	570MB/5.73GB (9.7%)
2021-11-09T02:23:46.191+0000	[##......................] benchmark.NoBench	585MB/5.73GB (10.0%)
2021-11-09T02:23:49.192+0000	[##......................] benchmark.NoBench	601MB/5.73GB (10.2%)
2021-11-09T02:23:52.191+0000	[##......................] benchmark.NoBench	618MB/5.73GB (10.5%)
2021-11-09T02:23:55.191+0000	[##......................] benchmark.NoBench	635MB/5.73GB (10.8%)
2021-11-09T02:23:58.191+0000	[##......................] benchmark.NoBench	650MB/5.73GB (11.1%)
2021-11-09T02:24:01.194+0000	[##......................] benchmark.NoBench	666MB/5.73GB (11.3%)
2021-11-09T02:24:04.191+0000	[##......................] benchmark.NoBench	681MB/5.73GB (11.6%)
2021-11-09T02:24:07.191+0000	[##......................] benchmark.NoBench	697MB/5.73GB (11.9%)
2021-11-09T02:24:10.191+0000	[##......................] benchmark.NoBench	711MB/5.73GB (12.1%)
2021-11-09T02:24:13.192+0000	[##......................] benchmark.NoBench	727MB/5.73GB (12.4%)
2021-11-09T02:24:16.193+0000	[###.....................] benchmark.NoBench	743MB/5.73GB (12.7%)
2021-11-09T02:24:19.192+0000	[###.....................] benchmark.NoBench	758MB/5.73GB (12.9%)
2021-11-09T02:24:22.192+0000	[###.....................] benchmark.NoBench	774MB/5.73GB (13.2%)
2021-11-09T02:24:25.193+0000	[###.....................] benchmark.NoBench	789MB/5.73GB (13.4%)
2021-11-09T02:24:28.194+0000	[###.....................] benchmark.NoBench	804MB/5.73GB (13.7%)
2021-11-09T02:24:31.191+0000	[###.....................] benchmark.NoBench	819MB/5.73GB (13.9%)
2021-11-09T02:24:34.191+0000	[###.....................] benchmark.NoBench	835MB/5.73GB (14.2%)
2021-11-09T02:24:37.191+0000	[###.....................] benchmark.NoBench	850MB/5.73GB (14.5%)
2021-11-09T02:24:40.199+0000	[###.....................] benchmark.NoBench	866MB/5.73GB (14.8%)
2021-11-09T02:24:43.191+0000	[###.....................] benchmark.NoBench	882MB/5.73GB (15.0%)
2021-11-09T02:24:46.192+0000	[###.....................] benchmark.NoBench	897MB/5.73GB (15.3%)
2021-11-09T02:24:49.192+0000	[###.....................] benchmark.NoBench	912MB/5.73GB (15.5%)
2021-11-09T02:24:52.194+0000	[###.....................] benchmark.NoBench	927MB/5.73GB (15.8%)
2021-11-09T02:24:55.192+0000	[###.....................] benchmark.NoBench	943MB/5.73GB (16.1%)
2021-11-09T02:24:58.191+0000	[###.....................] benchmark.NoBench	961MB/5.73GB (16.4%)
2021-11-09T02:25:01.191+0000	[###.....................] benchmark.NoBench	976MB/5.73GB (16.6%)
2021-11-09T02:25:04.191+0000	[####....................] benchmark.NoBench	993MB/5.73GB (16.9%)
2021-11-09T02:25:07.192+0000	[####....................] benchmark.NoBench	1008MB/5.73GB (17.2%)
2021-11-09T02:25:10.194+0000	[####....................] benchmark.NoBench	1023MB/5.73GB (17.4%)
2021-11-09T02:25:13.191+0000	[####....................] benchmark.NoBench	1.01GB/5.73GB (17.7%)
2021-11-09T02:25:16.193+0000	[####....................] benchmark.NoBench	1.03GB/5.73GB (17.9%)
2021-11-09T02:25:19.191+0000	[####....................] benchmark.NoBench	1.04GB/5.73GB (18.2%)
2021-11-09T02:25:22.191+0000	[####....................] benchmark.NoBench	1.06GB/5.73GB (18.4%)
2021-11-09T02:25:25.191+0000	[####....................] benchmark.NoBench	1.07GB/5.73GB (18.7%)
2021-11-09T02:25:28.191+0000	[####....................] benchmark.NoBench	1.09GB/5.73GB (19.0%)
2021-11-09T02:25:31.200+0000	[####....................] benchmark.NoBench	1.10GB/5.73GB (19.2%)
2021-11-09T02:25:34.192+0000	[####....................] benchmark.NoBench	1.12GB/5.73GB (19.5%)
2021-11-09T02:25:37.192+0000	[####....................] benchmark.NoBench	1.13GB/5.73GB (19.8%)
2021-11-09T02:25:40.192+0000	[####....................] benchmark.NoBench	1.15GB/5.73GB (20.0%)
2021-11-09T02:25:43.192+0000	[####....................] benchmark.NoBench	1.16GB/5.73GB (20.3%)
2021-11-09T02:25:46.191+0000	[####....................] benchmark.NoBench	1.18GB/5.73GB (20.6%)
2021-11-09T02:25:49.191+0000	[#####...................] benchmark.NoBench	1.20GB/5.73GB (20.8%)
2021-11-09T02:25:52.191+0000	[#####...................] benchmark.NoBench	1.21GB/5.73GB (21.1%)
2021-11-09T02:25:55.191+0000	[#####...................] benchmark.NoBench	1.23GB/5.73GB (21.4%)
2021-11-09T02:25:58.191+0000	[#####...................] benchmark.NoBench	1.24GB/5.73GB (21.7%)
2021-11-09T02:26:01.191+0000	[#####...................] benchmark.NoBench	1.26GB/5.73GB (22.0%)
2021-11-09T02:26:04.192+0000	[#####...................] benchmark.NoBench	1.28GB/5.73GB (22.3%)
2021-11-09T02:26:07.194+0000	[#####...................] benchmark.NoBench	1.29GB/5.73GB (22.5%)
2021-11-09T02:26:10.191+0000	[#####...................] benchmark.NoBench	1.31GB/5.73GB (22.8%)
2021-11-09T02:26:13.191+0000	[#####...................] benchmark.NoBench	1.32GB/5.73GB (23.1%)
2021-11-09T02:26:16.191+0000	[#####...................] benchmark.NoBench	1.34GB/5.73GB (23.3%)
2021-11-09T02:26:19.191+0000	[#####...................] benchmark.NoBench	1.35GB/5.73GB (23.6%)
2021-11-09T02:26:22.192+0000	[#####...................] benchmark.NoBench	1.37GB/5.73GB (23.9%)
2021-11-09T02:26:25.191+0000	[#####...................] benchmark.NoBench	1.38GB/5.73GB (24.1%)
2021-11-09T02:26:28.191+0000	[#####...................] benchmark.NoBench	1.40GB/5.73GB (24.4%)
2021-11-09T02:26:31.191+0000	[#####...................] benchmark.NoBench	1.42GB/5.73GB (24.7%)
2021-11-09T02:26:34.191+0000	[#####...................] benchmark.NoBench	1.43GB/5.73GB (25.0%)
2021-11-09T02:26:37.191+0000	[######..................] benchmark.NoBench	1.45GB/5.73GB (25.2%)
2021-11-09T02:26:40.195+0000	[######..................] benchmark.NoBench	1.46GB/5.73GB (25.5%)
2021-11-09T02:26:43.191+0000	[######..................] benchmark.NoBench	1.48GB/5.73GB (25.8%)
2021-11-09T02:26:46.192+0000	[######..................] benchmark.NoBench	1.49GB/5.73GB (26.1%)
2021-11-09T02:26:49.192+0000	[######..................] benchmark.NoBench	1.51GB/5.73GB (26.3%)
2021-11-09T02:26:52.191+0000	[######..................] benchmark.NoBench	1.52GB/5.73GB (26.6%)
2021-11-09T02:26:55.191+0000	[######..................] benchmark.NoBench	1.54GB/5.73GB (26.8%)
2021-11-09T02:26:58.191+0000	[######..................] benchmark.NoBench	1.55GB/5.73GB (27.1%)
2021-11-09T02:27:01.195+0000	[######..................] benchmark.NoBench	1.57GB/5.73GB (27.4%)
2021-11-09T02:27:04.194+0000	[######..................] benchmark.NoBench	1.59GB/5.73GB (27.7%)
2021-11-09T02:27:07.192+0000	[######..................] benchmark.NoBench	1.60GB/5.73GB (27.9%)
2021-11-09T02:27:10.191+0000	[######..................] benchmark.NoBench	1.61GB/5.73GB (28.2%)
2021-11-09T02:27:13.191+0000	[######..................] benchmark.NoBench	1.63GB/5.73GB (28.4%)
2021-11-09T02:27:16.191+0000	[######..................] benchmark.NoBench	1.65GB/5.73GB (28.7%)
2021-11-09T02:27:19.192+0000	[######..................] benchmark.NoBench	1.66GB/5.73GB (29.0%)
2021-11-09T02:27:22.191+0000	[#######.................] benchmark.NoBench	1.68GB/5.73GB (29.2%)
2021-11-09T02:27:25.192+0000	[#######.................] benchmark.NoBench	1.69GB/5.73GB (29.5%)
2021-11-09T02:27:28.191+0000	[#######.................] benchmark.NoBench	1.71GB/5.73GB (29.8%)
2021-11-09T02:27:31.191+0000	[#######.................] benchmark.NoBench	1.72GB/5.73GB (30.0%)
2021-11-09T02:27:34.191+0000	[#######.................] benchmark.NoBench	1.74GB/5.73GB (30.3%)
2021-11-09T02:27:37.191+0000	[#######.................] benchmark.NoBench	1.75GB/5.73GB (30.5%)
2021-11-09T02:27:40.191+0000	[#######.................] benchmark.NoBench	1.77GB/5.73GB (30.8%)
2021-11-09T02:27:43.191+0000	[#######.................] benchmark.NoBench	1.78GB/5.73GB (31.1%)
2021-11-09T02:27:46.191+0000	[#######.................] benchmark.NoBench	1.80GB/5.73GB (31.3%)
2021-11-09T02:27:49.191+0000	[#######.................] benchmark.NoBench	1.81GB/5.73GB (31.6%)
2021-11-09T02:27:52.191+0000	[#######.................] benchmark.NoBench	1.82GB/5.73GB (31.8%)
2021-11-09T02:27:55.192+0000	[#######.................] benchmark.NoBench	1.84GB/5.73GB (32.1%)
2021-11-09T02:27:58.196+0000	[#######.................] benchmark.NoBench	1.86GB/5.73GB (32.4%)
2021-11-09T02:28:01.191+0000	[#######.................] benchmark.NoBench	1.87GB/5.73GB (32.7%)
2021-11-09T02:28:04.192+0000	[#######.................] benchmark.NoBench	1.89GB/5.73GB (32.9%)
2021-11-09T02:28:07.192+0000	[#######.................] benchmark.NoBench	1.90GB/5.73GB (33.2%)
2021-11-09T02:28:10.191+0000	[########................] benchmark.NoBench	1.92GB/5.73GB (33.5%)
2021-11-09T02:28:13.191+0000	[########................] benchmark.NoBench	1.94GB/5.73GB (33.8%)
2021-11-09T02:28:16.191+0000	[########................] benchmark.NoBench	1.95GB/5.73GB (34.0%)
2021-11-09T02:28:19.191+0000	[########................] benchmark.NoBench	1.97GB/5.73GB (34.3%)
2021-11-09T02:28:22.192+0000	[########................] benchmark.NoBench	1.98GB/5.73GB (34.6%)
2021-11-09T02:28:25.196+0000	[########................] benchmark.NoBench	2.00GB/5.73GB (34.8%)
2021-11-09T02:28:28.192+0000	[########................] benchmark.NoBench	2.01GB/5.73GB (35.1%)
2021-11-09T02:28:31.191+0000	[########................] benchmark.NoBench	2.03GB/5.73GB (35.4%)
2021-11-09T02:28:34.191+0000	[########................] benchmark.NoBench	2.04GB/5.73GB (35.6%)
2021-11-09T02:28:37.193+0000	[########................] benchmark.NoBench	2.06GB/5.73GB (35.9%)
2021-11-09T02:28:40.192+0000	[########................] benchmark.NoBench	2.07GB/5.73GB (36.1%)
2021-11-09T02:28:43.202+0000	[########................] benchmark.NoBench	2.09GB/5.73GB (36.4%)
2021-11-09T02:28:46.192+0000	[########................] benchmark.NoBench	2.10GB/5.73GB (36.7%)
2021-11-09T02:28:49.192+0000	[########................] benchmark.NoBench	2.12GB/5.73GB (36.9%)
2021-11-09T02:28:52.191+0000	[########................] benchmark.NoBench	2.13GB/5.73GB (37.2%)
2021-11-09T02:28:55.191+0000	[########................] benchmark.NoBench	2.15GB/5.73GB (37.5%)
2021-11-09T02:28:58.191+0000	[#########...............] benchmark.NoBench	2.16GB/5.73GB (37.7%)
2021-11-09T02:29:01.193+0000	[#########...............] benchmark.NoBench	2.18GB/5.73GB (38.0%)
2021-11-09T02:29:04.191+0000	[#########...............] benchmark.NoBench	2.20GB/5.73GB (38.3%)
2021-11-09T02:29:07.191+0000	[#########...............] benchmark.NoBench	2.21GB/5.73GB (38.6%)
2021-11-09T02:29:10.191+0000	[#########...............] benchmark.NoBench	2.23GB/5.73GB (38.9%)
2021-11-09T02:29:13.192+0000	[#########...............] benchmark.NoBench	2.24GB/5.73GB (39.1%)
2021-11-09T02:29:16.191+0000	[#########...............] benchmark.NoBench	2.26GB/5.73GB (39.4%)
2021-11-09T02:29:19.192+0000	[#########...............] benchmark.NoBench	2.27GB/5.73GB (39.7%)
2021-11-09T02:29:22.191+0000	[#########...............] benchmark.NoBench	2.29GB/5.73GB (39.9%)
2021-11-09T02:29:25.192+0000	[#########...............] benchmark.NoBench	2.31GB/5.73GB (40.2%)
2021-11-09T02:29:28.191+0000	[#########...............] benchmark.NoBench	2.32GB/5.73GB (40.5%)
2021-11-09T02:29:31.191+0000	[#########...............] benchmark.NoBench	2.34GB/5.73GB (40.7%)
2021-11-09T02:29:34.192+0000	[#########...............] benchmark.NoBench	2.35GB/5.73GB (41.0%)
2021-11-09T02:29:37.192+0000	[#########...............] benchmark.NoBench	2.37GB/5.73GB (41.3%)
2021-11-09T02:29:40.191+0000	[#########...............] benchmark.NoBench	2.38GB/5.73GB (41.6%)
2021-11-09T02:29:43.192+0000	[##########..............] benchmark.NoBench	2.40GB/5.73GB (41.8%)
2021-11-09T02:29:46.191+0000	[##########..............] benchmark.NoBench	2.41GB/5.73GB (42.1%)
2021-11-09T02:29:49.191+0000	[##########..............] benchmark.NoBench	2.43GB/5.73GB (42.4%)
2021-11-09T02:29:52.192+0000	[##########..............] benchmark.NoBench	2.45GB/5.73GB (42.6%)
2021-11-09T02:29:55.193+0000	[##########..............] benchmark.NoBench	2.46GB/5.73GB (42.9%)
2021-11-09T02:29:58.192+0000	[##########..............] benchmark.NoBench	2.48GB/5.73GB (43.2%)
2021-11-09T02:30:01.191+0000	[##########..............] benchmark.NoBench	2.49GB/5.73GB (43.5%)
2021-11-09T02:30:04.191+0000	[##########..............] benchmark.NoBench	2.51GB/5.73GB (43.8%)
2021-11-09T02:30:07.192+0000	[##########..............] benchmark.NoBench	2.53GB/5.73GB (44.1%)
2021-11-09T02:30:10.191+0000	[##########..............] benchmark.NoBench	2.54GB/5.73GB (44.3%)
2021-11-09T02:30:13.192+0000	[##########..............] benchmark.NoBench	2.56GB/5.73GB (44.6%)
2021-11-09T02:30:16.192+0000	[##########..............] benchmark.NoBench	2.57GB/5.73GB (44.8%)
2021-11-09T02:30:19.191+0000	[##########..............] benchmark.NoBench	2.59GB/5.73GB (45.1%)
2021-11-09T02:30:22.191+0000	[##########..............] benchmark.NoBench	2.60GB/5.73GB (45.4%)
2021-11-09T02:30:25.192+0000	[##########..............] benchmark.NoBench	2.62GB/5.73GB (45.7%)
2021-11-09T02:30:28.191+0000	[###########.............] benchmark.NoBench	2.63GB/5.73GB (46.0%)
2021-11-09T02:30:31.191+0000	[###########.............] benchmark.NoBench	2.65GB/5.73GB (46.2%)
2021-11-09T02:30:34.192+0000	[###########.............] benchmark.NoBench	2.67GB/5.73GB (46.5%)
2021-11-09T02:30:37.191+0000	[###########.............] benchmark.NoBench	2.68GB/5.73GB (46.8%)
2021-11-09T02:30:40.191+0000	[###########.............] benchmark.NoBench	2.70GB/5.73GB (47.1%)
2021-11-09T02:30:43.191+0000	[###########.............] benchmark.NoBench	2.71GB/5.73GB (47.3%)
2021-11-09T02:30:46.192+0000	[###########.............] benchmark.NoBench	2.73GB/5.73GB (47.6%)
2021-11-09T02:30:49.191+0000	[###########.............] benchmark.NoBench	2.75GB/5.73GB (47.9%)
2021-11-09T02:30:52.192+0000	[###########.............] benchmark.NoBench	2.76GB/5.73GB (48.2%)
2021-11-09T02:30:55.193+0000	[###########.............] benchmark.NoBench	2.78GB/5.73GB (48.4%)
2021-11-09T02:30:58.191+0000	[###########.............] benchmark.NoBench	2.79GB/5.73GB (48.7%)
2021-11-09T02:31:01.192+0000	[###########.............] benchmark.NoBench	2.81GB/5.73GB (49.0%)
2021-11-09T02:31:04.191+0000	[###########.............] benchmark.NoBench	2.82GB/5.73GB (49.2%)
2021-11-09T02:31:07.192+0000	[###########.............] benchmark.NoBench	2.84GB/5.73GB (49.6%)
2021-11-09T02:31:10.191+0000	[###########.............] benchmark.NoBench	2.86GB/5.73GB (49.9%)
2021-11-09T02:31:13.192+0000	[############............] benchmark.NoBench	2.87GB/5.73GB (50.1%)
2021-11-09T02:31:16.191+0000	[############............] benchmark.NoBench	2.89GB/5.73GB (50.4%)
2021-11-09T02:31:19.191+0000	[############............] benchmark.NoBench	2.91GB/5.73GB (50.7%)
2021-11-09T02:31:22.192+0000	[############............] benchmark.NoBench	2.92GB/5.73GB (50.9%)
2021-11-09T02:31:25.192+0000	[############............] benchmark.NoBench	2.94GB/5.73GB (51.2%)
2021-11-09T02:31:28.192+0000	[############............] benchmark.NoBench	2.95GB/5.73GB (51.5%)
2021-11-09T02:31:31.191+0000	[############............] benchmark.NoBench	2.97GB/5.73GB (51.7%)
2021-11-09T02:31:34.191+0000	[############............] benchmark.NoBench	2.98GB/5.73GB (52.0%)
2021-11-09T02:31:37.191+0000	[############............] benchmark.NoBench	3.00GB/5.73GB (52.3%)
2021-11-09T02:31:40.191+0000	[############............] benchmark.NoBench	3.01GB/5.73GB (52.6%)
2021-11-09T02:31:43.191+0000	[############............] benchmark.NoBench	3.03GB/5.73GB (52.9%)
2021-11-09T02:31:46.191+0000	[############............] benchmark.NoBench	3.05GB/5.73GB (53.1%)
2021-11-09T02:31:49.194+0000	[############............] benchmark.NoBench	3.06GB/5.73GB (53.4%)
2021-11-09T02:31:52.192+0000	[############............] benchmark.NoBench	3.08GB/5.73GB (53.7%)
2021-11-09T02:31:55.192+0000	[############............] benchmark.NoBench	3.09GB/5.73GB (54.0%)
2021-11-09T02:31:58.191+0000	[#############...........] benchmark.NoBench	3.11GB/5.73GB (54.2%)
2021-11-09T02:32:01.191+0000	[#############...........] benchmark.NoBench	3.12GB/5.73GB (54.5%)
2021-11-09T02:32:04.191+0000	[#############...........] benchmark.NoBench	3.14GB/5.73GB (54.8%)
2021-11-09T02:32:07.191+0000	[#############...........] benchmark.NoBench	3.16GB/5.73GB (55.1%)
2021-11-09T02:32:10.191+0000	[#############...........] benchmark.NoBench	3.17GB/5.73GB (55.4%)
2021-11-09T02:32:13.191+0000	[#############...........] benchmark.NoBench	3.19GB/5.73GB (55.7%)
2021-11-09T02:32:16.191+0000	[#############...........] benchmark.NoBench	3.21GB/5.73GB (55.9%)
2021-11-09T02:32:19.192+0000	[#############...........] benchmark.NoBench	3.22GB/5.73GB (56.2%)
2021-11-09T02:32:22.191+0000	[#############...........] benchmark.NoBench	3.24GB/5.73GB (56.5%)
2021-11-09T02:32:25.191+0000	[#############...........] benchmark.NoBench	3.26GB/5.73GB (56.8%)
2021-11-09T02:32:28.191+0000	[#############...........] benchmark.NoBench	3.27GB/5.73GB (57.1%)
2021-11-09T02:32:31.192+0000	[#############...........] benchmark.NoBench	3.29GB/5.73GB (57.4%)
2021-11-09T02:32:34.191+0000	[#############...........] benchmark.NoBench	3.31GB/5.73GB (57.7%)
2021-11-09T02:32:37.191+0000	[#############...........] benchmark.NoBench	3.32GB/5.73GB (57.9%)
2021-11-09T02:32:40.191+0000	[#############...........] benchmark.NoBench	3.34GB/5.73GB (58.2%)
2021-11-09T02:32:43.191+0000	[##############..........] benchmark.NoBench	3.35GB/5.73GB (58.5%)
2021-11-09T02:32:46.192+0000	[##############..........] benchmark.NoBench	3.37GB/5.73GB (58.7%)
2021-11-09T02:32:49.191+0000	[##############..........] benchmark.NoBench	3.38GB/5.73GB (59.0%)
2021-11-09T02:32:52.191+0000	[##############..........] benchmark.NoBench	3.40GB/5.73GB (59.3%)
2021-11-09T02:32:55.191+0000	[##############..........] benchmark.NoBench	3.41GB/5.73GB (59.6%)
2021-11-09T02:32:58.192+0000	[##############..........] benchmark.NoBench	3.43GB/5.73GB (59.8%)
2021-11-09T02:33:01.195+0000	[##############..........] benchmark.NoBench	3.44GB/5.73GB (60.1%)
2021-11-09T02:33:04.191+0000	[##############..........] benchmark.NoBench	3.46GB/5.73GB (60.3%)
2021-11-09T02:33:07.192+0000	[##############..........] benchmark.NoBench	3.48GB/5.73GB (60.6%)
2021-11-09T02:33:10.192+0000	[##############..........] benchmark.NoBench	3.49GB/5.73GB (60.9%)
2021-11-09T02:33:13.192+0000	[##############..........] benchmark.NoBench	3.51GB/5.73GB (61.2%)
2021-11-09T02:33:16.192+0000	[##############..........] benchmark.NoBench	3.52GB/5.73GB (61.5%)
2021-11-09T02:33:19.191+0000	[##############..........] benchmark.NoBench	3.54GB/5.73GB (61.8%)
2021-11-09T02:33:22.193+0000	[##############..........] benchmark.NoBench	3.56GB/5.73GB (62.0%)
2021-11-09T02:33:25.191+0000	[##############..........] benchmark.NoBench	3.57GB/5.73GB (62.3%)
2021-11-09T02:33:28.191+0000	[###############.........] benchmark.NoBench	3.59GB/5.73GB (62.6%)
2021-11-09T02:33:31.191+0000	[###############.........] benchmark.NoBench	3.61GB/5.73GB (62.9%)
2021-11-09T02:33:34.191+0000	[###############.........] benchmark.NoBench	3.62GB/5.73GB (63.1%)
2021-11-09T02:33:37.191+0000	[###############.........] benchmark.NoBench	3.64GB/5.73GB (63.4%)
2021-11-09T02:33:40.192+0000	[###############.........] benchmark.NoBench	3.65GB/5.73GB (63.7%)
2021-11-09T02:33:43.191+0000	[###############.........] benchmark.NoBench	3.67GB/5.73GB (63.9%)
2021-11-09T02:33:46.192+0000	[###############.........] benchmark.NoBench	3.68GB/5.73GB (64.2%)
2021-11-09T02:33:49.191+0000	[###############.........] benchmark.NoBench	3.70GB/5.73GB (64.5%)
2021-11-09T02:33:52.193+0000	[###############.........] benchmark.NoBench	3.71GB/5.73GB (64.7%)
2021-11-09T02:33:55.191+0000	[###############.........] benchmark.NoBench	3.73GB/5.73GB (65.0%)
2021-11-09T02:33:58.191+0000	[###############.........] benchmark.NoBench	3.74GB/5.73GB (65.3%)
2021-11-09T02:34:01.191+0000	[###############.........] benchmark.NoBench	3.76GB/5.73GB (65.6%)
2021-11-09T02:34:04.191+0000	[###############.........] benchmark.NoBench	3.78GB/5.73GB (65.9%)
2021-11-09T02:34:07.191+0000	[###############.........] benchmark.NoBench	3.79GB/5.73GB (66.1%)
2021-11-09T02:34:10.192+0000	[###############.........] benchmark.NoBench	3.81GB/5.73GB (66.4%)
2021-11-09T02:34:13.194+0000	[################........] benchmark.NoBench	3.83GB/5.73GB (66.7%)
2021-11-09T02:34:16.193+0000	[################........] benchmark.NoBench	3.84GB/5.73GB (67.0%)
2021-11-09T02:34:19.192+0000	[################........] benchmark.NoBench	3.86GB/5.73GB (67.3%)
2021-11-09T02:34:22.192+0000	[################........] benchmark.NoBench	3.87GB/5.73GB (67.5%)
2021-11-09T02:34:25.193+0000	[################........] benchmark.NoBench	3.89GB/5.73GB (67.8%)
2021-11-09T02:34:28.191+0000	[################........] benchmark.NoBench	3.90GB/5.73GB (68.1%)
2021-11-09T02:34:31.192+0000	[################........] benchmark.NoBench	3.92GB/5.73GB (68.3%)
2021-11-09T02:34:34.191+0000	[################........] benchmark.NoBench	3.94GB/5.73GB (68.6%)
2021-11-09T02:34:37.192+0000	[################........] benchmark.NoBench	3.95GB/5.73GB (68.9%)
2021-11-09T02:34:40.191+0000	[################........] benchmark.NoBench	3.97GB/5.73GB (69.2%)
2021-11-09T02:34:43.192+0000	[################........] benchmark.NoBench	3.99GB/5.73GB (69.5%)
2021-11-09T02:34:46.191+0000	[################........] benchmark.NoBench	4.00GB/5.73GB (69.8%)
2021-11-09T02:34:49.191+0000	[################........] benchmark.NoBench	4.02GB/5.73GB (70.1%)
2021-11-09T02:34:52.191+0000	[################........] benchmark.NoBench	4.03GB/5.73GB (70.3%)
2021-11-09T02:34:55.191+0000	[################........] benchmark.NoBench	4.05GB/5.73GB (70.6%)
2021-11-09T02:34:58.191+0000	[#################.......] benchmark.NoBench	4.07GB/5.73GB (70.9%)
2021-11-09T02:35:01.191+0000	[#################.......] benchmark.NoBench	4.08GB/5.73GB (71.2%)
2021-11-09T02:35:04.192+0000	[#################.......] benchmark.NoBench	4.10GB/5.73GB (71.5%)
2021-11-09T02:35:07.191+0000	[#################.......] benchmark.NoBench	4.11GB/5.73GB (71.8%)
2021-11-09T02:35:10.195+0000	[#################.......] benchmark.NoBench	4.13GB/5.73GB (72.0%)
2021-11-09T02:35:13.191+0000	[#################.......] benchmark.NoBench	4.15GB/5.73GB (72.3%)
2021-11-09T02:35:16.191+0000	[#################.......] benchmark.NoBench	4.16GB/5.73GB (72.6%)
2021-11-09T02:35:19.191+0000	[#################.......] benchmark.NoBench	4.18GB/5.73GB (72.9%)
2021-11-09T02:35:22.191+0000	[#################.......] benchmark.NoBench	4.19GB/5.73GB (73.1%)
2021-11-09T02:35:25.191+0000	[#################.......] benchmark.NoBench	4.21GB/5.73GB (73.4%)
2021-11-09T02:35:28.191+0000	[#################.......] benchmark.NoBench	4.22GB/5.73GB (73.7%)
2021-11-09T02:35:31.191+0000	[#################.......] benchmark.NoBench	4.24GB/5.73GB (73.9%)
2021-11-09T02:35:34.191+0000	[#################.......] benchmark.NoBench	4.25GB/5.73GB (74.2%)
2021-11-09T02:35:37.191+0000	[#################.......] benchmark.NoBench	4.27GB/5.73GB (74.5%)
2021-11-09T02:35:40.191+0000	[#################.......] benchmark.NoBench	4.29GB/5.73GB (74.8%)
2021-11-09T02:35:43.191+0000	[##################......] benchmark.NoBench	4.31GB/5.73GB (75.1%)
2021-11-09T02:35:46.192+0000	[##################......] benchmark.NoBench	4.32GB/5.73GB (75.4%)
2021-11-09T02:35:49.192+0000	[##################......] benchmark.NoBench	4.34GB/5.73GB (75.6%)
2021-11-09T02:35:52.191+0000	[##################......] benchmark.NoBench	4.35GB/5.73GB (75.9%)
2021-11-09T02:35:55.191+0000	[##################......] benchmark.NoBench	4.37GB/5.73GB (76.2%)
2021-11-09T02:35:58.191+0000	[##################......] benchmark.NoBench	4.38GB/5.73GB (76.4%)
2021-11-09T02:36:01.191+0000	[##################......] benchmark.NoBench	4.40GB/5.73GB (76.7%)
2021-11-09T02:36:04.191+0000	[##################......] benchmark.NoBench	4.41GB/5.73GB (77.0%)
2021-11-09T02:36:07.191+0000	[##################......] benchmark.NoBench	4.43GB/5.73GB (77.3%)
2021-11-09T02:36:10.191+0000	[##################......] benchmark.NoBench	4.45GB/5.73GB (77.5%)
2021-11-09T02:36:13.191+0000	[##################......] benchmark.NoBench	4.46GB/5.73GB (77.8%)
2021-11-09T02:36:16.192+0000	[##################......] benchmark.NoBench	4.48GB/5.73GB (78.1%)
2021-11-09T02:36:19.191+0000	[##################......] benchmark.NoBench	4.50GB/5.73GB (78.4%)
2021-11-09T02:36:22.191+0000	[##################......] benchmark.NoBench	4.51GB/5.73GB (78.7%)
2021-11-09T02:36:25.191+0000	[##################......] benchmark.NoBench	4.53GB/5.73GB (79.0%)
2021-11-09T02:36:28.191+0000	[###################.....] benchmark.NoBench	4.54GB/5.73GB (79.3%)
2021-11-09T02:36:31.191+0000	[###################.....] benchmark.NoBench	4.56GB/5.73GB (79.5%)
2021-11-09T02:36:34.191+0000	[###################.....] benchmark.NoBench	4.58GB/5.73GB (79.8%)
2021-11-09T02:36:37.191+0000	[###################.....] benchmark.NoBench	4.59GB/5.73GB (80.1%)
2021-11-09T02:36:40.191+0000	[###################.....] benchmark.NoBench	4.61GB/5.73GB (80.3%)
2021-11-09T02:36:43.192+0000	[###################.....] benchmark.NoBench	4.62GB/5.73GB (80.6%)
2021-11-09T02:36:46.191+0000	[###################.....] benchmark.NoBench	4.64GB/5.73GB (80.9%)
2021-11-09T02:36:49.191+0000	[###################.....] benchmark.NoBench	4.65GB/5.73GB (81.2%)
2021-11-09T02:36:52.191+0000	[###################.....] benchmark.NoBench	4.67GB/5.73GB (81.4%)
2021-11-09T02:36:55.191+0000	[###################.....] benchmark.NoBench	4.68GB/5.73GB (81.7%)
2021-11-09T02:36:58.191+0000	[###################.....] benchmark.NoBench	4.70GB/5.73GB (82.0%)
2021-11-09T02:37:01.194+0000	[###################.....] benchmark.NoBench	4.72GB/5.73GB (82.3%)
2021-11-09T02:37:04.192+0000	[###################.....] benchmark.NoBench	4.73GB/5.73GB (82.5%)
2021-11-09T02:37:07.193+0000	[###################.....] benchmark.NoBench	4.75GB/5.73GB (82.8%)
2021-11-09T02:37:10.193+0000	[###################.....] benchmark.NoBench	4.76GB/5.73GB (83.1%)
2021-11-09T02:37:13.191+0000	[####################....] benchmark.NoBench	4.78GB/5.73GB (83.4%)
2021-11-09T02:37:16.191+0000	[####################....] benchmark.NoBench	4.80GB/5.73GB (83.7%)
2021-11-09T02:37:19.191+0000	[####################....] benchmark.NoBench	4.81GB/5.73GB (84.0%)
2021-11-09T02:37:22.191+0000	[####################....] benchmark.NoBench	4.83GB/5.73GB (84.2%)
2021-11-09T02:37:25.191+0000	[####################....] benchmark.NoBench	4.84GB/5.73GB (84.5%)
2021-11-09T02:37:28.191+0000	[####################....] benchmark.NoBench	4.86GB/5.73GB (84.8%)
2021-11-09T02:37:31.191+0000	[####################....] benchmark.NoBench	4.88GB/5.73GB (85.0%)
2021-11-09T02:37:34.191+0000	[####################....] benchmark.NoBench	4.89GB/5.73GB (85.3%)
2021-11-09T02:37:37.191+0000	[####################....] benchmark.NoBench	4.91GB/5.73GB (85.6%)
2021-11-09T02:37:40.191+0000	[####################....] benchmark.NoBench	4.93GB/5.73GB (85.9%)
2021-11-09T02:37:43.191+0000	[####################....] benchmark.NoBench	4.94GB/5.73GB (86.2%)
2021-11-09T02:37:46.192+0000	[####################....] benchmark.NoBench	4.96GB/5.73GB (86.5%)
2021-11-09T02:37:49.191+0000	[####################....] benchmark.NoBench	4.97GB/5.73GB (86.8%)
2021-11-09T02:37:52.191+0000	[####################....] benchmark.NoBench	4.99GB/5.73GB (87.0%)
2021-11-09T02:37:55.191+0000	[####################....] benchmark.NoBench	5.01GB/5.73GB (87.3%)
2021-11-09T02:37:58.191+0000	[#####################...] benchmark.NoBench	5.02GB/5.73GB (87.6%)
2021-11-09T02:38:01.198+0000	[#####################...] benchmark.NoBench	5.04GB/5.73GB (87.9%)
2021-11-09T02:38:04.191+0000	[#####################...] benchmark.NoBench	5.05GB/5.73GB (88.2%)
2021-11-09T02:38:07.191+0000	[#####################...] benchmark.NoBench	5.07GB/5.73GB (88.4%)
2021-11-09T02:38:10.191+0000	[#####################...] benchmark.NoBench	5.09GB/5.73GB (88.7%)
2021-11-09T02:38:13.193+0000	[#####################...] benchmark.NoBench	5.10GB/5.73GB (89.0%)
2021-11-09T02:38:16.191+0000	[#####################...] benchmark.NoBench	5.12GB/5.73GB (89.3%)
2021-11-09T02:38:19.191+0000	[#####################...] benchmark.NoBench	5.14GB/5.73GB (89.6%)
2021-11-09T02:38:22.191+0000	[#####################...] benchmark.NoBench	5.15GB/5.73GB (89.8%)
2021-11-09T02:38:25.192+0000	[#####################...] benchmark.NoBench	5.17GB/5.73GB (90.1%)
2021-11-09T02:38:28.191+0000	[#####################...] benchmark.NoBench	5.18GB/5.73GB (90.4%)
2021-11-09T02:38:31.191+0000	[#####################...] benchmark.NoBench	5.20GB/5.73GB (90.7%)
2021-11-09T02:38:34.192+0000	[#####################...] benchmark.NoBench	5.22GB/5.73GB (91.0%)
2021-11-09T02:38:37.191+0000	[#####################...] benchmark.NoBench	5.23GB/5.73GB (91.3%)
2021-11-09T02:38:40.193+0000	[#####################...] benchmark.NoBench	5.25GB/5.73GB (91.6%)
2021-11-09T02:38:43.191+0000	[######################..] benchmark.NoBench	5.27GB/5.73GB (91.9%)
2021-11-09T02:38:46.191+0000	[######################..] benchmark.NoBench	5.28GB/5.73GB (92.1%)
2021-11-09T02:38:49.192+0000	[######################..] benchmark.NoBench	5.30GB/5.73GB (92.4%)
2021-11-09T02:38:52.191+0000	[######################..] benchmark.NoBench	5.32GB/5.73GB (92.7%)
2021-11-09T02:38:55.192+0000	[######################..] benchmark.NoBench	5.33GB/5.73GB (93.0%)
2021-11-09T02:38:58.192+0000	[######################..] benchmark.NoBench	5.35GB/5.73GB (93.3%)
2021-11-09T02:39:01.191+0000	[######################..] benchmark.NoBench	5.36GB/5.73GB (93.5%)
2021-11-09T02:39:04.192+0000	[######################..] benchmark.NoBench	5.38GB/5.73GB (93.8%)
2021-11-09T02:39:07.192+0000	[######################..] benchmark.NoBench	5.40GB/5.73GB (94.1%)
2021-11-09T02:39:10.191+0000	[######################..] benchmark.NoBench	5.41GB/5.73GB (94.4%)
2021-11-09T02:39:13.191+0000	[######################..] benchmark.NoBench	5.43GB/5.73GB (94.7%)
2021-11-09T02:39:16.192+0000	[######################..] benchmark.NoBench	5.44GB/5.73GB (94.9%)
2021-11-09T02:39:19.192+0000	[######################..] benchmark.NoBench	5.46GB/5.73GB (95.2%)
2021-11-09T02:39:22.197+0000	[######################..] benchmark.NoBench	5.48GB/5.73GB (95.5%)
2021-11-09T02:39:25.191+0000	[######################..] benchmark.NoBench	5.49GB/5.73GB (95.8%)
2021-11-09T02:39:28.192+0000	[#######################.] benchmark.NoBench	5.51GB/5.73GB (96.1%)
2021-11-09T02:39:31.191+0000	[#######################.] benchmark.NoBench	5.52GB/5.73GB (96.3%)
2021-11-09T02:39:34.191+0000	[#######################.] benchmark.NoBench	5.54GB/5.73GB (96.6%)
2021-11-09T02:39:37.196+0000	[#######################.] benchmark.NoBench	5.56GB/5.73GB (96.9%)
2021-11-09T02:39:40.191+0000	[#######################.] benchmark.NoBench	5.57GB/5.73GB (97.2%)
2021-11-09T02:39:43.191+0000	[#######################.] benchmark.NoBench	5.59GB/5.73GB (97.4%)
2021-11-09T02:39:46.191+0000	[#######################.] benchmark.NoBench	5.60GB/5.73GB (97.7%)
2021-11-09T02:39:49.192+0000	[#######################.] benchmark.NoBench	5.62GB/5.73GB (98.0%)
2021-11-09T02:39:52.191+0000	[#######################.] benchmark.NoBench	5.63GB/5.73GB (98.2%)
2021-11-09T02:39:55.192+0000	[#######################.] benchmark.NoBench	5.65GB/5.73GB (98.5%)
2021-11-09T02:39:58.192+0000	[#######################.] benchmark.NoBench	5.66GB/5.73GB (98.8%)
2021-11-09T02:40:01.192+0000	[#######################.] benchmark.NoBench	5.68GB/5.73GB (99.1%)
2021-11-09T02:40:04.191+0000	[#######################.] benchmark.NoBench	5.70GB/5.73GB (99.3%)
2021-11-09T02:40:07.191+0000	[#######################.] benchmark.NoBench	5.71GB/5.73GB (99.6%)
2021-11-09T02:40:10.191+0000	[#######################.] benchmark.NoBench	5.73GB/5.73GB (99.9%)
2021-11-09T02:40:10.990+0000	[########################] benchmark.NoBench	5.73GB/5.73GB (100.0%)
2021-11-09T02:40:10.990+0000	10000000 document(s) imported successfully. 0 document(s) failed to import.
mongo-benchmark
MongoDB: 1528.85 s
mongo-benchmark
=== Found Postgres query file, executing Postgres queries ===
= File:'NoBench.json' =
13.4-alpine: Pulling from library/postgres
Digest: sha256:c170270dc9ba94f491375e366fa2cf46d0bc0027e4a69d70e6e9d1454ba748dc
Status: Image is up to date for postgres:13.4-alpine
cf01cb31b029228199563929bd6490d3582162820553a9741dee2eaac786f5e6
3
PSQL: 348.012 s
psql-benchmark
=== Results ===
= JQ =
Overall: 
= JODA =
Overall: 32.1634
Query Time: 9.59231
1.691446776
0.971310939
1.088122403
0.793294565
0.91075254
0.458580903
0.924595401
0.912007205
0.932254883
0.909940238
= Mongo =
Overall: 1528.85
25.286
44.076
56.442
41.022
53.071
27.772
54.387
53.962
39.88
31.703
Query Time: 427.601
= PostgreSQL =
Overall: 348.012
=== AGG Results ===
= JQ =

= JODA =
10000000
3472172
7963856
7957515
4091463
1304726
186632
621867
196486
67997
2294
= Mongo =
3472172
7963856
7957515
4091463
1304726
186632
621867
196486
67997
2294
= PostgreSQL =
 3472172
 7963856
 7957515
 4091463
 1304726
 186632
 621867
 196486
 67997
  2294
