=== Found JODA query file, executing JODA queries ===
= File:'Twitter.json' =
0.12.4: Pulling from nicotin/joda
Digest: sha256:b253680f2c5ee1118e2c282e0c4ebff5cb6e87643fb98abcf1e686caaa35152a
Status: Image is up to date for nicotin/joda:0.12.4
05a79c6cd91e7c70be3017a296db350283c5863b9cd9f989e8fc6923224ee459
0
JODA: 79.9354 s
joda-benchmark
=== Results ===
= JQ =
Overall: 
= JODA =
Overall: 79.9354
Query Time: 16.6169
6.632564376
0.894683449
0.536004762
1.340278288
1.695810083
1.200077798
1.140066713
1.359749263
0.760220238
1.057425576
= Mongo =
Overall: 

Query Time: 
= PostgreSQL =
Overall: 
=== AGG Results ===
= JQ =

= JODA =
13346336
5073309
2391308
1071600
4797973
10691615
10691615
5407738
8984597
2102919
1998318
= Mongo =

= PostgreSQL =

