=== Found JODA query file, executing JODA queries ===
= File:'Twitter.json' =
0.12.4: Pulling from nicotin/joda
Digest: sha256:b253680f2c5ee1118e2c282e0c4ebff5cb6e87643fb98abcf1e686caaa35152a
Status: Image is up to date for nicotin/joda:0.12.4
35ff294c40f7c7ac7d4f3610169bfdf2d506804b21290cba3570fe18458d3b22
0
JODA: 80.8925 s
joda-benchmark
=== Results ===
= JQ =
Overall: 
= JODA =
Overall: 80.8925
Query Time: 14.3748
6.235204147
1.765967129
1.166288552
1.145518954
0.435139095
0.793416215
0.413493859
0.722280961
1.027727724
0.669778458
= Mongo =
Overall: 

Query Time: 
= PostgreSQL =
Overall: 
=== AGG Results ===
= JQ =

= JODA =
13346336
10691615
9205553
6390094
4629059
2625830
3037621
2575533
5073309
2304125
3574875
= Mongo =

= PostgreSQL =

