=== Found JODA query file, executing JODA queries ===
= File:'Twitter.json' =
0.12.4: Pulling from nicotin/joda
Digest: sha256:b253680f2c5ee1118e2c282e0c4ebff5cb6e87643fb98abcf1e686caaa35152a
Status: Image is up to date for nicotin/joda:0.12.4
e5b639fa5cdefefdac31663b23823f4dc333ddc7a117058532edda133e0942b3
0
JODA: 89.9253 s
joda-benchmark
=== Results ===
= JQ =
Overall: 
= JODA =
Overall: 89.9253
Query Time: 21.3395
5.260845641
11.499263076
3.646328019
0.705357822
0.227745506
= Mongo =
Overall: 

Query Time: 
= PostgreSQL =
Overall: 
=== AGG Results ===
= JQ =

= JODA =
13346336
10691615
5073309
1922385
3570649
0
= Mongo =

= PostgreSQL =

