=== Found JODA query file, executing JODA queries ===
= File:'Twitter.json' =
0.12.4: Pulling from nicotin/joda
Digest: sha256:b253680f2c5ee1118e2c282e0c4ebff5cb6e87643fb98abcf1e686caaa35152a
Status: Image is up to date for nicotin/joda:0.12.4
80515efdadb0eecbd18f5a3e012c93a9b0bdccba149847240d80d34e3391cbd4
0
JODA: 102.9 s
joda-benchmark
=== Results ===
= JQ =
Overall: 
= JODA =
Overall: 102.9
Query Time: 25.0177
4.30875459
4.380330338
3.680794443
2.43471375
1.543259115
1.548015653
1.656485236
1.505185544
1.898961956
2.061199619
= Mongo =
Overall: 

Query Time: 
= PostgreSQL =
Overall: 
=== AGG Results ===
= JQ =

= JODA =
13346336
10691615
5073309
10691615
5073309
10691615
10691615
5073309
10040540
5088210
5267704
= Mongo =

= PostgreSQL =

