=== Found JODA query file, executing JODA queries ===
= File:'Twitter.json' =
0.12.4: Pulling from nicotin/joda
Digest: sha256:b253680f2c5ee1118e2c282e0c4ebff5cb6e87643fb98abcf1e686caaa35152a
Status: Image is up to date for nicotin/joda:0.12.4
2a8c3808e4f8a488fe4827edda737812c91e6cbdd09b4ade03e336302be0c92c
0
JODA: 88.4468 s
joda-benchmark
=== Results ===
= JQ =
Overall: 
= JODA =
Overall: 88.4468
Query Time: 16.8024
4.694262287
4.487808438
1.608882495
1.983955159
1.344835322
0.982348554
0.468160202
0.493954176
0.29521319
0.442959714
= Mongo =
Overall: 

Query Time: 
= PostgreSQL =
Overall: 
=== AGG Results ===
= JQ =

= JODA =
13346336
10691615
9502932
7738279
2104226
5073309
5073309
3194207
1925814
1897534
2105904
= Mongo =

= PostgreSQL =

