=== Found JODA query file, executing JODA queries ===
= File:'Twitter.json' =
0.12.4: Pulling from nicotin/joda
Digest: sha256:b253680f2c5ee1118e2c282e0c4ebff5cb6e87643fb98abcf1e686caaa35152a
Status: Image is up to date for nicotin/joda:0.12.4
2f6dbb9b3ceaf61f1811b8018e2eb6fd64e1889c0e48d3dac8f44d04caa2ffaf
0
JODA: 77.4885 s
joda-benchmark
=== Results ===
= JQ =
Overall: 
= JODA =
Overall: 77.4885
Query Time: 15.4522
8.30336788
1.446557641
1.474599136
0.745648214
1.308521542
0.679151232
0.68301473
0.566933988
0.135723577
0.108674533
= Mongo =
Overall: 

Query Time: 
= PostgreSQL =
Overall: 
=== AGG Results ===
= JQ =

= JODA =
13346336
5073309
2265611
4134462
2362306
5073309
3141565
2299725
1063605
314692
257409
= Mongo =

= PostgreSQL =

