=== Found JODA query file, executing JODA queries ===
= File:'Twitter.json' =
0.12.4: Pulling from nicotin/joda
Digest: sha256:b253680f2c5ee1118e2c282e0c4ebff5cb6e87643fb98abcf1e686caaa35152a
Status: Image is up to date for nicotin/joda:0.12.4
2ddd41dcfebb5e7e090c0d88a67c5ea4ec2266c2eef86614545a56fc2454d532
0
JODA: 80.8818 s
joda-benchmark
=== Results ===
= JQ =
Overall: 
= JODA =
Overall: 80.8818
Query Time: 13.2671
5.185422382
1.915144249
1.307356501
1.092936242
0.429847057
0.165640699
0.136576139
0.099373188
1.415776067
1.519015277
= Mongo =
Overall: 

Query Time: 
= PostgreSQL =
Overall: 
=== AGG Results ===
= JQ =

= JODA =
13346336
5073309
3512695
10691615
898050
1985718
670527
381057
204449
10691615
5073309
= Mongo =

= PostgreSQL =

