=== Found JODA query file, executing JODA queries ===
= File:'Twitter.json' =
0.12.4: Pulling from nicotin/joda
Digest: sha256:b253680f2c5ee1118e2c282e0c4ebff5cb6e87643fb98abcf1e686caaa35152a
Status: Image is up to date for nicotin/joda:0.12.4
42c12ba583116ed348dd07121e385166882464923ec9ae73214a5104e8178b46
0
JODA: 130.763 s
joda-benchmark
=== Results ===
= JQ =
Overall: 
= JODA =
Overall: 130.763
Query Time: 36.9974
4.820987328
5.416211258
5.792480291
0.499767457
0.450353197
2.212096294
0.200890393
0.72697353
2.04699872
5.265339578
0.379620803
0.106815899
0.335039254
0.33731404
0.531859522
2.997587034
0.210275529
0.748319469
0.544001254
3.37444378
= Mongo =
Overall: 

Query Time: 
= PostgreSQL =
Overall: 
=== AGG Results ===
= JQ =

= JODA =
13346336
5073309
3059261
4051382
2853387
2071470
1437903
925196
463852
5073309
3191574
1411512
218199
170863
2064002
3526588
2353215
1048474
467130
274393
10691615
= Mongo =

= PostgreSQL =

