=== Found JODA query file, executing JODA queries ===
= File:'Twitter.json' =
0.12.4: Pulling from nicotin/joda
Digest: sha256:b253680f2c5ee1118e2c282e0c4ebff5cb6e87643fb98abcf1e686caaa35152a
Status: Image is up to date for nicotin/joda:0.12.4
3373b761a56550ee90dd526d327ed6d7ab341346eda739fa1e748d85f90d7ecf
0
JODA: 97.1777 s
joda-benchmark
=== Results ===
= JQ =
Overall: 
= JODA =
Overall: 97.1777
Query Time: 17.9029
7.677680148
3.371625103
1.891340239
0.987017449
0.386319585
0.643834409
0.51023746
0.706244845
0.918809505
0.80981621
= Mongo =
Overall: 

Query Time: 
= PostgreSQL =
Overall: 
=== AGG Results ===
= JQ =

= JODA =
13346336
5073309
10691613
5407737
2798316
1493155
2436531
1434132
1971812
5073308
5073308
= Mongo =

= PostgreSQL =

