=== Found JODA query file, executing JODA queries ===
= File:'NoBench.json' =
0.12.3: Pulling from nicotin/joda
Digest: sha256:6c0c6b4a19967ae02ef348535acdb3eb8496453a8b868763c34370e10be0192f
Status: Image is up to date for nicotin/joda:0.12.3
697d18e08b81626bdc2fce14979dab2b22ecf579ccbc6892779bb355a05c71f3
0
JODA: 36.2582 s
joda-benchmark
=== Found MongoDB query file, executing MongoDB queries ===
= File:'NoBench.json' =
5.0.3-focal: Pulling from library/mongo
Digest: sha256:f7c401402aa3e689fc42c7109247ab2d5a3e3b4b8a3ace4c2bf7a5fc74ca4917
Status: Image is up to date for mongo:5.0.3-focal
a0b5ca59041d8e937cccf77839f67d8a2e3474a16d89d0d7804da351fb3f9410
2021-11-09T18:34:12.195+0000	connected to: mongodb://localhost/
2021-11-09T18:34:15.195+0000	[........................] benchmark.NoBench	17.1MB/5.73GB (0.3%)
2021-11-09T18:34:18.196+0000	[........................] benchmark.NoBench	33.8MB/5.73GB (0.6%)
2021-11-09T18:34:21.196+0000	[........................] benchmark.NoBench	47.7MB/5.73GB (0.8%)
2021-11-09T18:34:24.196+0000	[........................] benchmark.NoBench	62.8MB/5.73GB (1.1%)
2021-11-09T18:34:27.196+0000	[........................] benchmark.NoBench	77.0MB/5.73GB (1.3%)
2021-11-09T18:34:30.195+0000	[........................] benchmark.NoBench	92.8MB/5.73GB (1.6%)
2021-11-09T18:34:33.198+0000	[........................] benchmark.NoBench	107MB/5.73GB (1.8%)
2021-11-09T18:34:36.196+0000	[........................] benchmark.NoBench	122MB/5.73GB (2.1%)
2021-11-09T18:34:39.196+0000	[........................] benchmark.NoBench	138MB/5.73GB (2.4%)
2021-11-09T18:34:42.195+0000	[........................] benchmark.NoBench	153MB/5.73GB (2.6%)
2021-11-09T18:34:45.203+0000	[........................] benchmark.NoBench	167MB/5.73GB (2.8%)
2021-11-09T18:34:48.196+0000	[........................] benchmark.NoBench	182MB/5.73GB (3.1%)
2021-11-09T18:34:51.196+0000	[........................] benchmark.NoBench	198MB/5.73GB (3.4%)
2021-11-09T18:34:54.204+0000	[........................] benchmark.NoBench	212MB/5.73GB (3.6%)
2021-11-09T18:34:57.196+0000	[........................] benchmark.NoBench	226MB/5.73GB (3.8%)
2021-11-09T18:35:00.196+0000	[........................] benchmark.NoBench	241MB/5.73GB (4.1%)
2021-11-09T18:35:03.197+0000	[#.......................] benchmark.NoBench	256MB/5.73GB (4.4%)
2021-11-09T18:35:06.201+0000	[#.......................] benchmark.NoBench	272MB/5.73GB (4.6%)
2021-11-09T18:35:09.196+0000	[#.......................] benchmark.NoBench	287MB/5.73GB (4.9%)
2021-11-09T18:35:12.197+0000	[#.......................] benchmark.NoBench	302MB/5.73GB (5.1%)
2021-11-09T18:35:15.196+0000	[#.......................] benchmark.NoBench	319MB/5.73GB (5.4%)
2021-11-09T18:35:18.196+0000	[#.......................] benchmark.NoBench	334MB/5.73GB (5.7%)
2021-11-09T18:35:21.196+0000	[#.......................] benchmark.NoBench	349MB/5.73GB (5.9%)
2021-11-09T18:35:24.196+0000	[#.......................] benchmark.NoBench	365MB/5.73GB (6.2%)
2021-11-09T18:35:27.196+0000	[#.......................] benchmark.NoBench	382MB/5.73GB (6.5%)
2021-11-09T18:35:30.196+0000	[#.......................] benchmark.NoBench	397MB/5.73GB (6.8%)
2021-11-09T18:35:33.197+0000	[#.......................] benchmark.NoBench	413MB/5.73GB (7.0%)
2021-11-09T18:35:36.196+0000	[#.......................] benchmark.NoBench	427MB/5.73GB (7.3%)
2021-11-09T18:35:39.196+0000	[#.......................] benchmark.NoBench	441MB/5.73GB (7.5%)
2021-11-09T18:35:42.196+0000	[#.......................] benchmark.NoBench	456MB/5.73GB (7.8%)
2021-11-09T18:35:45.196+0000	[#.......................] benchmark.NoBench	471MB/5.73GB (8.0%)
2021-11-09T18:35:48.196+0000	[#.......................] benchmark.NoBench	486MB/5.73GB (8.3%)
2021-11-09T18:35:51.197+0000	[##......................] benchmark.NoBench	502MB/5.73GB (8.5%)
2021-11-09T18:35:54.196+0000	[##......................] benchmark.NoBench	516MB/5.73GB (8.8%)
2021-11-09T18:35:57.196+0000	[##......................] benchmark.NoBench	532MB/5.73GB (9.1%)
2021-11-09T18:36:00.196+0000	[##......................] benchmark.NoBench	547MB/5.73GB (9.3%)
2021-11-09T18:36:03.197+0000	[##......................] benchmark.NoBench	561MB/5.73GB (9.6%)
2021-11-09T18:36:06.197+0000	[##......................] benchmark.NoBench	576MB/5.73GB (9.8%)
2021-11-09T18:36:09.197+0000	[##......................] benchmark.NoBench	590MB/5.73GB (10.1%)
2021-11-09T18:36:12.196+0000	[##......................] benchmark.NoBench	606MB/5.73GB (10.3%)
2021-11-09T18:36:15.196+0000	[##......................] benchmark.NoBench	624MB/5.73GB (10.6%)
2021-11-09T18:36:18.196+0000	[##......................] benchmark.NoBench	639MB/5.73GB (10.9%)
2021-11-09T18:36:21.196+0000	[##......................] benchmark.NoBench	654MB/5.73GB (11.1%)
2021-11-09T18:36:24.196+0000	[##......................] benchmark.NoBench	669MB/5.73GB (11.4%)
2021-11-09T18:36:27.196+0000	[##......................] benchmark.NoBench	684MB/5.73GB (11.7%)
2021-11-09T18:36:30.196+0000	[##......................] benchmark.NoBench	699MB/5.73GB (11.9%)
2021-11-09T18:36:33.199+0000	[##......................] benchmark.NoBench	714MB/5.73GB (12.2%)
2021-11-09T18:36:36.196+0000	[##......................] benchmark.NoBench	729MB/5.73GB (12.4%)
2021-11-09T18:36:39.195+0000	[###.....................] benchmark.NoBench	746MB/5.73GB (12.7%)
2021-11-09T18:36:42.196+0000	[###.....................] benchmark.NoBench	762MB/5.73GB (13.0%)
2021-11-09T18:36:45.201+0000	[###.....................] benchmark.NoBench	777MB/5.73GB (13.2%)
2021-11-09T18:36:48.196+0000	[###.....................] benchmark.NoBench	792MB/5.73GB (13.5%)
2021-11-09T18:36:51.195+0000	[###.....................] benchmark.NoBench	807MB/5.73GB (13.7%)
2021-11-09T18:36:54.196+0000	[###.....................] benchmark.NoBench	822MB/5.73GB (14.0%)
2021-11-09T18:36:57.196+0000	[###.....................] benchmark.NoBench	838MB/5.73GB (14.3%)
2021-11-09T18:37:00.195+0000	[###.....................] benchmark.NoBench	854MB/5.73GB (14.5%)
2021-11-09T18:37:03.197+0000	[###.....................] benchmark.NoBench	870MB/5.73GB (14.8%)
2021-11-09T18:37:06.196+0000	[###.....................] benchmark.NoBench	886MB/5.73GB (15.1%)
2021-11-09T18:37:09.196+0000	[###.....................] benchmark.NoBench	901MB/5.73GB (15.3%)
2021-11-09T18:37:12.196+0000	[###.....................] benchmark.NoBench	917MB/5.73GB (15.6%)
2021-11-09T18:37:15.197+0000	[###.....................] benchmark.NoBench	932MB/5.73GB (15.9%)
2021-11-09T18:37:18.195+0000	[###.....................] benchmark.NoBench	952MB/5.73GB (16.2%)
2021-11-09T18:37:21.195+0000	[###.....................] benchmark.NoBench	967MB/5.73GB (16.5%)
2021-11-09T18:37:24.196+0000	[####....................] benchmark.NoBench	982MB/5.73GB (16.7%)
2021-11-09T18:37:27.196+0000	[####....................] benchmark.NoBench	997MB/5.73GB (17.0%)
2021-11-09T18:37:30.196+0000	[####....................] benchmark.NoBench	1013MB/5.73GB (17.3%)
2021-11-09T18:37:33.195+0000	[####....................] benchmark.NoBench	1.00GB/5.73GB (17.5%)
2021-11-09T18:37:36.199+0000	[####....................] benchmark.NoBench	1.02GB/5.73GB (17.8%)
2021-11-09T18:37:39.196+0000	[####....................] benchmark.NoBench	1.03GB/5.73GB (18.0%)
2021-11-09T18:37:42.196+0000	[####....................] benchmark.NoBench	1.05GB/5.73GB (18.3%)
2021-11-09T18:37:45.196+0000	[####....................] benchmark.NoBench	1.07GB/5.73GB (18.6%)
2021-11-09T18:37:48.196+0000	[####....................] benchmark.NoBench	1.08GB/5.73GB (18.8%)
2021-11-09T18:37:51.195+0000	[####....................] benchmark.NoBench	1.09GB/5.73GB (19.1%)
2021-11-09T18:37:54.195+0000	[####....................] benchmark.NoBench	1.11GB/5.73GB (19.4%)
2021-11-09T18:37:57.202+0000	[####....................] benchmark.NoBench	1.13GB/5.73GB (19.6%)
2021-11-09T18:38:00.201+0000	[####....................] benchmark.NoBench	1.14GB/5.73GB (19.9%)
2021-11-09T18:38:03.196+0000	[####....................] benchmark.NoBench	1.16GB/5.73GB (20.2%)
2021-11-09T18:38:06.196+0000	[####....................] benchmark.NoBench	1.17GB/5.73GB (20.5%)
2021-11-09T18:38:09.196+0000	[####....................] benchmark.NoBench	1.19GB/5.73GB (20.7%)
2021-11-09T18:38:12.196+0000	[#####...................] benchmark.NoBench	1.20GB/5.73GB (21.0%)
2021-11-09T18:38:15.196+0000	[#####...................] benchmark.NoBench	1.22GB/5.73GB (21.3%)
2021-11-09T18:38:18.195+0000	[#####...................] benchmark.NoBench	1.24GB/5.73GB (21.5%)
2021-11-09T18:38:21.196+0000	[#####...................] benchmark.NoBench	1.25GB/5.73GB (21.8%)
2021-11-09T18:38:24.196+0000	[#####...................] benchmark.NoBench	1.27GB/5.73GB (22.1%)
2021-11-09T18:38:27.196+0000	[#####...................] benchmark.NoBench	1.28GB/5.73GB (22.3%)
2021-11-09T18:38:30.196+0000	[#####...................] benchmark.NoBench	1.30GB/5.73GB (22.6%)
2021-11-09T18:38:33.196+0000	[#####...................] benchmark.NoBench	1.31GB/5.73GB (22.9%)
2021-11-09T18:38:36.195+0000	[#####...................] benchmark.NoBench	1.33GB/5.73GB (23.2%)
2021-11-09T18:38:39.199+0000	[#####...................] benchmark.NoBench	1.34GB/5.73GB (23.4%)
2021-11-09T18:38:42.196+0000	[#####...................] benchmark.NoBench	1.36GB/5.73GB (23.7%)
2021-11-09T18:38:45.196+0000	[#####...................] benchmark.NoBench	1.38GB/5.73GB (24.0%)
2021-11-09T18:38:48.196+0000	[#####...................] benchmark.NoBench	1.39GB/5.73GB (24.3%)
2021-11-09T18:38:51.196+0000	[#####...................] benchmark.NoBench	1.41GB/5.73GB (24.5%)
2021-11-09T18:38:54.196+0000	[#####...................] benchmark.NoBench	1.42GB/5.73GB (24.8%)
2021-11-09T18:38:57.196+0000	[######..................] benchmark.NoBench	1.44GB/5.73GB (25.1%)
2021-11-09T18:39:00.197+0000	[######..................] benchmark.NoBench	1.45GB/5.73GB (25.3%)
2021-11-09T18:39:03.196+0000	[######..................] benchmark.NoBench	1.47GB/5.73GB (25.6%)
2021-11-09T18:39:06.196+0000	[######..................] benchmark.NoBench	1.48GB/5.73GB (25.8%)
2021-11-09T18:39:09.196+0000	[######..................] benchmark.NoBench	1.50GB/5.73GB (26.1%)
2021-11-09T18:39:12.196+0000	[######..................] benchmark.NoBench	1.51GB/5.73GB (26.4%)
2021-11-09T18:39:15.201+0000	[######..................] benchmark.NoBench	1.53GB/5.73GB (26.6%)
2021-11-09T18:39:18.198+0000	[######..................] benchmark.NoBench	1.54GB/5.73GB (26.9%)
2021-11-09T18:39:21.195+0000	[######..................] benchmark.NoBench	1.56GB/5.73GB (27.3%)
2021-11-09T18:39:24.195+0000	[######..................] benchmark.NoBench	1.58GB/5.73GB (27.5%)
2021-11-09T18:39:27.196+0000	[######..................] benchmark.NoBench	1.59GB/5.73GB (27.8%)
2021-11-09T18:39:30.196+0000	[######..................] benchmark.NoBench	1.61GB/5.73GB (28.1%)
2021-11-09T18:39:33.197+0000	[######..................] benchmark.NoBench	1.63GB/5.73GB (28.4%)
2021-11-09T18:39:36.196+0000	[######..................] benchmark.NoBench	1.64GB/5.73GB (28.6%)
2021-11-09T18:39:39.196+0000	[######..................] benchmark.NoBench	1.66GB/5.73GB (28.9%)
2021-11-09T18:39:42.195+0000	[######..................] benchmark.NoBench	1.67GB/5.73GB (29.2%)
2021-11-09T18:39:45.196+0000	[#######.................] benchmark.NoBench	1.69GB/5.73GB (29.4%)
2021-11-09T18:39:48.196+0000	[#######.................] benchmark.NoBench	1.70GB/5.73GB (29.7%)
2021-11-09T18:39:51.196+0000	[#######.................] benchmark.NoBench	1.72GB/5.73GB (30.0%)
2021-11-09T18:39:54.197+0000	[#######.................] benchmark.NoBench	1.73GB/5.73GB (30.3%)
2021-11-09T18:39:57.206+0000	[#######.................] benchmark.NoBench	1.75GB/5.73GB (30.5%)
2021-11-09T18:40:00.196+0000	[#######.................] benchmark.NoBench	1.76GB/5.73GB (30.8%)
2021-11-09T18:40:03.196+0000	[#######.................] benchmark.NoBench	1.78GB/5.73GB (31.0%)
2021-11-09T18:40:06.196+0000	[#######.................] benchmark.NoBench	1.80GB/5.73GB (31.3%)
2021-11-09T18:40:09.196+0000	[#######.................] benchmark.NoBench	1.81GB/5.73GB (31.6%)
2021-11-09T18:40:12.197+0000	[#######.................] benchmark.NoBench	1.83GB/5.73GB (31.8%)
2021-11-09T18:40:15.196+0000	[#######.................] benchmark.NoBench	1.84GB/5.73GB (32.1%)
2021-11-09T18:40:18.196+0000	[#######.................] benchmark.NoBench	1.86GB/5.73GB (32.4%)
2021-11-09T18:40:21.195+0000	[#######.................] benchmark.NoBench	1.87GB/5.73GB (32.7%)
2021-11-09T18:40:24.200+0000	[#######.................] benchmark.NoBench	1.89GB/5.73GB (33.0%)
2021-11-09T18:40:27.196+0000	[#######.................] benchmark.NoBench	1.91GB/5.73GB (33.3%)
2021-11-09T18:40:30.195+0000	[########................] benchmark.NoBench	1.92GB/5.73GB (33.5%)
2021-11-09T18:40:33.197+0000	[########................] benchmark.NoBench	1.94GB/5.73GB (33.8%)
2021-11-09T18:40:36.196+0000	[########................] benchmark.NoBench	1.95GB/5.73GB (34.1%)
2021-11-09T18:40:39.195+0000	[########................] benchmark.NoBench	1.97GB/5.73GB (34.4%)
2021-11-09T18:40:42.197+0000	[########................] benchmark.NoBench	1.99GB/5.73GB (34.6%)
2021-11-09T18:40:45.195+0000	[########................] benchmark.NoBench	2.00GB/5.73GB (34.9%)
2021-11-09T18:40:48.196+0000	[########................] benchmark.NoBench	2.02GB/5.73GB (35.2%)
2021-11-09T18:40:51.195+0000	[########................] benchmark.NoBench	2.03GB/5.73GB (35.4%)
2021-11-09T18:40:54.196+0000	[########................] benchmark.NoBench	2.05GB/5.73GB (35.7%)
2021-11-09T18:40:57.196+0000	[########................] benchmark.NoBench	2.06GB/5.73GB (36.0%)
2021-11-09T18:41:00.196+0000	[########................] benchmark.NoBench	2.08GB/5.73GB (36.3%)
2021-11-09T18:41:03.196+0000	[########................] benchmark.NoBench	2.09GB/5.73GB (36.5%)
2021-11-09T18:41:06.196+0000	[########................] benchmark.NoBench	2.11GB/5.73GB (36.8%)
2021-11-09T18:41:09.196+0000	[########................] benchmark.NoBench	2.12GB/5.73GB (37.0%)
2021-11-09T18:41:12.196+0000	[########................] benchmark.NoBench	2.14GB/5.73GB (37.3%)
2021-11-09T18:41:15.199+0000	[#########...............] benchmark.NoBench	2.15GB/5.73GB (37.6%)
2021-11-09T18:41:18.197+0000	[#########...............] benchmark.NoBench	2.17GB/5.73GB (37.8%)
2021-11-09T18:41:21.199+0000	[#########...............] benchmark.NoBench	2.18GB/5.73GB (38.1%)
2021-11-09T18:41:24.198+0000	[#########...............] benchmark.NoBench	2.20GB/5.73GB (38.4%)
2021-11-09T18:41:27.196+0000	[#########...............] benchmark.NoBench	2.22GB/5.73GB (38.7%)
2021-11-09T18:41:30.196+0000	[#########...............] benchmark.NoBench	2.23GB/5.73GB (38.9%)
2021-11-09T18:41:33.196+0000	[#########...............] benchmark.NoBench	2.25GB/5.73GB (39.2%)
2021-11-09T18:41:36.196+0000	[#########...............] benchmark.NoBench	2.26GB/5.73GB (39.5%)
2021-11-09T18:41:39.196+0000	[#########...............] benchmark.NoBench	2.28GB/5.73GB (39.7%)
2021-11-09T18:41:42.196+0000	[#########...............] benchmark.NoBench	2.29GB/5.73GB (40.0%)
2021-11-09T18:41:45.196+0000	[#########...............] benchmark.NoBench	2.31GB/5.73GB (40.3%)
2021-11-09T18:41:48.196+0000	[#########...............] benchmark.NoBench	2.33GB/5.73GB (40.6%)
2021-11-09T18:41:51.196+0000	[#########...............] benchmark.NoBench	2.34GB/5.73GB (40.8%)
2021-11-09T18:41:54.198+0000	[#########...............] benchmark.NoBench	2.36GB/5.73GB (41.1%)
2021-11-09T18:41:57.196+0000	[#########...............] benchmark.NoBench	2.37GB/5.73GB (41.4%)
2021-11-09T18:42:00.195+0000	[##########..............] benchmark.NoBench	2.39GB/5.73GB (41.7%)
2021-11-09T18:42:03.196+0000	[##########..............] benchmark.NoBench	2.41GB/5.73GB (41.9%)
2021-11-09T18:42:06.196+0000	[##########..............] benchmark.NoBench	2.42GB/5.73GB (42.2%)
2021-11-09T18:42:09.196+0000	[##########..............] benchmark.NoBench	2.44GB/5.73GB (42.5%)
2021-11-09T18:42:12.196+0000	[##########..............] benchmark.NoBench	2.45GB/5.73GB (42.8%)
2021-11-09T18:42:15.196+0000	[##########..............] benchmark.NoBench	2.47GB/5.73GB (43.0%)
2021-11-09T18:42:18.197+0000	[##########..............] benchmark.NoBench	2.48GB/5.73GB (43.3%)
2021-11-09T18:42:21.196+0000	[##########..............] benchmark.NoBench	2.50GB/5.73GB (43.6%)
2021-11-09T18:42:24.196+0000	[##########..............] benchmark.NoBench	2.51GB/5.73GB (43.8%)
2021-11-09T18:42:27.196+0000	[##########..............] benchmark.NoBench	2.53GB/5.73GB (44.2%)
2021-11-09T18:42:30.196+0000	[##########..............] benchmark.NoBench	2.55GB/5.73GB (44.4%)
2021-11-09T18:42:33.196+0000	[##########..............] benchmark.NoBench	2.56GB/5.73GB (44.7%)
2021-11-09T18:42:36.196+0000	[##########..............] benchmark.NoBench	2.58GB/5.73GB (44.9%)
2021-11-09T18:42:39.196+0000	[##########..............] benchmark.NoBench	2.59GB/5.73GB (45.2%)
2021-11-09T18:42:42.196+0000	[##########..............] benchmark.NoBench	2.61GB/5.73GB (45.5%)
2021-11-09T18:42:45.196+0000	[##########..............] benchmark.NoBench	2.62GB/5.73GB (45.7%)
2021-11-09T18:42:48.197+0000	[###########.............] benchmark.NoBench	2.64GB/5.73GB (46.0%)
2021-11-09T18:42:51.196+0000	[###########.............] benchmark.NoBench	2.65GB/5.73GB (46.3%)
2021-11-09T18:42:54.196+0000	[###########.............] benchmark.NoBench	2.67GB/5.73GB (46.6%)
2021-11-09T18:42:57.196+0000	[###########.............] benchmark.NoBench	2.69GB/5.73GB (46.8%)
2021-11-09T18:43:00.197+0000	[###########.............] benchmark.NoBench	2.70GB/5.73GB (47.1%)
2021-11-09T18:43:03.196+0000	[###########.............] benchmark.NoBench	2.72GB/5.73GB (47.4%)
2021-11-09T18:43:06.195+0000	[###########.............] benchmark.NoBench	2.73GB/5.73GB (47.6%)
2021-11-09T18:43:09.196+0000	[###########.............] benchmark.NoBench	2.75GB/5.73GB (47.9%)
2021-11-09T18:43:12.195+0000	[###########.............] benchmark.NoBench	2.76GB/5.73GB (48.2%)
2021-11-09T18:43:15.196+0000	[###########.............] benchmark.NoBench	2.78GB/5.73GB (48.4%)
2021-11-09T18:43:18.196+0000	[###########.............] benchmark.NoBench	2.79GB/5.73GB (48.7%)
2021-11-09T18:43:21.197+0000	[###########.............] benchmark.NoBench	2.81GB/5.73GB (49.0%)
2021-11-09T18:43:24.195+0000	[###########.............] benchmark.NoBench	2.82GB/5.73GB (49.3%)
2021-11-09T18:43:27.196+0000	[###########.............] benchmark.NoBench	2.84GB/5.73GB (49.6%)
2021-11-09T18:43:30.196+0000	[###########.............] benchmark.NoBench	2.86GB/5.73GB (49.9%)
2021-11-09T18:43:33.196+0000	[############............] benchmark.NoBench	2.87GB/5.73GB (50.1%)
2021-11-09T18:43:36.195+0000	[############............] benchmark.NoBench	2.89GB/5.73GB (50.4%)
2021-11-09T18:43:39.195+0000	[############............] benchmark.NoBench	2.91GB/5.73GB (50.7%)
2021-11-09T18:43:42.205+0000	[############............] benchmark.NoBench	2.92GB/5.73GB (51.0%)
2021-11-09T18:43:45.196+0000	[############............] benchmark.NoBench	2.94GB/5.73GB (51.2%)
2021-11-09T18:43:48.196+0000	[############............] benchmark.NoBench	2.95GB/5.73GB (51.5%)
2021-11-09T18:43:51.196+0000	[############............] benchmark.NoBench	2.97GB/5.73GB (51.8%)
2021-11-09T18:43:54.195+0000	[############............] benchmark.NoBench	2.98GB/5.73GB (52.0%)
2021-11-09T18:43:57.204+0000	[############............] benchmark.NoBench	3.00GB/5.73GB (52.3%)
2021-11-09T18:44:00.196+0000	[############............] benchmark.NoBench	3.01GB/5.73GB (52.6%)
2021-11-09T18:44:03.199+0000	[############............] benchmark.NoBench	3.03GB/5.73GB (52.8%)
2021-11-09T18:44:06.196+0000	[############............] benchmark.NoBench	3.05GB/5.73GB (53.1%)
2021-11-09T18:44:09.196+0000	[############............] benchmark.NoBench	3.06GB/5.73GB (53.4%)
2021-11-09T18:44:12.196+0000	[############............] benchmark.NoBench	3.08GB/5.73GB (53.7%)
2021-11-09T18:44:15.196+0000	[############............] benchmark.NoBench	3.09GB/5.73GB (53.9%)
2021-11-09T18:44:18.195+0000	[#############...........] benchmark.NoBench	3.11GB/5.73GB (54.2%)
2021-11-09T18:44:21.197+0000	[#############...........] benchmark.NoBench	3.12GB/5.73GB (54.5%)
2021-11-09T18:44:24.199+0000	[#############...........] benchmark.NoBench	3.14GB/5.73GB (54.8%)
2021-11-09T18:44:27.196+0000	[#############...........] benchmark.NoBench	3.16GB/5.73GB (55.0%)
2021-11-09T18:44:30.196+0000	[#############...........] benchmark.NoBench	3.17GB/5.73GB (55.3%)
2021-11-09T18:44:33.199+0000	[#############...........] benchmark.NoBench	3.19GB/5.73GB (55.6%)
2021-11-09T18:44:36.196+0000	[#############...........] benchmark.NoBench	3.20GB/5.73GB (55.9%)
2021-11-09T18:44:39.198+0000	[#############...........] benchmark.NoBench	3.22GB/5.73GB (56.2%)
2021-11-09T18:44:42.196+0000	[#############...........] benchmark.NoBench	3.24GB/5.73GB (56.4%)
2021-11-09T18:44:45.196+0000	[#############...........] benchmark.NoBench	3.25GB/5.73GB (56.7%)
2021-11-09T18:44:48.195+0000	[#############...........] benchmark.NoBench	3.27GB/5.73GB (57.0%)
2021-11-09T18:44:51.196+0000	[#############...........] benchmark.NoBench	3.29GB/5.73GB (57.3%)
2021-11-09T18:44:54.195+0000	[#############...........] benchmark.NoBench	3.30GB/5.73GB (57.6%)
2021-11-09T18:44:57.195+0000	[#############...........] benchmark.NoBench	3.32GB/5.73GB (57.8%)
2021-11-09T18:45:00.196+0000	[#############...........] benchmark.NoBench	3.33GB/5.73GB (58.1%)
2021-11-09T18:45:03.198+0000	[##############..........] benchmark.NoBench	3.35GB/5.73GB (58.4%)
2021-11-09T18:45:06.196+0000	[##############..........] benchmark.NoBench	3.36GB/5.73GB (58.6%)
2021-11-09T18:45:09.198+0000	[##############..........] benchmark.NoBench	3.38GB/5.73GB (58.9%)
2021-11-09T18:45:12.196+0000	[##############..........] benchmark.NoBench	3.40GB/5.73GB (59.2%)
2021-11-09T18:45:15.196+0000	[##############..........] benchmark.NoBench	3.41GB/5.73GB (59.5%)
2021-11-09T18:45:18.195+0000	[##############..........] benchmark.NoBench	3.43GB/5.73GB (59.8%)
2021-11-09T18:45:21.196+0000	[##############..........] benchmark.NoBench	3.45GB/5.73GB (60.1%)
2021-11-09T18:45:24.196+0000	[##############..........] benchmark.NoBench	3.46GB/5.73GB (60.4%)
2021-11-09T18:45:27.196+0000	[##############..........] benchmark.NoBench	3.48GB/5.73GB (60.6%)
2021-11-09T18:45:30.196+0000	[##############..........] benchmark.NoBench	3.49GB/5.73GB (61.0%)
2021-11-09T18:45:33.196+0000	[##############..........] benchmark.NoBench	3.51GB/5.73GB (61.2%)
2021-11-09T18:45:36.196+0000	[##############..........] benchmark.NoBench	3.53GB/5.73GB (61.5%)
2021-11-09T18:45:39.197+0000	[##############..........] benchmark.NoBench	3.54GB/5.73GB (61.8%)
2021-11-09T18:45:42.196+0000	[##############..........] benchmark.NoBench	3.56GB/5.73GB (62.0%)
2021-11-09T18:45:45.196+0000	[##############..........] benchmark.NoBench	3.57GB/5.73GB (62.3%)
2021-11-09T18:45:48.196+0000	[###############.........] benchmark.NoBench	3.59GB/5.73GB (62.6%)
2021-11-09T18:45:51.196+0000	[###############.........] benchmark.NoBench	3.61GB/5.73GB (62.9%)
2021-11-09T18:45:54.196+0000	[###############.........] benchmark.NoBench	3.62GB/5.73GB (63.1%)
2021-11-09T18:45:57.197+0000	[###############.........] benchmark.NoBench	3.64GB/5.73GB (63.4%)
2021-11-09T18:46:00.197+0000	[###############.........] benchmark.NoBench	3.65GB/5.73GB (63.7%)
2021-11-09T18:46:03.196+0000	[###############.........] benchmark.NoBench	3.67GB/5.73GB (63.9%)
2021-11-09T18:46:06.196+0000	[###############.........] benchmark.NoBench	3.68GB/5.73GB (64.2%)
2021-11-09T18:46:09.196+0000	[###############.........] benchmark.NoBench	3.70GB/5.73GB (64.5%)
2021-11-09T18:46:12.196+0000	[###############.........] benchmark.NoBench	3.71GB/5.73GB (64.8%)
2021-11-09T18:46:15.196+0000	[###############.........] benchmark.NoBench	3.73GB/5.73GB (65.0%)
2021-11-09T18:46:18.199+0000	[###############.........] benchmark.NoBench	3.74GB/5.73GB (65.3%)
2021-11-09T18:46:21.196+0000	[###############.........] benchmark.NoBench	3.76GB/5.73GB (65.6%)
2021-11-09T18:46:24.197+0000	[###############.........] benchmark.NoBench	3.78GB/5.73GB (65.8%)
2021-11-09T18:46:27.196+0000	[###############.........] benchmark.NoBench	3.79GB/5.73GB (66.1%)
2021-11-09T18:46:30.196+0000	[###############.........] benchmark.NoBench	3.81GB/5.73GB (66.4%)
2021-11-09T18:46:33.203+0000	[################........] benchmark.NoBench	3.83GB/5.73GB (66.7%)
2021-11-09T18:46:36.195+0000	[################........] benchmark.NoBench	3.84GB/5.73GB (67.0%)
2021-11-09T18:46:39.196+0000	[################........] benchmark.NoBench	3.86GB/5.73GB (67.3%)
2021-11-09T18:46:42.196+0000	[################........] benchmark.NoBench	3.87GB/5.73GB (67.6%)
2021-11-09T18:46:45.196+0000	[################........] benchmark.NoBench	3.89GB/5.73GB (67.8%)
2021-11-09T18:46:48.196+0000	[################........] benchmark.NoBench	3.90GB/5.73GB (68.1%)
2021-11-09T18:46:51.197+0000	[################........] benchmark.NoBench	3.92GB/5.73GB (68.4%)
2021-11-09T18:46:54.196+0000	[################........] benchmark.NoBench	3.94GB/5.73GB (68.7%)
2021-11-09T18:46:57.199+0000	[################........] benchmark.NoBench	3.95GB/5.73GB (69.0%)
2021-11-09T18:47:00.196+0000	[################........] benchmark.NoBench	3.97GB/5.73GB (69.2%)
2021-11-09T18:47:03.196+0000	[################........] benchmark.NoBench	3.98GB/5.73GB (69.5%)
2021-11-09T18:47:06.196+0000	[################........] benchmark.NoBench	4.00GB/5.73GB (69.8%)
2021-11-09T18:47:09.196+0000	[################........] benchmark.NoBench	4.02GB/5.73GB (70.0%)
2021-11-09T18:47:12.196+0000	[################........] benchmark.NoBench	4.03GB/5.73GB (70.3%)
2021-11-09T18:47:15.197+0000	[################........] benchmark.NoBench	4.05GB/5.73GB (70.6%)
2021-11-09T18:47:18.196+0000	[#################.......] benchmark.NoBench	4.07GB/5.73GB (70.9%)
2021-11-09T18:47:21.196+0000	[#################.......] benchmark.NoBench	4.08GB/5.73GB (71.2%)
2021-11-09T18:47:24.196+0000	[#################.......] benchmark.NoBench	4.10GB/5.73GB (71.5%)
2021-11-09T18:47:27.196+0000	[#################.......] benchmark.NoBench	4.12GB/5.73GB (71.8%)
2021-11-09T18:47:30.196+0000	[#################.......] benchmark.NoBench	4.13GB/5.73GB (72.1%)
2021-11-09T18:47:33.196+0000	[#################.......] benchmark.NoBench	4.15GB/5.73GB (72.4%)
2021-11-09T18:47:36.196+0000	[#################.......] benchmark.NoBench	4.17GB/5.73GB (72.7%)
2021-11-09T18:47:39.196+0000	[#################.......] benchmark.NoBench	4.19GB/5.73GB (73.0%)
2021-11-09T18:47:42.195+0000	[#################.......] benchmark.NoBench	4.20GB/5.73GB (73.3%)
2021-11-09T18:47:45.196+0000	[#################.......] benchmark.NoBench	4.22GB/5.73GB (73.5%)
2021-11-09T18:47:48.196+0000	[#################.......] benchmark.NoBench	4.23GB/5.73GB (73.8%)
2021-11-09T18:47:51.196+0000	[#################.......] benchmark.NoBench	4.25GB/5.73GB (74.1%)
2021-11-09T18:47:54.197+0000	[#################.......] benchmark.NoBench	4.27GB/5.73GB (74.4%)
2021-11-09T18:47:57.195+0000	[#################.......] benchmark.NoBench	4.28GB/5.73GB (74.7%)
2021-11-09T18:48:00.196+0000	[#################.......] benchmark.NoBench	4.30GB/5.73GB (75.0%)
2021-11-09T18:48:03.195+0000	[##################......] benchmark.NoBench	4.31GB/5.73GB (75.2%)
2021-11-09T18:48:06.197+0000	[##################......] benchmark.NoBench	4.33GB/5.73GB (75.5%)
2021-11-09T18:48:09.195+0000	[##################......] benchmark.NoBench	4.34GB/5.73GB (75.8%)
2021-11-09T18:48:12.196+0000	[##################......] benchmark.NoBench	4.36GB/5.73GB (76.0%)
2021-11-09T18:48:15.196+0000	[##################......] benchmark.NoBench	4.38GB/5.73GB (76.3%)
2021-11-09T18:48:18.196+0000	[##################......] benchmark.NoBench	4.39GB/5.73GB (76.6%)
2021-11-09T18:48:21.196+0000	[##################......] benchmark.NoBench	4.41GB/5.73GB (76.9%)
2021-11-09T18:48:24.196+0000	[##################......] benchmark.NoBench	4.42GB/5.73GB (77.1%)
2021-11-09T18:48:27.196+0000	[##################......] benchmark.NoBench	4.44GB/5.73GB (77.4%)
2021-11-09T18:48:30.196+0000	[##################......] benchmark.NoBench	4.45GB/5.73GB (77.7%)
2021-11-09T18:48:33.198+0000	[##################......] benchmark.NoBench	4.47GB/5.73GB (78.0%)
2021-11-09T18:48:36.196+0000	[##################......] benchmark.NoBench	4.49GB/5.73GB (78.3%)
2021-11-09T18:48:39.196+0000	[##################......] benchmark.NoBench	4.51GB/5.73GB (78.6%)
2021-11-09T18:48:42.198+0000	[##################......] benchmark.NoBench	4.52GB/5.73GB (78.8%)
2021-11-09T18:48:45.196+0000	[##################......] benchmark.NoBench	4.54GB/5.73GB (79.1%)
2021-11-09T18:48:48.196+0000	[###################.....] benchmark.NoBench	4.55GB/5.73GB (79.4%)
2021-11-09T18:48:51.197+0000	[###################.....] benchmark.NoBench	4.57GB/5.73GB (79.6%)
2021-11-09T18:48:54.196+0000	[###################.....] benchmark.NoBench	4.58GB/5.73GB (79.9%)
2021-11-09T18:48:57.197+0000	[###################.....] benchmark.NoBench	4.60GB/5.73GB (80.2%)
2021-11-09T18:49:00.196+0000	[###################.....] benchmark.NoBench	4.62GB/5.73GB (80.5%)
2021-11-09T18:49:03.196+0000	[###################.....] benchmark.NoBench	4.63GB/5.73GB (80.8%)
2021-11-09T18:49:06.196+0000	[###################.....] benchmark.NoBench	4.65GB/5.73GB (81.0%)
2021-11-09T18:49:09.196+0000	[###################.....] benchmark.NoBench	4.66GB/5.73GB (81.3%)
2021-11-09T18:49:12.198+0000	[###################.....] benchmark.NoBench	4.68GB/5.73GB (81.6%)
2021-11-09T18:49:15.196+0000	[###################.....] benchmark.NoBench	4.70GB/5.73GB (81.9%)
2021-11-09T18:49:18.198+0000	[###################.....] benchmark.NoBench	4.71GB/5.73GB (82.2%)
2021-11-09T18:49:21.196+0000	[###################.....] benchmark.NoBench	4.73GB/5.73GB (82.5%)
2021-11-09T18:49:24.199+0000	[###################.....] benchmark.NoBench	4.74GB/5.73GB (82.7%)
2021-11-09T18:49:27.196+0000	[###################.....] benchmark.NoBench	4.76GB/5.73GB (83.0%)
2021-11-09T18:49:30.196+0000	[###################.....] benchmark.NoBench	4.78GB/5.73GB (83.3%)
2021-11-09T18:49:33.197+0000	[####################....] benchmark.NoBench	4.79GB/5.73GB (83.6%)
2021-11-09T18:49:36.197+0000	[####################....] benchmark.NoBench	4.81GB/5.73GB (83.9%)
2021-11-09T18:49:39.195+0000	[####################....] benchmark.NoBench	4.83GB/5.73GB (84.2%)
2021-11-09T18:49:42.196+0000	[####################....] benchmark.NoBench	4.84GB/5.73GB (84.5%)
2021-11-09T18:49:45.195+0000	[####################....] benchmark.NoBench	4.86GB/5.73GB (84.8%)
2021-11-09T18:49:48.197+0000	[####################....] benchmark.NoBench	4.88GB/5.73GB (85.0%)
2021-11-09T18:49:51.196+0000	[####################....] benchmark.NoBench	4.89GB/5.73GB (85.3%)
2021-11-09T18:49:54.196+0000	[####################....] benchmark.NoBench	4.91GB/5.73GB (85.6%)
2021-11-09T18:49:57.196+0000	[####################....] benchmark.NoBench	4.92GB/5.73GB (85.9%)
2021-11-09T18:50:00.197+0000	[####################....] benchmark.NoBench	4.94GB/5.73GB (86.1%)
2021-11-09T18:50:03.196+0000	[####################....] benchmark.NoBench	4.96GB/5.73GB (86.4%)
2021-11-09T18:50:06.196+0000	[####################....] benchmark.NoBench	4.97GB/5.73GB (86.7%)
2021-11-09T18:50:09.196+0000	[####################....] benchmark.NoBench	4.99GB/5.73GB (87.0%)
2021-11-09T18:50:12.196+0000	[####################....] benchmark.NoBench	5.00GB/5.73GB (87.2%)
2021-11-09T18:50:15.196+0000	[#####################...] benchmark.NoBench	5.02GB/5.73GB (87.5%)
2021-11-09T18:50:18.195+0000	[#####################...] benchmark.NoBench	5.03GB/5.73GB (87.8%)
2021-11-09T18:50:21.195+0000	[#####################...] benchmark.NoBench	5.05GB/5.73GB (88.1%)
2021-11-09T18:50:24.200+0000	[#####################...] benchmark.NoBench	5.07GB/5.73GB (88.3%)
2021-11-09T18:50:27.196+0000	[#####################...] benchmark.NoBench	5.08GB/5.73GB (88.6%)
2021-11-09T18:50:30.195+0000	[#####################...] benchmark.NoBench	5.10GB/5.73GB (88.9%)
2021-11-09T18:50:33.196+0000	[#####################...] benchmark.NoBench	5.11GB/5.73GB (89.2%)
2021-11-09T18:50:36.196+0000	[#####################...] benchmark.NoBench	5.13GB/5.73GB (89.5%)
2021-11-09T18:50:39.195+0000	[#####################...] benchmark.NoBench	5.15GB/5.73GB (89.8%)
2021-11-09T18:50:42.197+0000	[#####################...] benchmark.NoBench	5.16GB/5.73GB (90.1%)
2021-11-09T18:50:45.196+0000	[#####################...] benchmark.NoBench	5.18GB/5.73GB (90.3%)
2021-11-09T18:50:48.196+0000	[#####################...] benchmark.NoBench	5.19GB/5.73GB (90.6%)
2021-11-09T18:50:51.196+0000	[#####################...] benchmark.NoBench	5.21GB/5.73GB (90.9%)
2021-11-09T18:50:54.195+0000	[#####################...] benchmark.NoBench	5.23GB/5.73GB (91.2%)
2021-11-09T18:50:57.196+0000	[#####################...] benchmark.NoBench	5.24GB/5.73GB (91.4%)
2021-11-09T18:51:00.196+0000	[######################..] benchmark.NoBench	5.26GB/5.73GB (91.7%)
2021-11-09T18:51:03.196+0000	[######################..] benchmark.NoBench	5.27GB/5.73GB (92.0%)
2021-11-09T18:51:06.195+0000	[######################..] benchmark.NoBench	5.29GB/5.73GB (92.2%)
2021-11-09T18:51:09.196+0000	[######################..] benchmark.NoBench	5.30GB/5.73GB (92.5%)
2021-11-09T18:51:12.196+0000	[######################..] benchmark.NoBench	5.32GB/5.73GB (92.8%)
2021-11-09T18:51:15.198+0000	[######################..] benchmark.NoBench	5.34GB/5.73GB (93.0%)
2021-11-09T18:51:18.199+0000	[######################..] benchmark.NoBench	5.35GB/5.73GB (93.3%)
2021-11-09T18:51:21.195+0000	[######################..] benchmark.NoBench	5.37GB/5.73GB (93.6%)
2021-11-09T18:51:24.196+0000	[######################..] benchmark.NoBench	5.38GB/5.73GB (93.9%)
2021-11-09T18:51:27.196+0000	[######################..] benchmark.NoBench	5.40GB/5.73GB (94.1%)
2021-11-09T18:51:30.198+0000	[######################..] benchmark.NoBench	5.41GB/5.73GB (94.4%)
2021-11-09T18:51:33.196+0000	[######################..] benchmark.NoBench	5.43GB/5.73GB (94.7%)
2021-11-09T18:51:36.196+0000	[######################..] benchmark.NoBench	5.44GB/5.73GB (94.9%)
2021-11-09T18:51:39.196+0000	[######################..] benchmark.NoBench	5.46GB/5.73GB (95.2%)
2021-11-09T18:51:42.196+0000	[######################..] benchmark.NoBench	5.48GB/5.73GB (95.5%)
2021-11-09T18:51:45.204+0000	[######################..] benchmark.NoBench	5.49GB/5.73GB (95.8%)
2021-11-09T18:51:48.196+0000	[#######################.] benchmark.NoBench	5.51GB/5.73GB (96.1%)
2021-11-09T18:51:51.196+0000	[#######################.] benchmark.NoBench	5.53GB/5.73GB (96.4%)
2021-11-09T18:51:54.196+0000	[#######################.] benchmark.NoBench	5.54GB/5.73GB (96.6%)
2021-11-09T18:51:57.196+0000	[#######################.] benchmark.NoBench	5.56GB/5.73GB (96.9%)
2021-11-09T18:52:00.195+0000	[#######################.] benchmark.NoBench	5.57GB/5.73GB (97.2%)
2021-11-09T18:52:03.198+0000	[#######################.] benchmark.NoBench	5.59GB/5.73GB (97.5%)
2021-11-09T18:52:06.196+0000	[#######################.] benchmark.NoBench	5.61GB/5.73GB (97.8%)
2021-11-09T18:52:09.196+0000	[#######################.] benchmark.NoBench	5.62GB/5.73GB (98.0%)
2021-11-09T18:52:12.195+0000	[#######################.] benchmark.NoBench	5.64GB/5.73GB (98.3%)
2021-11-09T18:52:15.196+0000	[#######################.] benchmark.NoBench	5.65GB/5.73GB (98.6%)
2021-11-09T18:52:18.196+0000	[#######################.] benchmark.NoBench	5.67GB/5.73GB (98.9%)
2021-11-09T18:52:21.197+0000	[#######################.] benchmark.NoBench	5.69GB/5.73GB (99.2%)
2021-11-09T18:52:24.196+0000	[#######################.] benchmark.NoBench	5.70GB/5.73GB (99.4%)
2021-11-09T18:52:27.196+0000	[#######################.] benchmark.NoBench	5.72GB/5.73GB (99.7%)
2021-11-09T18:52:30.196+0000	[#######################.] benchmark.NoBench	5.73GB/5.73GB (100.0%)
2021-11-09T18:52:30.514+0000	[########################] benchmark.NoBench	5.73GB/5.73GB (100.0%)
2021-11-09T18:52:30.514+0000	10000000 document(s) imported successfully. 0 document(s) failed to import.
mongo-benchmark
MongoDB: 1514.07 s
mongo-benchmark
=== Found Postgres query file, executing Postgres queries ===
= File:'NoBench.json' =
13.4-alpine: Pulling from library/postgres
Digest: sha256:c170270dc9ba94f491375e366fa2cf46d0bc0027e4a69d70e6e9d1454ba748dc
Status: Image is up to date for postgres:13.4-alpine
e29302bc0353b48665b1980c2cb5071d9a953661baba5f7434394e00fbc3c09d
3
PSQL: 350.682 s
psql-benchmark
=== Results ===
= JQ =
Overall: 
= JODA =
Overall: 36.2582
Query Time: 10.0922
1.638016688
1.203346322
1.25993458
1.005659555
0.924093549
0.450481356
0.920869867
0.891098803
0.904523572
0.894131572
= Mongo =
Overall: 1514.07
24.203
41.805
51.416
39.762
52.011
29.099
51.572
52.772
40.915
29.84
Query Time: 413.395
= PostgreSQL =
Overall: 350.682
=== AGG Results ===
= JQ =

= JODA =
10000000
3472172
7963856
7957515
4091463
1304726
186632
621867
196486
67997
2294
= Mongo =
3472172
7963856
7957515
4091463
1304726
186632
621867
196486
67997
2294
= PostgreSQL =
 3472172
 7963856
 7957515
 4091463
 1304726
 186632
 621867
 196486
 67997
  2294
