=== Found JODA query file, executing JODA queries ===
= File:'NoBench.json' =
0.12.3: Pulling from nicotin/joda
Digest: sha256:6c0c6b4a19967ae02ef348535acdb3eb8496453a8b868763c34370e10be0192f
Status: Image is up to date for nicotin/joda:0.12.3
5a4be074af845e33cfc72b154df7d9db47cc4f2782dd60ffc81a85c1005bc0e7
0
JODA: 1.40986 s
joda-benchmark
=== Found MongoDB query file, executing MongoDB queries ===
= File:'NoBench.json' =
5.0.3-focal: Pulling from library/mongo
Digest: sha256:f7c401402aa3e689fc42c7109247ab2d5a3e3b4b8a3ace4c2bf7a5fc74ca4917
Status: Image is up to date for mongo:5.0.3-focal
88ed5ac74ba263256d398be44753c77d23eb358885aeec771be84931b270c545
2021-11-09T02:16:47.366+0000	connected to: mongodb://localhost/
2021-11-09T02:16:48.234+0000	10000 document(s) imported successfully. 0 document(s) failed to import.
mongo-benchmark
MongoDB: 3.11277 s
mongo-benchmark
=== Found Postgres query file, executing Postgres queries ===
= File:'NoBench.json' =
13.4-alpine: Pulling from library/postgres
Digest: sha256:c170270dc9ba94f491375e366fa2cf46d0bc0027e4a69d70e6e9d1454ba748dc
Status: Image is up to date for postgres:13.4-alpine
2c245d10e9fb1a880526180230ed8d5417a75234ab7dd4e7e66f746e0ff7442f
3
PSQL: 2.26261 s
psql-benchmark
=== Results ===
= JQ =
Overall: 
= JODA =
Overall: 1.40986
Query Time: 0.25832
0.03476804
0.03583061
0.025980243
0.024876187
0.024945103
0.026096865
0.025644902
0.021196093
0.021069965
0.017911741
= Mongo =
Overall: 3.11277
0.042
0.055
0.045
0.047
0.063
0.022
0.072
0.064
0.049
0.042
Query Time: 0.501
= PostgreSQL =
Overall: 2.26261
=== AGG Results ===
= JQ =

= JODA =
10000
2917
8011
2893
4117
1283
4994
627
142
49
23
= Mongo =
2917
8011
2893
4117
1283
4994
627
142
49
23
= PostgreSQL =
  2917
  8011
  2893
  4117
  1283
  4994
   627
   142
    49
    23
