=== Found JODA query file, executing JODA queries ===
= File:'Twitter.json' =
0.12.4: Pulling from nicotin/joda
Digest: sha256:b253680f2c5ee1118e2c282e0c4ebff5cb6e87643fb98abcf1e686caaa35152a
Status: Image is up to date for nicotin/joda:0.12.4
8b6e6a88b9f775a6efb23e118527af40450b82b1f5f14d42a10f6c91d2d8303e
0
JODA: 98.4181 s
joda-benchmark
=== Results ===
= JQ =
Overall: 
= JODA =
Overall: 98.4181
Query Time: 24.6085
7.21122649
9.527912181
2.515351128
2.551147915
2.802891742
= Mongo =
Overall: 

Query Time: 
= PostgreSQL =
Overall: 
=== AGG Results ===
= JQ =

= JODA =
13346336
10691615
5073309
1707641
1317761
1493294
= Mongo =

= PostgreSQL =

