=== Found JODA query file, executing JODA queries ===
= File:'Twitter.json' =
0.12.4: Pulling from nicotin/joda
Digest: sha256:b253680f2c5ee1118e2c282e0c4ebff5cb6e87643fb98abcf1e686caaa35152a
Status: Image is up to date for nicotin/joda:0.12.4
40d58a7c6b86bd9461edd88da6a789111372bbb400b5d90a84645894daeef955
0
JODA: 74.4883 s
joda-benchmark
=== Results ===
= JQ =
Overall: 
= JODA =
Overall: 74.4883
Query Time: 12.9275
6.257670899
2.273546034
1.435796461
0.339194504
0.181491681
0.083044549
0.180745053
0.254614311
0.122065202
1.799288557
= Mongo =
Overall: 

Query Time: 
= PostgreSQL =
Overall: 
=== AGG Results ===
= JQ =

= JODA =
13346336
10691615
5073309
1532985
915227
747814
3
364841
546115
483374
6430211
= Mongo =

= PostgreSQL =

