=== Found JODA query file, executing JODA queries ===
= File:'Twitter.json' =
0.12.4: Pulling from nicotin/joda
Digest: sha256:b253680f2c5ee1118e2c282e0c4ebff5cb6e87643fb98abcf1e686caaa35152a
Status: Image is up to date for nicotin/joda:0.12.4
f275ee24b44fb61b51237383b522c2978c759d3645015d8f6efb5521a4db2bde
0
JODA: 69.7734 s
joda-benchmark
=== Results ===
= JQ =
Overall: 
= JODA =
Overall: 69.7734
Query Time: 11.2514
6.956331568
2.61228691
0.863848629
0.266881094
0.080520429
0.0768587
0.111022978
0.11277278
0.085950974
0.084924956
= Mongo =
Overall: 

Query Time: 
= PostgreSQL =
Overall: 
=== AGG Results ===
= JQ =

= JODA =
13346336
5073309
5073309
1238937
312718
120299
42998
110163
66904
88935
72653
= Mongo =

= PostgreSQL =

