=== Found JODA query file, executing JODA queries ===
= File:'Twitter.json' =
0.12.4: Pulling from nicotin/joda
Digest: sha256:b253680f2c5ee1118e2c282e0c4ebff5cb6e87643fb98abcf1e686caaa35152a
Status: Image is up to date for nicotin/joda:0.12.4
372f13dad1359fc960da4c05ef8579cffe25861250fd58909d14382fae54968e
0
JODA: 75.7796 s
joda-benchmark
=== Results ===
= JQ =
Overall: 
= JODA =
Overall: 75.7796
Query Time: 11.9432
5.478858802
1.076528348
0.744124064
0.780890771
0.311302277
0.668126529
0.618571899
1.300982005
0.733894883
0.229953497
= Mongo =
Overall: 

Query Time: 
= PostgreSQL =
Overall: 
=== AGG Results ===
= JQ =

= JODA =
13346336
5073309
5260263
3478918
2186234
2369330
3041680
4394254
10691615
2558474
486817
= Mongo =

= PostgreSQL =

