=== Found JODA query file, executing JODA queries ===
= File:'NoBench.json' =
0.12.3: Pulling from nicotin/joda
Digest: sha256:6c0c6b4a19967ae02ef348535acdb3eb8496453a8b868763c34370e10be0192f
Status: Image is up to date for nicotin/joda:0.12.3
5c49a15ccb5e1e44687480207c35c21930f0004e30fd8d6b7314df262e564ed8
0
JODA: 5.20967 s
joda-benchmark
=== Found MongoDB query file, executing MongoDB queries ===
= File:'NoBench.json' =
5.0.3-focal: Pulling from library/mongo
Digest: sha256:f7c401402aa3e689fc42c7109247ab2d5a3e3b4b8a3ace4c2bf7a5fc74ca4917
Status: Image is up to date for mongo:5.0.3-focal
2944d42006a77c5f9caedf8cdd03ed65eec7caf48a7040e433d5c8d39cf28d1e
2021-11-08T10:05:54.230+0000	connected to: mongodb://localhost/
2021-11-08T10:05:57.231+0000	[........................] benchmark.NoBench	16.2MB/574MB (2.8%)
2021-11-08T10:06:00.231+0000	[#.......................] benchmark.NoBench	30.5MB/574MB (5.3%)
2021-11-08T10:06:03.231+0000	[#.......................] benchmark.NoBench	43.7MB/574MB (7.6%)
2021-11-08T10:06:06.231+0000	[##......................] benchmark.NoBench	56.4MB/574MB (9.8%)
2021-11-08T10:06:09.231+0000	[##......................] benchmark.NoBench	69.9MB/574MB (12.2%)
2021-11-08T10:06:12.231+0000	[###.....................] benchmark.NoBench	83.3MB/574MB (14.5%)
2021-11-08T10:06:15.230+0000	[####....................] benchmark.NoBench	99.9MB/574MB (17.4%)
2021-11-08T10:06:18.231+0000	[####....................] benchmark.NoBench	113MB/574MB (19.7%)
2021-11-08T10:06:21.231+0000	[#####...................] benchmark.NoBench	129MB/574MB (22.4%)
2021-11-08T10:06:24.232+0000	[#####...................] benchmark.NoBench	143MB/574MB (24.9%)
2021-11-08T10:06:27.231+0000	[######..................] benchmark.NoBench	158MB/574MB (27.6%)
2021-11-08T10:06:30.231+0000	[#######.................] benchmark.NoBench	173MB/574MB (30.1%)
2021-11-08T10:06:33.231+0000	[#######.................] benchmark.NoBench	187MB/574MB (32.5%)
2021-11-08T10:06:36.235+0000	[########................] benchmark.NoBench	201MB/574MB (35.0%)
2021-11-08T10:06:39.232+0000	[########................] benchmark.NoBench	215MB/574MB (37.5%)
2021-11-08T10:06:42.231+0000	[#########...............] benchmark.NoBench	230MB/574MB (40.1%)
2021-11-08T10:06:45.231+0000	[##########..............] benchmark.NoBench	244MB/574MB (42.5%)
2021-11-08T10:06:48.231+0000	[##########..............] benchmark.NoBench	258MB/574MB (44.9%)
2021-11-08T10:06:51.231+0000	[###########.............] benchmark.NoBench	273MB/574MB (47.5%)
2021-11-08T10:06:54.231+0000	[############............] benchmark.NoBench	287MB/574MB (50.1%)
2021-11-08T10:06:57.231+0000	[############............] benchmark.NoBench	304MB/574MB (53.0%)
2021-11-08T10:07:00.231+0000	[#############...........] benchmark.NoBench	318MB/574MB (55.4%)
2021-11-08T10:07:03.231+0000	[#############...........] benchmark.NoBench	333MB/574MB (58.0%)
2021-11-08T10:07:06.234+0000	[##############..........] benchmark.NoBench	347MB/574MB (60.6%)
2021-11-08T10:07:09.232+0000	[###############.........] benchmark.NoBench	363MB/574MB (63.4%)
2021-11-08T10:07:12.236+0000	[###############.........] benchmark.NoBench	378MB/574MB (65.9%)
2021-11-08T10:07:15.231+0000	[################........] benchmark.NoBench	392MB/574MB (68.3%)
2021-11-08T10:07:18.239+0000	[#################.......] benchmark.NoBench	407MB/574MB (70.9%)
2021-11-08T10:07:21.234+0000	[#################.......] benchmark.NoBench	421MB/574MB (73.4%)
2021-11-08T10:07:24.231+0000	[##################......] benchmark.NoBench	435MB/574MB (75.8%)
2021-11-08T10:07:27.231+0000	[##################......] benchmark.NoBench	449MB/574MB (78.4%)
2021-11-08T10:07:30.233+0000	[###################.....] benchmark.NoBench	466MB/574MB (81.2%)
2021-11-08T10:07:33.231+0000	[####################....] benchmark.NoBench	481MB/574MB (83.9%)
2021-11-08T10:07:36.231+0000	[####################....] benchmark.NoBench	495MB/574MB (86.3%)
2021-11-08T10:07:39.231+0000	[#####################...] benchmark.NoBench	509MB/574MB (88.7%)
2021-11-08T10:07:42.231+0000	[#####################...] benchmark.NoBench	524MB/574MB (91.3%)
2021-11-08T10:07:45.231+0000	[######################..] benchmark.NoBench	538MB/574MB (93.8%)
2021-11-08T10:07:48.231+0000	[#######################.] benchmark.NoBench	553MB/574MB (96.3%)
2021-11-08T10:07:51.231+0000	[#######################.] benchmark.NoBench	567MB/574MB (98.8%)
2021-11-08T10:07:52.750+0000	[########################] benchmark.NoBench	574MB/574MB (100.0%)
2021-11-08T10:07:52.750+0000	1000000 document(s) imported successfully. 0 document(s) failed to import.
mongo-benchmark
MongoDB: 162.144 s
mongo-benchmark
=== Found Postgres query file, executing Postgres queries ===
= File:'NoBench.json' =
13.4-alpine: Pulling from library/postgres
Digest: sha256:c170270dc9ba94f491375e366fa2cf46d0bc0027e4a69d70e6e9d1454ba748dc
Status: Image is up to date for postgres:13.4-alpine
497e3a56cc99d139956002cff514dfe4ddd362c30c84217816d3fab940ff250b
3
PSQL: 39.5045 s
psql-benchmark
=== Results ===
= JQ =
Overall: 
= JODA =
Overall: 5.20967
Query Time: 1.98903
0.197119046
0.136742458
0.194830174
0.193029663
0.223721073
0.121537156
0.224399335
0.23090086
0.220172363
0.246580024
= Mongo =
Overall: 162.144
2.55
4.329
5.351
4.015
5.201
2.85
5.051
5.267
3.956
3.191
Query Time: 41.761
= PostgreSQL =
Overall: 39.5045
=== AGG Results ===
= JQ =

= JODA =
1000000
346717
745481
739140
383933
155590
22994
49322
11758
4034
111
= Mongo =
346717
745481
739140
383933
155590
22994
49322
11758
4034
111
= PostgreSQL =
 346717
 745481
 739140
 383933
 155590
 22994
 49322
 11758
  4034
   111
