=== Found JODA query file, executing JODA queries ===
= File:'Twitter.json' =
0.12.4: Pulling from nicotin/joda
Digest: sha256:b253680f2c5ee1118e2c282e0c4ebff5cb6e87643fb98abcf1e686caaa35152a
Status: Image is up to date for nicotin/joda:0.12.4
6f8fae99f8344c42bc460325f6fb21fa31deb6172fe375bb068a586de0db7f61
0
JODA: 69.9542 s
joda-benchmark
=== Results ===
= JQ =
Overall: 
= JODA =
Overall: 69.9542
Query Time: 10.5581
7.083683508
2.213566404
0.346733892
0.246321297
0.256770053
0.12803533
0.075982489
0.064528802
0.071149775
0.071312992
= Mongo =
Overall: 

Query Time: 
= PostgreSQL =
Overall: 
=== AGG Results ===
= JQ =

= JODA =
13346336
5073309
1242885
314692
314692
384966
84938
21862
15042
17671
12313
= Mongo =

= PostgreSQL =

