=== Found JODA query file, executing JODA queries ===
= File:'Twitter.json' =
0.12.4: Pulling from nicotin/joda
Digest: sha256:b253680f2c5ee1118e2c282e0c4ebff5cb6e87643fb98abcf1e686caaa35152a
Status: Image is up to date for nicotin/joda:0.12.4
4c9c023b987966d968c6325dd7b09ba31c8e02bb77a0821f6672b956b81538fb
0
JODA: 91.1453 s
joda-benchmark
=== Results ===
= JQ =
Overall: 
= JODA =
Overall: 91.1453
Query Time: 21.9595
5.178115011
2.222746209
2.930177881
1.885204482
1.598295028
1.590549746
1.983395403
2.346185946
1.124641742
1.100175171
= Mongo =
Overall: 

Query Time: 
= PostgreSQL =
Overall: 
=== AGG Results ===
= JQ =

= JODA =
13346336
4717199
5073309
10691615
5073309
10691615
10636903
5407738
7194729
1919626
5073309
= Mongo =

= PostgreSQL =

