2022-03-06 08:20:00.629 UTC [798] LOG:  statement: SELECT * FROM Reddit  WHERE jsonb_path_exists(doc,'$.author_flair_css_class.type() ? (@ == "string")') ;
2022-03-06 08:20:00.631 UTC [798] LOG:  duration: 2.270 ms
2022-03-06 08:20:00.632 UTC [798] LOG:  statement: SELECT * FROM Reddit  WHERE jsonb_path_exists(doc,'$.author_flair_css_class.type() ? (@ == "string")') ;
2022-03-06 08:20:00.632 UTC [798] LOG:  duration: 0.220 ms
2022-03-06 08:20:00.632 UTC [798] LOG:  statement: SELECT * FROM Reddit  WHERE ( ( ( jsonb_path_exists(doc,'$.ups ? (@ == 4007)') OR ( ( ( ( jsonb_path_exists(doc,'$.subreddit ? (@ starts with "A")') OR jsonb_path_exists(doc,'$.subreddit ? (@ starts with "E")') ) OR jsonb_path_exists(doc,'$.subreddit ? (@ starts with "S")') ) OR jsonb_path_exists(doc,'$.subreddit ? (@ starts with "P")') ) OR jsonb_path_exists(doc,'$.subreddit ? (@ starts with "C")') ) ) OR jsonb_path_exists(doc,'$.distinguished.type() ? (@ == "string")') ) OR jsonb_path_exists(doc,'$.parent_id ? (@ starts with "t")') ) ;
2022-03-06 08:20:00.633 UTC [798] LOG:  duration: 0.489 ms
2022-03-06 08:20:00.633 UTC [798] LOG:  statement: SELECT * FROM Reddit  WHERE ( ( ( ( ( jsonb_path_exists(doc,'$.subreddit ? (@ starts with "A")') OR jsonb_path_exists(doc,'$.subreddit ? (@ starts with "E")') ) OR jsonb_path_exists(doc,'$.subreddit ? (@ starts with "S")') ) OR jsonb_path_exists(doc,'$.subreddit ? (@ starts with "P")') ) OR jsonb_path_exists(doc,'$.subreddit ? (@ starts with "C")') ) OR jsonb_path_exists(doc,'$.parent_id ? (@ starts with "t1_")') ) ;
2022-03-06 08:20:00.633 UTC [798] LOG:  duration: 0.373 ms
2022-03-06 08:20:00.633 UTC [798] LOG:  statement: SELECT * FROM Reddit  WHERE jsonb_path_exists(doc,'$.score ? (@ <= 3215.555664)') ;
2022-03-06 08:20:00.634 UTC [798] LOG:  duration: 0.211 ms
2022-03-06 08:20:00.634 UTC [798] LOG:  statement: SELECT * FROM Reddit  WHERE ( ( ( ( jsonb_path_exists(doc,'$.ups ? (@ == 4007)') OR ( ( ( ( jsonb_path_exists(doc,'$.subreddit ? (@ starts with "A")') OR jsonb_path_exists(doc,'$.subreddit ? (@ starts with "E")') ) OR jsonb_path_exists(doc,'$.subreddit ? (@ starts with "S")') ) OR jsonb_path_exists(doc,'$.subreddit ? (@ starts with "P")') ) OR jsonb_path_exists(doc,'$.subreddit ? (@ starts with "C")') ) ) OR jsonb_path_exists(doc,'$.distinguished.type() ? (@ == "string")') ) OR jsonb_path_exists(doc,'$.parent_id ? (@ starts with "t")') ) AND ( jsonb_path_exists(doc,'$.score ? (@ == 3101)') OR jsonb_path_exists(doc,'$.ups ? (@ <= 1616.265355)') ) ) ;
2022-03-06 08:20:00.634 UTC [798] LOG:  duration: 0.470 ms
2022-03-06 08:20:00.635 UTC [798] LOG:  statement: SELECT * FROM Reddit  WHERE ( ( ( ( jsonb_path_exists(doc,'$.ups ? (@ == 4007)') OR ( ( ( ( jsonb_path_exists(doc,'$.subreddit ? (@ starts with "A")') OR jsonb_path_exists(doc,'$.subreddit ? (@ starts with "E")') ) OR jsonb_path_exists(doc,'$.subreddit ? (@ starts with "S")') ) OR jsonb_path_exists(doc,'$.subreddit ? (@ starts with "P")') ) OR jsonb_path_exists(doc,'$.subreddit ? (@ starts with "C")') ) ) OR jsonb_path_exists(doc,'$.distinguished.type() ? (@ == "string")') ) OR jsonb_path_exists(doc,'$.parent_id ? (@ starts with "t")') ) AND ( jsonb_path_exists(doc,'$.gilded ? (@ == 8)') OR jsonb_path_exists(doc,'$.retrieved_on ? (@ <= 1426222491.605375)') ) ) ;
2022-03-06 08:20:00.635 UTC [798] LOG:  duration: 0.461 ms
2022-03-06 08:20:00.635 UTC [798] LOG:  statement: SELECT * FROM Reddit  WHERE ( ( ( ( jsonb_path_exists(doc,'$.ups ? (@ == 4007)') OR ( ( ( ( jsonb_path_exists(doc,'$.subreddit ? (@ starts with "A")') OR jsonb_path_exists(doc,'$.subreddit ? (@ starts with "E")') ) OR jsonb_path_exists(doc,'$.subreddit ? (@ starts with "S")') ) OR jsonb_path_exists(doc,'$.subreddit ? (@ starts with "P")') ) OR jsonb_path_exists(doc,'$.subreddit ? (@ starts with "C")') ) ) OR jsonb_path_exists(doc,'$.distinguished.type() ? (@ == "string")') ) OR jsonb_path_exists(doc,'$.parent_id ? (@ starts with "t")') ) AND ( ( jsonb_path_exists(doc,'$.score ? (@ == 762)') OR jsonb_path_exists(doc,'$.edited ? (@ == 1424609011)') ) OR jsonb_path_exists(doc,'$.parent_id ? (@ starts with "t")') ) ) ;
2022-03-06 08:20:00.636 UTC [798] LOG:  duration: 0.501 ms
2022-03-06 08:20:00.636 UTC [798] LOG:  statement: SELECT * FROM Reddit  WHERE ( ( ( ( jsonb_path_exists(doc,'$.ups ? (@ == 4007)') OR ( ( ( ( jsonb_path_exists(doc,'$.subreddit ? (@ starts with "A")') OR jsonb_path_exists(doc,'$.subreddit ? (@ starts with "E")') ) OR jsonb_path_exists(doc,'$.subreddit ? (@ starts with "S")') ) OR jsonb_path_exists(doc,'$.subreddit ? (@ starts with "P")') ) OR jsonb_path_exists(doc,'$.subreddit ? (@ starts with "C")') ) ) OR jsonb_path_exists(doc,'$.distinguished.type() ? (@ == "string")') ) OR jsonb_path_exists(doc,'$.parent_id ? (@ starts with "t")') ) AND ( jsonb_path_exists(doc,'$.edited ? (@ == false)') AND jsonb_path_exists(doc,'$.gilded ? (@ <= 5.875487)') ) ) ;
2022-03-06 08:20:00.637 UTC [798] LOG:  duration: 0.461 ms
2022-03-06 08:20:00.637 UTC [798] LOG:  statement: SELECT * FROM Reddit  WHERE ( jsonb_path_exists(doc,'$.author_flair_css_class.type() ? (@ == "string")') AND jsonb_path_exists(doc,'$.ups ? (@ <= 3766.542172)') ) ;
2022-03-06 08:20:00.637 UTC [798] LOG:  duration: 0.244 ms
2022-03-06 08:20:00.637 UTC [798] LOG:  statement: SELECT * FROM Reddit  WHERE ( jsonb_path_exists(doc,'$.author_flair_css_class.type() ? (@ == "string")') AND jsonb_path_exists(doc,'$.ups ? (@ <= 3513.563704)') ) ;
2022-03-06 08:20:00.638 UTC [798] LOG:  duration: 0.249 ms
2022-03-06 08:20:00.638 UTC [798] LOG:  statement: SELECT * FROM Reddit  WHERE ( jsonb_path_exists(doc,'$.author_flair_css_class.type() ? (@ == "string")') AND ( ( ( jsonb_path_exists(doc,'$.subreddit ? (@ starts with "R")') OR jsonb_path_exists(doc,'$.subreddit ? (@ starts with "s")') ) OR jsonb_path_exists(doc,'$.subreddit ? (@ starts with "B")') ) OR jsonb_path_exists(doc,'$.ups ? (@ <= 1516.706131)') ) ) ;
2022-03-06 08:20:00.638 UTC [798] LOG:  duration: 0.329 ms
2022-03-06 08:20:00.638 UTC [798] LOG:  statement: SELECT * FROM Reddit  WHERE ( jsonb_path_exists(doc,'$.author_flair_css_class.type() ? (@ == "string")') AND jsonb_path_exists(doc,'$.score ? (@ <= 3615.882918)') ) ;
2022-03-06 08:20:00.639 UTC [798] LOG:  duration: 0.232 ms
2022-03-06 08:20:00.639 UTC [798] LOG:  statement: SELECT * FROM Reddit  WHERE ( jsonb_path_exists(doc,'$.author_flair_css_class.type() ? (@ == "string")') AND jsonb_path_exists(doc,'$.retrieved_on ? (@ <= 1426929033.862084)') ) ;
2022-03-06 08:20:00.639 UTC [798] LOG:  duration: 0.228 ms
2022-03-06 08:20:00.639 UTC [798] LOG:  statement: SELECT * FROM Reddit  WHERE ( ( jsonb_path_exists(doc,'$.author_flair_css_class.type() ? (@ == "string")') AND jsonb_path_exists(doc,'$.retrieved_on ? (@ <= 1426929033.862084)') ) AND jsonb_path_exists(doc,'$.retrieved_on ? (@ <= 1424715002.123962)') ) ;
2022-03-06 08:20:00.640 UTC [798] LOG:  duration: 0.258 ms
2022-03-06 08:20:00.640 UTC [798] LOG:  statement: SELECT * FROM Reddit  WHERE ( ( jsonb_path_exists(doc,'$.author_flair_css_class.type() ? (@ == "string")') AND jsonb_path_exists(doc,'$.ups ? (@ <= 3513.563704)') ) AND ( ( jsonb_path_exists(doc,'$.score ? (@ <= -406.339299)') OR ( ( ( ( jsonb_path_exists(doc,'$.subreddit ? (@ starts with "r")') OR jsonb_path_exists(doc,'$.subreddit ? (@ starts with "u")') ) OR jsonb_path_exists(doc,'$.subreddit ? (@ starts with "d")') ) OR jsonb_path_exists(doc,'$.subreddit ? (@ starts with "g")') ) OR jsonb_path_exists(doc,'$.subreddit ? (@ starts with "t")') ) ) OR jsonb_path_exists(doc,'$.retrieved_on ? (@ <= 1424956278.197798)') ) ) ;
2022-03-06 08:20:00.640 UTC [798] LOG:  duration: 0.434 ms
2022-03-06 08:20:00.641 UTC [798] LOG:  statement: SELECT * FROM Reddit  WHERE ( ( jsonb_path_exists(doc,'$.author_flair_css_class.type() ? (@ == "string")') AND jsonb_path_exists(doc,'$.ups ? (@ <= 3513.563704)') ) AND jsonb_path_exists(doc,'$.gilded ? (@ <= 0.888009)') ) ;
2022-03-06 08:20:00.641 UTC [798] LOG:  duration: 0.262 ms
2022-03-06 08:20:00.641 UTC [798] LOG:  statement: SELECT * FROM Reddit  WHERE ( ( jsonb_path_exists(doc,'$.author_flair_css_class.type() ? (@ == "string")') AND jsonb_path_exists(doc,'$.score ? (@ <= 3615.882918)') ) AND ( jsonb_path_exists(doc,'$.distinguished ? (@ starts with "mo")') OR jsonb_path_exists(doc,'$.retrieved_on ? (@ <= 1424754027.828912)') ) ) ;
2022-03-06 08:20:00.641 UTC [798] LOG:  duration: 0.305 ms
2022-03-06 08:20:00.642 UTC [798] LOG:  statement: SELECT * FROM Reddit  WHERE ( ( ( jsonb_path_exists(doc,'$.author_flair_css_class.type() ? (@ == "string")') AND jsonb_path_exists(doc,'$.score ? (@ <= 3615.882918)') ) AND ( jsonb_path_exists(doc,'$.distinguished ? (@ starts with "mo")') OR jsonb_path_exists(doc,'$.retrieved_on ? (@ <= 1424754027.828912)') ) ) AND ( ( ( ( ( jsonb_path_exists(doc,'$.id ? (@ starts with "cnx")') OR jsonb_path_exists(doc,'$.id ? (@ starts with "co5")') ) OR jsonb_path_exists(doc,'$.id ? (@ starts with "cnz")') ) OR jsonb_path_exists(doc,'$.id ? (@ starts with "co2")') ) OR jsonb_path_exists(doc,'$.id ? (@ starts with "co4")') ) OR ( jsonb_path_exists(doc,'$.parent_id ? (@ starts with "t1")') AND jsonb_path_exists(doc,'$.parent_id ? (@ starts with "t3")') ) ) ) ;
2022-03-06 08:20:00.642 UTC [798] LOG:  duration: 0.507 ms
2022-03-06 08:20:00.643 UTC [798] LOG:  statement: SELECT * FROM Reddit  WHERE ( ( ( ( jsonb_path_exists(doc,'$.author_flair_css_class.type() ? (@ == "string")') AND jsonb_path_exists(doc,'$.score ? (@ <= 3615.882918)') ) AND ( jsonb_path_exists(doc,'$.distinguished ? (@ starts with "mo")') OR jsonb_path_exists(doc,'$.retrieved_on ? (@ <= 1424754027.828912)') ) ) AND ( ( ( ( ( jsonb_path_exists(doc,'$.id ? (@ starts with "cnx")') OR jsonb_path_exists(doc,'$.id ? (@ starts with "co5")') ) OR jsonb_path_exists(doc,'$.id ? (@ starts with "cnz")') ) OR jsonb_path_exists(doc,'$.id ? (@ starts with "co2")') ) OR jsonb_path_exists(doc,'$.id ? (@ starts with "co4")') ) OR ( jsonb_path_exists(doc,'$.parent_id ? (@ starts with "t1")') AND jsonb_path_exists(doc,'$.parent_id ? (@ starts with "t3")') ) ) ) AND ( ( ( ( ( jsonb_path_exists(doc,'$.id ? (@ starts with "co43")') OR jsonb_path_exists(doc,'$.id ? (@ starts with "cnxw")') ) OR jsonb_path_exists(doc,'$.id ? (@ starts with "co4p")') ) OR ( ( ( ( jsonb_path_exists(doc,'$.subreddit ? (@ starts with "m")') OR jsonb_path_exists(doc,'$.subreddit ? (@ starts with "c")') ) OR jsonb_path_exists(doc,'$.subreddit ? (@ starts with "d")') ) OR jsonb_path_exists(doc,'$.subreddit ? (@ starts with "t")') ) OR jsonb_path_exists(doc,'$.subreddit ? (@ starts with "R")') ) ) OR ( ( ( ( jsonb_path_exists(doc,'$.author ? (@ starts with "H")') OR jsonb_path_exists(doc,'$.author ? (@ starts with "v")') ) OR jsonb_path_exists(doc,'$.author ? (@ starts with "-")') ) OR jsonb_path_exists(doc,'$.author ? (@ starts with "V")') ) OR jsonb_path_exists(doc,'$.author ? (@ starts with "z")') ) ) OR jsonb_path_exists(doc,'$.parent_id ? (@ starts with "t3_")') ) ) ;
2022-03-06 08:20:00.643 UTC [798] LOG:  duration: 0.956 ms
