=== Found JODA query file, executing JODA queries ===
= File:'Twitter.json' =
0.12.4: Pulling from nicotin/joda
Digest: sha256:b253680f2c5ee1118e2c282e0c4ebff5cb6e87643fb98abcf1e686caaa35152a
Status: Image is up to date for nicotin/joda:0.12.4
94f48226bcdf79d446a022b5e882b7f7b31782f49268509c258b73f5bc949993
0
JODA: 104.119 s
joda-benchmark
=== Results ===
= JQ =
Overall: 
= JODA =
Overall: 104.119
Query Time: 20.1612
6.698535481
3.01806182
1.533392899
1.76615739
0.986045272
1.120825796
1.452884078
1.520374663
1.000036062
1.064883183
= Mongo =
Overall: 

Query Time: 
= PostgreSQL =
Overall: 
=== AGG Results ===
= JQ =

= JODA =
13346336
5073309
5073309
5072803
10691615
5407738
10691615
5815326
10691615
5073309
5096265
= Mongo =

= PostgreSQL =

