=== Found JODA query file, executing JODA queries ===
= File:'Twitter.json' =
0.12.4: Pulling from nicotin/joda
Digest: sha256:b253680f2c5ee1118e2c282e0c4ebff5cb6e87643fb98abcf1e686caaa35152a
Status: Image is up to date for nicotin/joda:0.12.4
c854cca2a7828d07106066c8ff93a18456856037396217186d456e008412ef52
0
JODA: 69.4124 s
joda-benchmark
=== Results ===
= JQ =
Overall: 
= JODA =
Overall: 69.4124
Query Time: 10.0282
6.446236409
1.177308724
0.632369656
0.848468614
0.169770663
0.331692624
0.099168451
0.130688756
0.093373734
0.099111795
= Mongo =
Overall: 

Query Time: 
= PostgreSQL =
Overall: 
=== AGG Results ===
= JQ =

= JODA =
13346336
10691615
5088210
3778670
1637624
328291
462784
320748
263231
110693
265947
= Mongo =

= PostgreSQL =

