=== Found JODA query file, executing JODA queries ===
= File:'Twitter.json' =
0.12.4: Pulling from nicotin/joda
Digest: sha256:b253680f2c5ee1118e2c282e0c4ebff5cb6e87643fb98abcf1e686caaa35152a
Status: Image is up to date for nicotin/joda:0.12.4
2f78bb7cad41695b4a27c84408a35f2e9e235069a9cf751d346d3dc1b3b8dcc1
0
JODA: 77.0862 s
joda-benchmark
=== Results ===
= JQ =
Overall: 
= JODA =
Overall: 77.0862
Query Time: 10.9732
6.096520586
3.089569919
0.966517586
0.29707605
0.115819701
0.10312348
0.095018953
0.08626486
0.057936652
0.065367703
= Mongo =
Overall: 

Query Time: 
= PostgreSQL =
Overall: 
=== AGG Results ===
= JQ =

= JODA =
13346336
10691615
5073309
1707641
1317761
289335
188779
141807
73701
15273
11808
= Mongo =

= PostgreSQL =

