The files belonging to this database system will be owned by user "postgres".
This user must also own the server process.

The database cluster will be initialized with locale "en_US.utf8".
The default database encoding has accordingly been set to "UTF8".
The default text search configuration will be set to "english".

Data page checksums are disabled.

fixing permissions on existing directory /var/lib/postgresql/data ... ok
creating subdirectories ... ok
selecting dynamic shared memory implementation ... posix
selecting default max_connections ... 100
selecting default shared_buffers ... 128MB
selecting default time zone ... UTC
creating configuration files ... ok
running bootstrap script ... ok
sh: locale: not found
2021-11-08 16:37:01.426 UTC [30] WARNING:  no usable system locales were found
performing post-bootstrap initialization ... ok
syncing data to disk ... ok


initdb: warning: enabling "trust" authentication for local connections
You can change this by editing pg_hba.conf or using the option -A, or
--auth-local and --auth-host, the next time you run initdb.
Success. You can now start the database server using:

    pg_ctl -D /var/lib/postgresql/data -l logfile start

waiting for server to start....2021-11-08 16:37:02.197 UTC [36] LOG:  starting PostgreSQL 13.4 on x86_64-pc-linux-musl, compiled by gcc (Alpine 10.3.1_git20210424) 10.3.1 20210424, 64-bit
2021-11-08 16:37:02.231 UTC [36] LOG:  listening on Unix socket "/var/run/postgresql/.s.PGSQL.5432"
2021-11-08 16:37:02.234 UTC [37] LOG:  database system was shut down at 2021-11-08 16:37:02 UTC
2021-11-08 16:37:02.237 UTC [36] LOG:  database system is ready to accept connections
 done
server started
2021-11-08 16:37:02.294 UTC [46] LOG:  statement: SELECT 1 FROM pg_database WHERE datname = 'postgres' ;
2021-11-08 16:37:02.296 UTC [46] LOG:  duration: 2.390 ms

/usr/local/bin/docker-entrypoint.sh: running /docker-entrypoint-initdb.d/1-benchmark.sql
2021-11-08 16:37:02.307 UTC [48] LOG:  statement: CREATE UNLOGGED TABLE NoBench (doc jsonb);
2021-11-08 16:37:02.315 UTC [48] LOG:  duration: 7.919 ms
CREATE TABLE
2021-11-08 16:37:02.315 UTC [48] LOG:  statement: COPY NoBench (doc) from program 'sed -e ''s/\\/\\\\/g'' /dataset/NoBench.json';
2021-11-08 16:37:30.532 UTC [48] LOG:  duration: 28216.813 ms
COPY 1000000
2021-11-08 16:37:30.532 UTC [48] LOG:  statement: SELECT COUNT(*) FROM NoBench WHERE ( ( ( jsonb_path_exists(doc,'$.sparse_974.type() ? (@ == "string")') OR jsonb_path_exists(doc,'$.sparse_867 ? (@ starts with "GBRDA=")') ) OR jsonb_path_exists(doc,'$.sparse_371') ) OR jsonb_path_exists(doc,'$.dyn2 ? (@ >= 1704.876497)') ) ;
2021-11-08 16:37:31.483 UTC [48] LOG:  duration: 950.393 ms
 count  
--------
 346717
(1 row)

2021-11-08 16:37:31.483 UTC [48] LOG:  statement: SELECT COUNT(*) FROM NoBench WHERE ( ( ( ( ( jsonb_path_exists(doc,'$.str1 ? (@ starts with "GBRDCMB")') OR jsonb_path_exists(doc,'$.str1 ? (@ starts with "GBRDCMJR")') ) OR jsonb_path_exists(doc,'$.str1 ? (@ starts with "GBRDC=")') ) OR jsonb_path_exists(doc,'$.sparse_852 ? (@ starts with "GBRDC")') ) OR jsonb_path_exists(doc,'$.sparse_757') ) OR jsonb_path_exists(doc,'$.sparse_491') ) ;
2021-11-08 16:37:32.194 UTC [48] LOG:  duration: 710.557 ms
 count  
--------
 745481
(1 row)

2021-11-08 16:37:32.194 UTC [48] LOG:  statement: SELECT COUNT(*) FROM NoBench WHERE ( ( ( ( ( ( jsonb_path_exists(doc,'$.str1 ? (@ starts with "GBRDCMB")') OR jsonb_path_exists(doc,'$.str1 ? (@ starts with "GBRDCMJR")') ) OR jsonb_path_exists(doc,'$.str1 ? (@ starts with "GBRDC=")') ) OR jsonb_path_exists(doc,'$.sparse_852 ? (@ starts with "GBRDC")') ) OR jsonb_path_exists(doc,'$.sparse_757') ) OR jsonb_path_exists(doc,'$.sparse_491') ) AND ( ( ( ( jsonb_path_exists(doc,'$.sparse_783 ? (@ starts with "GBRDCM")') AND jsonb_path_exists(doc,'$.sparse_783 ? (@ starts with "GBRDC")') ) OR jsonb_path_exists(doc,'$.sparse_320') ) OR jsonb_path_exists(doc,'$.sparse_494 ? (@ starts with "GBRDC")') ) OR jsonb_path_exists(doc,'$.nested_obj.num ? (@ >= 6517.423246)') ) ) ;
2021-11-08 16:37:33.393 UTC [48] LOG:  duration: 1198.935 ms
 count  
--------
 739140
(1 row)

2021-11-08 16:37:33.394 UTC [48] LOG:  statement: SELECT COUNT(*) FROM NoBench WHERE ( ( ( ( ( ( jsonb_path_exists(doc,'$.str1 ? (@ starts with "GBRDCMB")') OR jsonb_path_exists(doc,'$.str1 ? (@ starts with "GBRDCMJR")') ) OR jsonb_path_exists(doc,'$.str1 ? (@ starts with "GBRDC=")') ) OR jsonb_path_exists(doc,'$.sparse_852 ? (@ starts with "GBRDC")') ) OR jsonb_path_exists(doc,'$.sparse_757') ) OR jsonb_path_exists(doc,'$.sparse_491') ) AND ( ( ( jsonb_path_exists(doc,'$.sparse_051.type() ? (@ == "string")') OR jsonb_path_exists(doc,'$.sparse_375.type() ? (@ == "string")') ) OR jsonb_path_exists(doc,'$.sparse_223') ) OR jsonb_path_exists(doc,'$.bool ? (@ == true)') ) ) ;
2021-11-08 16:37:34.300 UTC [48] LOG:  duration: 906.031 ms
 count  
--------
 383933
(1 row)

2021-11-08 16:37:34.300 UTC [48] LOG:  statement: SELECT COUNT(*) FROM NoBench WHERE ( ( ( ( ( ( ( jsonb_path_exists(doc,'$.str1 ? (@ starts with "GBRDCMB")') OR jsonb_path_exists(doc,'$.str1 ? (@ starts with "GBRDCMJR")') ) OR jsonb_path_exists(doc,'$.str1 ? (@ starts with "GBRDC=")') ) OR jsonb_path_exists(doc,'$.sparse_852 ? (@ starts with "GBRDC")') ) OR jsonb_path_exists(doc,'$.sparse_757') ) OR jsonb_path_exists(doc,'$.sparse_491') ) AND ( ( ( jsonb_path_exists(doc,'$.sparse_051.type() ? (@ == "string")') OR jsonb_path_exists(doc,'$.sparse_375.type() ? (@ == "string")') ) OR jsonb_path_exists(doc,'$.sparse_223') ) OR jsonb_path_exists(doc,'$.bool ? (@ == true)') ) ) AND ( ( ( jsonb_path_exists(doc,'$.sparse_218') OR jsonb_path_exists(doc,'$.sparse_878.type() ? (@ == "string")') ) OR jsonb_path_exists(doc,'$.sparse_037.type() ? (@ == "string")') ) OR ( ( jsonb_path_exists(doc,'$.str1 ? (@ starts with "GBRDCMBR")') OR jsonb_path_exists(doc,'$.str1 ? (@ starts with "GBRDCMJQG")') ) OR jsonb_path_exists(doc,'$.str1 ? (@ starts with "GBRDC==")') ) ) ) ;
2021-11-08 16:37:35.574 UTC [48] LOG:  duration: 1274.105 ms
 count  
--------
 155590
(1 row)

2021-11-08 16:37:35.575 UTC [48] LOG:  statement: SELECT COUNT(*) FROM NoBench WHERE ( ( ( jsonb_path_exists(doc,'$.sparse_127.type() ? (@ == "string")') OR jsonb_path_exists(doc,'$.sparse_673 ? (@ starts with "GBRDCM")') ) OR jsonb_path_exists(doc,'$.sparse_672 ? (@ starts with "GBRDCMB")') ) OR jsonb_path_exists(doc,'$.dyn1 ? (@ <= 5165.166293)') ) ;
2021-11-08 16:37:36.342 UTC [48] LOG:  duration: 767.268 ms
 count 
-------
 22994
(1 row)

2021-11-08 16:37:36.343 UTC [48] LOG:  statement: SELECT COUNT(*) FROM NoBench WHERE ( ( ( ( ( ( ( ( jsonb_path_exists(doc,'$.str1 ? (@ starts with "GBRDCMB")') OR jsonb_path_exists(doc,'$.str1 ? (@ starts with "GBRDCMJR")') ) OR jsonb_path_exists(doc,'$.str1 ? (@ starts with "GBRDC=")') ) OR jsonb_path_exists(doc,'$.sparse_852 ? (@ starts with "GBRDC")') ) OR jsonb_path_exists(doc,'$.sparse_757') ) OR jsonb_path_exists(doc,'$.sparse_491') ) AND ( ( ( jsonb_path_exists(doc,'$.sparse_051.type() ? (@ == "string")') OR jsonb_path_exists(doc,'$.sparse_375.type() ? (@ == "string")') ) OR jsonb_path_exists(doc,'$.sparse_223') ) OR jsonb_path_exists(doc,'$.bool ? (@ == true)') ) ) AND ( ( ( jsonb_path_exists(doc,'$.sparse_218') OR jsonb_path_exists(doc,'$.sparse_878.type() ? (@ == "string")') ) OR jsonb_path_exists(doc,'$.sparse_037.type() ? (@ == "string")') ) OR ( ( jsonb_path_exists(doc,'$.str1 ? (@ starts with "GBRDCMBR")') OR jsonb_path_exists(doc,'$.str1 ? (@ starts with "GBRDCMJQG")') ) OR jsonb_path_exists(doc,'$.str1 ? (@ starts with "GBRDC==")') ) ) ) AND ( jsonb_path_exists(doc,'$.str2 ? (@ starts with "GBRDCMJRG")') OR jsonb_path_exists(doc,'$.str2 ? (@ starts with "GBRDCMJQGA")') ) ) ;
2021-11-08 16:37:37.330 UTC [48] LOG:  duration: 987.656 ms
 count 
-------
 49322
(1 row)

2021-11-08 16:37:37.331 UTC [48] LOG:  statement: SELECT COUNT(*) FROM NoBench WHERE ( ( ( ( ( ( ( ( ( jsonb_path_exists(doc,'$.str1 ? (@ starts with "GBRDCMB")') OR jsonb_path_exists(doc,'$.str1 ? (@ starts with "GBRDCMJR")') ) OR jsonb_path_exists(doc,'$.str1 ? (@ starts with "GBRDC=")') ) OR jsonb_path_exists(doc,'$.sparse_852 ? (@ starts with "GBRDC")') ) OR jsonb_path_exists(doc,'$.sparse_757') ) OR jsonb_path_exists(doc,'$.sparse_491') ) AND ( ( ( jsonb_path_exists(doc,'$.sparse_051.type() ? (@ == "string")') OR jsonb_path_exists(doc,'$.sparse_375.type() ? (@ == "string")') ) OR jsonb_path_exists(doc,'$.sparse_223') ) OR jsonb_path_exists(doc,'$.bool ? (@ == true)') ) ) AND ( ( ( jsonb_path_exists(doc,'$.sparse_218') OR jsonb_path_exists(doc,'$.sparse_878.type() ? (@ == "string")') ) OR jsonb_path_exists(doc,'$.sparse_037.type() ? (@ == "string")') ) OR ( ( jsonb_path_exists(doc,'$.str1 ? (@ starts with "GBRDCMBR")') OR jsonb_path_exists(doc,'$.str1 ? (@ starts with "GBRDCMJQG")') ) OR jsonb_path_exists(doc,'$.str1 ? (@ starts with "GBRDC==")') ) ) ) AND ( jsonb_path_exists(doc,'$.str2 ? (@ starts with "GBRDCMJRG")') OR jsonb_path_exists(doc,'$.str2 ? (@ starts with "GBRDCMJQGA")') ) ) AND jsonb_path_exists(doc,'$.str2 ? (@ starts with "GBRDCMJRGA")') ) ;
2021-11-08 16:37:38.084 UTC [48] LOG:  duration: 753.214 ms
 count 
-------
 11758
(1 row)

2021-11-08 16:37:38.085 UTC [48] LOG:  statement: SELECT COUNT(*) FROM NoBench WHERE ( ( ( ( ( ( ( ( ( ( jsonb_path_exists(doc,'$.str1 ? (@ starts with "GBRDCMB")') OR jsonb_path_exists(doc,'$.str1 ? (@ starts with "GBRDCMJR")') ) OR jsonb_path_exists(doc,'$.str1 ? (@ starts with "GBRDC=")') ) OR jsonb_path_exists(doc,'$.sparse_852 ? (@ starts with "GBRDC")') ) OR jsonb_path_exists(doc,'$.sparse_757') ) OR jsonb_path_exists(doc,'$.sparse_491') ) AND ( ( ( jsonb_path_exists(doc,'$.sparse_051.type() ? (@ == "string")') OR jsonb_path_exists(doc,'$.sparse_375.type() ? (@ == "string")') ) OR jsonb_path_exists(doc,'$.sparse_223') ) OR jsonb_path_exists(doc,'$.bool ? (@ == true)') ) ) AND ( ( ( jsonb_path_exists(doc,'$.sparse_218') OR jsonb_path_exists(doc,'$.sparse_878.type() ? (@ == "string")') ) OR jsonb_path_exists(doc,'$.sparse_037.type() ? (@ == "string")') ) OR ( ( jsonb_path_exists(doc,'$.str1 ? (@ starts with "GBRDCMBR")') OR jsonb_path_exists(doc,'$.str1 ? (@ starts with "GBRDCMJQG")') ) OR jsonb_path_exists(doc,'$.str1 ? (@ starts with "GBRDC==")') ) ) ) AND ( jsonb_path_exists(doc,'$.str2 ? (@ starts with "GBRDCMJRG")') OR jsonb_path_exists(doc,'$.str2 ? (@ starts with "GBRDCMJQGA")') ) ) AND jsonb_path_exists(doc,'$.str2 ? (@ starts with "GBRDCMJRGA")') ) AND ( ( jsonb_path_exists(doc,'$.sparse_419') OR jsonb_path_exists(doc,'$.sparse_632 ? (@ starts with "GBRDC==")') ) OR jsonb_path_exists(doc,'$.dyn2.type() ? (@ == "string")') ) ) ;
2021-11-08 16:37:38.683 UTC [48] LOG:  duration: 598.167 ms
 count 
-------
  4034
(1 row)

2021-11-08 16:37:38.683 UTC [48] LOG:  statement: SELECT COUNT(*) FROM NoBench WHERE ( ( ( ( ( ( ( ( ( ( ( jsonb_path_exists(doc,'$.str1 ? (@ starts with "GBRDCMB")') OR jsonb_path_exists(doc,'$.str1 ? (@ starts with "GBRDCMJR")') ) OR jsonb_path_exists(doc,'$.str1 ? (@ starts with "GBRDC=")') ) OR jsonb_path_exists(doc,'$.sparse_852 ? (@ starts with "GBRDC")') ) OR jsonb_path_exists(doc,'$.sparse_757') ) OR jsonb_path_exists(doc,'$.sparse_491') ) AND ( ( ( jsonb_path_exists(doc,'$.sparse_051.type() ? (@ == "string")') OR jsonb_path_exists(doc,'$.sparse_375.type() ? (@ == "string")') ) OR jsonb_path_exists(doc,'$.sparse_223') ) OR jsonb_path_exists(doc,'$.bool ? (@ == true)') ) ) AND ( ( ( jsonb_path_exists(doc,'$.sparse_218') OR jsonb_path_exists(doc,'$.sparse_878.type() ? (@ == "string")') ) OR jsonb_path_exists(doc,'$.sparse_037.type() ? (@ == "string")') ) OR ( ( jsonb_path_exists(doc,'$.str1 ? (@ starts with "GBRDCMBR")') OR jsonb_path_exists(doc,'$.str1 ? (@ starts with "GBRDCMJQG")') ) OR jsonb_path_exists(doc,'$.str1 ? (@ starts with "GBRDC==")') ) ) ) AND ( jsonb_path_exists(doc,'$.str2 ? (@ starts with "GBRDCMJRG")') OR jsonb_path_exists(doc,'$.str2 ? (@ starts with "GBRDCMJQGA")') ) ) AND jsonb_path_exists(doc,'$.str2 ? (@ starts with "GBRDCMJRGA")') ) AND ( ( jsonb_path_exists(doc,'$.sparse_419') OR jsonb_path_exists(doc,'$.sparse_632 ? (@ starts with "GBRDC==")') ) OR jsonb_path_exists(doc,'$.dyn2.type() ? (@ == "string")') ) ) AND ( ( jsonb_path_exists(doc,'$.sparse_294') OR jsonb_path_exists(doc,'$.sparse_111') ) OR jsonb_path_exists(doc,'$.nested_obj.num ? (@ <= 3764.139065)') ) ) ;
2021-11-08 16:37:39.261 UTC [48] LOG:  duration: 577.656 ms
 count 
-------
   111
(1 row)

2021-11-08 16:37:39.261 UTC [48] LOG:  statement: SELECT * FROM nonexistingsopostgresstops;
2021-11-08 16:37:39.262 UTC [48] ERROR:  relation "nonexistingsopostgresstops" does not exist at character 15
2021-11-08 16:37:39.262 UTC [48] STATEMENT:  SELECT * FROM nonexistingsopostgresstops;
psql:/docker-entrypoint-initdb.d/1-benchmark.sql:14: ERROR:  relation "nonexistingsopostgresstops" does not exist
LINE 1: SELECT * FROM nonexistingsopostgresstops;
                      ^
