=== Found JODA query file, executing JODA queries ===
= File:'NoBench.json' =
0.12.3: Pulling from nicotin/joda
Digest: sha256:6c0c6b4a19967ae02ef348535acdb3eb8496453a8b868763c34370e10be0192f
Status: Image is up to date for nicotin/joda:0.12.3
81c728e88b70efdaf27486b766451bea6fcc1c66273a4233e90bd37226ef1ad1
0
JODA: 5.65433 s
joda-benchmark
=== Found MongoDB query file, executing MongoDB queries ===
= File:'NoBench.json' =
5.0.3-focal: Pulling from library/mongo
Digest: sha256:f7c401402aa3e689fc42c7109247ab2d5a3e3b4b8a3ace4c2bf7a5fc74ca4917
Status: Image is up to date for mongo:5.0.3-focal
754391efdf3a4fc619a14e6a4b5db9a17979061ead31a660e594e4953384b1fd
2021-11-08T16:34:12.756+0000	connected to: mongodb://localhost/
2021-11-08T16:34:15.756+0000	[........................] benchmark.NoBench	14.5MB/574MB (2.5%)
2021-11-08T16:34:18.764+0000	[#.......................] benchmark.NoBench	27.4MB/574MB (4.8%)
2021-11-08T16:34:21.760+0000	[#.......................] benchmark.NoBench	40.1MB/574MB (7.0%)
2021-11-08T16:34:24.756+0000	[##......................] benchmark.NoBench	54.3MB/574MB (9.5%)
2021-11-08T16:34:27.763+0000	[##......................] benchmark.NoBench	67.5MB/574MB (11.8%)
2021-11-08T16:34:30.756+0000	[###.....................] benchmark.NoBench	80.9MB/574MB (14.1%)
2021-11-08T16:34:33.756+0000	[###.....................] benchmark.NoBench	95.3MB/574MB (16.6%)
2021-11-08T16:34:36.756+0000	[####....................] benchmark.NoBench	109MB/574MB (18.9%)
2021-11-08T16:34:39.756+0000	[#####...................] benchmark.NoBench	123MB/574MB (21.5%)
2021-11-08T16:34:42.759+0000	[#####...................] benchmark.NoBench	138MB/574MB (24.1%)
2021-11-08T16:34:45.756+0000	[######..................] benchmark.NoBench	152MB/574MB (26.5%)
2021-11-08T16:34:48.756+0000	[######..................] benchmark.NoBench	165MB/574MB (28.9%)
2021-11-08T16:34:51.756+0000	[#######.................] benchmark.NoBench	179MB/574MB (31.3%)
2021-11-08T16:34:54.761+0000	[########................] benchmark.NoBench	193MB/574MB (33.7%)
2021-11-08T16:34:57.756+0000	[########................] benchmark.NoBench	207MB/574MB (36.0%)
2021-11-08T16:35:00.758+0000	[#########...............] benchmark.NoBench	222MB/574MB (38.7%)
2021-11-08T16:35:03.756+0000	[#########...............] benchmark.NoBench	236MB/574MB (41.2%)
2021-11-08T16:35:06.756+0000	[##########..............] benchmark.NoBench	251MB/574MB (43.8%)
2021-11-08T16:35:09.757+0000	[###########.............] benchmark.NoBench	265MB/574MB (46.2%)
2021-11-08T16:35:12.756+0000	[###########.............] benchmark.NoBench	279MB/574MB (48.6%)
2021-11-08T16:35:15.756+0000	[############............] benchmark.NoBench	294MB/574MB (51.3%)
2021-11-08T16:35:18.756+0000	[############............] benchmark.NoBench	307MB/574MB (53.6%)
2021-11-08T16:35:21.757+0000	[#############...........] benchmark.NoBench	321MB/574MB (55.9%)
2021-11-08T16:35:24.756+0000	[#############...........] benchmark.NoBench	334MB/574MB (58.3%)
2021-11-08T16:35:27.763+0000	[##############..........] benchmark.NoBench	349MB/574MB (60.9%)
2021-11-08T16:35:30.756+0000	[###############.........] benchmark.NoBench	364MB/574MB (63.5%)
2021-11-08T16:35:33.763+0000	[###############.........] benchmark.NoBench	380MB/574MB (66.2%)
2021-11-08T16:35:36.756+0000	[################........] benchmark.NoBench	393MB/574MB (68.6%)
2021-11-08T16:35:39.760+0000	[#################.......] benchmark.NoBench	407MB/574MB (71.0%)
2021-11-08T16:35:42.756+0000	[#################.......] benchmark.NoBench	421MB/574MB (73.4%)
2021-11-08T16:35:45.756+0000	[##################......] benchmark.NoBench	435MB/574MB (75.8%)
2021-11-08T16:35:48.756+0000	[##################......] benchmark.NoBench	449MB/574MB (78.3%)
2021-11-08T16:35:51.756+0000	[###################.....] benchmark.NoBench	464MB/574MB (80.9%)
2021-11-08T16:35:54.756+0000	[####################....] benchmark.NoBench	480MB/574MB (83.6%)
2021-11-08T16:35:57.756+0000	[####################....] benchmark.NoBench	494MB/574MB (86.1%)
2021-11-08T16:36:00.756+0000	[#####################...] benchmark.NoBench	507MB/574MB (88.4%)
2021-11-08T16:36:03.756+0000	[#####################...] benchmark.NoBench	521MB/574MB (90.8%)
2021-11-08T16:36:06.759+0000	[######################..] benchmark.NoBench	534MB/574MB (93.2%)
2021-11-08T16:36:09.756+0000	[######################..] benchmark.NoBench	548MB/574MB (95.6%)
2021-11-08T16:36:12.756+0000	[#######################.] benchmark.NoBench	562MB/574MB (98.0%)
2021-11-08T16:36:15.061+0000	[########################] benchmark.NoBench	574MB/574MB (100.0%)
2021-11-08T16:36:15.061+0000	1000000 document(s) imported successfully. 0 document(s) failed to import.
mongo-benchmark
MongoDB: 165.578 s
mongo-benchmark
=== Found Postgres query file, executing Postgres queries ===
= File:'NoBench.json' =
13.4-alpine: Pulling from library/postgres
Digest: sha256:c170270dc9ba94f491375e366fa2cf46d0bc0027e4a69d70e6e9d1454ba748dc
Status: Image is up to date for postgres:13.4-alpine
b1f5abbb218db111e12a0eb2ed8686db6a3531831db0f9e1c30770b319385604
3
PSQL: 38.6326 s
psql-benchmark
=== Results ===
= JQ =
Overall: 
= JODA =
Overall: 5.65433
Query Time: 2.35262
0.297490344
0.162001121
0.231581039
0.22139868
0.276891226
0.143681502
0.253593128
0.236419156
0.260278275
0.269282502
= Mongo =
Overall: 165.578
2.663
4.632
5.043
3.799
4.874
2.844
5.265
5.184
3.939
3.095
Query Time: 41.338
= PostgreSQL =
Overall: 38.6326
=== AGG Results ===
= JQ =

= JODA =
1000000
346717
745481
739140
383933
155590
22994
49322
11758
4034
111
= Mongo =
346717
745481
739140
383933
155590
22994
49322
11758
4034
111
= PostgreSQL =
 346717
 745481
 739140
 383933
 155590
 22994
 49322
 11758
  4034
   111
