=== Found JODA query file, executing JODA queries ===
= File:'Twitter.json' =
0.12.4: Pulling from nicotin/joda
Digest: sha256:b253680f2c5ee1118e2c282e0c4ebff5cb6e87643fb98abcf1e686caaa35152a
Status: Image is up to date for nicotin/joda:0.12.4
c8a2c71497a52b059d3c229e17ff8ff42ead4b085b58252496acd436b872fd7a
0
JODA: 90.3589 s
joda-benchmark
=== Results ===
= JQ =
Overall: 
= JODA =
Overall: 90.3589
Query Time: 19.6173
3.801098898
6.409284226
2.222691428
2.593283817
1.89283219
1.233656988
0.761352932
0.434263713
0.137442051
0.131437305
= Mongo =
Overall: 

Query Time: 
= PostgreSQL =
Overall: 
=== AGG Results ===
= JQ =

= JODA =
13346336
10691615
7326241
5073309
10691615
5073309
3573118
3483600
1014690
314692
250581
= Mongo =

= PostgreSQL =

