=== Found JODA query file, executing JODA queries ===
= File:'Twitter.json' =
0.12.4: Pulling from nicotin/joda
Digest: sha256:b253680f2c5ee1118e2c282e0c4ebff5cb6e87643fb98abcf1e686caaa35152a
Status: Image is up to date for nicotin/joda:0.12.4
a130fa73fb75467ee398407563a733c664af69478a3127cd186e9d9c110addea
0
JODA: 89.7858 s
joda-benchmark
=== Results ===
= JQ =
Overall: 
= JODA =
Overall: 89.7858
Query Time: 16.9704
5.463439092
2.00271264
1.066361734
1.617329832
0.929531293
1.188590791
1.498957666
0.927503102
1.312493537
0.96343711
= Mongo =
Overall: 

Query Time: 
= PostgreSQL =
Overall: 
=== AGG Results ===
= JQ =

= JODA =
13346336
5073309
5073309
5072803
10691615
5407738
10691615
5815326
5073309
10691615
5073309
= Mongo =

= PostgreSQL =

