=== Found JODA query file, executing JODA queries ===
= File:'Twitter.json' =
0.12.4: Pulling from nicotin/joda
Digest: sha256:b253680f2c5ee1118e2c282e0c4ebff5cb6e87643fb98abcf1e686caaa35152a
Status: Image is up to date for nicotin/joda:0.12.4
df42329aed14278e426a6f7fcad08dbf6d6a356fd5da6cbe46bba336d96e5963
0
JODA: 81.5036 s
joda-benchmark
=== Results ===
= JQ =
Overall: 
= JODA =
Overall: 81.5036
Query Time: 15.0337
6.003830217
2.207016632
1.226103065
0.981548531
0.737638618
0.404223173
1.180431944
1.004625991
0.597343257
0.690957965
= Mongo =
Overall: 

Query Time: 
= PostgreSQL =
Overall: 
=== AGG Results ===
= JQ =

= JODA =
13346336
10691615
7728030
5073309
4180215
3183390
2355475
2655541
4134462
5073309
5073309
= Mongo =

= PostgreSQL =

