=== Found JODA query file, executing JODA queries ===
= File:'Twitter.json' =
0.12.4: Pulling from nicotin/joda
Digest: sha256:b253680f2c5ee1118e2c282e0c4ebff5cb6e87643fb98abcf1e686caaa35152a
Status: Image is up to date for nicotin/joda:0.12.4
e1394ac9d08bf3d39512bf3fc98b1da8b7485daa085f12cd5fa35924c68171dd
0
JODA: 75.7826 s
joda-benchmark
=== Results ===
= JQ =
Overall: 
= JODA =
Overall: 75.7826
Query Time: 11.8255
3.539351051
3.603178773
0.9399349
0.767529673
0.655221099
1.257570573
0.502573968
0.261678065
0.151683275
0.146823155
= Mongo =
Overall: 

Query Time: 
= PostgreSQL =
Overall: 
=== AGG Results ===
= JQ =

= JODA =
13346336
10691615
5073309
4100646
4105202
2174466
5073309
2310361
1148363
722584
194256
= Mongo =

= PostgreSQL =

