=== Found JODA query file, executing JODA queries ===
= File:'NoBench.json' =
0.12.3: Pulling from nicotin/joda
Digest: sha256:6c0c6b4a19967ae02ef348535acdb3eb8496453a8b868763c34370e10be0192f
Status: Image is up to date for nicotin/joda:0.12.3
c41e0e1783aff7a4734a47c2ffe522ee03d142af48565e3ac7e0730e90a333e6
0
JODA: 36.1853 s
joda-benchmark
=== Found MongoDB query file, executing MongoDB queries ===
= File:'NoBench.json' =
5.0.3-focal: Pulling from library/mongo
Digest: sha256:f7c401402aa3e689fc42c7109247ab2d5a3e3b4b8a3ace4c2bf7a5fc74ca4917
Status: Image is up to date for mongo:5.0.3-focal
6184a03e23f4d50b64bc718b7d41144a6d5c75ae35c555bab1e7a8b866566c28
2021-11-10T04:17:03.536+0000	connected to: mongodb://localhost/
2021-11-10T04:17:06.536+0000	[........................] benchmark.NoBench	19.1MB/5.73GB (0.3%)
2021-11-10T04:17:09.536+0000	[........................] benchmark.NoBench	33.0MB/5.73GB (0.6%)
2021-11-10T04:17:12.537+0000	[........................] benchmark.NoBench	47.1MB/5.73GB (0.8%)
2021-11-10T04:17:15.539+0000	[........................] benchmark.NoBench	63.2MB/5.73GB (1.1%)
2021-11-10T04:17:18.537+0000	[........................] benchmark.NoBench	78.5MB/5.73GB (1.3%)
2021-11-10T04:17:21.540+0000	[........................] benchmark.NoBench	92.5MB/5.73GB (1.6%)
2021-11-10T04:17:24.536+0000	[........................] benchmark.NoBench	106MB/5.73GB (1.8%)
2021-11-10T04:17:27.537+0000	[........................] benchmark.NoBench	121MB/5.73GB (2.1%)
2021-11-10T04:17:30.542+0000	[........................] benchmark.NoBench	137MB/5.73GB (2.3%)
2021-11-10T04:17:33.543+0000	[........................] benchmark.NoBench	153MB/5.73GB (2.6%)
2021-11-10T04:17:36.538+0000	[........................] benchmark.NoBench	167MB/5.73GB (2.8%)
2021-11-10T04:17:39.537+0000	[........................] benchmark.NoBench	182MB/5.73GB (3.1%)
2021-11-10T04:17:42.537+0000	[........................] benchmark.NoBench	196MB/5.73GB (3.3%)
2021-11-10T04:17:45.537+0000	[........................] benchmark.NoBench	211MB/5.73GB (3.6%)
2021-11-10T04:17:48.536+0000	[........................] benchmark.NoBench	225MB/5.73GB (3.8%)
2021-11-10T04:17:51.536+0000	[........................] benchmark.NoBench	240MB/5.73GB (4.1%)
2021-11-10T04:17:54.536+0000	[#.......................] benchmark.NoBench	256MB/5.73GB (4.4%)
2021-11-10T04:17:57.537+0000	[#.......................] benchmark.NoBench	270MB/5.73GB (4.6%)
2021-11-10T04:18:00.537+0000	[#.......................] benchmark.NoBench	285MB/5.73GB (4.9%)
2021-11-10T04:18:03.537+0000	[#.......................] benchmark.NoBench	300MB/5.73GB (5.1%)
2021-11-10T04:18:06.536+0000	[#.......................] benchmark.NoBench	317MB/5.73GB (5.4%)
2021-11-10T04:18:09.537+0000	[#.......................] benchmark.NoBench	332MB/5.73GB (5.7%)
2021-11-10T04:18:12.537+0000	[#.......................] benchmark.NoBench	346MB/5.73GB (5.9%)
2021-11-10T04:18:15.538+0000	[#.......................] benchmark.NoBench	362MB/5.73GB (6.2%)
2021-11-10T04:18:18.536+0000	[#.......................] benchmark.NoBench	377MB/5.73GB (6.4%)
2021-11-10T04:18:21.538+0000	[#.......................] benchmark.NoBench	391MB/5.73GB (6.7%)
2021-11-10T04:18:24.536+0000	[#.......................] benchmark.NoBench	406MB/5.73GB (6.9%)
2021-11-10T04:18:27.539+0000	[#.......................] benchmark.NoBench	421MB/5.73GB (7.2%)
2021-11-10T04:18:30.541+0000	[#.......................] benchmark.NoBench	436MB/5.73GB (7.4%)
2021-11-10T04:18:33.536+0000	[#.......................] benchmark.NoBench	452MB/5.73GB (7.7%)
2021-11-10T04:18:36.536+0000	[#.......................] benchmark.NoBench	467MB/5.73GB (8.0%)
2021-11-10T04:18:39.537+0000	[#.......................] benchmark.NoBench	482MB/5.73GB (8.2%)
2021-11-10T04:18:42.537+0000	[##......................] benchmark.NoBench	497MB/5.73GB (8.5%)
2021-11-10T04:18:45.537+0000	[##......................] benchmark.NoBench	512MB/5.73GB (8.7%)
2021-11-10T04:18:48.537+0000	[##......................] benchmark.NoBench	527MB/5.73GB (9.0%)
2021-11-10T04:18:51.542+0000	[##......................] benchmark.NoBench	541MB/5.73GB (9.2%)
2021-11-10T04:18:54.542+0000	[##......................] benchmark.NoBench	556MB/5.73GB (9.5%)
2021-11-10T04:18:57.536+0000	[##......................] benchmark.NoBench	571MB/5.73GB (9.7%)
2021-11-10T04:19:00.537+0000	[##......................] benchmark.NoBench	586MB/5.73GB (10.0%)
2021-11-10T04:19:03.546+0000	[##......................] benchmark.NoBench	601MB/5.73GB (10.2%)
2021-11-10T04:19:06.537+0000	[##......................] benchmark.NoBench	618MB/5.73GB (10.5%)
2021-11-10T04:19:09.537+0000	[##......................] benchmark.NoBench	635MB/5.73GB (10.8%)
2021-11-10T04:19:12.537+0000	[##......................] benchmark.NoBench	650MB/5.73GB (11.1%)
2021-11-10T04:19:15.536+0000	[##......................] benchmark.NoBench	665MB/5.73GB (11.3%)
2021-11-10T04:19:18.537+0000	[##......................] benchmark.NoBench	680MB/5.73GB (11.6%)
2021-11-10T04:19:21.537+0000	[##......................] benchmark.NoBench	696MB/5.73GB (11.9%)
2021-11-10T04:19:24.537+0000	[##......................] benchmark.NoBench	712MB/5.73GB (12.1%)
2021-11-10T04:19:27.537+0000	[##......................] benchmark.NoBench	728MB/5.73GB (12.4%)
2021-11-10T04:19:30.537+0000	[###.....................] benchmark.NoBench	744MB/5.73GB (12.7%)
2021-11-10T04:19:33.537+0000	[###.....................] benchmark.NoBench	760MB/5.73GB (13.0%)
2021-11-10T04:19:36.538+0000	[###.....................] benchmark.NoBench	776MB/5.73GB (13.2%)
2021-11-10T04:19:39.537+0000	[###.....................] benchmark.NoBench	791MB/5.73GB (13.5%)
2021-11-10T04:19:42.537+0000	[###.....................] benchmark.NoBench	807MB/5.73GB (13.7%)
2021-11-10T04:19:45.536+0000	[###.....................] benchmark.NoBench	822MB/5.73GB (14.0%)
2021-11-10T04:19:48.537+0000	[###.....................] benchmark.NoBench	837MB/5.73GB (14.3%)
2021-11-10T04:19:51.537+0000	[###.....................] benchmark.NoBench	853MB/5.73GB (14.5%)
2021-11-10T04:19:54.536+0000	[###.....................] benchmark.NoBench	868MB/5.73GB (14.8%)
2021-11-10T04:19:57.537+0000	[###.....................] benchmark.NoBench	883MB/5.73GB (15.0%)
2021-11-10T04:20:00.537+0000	[###.....................] benchmark.NoBench	900MB/5.73GB (15.3%)
2021-11-10T04:20:03.536+0000	[###.....................] benchmark.NoBench	916MB/5.73GB (15.6%)
2021-11-10T04:20:06.537+0000	[###.....................] benchmark.NoBench	931MB/5.73GB (15.9%)
2021-11-10T04:20:09.537+0000	[###.....................] benchmark.NoBench	951MB/5.73GB (16.2%)
2021-11-10T04:20:12.536+0000	[###.....................] benchmark.NoBench	965MB/5.73GB (16.4%)
2021-11-10T04:20:15.537+0000	[####....................] benchmark.NoBench	981MB/5.73GB (16.7%)
2021-11-10T04:20:18.537+0000	[####....................] benchmark.NoBench	997MB/5.73GB (17.0%)
2021-11-10T04:20:21.537+0000	[####....................] benchmark.NoBench	1013MB/5.73GB (17.3%)
2021-11-10T04:20:24.537+0000	[####....................] benchmark.NoBench	1.00GB/5.73GB (17.5%)
2021-11-10T04:20:27.536+0000	[####....................] benchmark.NoBench	1.02GB/5.73GB (17.8%)
2021-11-10T04:20:30.537+0000	[####....................] benchmark.NoBench	1.04GB/5.73GB (18.1%)
2021-11-10T04:20:33.537+0000	[####....................] benchmark.NoBench	1.05GB/5.73GB (18.3%)
2021-11-10T04:20:36.537+0000	[####....................] benchmark.NoBench	1.07GB/5.73GB (18.6%)
2021-11-10T04:20:39.538+0000	[####....................] benchmark.NoBench	1.08GB/5.73GB (18.8%)
2021-11-10T04:20:42.537+0000	[####....................] benchmark.NoBench	1.10GB/5.73GB (19.1%)
2021-11-10T04:20:45.537+0000	[####....................] benchmark.NoBench	1.11GB/5.73GB (19.4%)
2021-11-10T04:20:48.536+0000	[####....................] benchmark.NoBench	1.13GB/5.73GB (19.6%)
2021-11-10T04:20:51.537+0000	[####....................] benchmark.NoBench	1.14GB/5.73GB (19.9%)
2021-11-10T04:20:54.537+0000	[####....................] benchmark.NoBench	1.16GB/5.73GB (20.2%)
2021-11-10T04:20:57.536+0000	[####....................] benchmark.NoBench	1.17GB/5.73GB (20.4%)
2021-11-10T04:21:00.536+0000	[####....................] benchmark.NoBench	1.19GB/5.73GB (20.7%)
2021-11-10T04:21:03.539+0000	[#####...................] benchmark.NoBench	1.20GB/5.73GB (21.0%)
2021-11-10T04:21:06.536+0000	[#####...................] benchmark.NoBench	1.22GB/5.73GB (21.2%)
2021-11-10T04:21:09.536+0000	[#####...................] benchmark.NoBench	1.23GB/5.73GB (21.5%)
2021-11-10T04:21:12.538+0000	[#####...................] benchmark.NoBench	1.25GB/5.73GB (21.8%)
2021-11-10T04:21:15.537+0000	[#####...................] benchmark.NoBench	1.27GB/5.73GB (22.1%)
2021-11-10T04:21:18.536+0000	[#####...................] benchmark.NoBench	1.28GB/5.73GB (22.4%)
2021-11-10T04:21:21.538+0000	[#####...................] benchmark.NoBench	1.30GB/5.73GB (22.6%)
2021-11-10T04:21:24.541+0000	[#####...................] benchmark.NoBench	1.31GB/5.73GB (22.9%)
2021-11-10T04:21:27.537+0000	[#####...................] benchmark.NoBench	1.33GB/5.73GB (23.2%)
2021-11-10T04:21:30.538+0000	[#####...................] benchmark.NoBench	1.35GB/5.73GB (23.5%)
2021-11-10T04:21:33.537+0000	[#####...................] benchmark.NoBench	1.36GB/5.73GB (23.7%)
2021-11-10T04:21:36.536+0000	[#####...................] benchmark.NoBench	1.38GB/5.73GB (24.0%)
2021-11-10T04:21:39.537+0000	[#####...................] benchmark.NoBench	1.39GB/5.73GB (24.2%)
2021-11-10T04:21:42.537+0000	[#####...................] benchmark.NoBench	1.41GB/5.73GB (24.5%)
2021-11-10T04:21:45.537+0000	[#####...................] benchmark.NoBench	1.42GB/5.73GB (24.8%)
2021-11-10T04:21:48.537+0000	[######..................] benchmark.NoBench	1.44GB/5.73GB (25.1%)
2021-11-10T04:21:51.537+0000	[######..................] benchmark.NoBench	1.45GB/5.73GB (25.4%)
2021-11-10T04:21:54.537+0000	[######..................] benchmark.NoBench	1.47GB/5.73GB (25.6%)
2021-11-10T04:21:57.536+0000	[######..................] benchmark.NoBench	1.49GB/5.73GB (25.9%)
2021-11-10T04:22:00.538+0000	[######..................] benchmark.NoBench	1.50GB/5.73GB (26.2%)
2021-11-10T04:22:03.537+0000	[######..................] benchmark.NoBench	1.52GB/5.73GB (26.4%)
2021-11-10T04:22:06.537+0000	[######..................] benchmark.NoBench	1.53GB/5.73GB (26.7%)
2021-11-10T04:22:09.537+0000	[######..................] benchmark.NoBench	1.55GB/5.73GB (27.0%)
2021-11-10T04:22:12.538+0000	[######..................] benchmark.NoBench	1.56GB/5.73GB (27.3%)
2021-11-10T04:22:15.537+0000	[######..................] benchmark.NoBench	1.58GB/5.73GB (27.5%)
2021-11-10T04:22:18.537+0000	[######..................] benchmark.NoBench	1.59GB/5.73GB (27.8%)
2021-11-10T04:22:21.538+0000	[######..................] benchmark.NoBench	1.61GB/5.73GB (28.0%)
2021-11-10T04:22:24.536+0000	[######..................] benchmark.NoBench	1.62GB/5.73GB (28.3%)
2021-11-10T04:22:27.536+0000	[######..................] benchmark.NoBench	1.64GB/5.73GB (28.6%)
2021-11-10T04:22:30.537+0000	[######..................] benchmark.NoBench	1.66GB/5.73GB (28.9%)
2021-11-10T04:22:33.536+0000	[######..................] benchmark.NoBench	1.67GB/5.73GB (29.1%)
2021-11-10T04:22:36.537+0000	[#######.................] benchmark.NoBench	1.69GB/5.73GB (29.4%)
2021-11-10T04:22:39.537+0000	[#######.................] benchmark.NoBench	1.70GB/5.73GB (29.7%)
2021-11-10T04:22:42.541+0000	[#######.................] benchmark.NoBench	1.72GB/5.73GB (29.9%)
2021-11-10T04:22:45.536+0000	[#######.................] benchmark.NoBench	1.73GB/5.73GB (30.2%)
2021-11-10T04:22:48.537+0000	[#######.................] benchmark.NoBench	1.75GB/5.73GB (30.5%)
2021-11-10T04:22:51.543+0000	[#######.................] benchmark.NoBench	1.76GB/5.73GB (30.7%)
2021-11-10T04:22:54.536+0000	[#######.................] benchmark.NoBench	1.78GB/5.73GB (31.0%)
2021-11-10T04:22:57.537+0000	[#######.................] benchmark.NoBench	1.79GB/5.73GB (31.2%)
2021-11-10T04:23:00.536+0000	[#######.................] benchmark.NoBench	1.81GB/5.73GB (31.5%)
2021-11-10T04:23:03.537+0000	[#######.................] benchmark.NoBench	1.82GB/5.73GB (31.8%)
2021-11-10T04:23:06.537+0000	[#######.................] benchmark.NoBench	1.84GB/5.73GB (32.0%)
2021-11-10T04:23:09.537+0000	[#######.................] benchmark.NoBench	1.85GB/5.73GB (32.3%)
2021-11-10T04:23:12.537+0000	[#######.................] benchmark.NoBench	1.87GB/5.73GB (32.6%)
2021-11-10T04:23:15.539+0000	[#######.................] benchmark.NoBench	1.89GB/5.73GB (32.9%)
2021-11-10T04:23:18.537+0000	[#######.................] benchmark.NoBench	1.90GB/5.73GB (33.2%)
2021-11-10T04:23:21.537+0000	[########................] benchmark.NoBench	1.92GB/5.73GB (33.5%)
2021-11-10T04:23:24.536+0000	[########................] benchmark.NoBench	1.93GB/5.73GB (33.7%)
2021-11-10T04:23:27.537+0000	[########................] benchmark.NoBench	1.95GB/5.73GB (34.0%)
2021-11-10T04:23:30.542+0000	[########................] benchmark.NoBench	1.97GB/5.73GB (34.3%)
2021-11-10T04:23:33.537+0000	[########................] benchmark.NoBench	1.98GB/5.73GB (34.6%)
2021-11-10T04:23:36.537+0000	[########................] benchmark.NoBench	2.00GB/5.73GB (34.8%)
2021-11-10T04:23:39.537+0000	[########................] benchmark.NoBench	2.01GB/5.73GB (35.1%)
2021-11-10T04:23:42.539+0000	[########................] benchmark.NoBench	2.03GB/5.73GB (35.4%)
2021-11-10T04:23:45.537+0000	[########................] benchmark.NoBench	2.04GB/5.73GB (35.6%)
2021-11-10T04:23:48.537+0000	[########................] benchmark.NoBench	2.06GB/5.73GB (35.9%)
2021-11-10T04:23:51.540+0000	[########................] benchmark.NoBench	2.07GB/5.73GB (36.2%)
2021-11-10T04:23:54.537+0000	[########................] benchmark.NoBench	2.09GB/5.73GB (36.4%)
2021-11-10T04:23:57.537+0000	[########................] benchmark.NoBench	2.10GB/5.73GB (36.7%)
2021-11-10T04:24:00.537+0000	[########................] benchmark.NoBench	2.12GB/5.73GB (37.0%)
2021-11-10T04:24:03.537+0000	[########................] benchmark.NoBench	2.14GB/5.73GB (37.2%)
2021-11-10T04:24:06.537+0000	[#########...............] benchmark.NoBench	2.15GB/5.73GB (37.5%)
2021-11-10T04:24:09.536+0000	[#########...............] benchmark.NoBench	2.17GB/5.73GB (37.8%)
2021-11-10T04:24:12.537+0000	[#########...............] benchmark.NoBench	2.18GB/5.73GB (38.0%)
2021-11-10T04:24:15.536+0000	[#########...............] benchmark.NoBench	2.20GB/5.73GB (38.3%)
2021-11-10T04:24:18.538+0000	[#########...............] benchmark.NoBench	2.21GB/5.73GB (38.6%)
2021-11-10T04:24:21.536+0000	[#########...............] benchmark.NoBench	2.23GB/5.73GB (38.9%)
2021-11-10T04:24:24.537+0000	[#########...............] benchmark.NoBench	2.24GB/5.73GB (39.1%)
2021-11-10T04:24:27.537+0000	[#########...............] benchmark.NoBench	2.26GB/5.73GB (39.4%)
2021-11-10T04:24:30.536+0000	[#########...............] benchmark.NoBench	2.28GB/5.73GB (39.7%)
2021-11-10T04:24:33.538+0000	[#########...............] benchmark.NoBench	2.30GB/5.73GB (40.0%)
2021-11-10T04:24:36.537+0000	[#########...............] benchmark.NoBench	2.31GB/5.73GB (40.3%)
2021-11-10T04:24:39.537+0000	[#########...............] benchmark.NoBench	2.32GB/5.73GB (40.5%)
2021-11-10T04:24:42.537+0000	[#########...............] benchmark.NoBench	2.34GB/5.73GB (40.8%)
2021-11-10T04:24:45.538+0000	[#########...............] benchmark.NoBench	2.36GB/5.73GB (41.1%)
2021-11-10T04:24:48.537+0000	[#########...............] benchmark.NoBench	2.37GB/5.73GB (41.4%)
2021-11-10T04:24:51.536+0000	[#########...............] benchmark.NoBench	2.39GB/5.73GB (41.6%)
2021-11-10T04:24:54.536+0000	[##########..............] benchmark.NoBench	2.40GB/5.73GB (41.9%)
2021-11-10T04:24:57.537+0000	[##########..............] benchmark.NoBench	2.42GB/5.73GB (42.1%)
2021-11-10T04:25:00.538+0000	[##########..............] benchmark.NoBench	2.43GB/5.73GB (42.4%)
2021-11-10T04:25:03.536+0000	[##########..............] benchmark.NoBench	2.45GB/5.73GB (42.7%)
2021-11-10T04:25:06.538+0000	[##########..............] benchmark.NoBench	2.46GB/5.73GB (43.0%)
2021-11-10T04:25:09.537+0000	[##########..............] benchmark.NoBench	2.48GB/5.73GB (43.2%)
2021-11-10T04:25:12.537+0000	[##########..............] benchmark.NoBench	2.49GB/5.73GB (43.5%)
2021-11-10T04:25:15.537+0000	[##########..............] benchmark.NoBench	2.51GB/5.73GB (43.8%)
2021-11-10T04:25:18.537+0000	[##########..............] benchmark.NoBench	2.53GB/5.73GB (44.1%)
2021-11-10T04:25:21.537+0000	[##########..............] benchmark.NoBench	2.54GB/5.73GB (44.4%)
2021-11-10T04:25:24.536+0000	[##########..............] benchmark.NoBench	2.56GB/5.73GB (44.6%)
2021-11-10T04:25:27.541+0000	[##########..............] benchmark.NoBench	2.57GB/5.73GB (44.9%)
2021-11-10T04:25:30.537+0000	[##########..............] benchmark.NoBench	2.59GB/5.73GB (45.2%)
2021-11-10T04:25:33.536+0000	[##########..............] benchmark.NoBench	2.61GB/5.73GB (45.4%)
2021-11-10T04:25:36.537+0000	[##########..............] benchmark.NoBench	2.62GB/5.73GB (45.7%)
2021-11-10T04:25:39.537+0000	[###########.............] benchmark.NoBench	2.64GB/5.73GB (46.0%)
2021-11-10T04:25:42.537+0000	[###########.............] benchmark.NoBench	2.65GB/5.73GB (46.3%)
2021-11-10T04:25:45.536+0000	[###########.............] benchmark.NoBench	2.67GB/5.73GB (46.5%)
2021-11-10T04:25:48.536+0000	[###########.............] benchmark.NoBench	2.68GB/5.73GB (46.8%)
2021-11-10T04:25:51.546+0000	[###########.............] benchmark.NoBench	2.70GB/5.73GB (47.1%)
2021-11-10T04:25:54.536+0000	[###########.............] benchmark.NoBench	2.71GB/5.73GB (47.3%)
2021-11-10T04:25:57.537+0000	[###########.............] benchmark.NoBench	2.73GB/5.73GB (47.6%)
2021-11-10T04:26:00.539+0000	[###########.............] benchmark.NoBench	2.74GB/5.73GB (47.9%)
2021-11-10T04:26:03.537+0000	[###########.............] benchmark.NoBench	2.76GB/5.73GB (48.1%)
2021-11-10T04:26:06.537+0000	[###########.............] benchmark.NoBench	2.78GB/5.73GB (48.4%)
2021-11-10T04:26:09.537+0000	[###########.............] benchmark.NoBench	2.79GB/5.73GB (48.7%)
2021-11-10T04:26:12.539+0000	[###########.............] benchmark.NoBench	2.81GB/5.73GB (49.0%)
2021-11-10T04:26:15.536+0000	[###########.............] benchmark.NoBench	2.82GB/5.73GB (49.2%)
2021-11-10T04:26:18.536+0000	[###########.............] benchmark.NoBench	2.84GB/5.73GB (49.5%)
2021-11-10T04:26:21.536+0000	[###########.............] benchmark.NoBench	2.86GB/5.73GB (49.8%)
2021-11-10T04:26:24.537+0000	[############............] benchmark.NoBench	2.87GB/5.73GB (50.1%)
2021-11-10T04:26:27.536+0000	[############............] benchmark.NoBench	2.89GB/5.73GB (50.4%)
2021-11-10T04:26:30.537+0000	[############............] benchmark.NoBench	2.90GB/5.73GB (50.6%)
2021-11-10T04:26:33.537+0000	[############............] benchmark.NoBench	2.92GB/5.73GB (50.9%)
2021-11-10T04:26:36.537+0000	[############............] benchmark.NoBench	2.93GB/5.73GB (51.2%)
2021-11-10T04:26:39.537+0000	[############............] benchmark.NoBench	2.95GB/5.73GB (51.5%)
2021-11-10T04:26:42.537+0000	[############............] benchmark.NoBench	2.97GB/5.73GB (51.7%)
2021-11-10T04:26:45.539+0000	[############............] benchmark.NoBench	2.98GB/5.73GB (52.0%)
2021-11-10T04:26:48.537+0000	[############............] benchmark.NoBench	3.00GB/5.73GB (52.3%)
2021-11-10T04:26:51.537+0000	[############............] benchmark.NoBench	3.01GB/5.73GB (52.5%)
2021-11-10T04:26:54.536+0000	[############............] benchmark.NoBench	3.03GB/5.73GB (52.8%)
2021-11-10T04:26:57.536+0000	[############............] benchmark.NoBench	3.04GB/5.73GB (53.0%)
2021-11-10T04:27:00.539+0000	[############............] benchmark.NoBench	3.05GB/5.73GB (53.3%)
2021-11-10T04:27:03.536+0000	[############............] benchmark.NoBench	3.07GB/5.73GB (53.5%)
2021-11-10T04:27:06.538+0000	[############............] benchmark.NoBench	3.09GB/5.73GB (53.8%)
2021-11-10T04:27:09.536+0000	[############............] benchmark.NoBench	3.10GB/5.73GB (54.1%)
2021-11-10T04:27:12.537+0000	[#############...........] benchmark.NoBench	3.12GB/5.73GB (54.4%)
2021-11-10T04:27:15.537+0000	[#############...........] benchmark.NoBench	3.13GB/5.73GB (54.6%)
2021-11-10T04:27:18.536+0000	[#############...........] benchmark.NoBench	3.15GB/5.73GB (54.9%)
2021-11-10T04:27:21.544+0000	[#############...........] benchmark.NoBench	3.16GB/5.73GB (55.2%)
2021-11-10T04:27:24.537+0000	[#############...........] benchmark.NoBench	3.18GB/5.73GB (55.5%)
2021-11-10T04:27:27.536+0000	[#############...........] benchmark.NoBench	3.20GB/5.73GB (55.7%)
2021-11-10T04:27:30.538+0000	[#############...........] benchmark.NoBench	3.21GB/5.73GB (56.0%)
2021-11-10T04:27:33.537+0000	[#############...........] benchmark.NoBench	3.23GB/5.73GB (56.2%)
2021-11-10T04:27:36.537+0000	[#############...........] benchmark.NoBench	3.24GB/5.73GB (56.5%)
2021-11-10T04:27:39.537+0000	[#############...........] benchmark.NoBench	3.26GB/5.73GB (56.8%)
2021-11-10T04:27:42.537+0000	[#############...........] benchmark.NoBench	3.27GB/5.73GB (57.1%)
2021-11-10T04:27:45.537+0000	[#############...........] benchmark.NoBench	3.29GB/5.73GB (57.3%)
2021-11-10T04:27:48.536+0000	[#############...........] benchmark.NoBench	3.30GB/5.73GB (57.6%)
2021-11-10T04:27:51.536+0000	[#############...........] benchmark.NoBench	3.32GB/5.73GB (57.8%)
2021-11-10T04:27:54.537+0000	[#############...........] benchmark.NoBench	3.33GB/5.73GB (58.1%)
2021-11-10T04:27:57.536+0000	[##############..........] benchmark.NoBench	3.35GB/5.73GB (58.4%)
2021-11-10T04:28:00.537+0000	[##############..........] benchmark.NoBench	3.36GB/5.73GB (58.6%)
2021-11-10T04:28:03.537+0000	[##############..........] benchmark.NoBench	3.38GB/5.73GB (58.9%)
2021-11-10T04:28:06.537+0000	[##############..........] benchmark.NoBench	3.39GB/5.73GB (59.2%)
2021-11-10T04:28:09.540+0000	[##############..........] benchmark.NoBench	3.41GB/5.73GB (59.5%)
2021-11-10T04:28:12.537+0000	[##############..........] benchmark.NoBench	3.43GB/5.73GB (59.7%)
2021-11-10T04:28:15.537+0000	[##############..........] benchmark.NoBench	3.44GB/5.73GB (60.0%)
2021-11-10T04:28:18.537+0000	[##############..........] benchmark.NoBench	3.46GB/5.73GB (60.3%)
2021-11-10T04:28:21.536+0000	[##############..........] benchmark.NoBench	3.47GB/5.73GB (60.6%)
2021-11-10T04:28:24.537+0000	[##############..........] benchmark.NoBench	3.49GB/5.73GB (60.8%)
2021-11-10T04:28:27.536+0000	[##############..........] benchmark.NoBench	3.50GB/5.73GB (61.1%)
2021-11-10T04:28:30.536+0000	[##############..........] benchmark.NoBench	3.52GB/5.73GB (61.4%)
2021-11-10T04:28:33.536+0000	[##############..........] benchmark.NoBench	3.53GB/5.73GB (61.6%)
2021-11-10T04:28:36.536+0000	[##############..........] benchmark.NoBench	3.55GB/5.73GB (61.9%)
2021-11-10T04:28:39.538+0000	[##############..........] benchmark.NoBench	3.56GB/5.73GB (62.1%)
2021-11-10T04:28:42.537+0000	[##############..........] benchmark.NoBench	3.58GB/5.73GB (62.4%)
2021-11-10T04:28:45.536+0000	[###############.........] benchmark.NoBench	3.59GB/5.73GB (62.7%)
2021-11-10T04:28:48.537+0000	[###############.........] benchmark.NoBench	3.61GB/5.73GB (63.0%)
2021-11-10T04:28:51.537+0000	[###############.........] benchmark.NoBench	3.63GB/5.73GB (63.2%)
2021-11-10T04:28:54.537+0000	[###############.........] benchmark.NoBench	3.64GB/5.73GB (63.5%)
2021-11-10T04:28:57.537+0000	[###############.........] benchmark.NoBench	3.66GB/5.73GB (63.8%)
2021-11-10T04:29:00.537+0000	[###############.........] benchmark.NoBench	3.67GB/5.73GB (64.0%)
2021-11-10T04:29:03.536+0000	[###############.........] benchmark.NoBench	3.69GB/5.73GB (64.3%)
2021-11-10T04:29:06.537+0000	[###############.........] benchmark.NoBench	3.70GB/5.73GB (64.5%)
2021-11-10T04:29:09.537+0000	[###############.........] benchmark.NoBench	3.72GB/5.73GB (64.8%)
2021-11-10T04:29:12.536+0000	[###############.........] benchmark.NoBench	3.73GB/5.73GB (65.1%)
2021-11-10T04:29:15.537+0000	[###############.........] benchmark.NoBench	3.75GB/5.73GB (65.4%)
2021-11-10T04:29:18.539+0000	[###############.........] benchmark.NoBench	3.76GB/5.73GB (65.6%)
2021-11-10T04:29:21.537+0000	[###############.........] benchmark.NoBench	3.78GB/5.73GB (66.0%)
2021-11-10T04:29:24.537+0000	[###############.........] benchmark.NoBench	3.80GB/5.73GB (66.2%)
2021-11-10T04:29:27.537+0000	[###############.........] benchmark.NoBench	3.81GB/5.73GB (66.5%)
2021-11-10T04:29:30.539+0000	[################........] benchmark.NoBench	3.83GB/5.73GB (66.8%)
2021-11-10T04:29:33.537+0000	[################........] benchmark.NoBench	3.85GB/5.73GB (67.1%)
2021-11-10T04:29:36.537+0000	[################........] benchmark.NoBench	3.86GB/5.73GB (67.4%)
2021-11-10T04:29:39.537+0000	[################........] benchmark.NoBench	3.88GB/5.73GB (67.6%)
2021-11-10T04:29:42.536+0000	[################........] benchmark.NoBench	3.89GB/5.73GB (67.9%)
2021-11-10T04:29:45.536+0000	[################........] benchmark.NoBench	3.91GB/5.73GB (68.2%)
2021-11-10T04:29:48.537+0000	[################........] benchmark.NoBench	3.93GB/5.73GB (68.5%)
2021-11-10T04:29:51.538+0000	[################........] benchmark.NoBench	3.94GB/5.73GB (68.7%)
2021-11-10T04:29:54.537+0000	[################........] benchmark.NoBench	3.96GB/5.73GB (69.0%)
2021-11-10T04:29:57.537+0000	[################........] benchmark.NoBench	3.97GB/5.73GB (69.3%)
2021-11-10T04:30:00.536+0000	[################........] benchmark.NoBench	3.99GB/5.73GB (69.6%)
2021-11-10T04:30:03.538+0000	[################........] benchmark.NoBench	4.00GB/5.73GB (69.8%)
2021-11-10T04:30:06.537+0000	[################........] benchmark.NoBench	4.02GB/5.73GB (70.1%)
2021-11-10T04:30:09.537+0000	[################........] benchmark.NoBench	4.03GB/5.73GB (70.3%)
2021-11-10T04:30:12.537+0000	[################........] benchmark.NoBench	4.05GB/5.73GB (70.6%)
2021-11-10T04:30:15.537+0000	[#################.......] benchmark.NoBench	4.06GB/5.73GB (70.9%)
2021-11-10T04:30:18.537+0000	[#################.......] benchmark.NoBench	4.08GB/5.73GB (71.1%)
2021-11-10T04:30:21.536+0000	[#################.......] benchmark.NoBench	4.09GB/5.73GB (71.4%)
2021-11-10T04:30:24.536+0000	[#################.......] benchmark.NoBench	4.11GB/5.73GB (71.7%)
2021-11-10T04:30:27.536+0000	[#################.......] benchmark.NoBench	4.13GB/5.73GB (72.0%)
2021-11-10T04:30:30.538+0000	[#################.......] benchmark.NoBench	4.14GB/5.73GB (72.3%)
2021-11-10T04:30:33.537+0000	[#################.......] benchmark.NoBench	4.16GB/5.73GB (72.6%)
2021-11-10T04:30:36.536+0000	[#################.......] benchmark.NoBench	4.18GB/5.73GB (72.8%)
2021-11-10T04:30:39.537+0000	[#################.......] benchmark.NoBench	4.19GB/5.73GB (73.1%)
2021-11-10T04:30:42.537+0000	[#################.......] benchmark.NoBench	4.21GB/5.73GB (73.4%)
2021-11-10T04:30:45.537+0000	[#################.......] benchmark.NoBench	4.22GB/5.73GB (73.6%)
2021-11-10T04:30:48.537+0000	[#################.......] benchmark.NoBench	4.24GB/5.73GB (73.9%)
2021-11-10T04:30:51.536+0000	[#################.......] benchmark.NoBench	4.25GB/5.73GB (74.2%)
2021-11-10T04:30:54.537+0000	[#################.......] benchmark.NoBench	4.27GB/5.73GB (74.4%)
2021-11-10T04:30:57.537+0000	[#################.......] benchmark.NoBench	4.28GB/5.73GB (74.7%)
2021-11-10T04:31:00.538+0000	[#################.......] benchmark.NoBench	4.30GB/5.73GB (75.0%)
2021-11-10T04:31:03.540+0000	[##################......] benchmark.NoBench	4.31GB/5.73GB (75.2%)
2021-11-10T04:31:06.537+0000	[##################......] benchmark.NoBench	4.33GB/5.73GB (75.5%)
2021-11-10T04:31:09.537+0000	[##################......] benchmark.NoBench	4.34GB/5.73GB (75.8%)
2021-11-10T04:31:12.536+0000	[##################......] benchmark.NoBench	4.36GB/5.73GB (76.0%)
2021-11-10T04:31:15.537+0000	[##################......] benchmark.NoBench	4.38GB/5.73GB (76.3%)
2021-11-10T04:31:18.537+0000	[##################......] benchmark.NoBench	4.39GB/5.73GB (76.6%)
2021-11-10T04:31:21.537+0000	[##################......] benchmark.NoBench	4.41GB/5.73GB (76.9%)
2021-11-10T04:31:24.536+0000	[##################......] benchmark.NoBench	4.42GB/5.73GB (77.1%)
2021-11-10T04:31:27.537+0000	[##################......] benchmark.NoBench	4.44GB/5.73GB (77.5%)
2021-11-10T04:31:30.536+0000	[##################......] benchmark.NoBench	4.46GB/5.73GB (77.8%)
2021-11-10T04:31:33.537+0000	[##################......] benchmark.NoBench	4.47GB/5.73GB (78.0%)
2021-11-10T04:31:36.537+0000	[##################......] benchmark.NoBench	4.49GB/5.73GB (78.3%)
2021-11-10T04:31:39.537+0000	[##################......] benchmark.NoBench	4.51GB/5.73GB (78.6%)
2021-11-10T04:31:42.537+0000	[##################......] benchmark.NoBench	4.52GB/5.73GB (78.9%)
2021-11-10T04:31:45.537+0000	[##################......] benchmark.NoBench	4.54GB/5.73GB (79.2%)
2021-11-10T04:31:48.537+0000	[###################.....] benchmark.NoBench	4.55GB/5.73GB (79.4%)
2021-11-10T04:31:51.537+0000	[###################.....] benchmark.NoBench	4.57GB/5.73GB (79.7%)
2021-11-10T04:31:54.536+0000	[###################.....] benchmark.NoBench	4.58GB/5.73GB (79.9%)
2021-11-10T04:31:57.536+0000	[###################.....] benchmark.NoBench	4.60GB/5.73GB (80.2%)
2021-11-10T04:32:00.537+0000	[###################.....] benchmark.NoBench	4.61GB/5.73GB (80.5%)
2021-11-10T04:32:03.537+0000	[###################.....] benchmark.NoBench	4.63GB/5.73GB (80.8%)
2021-11-10T04:32:06.539+0000	[###################.....] benchmark.NoBench	4.65GB/5.73GB (81.0%)
2021-11-10T04:32:09.539+0000	[###################.....] benchmark.NoBench	4.66GB/5.73GB (81.3%)
2021-11-10T04:32:12.537+0000	[###################.....] benchmark.NoBench	4.68GB/5.73GB (81.6%)
2021-11-10T04:32:15.537+0000	[###################.....] benchmark.NoBench	4.69GB/5.73GB (81.8%)
2021-11-10T04:32:18.536+0000	[###################.....] benchmark.NoBench	4.71GB/5.73GB (82.1%)
2021-11-10T04:32:21.537+0000	[###################.....] benchmark.NoBench	4.72GB/5.73GB (82.4%)
2021-11-10T04:32:24.537+0000	[###################.....] benchmark.NoBench	4.74GB/5.73GB (82.7%)
2021-11-10T04:32:27.537+0000	[###################.....] benchmark.NoBench	4.76GB/5.73GB (83.0%)
2021-11-10T04:32:30.537+0000	[###################.....] benchmark.NoBench	4.77GB/5.73GB (83.2%)
2021-11-10T04:32:33.536+0000	[####################....] benchmark.NoBench	4.79GB/5.73GB (83.5%)
2021-11-10T04:32:36.537+0000	[####################....] benchmark.NoBench	4.80GB/5.73GB (83.8%)
2021-11-10T04:32:39.538+0000	[####################....] benchmark.NoBench	4.82GB/5.73GB (84.0%)
2021-11-10T04:32:42.537+0000	[####################....] benchmark.NoBench	4.83GB/5.73GB (84.3%)
2021-11-10T04:32:45.536+0000	[####################....] benchmark.NoBench	4.85GB/5.73GB (84.6%)
2021-11-10T04:32:48.537+0000	[####################....] benchmark.NoBench	4.86GB/5.73GB (84.8%)
2021-11-10T04:32:51.537+0000	[####################....] benchmark.NoBench	4.88GB/5.73GB (85.1%)
2021-11-10T04:32:54.537+0000	[####################....] benchmark.NoBench	4.90GB/5.73GB (85.4%)
2021-11-10T04:32:57.537+0000	[####################....] benchmark.NoBench	4.91GB/5.73GB (85.7%)
2021-11-10T04:33:00.537+0000	[####################....] benchmark.NoBench	4.93GB/5.73GB (85.9%)
2021-11-10T04:33:03.536+0000	[####################....] benchmark.NoBench	4.94GB/5.73GB (86.2%)
2021-11-10T04:33:06.545+0000	[####################....] benchmark.NoBench	4.96GB/5.73GB (86.5%)
2021-11-10T04:33:09.536+0000	[####################....] benchmark.NoBench	4.97GB/5.73GB (86.8%)
2021-11-10T04:33:12.536+0000	[####################....] benchmark.NoBench	4.99GB/5.73GB (87.0%)
2021-11-10T04:33:15.537+0000	[####################....] benchmark.NoBench	5.01GB/5.73GB (87.3%)
2021-11-10T04:33:18.536+0000	[#####################...] benchmark.NoBench	5.02GB/5.73GB (87.6%)
2021-11-10T04:33:21.537+0000	[#####################...] benchmark.NoBench	5.04GB/5.73GB (87.9%)
2021-11-10T04:33:24.536+0000	[#####################...] benchmark.NoBench	5.05GB/5.73GB (88.1%)
2021-11-10T04:33:27.536+0000	[#####################...] benchmark.NoBench	5.07GB/5.73GB (88.4%)
2021-11-10T04:33:30.537+0000	[#####################...] benchmark.NoBench	5.09GB/5.73GB (88.7%)
2021-11-10T04:33:33.537+0000	[#####################...] benchmark.NoBench	5.10GB/5.73GB (89.0%)
2021-11-10T04:33:36.536+0000	[#####################...] benchmark.NoBench	5.12GB/5.73GB (89.3%)
2021-11-10T04:33:39.537+0000	[#####################...] benchmark.NoBench	5.13GB/5.73GB (89.5%)
2021-11-10T04:33:42.537+0000	[#####################...] benchmark.NoBench	5.15GB/5.73GB (89.8%)
2021-11-10T04:33:45.537+0000	[#####################...] benchmark.NoBench	5.17GB/5.73GB (90.1%)
2021-11-10T04:33:48.537+0000	[#####################...] benchmark.NoBench	5.18GB/5.73GB (90.4%)
2021-11-10T04:33:51.537+0000	[#####################...] benchmark.NoBench	5.20GB/5.73GB (90.6%)
2021-11-10T04:33:54.537+0000	[#####################...] benchmark.NoBench	5.21GB/5.73GB (90.9%)
2021-11-10T04:33:57.539+0000	[#####################...] benchmark.NoBench	5.23GB/5.73GB (91.2%)
2021-11-10T04:34:00.549+0000	[#####################...] benchmark.NoBench	5.24GB/5.73GB (91.5%)
2021-11-10T04:34:03.536+0000	[######################..] benchmark.NoBench	5.26GB/5.73GB (91.7%)
2021-11-10T04:34:06.537+0000	[######################..] benchmark.NoBench	5.28GB/5.73GB (92.0%)
2021-11-10T04:34:09.536+0000	[######################..] benchmark.NoBench	5.29GB/5.73GB (92.3%)
2021-11-10T04:34:12.537+0000	[######################..] benchmark.NoBench	5.31GB/5.73GB (92.5%)
2021-11-10T04:34:15.541+0000	[######################..] benchmark.NoBench	5.32GB/5.73GB (92.8%)
2021-11-10T04:34:18.539+0000	[######################..] benchmark.NoBench	5.34GB/5.73GB (93.1%)
2021-11-10T04:34:21.537+0000	[######################..] benchmark.NoBench	5.35GB/5.73GB (93.4%)
2021-11-10T04:34:24.537+0000	[######################..] benchmark.NoBench	5.37GB/5.73GB (93.6%)
2021-11-10T04:34:27.537+0000	[######################..] benchmark.NoBench	5.38GB/5.73GB (93.9%)
2021-11-10T04:34:30.537+0000	[######################..] benchmark.NoBench	5.40GB/5.73GB (94.2%)
2021-11-10T04:34:33.537+0000	[######################..] benchmark.NoBench	5.42GB/5.73GB (94.5%)
2021-11-10T04:34:36.536+0000	[######################..] benchmark.NoBench	5.43GB/5.73GB (94.8%)
2021-11-10T04:34:39.537+0000	[######################..] benchmark.NoBench	5.45GB/5.73GB (95.0%)
2021-11-10T04:34:42.536+0000	[######################..] benchmark.NoBench	5.47GB/5.73GB (95.3%)
2021-11-10T04:34:45.537+0000	[######################..] benchmark.NoBench	5.48GB/5.73GB (95.6%)
2021-11-10T04:34:48.537+0000	[#######################.] benchmark.NoBench	5.50GB/5.73GB (95.9%)
2021-11-10T04:34:51.537+0000	[#######################.] benchmark.NoBench	5.51GB/5.73GB (96.1%)
2021-11-10T04:34:54.537+0000	[#######################.] benchmark.NoBench	5.53GB/5.73GB (96.4%)
2021-11-10T04:34:57.537+0000	[#######################.] benchmark.NoBench	5.54GB/5.73GB (96.7%)
2021-11-10T04:35:00.537+0000	[#######################.] benchmark.NoBench	5.56GB/5.73GB (97.0%)
2021-11-10T04:35:03.537+0000	[#######################.] benchmark.NoBench	5.58GB/5.73GB (97.2%)
2021-11-10T04:35:06.537+0000	[#######################.] benchmark.NoBench	5.59GB/5.73GB (97.5%)
2021-11-10T04:35:09.537+0000	[#######################.] benchmark.NoBench	5.61GB/5.73GB (97.8%)
2021-11-10T04:35:12.536+0000	[#######################.] benchmark.NoBench	5.62GB/5.73GB (98.1%)
2021-11-10T04:35:15.536+0000	[#######################.] benchmark.NoBench	5.64GB/5.73GB (98.4%)
2021-11-10T04:35:18.537+0000	[#######################.] benchmark.NoBench	5.66GB/5.73GB (98.7%)
2021-11-10T04:35:21.539+0000	[#######################.] benchmark.NoBench	5.67GB/5.73GB (98.9%)
2021-11-10T04:35:24.538+0000	[#######################.] benchmark.NoBench	5.69GB/5.73GB (99.2%)
2021-11-10T04:35:27.537+0000	[#######################.] benchmark.NoBench	5.70GB/5.73GB (99.5%)
2021-11-10T04:35:30.536+0000	[#######################.] benchmark.NoBench	5.72GB/5.73GB (99.8%)
2021-11-10T04:35:32.831+0000	[########################] benchmark.NoBench	5.73GB/5.73GB (100.0%)
2021-11-10T04:35:32.831+0000	10000000 document(s) imported successfully. 0 document(s) failed to import.
mongo-benchmark
MongoDB: 1523.16 s
mongo-benchmark
=== Found Postgres query file, executing Postgres queries ===
= File:'NoBench.json' =
13.4-alpine: Pulling from library/postgres
Digest: sha256:c170270dc9ba94f491375e366fa2cf46d0bc0027e4a69d70e6e9d1454ba748dc
Status: Image is up to date for postgres:13.4-alpine
e93d39e9ed629762287d7617a0cef6382fe28aa4bd1e65b7c22b7eb33d92de7c
3
PSQL: 350.593 s
psql-benchmark
=== Results ===
= JQ =
Overall: 
= JODA =
Overall: 36.1853
Query Time: 10.2906
2.23693234
1.032867495
1.094338806
0.829023393
0.88872077
0.446812547
1.001841945
0.9168932
0.935944435
0.907222915
= Mongo =
Overall: 1523.16
24.153
41.455
51.381
39.032
50.171
29.822
51.906
51.121
40.933
31.456
Query Time: 411.43
= PostgreSQL =
Overall: 350.593
=== AGG Results ===
= JQ =

= JODA =
10000000
3472172
7963856
7957515
4091463
1304726
186632
621867
196486
67997
2294
= Mongo =
3472172
7963856
7957515
4091463
1304726
186632
621867
196486
67997
2294
= PostgreSQL =
 3472172
 7963856
 7957515
 4091463
 1304726
 186632
 621867
 196486
 67997
  2294
