=== Found JODA query file, executing JODA queries ===
= File:'Twitter.json' =
0.12.4: Pulling from nicotin/joda
Digest: sha256:b253680f2c5ee1118e2c282e0c4ebff5cb6e87643fb98abcf1e686caaa35152a
Status: Image is up to date for nicotin/joda:0.12.4
ef48d56518852add5d3ec3f995a473d35f6bb097203ec7b125f82e8dfbef1c5a
0
JODA: 80.1736 s
joda-benchmark
=== Results ===
= JQ =
Overall: 
= JODA =
Overall: 80.1736
Query Time: 14.4923
7.161432202
2.919758589
0.938996032
1.320450693
0.755900597
0.156789128
0.65644502
0.23931617
0.234962605
0.108201413
= Mongo =
Overall: 

Query Time: 
= PostgreSQL =
Overall: 
=== AGG Results ===
= JQ =

= JODA =
13346336
5073309
5119867
3303842
10691615
3309652
649121
3832897
586984
649121
314692
= Mongo =

= PostgreSQL =

