=== Found JODA query file, executing JODA queries ===
= File:'Twitter.json' =
0.12.4: Pulling from nicotin/joda
Digest: sha256:b253680f2c5ee1118e2c282e0c4ebff5cb6e87643fb98abcf1e686caaa35152a
Status: Image is up to date for nicotin/joda:0.12.4
fab163b43c9ece2ca169426106087ee548118a23046d4d0f292345e30132e9ff
0
JODA: 75.4438 s
joda-benchmark
=== Results ===
= JQ =
Overall: 
= JODA =
Overall: 75.4438
Query Time: 11.8525
5.84928762
0.997168191
1.120253291
0.752353563
0.336038921
0.157119422
0.102720828
0.090684992
1.308884872
1.138007382
= Mongo =
Overall: 

Query Time: 
= PostgreSQL =
Overall: 
=== AGG Results ===
= JQ =

= JODA =
13346336
5073309
3512695
10691615
898050
1985718
670527
381057
204449
10691615
5073309
= Mongo =

= PostgreSQL =

