=== Found JODA query file, executing JODA queries ===
= File:'Twitter.json' =
0.12.4: Pulling from nicotin/joda
Digest: sha256:b253680f2c5ee1118e2c282e0c4ebff5cb6e87643fb98abcf1e686caaa35152a
Status: Image is up to date for nicotin/joda:0.12.4
26a28b3718aae5afc73fe8a206d551d0afbea22ad9cdbeafab1a1acbcaabcf87
0
JODA: 97.831 s
joda-benchmark
=== Results ===
= JQ =
Overall: 
= JODA =
Overall: 97.831
Query Time: 16.8483
3.350697027
4.279775975
1.911430854
1.406036717
1.847156488
1.003975115
0.817257112
0.313365982
0.929700377
0.988878825
= Mongo =
Overall: 

Query Time: 
= PostgreSQL =
Overall: 
=== AGG Results ===
= JQ =

= JODA =
13346336
10691615
7326241
5073309
10691615
5137992
5073309
2050326
1777978
10691615
4081889
= Mongo =

= PostgreSQL =

