=== Found JODA query file, executing JODA queries ===
= File:'Twitter.json' =
0.12.4: Pulling from nicotin/joda
Digest: sha256:b253680f2c5ee1118e2c282e0c4ebff5cb6e87643fb98abcf1e686caaa35152a
Status: Image is up to date for nicotin/joda:0.12.4
974a817c7ec545644be314e703ffc5a864922e06aae71acaaba14fad3bdf7f38
0
JODA: 96.3525 s
joda-benchmark
=== Results ===
= JQ =
Overall: 
= JODA =
Overall: 96.3525
Query Time: 17.8901
5.882241264
3.251600428
1.4315722
1.650233138
1.393780706
0.945071938
0.571269394
1.183320022
0.857327145
0.723644439
= Mongo =
Overall: 

Query Time: 
= PostgreSQL =
Overall: 
=== AGG Results ===
= JQ =

= JODA =
13346336
5073309
5009107
5073309
11360618
10691615
5073309
2798317
10691615
2969135
5073309
= Mongo =

= PostgreSQL =

