=== Found JODA query file, executing JODA queries ===
= File:'Twitter.json' =
0.12.4: Pulling from nicotin/joda
Digest: sha256:b253680f2c5ee1118e2c282e0c4ebff5cb6e87643fb98abcf1e686caaa35152a
Status: Image is up to date for nicotin/joda:0.12.4
1e50ba8647d6ea89ef413255a4928d7c54efba2b5520e5f75ed32f5e8485229e
0
JODA: 77.3383 s
joda-benchmark
=== Results ===
= JQ =
Overall: 
= JODA =
Overall: 77.3383
Query Time: 14.793
7.606324193
3.27299956
1.142707842
0.824909253
0.177159625
0.113744033
0.083106393
0.130548469
0.081584911
1.359869541
= Mongo =
Overall: 

Query Time: 
= PostgreSQL =
Overall: 
=== AGG Results ===
= JQ =

= JODA =
13346336
5073309
5073309
4088291
942166
230719
231503
153008
197309
143482
4044040
= Mongo =

= PostgreSQL =

