=== Found JODA query file, executing JODA queries ===
= File:'NoBench.json' =
0.12.3: Pulling from nicotin/joda
Digest: sha256:6c0c6b4a19967ae02ef348535acdb3eb8496453a8b868763c34370e10be0192f
Status: Image is up to date for nicotin/joda:0.12.3
5851023fd2c620934b6f4622df1dcb58abac433875cf27b19b5bd20e5cb9e200
0
JODA: 5.72819 s
joda-benchmark
=== Found MongoDB query file, executing MongoDB queries ===
= File:'NoBench.json' =
5.0.3-focal: Pulling from library/mongo
Digest: sha256:f7c401402aa3e689fc42c7109247ab2d5a3e3b4b8a3ace4c2bf7a5fc74ca4917
Status: Image is up to date for mongo:5.0.3-focal
9fc8a9f42f40b0a6eaae0ffbc34976c2d31796007fc9a904af098f6a4ba19059
2021-11-10T04:12:51.497+0000	connected to: mongodb://localhost/
2021-11-10T04:12:54.498+0000	[........................] benchmark.NoBench	16.1MB/574MB (2.8%)
2021-11-10T04:12:57.497+0000	[#.......................] benchmark.NoBench	30.2MB/574MB (5.3%)
2021-11-10T04:13:00.506+0000	[#.......................] benchmark.NoBench	42.9MB/574MB (7.5%)
2021-11-10T04:13:03.503+0000	[##......................] benchmark.NoBench	57.3MB/574MB (10.0%)
2021-11-10T04:13:06.498+0000	[##......................] benchmark.NoBench	71.0MB/574MB (12.4%)
2021-11-10T04:13:09.497+0000	[###.....................] benchmark.NoBench	84.3MB/574MB (14.7%)
2021-11-10T04:13:12.498+0000	[####....................] benchmark.NoBench	97.8MB/574MB (17.1%)
2021-11-10T04:13:15.501+0000	[####....................] benchmark.NoBench	111MB/574MB (19.4%)
2021-11-10T04:13:18.497+0000	[#####...................] benchmark.NoBench	125MB/574MB (21.8%)
2021-11-10T04:13:21.497+0000	[#####...................] benchmark.NoBench	138MB/574MB (24.1%)
2021-11-10T04:13:24.498+0000	[######..................] benchmark.NoBench	151MB/574MB (26.4%)
2021-11-10T04:13:27.497+0000	[######..................] benchmark.NoBench	165MB/574MB (28.8%)
2021-11-10T04:13:30.497+0000	[#######.................] benchmark.NoBench	181MB/574MB (31.5%)
2021-11-10T04:13:33.497+0000	[########................] benchmark.NoBench	196MB/574MB (34.1%)
2021-11-10T04:13:36.497+0000	[########................] benchmark.NoBench	210MB/574MB (36.7%)
2021-11-10T04:13:39.497+0000	[#########...............] benchmark.NoBench	224MB/574MB (39.1%)
2021-11-10T04:13:42.497+0000	[##########..............] benchmark.NoBench	239MB/574MB (41.7%)
2021-11-10T04:13:45.497+0000	[##########..............] benchmark.NoBench	253MB/574MB (44.2%)
2021-11-10T04:13:48.497+0000	[###########.............] benchmark.NoBench	268MB/574MB (46.7%)
2021-11-10T04:13:51.497+0000	[###########.............] benchmark.NoBench	284MB/574MB (49.5%)
2021-11-10T04:13:54.497+0000	[############............] benchmark.NoBench	301MB/574MB (52.5%)
2021-11-10T04:13:57.497+0000	[#############...........] benchmark.NoBench	315MB/574MB (54.9%)
2021-11-10T04:14:00.497+0000	[#############...........] benchmark.NoBench	329MB/574MB (57.3%)
2021-11-10T04:14:03.497+0000	[##############..........] benchmark.NoBench	344MB/574MB (59.9%)
2021-11-10T04:14:06.498+0000	[##############..........] benchmark.NoBench	358MB/574MB (62.4%)
2021-11-10T04:14:09.498+0000	[###############.........] benchmark.NoBench	374MB/574MB (65.2%)
2021-11-10T04:14:12.497+0000	[################........] benchmark.NoBench	387MB/574MB (67.5%)
2021-11-10T04:14:15.498+0000	[################........] benchmark.NoBench	402MB/574MB (70.0%)
2021-11-10T04:14:18.504+0000	[#################.......] benchmark.NoBench	416MB/574MB (72.5%)
2021-11-10T04:14:21.498+0000	[#################.......] benchmark.NoBench	430MB/574MB (74.9%)
2021-11-10T04:14:24.498+0000	[##################......] benchmark.NoBench	444MB/574MB (77.4%)
2021-11-10T04:14:27.499+0000	[###################.....] benchmark.NoBench	460MB/574MB (80.2%)
2021-11-10T04:14:30.497+0000	[###################.....] benchmark.NoBench	474MB/574MB (82.7%)
2021-11-10T04:14:33.497+0000	[####################....] benchmark.NoBench	489MB/574MB (85.2%)
2021-11-10T04:14:36.498+0000	[#####################...] benchmark.NoBench	505MB/574MB (88.1%)
2021-11-10T04:14:39.508+0000	[#####################...] benchmark.NoBench	519MB/574MB (90.6%)
2021-11-10T04:14:42.497+0000	[######################..] benchmark.NoBench	534MB/574MB (93.1%)
2021-11-10T04:14:45.504+0000	[######################..] benchmark.NoBench	549MB/574MB (95.7%)
2021-11-10T04:14:48.504+0000	[#######################.] benchmark.NoBench	563MB/574MB (98.2%)
2021-11-10T04:14:50.554+0000	[########################] benchmark.NoBench	574MB/574MB (100.0%)
2021-11-10T04:14:50.554+0000	1000000 document(s) imported successfully. 0 document(s) failed to import.
mongo-benchmark
MongoDB: 165.014 s
mongo-benchmark
=== Found Postgres query file, executing Postgres queries ===
= File:'NoBench.json' =
13.4-alpine: Pulling from library/postgres
Digest: sha256:c170270dc9ba94f491375e366fa2cf46d0bc0027e4a69d70e6e9d1454ba748dc
Status: Image is up to date for postgres:13.4-alpine
61fd99273e5d9e80fe494b2b26eba53b9bd5d4564728442827eed191780f6299
3
PSQL: 38.7387 s
psql-benchmark
=== Results ===
= JQ =
Overall: 
= JODA =
Overall: 5.72819
Query Time: 2.45652
0.186655433
0.147985662
0.242773667
0.200298275
0.30432267
0.147116719
0.322189043
0.299340355
0.279237634
0.326602125
= Mongo =
Overall: 165.014
3.131
4.352
5.33
4.504
5.572
3.316
5.304
5.351
4.12
3.123
Query Time: 44.103
= PostgreSQL =
Overall: 38.7387
=== AGG Results ===
= JQ =

= JODA =
1000000
346717
745481
739140
383933
155590
22994
49322
11758
4034
111
= Mongo =
346717
745481
739140
383933
155590
22994
49322
11758
4034
111
= PostgreSQL =
 346717
 745481
 739140
 383933
 155590
 22994
 49322
 11758
  4034
   111
