=== Found JODA query file, executing JODA queries ===
= File:'Twitter.json' =
0.12.4: Pulling from nicotin/joda
Digest: sha256:b253680f2c5ee1118e2c282e0c4ebff5cb6e87643fb98abcf1e686caaa35152a
Status: Image is up to date for nicotin/joda:0.12.4
69472e1a075c98256ac947bcaf559b2a9a8104903d0a4e31826ffaf9705e58b3
0
JODA: 105.545 s
joda-benchmark
=== Results ===
= JQ =
Overall: 
= JODA =
Overall: 105.545
Query Time: 27.4788
4.658109818
10.315924232
10.410596812
0.543431885
1.550746726
= Mongo =
Overall: 

Query Time: 
= PostgreSQL =
Overall: 
=== AGG Results ===
= JQ =

= JODA =
13346336
10691615
5088210
5073309
3529744
1145646
= Mongo =

= PostgreSQL =

