=== Found JODA query file, executing JODA queries ===
= File:'Twitter.json' =
0.12.4: Pulling from nicotin/joda
Digest: sha256:b253680f2c5ee1118e2c282e0c4ebff5cb6e87643fb98abcf1e686caaa35152a
Status: Image is up to date for nicotin/joda:0.12.4
ce50cc6fde7c3405f1207d2aae30233f791493f4775e198bd3e44405d60ad5e8
0
JODA: 66.3242 s
joda-benchmark
=== Results ===
= JQ =
Overall: 
= JODA =
Overall: 66.3242
Query Time: 10.293
6.80974616
2.189357861
0.344598754
0.283786056
0.270784763
0.128506814
0.070506468
0.056188492
0.070757486
0.068780792
= Mongo =
Overall: 

Query Time: 
= PostgreSQL =
Overall: 
=== AGG Results ===
= JQ =

= JODA =
13346336
5073309
1242885
314692
314692
384966
84938
21862
15042
17671
12313
= Mongo =

= PostgreSQL =

