=== Found JODA query file, executing JODA queries ===
= File:'Twitter.json' =
0.12.4: Pulling from nicotin/joda
Digest: sha256:b253680f2c5ee1118e2c282e0c4ebff5cb6e87643fb98abcf1e686caaa35152a
Status: Image is up to date for nicotin/joda:0.12.4
aa2f85594c38339b72455c04e2e8f0b1b9f3d1bef278a14e52689a2bbb79dd10
0
JODA: 73.154 s
joda-benchmark
=== Results ===
= JQ =
Overall: 
= JODA =
Overall: 73.154
Query Time: 13.0333
5.520325491
3.315176709
2.05537182
0.924856504
0.367750969
0.438274414
0.122926127
0.089049533
0.111711686
0.087836672
= Mongo =
Overall: 

Query Time: 
= PostgreSQL =
Overall: 
=== AGG Results ===
= JQ =

= JODA =
13346336
5073309
10691613
5407737
2798316
1493155
948710
334021
194061
91336
287298
= Mongo =

= PostgreSQL =

