=== Found JODA query file, executing JODA queries ===
= File:'NoBench.json' =
0.12.3: Pulling from nicotin/joda
Digest: sha256:6c0c6b4a19967ae02ef348535acdb3eb8496453a8b868763c34370e10be0192f
Status: Image is up to date for nicotin/joda:0.12.3
2659e302b3262207a517c497d9bd0f4081b3b021de044cab697b7123735705c3
0
JODA: 5.51825 s
joda-benchmark
=== Found MongoDB query file, executing MongoDB queries ===
= File:'NoBench.json' =
5.0.3-focal: Pulling from library/mongo
Digest: sha256:f7c401402aa3e689fc42c7109247ab2d5a3e3b4b8a3ace4c2bf7a5fc74ca4917
Status: Image is up to date for mongo:5.0.3-focal
b02ecae9006a67d507be1d5de373e0e6396b1189bf55f51ab67a5ac432d1b512
2021-11-09T12:01:27.365+0000	connected to: mongodb://localhost/
2021-11-09T12:01:30.366+0000	[........................] benchmark.NoBench	16.6MB/574MB (2.9%)
2021-11-09T12:01:33.366+0000	[#.......................] benchmark.NoBench	31.1MB/574MB (5.4%)
2021-11-09T12:01:36.365+0000	[#.......................] benchmark.NoBench	43.7MB/574MB (7.6%)
2021-11-09T12:01:39.366+0000	[##......................] benchmark.NoBench	58.0MB/574MB (10.1%)
2021-11-09T12:01:42.366+0000	[##......................] benchmark.NoBench	71.2MB/574MB (12.4%)
2021-11-09T12:01:45.365+0000	[###.....................] benchmark.NoBench	84.7MB/574MB (14.8%)
2021-11-09T12:01:48.366+0000	[####....................] benchmark.NoBench	100MB/574MB (17.5%)
2021-11-09T12:01:51.365+0000	[####....................] benchmark.NoBench	115MB/574MB (20.0%)
2021-11-09T12:01:54.365+0000	[#####...................] benchmark.NoBench	128MB/574MB (22.3%)
2021-11-09T12:01:57.371+0000	[#####...................] benchmark.NoBench	142MB/574MB (24.7%)
2021-11-09T12:02:00.366+0000	[######..................] benchmark.NoBench	157MB/574MB (27.3%)
2021-11-09T12:02:03.365+0000	[#######.................] benchmark.NoBench	172MB/574MB (30.0%)
2021-11-09T12:02:06.365+0000	[#######.................] benchmark.NoBench	186MB/574MB (32.5%)
2021-11-09T12:02:09.368+0000	[########................] benchmark.NoBench	200MB/574MB (34.9%)
2021-11-09T12:02:12.365+0000	[########................] benchmark.NoBench	215MB/574MB (37.4%)
2021-11-09T12:02:15.366+0000	[#########...............] benchmark.NoBench	228MB/574MB (39.8%)
2021-11-09T12:02:18.366+0000	[##########..............] benchmark.NoBench	242MB/574MB (42.2%)
2021-11-09T12:02:21.365+0000	[##########..............] benchmark.NoBench	257MB/574MB (44.7%)
2021-11-09T12:02:24.365+0000	[###########.............] benchmark.NoBench	271MB/574MB (47.3%)
2021-11-09T12:02:27.365+0000	[############............] benchmark.NoBench	287MB/574MB (50.1%)
2021-11-09T12:02:30.365+0000	[############............] benchmark.NoBench	305MB/574MB (53.1%)
2021-11-09T12:02:33.366+0000	[#############...........] benchmark.NoBench	319MB/574MB (55.6%)
2021-11-09T12:02:36.365+0000	[#############...........] benchmark.NoBench	334MB/574MB (58.2%)
2021-11-09T12:02:39.365+0000	[##############..........] benchmark.NoBench	348MB/574MB (60.6%)
2021-11-09T12:02:42.365+0000	[###############.........] benchmark.NoBench	361MB/574MB (62.9%)
2021-11-09T12:02:45.365+0000	[###############.........] benchmark.NoBench	375MB/574MB (65.3%)
2021-11-09T12:02:48.367+0000	[################........] benchmark.NoBench	390MB/574MB (68.0%)
2021-11-09T12:02:51.365+0000	[################........] benchmark.NoBench	405MB/574MB (70.6%)
2021-11-09T12:02:54.367+0000	[#################.......] benchmark.NoBench	419MB/574MB (73.0%)
2021-11-09T12:02:57.366+0000	[##################......] benchmark.NoBench	434MB/574MB (75.6%)
2021-11-09T12:03:00.375+0000	[##################......] benchmark.NoBench	447MB/574MB (78.0%)
2021-11-09T12:03:03.366+0000	[###################.....] benchmark.NoBench	461MB/574MB (80.3%)
2021-11-09T12:03:06.365+0000	[###################.....] benchmark.NoBench	474MB/574MB (82.7%)
2021-11-09T12:03:09.365+0000	[####################....] benchmark.NoBench	488MB/574MB (85.1%)
2021-11-09T12:03:12.365+0000	[#####################...] benchmark.NoBench	502MB/574MB (87.6%)
2021-11-09T12:03:15.366+0000	[#####################...] benchmark.NoBench	517MB/574MB (90.1%)
2021-11-09T12:03:18.369+0000	[######################..] benchmark.NoBench	532MB/574MB (92.7%)
2021-11-09T12:03:21.365+0000	[######################..] benchmark.NoBench	546MB/574MB (95.2%)
2021-11-09T12:03:24.366+0000	[#######################.] benchmark.NoBench	560MB/574MB (97.6%)
2021-11-09T12:03:27.365+0000	[#######################.] benchmark.NoBench	573MB/574MB (100.0%)
2021-11-09T12:03:27.440+0000	[########################] benchmark.NoBench	574MB/574MB (100.0%)
2021-11-09T12:03:27.440+0000	1000000 document(s) imported successfully. 0 document(s) failed to import.
mongo-benchmark
MongoDB: 165.243 s
mongo-benchmark
=== Found Postgres query file, executing Postgres queries ===
= File:'NoBench.json' =
13.4-alpine: Pulling from library/postgres
Digest: sha256:c170270dc9ba94f491375e366fa2cf46d0bc0027e4a69d70e6e9d1454ba748dc
Status: Image is up to date for postgres:13.4-alpine
9c7cd3e769bfec0c7693b53dc666db1aad890e6552c571692f09053940fd07e9
3
PSQL: 41.0262 s
psql-benchmark
=== Results ===
= JQ =
Overall: 
= JODA =
Overall: 5.51825
Query Time: 2.67581
0.316117981
0.194704648
0.285426049
0.248745695
0.249172354
0.166937027
0.264672095
0.321628634
0.323901502
0.304504816
= Mongo =
Overall: 165.243
2.585
4.667
5.636
4.156
5.539
2.9
5.255
5.446
3.98
3.159
Query Time: 43.323
= PostgreSQL =
Overall: 41.0262
=== AGG Results ===
= JQ =

= JODA =
1000000
346717
745481
739140
383933
155590
22994
49322
11758
4034
111
= Mongo =
346717
745481
739140
383933
155590
22994
49322
11758
4034
111
= PostgreSQL =
 346717
 745481
 739140
 383933
 155590
 22994
 49322
 11758
  4034
   111
