=== Found JODA query file, executing JODA queries ===
= File:'Twitter.json' =
0.12.4: Pulling from nicotin/joda
Digest: sha256:b253680f2c5ee1118e2c282e0c4ebff5cb6e87643fb98abcf1e686caaa35152a
Status: Image is up to date for nicotin/joda:0.12.4
42c92d19ef85f95c71a999c3f1d3fe7dbd3b89bee1a883796d4cac71798ffba0
0
JODA: 97.3811 s
joda-benchmark
=== Results ===
= JQ =
Overall: 
= JODA =
Overall: 97.3811
Query Time: 23.6346
5.534830484
10.104536213
4.088618205
1.393220165
0.219976683
0.572825907
0.464517063
0.806617478
0.342964433
0.106488757
= Mongo =
Overall: 

Query Time: 
= PostgreSQL =
Overall: 
=== AGG Results ===
= JQ =

= JODA =
13346336
10691615
10691615
3486164
3079808
979144
3082307
800302
2514041
1802401
239295
= Mongo =

= PostgreSQL =

