=== Found JODA query file, executing JODA queries ===
= File:'Twitter.json' =
0.12.4: Pulling from nicotin/joda
Digest: sha256:b253680f2c5ee1118e2c282e0c4ebff5cb6e87643fb98abcf1e686caaa35152a
Status: Image is up to date for nicotin/joda:0.12.4
0acee89debad7e4117683a1826df8645594890371fba8f149bfc4571e36ccbc2
0
JODA: 77.8244 s
joda-benchmark
=== Results ===
= JQ =
Overall: 
= JODA =
Overall: 77.8244
Query Time: 14.3091
5.714849897
3.001784923
1.154325655
1.201521854
0.971696355
0.387869708
0.459643537
0.300791935
0.658111074
0.45847807
= Mongo =
Overall: 

Query Time: 
= PostgreSQL =
Overall: 
=== AGG Results ===
= JQ =

= JODA =
13346336
5073309
5073309
4258637
5081724
3303842
649121
1691237
1030559
1126546
3055507
= Mongo =

= PostgreSQL =

