=== Found JODA query file, executing JODA queries ===
= File:'Twitter.json' =
0.12.4: Pulling from nicotin/joda
Digest: sha256:b253680f2c5ee1118e2c282e0c4ebff5cb6e87643fb98abcf1e686caaa35152a
Status: Image is up to date for nicotin/joda:0.12.4
a2da20da6307122764d47844c20d1ef70433e8de8878c2518dd2b9888b427332
0
JODA: 98.0641 s
joda-benchmark
=== Results ===
= JQ =
Overall: 
= JODA =
Overall: 98.0641
Query Time: 20.3389
6.954381254
1.221663792
2.497103508
1.944074295
1.560694946
1.018122203
0.928190401
1.138813631
1.633821854
1.442080172
= Mongo =
Overall: 

Query Time: 
= PostgreSQL =
Overall: 
=== AGG Results ===
= JQ =

= JODA =
13346336
5073309
2265611
5073309
10691615
5034139
5073309
4480279
10691615
10691615
5096265
= Mongo =

= PostgreSQL =

