=== Found JODA query file, executing JODA queries ===
= File:'Twitter.json' =
0.12.4: Pulling from nicotin/joda
Digest: sha256:b253680f2c5ee1118e2c282e0c4ebff5cb6e87643fb98abcf1e686caaa35152a
Status: Image is up to date for nicotin/joda:0.12.4
b60abbaef504921ff792f1e40b040a9bd6082ff99dfbe0bdeb78c6a364f121b7
0
JODA: 77.4453 s
joda-benchmark
=== Results ===
= JQ =
Overall: 
= JODA =
Overall: 77.4453
Query Time: 12.4116
5.781520737
1.024911328
1.49629324
0.412999702
0.982144218
1.146762381
0.409729673
0.59702002
0.34523647
0.214996707
= Mongo =
Overall: 

Query Time: 
= PostgreSQL =
Overall: 
=== AGG Results ===
= JQ =

= JODA =
13346336
5073309
5073309
8884782
1691338
2594723
4463939
3372255
2593190
1552857
1170670
= Mongo =

= PostgreSQL =

