=== Found JODA query file, executing JODA queries ===
= File:'Twitter.json' =
0.12.4: Pulling from nicotin/joda
Digest: sha256:b253680f2c5ee1118e2c282e0c4ebff5cb6e87643fb98abcf1e686caaa35152a
Status: Image is up to date for nicotin/joda:0.12.4
cb9cebe20762094f7c09ea245382d5f282d5115f2c3975f31ac7068f66c4ea1c
0
JODA: 82.7499 s
joda-benchmark
=== Results ===
= JQ =
Overall: 
= JODA =
Overall: 82.7499
Query Time: 17.8376
5.674462271
4.121536765
2.082189398
1.699191687
0.712290686
0.680931393
0.799111644
0.82239065
0.65852266
0.586942722
= Mongo =
Overall: 

Query Time: 
= PostgreSQL =
Overall: 
=== AGG Results ===
= JQ =

= JODA =
13346336
5073309
7655190
10691615
5073309
2290553
3242763
3576463
3926358
3627133
2837073
= Mongo =

= PostgreSQL =

