=== Found JODA query file, executing JODA queries ===
= File:'NoBench.json' =
0.12.3: Pulling from nicotin/joda
Digest: sha256:6c0c6b4a19967ae02ef348535acdb3eb8496453a8b868763c34370e10be0192f
Status: Image is up to date for nicotin/joda:0.12.3
9612eb41e44bb8ef5133d993a3d35925d95a1598500b858eb7cfe432e1eab2c1
0
JODA: 5.48664 s
joda-benchmark
=== Found MongoDB query file, executing MongoDB queries ===
= File:'NoBench.json' =
5.0.3-focal: Pulling from library/mongo
Digest: sha256:f7c401402aa3e689fc42c7109247ab2d5a3e3b4b8a3ace4c2bf7a5fc74ca4917
Status: Image is up to date for mongo:5.0.3-focal
98183f20cea0dfed6732d2aa4ab76e6419de74ccaacd3effa364442ada5da84c
2021-11-10T00:58:52.667+0000	connected to: mongodb://localhost/
2021-11-10T00:58:55.669+0000	[........................] benchmark.NoBench	15.8MB/574MB (2.8%)
2021-11-10T00:58:58.667+0000	[#.......................] benchmark.NoBench	28.8MB/574MB (5.0%)
2021-11-10T00:59:01.667+0000	[#.......................] benchmark.NoBench	42.6MB/574MB (7.4%)
2021-11-10T00:59:04.668+0000	[##......................] benchmark.NoBench	56.6MB/574MB (9.9%)
2021-11-10T00:59:07.667+0000	[##......................] benchmark.NoBench	69.6MB/574MB (12.1%)
2021-11-10T00:59:10.674+0000	[###.....................] benchmark.NoBench	82.6MB/574MB (14.4%)
2021-11-10T00:59:13.667+0000	[###.....................] benchmark.NoBench	95.5MB/574MB (16.7%)
2021-11-10T00:59:16.667+0000	[####....................] benchmark.NoBench	110MB/574MB (19.2%)
2021-11-10T00:59:19.667+0000	[#####...................] benchmark.NoBench	125MB/574MB (21.7%)
2021-11-10T00:59:22.667+0000	[#####...................] benchmark.NoBench	141MB/574MB (24.5%)
2021-11-10T00:59:25.667+0000	[######..................] benchmark.NoBench	155MB/574MB (26.9%)
2021-11-10T00:59:28.667+0000	[#######.................] benchmark.NoBench	168MB/574MB (29.2%)
2021-11-10T00:59:31.668+0000	[#######.................] benchmark.NoBench	182MB/574MB (31.8%)
2021-11-10T00:59:34.667+0000	[########................] benchmark.NoBench	197MB/574MB (34.3%)
2021-11-10T00:59:37.667+0000	[########................] benchmark.NoBench	210MB/574MB (36.6%)
2021-11-10T00:59:40.667+0000	[#########...............] benchmark.NoBench	225MB/574MB (39.2%)
2021-11-10T00:59:43.667+0000	[##########..............] benchmark.NoBench	239MB/574MB (41.7%)
2021-11-10T00:59:46.668+0000	[##########..............] benchmark.NoBench	253MB/574MB (44.0%)
2021-11-10T00:59:49.668+0000	[###########.............] benchmark.NoBench	267MB/574MB (46.6%)
2021-11-10T00:59:52.670+0000	[###########.............] benchmark.NoBench	281MB/574MB (49.0%)
2021-11-10T00:59:55.667+0000	[############............] benchmark.NoBench	296MB/574MB (51.7%)
2021-11-10T00:59:58.667+0000	[#############...........] benchmark.NoBench	311MB/574MB (54.2%)
2021-11-10T01:00:01.670+0000	[#############...........] benchmark.NoBench	325MB/574MB (56.7%)
2021-11-10T01:00:04.668+0000	[##############..........] benchmark.NoBench	339MB/574MB (59.0%)
2021-11-10T01:00:07.678+0000	[##############..........] benchmark.NoBench	352MB/574MB (61.4%)
2021-11-10T01:00:10.667+0000	[###############.........] benchmark.NoBench	367MB/574MB (64.0%)
2021-11-10T01:00:13.669+0000	[###############.........] benchmark.NoBench	381MB/574MB (66.5%)
2021-11-10T01:00:16.667+0000	[################........] benchmark.NoBench	396MB/574MB (69.1%)
2021-11-10T01:00:19.667+0000	[#################.......] benchmark.NoBench	411MB/574MB (71.6%)
2021-11-10T01:00:22.667+0000	[#################.......] benchmark.NoBench	425MB/574MB (74.1%)
2021-11-10T01:00:25.667+0000	[##################......] benchmark.NoBench	439MB/574MB (76.5%)
2021-11-10T01:00:28.667+0000	[##################......] benchmark.NoBench	453MB/574MB (79.1%)
2021-11-10T01:00:31.667+0000	[###################.....] benchmark.NoBench	468MB/574MB (81.5%)
2021-11-10T01:00:34.667+0000	[####################....] benchmark.NoBench	484MB/574MB (84.3%)
2021-11-10T01:00:37.667+0000	[####################....] benchmark.NoBench	498MB/574MB (86.9%)
2021-11-10T01:00:40.668+0000	[#####################...] benchmark.NoBench	513MB/574MB (89.5%)
2021-11-10T01:00:43.667+0000	[######################..] benchmark.NoBench	528MB/574MB (92.1%)
2021-11-10T01:00:46.668+0000	[######################..] benchmark.NoBench	543MB/574MB (94.7%)
2021-11-10T01:00:49.667+0000	[#######################.] benchmark.NoBench	557MB/574MB (97.1%)
2021-11-10T01:00:52.667+0000	[#######################.] benchmark.NoBench	573MB/574MB (99.8%)
2021-11-10T01:00:52.912+0000	[########################] benchmark.NoBench	574MB/574MB (100.0%)
2021-11-10T01:00:52.913+0000	1000000 document(s) imported successfully. 0 document(s) failed to import.
mongo-benchmark
MongoDB: 164.46 s
mongo-benchmark
=== Found Postgres query file, executing Postgres queries ===
= File:'NoBench.json' =
13.4-alpine: Pulling from library/postgres
Digest: sha256:c170270dc9ba94f491375e366fa2cf46d0bc0027e4a69d70e6e9d1454ba748dc
Status: Image is up to date for postgres:13.4-alpine
1e4fdc11e3addbfd87eb889afaeebff03d41eeb5b6eb02f191210a9ecf3aa3c0
3
PSQL: 38.7787 s
psql-benchmark
=== Results ===
= JQ =
Overall: 
= JODA =
Overall: 5.48664
Query Time: 2.04388
0.198286606
0.159177742
0.224481742
0.182100241
0.208130296
0.123609889
0.201051701
0.238570858
0.256796613
0.251678247
= Mongo =
Overall: 164.46
2.887
4.729
5.337
4.462
5.095
2.818
5.188
4.981
3.835
2.996
Query Time: 42.328
= PostgreSQL =
Overall: 38.7787
=== AGG Results ===
= JQ =

= JODA =
1000000
346717
745481
739140
383933
155590
22994
49322
11758
4034
111
= Mongo =
346717
745481
739140
383933
155590
22994
49322
11758
4034
111
= PostgreSQL =
 346717
 745481
 739140
 383933
 155590
 22994
 49322
 11758
  4034
   111
