=== Found JODA query file, executing JODA queries ===
= File:'Twitter.json' =
0.12.4: Pulling from nicotin/joda
Digest: sha256:b253680f2c5ee1118e2c282e0c4ebff5cb6e87643fb98abcf1e686caaa35152a
Status: Image is up to date for nicotin/joda:0.12.4
56933e2921798059ec8dd90a0b5af9218524e09667c908b4319fc31b8cd447f5
0
JODA: 70.1239 s
joda-benchmark
=== Results ===
= JQ =
Overall: 
= JODA =
Overall: 70.1239
Query Time: 10.2955
6.525113342
1.602858434
0.712401973
0.470793833
0.509846337
0.133759026
0.122589113
0.079339529
0.07258276
0.066227787
= Mongo =
Overall: 

Query Time: 
= PostgreSQL =
Overall: 
=== AGG Results ===
= JQ =

= JODA =
13346336
5073309
5009107
2705920
3671011
1697835
551059
118980
54346
54346
15506
= Mongo =

= PostgreSQL =

