=== Found JODA query file, executing JODA queries ===
= File:'Twitter.json' =
0.12.4: Pulling from nicotin/joda
Digest: sha256:b253680f2c5ee1118e2c282e0c4ebff5cb6e87643fb98abcf1e686caaa35152a
Status: Image is up to date for nicotin/joda:0.12.4
a569585a6e8388718ebbafbd3d32348695a097292807d5b47671bcd24ff75700
0
JODA: 67.7442 s
joda-benchmark
=== Results ===
= JQ =
Overall: 
= JODA =
Overall: 67.7442
Query Time: 12.2839
7.281325011
2.384839793
0.865969505
0.357646515
0.78385411
0.238637445
0.102824661
0.116451842
0.076596327
0.075705496
= Mongo =
Overall: 

Query Time: 
= PostgreSQL =
Overall: 
=== AGG Results ===
= JQ =

= JODA =
13346336
4717199
5073309
2005464
815745
1593961
650246
264562
94802
43912
23917
= Mongo =

= PostgreSQL =

