=== Found JODA query file, executing JODA queries ===
= File:'Twitter.json' =
0.12.4: Pulling from nicotin/joda
Digest: sha256:b253680f2c5ee1118e2c282e0c4ebff5cb6e87643fb98abcf1e686caaa35152a
Status: Image is up to date for nicotin/joda:0.12.4
57411f5df178c0190ac33ac8b7514684860bcd0f0454fe3f8575294681c7faa4
0
JODA: 81.4911 s
joda-benchmark
=== Results ===
= JQ =
Overall: 
= JODA =
Overall: 81.4911
Query Time: 16.2746
6.282782368
1.579921702
0.604033982
1.364695163
1.466960587
1.19100919
0.947067697
1.248234939
0.607016418
0.982839857
= Mongo =
Overall: 

Query Time: 
= PostgreSQL =
Overall: 
=== AGG Results ===
= JQ =

= JODA =
13346336
5073309
2391308
1071600
4797973
10691615
10691615
5407738
8984597
2102919
1998318
= Mongo =

= PostgreSQL =

