=== Found JODA query file, executing JODA queries ===
= File:'Twitter.json' =
0.12.4: Pulling from nicotin/joda
Digest: sha256:b253680f2c5ee1118e2c282e0c4ebff5cb6e87643fb98abcf1e686caaa35152a
Status: Image is up to date for nicotin/joda:0.12.4
1ecb68985f6ecbb28579c6a568b1df72ef66bad463273678e9cc8b898d8ba78d
0
JODA: 70.7333 s
joda-benchmark
=== Results ===
= JQ =
Overall: 
= JODA =
Overall: 70.7333
Query Time: 11.2454
7.730992756
1.522476658
0.673586077
0.277897114
0.247907251
0.147451993
0.190069152
0.167573277
0.120611991
0.166795178
= Mongo =
Overall: 

Query Time: 
= PostgreSQL =
Overall: 
=== AGG Results ===
= JQ =

= JODA =
13346336
10691615
5073309
1707641
1317761
1493294
619997
1136590
901853
435428
810233
= Mongo =

= PostgreSQL =

