=== Found JODA query file, executing JODA queries ===
= File:'Twitter.json' =
0.12.4: Pulling from nicotin/joda
Digest: sha256:b253680f2c5ee1118e2c282e0c4ebff5cb6e87643fb98abcf1e686caaa35152a
Status: Image is up to date for nicotin/joda:0.12.4
60754f4950e20e6aa02941748475c0da8736a07708f6c3adced07d8884414cc8
0
JODA: 70.466 s
joda-benchmark
=== Results ===
= JQ =
Overall: 
= JODA =
Overall: 70.466
Query Time: 10.3212
6.280837966
0.748022323
0.612362672
0.376947159
0.090113952
0.368184397
0.13663535499999999
0.077423385
0.966417822
0.664237832
= Mongo =
Overall: 

Query Time: 
= PostgreSQL =
Overall: 
=== AGG Results ===
= JQ =

= JODA =
13346336
5073309
3178266
1130991
314692
243333
643103
231618
66605
5407738
5073309
= Mongo =

= PostgreSQL =

