=== Found JODA query file, executing JODA queries ===
= File:'Twitter.json' =
0.12.4: Pulling from nicotin/joda
Digest: sha256:b253680f2c5ee1118e2c282e0c4ebff5cb6e87643fb98abcf1e686caaa35152a
Status: Image is up to date for nicotin/joda:0.12.4
275bf9e175812c706f9f20ac3179c2729d21e2b35378ee0adc201b046de93734
0
JODA: 71.5629 s
joda-benchmark
=== Results ===
= JQ =
Overall: 
= JODA =
Overall: 71.5629
Query Time: 11.2935
5.182497073
3.860353487
0.475034352
1.568946994
0.206663511
= Mongo =
Overall: 

Query Time: 
= PostgreSQL =
Overall: 
=== AGG Results ===
= JQ =

= JODA =
13346336
4692707
2356500
1671864
859656
298087
= Mongo =

= PostgreSQL =

