=== Found JODA query file, executing JODA queries ===
= File:'NoBench.json' =
0.12.3: Pulling from nicotin/joda
Digest: sha256:6c0c6b4a19967ae02ef348535acdb3eb8496453a8b868763c34370e10be0192f
Status: Image is up to date for nicotin/joda:0.12.3
06375c347ef69bf1e4bb9cb09cd128b3f0ab71694cdfca7ad3148876f8be5433
0
JODA: 6.02836 s
joda-benchmark
=== Found MongoDB query file, executing MongoDB queries ===
= File:'NoBench.json' =
5.0.3-focal: Pulling from library/mongo
Digest: sha256:f7c401402aa3e689fc42c7109247ab2d5a3e3b4b8a3ace4c2bf7a5fc74ca4917
Status: Image is up to date for mongo:5.0.3-focal
71823e7e5b620bfef6df400e4f781e448263acf2fb3f7dc3a1e7522e22c294dc
2021-11-09T15:15:45.637+0000	connected to: mongodb://localhost/
2021-11-09T15:15:48.638+0000	[........................] benchmark.NoBench	15.6MB/574MB (2.7%)
2021-11-09T15:15:51.641+0000	[#.......................] benchmark.NoBench	29.6MB/574MB (5.2%)
2021-11-09T15:15:54.638+0000	[#.......................] benchmark.NoBench	43.7MB/574MB (7.6%)
2021-11-09T15:15:57.639+0000	[##......................] benchmark.NoBench	58.6MB/574MB (10.2%)
2021-11-09T15:16:00.640+0000	[###.....................] benchmark.NoBench	72.0MB/574MB (12.6%)
2021-11-09T15:16:03.638+0000	[###.....................] benchmark.NoBench	86.4MB/574MB (15.1%)
2021-11-09T15:16:06.638+0000	[####....................] benchmark.NoBench	100MB/574MB (17.5%)
2021-11-09T15:16:09.638+0000	[####....................] benchmark.NoBench	114MB/574MB (19.8%)
2021-11-09T15:16:12.638+0000	[#####...................] benchmark.NoBench	128MB/574MB (22.4%)
2021-11-09T15:16:15.638+0000	[#####...................] benchmark.NoBench	142MB/574MB (24.8%)
2021-11-09T15:16:18.638+0000	[######..................] benchmark.NoBench	156MB/574MB (27.1%)
2021-11-09T15:16:21.639+0000	[#######.................] benchmark.NoBench	169MB/574MB (29.5%)
2021-11-09T15:16:24.638+0000	[#######.................] benchmark.NoBench	184MB/574MB (32.0%)
2021-11-09T15:16:27.639+0000	[########................] benchmark.NoBench	198MB/574MB (34.6%)
2021-11-09T15:16:30.638+0000	[########................] benchmark.NoBench	212MB/574MB (37.0%)
2021-11-09T15:16:33.638+0000	[#########...............] benchmark.NoBench	226MB/574MB (39.5%)
2021-11-09T15:16:36.638+0000	[##########..............] benchmark.NoBench	241MB/574MB (42.0%)
2021-11-09T15:16:39.638+0000	[##########..............] benchmark.NoBench	254MB/574MB (44.4%)
2021-11-09T15:16:42.639+0000	[###########.............] benchmark.NoBench	268MB/574MB (46.7%)
2021-11-09T15:16:45.639+0000	[###########.............] benchmark.NoBench	282MB/574MB (49.1%)
2021-11-09T15:16:48.638+0000	[############............] benchmark.NoBench	299MB/574MB (52.1%)
2021-11-09T15:16:51.638+0000	[#############...........] benchmark.NoBench	314MB/574MB (54.7%)
2021-11-09T15:16:54.638+0000	[#############...........] benchmark.NoBench	327MB/574MB (57.1%)
2021-11-09T15:16:57.638+0000	[##############..........] benchmark.NoBench	342MB/574MB (59.6%)
2021-11-09T15:17:00.638+0000	[##############..........] benchmark.NoBench	357MB/574MB (62.3%)
2021-11-09T15:17:03.638+0000	[###############.........] benchmark.NoBench	372MB/574MB (64.8%)
2021-11-09T15:17:06.638+0000	[################........] benchmark.NoBench	387MB/574MB (67.4%)
2021-11-09T15:17:09.638+0000	[################........] benchmark.NoBench	401MB/574MB (69.9%)
2021-11-09T15:17:12.639+0000	[#################.......] benchmark.NoBench	415MB/574MB (72.4%)
2021-11-09T15:17:15.639+0000	[#################.......] benchmark.NoBench	430MB/574MB (75.0%)
2021-11-09T15:17:18.640+0000	[##################......] benchmark.NoBench	445MB/574MB (77.5%)
2021-11-09T15:17:21.639+0000	[###################.....] benchmark.NoBench	459MB/574MB (79.9%)
2021-11-09T15:17:24.638+0000	[###################.....] benchmark.NoBench	473MB/574MB (82.4%)
2021-11-09T15:17:27.638+0000	[####################....] benchmark.NoBench	487MB/574MB (85.0%)
2021-11-09T15:17:30.638+0000	[#####################...] benchmark.NoBench	502MB/574MB (87.5%)
2021-11-09T15:17:33.638+0000	[#####################...] benchmark.NoBench	516MB/574MB (89.9%)
2021-11-09T15:17:36.638+0000	[######################..] benchmark.NoBench	530MB/574MB (92.3%)
2021-11-09T15:17:39.638+0000	[######################..] benchmark.NoBench	545MB/574MB (94.9%)
2021-11-09T15:17:42.640+0000	[#######################.] benchmark.NoBench	559MB/574MB (97.4%)
2021-11-09T15:17:45.636+0000	[########################] benchmark.NoBench	574MB/574MB (100.0%)
2021-11-09T15:17:45.636+0000	1000000 document(s) imported successfully. 0 document(s) failed to import.
mongo-benchmark
MongoDB: 162.797 s
mongo-benchmark
=== Found Postgres query file, executing Postgres queries ===
= File:'NoBench.json' =
13.4-alpine: Pulling from library/postgres
Digest: sha256:c170270dc9ba94f491375e366fa2cf46d0bc0027e4a69d70e6e9d1454ba748dc
Status: Image is up to date for postgres:13.4-alpine
63a6461104054876935ed57019b39f31ebb8b32ead0d4f5fc6277ecb49c8e67f
3
PSQL: 40.269 s
psql-benchmark
=== Results ===
= JQ =
Overall: 
= JODA =
Overall: 6.02836
Query Time: 2.68464
0.226086955
0.182601743
0.283109883
0.246147446
0.294247829
0.144478106
0.351827215
0.327766956
0.298720692
0.329653399
= Mongo =
Overall: 162.797
2.562
4.318
5.199
4.067
4.919
2.972
4.942
4.968
3.974
3.049
Query Time: 40.97
= PostgreSQL =
Overall: 40.269
=== AGG Results ===
= JQ =

= JODA =
1000000
346717
745481
739140
383933
155590
22994
49322
11758
4034
111
= Mongo =
346717
745481
739140
383933
155590
22994
49322
11758
4034
111
= PostgreSQL =
 346717
 745481
 739140
 383933
 155590
 22994
 49322
 11758
  4034
   111
