=== Found JODA query file, executing JODA queries ===
= File:'Twitter.json' =
0.12.4: Pulling from nicotin/joda
Digest: sha256:b253680f2c5ee1118e2c282e0c4ebff5cb6e87643fb98abcf1e686caaa35152a
Status: Image is up to date for nicotin/joda:0.12.4
ba486f5454ce2b6bc728345f5bd2c470370ef7ce2b3bce9f601c6224cb2235d0
0
JODA: 77.6218 s
joda-benchmark
=== Results ===
= JQ =
Overall: 
= JODA =
Overall: 77.6218
Query Time: 14.3365
6.886215433
2.632125312
1.535183752
1.342467796
0.362203445
0.431137528
0.435466337
0.18947184
0.121574033
0.400605448
= Mongo =
Overall: 

Query Time: 
= PostgreSQL =
Overall: 
=== AGG Results ===
= JQ =

= JODA =
13346336
5073309
3512695
10691615
898050
1985718
3178266
2725419
629872
323125
2390990
= Mongo =

= PostgreSQL =

