=== Found JODA query file, executing JODA queries ===
= File:'Twitter.json' =
0.12.4: Pulling from nicotin/joda
Digest: sha256:b253680f2c5ee1118e2c282e0c4ebff5cb6e87643fb98abcf1e686caaa35152a
Status: Image is up to date for nicotin/joda:0.12.4
8a44817d05615ef9c7aa10b21f1039898dd7d016399595d54590c863130e0f90
0
JODA: 75.9371 s
joda-benchmark
=== Results ===
= JQ =
Overall: 
= JODA =
Overall: 75.9371
Query Time: 14.2043
6.337425045
2.475857308
2.622905418
1.391929752
0.460893818
0.2862458
0.298846548
0.143771969
0.100375566
0.086098602
= Mongo =
Overall: 

Query Time: 
= PostgreSQL =
Overall: 
=== AGG Results ===
= JQ =

= JODA =
13346336
10691615
5407738
10691615
4428138
1773417
1442683
657325
437115
175895
153455
= Mongo =

= PostgreSQL =

