=== Found JODA query file, executing JODA queries ===
= File:'NoBench.json' =
0.12.3: Pulling from nicotin/joda
Digest: sha256:6c0c6b4a19967ae02ef348535acdb3eb8496453a8b868763c34370e10be0192f
Status: Image is up to date for nicotin/joda:0.12.3
c6ebe35c13e9a03621fcb700f47f36732ef3776180136ef12d7aa54f2bdf0bd5
0
JODA: 1.73551 s
joda-benchmark
=== Found MongoDB query file, executing MongoDB queries ===
= File:'NoBench.json' =
5.0.3-focal: Pulling from library/mongo
Digest: sha256:f7c401402aa3e689fc42c7109247ab2d5a3e3b4b8a3ace4c2bf7a5fc74ca4917
Status: Image is up to date for mongo:5.0.3-focal
8c4f9d38e0a1bfe5e59567660b018e0b762020b257a35b5a58f050961dbae0a0
2021-11-08T23:01:53.736+0000	connected to: mongodb://localhost/
2021-11-08T23:01:56.740+0000	[######..................] benchmark.NoBench	16.0MB/54.9MB (29.1%)
2021-11-08T23:01:59.736+0000	[#############...........] benchmark.NoBench	30.9MB/54.9MB (56.2%)
2021-11-08T23:02:02.737+0000	[###################.....] benchmark.NoBench	45.2MB/54.9MB (82.2%)
2021-11-08T23:02:05.003+0000	[########################] benchmark.NoBench	54.9MB/54.9MB (100.0%)
2021-11-08T23:02:05.003+0000	100000 document(s) imported successfully. 0 document(s) failed to import.
mongo-benchmark
MongoDB: 17.6565 s
mongo-benchmark
=== Found Postgres query file, executing Postgres queries ===
= File:'NoBench.json' =
13.4-alpine: Pulling from library/postgres
Digest: sha256:c170270dc9ba94f491375e366fa2cf46d0bc0027e4a69d70e6e9d1454ba748dc
Status: Image is up to date for postgres:13.4-alpine
c717ad618cb586d7134bd51aedec6efe30089a5f70eb06755cd26aaf018bed34
3
PSQL: 5.99961 s
psql-benchmark
=== Results ===
= JQ =
Overall: 
= JODA =
Overall: 1.73551
Query Time: 0.41653
0.050461445
0.042229068
0.046464298
0.041316974
0.037526772
0.03162497
0.047047831
0.040765989
0.037811793
0.041280598
= Mongo =
Overall: 17.6565
0.347
0.461
0.499
0.427
0.533
0.291
0.569
0.521
0.411
0.33
Query Time: 4.389
= PostgreSQL =
Overall: 5.99961
=== AGG Results ===
= JQ =

= JODA =
100000
34172
82443
82313
42304
18711
6632
3068
818
278
10
= Mongo =
34172
82443
82313
42304
18711
6632
3068
818
278
10
= PostgreSQL =
 34172
 82443
 82313
 42304
 18711
  6632
  3068
   818
   278
    10
