=== Found JODA query file, executing JODA queries ===
= File:'Twitter.json' =
0.12.4: Pulling from nicotin/joda
Digest: sha256:b253680f2c5ee1118e2c282e0c4ebff5cb6e87643fb98abcf1e686caaa35152a
Status: Image is up to date for nicotin/joda:0.12.4
b543388b29be151f5b513f539427c4714429633c2601a60124238a9deb2f29e3
0
JODA: 73.4428 s
joda-benchmark
=== Results ===
= JQ =
Overall: 
= JODA =
Overall: 73.4428
Query Time: 12.7443
6.837444268
2.516707797
0.856651554
0.630312666
0.532266489
0.627269176
0.482256265
0.08617926
0.07491342
0.100278623
= Mongo =
Overall: 

Query Time: 
= PostgreSQL =
Overall: 
=== AGG Results ===
= JQ =

= JODA =
13346336
4717199
5073309
1185815
4394927
3934897
2484912
565490
114847
99739
33133
= Mongo =

= PostgreSQL =

