The files belonging to this database system will be owned by user "postgres".
This user must also own the server process.

The database cluster will be initialized with locale "en_US.utf8".
The default database encoding has accordingly been set to "UTF8".
The default text search configuration will be set to "english".

Data page checksums are disabled.

fixing permissions on existing directory /var/lib/postgresql/data ... ok
creating subdirectories ... ok
selecting dynamic shared memory implementation ... posix
selecting default max_connections ... 100
selecting default shared_buffers ... 128MB
selecting default time zone ... UTC
creating configuration files ... ok
running bootstrap script ... ok
sh: locale: not found
2021-11-10 10:10:50.899 UTC [30] WARNING:  no usable system locales were found
performing post-bootstrap initialization ... ok
syncing data to disk ... ok


Success. You can now start the database server using:

    pg_ctl -D /var/lib/postgresql/data -l logfile start

initdb: warning: enabling "trust" authentication for local connections
You can change this by editing pg_hba.conf or using the option -A, or
--auth-local and --auth-host, the next time you run initdb.
waiting for server to start....2021-11-10 10:10:51.656 UTC [36] LOG:  starting PostgreSQL 13.4 on x86_64-pc-linux-musl, compiled by gcc (Alpine 10.3.1_git20210424) 10.3.1 20210424, 64-bit
2021-11-10 10:10:51.686 UTC [36] LOG:  listening on Unix socket "/var/run/postgresql/.s.PGSQL.5432"
2021-11-10 10:10:51.689 UTC [37] LOG:  database system was shut down at 2021-11-10 10:10:51 UTC
2021-11-10 10:10:51.692 UTC [36] LOG:  database system is ready to accept connections
 done
server started
2021-11-10 10:10:51.754 UTC [46] LOG:  statement: SELECT 1 FROM pg_database WHERE datname = 'postgres' ;
2021-11-10 10:10:51.756 UTC [46] LOG:  duration: 2.365 ms

/usr/local/bin/docker-entrypoint.sh: running /docker-entrypoint-initdb.d/1-benchmark.sql
2021-11-10 10:10:51.767 UTC [48] LOG:  statement: CREATE UNLOGGED TABLE NoBench_extra (doc jsonb);
2021-11-10 10:10:51.775 UTC [48] LOG:  duration: 7.978 ms
CREATE TABLE
2021-11-10 10:10:51.775 UTC [48] LOG:  statement: COPY NoBench_extra (doc) from program 'sed -e ''s/\\/\\\\/g'' /dataset/NoBench_extra.json';
2021-11-10 10:10:53.435 UTC [48] LOG:  duration: 1659.254 ms
COPY 50000
2021-11-10 10:10:53.435 UTC [48] LOG:  statement: CREATE UNLOGGED TABLE NoBench (doc jsonb);
2021-11-10 10:10:53.440 UTC [48] LOG:  duration: 4.808 ms
CREATE TABLE
2021-11-10 10:10:53.440 UTC [48] LOG:  statement: COPY NoBench (doc) from program 'sed -e ''s/\\/\\\\/g'' /dataset/NoBench.json';
2021-11-10 10:35:49.677 UTC [48] LOG:  duration: 1496236.968 ms
COPY 50000000
2021-11-10 10:35:49.678 UTC [48] LOG:  statement: SELECT COUNT(*) FROM NoBench WHERE ( ( ( jsonb_path_exists(doc,'$.sparse_974.type() ? (@ == "string")') OR jsonb_path_exists(doc,'$.sparse_867 ? (@ starts with "GBRDA=")') ) OR jsonb_path_exists(doc,'$.sparse_371') ) OR jsonb_path_exists(doc,'$.dyn2 ? (@ >= 1704.876497)') ) ;
2021-11-10 10:36:31.612 UTC [48] LOG:  duration: 41934.998 ms
  count   
----------
 17363080
(1 row)

2021-11-10 10:36:31.613 UTC [48] LOG:  statement: SELECT COUNT(*) FROM NoBench WHERE ( ( ( ( ( jsonb_path_exists(doc,'$.str1 ? (@ starts with "GBRDCMB")') OR jsonb_path_exists(doc,'$.str1 ? (@ starts with "GBRDCMJR")') ) OR jsonb_path_exists(doc,'$.str1 ? (@ starts with "GBRDC=")') ) OR jsonb_path_exists(doc,'$.sparse_852 ? (@ starts with "GBRDC")') ) OR jsonb_path_exists(doc,'$.sparse_757') ) OR jsonb_path_exists(doc,'$.sparse_491') ) ;
2021-11-10 10:36:56.825 UTC [48] LOG:  duration: 25212.557 ms
  count   
----------
 41855423
(1 row)

2021-11-10 10:36:56.826 UTC [48] LOG:  statement: SELECT COUNT(*) FROM NoBench WHERE ( ( ( ( ( ( jsonb_path_exists(doc,'$.str1 ? (@ starts with "GBRDCMB")') OR jsonb_path_exists(doc,'$.str1 ? (@ starts with "GBRDCMJR")') ) OR jsonb_path_exists(doc,'$.str1 ? (@ starts with "GBRDC=")') ) OR jsonb_path_exists(doc,'$.sparse_852 ? (@ starts with "GBRDC")') ) OR jsonb_path_exists(doc,'$.sparse_757') ) OR jsonb_path_exists(doc,'$.sparse_491') ) AND ( ( ( ( jsonb_path_exists(doc,'$.sparse_783 ? (@ starts with "GBRDCM")') AND jsonb_path_exists(doc,'$.sparse_783 ? (@ starts with "GBRDC")') ) OR jsonb_path_exists(doc,'$.sparse_320') ) OR jsonb_path_exists(doc,'$.sparse_494 ? (@ starts with "GBRDC")') ) OR jsonb_path_exists(doc,'$.nested_obj.num ? (@ >= 6517.423246)') ) ) ;
2021-11-10 10:37:45.785 UTC [48] LOG:  duration: 48958.907 ms
  count   
----------
 41849082
(1 row)

2021-11-10 10:37:45.786 UTC [48] LOG:  statement: SELECT COUNT(*) FROM NoBench WHERE ( ( ( ( ( ( jsonb_path_exists(doc,'$.str1 ? (@ starts with "GBRDCMB")') OR jsonb_path_exists(doc,'$.str1 ? (@ starts with "GBRDCMJR")') ) OR jsonb_path_exists(doc,'$.str1 ? (@ starts with "GBRDC=")') ) OR jsonb_path_exists(doc,'$.sparse_852 ? (@ starts with "GBRDC")') ) OR jsonb_path_exists(doc,'$.sparse_757') ) OR jsonb_path_exists(doc,'$.sparse_491') ) AND ( ( ( jsonb_path_exists(doc,'$.sparse_051.type() ? (@ == "string")') OR jsonb_path_exists(doc,'$.sparse_375.type() ? (@ == "string")') ) OR jsonb_path_exists(doc,'$.sparse_223') ) OR jsonb_path_exists(doc,'$.bool ? (@ == true)') ) ) ;
2021-11-10 10:38:24.502 UTC [48] LOG:  duration: 38716.525 ms
  count   
----------
 21465843
(1 row)

2021-11-10 10:38:24.503 UTC [48] LOG:  statement: SELECT COUNT(*) FROM NoBench WHERE ( ( ( ( ( ( ( jsonb_path_exists(doc,'$.str1 ? (@ starts with "GBRDCMB")') OR jsonb_path_exists(doc,'$.str1 ? (@ starts with "GBRDCMJR")') ) OR jsonb_path_exists(doc,'$.str1 ? (@ starts with "GBRDC=")') ) OR jsonb_path_exists(doc,'$.sparse_852 ? (@ starts with "GBRDC")') ) OR jsonb_path_exists(doc,'$.sparse_757') ) OR jsonb_path_exists(doc,'$.sparse_491') ) AND ( ( ( jsonb_path_exists(doc,'$.sparse_051.type() ? (@ == "string")') OR jsonb_path_exists(doc,'$.sparse_375.type() ? (@ == "string")') ) OR jsonb_path_exists(doc,'$.sparse_223') ) OR jsonb_path_exists(doc,'$.bool ? (@ == true)') ) ) AND ( ( ( jsonb_path_exists(doc,'$.sparse_218') OR jsonb_path_exists(doc,'$.sparse_878.type() ? (@ == "string")') ) OR jsonb_path_exists(doc,'$.sparse_037.type() ? (@ == "string")') ) OR ( ( jsonb_path_exists(doc,'$.str1 ? (@ starts with "GBRDCMBR")') OR jsonb_path_exists(doc,'$.str1 ? (@ starts with "GBRDCMJQG")') ) OR jsonb_path_exists(doc,'$.str1 ? (@ starts with "GBRDC==")') ) ) ) ;
2021-11-10 10:39:13.920 UTC [48] LOG:  duration: 49417.430 ms
  count  
---------
 9386245
(1 row)

2021-11-10 10:39:13.921 UTC [48] LOG:  statement: SELECT COUNT(*) FROM NoBench WHERE ( ( ( jsonb_path_exists(doc,'$.sparse_127.type() ? (@ == "string")') OR jsonb_path_exists(doc,'$.sparse_673 ? (@ starts with "GBRDCM")') ) OR jsonb_path_exists(doc,'$.sparse_672 ? (@ starts with "GBRDCMB")') ) OR jsonb_path_exists(doc,'$.dyn1 ? (@ <= 5165.166293)') ) ;
2021-11-10 10:39:46.201 UTC [48] LOG:  duration: 32280.951 ms
 count  
--------
 913904
(1 row)

2021-11-10 10:39:46.202 UTC [48] LOG:  statement: SELECT COUNT(*) FROM NoBench WHERE ( ( ( ( ( ( ( ( jsonb_path_exists(doc,'$.str1 ? (@ starts with "GBRDCMB")') OR jsonb_path_exists(doc,'$.str1 ? (@ starts with "GBRDCMJR")') ) OR jsonb_path_exists(doc,'$.str1 ? (@ starts with "GBRDC=")') ) OR jsonb_path_exists(doc,'$.sparse_852 ? (@ starts with "GBRDC")') ) OR jsonb_path_exists(doc,'$.sparse_757') ) OR jsonb_path_exists(doc,'$.sparse_491') ) AND ( ( ( jsonb_path_exists(doc,'$.sparse_051.type() ? (@ == "string")') OR jsonb_path_exists(doc,'$.sparse_375.type() ? (@ == "string")') ) OR jsonb_path_exists(doc,'$.sparse_223') ) OR jsonb_path_exists(doc,'$.bool ? (@ == true)') ) ) AND ( ( ( jsonb_path_exists(doc,'$.sparse_218') OR jsonb_path_exists(doc,'$.sparse_878.type() ? (@ == "string")') ) OR jsonb_path_exists(doc,'$.sparse_037.type() ? (@ == "string")') ) OR ( ( jsonb_path_exists(doc,'$.str1 ? (@ starts with "GBRDCMBR")') OR jsonb_path_exists(doc,'$.str1 ? (@ starts with "GBRDCMJQG")') ) OR jsonb_path_exists(doc,'$.str1 ? (@ starts with "GBRDC==")') ) ) ) AND ( jsonb_path_exists(doc,'$.str2 ? (@ starts with "GBRDCMJRG")') OR jsonb_path_exists(doc,'$.str2 ? (@ starts with "GBRDCMJQGA")') ) ) ;
2021-11-10 10:40:22.277 UTC [48] LOG:  duration: 36074.961 ms
  count  
---------
 1136586
(1 row)

2021-11-10 10:40:22.278 UTC [48] LOG:  statement: SELECT COUNT(*) FROM NoBench WHERE ( ( ( ( ( ( ( ( ( jsonb_path_exists(doc,'$.str1 ? (@ starts with "GBRDCMB")') OR jsonb_path_exists(doc,'$.str1 ? (@ starts with "GBRDCMJR")') ) OR jsonb_path_exists(doc,'$.str1 ? (@ starts with "GBRDC=")') ) OR jsonb_path_exists(doc,'$.sparse_852 ? (@ starts with "GBRDC")') ) OR jsonb_path_exists(doc,'$.sparse_757') ) OR jsonb_path_exists(doc,'$.sparse_491') ) AND ( ( ( jsonb_path_exists(doc,'$.sparse_051.type() ? (@ == "string")') OR jsonb_path_exists(doc,'$.sparse_375.type() ? (@ == "string")') ) OR jsonb_path_exists(doc,'$.sparse_223') ) OR jsonb_path_exists(doc,'$.bool ? (@ == true)') ) ) AND ( ( ( jsonb_path_exists(doc,'$.sparse_218') OR jsonb_path_exists(doc,'$.sparse_878.type() ? (@ == "string")') ) OR jsonb_path_exists(doc,'$.sparse_037.type() ? (@ == "string")') ) OR ( ( jsonb_path_exists(doc,'$.str1 ? (@ starts with "GBRDCMBR")') OR jsonb_path_exists(doc,'$.str1 ? (@ starts with "GBRDCMJQG")') ) OR jsonb_path_exists(doc,'$.str1 ? (@ starts with "GBRDC==")') ) ) ) AND ( jsonb_path_exists(doc,'$.str2 ? (@ starts with "GBRDCMJRG")') OR jsonb_path_exists(doc,'$.str2 ? (@ starts with "GBRDCMJQGA")') ) ) AND jsonb_path_exists(doc,'$.str2 ? (@ starts with "GBRDCMJRGA")') ) ;
2021-11-10 10:40:45.500 UTC [48] LOG:  duration: 23222.472 ms
 count  
--------
 636394
(1 row)

2021-11-10 10:40:45.501 UTC [48] LOG:  statement: SELECT COUNT(*) FROM NoBench WHERE ( ( ( ( ( ( ( ( ( ( jsonb_path_exists(doc,'$.str1 ? (@ starts with "GBRDCMB")') OR jsonb_path_exists(doc,'$.str1 ? (@ starts with "GBRDCMJR")') ) OR jsonb_path_exists(doc,'$.str1 ? (@ starts with "GBRDC=")') ) OR jsonb_path_exists(doc,'$.sparse_852 ? (@ starts with "GBRDC")') ) OR jsonb_path_exists(doc,'$.sparse_757') ) OR jsonb_path_exists(doc,'$.sparse_491') ) AND ( ( ( jsonb_path_exists(doc,'$.sparse_051.type() ? (@ == "string")') OR jsonb_path_exists(doc,'$.sparse_375.type() ? (@ == "string")') ) OR jsonb_path_exists(doc,'$.sparse_223') ) OR jsonb_path_exists(doc,'$.bool ? (@ == true)') ) ) AND ( ( ( jsonb_path_exists(doc,'$.sparse_218') OR jsonb_path_exists(doc,'$.sparse_878.type() ? (@ == "string")') ) OR jsonb_path_exists(doc,'$.sparse_037.type() ? (@ == "string")') ) OR ( ( jsonb_path_exists(doc,'$.str1 ? (@ starts with "GBRDCMBR")') OR jsonb_path_exists(doc,'$.str1 ? (@ starts with "GBRDCMJQG")') ) OR jsonb_path_exists(doc,'$.str1 ? (@ starts with "GBRDC==")') ) ) ) AND ( jsonb_path_exists(doc,'$.str2 ? (@ starts with "GBRDCMJRG")') OR jsonb_path_exists(doc,'$.str2 ? (@ starts with "GBRDCMJQGA")') ) ) AND jsonb_path_exists(doc,'$.str2 ? (@ starts with "GBRDCMJRGA")') ) AND ( ( jsonb_path_exists(doc,'$.sparse_419') OR jsonb_path_exists(doc,'$.sparse_632 ? (@ starts with "GBRDC==")') ) OR jsonb_path_exists(doc,'$.dyn2.type() ? (@ == "string")') ) ) ;
2021-11-10 10:41:08.011 UTC [48] LOG:  duration: 22510.724 ms
 count  
--------
 219870
(1 row)

2021-11-10 10:41:08.012 UTC [48] LOG:  statement: SELECT COUNT(*) FROM NoBench WHERE ( ( ( ( ( ( ( ( ( ( ( jsonb_path_exists(doc,'$.str1 ? (@ starts with "GBRDCMB")') OR jsonb_path_exists(doc,'$.str1 ? (@ starts with "GBRDCMJR")') ) OR jsonb_path_exists(doc,'$.str1 ? (@ starts with "GBRDC=")') ) OR jsonb_path_exists(doc,'$.sparse_852 ? (@ starts with "GBRDC")') ) OR jsonb_path_exists(doc,'$.sparse_757') ) OR jsonb_path_exists(doc,'$.sparse_491') ) AND ( ( ( jsonb_path_exists(doc,'$.sparse_051.type() ? (@ == "string")') OR jsonb_path_exists(doc,'$.sparse_375.type() ? (@ == "string")') ) OR jsonb_path_exists(doc,'$.sparse_223') ) OR jsonb_path_exists(doc,'$.bool ? (@ == true)') ) ) AND ( ( ( jsonb_path_exists(doc,'$.sparse_218') OR jsonb_path_exists(doc,'$.sparse_878.type() ? (@ == "string")') ) OR jsonb_path_exists(doc,'$.sparse_037.type() ? (@ == "string")') ) OR ( ( jsonb_path_exists(doc,'$.str1 ? (@ starts with "GBRDCMBR")') OR jsonb_path_exists(doc,'$.str1 ? (@ starts with "GBRDCMJQG")') ) OR jsonb_path_exists(doc,'$.str1 ? (@ starts with "GBRDC==")') ) ) ) AND ( jsonb_path_exists(doc,'$.str2 ? (@ starts with "GBRDCMJRG")') OR jsonb_path_exists(doc,'$.str2 ? (@ starts with "GBRDCMJQGA")') ) ) AND jsonb_path_exists(doc,'$.str2 ? (@ starts with "GBRDCMJRGA")') ) AND ( ( jsonb_path_exists(doc,'$.sparse_419') OR jsonb_path_exists(doc,'$.sparse_632 ? (@ starts with "GBRDC==")') ) OR jsonb_path_exists(doc,'$.dyn2.type() ? (@ == "string")') ) ) AND ( ( jsonb_path_exists(doc,'$.sparse_294') OR jsonb_path_exists(doc,'$.sparse_111') ) OR jsonb_path_exists(doc,'$.nested_obj.num ? (@ <= 3764.139065)') ) ) ;
2021-11-10 10:41:30.200 UTC [48] LOG:  duration: 22187.833 ms
 count 
-------
  7172
(1 row)

2021-11-10 10:41:30.201 UTC [48] LOG:  statement: SELECT * FROM nonexistingsopostgresstops;
2021-11-10 10:41:30.201 UTC [48] ERROR:  relation "nonexistingsopostgresstops" does not exist at character 15
2021-11-10 10:41:30.201 UTC [48] STATEMENT:  SELECT * FROM nonexistingsopostgresstops;
psql:/docker-entrypoint-initdb.d/1-benchmark.sql:16: ERROR:  relation "nonexistingsopostgresstops" does not exist
LINE 1: SELECT * FROM nonexistingsopostgresstops;
                      ^
