=== Found JODA query file, executing JODA queries ===
= File:'Twitter.json' =
0.12.4: Pulling from nicotin/joda
Digest: sha256:b253680f2c5ee1118e2c282e0c4ebff5cb6e87643fb98abcf1e686caaa35152a
Status: Image is up to date for nicotin/joda:0.12.4
7f61fd3841babc2a1f3ec5850adf9fd7c2c7bb392b4974f285f93af53165c8b9
0
JODA: 87.8625 s
joda-benchmark
=== Results ===
= JQ =
Overall: 
= JODA =
Overall: 87.8625
Query Time: 18.2033
5.512965702
2.210865092
1.432316419
2.19782623
2.257671546
1.565314049
0.918586611
0.356447179
0.805421048
0.945920423
= Mongo =
Overall: 

Query Time: 
= PostgreSQL =
Overall: 
=== AGG Results ===
= JQ =

= JODA =
13346336
5073309
5009107
5073309
11360618
10691615
4682782
4124179
982988
2689798
5073309
= Mongo =

= PostgreSQL =

