=== Found JODA query file, executing JODA queries ===
= File:'Twitter.json' =
0.12.2: Pulling from nicotin/joda
Digest: sha256:f5e9052c3cc1af5f34dcaa9442d46f2baf40a6a1b6fc3a0d59558d49b5ec8fcf
Status: Image is up to date for nicotin/joda:0.12.2
990c11247f80006da8bb44ae9a5ec6c650cd72c46ef53c507e3bc2613f0170cb
0
JODA: 141.094 s
joda-benchmark
=== Found MongoDB query file, executing MongoDB queries ===
= File:'Twitter.json' =
5.0.3-focal: Pulling from library/mongo
Digest: sha256:f7c401402aa3e689fc42c7109247ab2d5a3e3b4b8a3ace4c2bf7a5fc74ca4917
Status: Image is up to date for mongo:5.0.3-focal
8ddf0273e7c404191afa3d53fdae7e90c42e2b43a0f9187f322b32f8d65a102d
2021-10-19T15:37:00.323+0000	connected to: mongodb://localhost/
2021-10-19T15:37:03.323+0000	[........................] benchmark.Twitter	57.1MB/49.1GB (0.1%)
2021-10-19T15:37:06.323+0000	[........................] benchmark.Twitter	121MB/49.1GB (0.2%)
2021-10-19T15:37:09.326+0000	[........................] benchmark.Twitter	187MB/49.1GB (0.4%)
2021-10-19T15:37:12.323+0000	[........................] benchmark.Twitter	252MB/49.1GB (0.5%)
2021-10-19T15:37:15.323+0000	[........................] benchmark.Twitter	316MB/49.1GB (0.6%)
2021-10-19T15:37:18.323+0000	[........................] benchmark.Twitter	379MB/49.1GB (0.8%)
2021-10-19T15:37:21.324+0000	[........................] benchmark.Twitter	442MB/49.1GB (0.9%)
2021-10-19T15:37:24.323+0000	[........................] benchmark.Twitter	505MB/49.1GB (1.0%)
2021-10-19T15:37:27.323+0000	[........................] benchmark.Twitter	572MB/49.1GB (1.1%)
2021-10-19T15:37:30.323+0000	[........................] benchmark.Twitter	638MB/49.1GB (1.3%)
2021-10-19T15:37:33.323+0000	[........................] benchmark.Twitter	708MB/49.1GB (1.4%)
2021-10-19T15:37:36.323+0000	[........................] benchmark.Twitter	777MB/49.1GB (1.5%)
2021-10-19T15:37:39.323+0000	[........................] benchmark.Twitter	845MB/49.1GB (1.7%)
2021-10-19T15:37:42.323+0000	[........................] benchmark.Twitter	909MB/49.1GB (1.8%)
2021-10-19T15:37:45.324+0000	[........................] benchmark.Twitter	976MB/49.1GB (1.9%)
2021-10-19T15:37:48.324+0000	[........................] benchmark.Twitter	1.02GB/49.1GB (2.1%)
2021-10-19T15:37:51.323+0000	[........................] benchmark.Twitter	1.08GB/49.1GB (2.2%)
2021-10-19T15:37:54.323+0000	[........................] benchmark.Twitter	1.14GB/49.1GB (2.3%)
2021-10-19T15:37:57.324+0000	[........................] benchmark.Twitter	1.20GB/49.1GB (2.5%)
2021-10-19T15:38:00.325+0000	[........................] benchmark.Twitter	1.27GB/49.1GB (2.6%)
2021-10-19T15:38:03.323+0000	[........................] benchmark.Twitter	1.34GB/49.1GB (2.7%)
2021-10-19T15:38:06.324+0000	[........................] benchmark.Twitter	1.40GB/49.1GB (2.9%)
2021-10-19T15:38:09.324+0000	[........................] benchmark.Twitter	1.47GB/49.1GB (3.0%)
2021-10-19T15:38:12.323+0000	[........................] benchmark.Twitter	1.53GB/49.1GB (3.1%)
2021-10-19T15:38:15.324+0000	[........................] benchmark.Twitter	1.59GB/49.1GB (3.2%)
2021-10-19T15:38:18.323+0000	[........................] benchmark.Twitter	1.65GB/49.1GB (3.4%)
2021-10-19T15:38:21.323+0000	[........................] benchmark.Twitter	1.72GB/49.1GB (3.5%)
2021-10-19T15:38:24.324+0000	[........................] benchmark.Twitter	1.78GB/49.1GB (3.6%)
2021-10-19T15:38:27.323+0000	[........................] benchmark.Twitter	1.84GB/49.1GB (3.7%)
2021-10-19T15:38:30.324+0000	[........................] benchmark.Twitter	1.91GB/49.1GB (3.9%)
2021-10-19T15:38:33.323+0000	[........................] benchmark.Twitter	1.97GB/49.1GB (4.0%)
2021-10-19T15:38:36.323+0000	[........................] benchmark.Twitter	2.03GB/49.1GB (4.1%)
2021-10-19T15:38:39.324+0000	[#.......................] benchmark.Twitter	2.08GB/49.1GB (4.2%)
2021-10-19T15:38:42.323+0000	[#.......................] benchmark.Twitter	2.14GB/49.1GB (4.4%)
2021-10-19T15:38:45.325+0000	[#.......................] benchmark.Twitter	2.19GB/49.1GB (4.5%)
2021-10-19T15:38:48.323+0000	[#.......................] benchmark.Twitter	2.25GB/49.1GB (4.6%)
2021-10-19T15:38:51.323+0000	[#.......................] benchmark.Twitter	2.31GB/49.1GB (4.7%)
2021-10-19T15:38:54.323+0000	[#.......................] benchmark.Twitter	2.37GB/49.1GB (4.8%)
2021-10-19T15:38:57.324+0000	[#.......................] benchmark.Twitter	2.43GB/49.1GB (4.9%)
2021-10-19T15:39:00.324+0000	[#.......................] benchmark.Twitter	2.49GB/49.1GB (5.1%)
2021-10-19T15:39:03.323+0000	[#.......................] benchmark.Twitter	2.56GB/49.1GB (5.2%)
2021-10-19T15:39:06.323+0000	[#.......................] benchmark.Twitter	2.62GB/49.1GB (5.3%)
2021-10-19T15:39:09.324+0000	[#.......................] benchmark.Twitter	2.69GB/49.1GB (5.5%)
2021-10-19T15:39:12.324+0000	[#.......................] benchmark.Twitter	2.75GB/49.1GB (5.6%)
2021-10-19T15:39:15.323+0000	[#.......................] benchmark.Twitter	2.82GB/49.1GB (5.7%)
2021-10-19T15:39:18.323+0000	[#.......................] benchmark.Twitter	2.88GB/49.1GB (5.9%)
2021-10-19T15:39:21.323+0000	[#.......................] benchmark.Twitter	2.95GB/49.1GB (6.0%)
2021-10-19T15:39:24.323+0000	[#.......................] benchmark.Twitter	3.01GB/49.1GB (6.1%)
2021-10-19T15:39:27.323+0000	[#.......................] benchmark.Twitter	3.07GB/49.1GB (6.3%)
2021-10-19T15:39:30.323+0000	[#.......................] benchmark.Twitter	3.14GB/49.1GB (6.4%)
2021-10-19T15:39:33.323+0000	[#.......................] benchmark.Twitter	3.20GB/49.1GB (6.5%)
2021-10-19T15:39:36.324+0000	[#.......................] benchmark.Twitter	3.27GB/49.1GB (6.7%)
2021-10-19T15:39:39.323+0000	[#.......................] benchmark.Twitter	3.33GB/49.1GB (6.8%)
2021-10-19T15:39:42.323+0000	[#.......................] benchmark.Twitter	3.40GB/49.1GB (6.9%)
2021-10-19T15:39:45.323+0000	[#.......................] benchmark.Twitter	3.46GB/49.1GB (7.0%)
2021-10-19T15:39:48.324+0000	[#.......................] benchmark.Twitter	3.52GB/49.1GB (7.2%)
2021-10-19T15:39:51.323+0000	[#.......................] benchmark.Twitter	3.59GB/49.1GB (7.3%)
2021-10-19T15:39:54.324+0000	[#.......................] benchmark.Twitter	3.65GB/49.1GB (7.4%)
2021-10-19T15:39:57.323+0000	[#.......................] benchmark.Twitter	3.71GB/49.1GB (7.6%)
2021-10-19T15:40:00.323+0000	[#.......................] benchmark.Twitter	3.77GB/49.1GB (7.7%)
2021-10-19T15:40:03.323+0000	[#.......................] benchmark.Twitter	3.83GB/49.1GB (7.8%)
2021-10-19T15:40:06.324+0000	[#.......................] benchmark.Twitter	3.90GB/49.1GB (7.9%)
2021-10-19T15:40:09.334+0000	[#.......................] benchmark.Twitter	3.96GB/49.1GB (8.1%)
2021-10-19T15:40:12.323+0000	[#.......................] benchmark.Twitter	4.03GB/49.1GB (8.2%)
2021-10-19T15:40:15.324+0000	[#.......................] benchmark.Twitter	4.09GB/49.1GB (8.3%)
2021-10-19T15:40:18.323+0000	[##......................] benchmark.Twitter	4.16GB/49.1GB (8.5%)
2021-10-19T15:40:21.323+0000	[##......................] benchmark.Twitter	4.22GB/49.1GB (8.6%)
2021-10-19T15:40:24.324+0000	[##......................] benchmark.Twitter	4.29GB/49.1GB (8.7%)
2021-10-19T15:40:27.324+0000	[##......................] benchmark.Twitter	4.35GB/49.1GB (8.9%)
2021-10-19T15:40:30.323+0000	[##......................] benchmark.Twitter	4.42GB/49.1GB (9.0%)
2021-10-19T15:40:33.324+0000	[##......................] benchmark.Twitter	4.48GB/49.1GB (9.1%)
2021-10-19T15:40:36.324+0000	[##......................] benchmark.Twitter	4.54GB/49.1GB (9.2%)
2021-10-19T15:40:39.324+0000	[##......................] benchmark.Twitter	4.61GB/49.1GB (9.4%)
2021-10-19T15:40:42.324+0000	[##......................] benchmark.Twitter	4.67GB/49.1GB (9.5%)
2021-10-19T15:40:45.323+0000	[##......................] benchmark.Twitter	4.74GB/49.1GB (9.6%)
2021-10-19T15:40:48.324+0000	[##......................] benchmark.Twitter	4.80GB/49.1GB (9.8%)
2021-10-19T15:40:51.323+0000	[##......................] benchmark.Twitter	4.87GB/49.1GB (9.9%)
2021-10-19T15:40:54.323+0000	[##......................] benchmark.Twitter	4.93GB/49.1GB (10.0%)
2021-10-19T15:40:57.324+0000	[##......................] benchmark.Twitter	4.99GB/49.1GB (10.2%)
2021-10-19T15:41:00.327+0000	[##......................] benchmark.Twitter	5.05GB/49.1GB (10.3%)
2021-10-19T15:41:03.324+0000	[##......................] benchmark.Twitter	5.12GB/49.1GB (10.4%)
2021-10-19T15:41:06.323+0000	[##......................] benchmark.Twitter	5.18GB/49.1GB (10.6%)
2021-10-19T15:41:09.323+0000	[##......................] benchmark.Twitter	5.25GB/49.1GB (10.7%)
2021-10-19T15:41:12.331+0000	[##......................] benchmark.Twitter	5.31GB/49.1GB (10.8%)
2021-10-19T15:41:15.323+0000	[##......................] benchmark.Twitter	5.36GB/49.1GB (10.9%)
2021-10-19T15:41:18.323+0000	[##......................] benchmark.Twitter	5.42GB/49.1GB (11.0%)
2021-10-19T15:41:21.323+0000	[##......................] benchmark.Twitter	5.48GB/49.1GB (11.1%)
2021-10-19T15:41:24.323+0000	[##......................] benchmark.Twitter	5.53GB/49.1GB (11.3%)
2021-10-19T15:41:27.324+0000	[##......................] benchmark.Twitter	5.59GB/49.1GB (11.4%)
2021-10-19T15:41:30.340+0000	[##......................] benchmark.Twitter	5.65GB/49.1GB (11.5%)
2021-10-19T15:41:33.323+0000	[##......................] benchmark.Twitter	5.71GB/49.1GB (11.6%)
2021-10-19T15:41:36.323+0000	[##......................] benchmark.Twitter	5.76GB/49.1GB (11.7%)
2021-10-19T15:41:39.323+0000	[##......................] benchmark.Twitter	5.82GB/49.1GB (11.8%)
2021-10-19T15:41:42.324+0000	[##......................] benchmark.Twitter	5.87GB/49.1GB (12.0%)
2021-10-19T15:41:45.323+0000	[##......................] benchmark.Twitter	5.93GB/49.1GB (12.1%)
2021-10-19T15:41:48.323+0000	[##......................] benchmark.Twitter	5.99GB/49.1GB (12.2%)
2021-10-19T15:41:51.323+0000	[##......................] benchmark.Twitter	6.05GB/49.1GB (12.3%)
2021-10-19T15:41:54.324+0000	[##......................] benchmark.Twitter	6.11GB/49.1GB (12.4%)
2021-10-19T15:41:57.323+0000	[###.....................] benchmark.Twitter	6.18GB/49.1GB (12.6%)
2021-10-19T15:42:00.324+0000	[###.....................] benchmark.Twitter	6.24GB/49.1GB (12.7%)
2021-10-19T15:42:03.324+0000	[###.....................] benchmark.Twitter	6.30GB/49.1GB (12.8%)
2021-10-19T15:42:06.323+0000	[###.....................] benchmark.Twitter	6.37GB/49.1GB (13.0%)
2021-10-19T15:42:09.324+0000	[###.....................] benchmark.Twitter	6.43GB/49.1GB (13.1%)
2021-10-19T15:42:12.323+0000	[###.....................] benchmark.Twitter	6.50GB/49.1GB (13.2%)
2021-10-19T15:42:15.324+0000	[###.....................] benchmark.Twitter	6.56GB/49.1GB (13.4%)
2021-10-19T15:42:18.324+0000	[###.....................] benchmark.Twitter	6.63GB/49.1GB (13.5%)
2021-10-19T15:42:21.323+0000	[###.....................] benchmark.Twitter	6.69GB/49.1GB (13.6%)
2021-10-19T15:42:24.323+0000	[###.....................] benchmark.Twitter	6.75GB/49.1GB (13.7%)
2021-10-19T15:42:27.323+0000	[###.....................] benchmark.Twitter	6.81GB/49.1GB (13.9%)
2021-10-19T15:42:30.323+0000	[###.....................] benchmark.Twitter	6.88GB/49.1GB (14.0%)
2021-10-19T15:42:33.324+0000	[###.....................] benchmark.Twitter	6.95GB/49.1GB (14.1%)
2021-10-19T15:42:36.323+0000	[###.....................] benchmark.Twitter	7.02GB/49.1GB (14.3%)
2021-10-19T15:42:39.324+0000	[###.....................] benchmark.Twitter	7.08GB/49.1GB (14.4%)
2021-10-19T15:42:42.323+0000	[###.....................] benchmark.Twitter	7.14GB/49.1GB (14.5%)
2021-10-19T15:42:45.323+0000	[###.....................] benchmark.Twitter	7.21GB/49.1GB (14.7%)
2021-10-19T15:42:48.323+0000	[###.....................] benchmark.Twitter	7.27GB/49.1GB (14.8%)
2021-10-19T15:42:51.323+0000	[###.....................] benchmark.Twitter	7.34GB/49.1GB (14.9%)
2021-10-19T15:42:54.323+0000	[###.....................] benchmark.Twitter	7.41GB/49.1GB (15.1%)
2021-10-19T15:42:57.324+0000	[###.....................] benchmark.Twitter	7.47GB/49.1GB (15.2%)
2021-10-19T15:43:00.323+0000	[###.....................] benchmark.Twitter	7.54GB/49.1GB (15.3%)
2021-10-19T15:43:03.324+0000	[###.....................] benchmark.Twitter	7.60GB/49.1GB (15.5%)
2021-10-19T15:43:06.323+0000	[###.....................] benchmark.Twitter	7.66GB/49.1GB (15.6%)
2021-10-19T15:43:09.323+0000	[###.....................] benchmark.Twitter	7.73GB/49.1GB (15.7%)
2021-10-19T15:43:12.323+0000	[###.....................] benchmark.Twitter	7.79GB/49.1GB (15.9%)
2021-10-19T15:43:15.324+0000	[###.....................] benchmark.Twitter	7.86GB/49.1GB (16.0%)
2021-10-19T15:43:18.323+0000	[###.....................] benchmark.Twitter	7.92GB/49.1GB (16.1%)
2021-10-19T15:43:21.323+0000	[###.....................] benchmark.Twitter	7.99GB/49.1GB (16.3%)
2021-10-19T15:43:24.323+0000	[###.....................] benchmark.Twitter	8.05GB/49.1GB (16.4%)
2021-10-19T15:43:27.324+0000	[###.....................] benchmark.Twitter	8.11GB/49.1GB (16.5%)
2021-10-19T15:43:30.323+0000	[###.....................] benchmark.Twitter	8.18GB/49.1GB (16.6%)
2021-10-19T15:43:33.323+0000	[####....................] benchmark.Twitter	8.24GB/49.1GB (16.8%)
2021-10-19T15:43:36.324+0000	[####....................] benchmark.Twitter	8.31GB/49.1GB (16.9%)
2021-10-19T15:43:39.329+0000	[####....................] benchmark.Twitter	8.37GB/49.1GB (17.0%)
2021-10-19T15:43:42.324+0000	[####....................] benchmark.Twitter	8.44GB/49.1GB (17.2%)
2021-10-19T15:43:45.323+0000	[####....................] benchmark.Twitter	8.50GB/49.1GB (17.3%)
2021-10-19T15:43:48.324+0000	[####....................] benchmark.Twitter	8.57GB/49.1GB (17.4%)
2021-10-19T15:43:51.323+0000	[####....................] benchmark.Twitter	8.63GB/49.1GB (17.6%)
2021-10-19T15:43:54.324+0000	[####....................] benchmark.Twitter	8.70GB/49.1GB (17.7%)
2021-10-19T15:43:57.323+0000	[####....................] benchmark.Twitter	8.76GB/49.1GB (17.8%)
2021-10-19T15:44:00.324+0000	[####....................] benchmark.Twitter	8.83GB/49.1GB (18.0%)
2021-10-19T15:44:03.323+0000	[####....................] benchmark.Twitter	8.88GB/49.1GB (18.1%)
2021-10-19T15:44:06.323+0000	[####....................] benchmark.Twitter	8.94GB/49.1GB (18.2%)
2021-10-19T15:44:09.323+0000	[####....................] benchmark.Twitter	9.00GB/49.1GB (18.3%)
2021-10-19T15:44:12.323+0000	[####....................] benchmark.Twitter	9.05GB/49.1GB (18.4%)
2021-10-19T15:44:15.324+0000	[####....................] benchmark.Twitter	9.11GB/49.1GB (18.5%)
2021-10-19T15:44:18.324+0000	[####....................] benchmark.Twitter	9.17GB/49.1GB (18.7%)
2021-10-19T15:44:21.323+0000	[####....................] benchmark.Twitter	9.22GB/49.1GB (18.8%)
2021-10-19T15:44:24.324+0000	[####....................] benchmark.Twitter	9.28GB/49.1GB (18.9%)
2021-10-19T15:44:27.324+0000	[####....................] benchmark.Twitter	9.34GB/49.1GB (19.0%)
2021-10-19T15:44:30.323+0000	[####....................] benchmark.Twitter	9.39GB/49.1GB (19.1%)
2021-10-19T15:44:33.323+0000	[####....................] benchmark.Twitter	9.45GB/49.1GB (19.2%)
2021-10-19T15:44:36.325+0000	[####....................] benchmark.Twitter	9.50GB/49.1GB (19.3%)
2021-10-19T15:44:39.324+0000	[####....................] benchmark.Twitter	9.56GB/49.1GB (19.5%)
2021-10-19T15:44:42.323+0000	[####....................] benchmark.Twitter	9.62GB/49.1GB (19.6%)
2021-10-19T15:44:45.323+0000	[####....................] benchmark.Twitter	9.69GB/49.1GB (19.7%)
2021-10-19T15:44:48.324+0000	[####....................] benchmark.Twitter	9.76GB/49.1GB (19.9%)
2021-10-19T15:44:51.324+0000	[####....................] benchmark.Twitter	9.82GB/49.1GB (20.0%)
2021-10-19T15:44:54.324+0000	[####....................] benchmark.Twitter	9.89GB/49.1GB (20.1%)
2021-10-19T15:44:57.323+0000	[####....................] benchmark.Twitter	9.95GB/49.1GB (20.3%)
2021-10-19T15:45:00.323+0000	[####....................] benchmark.Twitter	10.0GB/49.1GB (20.4%)
2021-10-19T15:45:03.324+0000	[####....................] benchmark.Twitter	10.1GB/49.1GB (20.5%)
2021-10-19T15:45:06.324+0000	[####....................] benchmark.Twitter	10.2GB/49.1GB (20.7%)
2021-10-19T15:45:09.324+0000	[####....................] benchmark.Twitter	10.2GB/49.1GB (20.8%)
2021-10-19T15:45:12.324+0000	[#####...................] benchmark.Twitter	10.3GB/49.1GB (20.9%)
2021-10-19T15:45:15.324+0000	[#####...................] benchmark.Twitter	10.3GB/49.1GB (21.0%)
2021-10-19T15:45:18.323+0000	[#####...................] benchmark.Twitter	10.4GB/49.1GB (21.2%)
2021-10-19T15:45:21.324+0000	[#####...................] benchmark.Twitter	10.5GB/49.1GB (21.3%)
2021-10-19T15:45:24.323+0000	[#####...................] benchmark.Twitter	10.5GB/49.1GB (21.4%)
2021-10-19T15:45:27.324+0000	[#####...................] benchmark.Twitter	10.6GB/49.1GB (21.6%)
2021-10-19T15:45:30.324+0000	[#####...................] benchmark.Twitter	10.7GB/49.1GB (21.7%)
2021-10-19T15:45:33.323+0000	[#####...................] benchmark.Twitter	10.7GB/49.1GB (21.8%)
2021-10-19T15:45:36.324+0000	[#####...................] benchmark.Twitter	10.8GB/49.1GB (22.0%)
2021-10-19T15:45:39.323+0000	[#####...................] benchmark.Twitter	10.9GB/49.1GB (22.1%)
2021-10-19T15:45:42.323+0000	[#####...................] benchmark.Twitter	10.9GB/49.1GB (22.2%)
2021-10-19T15:45:45.324+0000	[#####...................] benchmark.Twitter	11.0GB/49.1GB (22.4%)
2021-10-19T15:45:48.324+0000	[#####...................] benchmark.Twitter	11.1GB/49.1GB (22.5%)
2021-10-19T15:45:51.324+0000	[#####...................] benchmark.Twitter	11.1GB/49.1GB (22.6%)
2021-10-19T15:45:54.324+0000	[#####...................] benchmark.Twitter	11.2GB/49.1GB (22.8%)
2021-10-19T15:45:57.323+0000	[#####...................] benchmark.Twitter	11.2GB/49.1GB (22.9%)
2021-10-19T15:46:00.323+0000	[#####...................] benchmark.Twitter	11.3GB/49.1GB (23.0%)
2021-10-19T15:46:03.323+0000	[#####...................] benchmark.Twitter	11.4GB/49.1GB (23.2%)
2021-10-19T15:46:06.323+0000	[#####...................] benchmark.Twitter	11.4GB/49.1GB (23.3%)
2021-10-19T15:46:09.323+0000	[#####...................] benchmark.Twitter	11.5GB/49.1GB (23.4%)
2021-10-19T15:46:12.324+0000	[#####...................] benchmark.Twitter	11.6GB/49.1GB (23.6%)
2021-10-19T15:46:15.323+0000	[#####...................] benchmark.Twitter	11.6GB/49.1GB (23.7%)
2021-10-19T15:46:18.323+0000	[#####...................] benchmark.Twitter	11.7GB/49.1GB (23.8%)
2021-10-19T15:46:21.323+0000	[#####...................] benchmark.Twitter	11.8GB/49.1GB (23.9%)
2021-10-19T15:46:24.324+0000	[#####...................] benchmark.Twitter	11.8GB/49.1GB (24.1%)
2021-10-19T15:46:27.323+0000	[#####...................] benchmark.Twitter	11.9GB/49.1GB (24.2%)
2021-10-19T15:46:30.323+0000	[#####...................] benchmark.Twitter	11.9GB/49.1GB (24.3%)
2021-10-19T15:46:33.323+0000	[#####...................] benchmark.Twitter	12.0GB/49.1GB (24.4%)
2021-10-19T15:46:36.324+0000	[#####...................] benchmark.Twitter	12.1GB/49.1GB (24.6%)
2021-10-19T15:46:39.323+0000	[#####...................] benchmark.Twitter	12.1GB/49.1GB (24.7%)
2021-10-19T15:46:42.323+0000	[#####...................] benchmark.Twitter	12.2GB/49.1GB (24.8%)
2021-10-19T15:46:45.323+0000	[#####...................] benchmark.Twitter	12.2GB/49.1GB (24.9%)
2021-10-19T15:46:48.324+0000	[######..................] benchmark.Twitter	12.3GB/49.1GB (25.0%)
2021-10-19T15:46:51.323+0000	[######..................] benchmark.Twitter	12.3GB/49.1GB (25.1%)
2021-10-19T15:46:54.323+0000	[######..................] benchmark.Twitter	12.4GB/49.1GB (25.2%)
2021-10-19T15:46:57.323+0000	[######..................] benchmark.Twitter	12.4GB/49.1GB (25.3%)
2021-10-19T15:47:00.324+0000	[######..................] benchmark.Twitter	12.5GB/49.1GB (25.5%)
2021-10-19T15:47:03.324+0000	[######..................] benchmark.Twitter	12.6GB/49.1GB (25.6%)
2021-10-19T15:47:06.323+0000	[######..................] benchmark.Twitter	12.6GB/49.1GB (25.7%)
2021-10-19T15:47:09.324+0000	[######..................] benchmark.Twitter	12.7GB/49.1GB (25.8%)
2021-10-19T15:47:12.323+0000	[######..................] benchmark.Twitter	12.8GB/49.1GB (26.0%)
2021-10-19T15:47:15.323+0000	[######..................] benchmark.Twitter	12.8GB/49.1GB (26.1%)
2021-10-19T15:47:18.324+0000	[######..................] benchmark.Twitter	12.9GB/49.1GB (26.2%)
2021-10-19T15:47:21.323+0000	[######..................] benchmark.Twitter	13.0GB/49.1GB (26.4%)
2021-10-19T15:47:24.323+0000	[######..................] benchmark.Twitter	13.0GB/49.1GB (26.5%)
2021-10-19T15:47:27.323+0000	[######..................] benchmark.Twitter	13.1GB/49.1GB (26.6%)
2021-10-19T15:47:30.323+0000	[######..................] benchmark.Twitter	13.2GB/49.1GB (26.8%)
2021-10-19T15:47:33.324+0000	[######..................] benchmark.Twitter	13.2GB/49.1GB (26.9%)
2021-10-19T15:47:36.324+0000	[######..................] benchmark.Twitter	13.3GB/49.1GB (27.0%)
2021-10-19T15:47:39.324+0000	[######..................] benchmark.Twitter	13.3GB/49.1GB (27.2%)
2021-10-19T15:47:42.323+0000	[######..................] benchmark.Twitter	13.4GB/49.1GB (27.3%)
2021-10-19T15:47:45.323+0000	[######..................] benchmark.Twitter	13.5GB/49.1GB (27.4%)
2021-10-19T15:47:48.323+0000	[######..................] benchmark.Twitter	13.5GB/49.1GB (27.6%)
2021-10-19T15:47:51.323+0000	[######..................] benchmark.Twitter	13.6GB/49.1GB (27.7%)
2021-10-19T15:47:54.323+0000	[######..................] benchmark.Twitter	13.7GB/49.1GB (27.8%)
2021-10-19T15:47:57.324+0000	[######..................] benchmark.Twitter	13.7GB/49.1GB (28.0%)
2021-10-19T15:48:00.324+0000	[######..................] benchmark.Twitter	13.8GB/49.1GB (28.1%)
2021-10-19T15:48:03.325+0000	[######..................] benchmark.Twitter	13.9GB/49.1GB (28.2%)
2021-10-19T15:48:06.324+0000	[######..................] benchmark.Twitter	13.9GB/49.1GB (28.3%)
2021-10-19T15:48:09.324+0000	[######..................] benchmark.Twitter	14.0GB/49.1GB (28.5%)
2021-10-19T15:48:12.323+0000	[######..................] benchmark.Twitter	14.1GB/49.1GB (28.6%)
2021-10-19T15:48:15.324+0000	[######..................] benchmark.Twitter	14.1GB/49.1GB (28.7%)
2021-10-19T15:48:18.323+0000	[######..................] benchmark.Twitter	14.2GB/49.1GB (28.9%)
2021-10-19T15:48:21.323+0000	[######..................] benchmark.Twitter	14.2GB/49.1GB (29.0%)
2021-10-19T15:48:24.323+0000	[######..................] benchmark.Twitter	14.3GB/49.1GB (29.1%)
2021-10-19T15:48:27.324+0000	[#######.................] benchmark.Twitter	14.4GB/49.1GB (29.3%)
2021-10-19T15:48:30.324+0000	[#######.................] benchmark.Twitter	14.4GB/49.1GB (29.4%)
2021-10-19T15:48:33.323+0000	[#######.................] benchmark.Twitter	14.5GB/49.1GB (29.5%)
2021-10-19T15:48:36.323+0000	[#######.................] benchmark.Twitter	14.6GB/49.1GB (29.7%)
2021-10-19T15:48:39.323+0000	[#######.................] benchmark.Twitter	14.6GB/49.1GB (29.8%)
2021-10-19T15:48:42.323+0000	[#######.................] benchmark.Twitter	14.7GB/49.1GB (29.9%)
2021-10-19T15:48:45.326+0000	[#######.................] benchmark.Twitter	14.8GB/49.1GB (30.0%)
2021-10-19T15:48:48.324+0000	[#######.................] benchmark.Twitter	14.8GB/49.1GB (30.2%)
2021-10-19T15:48:51.324+0000	[#######.................] benchmark.Twitter	14.9GB/49.1GB (30.3%)
2021-10-19T15:48:54.323+0000	[#######.................] benchmark.Twitter	15.0GB/49.1GB (30.5%)
2021-10-19T15:48:57.323+0000	[#######.................] benchmark.Twitter	15.0GB/49.1GB (30.6%)
2021-10-19T15:49:00.323+0000	[#######.................] benchmark.Twitter	15.1GB/49.1GB (30.7%)
2021-10-19T15:49:03.324+0000	[#######.................] benchmark.Twitter	15.2GB/49.1GB (30.8%)
2021-10-19T15:49:06.323+0000	[#######.................] benchmark.Twitter	15.2GB/49.1GB (31.0%)
2021-10-19T15:49:09.324+0000	[#######.................] benchmark.Twitter	15.3GB/49.1GB (31.1%)
2021-10-19T15:49:12.323+0000	[#######.................] benchmark.Twitter	15.3GB/49.1GB (31.2%)
2021-10-19T15:49:15.323+0000	[#######.................] benchmark.Twitter	15.4GB/49.1GB (31.3%)
2021-10-19T15:49:18.323+0000	[#######.................] benchmark.Twitter	15.4GB/49.1GB (31.4%)
2021-10-19T15:49:21.327+0000	[#######.................] benchmark.Twitter	15.5GB/49.1GB (31.5%)
2021-10-19T15:49:24.324+0000	[#######.................] benchmark.Twitter	15.6GB/49.1GB (31.6%)
2021-10-19T15:49:27.323+0000	[#######.................] benchmark.Twitter	15.6GB/49.1GB (31.8%)
2021-10-19T15:49:30.323+0000	[#######.................] benchmark.Twitter	15.7GB/49.1GB (31.9%)
2021-10-19T15:49:33.323+0000	[#######.................] benchmark.Twitter	15.7GB/49.1GB (32.0%)
2021-10-19T15:49:36.323+0000	[#######.................] benchmark.Twitter	15.8GB/49.1GB (32.2%)
2021-10-19T15:49:39.324+0000	[#######.................] benchmark.Twitter	15.9GB/49.1GB (32.3%)
2021-10-19T15:49:42.324+0000	[#######.................] benchmark.Twitter	15.9GB/49.1GB (32.4%)
2021-10-19T15:49:45.324+0000	[#######.................] benchmark.Twitter	16.0GB/49.1GB (32.6%)
2021-10-19T15:49:48.323+0000	[#######.................] benchmark.Twitter	16.1GB/49.1GB (32.7%)
2021-10-19T15:49:51.324+0000	[#######.................] benchmark.Twitter	16.1GB/49.1GB (32.8%)
2021-10-19T15:49:54.323+0000	[#######.................] benchmark.Twitter	16.2GB/49.1GB (33.0%)
2021-10-19T15:49:57.324+0000	[#######.................] benchmark.Twitter	16.3GB/49.1GB (33.1%)
2021-10-19T15:50:00.323+0000	[#######.................] benchmark.Twitter	16.3GB/49.1GB (33.2%)
2021-10-19T15:50:03.323+0000	[########................] benchmark.Twitter	16.4GB/49.1GB (33.4%)
2021-10-19T15:50:06.327+0000	[########................] benchmark.Twitter	16.5GB/49.1GB (33.5%)
2021-10-19T15:50:09.323+0000	[########................] benchmark.Twitter	16.5GB/49.1GB (33.6%)
2021-10-19T15:50:12.324+0000	[########................] benchmark.Twitter	16.6GB/49.1GB (33.8%)
2021-10-19T15:50:15.323+0000	[########................] benchmark.Twitter	16.6GB/49.1GB (33.9%)
2021-10-19T15:50:18.323+0000	[########................] benchmark.Twitter	16.7GB/49.1GB (34.0%)
2021-10-19T15:50:21.324+0000	[########................] benchmark.Twitter	16.8GB/49.1GB (34.1%)
2021-10-19T15:50:24.323+0000	[########................] benchmark.Twitter	16.8GB/49.1GB (34.3%)
2021-10-19T15:50:27.324+0000	[########................] benchmark.Twitter	16.9GB/49.1GB (34.4%)
2021-10-19T15:50:30.323+0000	[########................] benchmark.Twitter	17.0GB/49.1GB (34.5%)
2021-10-19T15:50:33.323+0000	[########................] benchmark.Twitter	17.0GB/49.1GB (34.7%)
2021-10-19T15:50:36.323+0000	[########................] benchmark.Twitter	17.1GB/49.1GB (34.8%)
2021-10-19T15:50:39.323+0000	[########................] benchmark.Twitter	17.2GB/49.1GB (34.9%)
2021-10-19T15:50:42.324+0000	[########................] benchmark.Twitter	17.2GB/49.1GB (35.1%)
2021-10-19T15:50:45.324+0000	[########................] benchmark.Twitter	17.3GB/49.1GB (35.2%)
2021-10-19T15:50:48.323+0000	[########................] benchmark.Twitter	17.4GB/49.1GB (35.3%)
2021-10-19T15:50:51.323+0000	[########................] benchmark.Twitter	17.4GB/49.1GB (35.4%)
2021-10-19T15:50:54.324+0000	[########................] benchmark.Twitter	17.5GB/49.1GB (35.6%)
2021-10-19T15:50:57.324+0000	[########................] benchmark.Twitter	17.5GB/49.1GB (35.7%)
2021-10-19T15:51:00.324+0000	[########................] benchmark.Twitter	17.6GB/49.1GB (35.8%)
2021-10-19T15:51:03.324+0000	[########................] benchmark.Twitter	17.7GB/49.1GB (36.0%)
2021-10-19T15:51:06.324+0000	[########................] benchmark.Twitter	17.7GB/49.1GB (36.1%)
2021-10-19T15:51:09.324+0000	[########................] benchmark.Twitter	17.8GB/49.1GB (36.2%)
2021-10-19T15:51:12.324+0000	[########................] benchmark.Twitter	17.9GB/49.1GB (36.4%)
2021-10-19T15:51:15.324+0000	[########................] benchmark.Twitter	17.9GB/49.1GB (36.5%)
2021-10-19T15:51:18.323+0000	[########................] benchmark.Twitter	18.0GB/49.1GB (36.6%)
2021-10-19T15:51:21.323+0000	[########................] benchmark.Twitter	18.0GB/49.1GB (36.7%)
2021-10-19T15:51:24.323+0000	[########................] benchmark.Twitter	18.1GB/49.1GB (36.8%)
2021-10-19T15:51:27.323+0000	[########................] benchmark.Twitter	18.1GB/49.1GB (36.9%)
2021-10-19T15:51:30.323+0000	[########................] benchmark.Twitter	18.2GB/49.1GB (37.0%)
2021-10-19T15:51:33.324+0000	[########................] benchmark.Twitter	18.2GB/49.1GB (37.2%)
2021-10-19T15:51:36.323+0000	[########................] benchmark.Twitter	18.3GB/49.1GB (37.3%)
2021-10-19T15:51:39.323+0000	[########................] benchmark.Twitter	18.4GB/49.1GB (37.4%)
2021-10-19T15:51:42.324+0000	[#########...............] benchmark.Twitter	18.4GB/49.1GB (37.5%)
2021-10-19T15:51:45.324+0000	[#########...............] benchmark.Twitter	18.5GB/49.1GB (37.6%)
2021-10-19T15:51:48.323+0000	[#########...............] benchmark.Twitter	18.6GB/49.1GB (37.8%)
2021-10-19T15:51:51.323+0000	[#########...............] benchmark.Twitter	18.6GB/49.1GB (37.9%)
2021-10-19T15:51:54.324+0000	[#########...............] benchmark.Twitter	18.7GB/49.1GB (38.0%)
2021-10-19T15:51:57.324+0000	[#########...............] benchmark.Twitter	18.7GB/49.1GB (38.1%)
2021-10-19T15:52:00.323+0000	[#########...............] benchmark.Twitter	18.8GB/49.1GB (38.3%)
2021-10-19T15:52:03.323+0000	[#########...............] benchmark.Twitter	18.9GB/49.1GB (38.4%)
2021-10-19T15:52:06.324+0000	[#########...............] benchmark.Twitter	18.9GB/49.1GB (38.5%)
2021-10-19T15:52:09.326+0000	[#########...............] benchmark.Twitter	19.0GB/49.1GB (38.7%)
2021-10-19T15:52:12.323+0000	[#########...............] benchmark.Twitter	19.1GB/49.1GB (38.8%)
2021-10-19T15:52:15.326+0000	[#########...............] benchmark.Twitter	19.1GB/49.1GB (38.9%)
2021-10-19T15:52:18.324+0000	[#########...............] benchmark.Twitter	19.2GB/49.1GB (39.0%)
2021-10-19T15:52:21.324+0000	[#########...............] benchmark.Twitter	19.2GB/49.1GB (39.2%)
2021-10-19T15:52:24.323+0000	[#########...............] benchmark.Twitter	19.3GB/49.1GB (39.3%)
2021-10-19T15:52:27.323+0000	[#########...............] benchmark.Twitter	19.4GB/49.1GB (39.4%)
2021-10-19T15:52:30.323+0000	[#########...............] benchmark.Twitter	19.4GB/49.1GB (39.6%)
2021-10-19T15:52:33.324+0000	[#########...............] benchmark.Twitter	19.5GB/49.1GB (39.7%)
2021-10-19T15:52:36.323+0000	[#########...............] benchmark.Twitter	19.6GB/49.1GB (39.8%)
2021-10-19T15:52:39.323+0000	[#########...............] benchmark.Twitter	19.6GB/49.1GB (39.9%)
2021-10-19T15:52:42.323+0000	[#########...............] benchmark.Twitter	19.7GB/49.1GB (40.1%)
2021-10-19T15:52:45.323+0000	[#########...............] benchmark.Twitter	19.8GB/49.1GB (40.2%)
2021-10-19T15:52:48.323+0000	[#########...............] benchmark.Twitter	19.8GB/49.1GB (40.3%)
2021-10-19T15:52:51.325+0000	[#########...............] benchmark.Twitter	19.9GB/49.1GB (40.5%)
2021-10-19T15:52:54.323+0000	[#########...............] benchmark.Twitter	19.9GB/49.1GB (40.6%)
2021-10-19T15:52:57.323+0000	[#########...............] benchmark.Twitter	20.0GB/49.1GB (40.7%)
2021-10-19T15:53:00.323+0000	[#########...............] benchmark.Twitter	20.1GB/49.1GB (40.8%)
2021-10-19T15:53:03.324+0000	[#########...............] benchmark.Twitter	20.1GB/49.1GB (40.9%)
2021-10-19T15:53:06.324+0000	[#########...............] benchmark.Twitter	20.2GB/49.1GB (41.1%)
2021-10-19T15:53:09.323+0000	[#########...............] benchmark.Twitter	20.2GB/49.1GB (41.2%)
2021-10-19T15:53:12.323+0000	[#########...............] benchmark.Twitter	20.3GB/49.1GB (41.3%)
2021-10-19T15:53:15.324+0000	[#########...............] benchmark.Twitter	20.3GB/49.1GB (41.4%)
2021-10-19T15:53:18.324+0000	[#########...............] benchmark.Twitter	20.4GB/49.1GB (41.5%)
2021-10-19T15:53:21.324+0000	[#########...............] benchmark.Twitter	20.4GB/49.1GB (41.6%)
2021-10-19T15:53:24.324+0000	[##########..............] benchmark.Twitter	20.5GB/49.1GB (41.7%)
2021-10-19T15:53:27.324+0000	[##########..............] benchmark.Twitter	20.6GB/49.1GB (41.9%)
2021-10-19T15:53:30.323+0000	[##########..............] benchmark.Twitter	20.6GB/49.1GB (42.0%)
2021-10-19T15:53:33.324+0000	[##########..............] benchmark.Twitter	20.7GB/49.1GB (42.1%)
2021-10-19T15:53:36.323+0000	[##########..............] benchmark.Twitter	20.8GB/49.1GB (42.3%)
2021-10-19T15:53:39.323+0000	[##########..............] benchmark.Twitter	20.8GB/49.1GB (42.4%)
2021-10-19T15:53:42.324+0000	[##########..............] benchmark.Twitter	20.9GB/49.1GB (42.5%)
2021-10-19T15:53:45.324+0000	[##########..............] benchmark.Twitter	20.9GB/49.1GB (42.6%)
2021-10-19T15:53:48.324+0000	[##########..............] benchmark.Twitter	21.0GB/49.1GB (42.8%)
2021-10-19T15:53:51.324+0000	[##########..............] benchmark.Twitter	21.1GB/49.1GB (42.9%)
2021-10-19T15:53:54.324+0000	[##########..............] benchmark.Twitter	21.1GB/49.1GB (43.0%)
2021-10-19T15:53:57.323+0000	[##########..............] benchmark.Twitter	21.2GB/49.1GB (43.2%)
2021-10-19T15:54:00.324+0000	[##########..............] benchmark.Twitter	21.3GB/49.1GB (43.3%)
2021-10-19T15:54:03.323+0000	[##########..............] benchmark.Twitter	21.3GB/49.1GB (43.4%)
2021-10-19T15:54:06.323+0000	[##########..............] benchmark.Twitter	21.4GB/49.1GB (43.6%)
2021-10-19T15:54:09.323+0000	[##########..............] benchmark.Twitter	21.5GB/49.1GB (43.7%)
2021-10-19T15:54:12.324+0000	[##########..............] benchmark.Twitter	21.5GB/49.1GB (43.8%)
2021-10-19T15:54:15.324+0000	[##########..............] benchmark.Twitter	21.6GB/49.1GB (44.0%)
2021-10-19T15:54:18.324+0000	[##########..............] benchmark.Twitter	21.7GB/49.1GB (44.1%)
2021-10-19T15:54:21.324+0000	[##########..............] benchmark.Twitter	21.7GB/49.1GB (44.2%)
2021-10-19T15:54:24.324+0000	[##########..............] benchmark.Twitter	21.8GB/49.1GB (44.3%)
2021-10-19T15:54:27.323+0000	[##########..............] benchmark.Twitter	21.9GB/49.1GB (44.5%)
2021-10-19T15:54:30.324+0000	[##########..............] benchmark.Twitter	21.9GB/49.1GB (44.6%)
2021-10-19T15:54:33.324+0000	[##########..............] benchmark.Twitter	22.0GB/49.1GB (44.7%)
2021-10-19T15:54:36.323+0000	[##########..............] benchmark.Twitter	22.1GB/49.1GB (44.9%)
2021-10-19T15:54:39.323+0000	[##########..............] benchmark.Twitter	22.1GB/49.1GB (45.0%)
2021-10-19T15:54:42.324+0000	[##########..............] benchmark.Twitter	22.2GB/49.1GB (45.1%)
2021-10-19T15:54:45.324+0000	[##########..............] benchmark.Twitter	22.2GB/49.1GB (45.3%)
2021-10-19T15:54:48.323+0000	[##########..............] benchmark.Twitter	22.3GB/49.1GB (45.4%)
2021-10-19T15:54:51.323+0000	[##########..............] benchmark.Twitter	22.4GB/49.1GB (45.5%)
2021-10-19T15:54:54.323+0000	[##########..............] benchmark.Twitter	22.4GB/49.1GB (45.7%)
2021-10-19T15:54:57.323+0000	[##########..............] benchmark.Twitter	22.5GB/49.1GB (45.8%)
2021-10-19T15:55:00.323+0000	[###########.............] benchmark.Twitter	22.6GB/49.1GB (45.9%)
2021-10-19T15:55:03.324+0000	[###########.............] benchmark.Twitter	22.6GB/49.1GB (46.1%)
2021-10-19T15:55:06.323+0000	[###########.............] benchmark.Twitter	22.7GB/49.1GB (46.2%)
2021-10-19T15:55:09.324+0000	[###########.............] benchmark.Twitter	22.8GB/49.1GB (46.3%)
2021-10-19T15:55:12.323+0000	[###########.............] benchmark.Twitter	22.8GB/49.1GB (46.4%)
2021-10-19T15:55:15.323+0000	[###########.............] benchmark.Twitter	22.9GB/49.1GB (46.6%)
2021-10-19T15:55:18.323+0000	[###########.............] benchmark.Twitter	22.9GB/49.1GB (46.7%)
2021-10-19T15:55:21.324+0000	[###########.............] benchmark.Twitter	23.0GB/49.1GB (46.8%)
2021-10-19T15:55:24.323+0000	[###########.............] benchmark.Twitter	23.1GB/49.1GB (47.0%)
2021-10-19T15:55:27.325+0000	[###########.............] benchmark.Twitter	23.1GB/49.1GB (47.1%)
2021-10-19T15:55:30.323+0000	[###########.............] benchmark.Twitter	23.2GB/49.1GB (47.2%)
2021-10-19T15:55:33.323+0000	[###########.............] benchmark.Twitter	23.3GB/49.1GB (47.3%)
2021-10-19T15:55:36.324+0000	[###########.............] benchmark.Twitter	23.3GB/49.1GB (47.5%)
2021-10-19T15:55:39.324+0000	[###########.............] benchmark.Twitter	23.4GB/49.1GB (47.6%)
2021-10-19T15:55:42.323+0000	[###########.............] benchmark.Twitter	23.4GB/49.1GB (47.7%)
2021-10-19T15:55:45.323+0000	[###########.............] benchmark.Twitter	23.5GB/49.1GB (47.9%)
2021-10-19T15:55:48.323+0000	[###########.............] benchmark.Twitter	23.6GB/49.1GB (48.0%)
2021-10-19T15:55:51.323+0000	[###########.............] benchmark.Twitter	23.6GB/49.1GB (48.1%)
2021-10-19T15:55:54.324+0000	[###########.............] benchmark.Twitter	23.7GB/49.1GB (48.2%)
2021-10-19T15:55:57.323+0000	[###########.............] benchmark.Twitter	23.8GB/49.1GB (48.4%)
2021-10-19T15:56:00.324+0000	[###########.............] benchmark.Twitter	23.8GB/49.1GB (48.5%)
2021-10-19T15:56:03.323+0000	[###########.............] benchmark.Twitter	23.9GB/49.1GB (48.6%)
2021-10-19T15:56:06.324+0000	[###########.............] benchmark.Twitter	23.9GB/49.1GB (48.7%)
2021-10-19T15:56:09.323+0000	[###########.............] benchmark.Twitter	24.0GB/49.1GB (48.8%)
2021-10-19T15:56:12.323+0000	[###########.............] benchmark.Twitter	24.1GB/49.1GB (49.0%)
2021-10-19T15:56:15.324+0000	[###########.............] benchmark.Twitter	24.1GB/49.1GB (49.1%)
2021-10-19T15:56:18.324+0000	[###########.............] benchmark.Twitter	24.2GB/49.1GB (49.2%)
2021-10-19T15:56:21.324+0000	[###########.............] benchmark.Twitter	24.2GB/49.1GB (49.3%)
2021-10-19T15:56:24.323+0000	[###########.............] benchmark.Twitter	24.3GB/49.1GB (49.4%)
2021-10-19T15:56:27.324+0000	[###########.............] benchmark.Twitter	24.3GB/49.1GB (49.5%)
2021-10-19T15:56:30.323+0000	[###########.............] benchmark.Twitter	24.4GB/49.1GB (49.7%)
2021-10-19T15:56:33.323+0000	[###########.............] benchmark.Twitter	24.4GB/49.1GB (49.8%)
2021-10-19T15:56:36.324+0000	[###########.............] benchmark.Twitter	24.5GB/49.1GB (49.9%)
2021-10-19T15:56:39.324+0000	[############............] benchmark.Twitter	24.6GB/49.1GB (50.0%)
2021-10-19T15:56:42.324+0000	[############............] benchmark.Twitter	24.6GB/49.1GB (50.2%)
2021-10-19T15:56:45.323+0000	[############............] benchmark.Twitter	24.7GB/49.1GB (50.3%)
2021-10-19T15:56:48.323+0000	[############............] benchmark.Twitter	24.8GB/49.1GB (50.4%)
2021-10-19T15:56:51.323+0000	[############............] benchmark.Twitter	24.8GB/49.1GB (50.6%)
2021-10-19T15:56:54.324+0000	[############............] benchmark.Twitter	24.9GB/49.1GB (50.7%)
2021-10-19T15:56:57.323+0000	[############............] benchmark.Twitter	25.0GB/49.1GB (50.8%)
2021-10-19T15:57:00.324+0000	[############............] benchmark.Twitter	25.0GB/49.1GB (51.0%)
2021-10-19T15:57:03.324+0000	[############............] benchmark.Twitter	25.1GB/49.1GB (51.1%)
2021-10-19T15:57:06.324+0000	[############............] benchmark.Twitter	25.2GB/49.1GB (51.2%)
2021-10-19T15:57:09.323+0000	[############............] benchmark.Twitter	25.2GB/49.1GB (51.3%)
2021-10-19T15:57:12.324+0000	[############............] benchmark.Twitter	25.3GB/49.1GB (51.5%)
2021-10-19T15:57:15.324+0000	[############............] benchmark.Twitter	25.4GB/49.1GB (51.6%)
2021-10-19T15:57:18.323+0000	[############............] benchmark.Twitter	25.4GB/49.1GB (51.7%)
2021-10-19T15:57:21.323+0000	[############............] benchmark.Twitter	25.5GB/49.1GB (51.9%)
2021-10-19T15:57:24.323+0000	[############............] benchmark.Twitter	25.5GB/49.1GB (52.0%)
2021-10-19T15:57:27.324+0000	[############............] benchmark.Twitter	25.6GB/49.1GB (52.1%)
2021-10-19T15:57:30.324+0000	[############............] benchmark.Twitter	25.7GB/49.1GB (52.2%)
2021-10-19T15:57:33.323+0000	[############............] benchmark.Twitter	25.7GB/49.1GB (52.4%)
2021-10-19T15:57:36.323+0000	[############............] benchmark.Twitter	25.8GB/49.1GB (52.5%)
2021-10-19T15:57:39.323+0000	[############............] benchmark.Twitter	25.9GB/49.1GB (52.6%)
2021-10-19T15:57:42.326+0000	[############............] benchmark.Twitter	25.9GB/49.1GB (52.8%)
2021-10-19T15:57:45.323+0000	[############............] benchmark.Twitter	26.0GB/49.1GB (52.9%)
2021-10-19T15:57:48.323+0000	[############............] benchmark.Twitter	26.1GB/49.1GB (53.0%)
2021-10-19T15:57:51.323+0000	[############............] benchmark.Twitter	26.1GB/49.1GB (53.2%)
2021-10-19T15:57:54.323+0000	[############............] benchmark.Twitter	26.2GB/49.1GB (53.3%)
2021-10-19T15:57:57.324+0000	[############............] benchmark.Twitter	26.3GB/49.1GB (53.4%)
2021-10-19T15:58:00.323+0000	[############............] benchmark.Twitter	26.3GB/49.1GB (53.6%)
2021-10-19T15:58:03.324+0000	[############............] benchmark.Twitter	26.4GB/49.1GB (53.7%)
2021-10-19T15:58:06.323+0000	[############............] benchmark.Twitter	26.4GB/49.1GB (53.8%)
2021-10-19T15:58:09.323+0000	[############............] benchmark.Twitter	26.5GB/49.1GB (54.0%)
2021-10-19T15:58:12.324+0000	[############............] benchmark.Twitter	26.6GB/49.1GB (54.1%)
2021-10-19T15:58:15.323+0000	[#############...........] benchmark.Twitter	26.6GB/49.1GB (54.2%)
2021-10-19T15:58:18.323+0000	[#############...........] benchmark.Twitter	26.7GB/49.1GB (54.4%)
2021-10-19T15:58:21.323+0000	[#############...........] benchmark.Twitter	26.8GB/49.1GB (54.5%)
2021-10-19T15:58:24.324+0000	[#############...........] benchmark.Twitter	26.8GB/49.1GB (54.6%)
2021-10-19T15:58:27.323+0000	[#############...........] benchmark.Twitter	26.9GB/49.1GB (54.8%)
2021-10-19T15:58:30.323+0000	[#############...........] benchmark.Twitter	27.0GB/49.1GB (54.9%)
2021-10-19T15:58:33.323+0000	[#############...........] benchmark.Twitter	27.0GB/49.1GB (55.0%)
2021-10-19T15:58:36.324+0000	[#############...........] benchmark.Twitter	27.1GB/49.1GB (55.2%)
2021-10-19T15:58:39.324+0000	[#############...........] benchmark.Twitter	27.2GB/49.1GB (55.3%)
2021-10-19T15:58:42.324+0000	[#############...........] benchmark.Twitter	27.2GB/49.1GB (55.4%)
2021-10-19T15:58:45.324+0000	[#############...........] benchmark.Twitter	27.3GB/49.1GB (55.6%)
2021-10-19T15:58:48.329+0000	[#############...........] benchmark.Twitter	27.4GB/49.1GB (55.7%)
2021-10-19T15:58:51.324+0000	[#############...........] benchmark.Twitter	27.4GB/49.1GB (55.8%)
2021-10-19T15:58:54.323+0000	[#############...........] benchmark.Twitter	27.5GB/49.1GB (55.9%)
2021-10-19T15:58:57.323+0000	[#############...........] benchmark.Twitter	27.6GB/49.1GB (56.1%)
2021-10-19T15:59:00.324+0000	[#############...........] benchmark.Twitter	27.6GB/49.1GB (56.2%)
2021-10-19T15:59:03.323+0000	[#############...........] benchmark.Twitter	27.7GB/49.1GB (56.3%)
2021-10-19T15:59:06.323+0000	[#############...........] benchmark.Twitter	27.8GB/49.1GB (56.5%)
2021-10-19T15:59:09.323+0000	[#############...........] benchmark.Twitter	27.8GB/49.1GB (56.6%)
2021-10-19T15:59:12.323+0000	[#############...........] benchmark.Twitter	27.9GB/49.1GB (56.7%)
2021-10-19T15:59:15.325+0000	[#############...........] benchmark.Twitter	27.9GB/49.1GB (56.9%)
2021-10-19T15:59:18.324+0000	[#############...........] benchmark.Twitter	28.0GB/49.1GB (57.0%)
2021-10-19T15:59:21.323+0000	[#############...........] benchmark.Twitter	28.1GB/49.1GB (57.1%)
2021-10-19T15:59:24.324+0000	[#############...........] benchmark.Twitter	28.1GB/49.1GB (57.3%)
2021-10-19T15:59:27.323+0000	[#############...........] benchmark.Twitter	28.2GB/49.1GB (57.4%)
2021-10-19T15:59:30.327+0000	[#############...........] benchmark.Twitter	28.2GB/49.1GB (57.5%)
2021-10-19T15:59:33.328+0000	[#############...........] benchmark.Twitter	28.3GB/49.1GB (57.6%)
2021-10-19T15:59:36.326+0000	[#############...........] benchmark.Twitter	28.4GB/49.1GB (57.7%)
2021-10-19T15:59:39.323+0000	[#############...........] benchmark.Twitter	28.4GB/49.1GB (57.8%)
2021-10-19T15:59:42.324+0000	[#############...........] benchmark.Twitter	28.5GB/49.1GB (57.9%)
2021-10-19T15:59:45.324+0000	[#############...........] benchmark.Twitter	28.5GB/49.1GB (58.0%)
2021-10-19T15:59:48.323+0000	[#############...........] benchmark.Twitter	28.6GB/49.1GB (58.2%)
2021-10-19T15:59:51.323+0000	[#############...........] benchmark.Twitter	28.6GB/49.1GB (58.3%)
2021-10-19T15:59:54.324+0000	[##############..........] benchmark.Twitter	28.7GB/49.1GB (58.4%)
2021-10-19T15:59:57.323+0000	[##############..........] benchmark.Twitter	28.7GB/49.1GB (58.5%)
2021-10-19T16:00:00.324+0000	[##############..........] benchmark.Twitter	28.8GB/49.1GB (58.6%)
2021-10-19T16:00:03.323+0000	[##############..........] benchmark.Twitter	28.9GB/49.1GB (58.7%)
2021-10-19T16:00:06.324+0000	[##############..........] benchmark.Twitter	28.9GB/49.1GB (58.9%)
2021-10-19T16:00:09.323+0000	[##############..........] benchmark.Twitter	29.0GB/49.1GB (59.0%)
2021-10-19T16:00:12.324+0000	[##############..........] benchmark.Twitter	29.1GB/49.1GB (59.1%)
2021-10-19T16:00:15.323+0000	[##############..........] benchmark.Twitter	29.1GB/49.1GB (59.3%)
2021-10-19T16:00:18.324+0000	[##############..........] benchmark.Twitter	29.2GB/49.1GB (59.4%)
2021-10-19T16:00:21.323+0000	[##############..........] benchmark.Twitter	29.2GB/49.1GB (59.5%)
2021-10-19T16:00:24.324+0000	[##############..........] benchmark.Twitter	29.3GB/49.1GB (59.7%)
2021-10-19T16:00:27.323+0000	[##############..........] benchmark.Twitter	29.4GB/49.1GB (59.8%)
2021-10-19T16:00:30.324+0000	[##############..........] benchmark.Twitter	29.4GB/49.1GB (59.9%)
2021-10-19T16:00:33.323+0000	[##############..........] benchmark.Twitter	29.5GB/49.1GB (60.1%)
2021-10-19T16:00:36.323+0000	[##############..........] benchmark.Twitter	29.6GB/49.1GB (60.2%)
2021-10-19T16:00:39.323+0000	[##############..........] benchmark.Twitter	29.6GB/49.1GB (60.3%)
2021-10-19T16:00:42.323+0000	[##############..........] benchmark.Twitter	29.7GB/49.1GB (60.4%)
2021-10-19T16:00:45.325+0000	[##############..........] benchmark.Twitter	29.8GB/49.1GB (60.6%)
2021-10-19T16:00:48.324+0000	[##############..........] benchmark.Twitter	29.8GB/49.1GB (60.7%)
2021-10-19T16:00:51.324+0000	[##############..........] benchmark.Twitter	29.9GB/49.1GB (60.8%)
2021-10-19T16:00:54.324+0000	[##############..........] benchmark.Twitter	29.9GB/49.1GB (61.0%)
2021-10-19T16:00:57.323+0000	[##############..........] benchmark.Twitter	30.0GB/49.1GB (61.1%)
2021-10-19T16:01:00.323+0000	[##############..........] benchmark.Twitter	30.1GB/49.1GB (61.2%)
2021-10-19T16:01:03.324+0000	[##############..........] benchmark.Twitter	30.1GB/49.1GB (61.4%)
2021-10-19T16:01:06.323+0000	[##############..........] benchmark.Twitter	30.2GB/49.1GB (61.5%)
2021-10-19T16:01:09.323+0000	[##############..........] benchmark.Twitter	30.3GB/49.1GB (61.6%)
2021-10-19T16:01:12.323+0000	[##############..........] benchmark.Twitter	30.3GB/49.1GB (61.7%)
2021-10-19T16:01:15.323+0000	[##############..........] benchmark.Twitter	30.4GB/49.1GB (61.8%)
2021-10-19T16:01:18.323+0000	[##############..........] benchmark.Twitter	30.4GB/49.1GB (61.9%)
2021-10-19T16:01:21.323+0000	[##############..........] benchmark.Twitter	30.5GB/49.1GB (62.1%)
2021-10-19T16:01:24.323+0000	[##############..........] benchmark.Twitter	30.5GB/49.1GB (62.2%)
2021-10-19T16:01:27.324+0000	[##############..........] benchmark.Twitter	30.6GB/49.1GB (62.3%)
2021-10-19T16:01:30.324+0000	[##############..........] benchmark.Twitter	30.7GB/49.1GB (62.4%)
2021-10-19T16:01:33.324+0000	[###############.........] benchmark.Twitter	30.7GB/49.1GB (62.5%)
2021-10-19T16:01:36.323+0000	[###############.........] benchmark.Twitter	30.8GB/49.1GB (62.7%)
2021-10-19T16:01:39.323+0000	[###############.........] benchmark.Twitter	30.9GB/49.1GB (62.8%)
2021-10-19T16:01:42.323+0000	[###############.........] benchmark.Twitter	30.9GB/49.1GB (62.9%)
2021-10-19T16:01:45.324+0000	[###############.........] benchmark.Twitter	31.0GB/49.1GB (63.0%)
2021-10-19T16:01:48.323+0000	[###############.........] benchmark.Twitter	31.0GB/49.1GB (63.2%)
2021-10-19T16:01:51.323+0000	[###############.........] benchmark.Twitter	31.1GB/49.1GB (63.3%)
2021-10-19T16:01:54.324+0000	[###############.........] benchmark.Twitter	31.2GB/49.1GB (63.4%)
2021-10-19T16:01:57.323+0000	[###############.........] benchmark.Twitter	31.2GB/49.1GB (63.6%)
2021-10-19T16:02:00.323+0000	[###############.........] benchmark.Twitter	31.3GB/49.1GB (63.7%)
2021-10-19T16:02:03.323+0000	[###############.........] benchmark.Twitter	31.4GB/49.1GB (63.8%)
2021-10-19T16:02:06.324+0000	[###############.........] benchmark.Twitter	31.4GB/49.1GB (63.9%)
2021-10-19T16:02:09.324+0000	[###############.........] benchmark.Twitter	31.5GB/49.1GB (64.1%)
2021-10-19T16:02:12.323+0000	[###############.........] benchmark.Twitter	31.6GB/49.1GB (64.2%)
2021-10-19T16:02:15.323+0000	[###############.........] benchmark.Twitter	31.6GB/49.1GB (64.3%)
2021-10-19T16:02:18.323+0000	[###############.........] benchmark.Twitter	31.7GB/49.1GB (64.5%)
2021-10-19T16:02:21.326+0000	[###############.........] benchmark.Twitter	31.7GB/49.1GB (64.6%)
2021-10-19T16:02:24.323+0000	[###############.........] benchmark.Twitter	31.8GB/49.1GB (64.7%)
2021-10-19T16:02:27.324+0000	[###############.........] benchmark.Twitter	31.9GB/49.1GB (64.9%)
2021-10-19T16:02:30.323+0000	[###############.........] benchmark.Twitter	31.9GB/49.1GB (65.0%)
2021-10-19T16:02:33.323+0000	[###############.........] benchmark.Twitter	32.0GB/49.1GB (65.1%)
2021-10-19T16:02:36.323+0000	[###############.........] benchmark.Twitter	32.1GB/49.1GB (65.2%)
2021-10-19T16:02:39.323+0000	[###############.........] benchmark.Twitter	32.1GB/49.1GB (65.4%)
2021-10-19T16:02:42.323+0000	[###############.........] benchmark.Twitter	32.2GB/49.1GB (65.5%)
2021-10-19T16:02:45.323+0000	[###############.........] benchmark.Twitter	32.2GB/49.1GB (65.6%)
2021-10-19T16:02:48.323+0000	[###############.........] benchmark.Twitter	32.3GB/49.1GB (65.8%)
2021-10-19T16:02:51.327+0000	[###############.........] benchmark.Twitter	32.4GB/49.1GB (65.9%)
2021-10-19T16:02:54.324+0000	[###############.........] benchmark.Twitter	32.4GB/49.1GB (66.0%)
2021-10-19T16:02:57.323+0000	[###############.........] benchmark.Twitter	32.5GB/49.1GB (66.2%)
2021-10-19T16:03:00.323+0000	[###############.........] benchmark.Twitter	32.6GB/49.1GB (66.3%)
2021-10-19T16:03:03.323+0000	[###############.........] benchmark.Twitter	32.6GB/49.1GB (66.4%)
2021-10-19T16:03:06.324+0000	[###############.........] benchmark.Twitter	32.7GB/49.1GB (66.6%)
2021-10-19T16:03:09.324+0000	[################........] benchmark.Twitter	32.8GB/49.1GB (66.7%)
2021-10-19T16:03:12.323+0000	[################........] benchmark.Twitter	32.8GB/49.1GB (66.8%)
2021-10-19T16:03:15.324+0000	[################........] benchmark.Twitter	32.9GB/49.1GB (66.9%)
2021-10-19T16:03:18.323+0000	[################........] benchmark.Twitter	33.0GB/49.1GB (67.1%)
2021-10-19T16:03:21.333+0000	[################........] benchmark.Twitter	33.0GB/49.1GB (67.2%)
2021-10-19T16:03:24.325+0000	[################........] benchmark.Twitter	33.1GB/49.1GB (67.3%)
2021-10-19T16:03:27.323+0000	[################........] benchmark.Twitter	33.1GB/49.1GB (67.5%)
2021-10-19T16:03:30.324+0000	[################........] benchmark.Twitter	33.2GB/49.1GB (67.6%)
2021-10-19T16:03:33.323+0000	[################........] benchmark.Twitter	33.3GB/49.1GB (67.7%)
2021-10-19T16:03:36.323+0000	[################........] benchmark.Twitter	33.3GB/49.1GB (67.8%)
2021-10-19T16:03:39.324+0000	[################........] benchmark.Twitter	33.4GB/49.1GB (67.9%)
2021-10-19T16:03:42.323+0000	[################........] benchmark.Twitter	33.4GB/49.1GB (68.1%)
2021-10-19T16:03:45.326+0000	[################........] benchmark.Twitter	33.5GB/49.1GB (68.2%)
2021-10-19T16:03:48.324+0000	[################........] benchmark.Twitter	33.5GB/49.1GB (68.3%)
2021-10-19T16:03:51.324+0000	[################........] benchmark.Twitter	33.6GB/49.1GB (68.4%)
2021-10-19T16:03:54.325+0000	[################........] benchmark.Twitter	33.7GB/49.1GB (68.5%)
2021-10-19T16:03:57.324+0000	[################........] benchmark.Twitter	33.7GB/49.1GB (68.7%)
2021-10-19T16:04:00.323+0000	[################........] benchmark.Twitter	33.8GB/49.1GB (68.8%)
2021-10-19T16:04:03.323+0000	[################........] benchmark.Twitter	33.9GB/49.1GB (68.9%)
2021-10-19T16:04:06.323+0000	[################........] benchmark.Twitter	33.9GB/49.1GB (69.0%)
2021-10-19T16:04:09.323+0000	[################........] benchmark.Twitter	34.0GB/49.1GB (69.2%)
2021-10-19T16:04:12.323+0000	[################........] benchmark.Twitter	34.0GB/49.1GB (69.3%)
2021-10-19T16:04:15.323+0000	[################........] benchmark.Twitter	34.1GB/49.1GB (69.4%)
2021-10-19T16:04:18.323+0000	[################........] benchmark.Twitter	34.2GB/49.1GB (69.6%)
2021-10-19T16:04:21.323+0000	[################........] benchmark.Twitter	34.2GB/49.1GB (69.7%)
2021-10-19T16:04:24.323+0000	[################........] benchmark.Twitter	34.3GB/49.1GB (69.8%)
2021-10-19T16:04:27.323+0000	[################........] benchmark.Twitter	34.4GB/49.1GB (70.0%)
2021-10-19T16:04:30.323+0000	[################........] benchmark.Twitter	34.4GB/49.1GB (70.1%)
2021-10-19T16:04:33.323+0000	[################........] benchmark.Twitter	34.5GB/49.1GB (70.2%)
2021-10-19T16:04:36.323+0000	[################........] benchmark.Twitter	34.6GB/49.1GB (70.4%)
2021-10-19T16:04:39.323+0000	[################........] benchmark.Twitter	34.6GB/49.1GB (70.5%)
2021-10-19T16:04:42.324+0000	[################........] benchmark.Twitter	34.7GB/49.1GB (70.6%)
2021-10-19T16:04:45.324+0000	[################........] benchmark.Twitter	34.8GB/49.1GB (70.8%)
2021-10-19T16:04:48.323+0000	[#################.......] benchmark.Twitter	34.8GB/49.1GB (70.9%)
2021-10-19T16:04:51.324+0000	[#################.......] benchmark.Twitter	34.9GB/49.1GB (71.0%)
2021-10-19T16:04:54.324+0000	[#################.......] benchmark.Twitter	35.0GB/49.1GB (71.2%)
2021-10-19T16:04:57.324+0000	[#################.......] benchmark.Twitter	35.0GB/49.1GB (71.3%)
2021-10-19T16:05:00.324+0000	[#################.......] benchmark.Twitter	35.1GB/49.1GB (71.4%)
2021-10-19T16:05:03.324+0000	[#################.......] benchmark.Twitter	35.2GB/49.1GB (71.6%)
2021-10-19T16:05:06.323+0000	[#################.......] benchmark.Twitter	35.2GB/49.1GB (71.7%)
2021-10-19T16:05:09.323+0000	[#################.......] benchmark.Twitter	35.3GB/49.1GB (71.8%)
2021-10-19T16:05:12.324+0000	[#################.......] benchmark.Twitter	35.4GB/49.1GB (72.0%)
2021-10-19T16:05:15.323+0000	[#################.......] benchmark.Twitter	35.4GB/49.1GB (72.1%)
2021-10-19T16:05:18.323+0000	[#################.......] benchmark.Twitter	35.5GB/49.1GB (72.2%)
2021-10-19T16:05:21.323+0000	[#################.......] benchmark.Twitter	35.5GB/49.1GB (72.3%)
2021-10-19T16:05:24.324+0000	[#################.......] benchmark.Twitter	35.6GB/49.1GB (72.5%)
2021-10-19T16:05:27.324+0000	[#################.......] benchmark.Twitter	35.7GB/49.1GB (72.6%)
2021-10-19T16:05:30.324+0000	[#################.......] benchmark.Twitter	35.7GB/49.1GB (72.7%)
2021-10-19T16:05:33.324+0000	[#################.......] benchmark.Twitter	35.8GB/49.1GB (72.8%)
2021-10-19T16:05:36.324+0000	[#################.......] benchmark.Twitter	35.9GB/49.1GB (73.0%)
2021-10-19T16:05:39.324+0000	[#################.......] benchmark.Twitter	35.9GB/49.1GB (73.1%)
2021-10-19T16:05:42.324+0000	[#################.......] benchmark.Twitter	36.0GB/49.1GB (73.2%)
2021-10-19T16:05:45.324+0000	[#################.......] benchmark.Twitter	36.0GB/49.1GB (73.4%)
2021-10-19T16:05:48.324+0000	[#################.......] benchmark.Twitter	36.1GB/49.1GB (73.5%)
2021-10-19T16:05:51.324+0000	[#################.......] benchmark.Twitter	36.2GB/49.1GB (73.6%)
2021-10-19T16:05:54.323+0000	[#################.......] benchmark.Twitter	36.2GB/49.1GB (73.7%)
2021-10-19T16:05:57.323+0000	[#################.......] benchmark.Twitter	36.3GB/49.1GB (73.9%)
2021-10-19T16:06:00.323+0000	[#################.......] benchmark.Twitter	36.4GB/49.1GB (74.0%)
2021-10-19T16:06:03.323+0000	[#################.......] benchmark.Twitter	36.4GB/49.1GB (74.1%)
2021-10-19T16:06:06.324+0000	[#################.......] benchmark.Twitter	36.5GB/49.1GB (74.3%)
2021-10-19T16:06:09.323+0000	[#################.......] benchmark.Twitter	36.5GB/49.1GB (74.4%)
2021-10-19T16:06:12.324+0000	[#################.......] benchmark.Twitter	36.6GB/49.1GB (74.5%)
2021-10-19T16:06:15.323+0000	[#################.......] benchmark.Twitter	36.7GB/49.1GB (74.6%)
2021-10-19T16:06:18.323+0000	[#################.......] benchmark.Twitter	36.7GB/49.1GB (74.8%)
2021-10-19T16:06:21.323+0000	[#################.......] benchmark.Twitter	36.8GB/49.1GB (74.9%)
2021-10-19T16:06:24.323+0000	[##################......] benchmark.Twitter	36.9GB/49.1GB (75.0%)
2021-10-19T16:06:27.323+0000	[##################......] benchmark.Twitter	36.9GB/49.1GB (75.1%)
2021-10-19T16:06:30.324+0000	[##################......] benchmark.Twitter	37.0GB/49.1GB (75.3%)
2021-10-19T16:06:33.324+0000	[##################......] benchmark.Twitter	37.0GB/49.1GB (75.4%)
2021-10-19T16:06:36.325+0000	[##################......] benchmark.Twitter	37.1GB/49.1GB (75.5%)
2021-10-19T16:06:39.323+0000	[##################......] benchmark.Twitter	37.2GB/49.1GB (75.7%)
2021-10-19T16:06:42.327+0000	[##################......] benchmark.Twitter	37.2GB/49.1GB (75.8%)
2021-10-19T16:06:45.323+0000	[##################......] benchmark.Twitter	37.3GB/49.1GB (75.9%)
2021-10-19T16:06:48.324+0000	[##################......] benchmark.Twitter	37.4GB/49.1GB (76.0%)
2021-10-19T16:06:51.324+0000	[##################......] benchmark.Twitter	37.4GB/49.1GB (76.2%)
2021-10-19T16:06:54.323+0000	[##################......] benchmark.Twitter	37.5GB/49.1GB (76.3%)
2021-10-19T16:06:57.323+0000	[##################......] benchmark.Twitter	37.5GB/49.1GB (76.4%)
2021-10-19T16:07:00.324+0000	[##################......] benchmark.Twitter	37.6GB/49.1GB (76.6%)
2021-10-19T16:07:03.323+0000	[##################......] benchmark.Twitter	37.7GB/49.1GB (76.7%)
2021-10-19T16:07:06.324+0000	[##################......] benchmark.Twitter	37.7GB/49.1GB (76.8%)
2021-10-19T16:07:09.323+0000	[##################......] benchmark.Twitter	37.8GB/49.1GB (76.9%)
2021-10-19T16:07:12.324+0000	[##################......] benchmark.Twitter	37.8GB/49.1GB (77.0%)
2021-10-19T16:07:15.324+0000	[##################......] benchmark.Twitter	37.9GB/49.1GB (77.1%)
2021-10-19T16:07:18.324+0000	[##################......] benchmark.Twitter	38.0GB/49.1GB (77.3%)
2021-10-19T16:07:21.324+0000	[##################......] benchmark.Twitter	38.0GB/49.1GB (77.4%)
2021-10-19T16:07:24.323+0000	[##################......] benchmark.Twitter	38.1GB/49.1GB (77.5%)
2021-10-19T16:07:27.324+0000	[##################......] benchmark.Twitter	38.1GB/49.1GB (77.6%)
2021-10-19T16:07:30.324+0000	[##################......] benchmark.Twitter	38.2GB/49.1GB (77.8%)
2021-10-19T16:07:33.324+0000	[##################......] benchmark.Twitter	38.3GB/49.1GB (77.9%)
2021-10-19T16:07:36.323+0000	[##################......] benchmark.Twitter	38.3GB/49.1GB (78.0%)
2021-10-19T16:07:39.324+0000	[##################......] benchmark.Twitter	38.4GB/49.1GB (78.2%)
2021-10-19T16:07:42.323+0000	[##################......] benchmark.Twitter	38.5GB/49.1GB (78.3%)
2021-10-19T16:07:45.323+0000	[##################......] benchmark.Twitter	38.5GB/49.1GB (78.4%)
2021-10-19T16:07:48.324+0000	[##################......] benchmark.Twitter	38.6GB/49.1GB (78.5%)
2021-10-19T16:07:51.324+0000	[##################......] benchmark.Twitter	38.6GB/49.1GB (78.7%)
2021-10-19T16:07:54.323+0000	[##################......] benchmark.Twitter	38.7GB/49.1GB (78.8%)
2021-10-19T16:07:57.323+0000	[##################......] benchmark.Twitter	38.8GB/49.1GB (78.9%)
2021-10-19T16:08:00.323+0000	[##################......] benchmark.Twitter	38.8GB/49.1GB (79.0%)
2021-10-19T16:08:03.323+0000	[###################.....] benchmark.Twitter	38.9GB/49.1GB (79.2%)
2021-10-19T16:08:06.323+0000	[###################.....] benchmark.Twitter	39.0GB/49.1GB (79.3%)
2021-10-19T16:08:09.324+0000	[###################.....] benchmark.Twitter	39.0GB/49.1GB (79.4%)
2021-10-19T16:08:12.323+0000	[###################.....] benchmark.Twitter	39.1GB/49.1GB (79.6%)
2021-10-19T16:08:15.323+0000	[###################.....] benchmark.Twitter	39.1GB/49.1GB (79.7%)
2021-10-19T16:08:18.324+0000	[###################.....] benchmark.Twitter	39.2GB/49.1GB (79.8%)
2021-10-19T16:08:21.323+0000	[###################.....] benchmark.Twitter	39.3GB/49.1GB (79.9%)
2021-10-19T16:08:24.323+0000	[###################.....] benchmark.Twitter	39.3GB/49.1GB (80.1%)
2021-10-19T16:08:27.323+0000	[###################.....] benchmark.Twitter	39.4GB/49.1GB (80.2%)
2021-10-19T16:08:30.323+0000	[###################.....] benchmark.Twitter	39.5GB/49.1GB (80.3%)
2021-10-19T16:08:33.323+0000	[###################.....] benchmark.Twitter	39.5GB/49.1GB (80.5%)
2021-10-19T16:08:36.324+0000	[###################.....] benchmark.Twitter	39.6GB/49.1GB (80.6%)
2021-10-19T16:08:39.323+0000	[###################.....] benchmark.Twitter	39.7GB/49.1GB (80.7%)
2021-10-19T16:08:42.324+0000	[###################.....] benchmark.Twitter	39.7GB/49.1GB (80.8%)
2021-10-19T16:08:45.323+0000	[###################.....] benchmark.Twitter	39.8GB/49.1GB (81.0%)
2021-10-19T16:08:48.324+0000	[###################.....] benchmark.Twitter	39.9GB/49.1GB (81.1%)
2021-10-19T16:08:51.324+0000	[###################.....] benchmark.Twitter	39.9GB/49.1GB (81.2%)
2021-10-19T16:08:54.323+0000	[###################.....] benchmark.Twitter	40.0GB/49.1GB (81.4%)
2021-10-19T16:08:57.324+0000	[###################.....] benchmark.Twitter	40.0GB/49.1GB (81.5%)
2021-10-19T16:09:00.323+0000	[###################.....] benchmark.Twitter	40.1GB/49.1GB (81.6%)
2021-10-19T16:09:03.324+0000	[###################.....] benchmark.Twitter	40.2GB/49.1GB (81.7%)
2021-10-19T16:09:06.323+0000	[###################.....] benchmark.Twitter	40.2GB/49.1GB (81.9%)
2021-10-19T16:09:09.323+0000	[###################.....] benchmark.Twitter	40.3GB/49.1GB (82.0%)
2021-10-19T16:09:12.323+0000	[###################.....] benchmark.Twitter	40.4GB/49.1GB (82.1%)
2021-10-19T16:09:15.323+0000	[###################.....] benchmark.Twitter	40.4GB/49.1GB (82.3%)
2021-10-19T16:09:18.323+0000	[###################.....] benchmark.Twitter	40.5GB/49.1GB (82.4%)
2021-10-19T16:09:21.324+0000	[###################.....] benchmark.Twitter	40.5GB/49.1GB (82.5%)
2021-10-19T16:09:24.323+0000	[###################.....] benchmark.Twitter	40.6GB/49.1GB (82.7%)
2021-10-19T16:09:27.323+0000	[###################.....] benchmark.Twitter	40.7GB/49.1GB (82.8%)
2021-10-19T16:09:30.324+0000	[###################.....] benchmark.Twitter	40.7GB/49.1GB (82.9%)
2021-10-19T16:09:33.324+0000	[###################.....] benchmark.Twitter	40.8GB/49.1GB (83.0%)
2021-10-19T16:09:36.323+0000	[###################.....] benchmark.Twitter	40.9GB/49.1GB (83.2%)
2021-10-19T16:09:39.324+0000	[###################.....] benchmark.Twitter	40.9GB/49.1GB (83.3%)
2021-10-19T16:09:42.323+0000	[####################....] benchmark.Twitter	41.0GB/49.1GB (83.4%)
2021-10-19T16:09:45.324+0000	[####################....] benchmark.Twitter	41.0GB/49.1GB (83.5%)
2021-10-19T16:09:48.324+0000	[####################....] benchmark.Twitter	41.1GB/49.1GB (83.7%)
2021-10-19T16:09:51.324+0000	[####################....] benchmark.Twitter	41.2GB/49.1GB (83.8%)
2021-10-19T16:09:54.323+0000	[####################....] benchmark.Twitter	41.2GB/49.1GB (83.9%)
2021-10-19T16:09:57.323+0000	[####################....] benchmark.Twitter	41.3GB/49.1GB (84.1%)
2021-10-19T16:10:00.323+0000	[####################....] benchmark.Twitter	41.4GB/49.1GB (84.2%)
2021-10-19T16:10:03.323+0000	[####################....] benchmark.Twitter	41.4GB/49.1GB (84.3%)
2021-10-19T16:10:06.324+0000	[####################....] benchmark.Twitter	41.5GB/49.1GB (84.4%)
2021-10-19T16:10:09.323+0000	[####################....] benchmark.Twitter	41.5GB/49.1GB (84.5%)
2021-10-19T16:10:12.323+0000	[####################....] benchmark.Twitter	41.6GB/49.1GB (84.7%)
2021-10-19T16:10:15.323+0000	[####################....] benchmark.Twitter	41.6GB/49.1GB (84.8%)
2021-10-19T16:10:18.323+0000	[####################....] benchmark.Twitter	41.7GB/49.1GB (84.9%)
2021-10-19T16:10:21.324+0000	[####################....] benchmark.Twitter	41.8GB/49.1GB (85.0%)
2021-10-19T16:10:24.323+0000	[####################....] benchmark.Twitter	41.8GB/49.1GB (85.1%)
2021-10-19T16:10:27.323+0000	[####################....] benchmark.Twitter	41.9GB/49.1GB (85.3%)
2021-10-19T16:10:30.324+0000	[####################....] benchmark.Twitter	42.0GB/49.1GB (85.4%)
2021-10-19T16:10:33.323+0000	[####################....] benchmark.Twitter	42.0GB/49.1GB (85.5%)
2021-10-19T16:10:36.323+0000	[####################....] benchmark.Twitter	42.1GB/49.1GB (85.7%)
2021-10-19T16:10:39.323+0000	[####################....] benchmark.Twitter	42.1GB/49.1GB (85.8%)
2021-10-19T16:10:42.323+0000	[####################....] benchmark.Twitter	42.2GB/49.1GB (85.9%)
2021-10-19T16:10:45.323+0000	[####################....] benchmark.Twitter	42.3GB/49.1GB (86.0%)
2021-10-19T16:10:48.323+0000	[####################....] benchmark.Twitter	42.3GB/49.1GB (86.2%)
2021-10-19T16:10:51.324+0000	[####################....] benchmark.Twitter	42.4GB/49.1GB (86.3%)
2021-10-19T16:10:54.324+0000	[####################....] benchmark.Twitter	42.5GB/49.1GB (86.4%)
2021-10-19T16:10:57.324+0000	[####################....] benchmark.Twitter	42.5GB/49.1GB (86.6%)
2021-10-19T16:11:00.324+0000	[####################....] benchmark.Twitter	42.6GB/49.1GB (86.7%)
2021-10-19T16:11:03.323+0000	[####################....] benchmark.Twitter	42.7GB/49.1GB (86.8%)
2021-10-19T16:11:06.324+0000	[####################....] benchmark.Twitter	42.7GB/49.1GB (87.0%)
2021-10-19T16:11:09.323+0000	[####################....] benchmark.Twitter	42.8GB/49.1GB (87.1%)
2021-10-19T16:11:12.323+0000	[####################....] benchmark.Twitter	42.9GB/49.1GB (87.2%)
2021-10-19T16:11:15.323+0000	[####################....] benchmark.Twitter	42.9GB/49.1GB (87.4%)
2021-10-19T16:11:18.324+0000	[####################....] benchmark.Twitter	43.0GB/49.1GB (87.5%)
2021-10-19T16:11:21.323+0000	[#####################...] benchmark.Twitter	43.0GB/49.1GB (87.6%)
2021-10-19T16:11:24.323+0000	[#####################...] benchmark.Twitter	43.1GB/49.1GB (87.7%)
2021-10-19T16:11:27.324+0000	[#####################...] benchmark.Twitter	43.2GB/49.1GB (87.9%)
2021-10-19T16:11:30.324+0000	[#####################...] benchmark.Twitter	43.2GB/49.1GB (88.0%)
2021-10-19T16:11:33.324+0000	[#####################...] benchmark.Twitter	43.3GB/49.1GB (88.1%)
2021-10-19T16:11:36.323+0000	[#####################...] benchmark.Twitter	43.4GB/49.1GB (88.3%)
2021-10-19T16:11:39.323+0000	[#####################...] benchmark.Twitter	43.4GB/49.1GB (88.4%)
2021-10-19T16:11:42.323+0000	[#####################...] benchmark.Twitter	43.5GB/49.1GB (88.5%)
2021-10-19T16:11:45.323+0000	[#####################...] benchmark.Twitter	43.6GB/49.1GB (88.7%)
2021-10-19T16:11:48.323+0000	[#####################...] benchmark.Twitter	43.6GB/49.1GB (88.8%)
2021-10-19T16:11:51.323+0000	[#####################...] benchmark.Twitter	43.7GB/49.1GB (88.9%)
2021-10-19T16:11:54.324+0000	[#####################...] benchmark.Twitter	43.8GB/49.1GB (89.1%)
2021-10-19T16:11:57.324+0000	[#####################...] benchmark.Twitter	43.8GB/49.1GB (89.2%)
2021-10-19T16:12:00.323+0000	[#####################...] benchmark.Twitter	43.9GB/49.1GB (89.3%)
2021-10-19T16:12:03.324+0000	[#####################...] benchmark.Twitter	43.9GB/49.1GB (89.4%)
2021-10-19T16:12:06.324+0000	[#####################...] benchmark.Twitter	44.0GB/49.1GB (89.5%)
2021-10-19T16:12:09.323+0000	[#####################...] benchmark.Twitter	44.0GB/49.1GB (89.6%)
2021-10-19T16:12:12.323+0000	[#####################...] benchmark.Twitter	44.1GB/49.1GB (89.7%)
2021-10-19T16:12:15.323+0000	[#####################...] benchmark.Twitter	44.1GB/49.1GB (89.9%)
2021-10-19T16:12:18.323+0000	[#####################...] benchmark.Twitter	44.2GB/49.1GB (90.0%)
2021-10-19T16:12:21.324+0000	[#####################...] benchmark.Twitter	44.3GB/49.1GB (90.1%)
2021-10-19T16:12:24.324+0000	[#####################...] benchmark.Twitter	44.3GB/49.1GB (90.2%)
2021-10-19T16:12:27.323+0000	[#####################...] benchmark.Twitter	44.4GB/49.1GB (90.3%)
2021-10-19T16:12:30.323+0000	[#####################...] benchmark.Twitter	44.4GB/49.1GB (90.5%)
2021-10-19T16:12:33.323+0000	[#####################...] benchmark.Twitter	44.5GB/49.1GB (90.6%)
2021-10-19T16:12:36.323+0000	[#####################...] benchmark.Twitter	44.6GB/49.1GB (90.7%)
2021-10-19T16:12:39.324+0000	[#####################...] benchmark.Twitter	44.6GB/49.1GB (90.8%)
2021-10-19T16:12:42.324+0000	[#####################...] benchmark.Twitter	44.7GB/49.1GB (91.0%)
2021-10-19T16:12:45.323+0000	[#####################...] benchmark.Twitter	44.8GB/49.1GB (91.1%)
2021-10-19T16:12:48.323+0000	[#####################...] benchmark.Twitter	44.8GB/49.1GB (91.2%)
2021-10-19T16:12:51.323+0000	[#####################...] benchmark.Twitter	44.9GB/49.1GB (91.4%)
2021-10-19T16:12:54.323+0000	[#####################...] benchmark.Twitter	45.0GB/49.1GB (91.5%)
2021-10-19T16:12:57.324+0000	[#####################...] benchmark.Twitter	45.0GB/49.1GB (91.6%)
2021-10-19T16:13:00.324+0000	[######################..] benchmark.Twitter	45.1GB/49.1GB (91.8%)
2021-10-19T16:13:03.323+0000	[######################..] benchmark.Twitter	45.2GB/49.1GB (91.9%)
2021-10-19T16:13:06.323+0000	[######################..] benchmark.Twitter	45.2GB/49.1GB (92.0%)
2021-10-19T16:13:09.323+0000	[######################..] benchmark.Twitter	45.3GB/49.1GB (92.2%)
2021-10-19T16:13:12.324+0000	[######################..] benchmark.Twitter	45.4GB/49.1GB (92.3%)
2021-10-19T16:13:15.323+0000	[######################..] benchmark.Twitter	45.4GB/49.1GB (92.4%)
2021-10-19T16:13:18.323+0000	[######################..] benchmark.Twitter	45.5GB/49.1GB (92.6%)
2021-10-19T16:13:21.324+0000	[######################..] benchmark.Twitter	45.5GB/49.1GB (92.7%)
2021-10-19T16:13:24.323+0000	[######################..] benchmark.Twitter	45.6GB/49.1GB (92.8%)
2021-10-19T16:13:27.323+0000	[######################..] benchmark.Twitter	45.7GB/49.1GB (93.0%)
2021-10-19T16:13:30.323+0000	[######################..] benchmark.Twitter	45.7GB/49.1GB (93.1%)
2021-10-19T16:13:33.324+0000	[######################..] benchmark.Twitter	45.8GB/49.1GB (93.2%)
2021-10-19T16:13:36.323+0000	[######################..] benchmark.Twitter	45.9GB/49.1GB (93.3%)
2021-10-19T16:13:39.323+0000	[######################..] benchmark.Twitter	45.9GB/49.1GB (93.5%)
2021-10-19T16:13:42.325+0000	[######################..] benchmark.Twitter	46.0GB/49.1GB (93.6%)
2021-10-19T16:13:45.323+0000	[######################..] benchmark.Twitter	46.0GB/49.1GB (93.7%)
2021-10-19T16:13:48.324+0000	[######################..] benchmark.Twitter	46.1GB/49.1GB (93.9%)
2021-10-19T16:13:51.323+0000	[######################..] benchmark.Twitter	46.2GB/49.1GB (94.0%)
2021-10-19T16:13:54.324+0000	[######################..] benchmark.Twitter	46.2GB/49.1GB (94.1%)
2021-10-19T16:13:57.323+0000	[######################..] benchmark.Twitter	46.3GB/49.1GB (94.3%)
2021-10-19T16:14:00.323+0000	[######################..] benchmark.Twitter	46.4GB/49.1GB (94.4%)
2021-10-19T16:14:03.323+0000	[######################..] benchmark.Twitter	46.4GB/49.1GB (94.5%)
2021-10-19T16:14:06.323+0000	[######################..] benchmark.Twitter	46.5GB/49.1GB (94.6%)
2021-10-19T16:14:09.323+0000	[######################..] benchmark.Twitter	46.6GB/49.1GB (94.8%)
2021-10-19T16:14:12.323+0000	[######################..] benchmark.Twitter	46.6GB/49.1GB (94.9%)
2021-10-19T16:14:15.324+0000	[######################..] benchmark.Twitter	46.7GB/49.1GB (95.0%)
2021-10-19T16:14:18.323+0000	[######################..] benchmark.Twitter	46.8GB/49.1GB (95.2%)
2021-10-19T16:14:21.323+0000	[######################..] benchmark.Twitter	46.8GB/49.1GB (95.3%)
2021-10-19T16:14:24.324+0000	[######################..] benchmark.Twitter	46.9GB/49.1GB (95.4%)
2021-10-19T16:14:27.324+0000	[######################..] benchmark.Twitter	46.9GB/49.1GB (95.5%)
2021-10-19T16:14:30.323+0000	[######################..] benchmark.Twitter	47.0GB/49.1GB (95.6%)
2021-10-19T16:14:33.323+0000	[######################..] benchmark.Twitter	47.0GB/49.1GB (95.8%)
2021-10-19T16:14:36.323+0000	[#######################.] benchmark.Twitter	47.1GB/49.1GB (95.9%)
2021-10-19T16:14:39.324+0000	[#######################.] benchmark.Twitter	47.2GB/49.1GB (96.0%)
2021-10-19T16:14:42.323+0000	[#######################.] benchmark.Twitter	47.2GB/49.1GB (96.1%)
2021-10-19T16:14:45.324+0000	[#######################.] benchmark.Twitter	47.3GB/49.1GB (96.2%)
2021-10-19T16:14:48.324+0000	[#######################.] benchmark.Twitter	47.3GB/49.1GB (96.4%)
2021-10-19T16:14:51.323+0000	[#######################.] benchmark.Twitter	47.4GB/49.1GB (96.5%)
2021-10-19T16:14:54.324+0000	[#######################.] benchmark.Twitter	47.5GB/49.1GB (96.6%)
2021-10-19T16:14:57.323+0000	[#######################.] benchmark.Twitter	47.5GB/49.1GB (96.7%)
2021-10-19T16:15:00.324+0000	[#######################.] benchmark.Twitter	47.6GB/49.1GB (96.9%)
2021-10-19T16:15:03.324+0000	[#######################.] benchmark.Twitter	47.7GB/49.1GB (97.0%)
2021-10-19T16:15:06.324+0000	[#######################.] benchmark.Twitter	47.7GB/49.1GB (97.1%)
2021-10-19T16:15:09.323+0000	[#######################.] benchmark.Twitter	47.8GB/49.1GB (97.3%)
2021-10-19T16:15:12.325+0000	[#######################.] benchmark.Twitter	47.9GB/49.1GB (97.4%)
2021-10-19T16:15:15.323+0000	[#######################.] benchmark.Twitter	47.9GB/49.1GB (97.5%)
2021-10-19T16:15:18.323+0000	[#######################.] benchmark.Twitter	48.0GB/49.1GB (97.7%)
2021-10-19T16:15:21.323+0000	[#######################.] benchmark.Twitter	48.0GB/49.1GB (97.8%)
2021-10-19T16:15:24.323+0000	[#######################.] benchmark.Twitter	48.1GB/49.1GB (97.9%)
2021-10-19T16:15:27.324+0000	[#######################.] benchmark.Twitter	48.2GB/49.1GB (98.0%)
2021-10-19T16:15:30.324+0000	[#######################.] benchmark.Twitter	48.2GB/49.1GB (98.2%)
2021-10-19T16:15:33.323+0000	[#######################.] benchmark.Twitter	48.3GB/49.1GB (98.3%)
2021-10-19T16:15:36.323+0000	[#######################.] benchmark.Twitter	48.4GB/49.1GB (98.4%)
2021-10-19T16:15:39.323+0000	[#######################.] benchmark.Twitter	48.4GB/49.1GB (98.6%)
2021-10-19T16:15:42.323+0000	[#######################.] benchmark.Twitter	48.5GB/49.1GB (98.7%)
2021-10-19T16:15:45.324+0000	[#######################.] benchmark.Twitter	48.5GB/49.1GB (98.8%)
2021-10-19T16:15:48.323+0000	[#######################.] benchmark.Twitter	48.6GB/49.1GB (98.9%)
2021-10-19T16:15:51.323+0000	[#######################.] benchmark.Twitter	48.7GB/49.1GB (99.1%)
2021-10-19T16:15:54.323+0000	[#######################.] benchmark.Twitter	48.7GB/49.1GB (99.2%)
2021-10-19T16:15:57.324+0000	[#######################.] benchmark.Twitter	48.8GB/49.1GB (99.3%)
2021-10-19T16:16:00.324+0000	[#######################.] benchmark.Twitter	48.9GB/49.1GB (99.5%)
2021-10-19T16:16:03.323+0000	[#######################.] benchmark.Twitter	48.9GB/49.1GB (99.6%)
2021-10-19T16:16:06.323+0000	[#######################.] benchmark.Twitter	49.0GB/49.1GB (99.7%)
2021-10-19T16:16:09.324+0000	[#######################.] benchmark.Twitter	49.0GB/49.1GB (99.8%)
2021-10-19T16:16:12.323+0000	[#######################.] benchmark.Twitter	49.1GB/49.1GB (100.0%)
2021-10-19T16:16:12.928+0000	[########################] benchmark.Twitter	49.1GB/49.1GB (100.0%)
2021-10-19T16:16:12.928+0000	13346336 document(s) imported successfully. 0 document(s) failed to import.
mongo-benchmark
MongoDB: 3517.44 s
mongo-benchmark
=== Found Postgres query file, executing Postgres queries ===
= File:'Twitter.json' =
13.4-alpine: Pulling from library/postgres
Digest: sha256:e9e481c3b0960e6acdd0d1202938617b9075d20f477765b531846671b7e624f2
Status: Image is up to date for postgres:13.4-alpine
acc17b23d2866be548d1fb37b8d9456be3d8d7b4bfbbe40bba58a73cb7ebd358
3
PSQL: 8503.65 s
psql-benchmark
=== Results ===
= JQ =
Overall: 
= JODA =
Overall: 141.094
Query Time: 66.7031
10.186573027
9.725191287
6.206292454
5.519772348
5.354261489
5.519172158
5.703744844
5.094214092
6.24682037
7.147019851
= Mongo =
Overall: 3517.44
187.387
158.848
162.839
174.131
66.023
73.86
83.94
83.528
83.668
86.072
Query Time: 1160.3
= PostgreSQL =
Overall: 8503.65
=== AGG Results ===
= JQ =

= JODA =
13346336
5073309
1985718
1423329
1253365
4467128
970479
434583
226865
79126
56933
= Mongo =
5073309
1985718
1423329
1253365
4467128
970479
434583
226865
79126
56933
= PostgreSQL =
 5073309
 1985718
 1423329
 1253365
 4456547
 959898
 424002
 216709
 68970
 48900
