=== Found JODA query file, executing JODA queries ===
= File:'Twitter.json' =
0.12.4: Pulling from nicotin/joda
Digest: sha256:b253680f2c5ee1118e2c282e0c4ebff5cb6e87643fb98abcf1e686caaa35152a
Status: Image is up to date for nicotin/joda:0.12.4
57a13ce627c404b48084f2ab40254b49296b1e3b25a787e5c62b9fc688eca58e
0
JODA: 83.8424 s
joda-benchmark
=== Results ===
= JQ =
Overall: 
= JODA =
Overall: 83.8424
Query Time: 14.2098
4.721787794
3.120213493
1.551900883
0.757315776
0.885756021
0.980412967
1.387506194
0.34123164
0.333045814
0.130677241
= Mongo =
Overall: 

Query Time: 
= PostgreSQL =
Overall: 
=== AGG Results ===
= JQ =

= JODA =
13346336
10691615
11361303
8706582
3088276
2868722
5073309
2969135
2005464
357689
314692
= Mongo =

= PostgreSQL =

