The files belonging to this database system will be owned by user "postgres".
This user must also own the server process.

The database cluster will be initialized with locale "en_US.utf8".
The default database encoding has accordingly been set to "UTF8".
The default text search configuration will be set to "english".

Data page checksums are disabled.

fixing permissions on existing directory /var/lib/postgresql/data ... ok
creating subdirectories ... ok
selecting dynamic shared memory implementation ... posix
selecting default max_connections ... 100
selecting default shared_buffers ... 128MB
selecting default time zone ... UTC
creating configuration files ... ok
running bootstrap script ... ok
sh: locale: not found
2021-11-09 21:42:31.016 UTC [30] WARNING:  no usable system locales were found
performing post-bootstrap initialization ... ok
syncing data to disk ... ok


Success. You can now start the database server using:

    pg_ctl -D /var/lib/postgresql/data -l logfile start

initdb: warning: enabling "trust" authentication for local connections
You can change this by editing pg_hba.conf or using the option -A, or
--auth-local and --auth-host, the next time you run initdb.
waiting for server to start....2021-11-09 21:42:31.774 UTC [36] LOG:  starting PostgreSQL 13.4 on x86_64-pc-linux-musl, compiled by gcc (Alpine 10.3.1_git20210424) 10.3.1 20210424, 64-bit
2021-11-09 21:42:31.802 UTC [36] LOG:  listening on Unix socket "/var/run/postgresql/.s.PGSQL.5432"
2021-11-09 21:42:31.805 UTC [37] LOG:  database system was shut down at 2021-11-09 21:42:31 UTC
2021-11-09 21:42:31.808 UTC [36] LOG:  database system is ready to accept connections
 done
server started
2021-11-09 21:42:31.876 UTC [46] LOG:  statement: SELECT 1 FROM pg_database WHERE datname = 'postgres' ;
2021-11-09 21:42:31.878 UTC [46] LOG:  duration: 2.734 ms

/usr/local/bin/docker-entrypoint.sh: running /docker-entrypoint-initdb.d/1-benchmark.sql
2021-11-09 21:42:31.889 UTC [48] LOG:  statement: CREATE UNLOGGED TABLE NoBench (doc jsonb);
2021-11-09 21:42:31.896 UTC [48] LOG:  duration: 7.355 ms
CREATE TABLE
2021-11-09 21:42:31.896 UTC [48] LOG:  statement: COPY NoBench (doc) from program 'sed -e ''s/\\/\\\\/g'' /dataset/NoBench.json';
2021-11-09 21:42:32.237 UTC [48] LOG:  duration: 340.960 ms
COPY 10000
2021-11-09 21:42:32.238 UTC [48] LOG:  statement: SELECT COUNT(*) FROM NoBench WHERE ( ( ( jsonb_path_exists(doc,'$.sparse_974.type() ? (@ == "string")') OR jsonb_path_exists(doc,'$.sparse_867 ? (@ starts with "GBRDA=")') ) OR jsonb_path_exists(doc,'$.sparse_371') ) OR jsonb_path_exists(doc,'$.dyn2 ? (@ >= 1704.876497)') ) ;
2021-11-09 21:42:32.270 UTC [48] LOG:  duration: 32.556 ms
 count 
-------
  2917
(1 row)

2021-11-09 21:42:32.270 UTC [48] LOG:  statement: SELECT COUNT(*) FROM NoBench WHERE ( ( ( ( ( jsonb_path_exists(doc,'$.str1 ? (@ starts with "GBRDCMB")') OR jsonb_path_exists(doc,'$.str1 ? (@ starts with "GBRDCMJR")') ) OR jsonb_path_exists(doc,'$.str1 ? (@ starts with "GBRDC=")') ) OR jsonb_path_exists(doc,'$.sparse_852 ? (@ starts with "GBRDC")') ) OR jsonb_path_exists(doc,'$.sparse_757') ) OR jsonb_path_exists(doc,'$.sparse_491') ) ;
2021-11-09 21:42:32.290 UTC [48] LOG:  duration: 19.157 ms
 count 
-------
  8011
(1 row)

2021-11-09 21:42:32.290 UTC [48] LOG:  statement: SELECT COUNT(*) FROM NoBench WHERE ( ( ( ( ( ( jsonb_path_exists(doc,'$.str1 ? (@ starts with "GBRDCMB")') OR jsonb_path_exists(doc,'$.str1 ? (@ starts with "GBRDCMJR")') ) OR jsonb_path_exists(doc,'$.str1 ? (@ starts with "GBRDC=")') ) OR jsonb_path_exists(doc,'$.sparse_852 ? (@ starts with "GBRDC")') ) OR jsonb_path_exists(doc,'$.sparse_757') ) OR jsonb_path_exists(doc,'$.sparse_491') ) AND ( ( ( ( jsonb_path_exists(doc,'$.sparse_783 ? (@ starts with "GBRDCM")') AND jsonb_path_exists(doc,'$.sparse_783 ? (@ starts with "GBRDC")') ) OR jsonb_path_exists(doc,'$.sparse_320') ) OR jsonb_path_exists(doc,'$.sparse_494 ? (@ starts with "GBRDC")') ) OR jsonb_path_exists(doc,'$.nested_obj.num ? (@ >= 6517.423246)') ) ) ;
2021-11-09 21:42:32.320 UTC [48] LOG:  duration: 29.930 ms
 count 
-------
  2893
(1 row)

2021-11-09 21:42:32.320 UTC [48] LOG:  statement: SELECT COUNT(*) FROM NoBench WHERE ( ( ( ( ( ( jsonb_path_exists(doc,'$.str1 ? (@ starts with "GBRDCMB")') OR jsonb_path_exists(doc,'$.str1 ? (@ starts with "GBRDCMJR")') ) OR jsonb_path_exists(doc,'$.str1 ? (@ starts with "GBRDC=")') ) OR jsonb_path_exists(doc,'$.sparse_852 ? (@ starts with "GBRDC")') ) OR jsonb_path_exists(doc,'$.sparse_757') ) OR jsonb_path_exists(doc,'$.sparse_491') ) AND ( ( ( jsonb_path_exists(doc,'$.sparse_051.type() ? (@ == "string")') OR jsonb_path_exists(doc,'$.sparse_375.type() ? (@ == "string")') ) OR jsonb_path_exists(doc,'$.sparse_223') ) OR jsonb_path_exists(doc,'$.bool ? (@ == true)') ) ) ;
2021-11-09 21:42:32.346 UTC [48] LOG:  duration: 25.888 ms
 count 
-------
  4117
(1 row)

2021-11-09 21:42:32.346 UTC [48] LOG:  statement: SELECT COUNT(*) FROM NoBench WHERE ( ( ( ( ( ( ( jsonb_path_exists(doc,'$.str1 ? (@ starts with "GBRDCMB")') OR jsonb_path_exists(doc,'$.str1 ? (@ starts with "GBRDCMJR")') ) OR jsonb_path_exists(doc,'$.str1 ? (@ starts with "GBRDC=")') ) OR jsonb_path_exists(doc,'$.sparse_852 ? (@ starts with "GBRDC")') ) OR jsonb_path_exists(doc,'$.sparse_757') ) OR jsonb_path_exists(doc,'$.sparse_491') ) AND ( ( ( jsonb_path_exists(doc,'$.sparse_051.type() ? (@ == "string")') OR jsonb_path_exists(doc,'$.sparse_375.type() ? (@ == "string")') ) OR jsonb_path_exists(doc,'$.sparse_223') ) OR jsonb_path_exists(doc,'$.bool ? (@ == true)') ) ) AND ( ( ( jsonb_path_exists(doc,'$.sparse_218') OR jsonb_path_exists(doc,'$.sparse_878.type() ? (@ == "string")') ) OR jsonb_path_exists(doc,'$.sparse_037.type() ? (@ == "string")') ) OR ( ( jsonb_path_exists(doc,'$.str1 ? (@ starts with "GBRDCMBR")') OR jsonb_path_exists(doc,'$.str1 ? (@ starts with "GBRDCMJQG")') ) OR jsonb_path_exists(doc,'$.str1 ? (@ starts with "GBRDC==")') ) ) ) ;
2021-11-09 21:42:32.380 UTC [48] LOG:  duration: 33.546 ms
 count 
-------
  1283
(1 row)

2021-11-09 21:42:32.380 UTC [48] LOG:  statement: SELECT COUNT(*) FROM NoBench WHERE ( ( ( jsonb_path_exists(doc,'$.sparse_127.type() ? (@ == "string")') OR jsonb_path_exists(doc,'$.sparse_673 ? (@ starts with "GBRDCM")') ) OR jsonb_path_exists(doc,'$.sparse_672 ? (@ starts with "GBRDCMB")') ) OR jsonb_path_exists(doc,'$.dyn1 ? (@ <= 5165.166293)') ) ;
2021-11-09 21:42:32.398 UTC [48] LOG:  duration: 18.126 ms
 count 
-------
  4994
(1 row)

2021-11-09 21:42:32.399 UTC [48] LOG:  statement: SELECT COUNT(*) FROM NoBench WHERE ( ( ( ( ( ( ( ( jsonb_path_exists(doc,'$.str1 ? (@ starts with "GBRDCMB")') OR jsonb_path_exists(doc,'$.str1 ? (@ starts with "GBRDCMJR")') ) OR jsonb_path_exists(doc,'$.str1 ? (@ starts with "GBRDC=")') ) OR jsonb_path_exists(doc,'$.sparse_852 ? (@ starts with "GBRDC")') ) OR jsonb_path_exists(doc,'$.sparse_757') ) OR jsonb_path_exists(doc,'$.sparse_491') ) AND ( ( ( jsonb_path_exists(doc,'$.sparse_051.type() ? (@ == "string")') OR jsonb_path_exists(doc,'$.sparse_375.type() ? (@ == "string")') ) OR jsonb_path_exists(doc,'$.sparse_223') ) OR jsonb_path_exists(doc,'$.bool ? (@ == true)') ) ) AND ( ( ( jsonb_path_exists(doc,'$.sparse_218') OR jsonb_path_exists(doc,'$.sparse_878.type() ? (@ == "string")') ) OR jsonb_path_exists(doc,'$.sparse_037.type() ? (@ == "string")') ) OR ( ( jsonb_path_exists(doc,'$.str1 ? (@ starts with "GBRDCMBR")') OR jsonb_path_exists(doc,'$.str1 ? (@ starts with "GBRDCMJQG")') ) OR jsonb_path_exists(doc,'$.str1 ? (@ starts with "GBRDC==")') ) ) ) AND ( jsonb_path_exists(doc,'$.str2 ? (@ starts with "GBRDCMJRG")') OR jsonb_path_exists(doc,'$.str2 ? (@ starts with "GBRDCMJQGA")') ) ) ;
2021-11-09 21:42:32.421 UTC [48] LOG:  duration: 22.816 ms
 count 
-------
   627
(1 row)

2021-11-09 21:42:32.422 UTC [48] LOG:  statement: SELECT COUNT(*) FROM NoBench WHERE ( ( ( ( ( ( ( ( ( jsonb_path_exists(doc,'$.str1 ? (@ starts with "GBRDCMB")') OR jsonb_path_exists(doc,'$.str1 ? (@ starts with "GBRDCMJR")') ) OR jsonb_path_exists(doc,'$.str1 ? (@ starts with "GBRDC=")') ) OR jsonb_path_exists(doc,'$.sparse_852 ? (@ starts with "GBRDC")') ) OR jsonb_path_exists(doc,'$.sparse_757') ) OR jsonb_path_exists(doc,'$.sparse_491') ) AND ( ( ( jsonb_path_exists(doc,'$.sparse_051.type() ? (@ == "string")') OR jsonb_path_exists(doc,'$.sparse_375.type() ? (@ == "string")') ) OR jsonb_path_exists(doc,'$.sparse_223') ) OR jsonb_path_exists(doc,'$.bool ? (@ == true)') ) ) AND ( ( ( jsonb_path_exists(doc,'$.sparse_218') OR jsonb_path_exists(doc,'$.sparse_878.type() ? (@ == "string")') ) OR jsonb_path_exists(doc,'$.sparse_037.type() ? (@ == "string")') ) OR ( ( jsonb_path_exists(doc,'$.str1 ? (@ starts with "GBRDCMBR")') OR jsonb_path_exists(doc,'$.str1 ? (@ starts with "GBRDCMJQG")') ) OR jsonb_path_exists(doc,'$.str1 ? (@ starts with "GBRDC==")') ) ) ) AND ( jsonb_path_exists(doc,'$.str2 ? (@ starts with "GBRDCMJRG")') OR jsonb_path_exists(doc,'$.str2 ? (@ starts with "GBRDCMJQGA")') ) ) AND jsonb_path_exists(doc,'$.str2 ? (@ starts with "GBRDCMJRGA")') ) ;
2021-11-09 21:42:32.434 UTC [48] LOG:  duration: 12.033 ms
 count 
-------
   142
(1 row)

2021-11-09 21:42:32.434 UTC [48] LOG:  statement: SELECT COUNT(*) FROM NoBench WHERE ( ( ( ( ( ( ( ( ( ( jsonb_path_exists(doc,'$.str1 ? (@ starts with "GBRDCMB")') OR jsonb_path_exists(doc,'$.str1 ? (@ starts with "GBRDCMJR")') ) OR jsonb_path_exists(doc,'$.str1 ? (@ starts with "GBRDC=")') ) OR jsonb_path_exists(doc,'$.sparse_852 ? (@ starts with "GBRDC")') ) OR jsonb_path_exists(doc,'$.sparse_757') ) OR jsonb_path_exists(doc,'$.sparse_491') ) AND ( ( ( jsonb_path_exists(doc,'$.sparse_051.type() ? (@ == "string")') OR jsonb_path_exists(doc,'$.sparse_375.type() ? (@ == "string")') ) OR jsonb_path_exists(doc,'$.sparse_223') ) OR jsonb_path_exists(doc,'$.bool ? (@ == true)') ) ) AND ( ( ( jsonb_path_exists(doc,'$.sparse_218') OR jsonb_path_exists(doc,'$.sparse_878.type() ? (@ == "string")') ) OR jsonb_path_exists(doc,'$.sparse_037.type() ? (@ == "string")') ) OR ( ( jsonb_path_exists(doc,'$.str1 ? (@ starts with "GBRDCMBR")') OR jsonb_path_exists(doc,'$.str1 ? (@ starts with "GBRDCMJQG")') ) OR jsonb_path_exists(doc,'$.str1 ? (@ starts with "GBRDC==")') ) ) ) AND ( jsonb_path_exists(doc,'$.str2 ? (@ starts with "GBRDCMJRG")') OR jsonb_path_exists(doc,'$.str2 ? (@ starts with "GBRDCMJQGA")') ) ) AND jsonb_path_exists(doc,'$.str2 ? (@ starts with "GBRDCMJRGA")') ) AND ( ( jsonb_path_exists(doc,'$.sparse_419') OR jsonb_path_exists(doc,'$.sparse_632 ? (@ starts with "GBRDC==")') ) OR jsonb_path_exists(doc,'$.dyn2.type() ? (@ == "string")') ) ) ;
2021-11-09 21:42:32.445 UTC [48] LOG:  duration: 11.544 ms
 count 
-------
    49
(1 row)

2021-11-09 21:42:32.446 UTC [48] LOG:  statement: SELECT COUNT(*) FROM NoBench WHERE ( ( ( ( ( ( ( ( ( ( ( jsonb_path_exists(doc,'$.str1 ? (@ starts with "GBRDCMB")') OR jsonb_path_exists(doc,'$.str1 ? (@ starts with "GBRDCMJR")') ) OR jsonb_path_exists(doc,'$.str1 ? (@ starts with "GBRDC=")') ) OR jsonb_path_exists(doc,'$.sparse_852 ? (@ starts with "GBRDC")') ) OR jsonb_path_exists(doc,'$.sparse_757') ) OR jsonb_path_exists(doc,'$.sparse_491') ) AND ( ( ( jsonb_path_exists(doc,'$.sparse_051.type() ? (@ == "string")') OR jsonb_path_exists(doc,'$.sparse_375.type() ? (@ == "string")') ) OR jsonb_path_exists(doc,'$.sparse_223') ) OR jsonb_path_exists(doc,'$.bool ? (@ == true)') ) ) AND ( ( ( jsonb_path_exists(doc,'$.sparse_218') OR jsonb_path_exists(doc,'$.sparse_878.type() ? (@ == "string")') ) OR jsonb_path_exists(doc,'$.sparse_037.type() ? (@ == "string")') ) OR ( ( jsonb_path_exists(doc,'$.str1 ? (@ starts with "GBRDCMBR")') OR jsonb_path_exists(doc,'$.str1 ? (@ starts with "GBRDCMJQG")') ) OR jsonb_path_exists(doc,'$.str1 ? (@ starts with "GBRDC==")') ) ) ) AND ( jsonb_path_exists(doc,'$.str2 ? (@ starts with "GBRDCMJRG")') OR jsonb_path_exists(doc,'$.str2 ? (@ starts with "GBRDCMJQGA")') ) ) AND jsonb_path_exists(doc,'$.str2 ? (@ starts with "GBRDCMJRGA")') ) AND ( ( jsonb_path_exists(doc,'$.sparse_419') OR jsonb_path_exists(doc,'$.sparse_632 ? (@ starts with "GBRDC==")') ) OR jsonb_path_exists(doc,'$.dyn2.type() ? (@ == "string")') ) ) AND ( ( jsonb_path_exists(doc,'$.sparse_294') OR jsonb_path_exists(doc,'$.sparse_111') ) OR jsonb_path_exists(doc,'$.nested_obj.num ? (@ <= 3764.139065)') ) ) ;
2021-11-09 21:42:32.457 UTC [48] LOG:  duration: 11.541 ms
 count 
-------
    23
(1 row)

2021-11-09 21:42:32.457 UTC [48] LOG:  statement: SELECT * FROM nonexistingsopostgresstops;
2021-11-09 21:42:32.458 UTC [48] ERROR:  relation "nonexistingsopostgresstops" does not exist at character 15
2021-11-09 21:42:32.458 UTC [48] STATEMENT:  SELECT * FROM nonexistingsopostgresstops;
psql:/docker-entrypoint-initdb.d/1-benchmark.sql:14: ERROR:  relation "nonexistingsopostgresstops" does not exist
LINE 1: SELECT * FROM nonexistingsopostgresstops;
                      ^
