=== Found JODA query file, executing JODA queries ===
= File:'Twitter.json' =
0.12.4: Pulling from nicotin/joda
Digest: sha256:b253680f2c5ee1118e2c282e0c4ebff5cb6e87643fb98abcf1e686caaa35152a
Status: Image is up to date for nicotin/joda:0.12.4
fd901b02a00de8bb88b799dad00d17ab3aabda1d888e12dba82eb2ed17d75f21
0
JODA: 66.3417 s
joda-benchmark
=== Results ===
= JQ =
Overall: 
= JODA =
Overall: 66.3417
Query Time: 9.72356
6.388808349
2.011938856
0.374588868
0.023912644
0.829114177
0.022002183
0.022684654
0.017461813
0.016368652
0.016675879
= Mongo =
Overall: 

Query Time: 
= PostgreSQL =
Overall: 
=== AGG Results ===
= JQ =

= JODA =
13346336
5073309
2880550
0
0
4235201
0
0
0
0
0
= Mongo =

= PostgreSQL =

