=== Found JODA query file, executing JODA queries ===
= File:'Twitter.json' =
0.12.4: Pulling from nicotin/joda
Digest: sha256:b253680f2c5ee1118e2c282e0c4ebff5cb6e87643fb98abcf1e686caaa35152a
Status: Image is up to date for nicotin/joda:0.12.4
d3eb2e29a2392b76f279cdbe622d49b4ddcf4a768f501cf67d3ed34b6db8a4f6
0
JODA: 75.7027 s
joda-benchmark
=== Results ===
= JQ =
Overall: 
= JODA =
Overall: 75.7027
Query Time: 12.9883
5.609459901
1.176621962
0.917200955
1.301446382
1.375198772
0.572683294
0.521671478
0.29156397
0.958278594
0.264208252
= Mongo =
Overall: 

Query Time: 
= PostgreSQL =
Overall: 
=== AGG Results ===
= JQ =

= JODA =
13346336
4717199
3001696
1817967
5073309
10691615
2299725
2011657
1649430
4545319
1064328
= Mongo =

= PostgreSQL =

