=== Found JODA query file, executing JODA queries ===
= File:'Twitter.json' =
0.12.4: Pulling from nicotin/joda
Digest: sha256:b253680f2c5ee1118e2c282e0c4ebff5cb6e87643fb98abcf1e686caaa35152a
Status: Image is up to date for nicotin/joda:0.12.4
1991e39a7d0aa05d456d2815030170e2740b7c69c27bed92e4e131190e9dfc80
0
JODA: 76.384 s
joda-benchmark
=== Results ===
= JQ =
Overall: 
= JODA =
Overall: 76.384
Query Time: 14.1367
5.512671654
0.922741261
1.545724761
0.425321553
1.525434658
1.796191315
1.322228277
0.60308756
0.317289899
0.165960766
= Mongo =
Overall: 

Query Time: 
= PostgreSQL =
Overall: 
=== AGG Results ===
= JQ =

= JODA =
13346336
5073309
2265611
2254327
1687016
5073309
10691615
5073309
2005464
1749509
340893
= Mongo =

= PostgreSQL =

