=== Found JODA query file, executing JODA queries ===
= File:'Twitter.json' =
0.12.4: Pulling from nicotin/joda
Digest: sha256:b253680f2c5ee1118e2c282e0c4ebff5cb6e87643fb98abcf1e686caaa35152a
Status: Image is up to date for nicotin/joda:0.12.4
a700bafdc17fc2881079473ef36f3f322f3855cd839d39b8e14f1f46f09be1f7
0
JODA: 75.1616 s
joda-benchmark
=== Results ===
= JQ =
Overall: 
= JODA =
Overall: 75.1616
Query Time: 13.8492
6.72576194
1.332500512
0.667265206
1.469353162
1.104261864
0.895406275
0.524850763
0.504187429
0.389563411
0.236064335
= Mongo =
Overall: 

Query Time: 
= PostgreSQL =
Overall: 
=== AGG Results ===
= JQ =

= JODA =
13346336
5073309
5073309
1238937
4732128
4119327
2788241
2285066
1956548
1455404
1078402
= Mongo =

= PostgreSQL =

