=== Found JODA query file, executing JODA queries ===
= File:'NoBench.json' =
0.12.3: Pulling from nicotin/joda
Digest: sha256:6c0c6b4a19967ae02ef348535acdb3eb8496453a8b868763c34370e10be0192f
Status: Image is up to date for nicotin/joda:0.12.3
b4c4273eafee2d2ce9b939b686e593e61dec0c30a21341896c42dae007618eac
0
JODA: 6.14493 s
joda-benchmark
=== Found MongoDB query file, executing MongoDB queries ===
= File:'NoBench.json' =
5.0.3-focal: Pulling from library/mongo
Digest: sha256:f7c401402aa3e689fc42c7109247ab2d5a3e3b4b8a3ace4c2bf7a5fc74ca4917
Status: Image is up to date for mongo:5.0.3-focal
9575f0d96df1daea52e916e39aee401febb85071a353d2dcd5d83e4089dc573e
2021-11-10T10:42:45.450+0000	connected to: mongodb://localhost/
2021-11-10T10:42:48.450+0000	[........................] benchmark.NoBench	18.3MB/574MB (3.2%)
2021-11-10T10:42:51.454+0000	[#.......................] benchmark.NoBench	31.9MB/574MB (5.6%)
2021-11-10T10:42:54.450+0000	[#.......................] benchmark.NoBench	46.1MB/574MB (8.0%)
2021-11-10T10:42:57.450+0000	[##......................] benchmark.NoBench	59.3MB/574MB (10.3%)
2021-11-10T10:43:00.450+0000	[###.....................] benchmark.NoBench	73.1MB/574MB (12.7%)
2021-11-10T10:43:03.451+0000	[###.....................] benchmark.NoBench	86.3MB/574MB (15.1%)
2021-11-10T10:43:06.451+0000	[####....................] benchmark.NoBench	99.9MB/574MB (17.4%)
2021-11-10T10:43:09.452+0000	[####....................] benchmark.NoBench	113MB/574MB (19.8%)
2021-11-10T10:43:12.451+0000	[#####...................] benchmark.NoBench	127MB/574MB (22.2%)
2021-11-10T10:43:15.450+0000	[#####...................] benchmark.NoBench	141MB/574MB (24.5%)
2021-11-10T10:43:18.462+0000	[######..................] benchmark.NoBench	154MB/574MB (26.9%)
2021-11-10T10:43:21.452+0000	[#######.................] benchmark.NoBench	168MB/574MB (29.3%)
2021-11-10T10:43:24.451+0000	[#######.................] benchmark.NoBench	182MB/574MB (31.7%)
2021-11-10T10:43:27.462+0000	[########................] benchmark.NoBench	196MB/574MB (34.1%)
2021-11-10T10:43:30.450+0000	[########................] benchmark.NoBench	209MB/574MB (36.5%)
2021-11-10T10:43:33.451+0000	[#########...............] benchmark.NoBench	223MB/574MB (38.9%)
2021-11-10T10:43:36.450+0000	[#########...............] benchmark.NoBench	239MB/574MB (41.6%)
2021-11-10T10:43:39.450+0000	[##########..............] benchmark.NoBench	253MB/574MB (44.0%)
2021-11-10T10:43:42.451+0000	[###########.............] benchmark.NoBench	267MB/574MB (46.5%)
2021-11-10T10:43:45.451+0000	[###########.............] benchmark.NoBench	281MB/574MB (49.0%)
2021-11-10T10:43:48.451+0000	[############............] benchmark.NoBench	297MB/574MB (51.8%)
2021-11-10T10:43:51.451+0000	[#############...........] benchmark.NoBench	311MB/574MB (54.3%)
2021-11-10T10:43:54.450+0000	[#############...........] benchmark.NoBench	325MB/574MB (56.7%)
2021-11-10T10:43:57.451+0000	[##############..........] benchmark.NoBench	340MB/574MB (59.2%)
2021-11-10T10:44:00.451+0000	[##############..........] benchmark.NoBench	353MB/574MB (61.6%)
2021-11-10T10:44:03.451+0000	[###############.........] benchmark.NoBench	367MB/574MB (64.0%)
2021-11-10T10:44:06.451+0000	[################........] benchmark.NoBench	383MB/574MB (66.7%)
2021-11-10T10:44:09.450+0000	[################........] benchmark.NoBench	397MB/574MB (69.3%)
2021-11-10T10:44:12.453+0000	[#################.......] benchmark.NoBench	411MB/574MB (71.7%)
2021-11-10T10:44:15.450+0000	[#################.......] benchmark.NoBench	425MB/574MB (74.2%)
2021-11-10T10:44:18.450+0000	[##################......] benchmark.NoBench	441MB/574MB (76.9%)
2021-11-10T10:44:21.450+0000	[###################.....] benchmark.NoBench	456MB/574MB (79.4%)
2021-11-10T10:44:24.459+0000	[###################.....] benchmark.NoBench	471MB/574MB (82.1%)
2021-11-10T10:44:27.451+0000	[####################....] benchmark.NoBench	485MB/574MB (84.6%)
2021-11-10T10:44:30.452+0000	[####################....] benchmark.NoBench	501MB/574MB (87.3%)
2021-11-10T10:44:33.451+0000	[#####################...] benchmark.NoBench	516MB/574MB (90.0%)
2021-11-10T10:44:36.452+0000	[######################..] benchmark.NoBench	530MB/574MB (92.5%)
2021-11-10T10:44:39.451+0000	[######################..] benchmark.NoBench	545MB/574MB (95.0%)
2021-11-10T10:44:42.454+0000	[#######################.] benchmark.NoBench	560MB/574MB (97.6%)
2021-11-10T10:44:45.208+0000	[########################] benchmark.NoBench	574MB/574MB (100.0%)
2021-11-10T10:44:45.208+0000	1000000 document(s) imported successfully. 0 document(s) failed to import.
mongo-benchmark
MongoDB: 163.614 s
mongo-benchmark
=== Found Postgres query file, executing Postgres queries ===
= File:'NoBench.json' =
13.4-alpine: Pulling from library/postgres
Digest: sha256:c170270dc9ba94f491375e366fa2cf46d0bc0027e4a69d70e6e9d1454ba748dc
Status: Image is up to date for postgres:13.4-alpine
832ee0168aabb43eda74443f86dd1f046111aa33f76b6a8b6c59ef65ffa5308b
3
PSQL: 41.157 s
psql-benchmark
=== Results ===
= JQ =
Overall: 
= JODA =
Overall: 6.14493
Query Time: 2.78227
0.237683059
0.19339473
0.296603636
0.236727832
0.315189693
0.178809743
0.333333293
0.356484822
0.302577585
0.331467844
= Mongo =
Overall: 163.614
2.518
4.486
5.259
3.906
5.06
3.134
5.248
5.098
4.005
3.266
Query Time: 41.98
= PostgreSQL =
Overall: 41.157
=== AGG Results ===
= JQ =

= JODA =
1000000
346717
745481
739140
383933
155590
22994
49322
11758
4034
111
= Mongo =
346717
745481
739140
383933
155590
22994
49322
11758
4034
111
= PostgreSQL =
 346717
 745481
 739140
 383933
 155590
 22994
 49322
 11758
  4034
   111
