=== Found JODA query file, executing JODA queries ===
= File:'Twitter.json' =
0.12.4: Pulling from nicotin/joda
Digest: sha256:b253680f2c5ee1118e2c282e0c4ebff5cb6e87643fb98abcf1e686caaa35152a
Status: Image is up to date for nicotin/joda:0.12.4
574b7ebcf4c96a3d6e2c5e48a0f3f3f65029245fd1a7bc9932e2cf59dbd75ece
0
JODA: 84.7675 s
joda-benchmark
=== Results ===
= JQ =
Overall: 
= JODA =
Overall: 84.7675
Query Time: 17.2471
5.337039127
3.743868384
3.282358867
0.843034411
0.572349386
1.049206254
0.550531269
0.501081219
0.522013136
0.845640681
= Mongo =
Overall: 

Query Time: 
= PostgreSQL =
Overall: 
=== AGG Results ===
= JQ =

= JODA =
13346336
10691615
9502932
2576896
5073309
3168864
1532937
4292061
3184666
2801851
5073309
= Mongo =

= PostgreSQL =

