=== Found JODA query file, executing JODA queries ===
= File:'Twitter.json' =
0.12.4: Pulling from nicotin/joda
Digest: sha256:b253680f2c5ee1118e2c282e0c4ebff5cb6e87643fb98abcf1e686caaa35152a
Status: Image is up to date for nicotin/joda:0.12.4
aa3a0ae83cb94986830ae08e20732ff0db441378155c0823869e18620bbaaae1
0
JODA: 88.519 s
joda-benchmark
=== Results ===
= JQ =
Overall: 
= JODA =
Overall: 88.519
Query Time: 17.0196
8.563998905
2.046836354
1.138402835
1.696016133
0.663980227
0.631566108
0.8155295
0.470910508
0.546141294
0.446171546
= Mongo =
Overall: 

Query Time: 
= PostgreSQL =
Overall: 
=== AGG Results ===
= JQ =

= JODA =
13346336
10691615
9205553
6390094
6383140
4368837
2404079
4376017
1971939
3541138
1051033
= Mongo =

= PostgreSQL =

