=== Found JODA query file, executing JODA queries ===
= File:'Twitter.json' =
0.12.4: Pulling from nicotin/joda
Digest: sha256:b253680f2c5ee1118e2c282e0c4ebff5cb6e87643fb98abcf1e686caaa35152a
Status: Image is up to date for nicotin/joda:0.12.4
7b7f60f1e1e2543b494ae135de4e0c13a247be8dfa5aafd0fd3ea71441b15dd4
0
JODA: 79.5444 s
joda-benchmark
=== Results ===
= JQ =
Overall: 
= JODA =
Overall: 79.5444
Query Time: 13.7136
6.276376494
1.240036835
1.10196595
1.369407766
0.979178682
0.988828862
0.437105392
0.74524693
0.442870838
0.132619162
= Mongo =
Overall: 

Query Time: 
= PostgreSQL =
Overall: 
=== AGG Results ===
= JQ =

= JODA =
13346336
5073309
5073309
10691615
5114500
5073309
5406478
1132353
4174936
1436780
314692
= Mongo =

= PostgreSQL =

