=== Found JODA query file, executing JODA queries ===
= File:'Twitter.json' =
0.12.4: Pulling from nicotin/joda
Digest: sha256:b253680f2c5ee1118e2c282e0c4ebff5cb6e87643fb98abcf1e686caaa35152a
Status: Image is up to date for nicotin/joda:0.12.4
eda4444adf160fc8da086125b9d219e8e55f21f053d2ca3fa70e11a536d5e384
0
JODA: 92.5813 s
joda-benchmark
=== Results ===
= JQ =
Overall: 
= JODA =
Overall: 92.5813
Query Time: 19.2094
6.572644441
1.780493278
2.49596535
1.294790573
1.23702557
1.302309132
1.948752794
1.265908954
0.934776131
0.376695137
= Mongo =
Overall: 

Query Time: 
= PostgreSQL =
Overall: 
=== AGG Results ===
= JQ =

= JODA =
13346336
4717199
5073309
10691615
5073309
10691615
10636903
5369265
5060859
5060859
2205234
= Mongo =

= PostgreSQL =

