=== Found JODA query file, executing JODA queries ===
= File:'Twitter.json' =
0.12.4: Pulling from nicotin/joda
Digest: sha256:b253680f2c5ee1118e2c282e0c4ebff5cb6e87643fb98abcf1e686caaa35152a
Status: Image is up to date for nicotin/joda:0.12.4
6407cae9ed673bacb515d2ee2ccec02b23408a0db30f4fdb3e16947331f5a46b
0
JODA: 76.3818 s
joda-benchmark
=== Results ===
= JQ =
Overall: 
= JODA =
Overall: 76.3818
Query Time: 12.8073
5.968274071
1.289155152
0.981485941
1.122194567
1.559639653
0.348885014
0.384297809
0.099904677
0.12042143
0.93301417
= Mongo =
Overall: 

Query Time: 
= PostgreSQL =
Overall: 
=== AGG Results ===
= JQ =

= JODA =
13346336
4717199
3001696
1880902
5073309
10691613
1268016
351511
177940
232842
5073308
= Mongo =

= PostgreSQL =

