=== Found JODA query file, executing JODA queries ===
= File:'Twitter.json' =
0.12.2: Pulling from nicotin/joda
Digest: sha256:f5e9052c3cc1af5f34dcaa9442d46f2baf40a6a1b6fc3a0d59558d49b5ec8fcf
Status: Image is up to date for nicotin/joda:0.12.2
64cadc424653ae90ae6d0e68078449b23b02c8789ea3b9ecf0ad628ae8c65b70
0
JODA: 274.829 s
joda-benchmark
=== Found MongoDB query file, executing MongoDB queries ===
= File:'Twitter.json' =
5.0.3-focal: Pulling from library/mongo
Digest: sha256:f7c401402aa3e689fc42c7109247ab2d5a3e3b4b8a3ace4c2bf7a5fc74ca4917
Status: Image is up to date for mongo:5.0.3-focal
1abbe8ba9adfb50445d59bffaf95d1d2ca4f9a94a4d66664f9bc02658aaf241d
2021-10-28T06:52:46.785+0000	connected to: mongodb://localhost/
2021-10-28T06:52:49.786+0000	[........................] benchmark.Twitter	57.3MB/49.1GB (0.1%)
2021-10-28T06:52:52.785+0000	[........................] benchmark.Twitter	121MB/49.1GB (0.2%)
2021-10-28T06:52:55.785+0000	[........................] benchmark.Twitter	183MB/49.1GB (0.4%)
2021-10-28T06:52:58.786+0000	[........................] benchmark.Twitter	246MB/49.1GB (0.5%)
2021-10-28T06:53:01.787+0000	[........................] benchmark.Twitter	308MB/49.1GB (0.6%)
2021-10-28T06:53:04.786+0000	[........................] benchmark.Twitter	372MB/49.1GB (0.7%)
2021-10-28T06:53:07.788+0000	[........................] benchmark.Twitter	432MB/49.1GB (0.9%)
2021-10-28T06:53:10.785+0000	[........................] benchmark.Twitter	496MB/49.1GB (1.0%)
2021-10-28T06:53:13.787+0000	[........................] benchmark.Twitter	558MB/49.1GB (1.1%)
2021-10-28T06:53:16.785+0000	[........................] benchmark.Twitter	621MB/49.1GB (1.2%)
2021-10-28T06:53:19.786+0000	[........................] benchmark.Twitter	683MB/49.1GB (1.4%)
2021-10-28T06:53:22.786+0000	[........................] benchmark.Twitter	747MB/49.1GB (1.5%)
2021-10-28T06:53:25.787+0000	[........................] benchmark.Twitter	810MB/49.1GB (1.6%)
2021-10-28T06:53:28.785+0000	[........................] benchmark.Twitter	872MB/49.1GB (1.7%)
2021-10-28T06:53:31.786+0000	[........................] benchmark.Twitter	935MB/49.1GB (1.9%)
2021-10-28T06:53:34.786+0000	[........................] benchmark.Twitter	997MB/49.1GB (2.0%)
2021-10-28T06:53:37.786+0000	[........................] benchmark.Twitter	1.03GB/49.1GB (2.1%)
2021-10-28T06:53:40.787+0000	[........................] benchmark.Twitter	1.09GB/49.1GB (2.2%)
2021-10-28T06:53:43.785+0000	[........................] benchmark.Twitter	1.16GB/49.1GB (2.4%)
2021-10-28T06:53:46.786+0000	[........................] benchmark.Twitter	1.22GB/49.1GB (2.5%)
2021-10-28T06:53:49.790+0000	[........................] benchmark.Twitter	1.27GB/49.1GB (2.6%)
2021-10-28T06:53:52.786+0000	[........................] benchmark.Twitter	1.33GB/49.1GB (2.7%)
2021-10-28T06:53:55.786+0000	[........................] benchmark.Twitter	1.39GB/49.1GB (2.8%)
2021-10-28T06:53:58.785+0000	[........................] benchmark.Twitter	1.45GB/49.1GB (2.9%)
2021-10-28T06:54:01.787+0000	[........................] benchmark.Twitter	1.51GB/49.1GB (3.1%)
2021-10-28T06:54:04.785+0000	[........................] benchmark.Twitter	1.57GB/49.1GB (3.2%)
2021-10-28T06:54:07.786+0000	[........................] benchmark.Twitter	1.63GB/49.1GB (3.3%)
2021-10-28T06:54:10.786+0000	[........................] benchmark.Twitter	1.69GB/49.1GB (3.4%)
2021-10-28T06:54:13.786+0000	[........................] benchmark.Twitter	1.75GB/49.1GB (3.6%)
2021-10-28T06:54:16.786+0000	[........................] benchmark.Twitter	1.82GB/49.1GB (3.7%)
2021-10-28T06:54:19.787+0000	[........................] benchmark.Twitter	1.88GB/49.1GB (3.8%)
2021-10-28T06:54:22.786+0000	[........................] benchmark.Twitter	1.94GB/49.1GB (3.9%)
2021-10-28T06:54:25.786+0000	[........................] benchmark.Twitter	2.00GB/49.1GB (4.1%)
2021-10-28T06:54:28.786+0000	[#.......................] benchmark.Twitter	2.06GB/49.1GB (4.2%)
2021-10-28T06:54:31.786+0000	[#.......................] benchmark.Twitter	2.11GB/49.1GB (4.3%)
2021-10-28T06:54:34.786+0000	[#.......................] benchmark.Twitter	2.17GB/49.1GB (4.4%)
2021-10-28T06:54:37.787+0000	[#.......................] benchmark.Twitter	2.22GB/49.1GB (4.5%)
2021-10-28T06:54:40.786+0000	[#.......................] benchmark.Twitter	2.28GB/49.1GB (4.6%)
2021-10-28T06:54:43.785+0000	[#.......................] benchmark.Twitter	2.34GB/49.1GB (4.8%)
2021-10-28T06:54:46.785+0000	[#.......................] benchmark.Twitter	2.40GB/49.1GB (4.9%)
2021-10-28T06:54:49.787+0000	[#.......................] benchmark.Twitter	2.46GB/49.1GB (5.0%)
2021-10-28T06:54:52.786+0000	[#.......................] benchmark.Twitter	2.52GB/49.1GB (5.1%)
2021-10-28T06:54:55.786+0000	[#.......................] benchmark.Twitter	2.58GB/49.1GB (5.2%)
2021-10-28T06:54:58.786+0000	[#.......................] benchmark.Twitter	2.64GB/49.1GB (5.4%)
2021-10-28T06:55:01.785+0000	[#.......................] benchmark.Twitter	2.70GB/49.1GB (5.5%)
2021-10-28T06:55:04.786+0000	[#.......................] benchmark.Twitter	2.76GB/49.1GB (5.6%)
2021-10-28T06:55:07.785+0000	[#.......................] benchmark.Twitter	2.82GB/49.1GB (5.7%)
2021-10-28T06:55:10.788+0000	[#.......................] benchmark.Twitter	2.88GB/49.1GB (5.9%)
2021-10-28T06:55:13.785+0000	[#.......................] benchmark.Twitter	2.94GB/49.1GB (6.0%)
2021-10-28T06:55:16.785+0000	[#.......................] benchmark.Twitter	3.01GB/49.1GB (6.1%)
2021-10-28T06:55:19.785+0000	[#.......................] benchmark.Twitter	3.07GB/49.1GB (6.2%)
2021-10-28T06:55:22.786+0000	[#.......................] benchmark.Twitter	3.13GB/49.1GB (6.4%)
2021-10-28T06:55:25.786+0000	[#.......................] benchmark.Twitter	3.19GB/49.1GB (6.5%)
2021-10-28T06:55:28.786+0000	[#.......................] benchmark.Twitter	3.25GB/49.1GB (6.6%)
2021-10-28T06:55:31.786+0000	[#.......................] benchmark.Twitter	3.31GB/49.1GB (6.7%)
2021-10-28T06:55:34.785+0000	[#.......................] benchmark.Twitter	3.38GB/49.1GB (6.9%)
2021-10-28T06:55:37.786+0000	[#.......................] benchmark.Twitter	3.44GB/49.1GB (7.0%)
2021-10-28T06:55:40.786+0000	[#.......................] benchmark.Twitter	3.50GB/49.1GB (7.1%)
2021-10-28T06:55:43.785+0000	[#.......................] benchmark.Twitter	3.56GB/49.1GB (7.2%)
2021-10-28T06:55:46.786+0000	[#.......................] benchmark.Twitter	3.62GB/49.1GB (7.4%)
2021-10-28T06:55:49.786+0000	[#.......................] benchmark.Twitter	3.68GB/49.1GB (7.5%)
2021-10-28T06:55:52.785+0000	[#.......................] benchmark.Twitter	3.74GB/49.1GB (7.6%)
2021-10-28T06:55:55.785+0000	[#.......................] benchmark.Twitter	3.80GB/49.1GB (7.7%)
2021-10-28T06:55:58.785+0000	[#.......................] benchmark.Twitter	3.85GB/49.1GB (7.8%)
2021-10-28T06:56:01.786+0000	[#.......................] benchmark.Twitter	3.91GB/49.1GB (8.0%)
2021-10-28T06:56:04.786+0000	[#.......................] benchmark.Twitter	3.97GB/49.1GB (8.1%)
2021-10-28T06:56:07.786+0000	[#.......................] benchmark.Twitter	4.04GB/49.1GB (8.2%)
2021-10-28T06:56:10.786+0000	[##......................] benchmark.Twitter	4.10GB/49.1GB (8.3%)
2021-10-28T06:56:13.785+0000	[##......................] benchmark.Twitter	4.16GB/49.1GB (8.5%)
2021-10-28T06:56:16.788+0000	[##......................] benchmark.Twitter	4.22GB/49.1GB (8.6%)
2021-10-28T06:56:19.786+0000	[##......................] benchmark.Twitter	4.28GB/49.1GB (8.7%)
2021-10-28T06:56:22.785+0000	[##......................] benchmark.Twitter	4.35GB/49.1GB (8.8%)
2021-10-28T06:56:25.785+0000	[##......................] benchmark.Twitter	4.41GB/49.1GB (9.0%)
2021-10-28T06:56:28.786+0000	[##......................] benchmark.Twitter	4.47GB/49.1GB (9.1%)
2021-10-28T06:56:31.786+0000	[##......................] benchmark.Twitter	4.53GB/49.1GB (9.2%)
2021-10-28T06:56:34.786+0000	[##......................] benchmark.Twitter	4.59GB/49.1GB (9.3%)
2021-10-28T06:56:37.786+0000	[##......................] benchmark.Twitter	4.65GB/49.1GB (9.5%)
2021-10-28T06:56:40.786+0000	[##......................] benchmark.Twitter	4.71GB/49.1GB (9.6%)
2021-10-28T06:56:43.786+0000	[##......................] benchmark.Twitter	4.77GB/49.1GB (9.7%)
2021-10-28T06:56:46.785+0000	[##......................] benchmark.Twitter	4.83GB/49.1GB (9.8%)
2021-10-28T06:56:49.785+0000	[##......................] benchmark.Twitter	4.90GB/49.1GB (10.0%)
2021-10-28T06:56:52.785+0000	[##......................] benchmark.Twitter	4.96GB/49.1GB (10.1%)
2021-10-28T06:56:55.786+0000	[##......................] benchmark.Twitter	5.02GB/49.1GB (10.2%)
2021-10-28T06:56:58.785+0000	[##......................] benchmark.Twitter	5.08GB/49.1GB (10.3%)
2021-10-28T06:57:01.787+0000	[##......................] benchmark.Twitter	5.13GB/49.1GB (10.4%)
2021-10-28T06:57:04.786+0000	[##......................] benchmark.Twitter	5.19GB/49.1GB (10.6%)
2021-10-28T06:57:07.786+0000	[##......................] benchmark.Twitter	5.25GB/49.1GB (10.7%)
2021-10-28T06:57:10.786+0000	[##......................] benchmark.Twitter	5.31GB/49.1GB (10.8%)
2021-10-28T06:57:13.787+0000	[##......................] benchmark.Twitter	5.37GB/49.1GB (10.9%)
2021-10-28T06:57:16.786+0000	[##......................] benchmark.Twitter	5.43GB/49.1GB (11.0%)
2021-10-28T06:57:19.786+0000	[##......................] benchmark.Twitter	5.49GB/49.1GB (11.2%)
2021-10-28T06:57:22.785+0000	[##......................] benchmark.Twitter	5.55GB/49.1GB (11.3%)
2021-10-28T06:57:25.785+0000	[##......................] benchmark.Twitter	5.60GB/49.1GB (11.4%)
2021-10-28T06:57:28.785+0000	[##......................] benchmark.Twitter	5.66GB/49.1GB (11.5%)
2021-10-28T06:57:31.785+0000	[##......................] benchmark.Twitter	5.72GB/49.1GB (11.6%)
2021-10-28T06:57:34.786+0000	[##......................] benchmark.Twitter	5.77GB/49.1GB (11.7%)
2021-10-28T06:57:37.785+0000	[##......................] benchmark.Twitter	5.83GB/49.1GB (11.9%)
2021-10-28T06:57:40.786+0000	[##......................] benchmark.Twitter	5.89GB/49.1GB (12.0%)
2021-10-28T06:57:43.785+0000	[##......................] benchmark.Twitter	5.94GB/49.1GB (12.1%)
2021-10-28T06:57:46.786+0000	[##......................] benchmark.Twitter	6.00GB/49.1GB (12.2%)
2021-10-28T06:57:49.785+0000	[##......................] benchmark.Twitter	6.06GB/49.1GB (12.3%)
2021-10-28T06:57:52.786+0000	[##......................] benchmark.Twitter	6.12GB/49.1GB (12.5%)
2021-10-28T06:57:55.785+0000	[###.....................] benchmark.Twitter	6.18GB/49.1GB (12.6%)
2021-10-28T06:57:58.787+0000	[###.....................] benchmark.Twitter	6.24GB/49.1GB (12.7%)
2021-10-28T06:58:01.786+0000	[###.....................] benchmark.Twitter	6.30GB/49.1GB (12.8%)
2021-10-28T06:58:04.786+0000	[###.....................] benchmark.Twitter	6.35GB/49.1GB (12.9%)
2021-10-28T06:58:07.785+0000	[###.....................] benchmark.Twitter	6.41GB/49.1GB (13.0%)
2021-10-28T06:58:10.786+0000	[###.....................] benchmark.Twitter	6.47GB/49.1GB (13.2%)
2021-10-28T06:58:13.787+0000	[###.....................] benchmark.Twitter	6.53GB/49.1GB (13.3%)
2021-10-28T06:58:16.785+0000	[###.....................] benchmark.Twitter	6.59GB/49.1GB (13.4%)
2021-10-28T06:58:19.786+0000	[###.....................] benchmark.Twitter	6.65GB/49.1GB (13.5%)
2021-10-28T06:58:22.785+0000	[###.....................] benchmark.Twitter	6.72GB/49.1GB (13.7%)
2021-10-28T06:58:25.786+0000	[###.....................] benchmark.Twitter	6.78GB/49.1GB (13.8%)
2021-10-28T06:58:28.787+0000	[###.....................] benchmark.Twitter	6.84GB/49.1GB (13.9%)
2021-10-28T06:58:31.786+0000	[###.....................] benchmark.Twitter	6.90GB/49.1GB (14.0%)
2021-10-28T06:58:34.785+0000	[###.....................] benchmark.Twitter	6.96GB/49.1GB (14.2%)
2021-10-28T06:58:37.786+0000	[###.....................] benchmark.Twitter	7.02GB/49.1GB (14.3%)
2021-10-28T06:58:40.786+0000	[###.....................] benchmark.Twitter	7.08GB/49.1GB (14.4%)
2021-10-28T06:58:43.786+0000	[###.....................] benchmark.Twitter	7.14GB/49.1GB (14.5%)
2021-10-28T06:58:46.786+0000	[###.....................] benchmark.Twitter	7.20GB/49.1GB (14.7%)
2021-10-28T06:58:49.785+0000	[###.....................] benchmark.Twitter	7.26GB/49.1GB (14.8%)
2021-10-28T06:58:52.785+0000	[###.....................] benchmark.Twitter	7.33GB/49.1GB (14.9%)
2021-10-28T06:58:55.785+0000	[###.....................] benchmark.Twitter	7.39GB/49.1GB (15.0%)
2021-10-28T06:58:58.786+0000	[###.....................] benchmark.Twitter	7.45GB/49.1GB (15.2%)
2021-10-28T06:59:01.785+0000	[###.....................] benchmark.Twitter	7.51GB/49.1GB (15.3%)
2021-10-28T06:59:04.785+0000	[###.....................] benchmark.Twitter	7.56GB/49.1GB (15.4%)
2021-10-28T06:59:07.785+0000	[###.....................] benchmark.Twitter	7.62GB/49.1GB (15.5%)
2021-10-28T06:59:10.786+0000	[###.....................] benchmark.Twitter	7.68GB/49.1GB (15.6%)
2021-10-28T06:59:13.788+0000	[###.....................] benchmark.Twitter	7.74GB/49.1GB (15.8%)
2021-10-28T06:59:16.785+0000	[###.....................] benchmark.Twitter	7.80GB/49.1GB (15.9%)
2021-10-28T06:59:19.787+0000	[###.....................] benchmark.Twitter	7.86GB/49.1GB (16.0%)
2021-10-28T06:59:22.786+0000	[###.....................] benchmark.Twitter	7.92GB/49.1GB (16.1%)
2021-10-28T06:59:25.786+0000	[###.....................] benchmark.Twitter	7.98GB/49.1GB (16.2%)
2021-10-28T06:59:28.785+0000	[###.....................] benchmark.Twitter	8.04GB/49.1GB (16.4%)
2021-10-28T06:59:31.786+0000	[###.....................] benchmark.Twitter	8.10GB/49.1GB (16.5%)
2021-10-28T06:59:34.786+0000	[###.....................] benchmark.Twitter	8.17GB/49.1GB (16.6%)
2021-10-28T06:59:37.785+0000	[####....................] benchmark.Twitter	8.23GB/49.1GB (16.7%)
2021-10-28T06:59:40.786+0000	[####....................] benchmark.Twitter	8.29GB/49.1GB (16.9%)
2021-10-28T06:59:43.785+0000	[####....................] benchmark.Twitter	8.35GB/49.1GB (17.0%)
2021-10-28T06:59:46.786+0000	[####....................] benchmark.Twitter	8.41GB/49.1GB (17.1%)
2021-10-28T06:59:49.786+0000	[####....................] benchmark.Twitter	8.47GB/49.1GB (17.2%)
2021-10-28T06:59:52.785+0000	[####....................] benchmark.Twitter	8.53GB/49.1GB (17.4%)
2021-10-28T06:59:55.785+0000	[####....................] benchmark.Twitter	8.59GB/49.1GB (17.5%)
2021-10-28T06:59:58.785+0000	[####....................] benchmark.Twitter	8.65GB/49.1GB (17.6%)
2021-10-28T07:00:01.785+0000	[####....................] benchmark.Twitter	8.71GB/49.1GB (17.7%)
2021-10-28T07:00:04.785+0000	[####....................] benchmark.Twitter	8.77GB/49.1GB (17.9%)
2021-10-28T07:00:07.785+0000	[####....................] benchmark.Twitter	8.83GB/49.1GB (18.0%)
2021-10-28T07:00:10.785+0000	[####....................] benchmark.Twitter	8.88GB/49.1GB (18.1%)
2021-10-28T07:00:13.786+0000	[####....................] benchmark.Twitter	8.93GB/49.1GB (18.2%)
2021-10-28T07:00:16.785+0000	[####....................] benchmark.Twitter	8.99GB/49.1GB (18.3%)
2021-10-28T07:00:19.786+0000	[####....................] benchmark.Twitter	9.04GB/49.1GB (18.4%)
2021-10-28T07:00:22.786+0000	[####....................] benchmark.Twitter	9.10GB/49.1GB (18.5%)
2021-10-28T07:00:25.786+0000	[####....................] benchmark.Twitter	9.16GB/49.1GB (18.6%)
2021-10-28T07:00:28.785+0000	[####....................] benchmark.Twitter	9.21GB/49.1GB (18.8%)
2021-10-28T07:00:31.785+0000	[####....................] benchmark.Twitter	9.27GB/49.1GB (18.9%)
2021-10-28T07:00:34.786+0000	[####....................] benchmark.Twitter	9.33GB/49.1GB (19.0%)
2021-10-28T07:00:37.786+0000	[####....................] benchmark.Twitter	9.38GB/49.1GB (19.1%)
2021-10-28T07:00:40.785+0000	[####....................] benchmark.Twitter	9.44GB/49.1GB (19.2%)
2021-10-28T07:00:43.786+0000	[####....................] benchmark.Twitter	9.49GB/49.1GB (19.3%)
2021-10-28T07:00:46.785+0000	[####....................] benchmark.Twitter	9.55GB/49.1GB (19.4%)
2021-10-28T07:00:49.785+0000	[####....................] benchmark.Twitter	9.61GB/49.1GB (19.6%)
2021-10-28T07:00:52.786+0000	[####....................] benchmark.Twitter	9.67GB/49.1GB (19.7%)
2021-10-28T07:00:55.786+0000	[####....................] benchmark.Twitter	9.73GB/49.1GB (19.8%)
2021-10-28T07:00:58.785+0000	[####....................] benchmark.Twitter	9.79GB/49.1GB (19.9%)
2021-10-28T07:01:01.786+0000	[####....................] benchmark.Twitter	9.85GB/49.1GB (20.1%)
2021-10-28T07:01:04.787+0000	[####....................] benchmark.Twitter	9.91GB/49.1GB (20.2%)
2021-10-28T07:01:07.785+0000	[####....................] benchmark.Twitter	9.97GB/49.1GB (20.3%)
2021-10-28T07:01:10.786+0000	[####....................] benchmark.Twitter	10.0GB/49.1GB (20.4%)
2021-10-28T07:01:13.786+0000	[####....................] benchmark.Twitter	10.1GB/49.1GB (20.5%)
2021-10-28T07:01:16.785+0000	[####....................] benchmark.Twitter	10.1GB/49.1GB (20.6%)
2021-10-28T07:01:19.786+0000	[####....................] benchmark.Twitter	10.2GB/49.1GB (20.8%)
2021-10-28T07:01:22.785+0000	[#####...................] benchmark.Twitter	10.3GB/49.1GB (20.9%)
2021-10-28T07:01:25.787+0000	[#####...................] benchmark.Twitter	10.3GB/49.1GB (21.0%)
2021-10-28T07:01:28.785+0000	[#####...................] benchmark.Twitter	10.4GB/49.1GB (21.1%)
2021-10-28T07:01:31.785+0000	[#####...................] benchmark.Twitter	10.4GB/49.1GB (21.3%)
2021-10-28T07:01:34.787+0000	[#####...................] benchmark.Twitter	10.5GB/49.1GB (21.4%)
2021-10-28T07:01:37.785+0000	[#####...................] benchmark.Twitter	10.6GB/49.1GB (21.5%)
2021-10-28T07:01:40.786+0000	[#####...................] benchmark.Twitter	10.6GB/49.1GB (21.6%)
2021-10-28T07:01:43.786+0000	[#####...................] benchmark.Twitter	10.7GB/49.1GB (21.8%)
2021-10-28T07:01:46.785+0000	[#####...................] benchmark.Twitter	10.8GB/49.1GB (21.9%)
2021-10-28T07:01:49.788+0000	[#####...................] benchmark.Twitter	10.8GB/49.1GB (22.0%)
2021-10-28T07:01:52.785+0000	[#####...................] benchmark.Twitter	10.9GB/49.1GB (22.1%)
2021-10-28T07:01:55.786+0000	[#####...................] benchmark.Twitter	10.9GB/49.1GB (22.3%)
2021-10-28T07:01:58.785+0000	[#####...................] benchmark.Twitter	11.0GB/49.1GB (22.4%)
2021-10-28T07:02:01.786+0000	[#####...................] benchmark.Twitter	11.1GB/49.1GB (22.5%)
2021-10-28T07:02:04.786+0000	[#####...................] benchmark.Twitter	11.1GB/49.1GB (22.6%)
2021-10-28T07:02:07.785+0000	[#####...................] benchmark.Twitter	11.2GB/49.1GB (22.8%)
2021-10-28T07:02:10.786+0000	[#####...................] benchmark.Twitter	11.2GB/49.1GB (22.9%)
2021-10-28T07:02:13.786+0000	[#####...................] benchmark.Twitter	11.3GB/49.1GB (23.0%)
2021-10-28T07:02:16.785+0000	[#####...................] benchmark.Twitter	11.3GB/49.1GB (23.1%)
2021-10-28T07:02:19.785+0000	[#####...................] benchmark.Twitter	11.4GB/49.1GB (23.2%)
2021-10-28T07:02:22.786+0000	[#####...................] benchmark.Twitter	11.5GB/49.1GB (23.3%)
2021-10-28T07:02:25.786+0000	[#####...................] benchmark.Twitter	11.5GB/49.1GB (23.5%)
2021-10-28T07:02:28.786+0000	[#####...................] benchmark.Twitter	11.6GB/49.1GB (23.6%)
2021-10-28T07:02:31.786+0000	[#####...................] benchmark.Twitter	11.7GB/49.1GB (23.7%)
2021-10-28T07:02:34.785+0000	[#####...................] benchmark.Twitter	11.7GB/49.1GB (23.8%)
2021-10-28T07:02:37.786+0000	[#####...................] benchmark.Twitter	11.8GB/49.1GB (24.0%)
2021-10-28T07:02:40.785+0000	[#####...................] benchmark.Twitter	11.8GB/49.1GB (24.1%)
2021-10-28T07:02:43.786+0000	[#####...................] benchmark.Twitter	11.9GB/49.1GB (24.2%)
2021-10-28T07:02:46.786+0000	[#####...................] benchmark.Twitter	12.0GB/49.1GB (24.3%)
2021-10-28T07:02:49.786+0000	[#####...................] benchmark.Twitter	12.0GB/49.1GB (24.5%)
2021-10-28T07:02:52.785+0000	[#####...................] benchmark.Twitter	12.1GB/49.1GB (24.6%)
2021-10-28T07:02:55.786+0000	[#####...................] benchmark.Twitter	12.1GB/49.1GB (24.7%)
2021-10-28T07:02:58.786+0000	[#####...................] benchmark.Twitter	12.2GB/49.1GB (24.8%)
2021-10-28T07:03:01.786+0000	[#####...................] benchmark.Twitter	12.2GB/49.1GB (24.9%)
2021-10-28T07:03:04.787+0000	[######..................] benchmark.Twitter	12.3GB/49.1GB (25.0%)
2021-10-28T07:03:07.787+0000	[######..................] benchmark.Twitter	12.3GB/49.1GB (25.1%)
2021-10-28T07:03:10.785+0000	[######..................] benchmark.Twitter	12.4GB/49.1GB (25.3%)
2021-10-28T07:03:13.786+0000	[######..................] benchmark.Twitter	12.5GB/49.1GB (25.4%)
2021-10-28T07:03:16.787+0000	[######..................] benchmark.Twitter	12.5GB/49.1GB (25.5%)
2021-10-28T07:03:19.786+0000	[######..................] benchmark.Twitter	12.6GB/49.1GB (25.6%)
2021-10-28T07:03:22.785+0000	[######..................] benchmark.Twitter	12.6GB/49.1GB (25.7%)
2021-10-28T07:03:25.785+0000	[######..................] benchmark.Twitter	12.7GB/49.1GB (25.8%)
2021-10-28T07:03:28.786+0000	[######..................] benchmark.Twitter	12.8GB/49.1GB (26.0%)
2021-10-28T07:03:31.785+0000	[######..................] benchmark.Twitter	12.8GB/49.1GB (26.1%)
2021-10-28T07:03:34.786+0000	[######..................] benchmark.Twitter	12.9GB/49.1GB (26.2%)
2021-10-28T07:03:37.786+0000	[######..................] benchmark.Twitter	12.9GB/49.1GB (26.3%)
2021-10-28T07:03:40.785+0000	[######..................] benchmark.Twitter	13.0GB/49.1GB (26.5%)
2021-10-28T07:03:43.786+0000	[######..................] benchmark.Twitter	13.1GB/49.1GB (26.6%)
2021-10-28T07:03:46.787+0000	[######..................] benchmark.Twitter	13.1GB/49.1GB (26.7%)
2021-10-28T07:03:49.786+0000	[######..................] benchmark.Twitter	13.2GB/49.1GB (26.8%)
2021-10-28T07:03:52.786+0000	[######..................] benchmark.Twitter	13.2GB/49.1GB (27.0%)
2021-10-28T07:03:55.785+0000	[######..................] benchmark.Twitter	13.3GB/49.1GB (27.1%)
2021-10-28T07:03:58.786+0000	[######..................] benchmark.Twitter	13.4GB/49.1GB (27.2%)
2021-10-28T07:04:01.785+0000	[######..................] benchmark.Twitter	13.4GB/49.1GB (27.3%)
2021-10-28T07:04:04.786+0000	[######..................] benchmark.Twitter	13.5GB/49.1GB (27.5%)
2021-10-28T07:04:07.786+0000	[######..................] benchmark.Twitter	13.6GB/49.1GB (27.6%)
2021-10-28T07:04:10.785+0000	[######..................] benchmark.Twitter	13.6GB/49.1GB (27.7%)
2021-10-28T07:04:13.785+0000	[######..................] benchmark.Twitter	13.7GB/49.1GB (27.8%)
2021-10-28T07:04:16.786+0000	[######..................] benchmark.Twitter	13.7GB/49.1GB (28.0%)
2021-10-28T07:04:19.786+0000	[######..................] benchmark.Twitter	13.8GB/49.1GB (28.1%)
2021-10-28T07:04:22.786+0000	[######..................] benchmark.Twitter	13.8GB/49.1GB (28.2%)
2021-10-28T07:04:25.785+0000	[######..................] benchmark.Twitter	13.9GB/49.1GB (28.3%)
2021-10-28T07:04:28.786+0000	[######..................] benchmark.Twitter	14.0GB/49.1GB (28.4%)
2021-10-28T07:04:31.786+0000	[######..................] benchmark.Twitter	14.0GB/49.1GB (28.6%)
2021-10-28T07:04:34.786+0000	[######..................] benchmark.Twitter	14.1GB/49.1GB (28.7%)
2021-10-28T07:04:37.785+0000	[######..................] benchmark.Twitter	14.2GB/49.1GB (28.8%)
2021-10-28T07:04:40.786+0000	[######..................] benchmark.Twitter	14.2GB/49.1GB (28.9%)
2021-10-28T07:04:43.786+0000	[######..................] benchmark.Twitter	14.3GB/49.1GB (29.1%)
2021-10-28T07:04:46.785+0000	[#######.................] benchmark.Twitter	14.3GB/49.1GB (29.2%)
2021-10-28T07:04:49.786+0000	[#######.................] benchmark.Twitter	14.4GB/49.1GB (29.3%)
2021-10-28T07:04:52.786+0000	[#######.................] benchmark.Twitter	14.5GB/49.1GB (29.4%)
2021-10-28T07:04:55.786+0000	[#######.................] benchmark.Twitter	14.5GB/49.1GB (29.6%)
2021-10-28T07:04:58.786+0000	[#######.................] benchmark.Twitter	14.6GB/49.1GB (29.7%)
2021-10-28T07:05:01.789+0000	[#######.................] benchmark.Twitter	14.6GB/49.1GB (29.8%)
2021-10-28T07:05:04.786+0000	[#######.................] benchmark.Twitter	14.7GB/49.1GB (29.9%)
2021-10-28T07:05:07.786+0000	[#######.................] benchmark.Twitter	14.8GB/49.1GB (30.0%)
2021-10-28T07:05:10.786+0000	[#######.................] benchmark.Twitter	14.8GB/49.1GB (30.2%)
2021-10-28T07:05:13.785+0000	[#######.................] benchmark.Twitter	14.9GB/49.1GB (30.3%)
2021-10-28T07:05:16.787+0000	[#######.................] benchmark.Twitter	14.9GB/49.1GB (30.4%)
2021-10-28T07:05:19.786+0000	[#######.................] benchmark.Twitter	15.0GB/49.1GB (30.5%)
2021-10-28T07:05:22.786+0000	[#######.................] benchmark.Twitter	15.1GB/49.1GB (30.7%)
2021-10-28T07:05:25.786+0000	[#######.................] benchmark.Twitter	15.1GB/49.1GB (30.8%)
2021-10-28T07:05:28.785+0000	[#######.................] benchmark.Twitter	15.2GB/49.1GB (30.9%)
2021-10-28T07:05:31.786+0000	[#######.................] benchmark.Twitter	15.2GB/49.1GB (31.0%)
2021-10-28T07:05:34.786+0000	[#######.................] benchmark.Twitter	15.3GB/49.1GB (31.1%)
2021-10-28T07:05:37.786+0000	[#######.................] benchmark.Twitter	15.3GB/49.1GB (31.2%)
2021-10-28T07:05:40.785+0000	[#######.................] benchmark.Twitter	15.4GB/49.1GB (31.3%)
2021-10-28T07:05:43.785+0000	[#######.................] benchmark.Twitter	15.5GB/49.1GB (31.5%)
2021-10-28T07:05:46.786+0000	[#######.................] benchmark.Twitter	15.5GB/49.1GB (31.6%)
2021-10-28T07:05:49.786+0000	[#######.................] benchmark.Twitter	15.6GB/49.1GB (31.7%)
2021-10-28T07:05:52.786+0000	[#######.................] benchmark.Twitter	15.6GB/49.1GB (31.8%)
2021-10-28T07:05:55.786+0000	[#######.................] benchmark.Twitter	15.7GB/49.1GB (32.0%)
2021-10-28T07:05:58.785+0000	[#######.................] benchmark.Twitter	15.8GB/49.1GB (32.1%)
2021-10-28T07:06:01.785+0000	[#######.................] benchmark.Twitter	15.8GB/49.1GB (32.2%)
2021-10-28T07:06:04.785+0000	[#######.................] benchmark.Twitter	15.9GB/49.1GB (32.3%)
2021-10-28T07:06:07.786+0000	[#######.................] benchmark.Twitter	15.9GB/49.1GB (32.5%)
2021-10-28T07:06:10.786+0000	[#######.................] benchmark.Twitter	16.0GB/49.1GB (32.6%)
2021-10-28T07:06:13.786+0000	[#######.................] benchmark.Twitter	16.1GB/49.1GB (32.7%)
2021-10-28T07:06:16.786+0000	[#######.................] benchmark.Twitter	16.1GB/49.1GB (32.8%)
2021-10-28T07:06:19.785+0000	[#######.................] benchmark.Twitter	16.2GB/49.1GB (33.0%)
2021-10-28T07:06:22.785+0000	[#######.................] benchmark.Twitter	16.3GB/49.1GB (33.1%)
2021-10-28T07:06:25.786+0000	[#######.................] benchmark.Twitter	16.3GB/49.1GB (33.2%)
2021-10-28T07:06:28.786+0000	[#######.................] benchmark.Twitter	16.4GB/49.1GB (33.3%)
2021-10-28T07:06:31.785+0000	[########................] benchmark.Twitter	16.4GB/49.1GB (33.4%)
2021-10-28T07:06:34.786+0000	[########................] benchmark.Twitter	16.5GB/49.1GB (33.6%)
2021-10-28T07:06:37.786+0000	[########................] benchmark.Twitter	16.6GB/49.1GB (33.7%)
2021-10-28T07:06:40.785+0000	[########................] benchmark.Twitter	16.6GB/49.1GB (33.8%)
2021-10-28T07:06:43.786+0000	[########................] benchmark.Twitter	16.7GB/49.1GB (33.9%)
2021-10-28T07:06:46.786+0000	[########................] benchmark.Twitter	16.7GB/49.1GB (34.1%)
2021-10-28T07:06:49.786+0000	[########................] benchmark.Twitter	16.8GB/49.1GB (34.2%)
2021-10-28T07:06:52.785+0000	[########................] benchmark.Twitter	16.9GB/49.1GB (34.3%)
2021-10-28T07:06:55.785+0000	[########................] benchmark.Twitter	16.9GB/49.1GB (34.5%)
2021-10-28T07:06:58.786+0000	[########................] benchmark.Twitter	17.0GB/49.1GB (34.6%)
2021-10-28T07:07:01.786+0000	[########................] benchmark.Twitter	17.1GB/49.1GB (34.7%)
2021-10-28T07:07:04.785+0000	[########................] benchmark.Twitter	17.1GB/49.1GB (34.8%)
2021-10-28T07:07:07.786+0000	[########................] benchmark.Twitter	17.2GB/49.1GB (34.9%)
2021-10-28T07:07:10.785+0000	[########................] benchmark.Twitter	17.2GB/49.1GB (35.1%)
2021-10-28T07:07:13.786+0000	[########................] benchmark.Twitter	17.3GB/49.1GB (35.2%)
2021-10-28T07:07:16.785+0000	[########................] benchmark.Twitter	17.4GB/49.1GB (35.3%)
2021-10-28T07:07:19.786+0000	[########................] benchmark.Twitter	17.4GB/49.1GB (35.4%)
2021-10-28T07:07:22.789+0000	[########................] benchmark.Twitter	17.5GB/49.1GB (35.6%)
2021-10-28T07:07:25.786+0000	[########................] benchmark.Twitter	17.5GB/49.1GB (35.7%)
2021-10-28T07:07:28.785+0000	[########................] benchmark.Twitter	17.6GB/49.1GB (35.8%)
2021-10-28T07:07:31.790+0000	[########................] benchmark.Twitter	17.6GB/49.1GB (35.9%)
2021-10-28T07:07:34.787+0000	[########................] benchmark.Twitter	17.7GB/49.1GB (36.0%)
2021-10-28T07:07:37.786+0000	[########................] benchmark.Twitter	17.8GB/49.1GB (36.2%)
2021-10-28T07:07:40.785+0000	[########................] benchmark.Twitter	17.8GB/49.1GB (36.3%)
2021-10-28T07:07:43.786+0000	[########................] benchmark.Twitter	17.9GB/49.1GB (36.4%)
2021-10-28T07:07:46.787+0000	[########................] benchmark.Twitter	17.9GB/49.1GB (36.5%)
2021-10-28T07:07:49.785+0000	[########................] benchmark.Twitter	18.0GB/49.1GB (36.7%)
2021-10-28T07:07:52.786+0000	[########................] benchmark.Twitter	18.1GB/49.1GB (36.8%)
2021-10-28T07:07:55.786+0000	[########................] benchmark.Twitter	18.1GB/49.1GB (36.9%)
2021-10-28T07:07:58.787+0000	[########................] benchmark.Twitter	18.2GB/49.1GB (37.0%)
2021-10-28T07:08:01.786+0000	[########................] benchmark.Twitter	18.2GB/49.1GB (37.1%)
2021-10-28T07:08:04.786+0000	[########................] benchmark.Twitter	18.3GB/49.1GB (37.2%)
2021-10-28T07:08:07.786+0000	[########................] benchmark.Twitter	18.3GB/49.1GB (37.3%)
2021-10-28T07:08:10.785+0000	[########................] benchmark.Twitter	18.4GB/49.1GB (37.4%)
2021-10-28T07:08:13.785+0000	[#########...............] benchmark.Twitter	18.5GB/49.1GB (37.6%)
2021-10-28T07:08:16.785+0000	[#########...............] benchmark.Twitter	18.5GB/49.1GB (37.7%)
2021-10-28T07:08:19.785+0000	[#########...............] benchmark.Twitter	18.6GB/49.1GB (37.8%)
2021-10-28T07:08:22.785+0000	[#########...............] benchmark.Twitter	18.6GB/49.1GB (38.0%)
2021-10-28T07:08:25.786+0000	[#########...............] benchmark.Twitter	18.7GB/49.1GB (38.1%)
2021-10-28T07:08:28.786+0000	[#########...............] benchmark.Twitter	18.8GB/49.1GB (38.2%)
2021-10-28T07:08:31.786+0000	[#########...............] benchmark.Twitter	18.8GB/49.1GB (38.3%)
2021-10-28T07:08:34.785+0000	[#########...............] benchmark.Twitter	18.9GB/49.1GB (38.4%)
2021-10-28T07:08:37.786+0000	[#########...............] benchmark.Twitter	18.9GB/49.1GB (38.5%)
2021-10-28T07:08:40.786+0000	[#########...............] benchmark.Twitter	19.0GB/49.1GB (38.7%)
2021-10-28T07:08:43.787+0000	[#########...............] benchmark.Twitter	19.1GB/49.1GB (38.8%)
2021-10-28T07:08:46.786+0000	[#########...............] benchmark.Twitter	19.1GB/49.1GB (38.9%)
2021-10-28T07:08:49.786+0000	[#########...............] benchmark.Twitter	19.2GB/49.1GB (39.1%)
2021-10-28T07:08:52.785+0000	[#########...............] benchmark.Twitter	19.2GB/49.1GB (39.2%)
2021-10-28T07:08:55.786+0000	[#########...............] benchmark.Twitter	19.3GB/49.1GB (39.3%)
2021-10-28T07:08:58.786+0000	[#########...............] benchmark.Twitter	19.4GB/49.1GB (39.4%)
2021-10-28T07:09:01.787+0000	[#########...............] benchmark.Twitter	19.4GB/49.1GB (39.6%)
2021-10-28T07:09:04.786+0000	[#########...............] benchmark.Twitter	19.5GB/49.1GB (39.7%)
2021-10-28T07:09:07.786+0000	[#########...............] benchmark.Twitter	19.6GB/49.1GB (39.8%)
2021-10-28T07:09:10.786+0000	[#########...............] benchmark.Twitter	19.6GB/49.1GB (39.9%)
2021-10-28T07:09:13.786+0000	[#########...............] benchmark.Twitter	19.7GB/49.1GB (40.1%)
2021-10-28T07:09:16.786+0000	[#########...............] benchmark.Twitter	19.8GB/49.1GB (40.2%)
2021-10-28T07:09:19.785+0000	[#########...............] benchmark.Twitter	19.8GB/49.1GB (40.3%)
2021-10-28T07:09:22.786+0000	[#########...............] benchmark.Twitter	19.9GB/49.1GB (40.4%)
2021-10-28T07:09:25.786+0000	[#########...............] benchmark.Twitter	19.9GB/49.1GB (40.6%)
2021-10-28T07:09:28.785+0000	[#########...............] benchmark.Twitter	20.0GB/49.1GB (40.7%)
2021-10-28T07:09:31.785+0000	[#########...............] benchmark.Twitter	20.1GB/49.1GB (40.8%)
2021-10-28T07:09:34.786+0000	[#########...............] benchmark.Twitter	20.1GB/49.1GB (40.9%)
2021-10-28T07:09:37.786+0000	[#########...............] benchmark.Twitter	20.1GB/49.1GB (41.0%)
2021-10-28T07:09:40.785+0000	[#########...............] benchmark.Twitter	20.2GB/49.1GB (41.1%)
2021-10-28T07:09:43.786+0000	[#########...............] benchmark.Twitter	20.3GB/49.1GB (41.2%)
2021-10-28T07:09:46.786+0000	[#########...............] benchmark.Twitter	20.3GB/49.1GB (41.4%)
2021-10-28T07:09:49.785+0000	[#########...............] benchmark.Twitter	20.4GB/49.1GB (41.5%)
2021-10-28T07:09:52.785+0000	[#########...............] benchmark.Twitter	20.4GB/49.1GB (41.6%)
2021-10-28T07:09:55.786+0000	[##########..............] benchmark.Twitter	20.5GB/49.1GB (41.7%)
2021-10-28T07:09:58.786+0000	[##########..............] benchmark.Twitter	20.6GB/49.1GB (41.8%)
2021-10-28T07:10:01.786+0000	[##########..............] benchmark.Twitter	20.6GB/49.1GB (42.0%)
2021-10-28T07:10:04.786+0000	[##########..............] benchmark.Twitter	20.7GB/49.1GB (42.1%)
2021-10-28T07:10:07.786+0000	[##########..............] benchmark.Twitter	20.7GB/49.1GB (42.2%)
2021-10-28T07:10:10.786+0000	[##########..............] benchmark.Twitter	20.8GB/49.1GB (42.3%)
2021-10-28T07:10:13.787+0000	[##########..............] benchmark.Twitter	20.9GB/49.1GB (42.5%)
2021-10-28T07:10:16.786+0000	[##########..............] benchmark.Twitter	20.9GB/49.1GB (42.6%)
2021-10-28T07:10:19.786+0000	[##########..............] benchmark.Twitter	21.0GB/49.1GB (42.7%)
2021-10-28T07:10:22.786+0000	[##########..............] benchmark.Twitter	21.1GB/49.1GB (42.8%)
2021-10-28T07:10:25.785+0000	[##########..............] benchmark.Twitter	21.1GB/49.1GB (43.0%)
2021-10-28T07:10:28.785+0000	[##########..............] benchmark.Twitter	21.2GB/49.1GB (43.1%)
2021-10-28T07:10:31.786+0000	[##########..............] benchmark.Twitter	21.2GB/49.1GB (43.2%)
2021-10-28T07:10:34.787+0000	[##########..............] benchmark.Twitter	21.3GB/49.1GB (43.4%)
2021-10-28T07:10:37.786+0000	[##########..............] benchmark.Twitter	21.4GB/49.1GB (43.5%)
2021-10-28T07:10:40.786+0000	[##########..............] benchmark.Twitter	21.4GB/49.1GB (43.6%)
2021-10-28T07:10:43.788+0000	[##########..............] benchmark.Twitter	21.5GB/49.1GB (43.7%)
2021-10-28T07:10:46.785+0000	[##########..............] benchmark.Twitter	21.5GB/49.1GB (43.8%)
2021-10-28T07:10:49.786+0000	[##########..............] benchmark.Twitter	21.6GB/49.1GB (44.0%)
2021-10-28T07:10:52.786+0000	[##########..............] benchmark.Twitter	21.7GB/49.1GB (44.1%)
2021-10-28T07:10:55.786+0000	[##########..............] benchmark.Twitter	21.7GB/49.1GB (44.2%)
2021-10-28T07:10:58.786+0000	[##########..............] benchmark.Twitter	21.8GB/49.1GB (44.3%)
2021-10-28T07:11:01.786+0000	[##########..............] benchmark.Twitter	21.8GB/49.1GB (44.5%)
2021-10-28T07:11:04.786+0000	[##########..............] benchmark.Twitter	21.9GB/49.1GB (44.6%)
2021-10-28T07:11:07.786+0000	[##########..............] benchmark.Twitter	22.0GB/49.1GB (44.7%)
2021-10-28T07:11:10.786+0000	[##########..............] benchmark.Twitter	22.0GB/49.1GB (44.8%)
2021-10-28T07:11:13.786+0000	[##########..............] benchmark.Twitter	22.1GB/49.1GB (45.0%)
2021-10-28T07:11:16.787+0000	[##########..............] benchmark.Twitter	22.1GB/49.1GB (45.1%)
2021-10-28T07:11:19.786+0000	[##########..............] benchmark.Twitter	22.2GB/49.1GB (45.2%)
2021-10-28T07:11:22.786+0000	[##########..............] benchmark.Twitter	22.3GB/49.1GB (45.3%)
2021-10-28T07:11:25.786+0000	[##########..............] benchmark.Twitter	22.3GB/49.1GB (45.5%)
2021-10-28T07:11:28.787+0000	[##########..............] benchmark.Twitter	22.4GB/49.1GB (45.6%)
2021-10-28T07:11:31.787+0000	[##########..............] benchmark.Twitter	22.5GB/49.1GB (45.7%)
2021-10-28T07:11:34.786+0000	[###########.............] benchmark.Twitter	22.5GB/49.1GB (45.8%)
2021-10-28T07:11:37.786+0000	[###########.............] benchmark.Twitter	22.6GB/49.1GB (46.0%)
2021-10-28T07:11:40.786+0000	[###########.............] benchmark.Twitter	22.6GB/49.1GB (46.1%)
2021-10-28T07:11:43.786+0000	[###########.............] benchmark.Twitter	22.7GB/49.1GB (46.2%)
2021-10-28T07:11:46.785+0000	[###########.............] benchmark.Twitter	22.8GB/49.1GB (46.3%)
2021-10-28T07:11:49.787+0000	[###########.............] benchmark.Twitter	22.8GB/49.1GB (46.4%)
2021-10-28T07:11:52.788+0000	[###########.............] benchmark.Twitter	22.9GB/49.1GB (46.6%)
2021-10-28T07:11:55.786+0000	[###########.............] benchmark.Twitter	22.9GB/49.1GB (46.7%)
2021-10-28T07:11:58.786+0000	[###########.............] benchmark.Twitter	23.0GB/49.1GB (46.8%)
2021-10-28T07:12:01.786+0000	[###########.............] benchmark.Twitter	23.1GB/49.1GB (46.9%)
2021-10-28T07:12:04.786+0000	[###########.............] benchmark.Twitter	23.1GB/49.1GB (47.1%)
2021-10-28T07:12:07.786+0000	[###########.............] benchmark.Twitter	23.2GB/49.1GB (47.2%)
2021-10-28T07:12:10.786+0000	[###########.............] benchmark.Twitter	23.2GB/49.1GB (47.3%)
2021-10-28T07:12:13.785+0000	[###########.............] benchmark.Twitter	23.3GB/49.1GB (47.4%)
2021-10-28T07:12:16.786+0000	[###########.............] benchmark.Twitter	23.4GB/49.1GB (47.6%)
2021-10-28T07:12:19.787+0000	[###########.............] benchmark.Twitter	23.4GB/49.1GB (47.7%)
2021-10-28T07:12:22.787+0000	[###########.............] benchmark.Twitter	23.5GB/49.1GB (47.8%)
2021-10-28T07:12:25.785+0000	[###########.............] benchmark.Twitter	23.6GB/49.1GB (47.9%)
2021-10-28T07:12:28.786+0000	[###########.............] benchmark.Twitter	23.6GB/49.1GB (48.1%)
2021-10-28T07:12:31.786+0000	[###########.............] benchmark.Twitter	23.7GB/49.1GB (48.2%)
2021-10-28T07:12:34.786+0000	[###########.............] benchmark.Twitter	23.7GB/49.1GB (48.3%)
2021-10-28T07:12:37.786+0000	[###########.............] benchmark.Twitter	23.8GB/49.1GB (48.4%)
2021-10-28T07:12:40.785+0000	[###########.............] benchmark.Twitter	23.9GB/49.1GB (48.6%)
2021-10-28T07:12:43.785+0000	[###########.............] benchmark.Twitter	23.9GB/49.1GB (48.7%)
2021-10-28T07:12:46.787+0000	[###########.............] benchmark.Twitter	24.0GB/49.1GB (48.8%)
2021-10-28T07:12:49.787+0000	[###########.............] benchmark.Twitter	24.0GB/49.1GB (48.9%)
2021-10-28T07:12:52.786+0000	[###########.............] benchmark.Twitter	24.1GB/49.1GB (49.0%)
2021-10-28T07:12:55.786+0000	[###########.............] benchmark.Twitter	24.1GB/49.1GB (49.1%)
2021-10-28T07:12:58.786+0000	[###########.............] benchmark.Twitter	24.2GB/49.1GB (49.2%)
2021-10-28T07:13:01.785+0000	[###########.............] benchmark.Twitter	24.2GB/49.1GB (49.3%)
2021-10-28T07:13:04.786+0000	[###########.............] benchmark.Twitter	24.3GB/49.1GB (49.5%)
2021-10-28T07:13:07.786+0000	[###########.............] benchmark.Twitter	24.4GB/49.1GB (49.6%)
2021-10-28T07:13:10.786+0000	[###########.............] benchmark.Twitter	24.4GB/49.1GB (49.7%)
2021-10-28T07:13:13.786+0000	[###########.............] benchmark.Twitter	24.5GB/49.1GB (49.8%)
2021-10-28T07:13:16.785+0000	[###########.............] benchmark.Twitter	24.5GB/49.1GB (49.9%)
2021-10-28T07:13:19.785+0000	[############............] benchmark.Twitter	24.6GB/49.1GB (50.0%)
2021-10-28T07:13:22.787+0000	[############............] benchmark.Twitter	24.6GB/49.1GB (50.2%)
2021-10-28T07:13:25.785+0000	[############............] benchmark.Twitter	24.7GB/49.1GB (50.3%)
2021-10-28T07:13:28.786+0000	[############............] benchmark.Twitter	24.8GB/49.1GB (50.4%)
2021-10-28T07:13:31.786+0000	[############............] benchmark.Twitter	24.8GB/49.1GB (50.5%)
2021-10-28T07:13:34.786+0000	[############............] benchmark.Twitter	24.9GB/49.1GB (50.7%)
2021-10-28T07:13:37.787+0000	[############............] benchmark.Twitter	24.9GB/49.1GB (50.8%)
2021-10-28T07:13:40.785+0000	[############............] benchmark.Twitter	25.0GB/49.1GB (50.9%)
2021-10-28T07:13:43.788+0000	[############............] benchmark.Twitter	25.1GB/49.1GB (51.0%)
2021-10-28T07:13:46.785+0000	[############............] benchmark.Twitter	25.1GB/49.1GB (51.2%)
2021-10-28T07:13:49.789+0000	[############............] benchmark.Twitter	25.2GB/49.1GB (51.3%)
2021-10-28T07:13:52.786+0000	[############............] benchmark.Twitter	25.2GB/49.1GB (51.4%)
2021-10-28T07:13:55.787+0000	[############............] benchmark.Twitter	25.3GB/49.1GB (51.5%)
2021-10-28T07:13:58.786+0000	[############............] benchmark.Twitter	25.4GB/49.1GB (51.6%)
2021-10-28T07:14:01.785+0000	[############............] benchmark.Twitter	25.4GB/49.1GB (51.8%)
2021-10-28T07:14:04.785+0000	[############............] benchmark.Twitter	25.5GB/49.1GB (51.9%)
2021-10-28T07:14:07.786+0000	[############............] benchmark.Twitter	25.6GB/49.1GB (52.0%)
2021-10-28T07:14:10.786+0000	[############............] benchmark.Twitter	25.6GB/49.1GB (52.1%)
2021-10-28T07:14:13.787+0000	[############............] benchmark.Twitter	25.7GB/49.1GB (52.3%)
2021-10-28T07:14:16.785+0000	[############............] benchmark.Twitter	25.7GB/49.1GB (52.4%)
2021-10-28T07:14:19.789+0000	[############............] benchmark.Twitter	25.8GB/49.1GB (52.5%)
2021-10-28T07:14:22.786+0000	[############............] benchmark.Twitter	25.9GB/49.1GB (52.6%)
2021-10-28T07:14:25.787+0000	[############............] benchmark.Twitter	25.9GB/49.1GB (52.8%)
2021-10-28T07:14:28.785+0000	[############............] benchmark.Twitter	26.0GB/49.1GB (52.9%)
2021-10-28T07:14:31.785+0000	[############............] benchmark.Twitter	26.1GB/49.1GB (53.0%)
2021-10-28T07:14:34.787+0000	[############............] benchmark.Twitter	26.1GB/49.1GB (53.1%)
2021-10-28T07:14:37.785+0000	[############............] benchmark.Twitter	26.2GB/49.1GB (53.3%)
2021-10-28T07:14:40.786+0000	[############............] benchmark.Twitter	26.2GB/49.1GB (53.4%)
2021-10-28T07:14:43.785+0000	[############............] benchmark.Twitter	26.3GB/49.1GB (53.5%)
2021-10-28T07:14:46.785+0000	[############............] benchmark.Twitter	26.4GB/49.1GB (53.6%)
2021-10-28T07:14:49.786+0000	[############............] benchmark.Twitter	26.4GB/49.1GB (53.8%)
2021-10-28T07:14:52.786+0000	[############............] benchmark.Twitter	26.5GB/49.1GB (53.9%)
2021-10-28T07:14:55.786+0000	[############............] benchmark.Twitter	26.5GB/49.1GB (54.0%)
2021-10-28T07:14:58.785+0000	[############............] benchmark.Twitter	26.6GB/49.1GB (54.1%)
2021-10-28T07:15:01.786+0000	[#############...........] benchmark.Twitter	26.6GB/49.1GB (54.2%)
2021-10-28T07:15:04.786+0000	[#############...........] benchmark.Twitter	26.7GB/49.1GB (54.4%)
2021-10-28T07:15:07.785+0000	[#############...........] benchmark.Twitter	26.8GB/49.1GB (54.5%)
2021-10-28T07:15:10.785+0000	[#############...........] benchmark.Twitter	26.8GB/49.1GB (54.6%)
2021-10-28T07:15:13.786+0000	[#############...........] benchmark.Twitter	26.9GB/49.1GB (54.8%)
2021-10-28T07:15:16.786+0000	[#############...........] benchmark.Twitter	27.0GB/49.1GB (54.9%)
2021-10-28T07:15:19.786+0000	[#############...........] benchmark.Twitter	27.0GB/49.1GB (55.0%)
2021-10-28T07:15:22.786+0000	[#############...........] benchmark.Twitter	27.1GB/49.1GB (55.1%)
2021-10-28T07:15:25.786+0000	[#############...........] benchmark.Twitter	27.1GB/49.1GB (55.2%)
2021-10-28T07:15:28.786+0000	[#############...........] benchmark.Twitter	27.2GB/49.1GB (55.4%)
2021-10-28T07:15:31.785+0000	[#############...........] benchmark.Twitter	27.3GB/49.1GB (55.5%)
2021-10-28T07:15:34.786+0000	[#############...........] benchmark.Twitter	27.3GB/49.1GB (55.6%)
2021-10-28T07:15:37.786+0000	[#############...........] benchmark.Twitter	27.4GB/49.1GB (55.7%)
2021-10-28T07:15:40.785+0000	[#############...........] benchmark.Twitter	27.4GB/49.1GB (55.9%)
2021-10-28T07:15:43.786+0000	[#############...........] benchmark.Twitter	27.5GB/49.1GB (56.0%)
2021-10-28T07:15:46.786+0000	[#############...........] benchmark.Twitter	27.6GB/49.1GB (56.1%)
2021-10-28T07:15:49.786+0000	[#############...........] benchmark.Twitter	27.6GB/49.1GB (56.2%)
2021-10-28T07:15:52.786+0000	[#############...........] benchmark.Twitter	27.7GB/49.1GB (56.4%)
2021-10-28T07:15:55.785+0000	[#############...........] benchmark.Twitter	27.8GB/49.1GB (56.5%)
2021-10-28T07:15:58.786+0000	[#############...........] benchmark.Twitter	27.8GB/49.1GB (56.6%)
2021-10-28T07:16:01.789+0000	[#############...........] benchmark.Twitter	27.9GB/49.1GB (56.7%)
2021-10-28T07:16:04.785+0000	[#############...........] benchmark.Twitter	27.9GB/49.1GB (56.8%)
2021-10-28T07:16:07.786+0000	[#############...........] benchmark.Twitter	28.0GB/49.1GB (57.0%)
2021-10-28T07:16:10.786+0000	[#############...........] benchmark.Twitter	28.1GB/49.1GB (57.1%)
2021-10-28T07:16:13.787+0000	[#############...........] benchmark.Twitter	28.1GB/49.1GB (57.2%)
2021-10-28T07:16:16.787+0000	[#############...........] benchmark.Twitter	28.2GB/49.1GB (57.3%)
2021-10-28T07:16:19.785+0000	[#############...........] benchmark.Twitter	28.2GB/49.1GB (57.4%)
2021-10-28T07:16:22.786+0000	[#############...........] benchmark.Twitter	28.3GB/49.1GB (57.6%)
2021-10-28T07:16:25.785+0000	[#############...........] benchmark.Twitter	28.3GB/49.1GB (57.7%)
2021-10-28T07:16:28.786+0000	[#############...........] benchmark.Twitter	28.4GB/49.1GB (57.8%)
2021-10-28T07:16:31.786+0000	[#############...........] benchmark.Twitter	28.4GB/49.1GB (57.9%)
2021-10-28T07:16:34.785+0000	[#############...........] benchmark.Twitter	28.5GB/49.1GB (58.0%)
2021-10-28T07:16:37.786+0000	[#############...........] benchmark.Twitter	28.6GB/49.1GB (58.1%)
2021-10-28T07:16:40.786+0000	[#############...........] benchmark.Twitter	28.6GB/49.1GB (58.2%)
2021-10-28T07:16:43.786+0000	[##############..........] benchmark.Twitter	28.7GB/49.1GB (58.3%)
2021-10-28T07:16:46.786+0000	[##############..........] benchmark.Twitter	28.7GB/49.1GB (58.5%)
2021-10-28T07:16:49.786+0000	[##############..........] benchmark.Twitter	28.8GB/49.1GB (58.6%)
2021-10-28T07:16:52.786+0000	[##############..........] benchmark.Twitter	28.8GB/49.1GB (58.7%)
2021-10-28T07:16:55.785+0000	[##############..........] benchmark.Twitter	28.9GB/49.1GB (58.8%)
2021-10-28T07:16:58.785+0000	[##############..........] benchmark.Twitter	29.0GB/49.1GB (59.0%)
2021-10-28T07:17:01.794+0000	[##############..........] benchmark.Twitter	29.0GB/49.1GB (59.1%)
2021-10-28T07:17:04.785+0000	[##############..........] benchmark.Twitter	29.1GB/49.1GB (59.2%)
2021-10-28T07:17:07.786+0000	[##############..........] benchmark.Twitter	29.1GB/49.1GB (59.3%)
2021-10-28T07:17:10.785+0000	[##############..........] benchmark.Twitter	29.2GB/49.1GB (59.4%)
2021-10-28T07:17:13.785+0000	[##############..........] benchmark.Twitter	29.3GB/49.1GB (59.5%)
2021-10-28T07:17:16.786+0000	[##############..........] benchmark.Twitter	29.3GB/49.1GB (59.7%)
2021-10-28T07:17:19.787+0000	[##############..........] benchmark.Twitter	29.4GB/49.1GB (59.8%)
2021-10-28T07:17:22.786+0000	[##############..........] benchmark.Twitter	29.4GB/49.1GB (59.9%)
2021-10-28T07:17:25.786+0000	[##############..........] benchmark.Twitter	29.5GB/49.1GB (60.0%)
2021-10-28T07:17:28.786+0000	[##############..........] benchmark.Twitter	29.6GB/49.1GB (60.2%)
2021-10-28T07:17:31.786+0000	[##############..........] benchmark.Twitter	29.6GB/49.1GB (60.3%)
2021-10-28T07:17:34.786+0000	[##############..........] benchmark.Twitter	29.7GB/49.1GB (60.4%)
2021-10-28T07:17:37.789+0000	[##############..........] benchmark.Twitter	29.7GB/49.1GB (60.5%)
2021-10-28T07:17:40.786+0000	[##############..........] benchmark.Twitter	29.8GB/49.1GB (60.7%)
2021-10-28T07:17:43.786+0000	[##############..........] benchmark.Twitter	29.9GB/49.1GB (60.8%)
2021-10-28T07:17:46.786+0000	[##############..........] benchmark.Twitter	29.9GB/49.1GB (60.9%)
2021-10-28T07:17:49.787+0000	[##############..........] benchmark.Twitter	30.0GB/49.1GB (61.0%)
2021-10-28T07:17:52.786+0000	[##############..........] benchmark.Twitter	30.1GB/49.1GB (61.2%)
2021-10-28T07:17:55.786+0000	[##############..........] benchmark.Twitter	30.1GB/49.1GB (61.3%)
2021-10-28T07:17:58.786+0000	[##############..........] benchmark.Twitter	30.2GB/49.1GB (61.4%)
2021-10-28T07:18:01.786+0000	[##############..........] benchmark.Twitter	30.2GB/49.1GB (61.5%)
2021-10-28T07:18:04.789+0000	[##############..........] benchmark.Twitter	30.3GB/49.1GB (61.6%)
2021-10-28T07:18:07.785+0000	[##############..........] benchmark.Twitter	30.3GB/49.1GB (61.7%)
2021-10-28T07:18:10.787+0000	[##############..........] benchmark.Twitter	30.4GB/49.1GB (61.9%)
2021-10-28T07:18:13.786+0000	[##############..........] benchmark.Twitter	30.4GB/49.1GB (62.0%)
2021-10-28T07:18:16.786+0000	[##############..........] benchmark.Twitter	30.5GB/49.1GB (62.1%)
2021-10-28T07:18:19.786+0000	[##############..........] benchmark.Twitter	30.6GB/49.1GB (62.2%)
2021-10-28T07:18:22.786+0000	[##############..........] benchmark.Twitter	30.6GB/49.1GB (62.3%)
2021-10-28T07:18:25.787+0000	[##############..........] benchmark.Twitter	30.7GB/49.1GB (62.4%)
2021-10-28T07:18:28.786+0000	[###############.........] benchmark.Twitter	30.7GB/49.1GB (62.6%)
2021-10-28T07:18:31.786+0000	[###############.........] benchmark.Twitter	30.8GB/49.1GB (62.7%)
2021-10-28T07:18:34.786+0000	[###############.........] benchmark.Twitter	30.9GB/49.1GB (62.8%)
2021-10-28T07:18:37.786+0000	[###############.........] benchmark.Twitter	30.9GB/49.1GB (62.9%)
2021-10-28T07:18:40.787+0000	[###############.........] benchmark.Twitter	31.0GB/49.1GB (63.1%)
2021-10-28T07:18:43.785+0000	[###############.........] benchmark.Twitter	31.0GB/49.1GB (63.2%)
2021-10-28T07:18:46.786+0000	[###############.........] benchmark.Twitter	31.1GB/49.1GB (63.3%)
2021-10-28T07:18:49.786+0000	[###############.........] benchmark.Twitter	31.2GB/49.1GB (63.4%)
2021-10-28T07:18:52.787+0000	[###############.........] benchmark.Twitter	31.2GB/49.1GB (63.6%)
2021-10-28T07:18:55.786+0000	[###############.........] benchmark.Twitter	31.3GB/49.1GB (63.7%)
2021-10-28T07:18:58.786+0000	[###############.........] benchmark.Twitter	31.4GB/49.1GB (63.8%)
2021-10-28T07:19:01.786+0000	[###############.........] benchmark.Twitter	31.4GB/49.1GB (63.9%)
2021-10-28T07:19:04.786+0000	[###############.........] benchmark.Twitter	31.5GB/49.1GB (64.1%)
2021-10-28T07:19:07.788+0000	[###############.........] benchmark.Twitter	31.5GB/49.1GB (64.2%)
2021-10-28T07:19:10.785+0000	[###############.........] benchmark.Twitter	31.6GB/49.1GB (64.3%)
2021-10-28T07:19:13.787+0000	[###############.........] benchmark.Twitter	31.6GB/49.1GB (64.4%)
2021-10-28T07:19:16.785+0000	[###############.........] benchmark.Twitter	31.7GB/49.1GB (64.5%)
2021-10-28T07:19:19.785+0000	[###############.........] benchmark.Twitter	31.8GB/49.1GB (64.6%)
2021-10-28T07:19:22.786+0000	[###############.........] benchmark.Twitter	31.8GB/49.1GB (64.8%)
2021-10-28T07:19:25.786+0000	[###############.........] benchmark.Twitter	31.9GB/49.1GB (64.9%)
2021-10-28T07:19:28.786+0000	[###############.........] benchmark.Twitter	31.9GB/49.1GB (65.0%)
2021-10-28T07:19:31.786+0000	[###############.........] benchmark.Twitter	32.0GB/49.1GB (65.1%)
2021-10-28T07:19:34.786+0000	[###############.........] benchmark.Twitter	32.1GB/49.1GB (65.3%)
2021-10-28T07:19:37.786+0000	[###############.........] benchmark.Twitter	32.1GB/49.1GB (65.4%)
2021-10-28T07:19:40.786+0000	[###############.........] benchmark.Twitter	32.2GB/49.1GB (65.5%)
2021-10-28T07:19:43.786+0000	[###############.........] benchmark.Twitter	32.2GB/49.1GB (65.6%)
2021-10-28T07:19:46.785+0000	[###############.........] benchmark.Twitter	32.3GB/49.1GB (65.8%)
2021-10-28T07:19:49.787+0000	[###############.........] benchmark.Twitter	32.4GB/49.1GB (65.9%)
2021-10-28T07:19:52.786+0000	[###############.........] benchmark.Twitter	32.4GB/49.1GB (66.0%)
2021-10-28T07:19:55.785+0000	[###############.........] benchmark.Twitter	32.5GB/49.1GB (66.1%)
2021-10-28T07:19:58.786+0000	[###############.........] benchmark.Twitter	32.6GB/49.1GB (66.3%)
2021-10-28T07:20:01.785+0000	[###############.........] benchmark.Twitter	32.6GB/49.1GB (66.4%)
2021-10-28T07:20:04.785+0000	[###############.........] benchmark.Twitter	32.7GB/49.1GB (66.5%)
2021-10-28T07:20:07.785+0000	[###############.........] benchmark.Twitter	32.7GB/49.1GB (66.6%)
2021-10-28T07:20:10.785+0000	[################........] benchmark.Twitter	32.8GB/49.1GB (66.7%)
2021-10-28T07:20:13.785+0000	[################........] benchmark.Twitter	32.9GB/49.1GB (66.9%)
2021-10-28T07:20:16.786+0000	[################........] benchmark.Twitter	32.9GB/49.1GB (67.0%)
2021-10-28T07:20:19.787+0000	[################........] benchmark.Twitter	33.0GB/49.1GB (67.1%)
2021-10-28T07:20:22.785+0000	[################........] benchmark.Twitter	33.0GB/49.1GB (67.2%)
2021-10-28T07:20:25.786+0000	[################........] benchmark.Twitter	33.1GB/49.1GB (67.4%)
2021-10-28T07:20:28.785+0000	[################........] benchmark.Twitter	33.1GB/49.1GB (67.5%)
2021-10-28T07:20:31.786+0000	[################........] benchmark.Twitter	33.2GB/49.1GB (67.6%)
2021-10-28T07:20:34.785+0000	[################........] benchmark.Twitter	33.3GB/49.1GB (67.7%)
2021-10-28T07:20:37.786+0000	[################........] benchmark.Twitter	33.3GB/49.1GB (67.8%)
2021-10-28T07:20:40.786+0000	[################........] benchmark.Twitter	33.4GB/49.1GB (68.0%)
2021-10-28T07:20:43.785+0000	[################........] benchmark.Twitter	33.4GB/49.1GB (68.1%)
2021-10-28T07:20:46.785+0000	[################........] benchmark.Twitter	33.5GB/49.1GB (68.2%)
2021-10-28T07:20:49.786+0000	[################........] benchmark.Twitter	33.6GB/49.1GB (68.3%)
2021-10-28T07:20:52.786+0000	[################........] benchmark.Twitter	33.6GB/49.1GB (68.4%)
2021-10-28T07:20:55.785+0000	[################........] benchmark.Twitter	33.7GB/49.1GB (68.6%)
2021-10-28T07:20:58.786+0000	[################........] benchmark.Twitter	33.8GB/49.1GB (68.7%)
2021-10-28T07:21:01.785+0000	[################........] benchmark.Twitter	33.8GB/49.1GB (68.8%)
2021-10-28T07:21:04.786+0000	[################........] benchmark.Twitter	33.9GB/49.1GB (68.9%)
2021-10-28T07:21:07.786+0000	[################........] benchmark.Twitter	33.9GB/49.1GB (69.1%)
2021-10-28T07:21:10.785+0000	[################........] benchmark.Twitter	34.0GB/49.1GB (69.2%)
2021-10-28T07:21:13.786+0000	[################........] benchmark.Twitter	34.0GB/49.1GB (69.3%)
2021-10-28T07:21:16.785+0000	[################........] benchmark.Twitter	34.1GB/49.1GB (69.4%)
2021-10-28T07:21:19.786+0000	[################........] benchmark.Twitter	34.2GB/49.1GB (69.5%)
2021-10-28T07:21:22.786+0000	[################........] benchmark.Twitter	34.2GB/49.1GB (69.7%)
2021-10-28T07:21:25.785+0000	[################........] benchmark.Twitter	34.3GB/49.1GB (69.8%)
2021-10-28T07:21:28.787+0000	[################........] benchmark.Twitter	34.4GB/49.1GB (69.9%)
2021-10-28T07:21:31.786+0000	[################........] benchmark.Twitter	34.4GB/49.1GB (70.0%)
2021-10-28T07:21:34.786+0000	[################........] benchmark.Twitter	34.5GB/49.1GB (70.2%)
2021-10-28T07:21:37.785+0000	[################........] benchmark.Twitter	34.5GB/49.1GB (70.3%)
2021-10-28T07:21:40.787+0000	[################........] benchmark.Twitter	34.6GB/49.1GB (70.4%)
2021-10-28T07:21:43.786+0000	[################........] benchmark.Twitter	34.6GB/49.1GB (70.5%)
2021-10-28T07:21:46.786+0000	[################........] benchmark.Twitter	34.7GB/49.1GB (70.7%)
2021-10-28T07:21:49.785+0000	[################........] benchmark.Twitter	34.8GB/49.1GB (70.8%)
2021-10-28T07:21:52.786+0000	[#################.......] benchmark.Twitter	34.8GB/49.1GB (70.9%)
2021-10-28T07:21:55.787+0000	[#################.......] benchmark.Twitter	34.9GB/49.1GB (71.0%)
2021-10-28T07:21:58.786+0000	[#################.......] benchmark.Twitter	35.0GB/49.1GB (71.1%)
2021-10-28T07:22:01.786+0000	[#################.......] benchmark.Twitter	35.0GB/49.1GB (71.3%)
2021-10-28T07:22:04.788+0000	[#################.......] benchmark.Twitter	35.1GB/49.1GB (71.4%)
2021-10-28T07:22:07.786+0000	[#################.......] benchmark.Twitter	35.1GB/49.1GB (71.5%)
2021-10-28T07:22:10.786+0000	[#################.......] benchmark.Twitter	35.2GB/49.1GB (71.7%)
2021-10-28T07:22:13.786+0000	[#################.......] benchmark.Twitter	35.3GB/49.1GB (71.8%)
2021-10-28T07:22:16.785+0000	[#################.......] benchmark.Twitter	35.3GB/49.1GB (71.9%)
2021-10-28T07:22:19.786+0000	[#################.......] benchmark.Twitter	35.4GB/49.1GB (72.0%)
2021-10-28T07:22:22.785+0000	[#################.......] benchmark.Twitter	35.4GB/49.1GB (72.1%)
2021-10-28T07:22:25.786+0000	[#################.......] benchmark.Twitter	35.5GB/49.1GB (72.2%)
2021-10-28T07:22:28.785+0000	[#################.......] benchmark.Twitter	35.6GB/49.1GB (72.4%)
2021-10-28T07:22:31.786+0000	[#################.......] benchmark.Twitter	35.6GB/49.1GB (72.5%)
2021-10-28T07:22:34.788+0000	[#################.......] benchmark.Twitter	35.7GB/49.1GB (72.6%)
2021-10-28T07:22:37.785+0000	[#################.......] benchmark.Twitter	35.7GB/49.1GB (72.7%)
2021-10-28T07:22:40.786+0000	[#################.......] benchmark.Twitter	35.8GB/49.1GB (72.9%)
2021-10-28T07:22:43.788+0000	[#################.......] benchmark.Twitter	35.9GB/49.1GB (73.0%)
2021-10-28T07:22:46.785+0000	[#################.......] benchmark.Twitter	35.9GB/49.1GB (73.1%)
2021-10-28T07:22:49.785+0000	[#################.......] benchmark.Twitter	36.0GB/49.1GB (73.2%)
2021-10-28T07:22:52.786+0000	[#################.......] benchmark.Twitter	36.0GB/49.1GB (73.4%)
2021-10-28T07:22:55.787+0000	[#################.......] benchmark.Twitter	36.1GB/49.1GB (73.5%)
2021-10-28T07:22:58.785+0000	[#################.......] benchmark.Twitter	36.2GB/49.1GB (73.6%)
2021-10-28T07:23:01.785+0000	[#################.......] benchmark.Twitter	36.2GB/49.1GB (73.7%)
2021-10-28T07:23:04.785+0000	[#################.......] benchmark.Twitter	36.3GB/49.1GB (73.9%)
2021-10-28T07:23:07.786+0000	[#################.......] benchmark.Twitter	36.4GB/49.1GB (74.0%)
2021-10-28T07:23:10.785+0000	[#################.......] benchmark.Twitter	36.4GB/49.1GB (74.1%)
2021-10-28T07:23:13.786+0000	[#################.......] benchmark.Twitter	36.5GB/49.1GB (74.2%)
2021-10-28T07:23:16.786+0000	[#################.......] benchmark.Twitter	36.5GB/49.1GB (74.4%)
2021-10-28T07:23:19.786+0000	[#################.......] benchmark.Twitter	36.6GB/49.1GB (74.5%)
2021-10-28T07:23:22.786+0000	[#################.......] benchmark.Twitter	36.6GB/49.1GB (74.6%)
2021-10-28T07:23:25.786+0000	[#################.......] benchmark.Twitter	36.7GB/49.1GB (74.7%)
2021-10-28T07:23:28.787+0000	[#################.......] benchmark.Twitter	36.8GB/49.1GB (74.8%)
2021-10-28T07:23:31.785+0000	[#################.......] benchmark.Twitter	36.8GB/49.1GB (75.0%)
2021-10-28T07:23:34.786+0000	[##################......] benchmark.Twitter	36.9GB/49.1GB (75.1%)
2021-10-28T07:23:37.785+0000	[##################......] benchmark.Twitter	37.0GB/49.1GB (75.2%)
2021-10-28T07:23:40.786+0000	[##################......] benchmark.Twitter	37.0GB/49.1GB (75.3%)
2021-10-28T07:23:43.786+0000	[##################......] benchmark.Twitter	37.1GB/49.1GB (75.5%)
2021-10-28T07:23:46.786+0000	[##################......] benchmark.Twitter	37.1GB/49.1GB (75.6%)
2021-10-28T07:23:49.785+0000	[##################......] benchmark.Twitter	37.2GB/49.1GB (75.7%)
2021-10-28T07:23:52.787+0000	[##################......] benchmark.Twitter	37.3GB/49.1GB (75.8%)
2021-10-28T07:23:55.786+0000	[##################......] benchmark.Twitter	37.3GB/49.1GB (76.0%)
2021-10-28T07:23:58.786+0000	[##################......] benchmark.Twitter	37.4GB/49.1GB (76.1%)
2021-10-28T07:24:01.786+0000	[##################......] benchmark.Twitter	37.4GB/49.1GB (76.2%)
2021-10-28T07:24:04.785+0000	[##################......] benchmark.Twitter	37.5GB/49.1GB (76.3%)
2021-10-28T07:24:07.786+0000	[##################......] benchmark.Twitter	37.6GB/49.1GB (76.5%)
2021-10-28T07:24:10.786+0000	[##################......] benchmark.Twitter	37.6GB/49.1GB (76.6%)
2021-10-28T07:24:13.786+0000	[##################......] benchmark.Twitter	37.7GB/49.1GB (76.7%)
2021-10-28T07:24:16.786+0000	[##################......] benchmark.Twitter	37.7GB/49.1GB (76.8%)
2021-10-28T07:24:19.786+0000	[##################......] benchmark.Twitter	37.8GB/49.1GB (76.9%)
2021-10-28T07:24:22.786+0000	[##################......] benchmark.Twitter	37.9GB/49.1GB (77.0%)
2021-10-28T07:24:25.786+0000	[##################......] benchmark.Twitter	37.9GB/49.1GB (77.1%)
2021-10-28T07:24:28.786+0000	[##################......] benchmark.Twitter	38.0GB/49.1GB (77.3%)
2021-10-28T07:24:31.786+0000	[##################......] benchmark.Twitter	38.0GB/49.1GB (77.4%)
2021-10-28T07:24:34.786+0000	[##################......] benchmark.Twitter	38.1GB/49.1GB (77.5%)
2021-10-28T07:24:37.786+0000	[##################......] benchmark.Twitter	38.1GB/49.1GB (77.6%)
2021-10-28T07:24:40.786+0000	[##################......] benchmark.Twitter	38.2GB/49.1GB (77.8%)
2021-10-28T07:24:43.785+0000	[##################......] benchmark.Twitter	38.3GB/49.1GB (77.9%)
2021-10-28T07:24:46.788+0000	[##################......] benchmark.Twitter	38.3GB/49.1GB (78.0%)
2021-10-28T07:24:49.785+0000	[##################......] benchmark.Twitter	38.4GB/49.1GB (78.1%)
2021-10-28T07:24:52.785+0000	[##################......] benchmark.Twitter	38.5GB/49.1GB (78.3%)
2021-10-28T07:24:55.786+0000	[##################......] benchmark.Twitter	38.5GB/49.1GB (78.4%)
2021-10-28T07:24:58.785+0000	[##################......] benchmark.Twitter	38.6GB/49.1GB (78.5%)
2021-10-28T07:25:01.786+0000	[##################......] benchmark.Twitter	38.6GB/49.1GB (78.6%)
2021-10-28T07:25:04.785+0000	[##################......] benchmark.Twitter	38.7GB/49.1GB (78.8%)
2021-10-28T07:25:07.785+0000	[##################......] benchmark.Twitter	38.8GB/49.1GB (78.9%)
2021-10-28T07:25:10.787+0000	[##################......] benchmark.Twitter	38.8GB/49.1GB (79.0%)
2021-10-28T07:25:13.785+0000	[##################......] benchmark.Twitter	38.9GB/49.1GB (79.1%)
2021-10-28T07:25:16.787+0000	[###################.....] benchmark.Twitter	39.0GB/49.1GB (79.3%)
2021-10-28T07:25:19.786+0000	[###################.....] benchmark.Twitter	39.0GB/49.1GB (79.4%)
2021-10-28T07:25:22.785+0000	[###################.....] benchmark.Twitter	39.1GB/49.1GB (79.5%)
2021-10-28T07:25:25.787+0000	[###################.....] benchmark.Twitter	39.1GB/49.1GB (79.6%)
2021-10-28T07:25:28.786+0000	[###################.....] benchmark.Twitter	39.2GB/49.1GB (79.7%)
2021-10-28T07:25:31.786+0000	[###################.....] benchmark.Twitter	39.2GB/49.1GB (79.9%)
2021-10-28T07:25:34.786+0000	[###################.....] benchmark.Twitter	39.3GB/49.1GB (80.0%)
2021-10-28T07:25:37.786+0000	[###################.....] benchmark.Twitter	39.4GB/49.1GB (80.1%)
2021-10-28T07:25:40.786+0000	[###################.....] benchmark.Twitter	39.4GB/49.1GB (80.2%)
2021-10-28T07:25:43.785+0000	[###################.....] benchmark.Twitter	39.5GB/49.1GB (80.4%)
2021-10-28T07:25:46.786+0000	[###################.....] benchmark.Twitter	39.5GB/49.1GB (80.5%)
2021-10-28T07:25:49.785+0000	[###################.....] benchmark.Twitter	39.6GB/49.1GB (80.6%)
2021-10-28T07:25:52.785+0000	[###################.....] benchmark.Twitter	39.7GB/49.1GB (80.7%)
2021-10-28T07:25:55.785+0000	[###################.....] benchmark.Twitter	39.7GB/49.1GB (80.9%)
2021-10-28T07:25:58.785+0000	[###################.....] benchmark.Twitter	39.8GB/49.1GB (81.0%)
2021-10-28T07:26:01.786+0000	[###################.....] benchmark.Twitter	39.9GB/49.1GB (81.1%)
2021-10-28T07:26:04.785+0000	[###################.....] benchmark.Twitter	39.9GB/49.1GB (81.2%)
2021-10-28T07:26:07.785+0000	[###################.....] benchmark.Twitter	40.0GB/49.1GB (81.4%)
2021-10-28T07:26:10.786+0000	[###################.....] benchmark.Twitter	40.0GB/49.1GB (81.5%)
2021-10-28T07:26:13.786+0000	[###################.....] benchmark.Twitter	40.1GB/49.1GB (81.6%)
2021-10-28T07:26:16.785+0000	[###################.....] benchmark.Twitter	40.2GB/49.1GB (81.7%)
2021-10-28T07:26:19.786+0000	[###################.....] benchmark.Twitter	40.2GB/49.1GB (81.9%)
2021-10-28T07:26:22.786+0000	[###################.....] benchmark.Twitter	40.3GB/49.1GB (82.0%)
2021-10-28T07:26:25.786+0000	[###################.....] benchmark.Twitter	40.4GB/49.1GB (82.1%)
2021-10-28T07:26:28.785+0000	[###################.....] benchmark.Twitter	40.4GB/49.1GB (82.2%)
2021-10-28T07:26:31.785+0000	[###################.....] benchmark.Twitter	40.5GB/49.1GB (82.3%)
2021-10-28T07:26:34.786+0000	[###################.....] benchmark.Twitter	40.5GB/49.1GB (82.5%)
2021-10-28T07:26:37.786+0000	[###################.....] benchmark.Twitter	40.6GB/49.1GB (82.6%)
2021-10-28T07:26:40.786+0000	[###################.....] benchmark.Twitter	40.6GB/49.1GB (82.7%)
2021-10-28T07:26:43.785+0000	[###################.....] benchmark.Twitter	40.7GB/49.1GB (82.8%)
2021-10-28T07:26:46.786+0000	[###################.....] benchmark.Twitter	40.8GB/49.1GB (83.0%)
2021-10-28T07:26:49.786+0000	[###################.....] benchmark.Twitter	40.8GB/49.1GB (83.1%)
2021-10-28T07:26:52.787+0000	[###################.....] benchmark.Twitter	40.9GB/49.1GB (83.2%)
2021-10-28T07:26:55.786+0000	[####################....] benchmark.Twitter	41.0GB/49.1GB (83.3%)
2021-10-28T07:26:58.786+0000	[####################....] benchmark.Twitter	41.0GB/49.1GB (83.5%)
2021-10-28T07:27:01.785+0000	[####################....] benchmark.Twitter	41.1GB/49.1GB (83.6%)
2021-10-28T07:27:04.786+0000	[####################....] benchmark.Twitter	41.1GB/49.1GB (83.7%)
2021-10-28T07:27:07.786+0000	[####################....] benchmark.Twitter	41.2GB/49.1GB (83.9%)
2021-10-28T07:27:10.786+0000	[####################....] benchmark.Twitter	41.3GB/49.1GB (84.0%)
2021-10-28T07:27:13.787+0000	[####################....] benchmark.Twitter	41.3GB/49.1GB (84.1%)
2021-10-28T07:27:16.786+0000	[####################....] benchmark.Twitter	41.4GB/49.1GB (84.2%)
2021-10-28T07:27:19.786+0000	[####################....] benchmark.Twitter	41.4GB/49.1GB (84.4%)
2021-10-28T07:27:22.786+0000	[####################....] benchmark.Twitter	41.5GB/49.1GB (84.5%)
2021-10-28T07:27:25.785+0000	[####################....] benchmark.Twitter	41.6GB/49.1GB (84.6%)
2021-10-28T07:27:28.785+0000	[####################....] benchmark.Twitter	41.6GB/49.1GB (84.7%)
2021-10-28T07:27:31.786+0000	[####################....] benchmark.Twitter	41.7GB/49.1GB (84.8%)
2021-10-28T07:27:34.786+0000	[####################....] benchmark.Twitter	41.7GB/49.1GB (84.9%)
2021-10-28T07:27:37.787+0000	[####################....] benchmark.Twitter	41.8GB/49.1GB (85.0%)
2021-10-28T07:27:40.786+0000	[####################....] benchmark.Twitter	41.8GB/49.1GB (85.2%)
2021-10-28T07:27:43.785+0000	[####################....] benchmark.Twitter	41.9GB/49.1GB (85.3%)
2021-10-28T07:27:46.785+0000	[####################....] benchmark.Twitter	42.0GB/49.1GB (85.4%)
2021-10-28T07:27:49.788+0000	[####################....] benchmark.Twitter	42.0GB/49.1GB (85.5%)
2021-10-28T07:27:52.787+0000	[####################....] benchmark.Twitter	42.1GB/49.1GB (85.6%)
2021-10-28T07:27:55.785+0000	[####################....] benchmark.Twitter	42.1GB/49.1GB (85.8%)
2021-10-28T07:27:58.786+0000	[####################....] benchmark.Twitter	42.2GB/49.1GB (85.9%)
2021-10-28T07:28:01.785+0000	[####################....] benchmark.Twitter	42.3GB/49.1GB (86.0%)
2021-10-28T07:28:04.787+0000	[####################....] benchmark.Twitter	42.3GB/49.1GB (86.1%)
2021-10-28T07:28:07.786+0000	[####################....] benchmark.Twitter	42.4GB/49.1GB (86.3%)
2021-10-28T07:28:10.786+0000	[####################....] benchmark.Twitter	42.4GB/49.1GB (86.4%)
2021-10-28T07:28:13.786+0000	[####################....] benchmark.Twitter	42.5GB/49.1GB (86.5%)
2021-10-28T07:28:16.785+0000	[####################....] benchmark.Twitter	42.6GB/49.1GB (86.6%)
2021-10-28T07:28:19.786+0000	[####################....] benchmark.Twitter	42.6GB/49.1GB (86.8%)
2021-10-28T07:28:22.786+0000	[####################....] benchmark.Twitter	42.7GB/49.1GB (86.9%)
2021-10-28T07:28:25.785+0000	[####################....] benchmark.Twitter	42.8GB/49.1GB (87.0%)
2021-10-28T07:28:28.785+0000	[####################....] benchmark.Twitter	42.8GB/49.1GB (87.1%)
2021-10-28T07:28:31.785+0000	[####################....] benchmark.Twitter	42.9GB/49.1GB (87.3%)
2021-10-28T07:28:34.786+0000	[####################....] benchmark.Twitter	42.9GB/49.1GB (87.4%)
2021-10-28T07:28:37.785+0000	[####################....] benchmark.Twitter	43.0GB/49.1GB (87.5%)
2021-10-28T07:28:40.786+0000	[#####################...] benchmark.Twitter	43.0GB/49.1GB (87.6%)
2021-10-28T07:28:43.786+0000	[#####################...] benchmark.Twitter	43.1GB/49.1GB (87.7%)
2021-10-28T07:28:46.786+0000	[#####################...] benchmark.Twitter	43.2GB/49.1GB (87.8%)
2021-10-28T07:28:49.786+0000	[#####################...] benchmark.Twitter	43.2GB/49.1GB (88.0%)
2021-10-28T07:28:52.786+0000	[#####################...] benchmark.Twitter	43.3GB/49.1GB (88.1%)
2021-10-28T07:28:55.786+0000	[#####################...] benchmark.Twitter	43.3GB/49.1GB (88.2%)
2021-10-28T07:28:58.786+0000	[#####################...] benchmark.Twitter	43.4GB/49.1GB (88.3%)
2021-10-28T07:29:01.785+0000	[#####################...] benchmark.Twitter	43.5GB/49.1GB (88.5%)
2021-10-28T07:29:04.787+0000	[#####################...] benchmark.Twitter	43.5GB/49.1GB (88.6%)
2021-10-28T07:29:07.786+0000	[#####################...] benchmark.Twitter	43.6GB/49.1GB (88.7%)
2021-10-28T07:29:10.786+0000	[#####################...] benchmark.Twitter	43.6GB/49.1GB (88.8%)
2021-10-28T07:29:13.787+0000	[#####################...] benchmark.Twitter	43.7GB/49.1GB (89.0%)
2021-10-28T07:29:16.787+0000	[#####################...] benchmark.Twitter	43.8GB/49.1GB (89.1%)
2021-10-28T07:29:19.785+0000	[#####################...] benchmark.Twitter	43.8GB/49.1GB (89.2%)
2021-10-28T07:29:22.786+0000	[#####################...] benchmark.Twitter	43.9GB/49.1GB (89.3%)
2021-10-28T07:29:25.785+0000	[#####################...] benchmark.Twitter	43.9GB/49.1GB (89.4%)
2021-10-28T07:29:28.786+0000	[#####################...] benchmark.Twitter	44.0GB/49.1GB (89.6%)
2021-10-28T07:29:31.785+0000	[#####################...] benchmark.Twitter	44.0GB/49.1GB (89.7%)
2021-10-28T07:29:34.785+0000	[#####################...] benchmark.Twitter	44.1GB/49.1GB (89.8%)
2021-10-28T07:29:37.786+0000	[#####################...] benchmark.Twitter	44.2GB/49.1GB (89.9%)
2021-10-28T07:29:40.786+0000	[#####################...] benchmark.Twitter	44.2GB/49.1GB (90.0%)
2021-10-28T07:29:43.785+0000	[#####################...] benchmark.Twitter	44.3GB/49.1GB (90.1%)
2021-10-28T07:29:46.786+0000	[#####################...] benchmark.Twitter	44.3GB/49.1GB (90.2%)
2021-10-28T07:29:49.787+0000	[#####################...] benchmark.Twitter	44.4GB/49.1GB (90.4%)
2021-10-28T07:29:52.786+0000	[#####################...] benchmark.Twitter	44.5GB/49.1GB (90.5%)
2021-10-28T07:29:55.785+0000	[#####################...] benchmark.Twitter	44.5GB/49.1GB (90.6%)
2021-10-28T07:29:58.786+0000	[#####################...] benchmark.Twitter	44.6GB/49.1GB (90.7%)
2021-10-28T07:30:01.785+0000	[#####################...] benchmark.Twitter	44.6GB/49.1GB (90.9%)
2021-10-28T07:30:04.787+0000	[#####################...] benchmark.Twitter	44.7GB/49.1GB (91.0%)
2021-10-28T07:30:07.785+0000	[#####################...] benchmark.Twitter	44.8GB/49.1GB (91.1%)
2021-10-28T07:30:10.787+0000	[#####################...] benchmark.Twitter	44.8GB/49.1GB (91.2%)
2021-10-28T07:30:13.786+0000	[#####################...] benchmark.Twitter	44.9GB/49.1GB (91.4%)
2021-10-28T07:30:16.786+0000	[#####################...] benchmark.Twitter	45.0GB/49.1GB (91.5%)
2021-10-28T07:30:19.786+0000	[#####################...] benchmark.Twitter	45.0GB/49.1GB (91.6%)
2021-10-28T07:30:22.786+0000	[######################..] benchmark.Twitter	45.1GB/49.1GB (91.7%)
2021-10-28T07:30:25.788+0000	[######################..] benchmark.Twitter	45.1GB/49.1GB (91.9%)
2021-10-28T07:30:28.786+0000	[######################..] benchmark.Twitter	45.2GB/49.1GB (92.0%)
2021-10-28T07:30:31.786+0000	[######################..] benchmark.Twitter	45.3GB/49.1GB (92.1%)
2021-10-28T07:30:34.787+0000	[######################..] benchmark.Twitter	45.3GB/49.1GB (92.2%)
2021-10-28T07:30:37.786+0000	[######################..] benchmark.Twitter	45.4GB/49.1GB (92.4%)
2021-10-28T07:30:40.785+0000	[######################..] benchmark.Twitter	45.4GB/49.1GB (92.5%)
2021-10-28T07:30:43.786+0000	[######################..] benchmark.Twitter	45.5GB/49.1GB (92.6%)
2021-10-28T07:30:46.786+0000	[######################..] benchmark.Twitter	45.5GB/49.1GB (92.7%)
2021-10-28T07:30:49.786+0000	[######################..] benchmark.Twitter	45.6GB/49.1GB (92.8%)
2021-10-28T07:30:52.786+0000	[######################..] benchmark.Twitter	45.7GB/49.1GB (93.0%)
2021-10-28T07:30:55.786+0000	[######################..] benchmark.Twitter	45.7GB/49.1GB (93.1%)
2021-10-28T07:30:58.786+0000	[######################..] benchmark.Twitter	45.8GB/49.1GB (93.2%)
2021-10-28T07:31:01.786+0000	[######################..] benchmark.Twitter	45.9GB/49.1GB (93.3%)
2021-10-28T07:31:04.786+0000	[######################..] benchmark.Twitter	45.9GB/49.1GB (93.5%)
2021-10-28T07:31:07.785+0000	[######################..] benchmark.Twitter	46.0GB/49.1GB (93.6%)
2021-10-28T07:31:10.786+0000	[######################..] benchmark.Twitter	46.0GB/49.1GB (93.7%)
2021-10-28T07:31:13.786+0000	[######################..] benchmark.Twitter	46.1GB/49.1GB (93.8%)
2021-10-28T07:31:16.786+0000	[######################..] benchmark.Twitter	46.2GB/49.1GB (94.0%)
2021-10-28T07:31:19.785+0000	[######################..] benchmark.Twitter	46.2GB/49.1GB (94.1%)
2021-10-28T07:31:22.785+0000	[######################..] benchmark.Twitter	46.3GB/49.1GB (94.2%)
2021-10-28T07:31:25.786+0000	[######################..] benchmark.Twitter	46.4GB/49.1GB (94.3%)
2021-10-28T07:31:28.785+0000	[######################..] benchmark.Twitter	46.4GB/49.1GB (94.5%)
2021-10-28T07:31:31.786+0000	[######################..] benchmark.Twitter	46.5GB/49.1GB (94.6%)
2021-10-28T07:31:34.786+0000	[######################..] benchmark.Twitter	46.5GB/49.1GB (94.7%)
2021-10-28T07:31:37.786+0000	[######################..] benchmark.Twitter	46.6GB/49.1GB (94.8%)
2021-10-28T07:31:40.790+0000	[######################..] benchmark.Twitter	46.6GB/49.1GB (95.0%)
2021-10-28T07:31:43.788+0000	[######################..] benchmark.Twitter	46.7GB/49.1GB (95.1%)
2021-10-28T07:31:46.785+0000	[######################..] benchmark.Twitter	46.8GB/49.1GB (95.2%)
2021-10-28T07:31:49.786+0000	[######################..] benchmark.Twitter	46.8GB/49.1GB (95.3%)
2021-10-28T07:31:52.785+0000	[######################..] benchmark.Twitter	46.9GB/49.1GB (95.4%)
2021-10-28T07:31:55.785+0000	[######################..] benchmark.Twitter	46.9GB/49.1GB (95.5%)
2021-10-28T07:31:58.785+0000	[######################..] benchmark.Twitter	47.0GB/49.1GB (95.6%)
2021-10-28T07:32:01.785+0000	[######################..] benchmark.Twitter	47.0GB/49.1GB (95.8%)
2021-10-28T07:32:04.786+0000	[#######################.] benchmark.Twitter	47.1GB/49.1GB (95.9%)
2021-10-28T07:32:07.785+0000	[#######################.] benchmark.Twitter	47.2GB/49.1GB (96.0%)
2021-10-28T07:32:10.785+0000	[#######################.] benchmark.Twitter	47.2GB/49.1GB (96.1%)
2021-10-28T07:32:13.786+0000	[#######################.] benchmark.Twitter	47.3GB/49.1GB (96.2%)
2021-10-28T07:32:16.786+0000	[#######################.] benchmark.Twitter	47.3GB/49.1GB (96.4%)
2021-10-28T07:32:19.786+0000	[#######################.] benchmark.Twitter	47.4GB/49.1GB (96.5%)
2021-10-28T07:32:22.787+0000	[#######################.] benchmark.Twitter	47.5GB/49.1GB (96.6%)
2021-10-28T07:32:25.786+0000	[#######################.] benchmark.Twitter	47.5GB/49.1GB (96.7%)
2021-10-28T07:32:28.787+0000	[#######################.] benchmark.Twitter	47.6GB/49.1GB (96.9%)
2021-10-28T07:32:31.787+0000	[#######################.] benchmark.Twitter	47.6GB/49.1GB (97.0%)
2021-10-28T07:32:34.787+0000	[#######################.] benchmark.Twitter	47.7GB/49.1GB (97.1%)
2021-10-28T07:32:37.786+0000	[#######################.] benchmark.Twitter	47.8GB/49.1GB (97.2%)
2021-10-28T07:32:40.786+0000	[#######################.] benchmark.Twitter	47.8GB/49.1GB (97.4%)
2021-10-28T07:32:43.786+0000	[#######################.] benchmark.Twitter	47.9GB/49.1GB (97.5%)
2021-10-28T07:32:46.786+0000	[#######################.] benchmark.Twitter	48.0GB/49.1GB (97.6%)
2021-10-28T07:32:49.785+0000	[#######################.] benchmark.Twitter	48.0GB/49.1GB (97.7%)
2021-10-28T07:32:52.787+0000	[#######################.] benchmark.Twitter	48.1GB/49.1GB (97.8%)
2021-10-28T07:32:55.786+0000	[#######################.] benchmark.Twitter	48.1GB/49.1GB (98.0%)
2021-10-28T07:32:58.785+0000	[#######################.] benchmark.Twitter	48.2GB/49.1GB (98.1%)
2021-10-28T07:33:01.786+0000	[#######################.] benchmark.Twitter	48.2GB/49.1GB (98.2%)
2021-10-28T07:33:04.787+0000	[#######################.] benchmark.Twitter	48.3GB/49.1GB (98.3%)
2021-10-28T07:33:07.786+0000	[#######################.] benchmark.Twitter	48.4GB/49.1GB (98.4%)
2021-10-28T07:33:10.787+0000	[#######################.] benchmark.Twitter	48.4GB/49.1GB (98.6%)
2021-10-28T07:33:13.788+0000	[#######################.] benchmark.Twitter	48.5GB/49.1GB (98.7%)
2021-10-28T07:33:16.785+0000	[#######################.] benchmark.Twitter	48.5GB/49.1GB (98.8%)
2021-10-28T07:33:19.786+0000	[#######################.] benchmark.Twitter	48.6GB/49.1GB (98.9%)
2021-10-28T07:33:22.786+0000	[#######################.] benchmark.Twitter	48.7GB/49.1GB (99.1%)
2021-10-28T07:33:25.786+0000	[#######################.] benchmark.Twitter	48.7GB/49.1GB (99.2%)
2021-10-28T07:33:28.786+0000	[#######################.] benchmark.Twitter	48.8GB/49.1GB (99.3%)
2021-10-28T07:33:31.786+0000	[#######################.] benchmark.Twitter	48.9GB/49.1GB (99.5%)
2021-10-28T07:33:34.785+0000	[#######################.] benchmark.Twitter	48.9GB/49.1GB (99.6%)
2021-10-28T07:33:37.786+0000	[#######################.] benchmark.Twitter	49.0GB/49.1GB (99.7%)
2021-10-28T07:33:40.786+0000	[#######################.] benchmark.Twitter	49.0GB/49.1GB (99.8%)
2021-10-28T07:33:43.786+0000	[#######################.] benchmark.Twitter	49.1GB/49.1GB (100.0%)
2021-10-28T07:33:44.836+0000	[########################] benchmark.Twitter	49.1GB/49.1GB (100.0%)
2021-10-28T07:33:44.836+0000	13346336 document(s) imported successfully. 0 document(s) failed to import.
mongo-benchmark
MongoDB: 3623.49 s
mongo-benchmark
=== Found Postgres query file, executing Postgres queries ===
= File:'Twitter.json' =
13.4-alpine: Pulling from library/postgres
Digest: sha256:c170270dc9ba94f491375e366fa2cf46d0bc0027e4a69d70e6e9d1454ba748dc
Status: Image is up to date for postgres:13.4-alpine
f831770839c842cfee30fc869de6e8ba0dde692032d6ee18e3ea6cfec4a99575
3
PSQL: 8106.63 s
psql-benchmark
=== Found JQ query file, executing JQ queries ===
Sending build context to Docker daemon  112.1kB
Step 1/2 : FROM alpine
 ---> 14119a10abf4
Step 2/2 : RUN apk add --no-cache --upgrade bash jq
 ---> Using cache
 ---> 91ec4132b45e
Successfully built 91ec4132b45e
Successfully tagged nicotin/jq:05-10-2021
write /dev/stdout: broken pipe
0
JQ: 20086.1 s
jq-benchmark
=== Results ===
= JQ =
Overall: 20086.1
= JODA =
Overall: 274.829
Query Time: 147.171
17.207585357
13.705440726
14.337675848
14.927202818
14.165691391
13.292219306
14.943815818
15.40362219
13.850528442
15.337022595
= Mongo =
Overall: 3623.49
189.203
158.989
164.53
177.463
66.513
73.565
82.89
83.502
82.879
81.464
Query Time: 1161
= PostgreSQL =
Overall: 8106.63
=== AGG Results ===
= JQ =
5073309
1985718
1423329
1253365
4467128
970479
434583
226865
79126
56933
= JODA =
13346336
5073309
1985718
1423329
1253365
4467128
970479
434583
226865
79126
56933
= Mongo =
5073309
1985718
1423329
1253365
4467128
970479
434583
226865
79126
56933
= PostgreSQL =
 5073309
 1985718
 1423329
 1253365
 4456547
 959898
 424002
 216709
 68970
 48900
