=== Found JODA query file, executing JODA queries ===
= File:'NoBench.json' =
0.12.3: Pulling from nicotin/joda
Digest: sha256:6c0c6b4a19967ae02ef348535acdb3eb8496453a8b868763c34370e10be0192f
Status: Image is up to date for nicotin/joda:0.12.3
77862818f74e6d98057d4337cd45e16332f96042203d7225ef6165a9fc9cb398
0
JODA: 1.64494 s
joda-benchmark
=== Found MongoDB query file, executing MongoDB queries ===
= File:'NoBench.json' =
5.0.3-focal: Pulling from library/mongo
Digest: sha256:f7c401402aa3e689fc42c7109247ab2d5a3e3b4b8a3ace4c2bf7a5fc74ca4917
Status: Image is up to date for mongo:5.0.3-focal
bcd0e2946915335c2f888873ad8034e98dce8cedbd14bea3905bd0cb232ae94c
2021-11-10T10:42:03.378+0000	connected to: mongodb://localhost/
2021-11-10T10:42:06.380+0000	[######..................] benchmark.NoBench	16.0MB/54.9MB (29.1%)
2021-11-10T10:42:09.378+0000	[#############...........] benchmark.NoBench	30.3MB/54.9MB (55.2%)
2021-11-10T10:42:12.378+0000	[##################......] benchmark.NoBench	42.7MB/54.9MB (77.7%)
2021-11-10T10:42:15.229+0000	[########################] benchmark.NoBench	54.9MB/54.9MB (100.0%)
2021-11-10T10:42:15.229+0000	100000 document(s) imported successfully. 0 document(s) failed to import.
mongo-benchmark
MongoDB: 18.1008 s
mongo-benchmark
=== Found Postgres query file, executing Postgres queries ===
= File:'NoBench.json' =
13.4-alpine: Pulling from library/postgres
Digest: sha256:c170270dc9ba94f491375e366fa2cf46d0bc0027e4a69d70e6e9d1454ba748dc
Status: Image is up to date for postgres:13.4-alpine
84b15f1f458db4b81e2895fe7b6f0adf833be1cc3fcb3a718eb7b34708f916c7
3
PSQL: 6.07416 s
psql-benchmark
=== Results ===
= JQ =
Overall: 
= JODA =
Overall: 1.64494
Query Time: 0.352122
0.049431361
0.044738253
0.041287627
0.03762149
0.033237405
0.027347884
0.031289293
0.029247224
0.02880541
0.029115982
= Mongo =
Overall: 18.1008
0.35
0.479
0.49
0.389
0.485
0.291
0.51
0.538
0.385
0.299
Query Time: 4.216
= PostgreSQL =
Overall: 6.07416
=== AGG Results ===
= JQ =

= JODA =
100000
34172
82443
82313
42304
18711
6632
3068
818
278
10
= Mongo =
34172
82443
82313
42304
18711
6632
3068
818
278
10
= PostgreSQL =
 34172
 82443
 82313
 42304
 18711
  6632
  3068
   818
   278
    10
