=== Found JODA query file, executing JODA queries ===
= File:'Twitter.json' =
0.12.4: Pulling from nicotin/joda
Digest: sha256:b253680f2c5ee1118e2c282e0c4ebff5cb6e87643fb98abcf1e686caaa35152a
Status: Image is up to date for nicotin/joda:0.12.4
c6a8df1a818880897425745db9f5c0313f7bfd1966a46d2b80806202e7ebe279
0
JODA: 63.3053 s
joda-benchmark
=== Results ===
= JQ =
Overall: 
= JODA =
Overall: 63.3053
Query Time: 7.9644
5.229557072
1.615525198
0.259976326
0.023969858
0.726284429
0.022719781
0.021343148
0.020455887
0.02419233
0.020372135
= Mongo =
Overall: 

Query Time: 
= PostgreSQL =
Overall: 
=== AGG Results ===
= JQ =

= JODA =
13346336
5073309
2880550
0
0
4235201
0
0
0
0
0
= Mongo =

= PostgreSQL =

