=== Found JODA query file, executing JODA queries ===
= File:'Twitter.json' =
0.12.4: Pulling from nicotin/joda
Digest: sha256:b253680f2c5ee1118e2c282e0c4ebff5cb6e87643fb98abcf1e686caaa35152a
Status: Image is up to date for nicotin/joda:0.12.4
d4931d87cde8d6103dabc9604abd148b20e1e031080603743eca0044cfb8e86e
0
JODA: 88.3917 s
joda-benchmark
=== Results ===
= JQ =
Overall: 
= JODA =
Overall: 88.3917
Query Time: 19.2346
6.031398039
4.167533311
1.407859314
1.231044723
1.426256476
1.918723588
0.601608487
0.590820752
1.066727358
0.792622043
= Mongo =
Overall: 

Query Time: 
= PostgreSQL =
Overall: 
=== AGG Results ===
= JQ =

= JODA =
13346336
5073309
7655190
10691615
4743231
5103781
10691615
1735489
3612523
3614297
3398357
= Mongo =

= PostgreSQL =

