=== Found JODA query file, executing JODA queries ===
= File:'Twitter.json' =
0.12.4: Pulling from nicotin/joda
Digest: sha256:b253680f2c5ee1118e2c282e0c4ebff5cb6e87643fb98abcf1e686caaa35152a
Status: Image is up to date for nicotin/joda:0.12.4
7d72e73c5f636ebe190479c39ba3c9a88a125ad095caba5239c4c68c47fb978a
0
JODA: 82.0281 s
joda-benchmark
=== Results ===
= JQ =
Overall: 
= JODA =
Overall: 82.0281
Query Time: 15.841
6.488136928
1.665108097
1.091575408
1.177362662
0.736436019
1.035043997
0.539302242
1.565116572
1.135186378
0.407719127
= Mongo =
Overall: 

Query Time: 
= PostgreSQL =
Overall: 
=== AGG Results ===
= JQ =

= JODA =
13346336
5073309
2391308
1071600
2812643
3616962
5073309
2798317
2610906
5104522
2094645
= Mongo =

= PostgreSQL =

