=== Found JODA query file, executing JODA queries ===
= File:'Twitter.json' =
0.12.4: Pulling from nicotin/joda
Digest: sha256:b253680f2c5ee1118e2c282e0c4ebff5cb6e87643fb98abcf1e686caaa35152a
Status: Image is up to date for nicotin/joda:0.12.4
6d3167b36a0e356f16249c5faa1b54487ed6ea4825ce7299a476d18b8b73a7f3
0
JODA: 72.8801 s
joda-benchmark
=== Results ===
= JQ =
Overall: 
= JODA =
Overall: 72.8801
Query Time: 13.8322
6.073554283
2.030850946
1.042149981
0.844719443
0.37156671
0.547882599
0.477811488
1.328748294
0.808792578
0.306083066
= Mongo =
Overall: 

Query Time: 
= PostgreSQL =
Overall: 
=== AGG Results ===
= JQ =

= JODA =
13346336
5073309
1430881
2360699
1764768
1086079
3421118
925632
5073309
3150924
1270518
= Mongo =

= PostgreSQL =

