=== Found JODA query file, executing JODA queries ===
= File:'NoBench.json' =
0.12.3: Pulling from nicotin/joda
Digest: sha256:6c0c6b4a19967ae02ef348535acdb3eb8496453a8b868763c34370e10be0192f
Status: Image is up to date for nicotin/joda:0.12.3
74b1693bebb10faa46d3e3ea7f0c22b2e3c298d024cf1eb877498e4026ee7835
0
JODA: 35.3079 s
joda-benchmark
=== Found MongoDB query file, executing MongoDB queries ===
= File:'NoBench.json' =
5.0.3-focal: Pulling from library/mongo
Digest: sha256:f7c401402aa3e689fc42c7109247ab2d5a3e3b4b8a3ace4c2bf7a5fc74ca4917
Status: Image is up to date for mongo:5.0.3-focal
b48e63ee5ba22dee846fb87a6bbea69f77d123c0b9118ac9685f168921e490a6
2021-11-09T08:50:51.143+0000	connected to: mongodb://localhost/
2021-11-09T08:50:54.143+0000	[........................] benchmark.NoBench	16.8MB/5.73GB (0.3%)
2021-11-09T08:50:57.144+0000	[........................] benchmark.NoBench	31.2MB/5.73GB (0.5%)
2021-11-09T08:51:00.144+0000	[........................] benchmark.NoBench	47.1MB/5.73GB (0.8%)
2021-11-09T08:51:03.148+0000	[........................] benchmark.NoBench	62.5MB/5.73GB (1.1%)
2021-11-09T08:51:06.144+0000	[........................] benchmark.NoBench	77.6MB/5.73GB (1.3%)
2021-11-09T08:51:09.143+0000	[........................] benchmark.NoBench	92.2MB/5.73GB (1.6%)
2021-11-09T08:51:12.143+0000	[........................] benchmark.NoBench	106MB/5.73GB (1.8%)
2021-11-09T08:51:15.144+0000	[........................] benchmark.NoBench	123MB/5.73GB (2.1%)
2021-11-09T08:51:18.144+0000	[........................] benchmark.NoBench	138MB/5.73GB (2.3%)
2021-11-09T08:51:21.143+0000	[........................] benchmark.NoBench	155MB/5.73GB (2.6%)
2021-11-09T08:51:24.143+0000	[........................] benchmark.NoBench	169MB/5.73GB (2.9%)
2021-11-09T08:51:27.145+0000	[........................] benchmark.NoBench	186MB/5.73GB (3.2%)
2021-11-09T08:51:30.143+0000	[........................] benchmark.NoBench	201MB/5.73GB (3.4%)
2021-11-09T08:51:33.145+0000	[........................] benchmark.NoBench	216MB/5.73GB (3.7%)
2021-11-09T08:51:36.143+0000	[........................] benchmark.NoBench	232MB/5.73GB (3.9%)
2021-11-09T08:51:39.144+0000	[#.......................] benchmark.NoBench	247MB/5.73GB (4.2%)
2021-11-09T08:51:42.143+0000	[#.......................] benchmark.NoBench	262MB/5.73GB (4.5%)
2021-11-09T08:51:45.143+0000	[#.......................] benchmark.NoBench	278MB/5.73GB (4.7%)
2021-11-09T08:51:48.144+0000	[#.......................] benchmark.NoBench	293MB/5.73GB (5.0%)
2021-11-09T08:51:51.143+0000	[#.......................] benchmark.NoBench	308MB/5.73GB (5.2%)
2021-11-09T08:51:54.145+0000	[#.......................] benchmark.NoBench	326MB/5.73GB (5.6%)
2021-11-09T08:51:57.144+0000	[#.......................] benchmark.NoBench	340MB/5.73GB (5.8%)
2021-11-09T08:52:00.144+0000	[#.......................] benchmark.NoBench	355MB/5.73GB (6.1%)
2021-11-09T08:52:03.144+0000	[#.......................] benchmark.NoBench	370MB/5.73GB (6.3%)
2021-11-09T08:52:06.143+0000	[#.......................] benchmark.NoBench	385MB/5.73GB (6.6%)
2021-11-09T08:52:09.143+0000	[#.......................] benchmark.NoBench	400MB/5.73GB (6.8%)
2021-11-09T08:52:12.143+0000	[#.......................] benchmark.NoBench	415MB/5.73GB (7.1%)
2021-11-09T08:52:15.145+0000	[#.......................] benchmark.NoBench	430MB/5.73GB (7.3%)
2021-11-09T08:52:18.144+0000	[#.......................] benchmark.NoBench	446MB/5.73GB (7.6%)
2021-11-09T08:52:21.144+0000	[#.......................] benchmark.NoBench	462MB/5.73GB (7.9%)
2021-11-09T08:52:24.144+0000	[#.......................] benchmark.NoBench	477MB/5.73GB (8.1%)
2021-11-09T08:52:27.143+0000	[##......................] benchmark.NoBench	492MB/5.73GB (8.4%)
2021-11-09T08:52:30.143+0000	[##......................] benchmark.NoBench	508MB/5.73GB (8.7%)
2021-11-09T08:52:33.145+0000	[##......................] benchmark.NoBench	524MB/5.73GB (8.9%)
2021-11-09T08:52:36.148+0000	[##......................] benchmark.NoBench	539MB/5.73GB (9.2%)
2021-11-09T08:52:39.143+0000	[##......................] benchmark.NoBench	553MB/5.73GB (9.4%)
2021-11-09T08:52:42.144+0000	[##......................] benchmark.NoBench	569MB/5.73GB (9.7%)
2021-11-09T08:52:45.146+0000	[##......................] benchmark.NoBench	585MB/5.73GB (10.0%)
2021-11-09T08:52:48.143+0000	[##......................] benchmark.NoBench	601MB/5.73GB (10.2%)
2021-11-09T08:52:51.145+0000	[##......................] benchmark.NoBench	618MB/5.73GB (10.5%)
2021-11-09T08:52:54.146+0000	[##......................] benchmark.NoBench	635MB/5.73GB (10.8%)
2021-11-09T08:52:57.146+0000	[##......................] benchmark.NoBench	652MB/5.73GB (11.1%)
2021-11-09T08:53:00.144+0000	[##......................] benchmark.NoBench	667MB/5.73GB (11.4%)
2021-11-09T08:53:03.144+0000	[##......................] benchmark.NoBench	684MB/5.73GB (11.6%)
2021-11-09T08:53:06.144+0000	[##......................] benchmark.NoBench	698MB/5.73GB (11.9%)
2021-11-09T08:53:09.148+0000	[##......................] benchmark.NoBench	714MB/5.73GB (12.2%)
2021-11-09T08:53:12.143+0000	[##......................] benchmark.NoBench	730MB/5.73GB (12.4%)
2021-11-09T08:53:15.144+0000	[###.....................] benchmark.NoBench	746MB/5.73GB (12.7%)
2021-11-09T08:53:18.144+0000	[###.....................] benchmark.NoBench	761MB/5.73GB (13.0%)
2021-11-09T08:53:21.144+0000	[###.....................] benchmark.NoBench	777MB/5.73GB (13.2%)
2021-11-09T08:53:24.145+0000	[###.....................] benchmark.NoBench	792MB/5.73GB (13.5%)
2021-11-09T08:53:27.143+0000	[###.....................] benchmark.NoBench	806MB/5.73GB (13.7%)
2021-11-09T08:53:30.144+0000	[###.....................] benchmark.NoBench	823MB/5.73GB (14.0%)
2021-11-09T08:53:33.143+0000	[###.....................] benchmark.NoBench	839MB/5.73GB (14.3%)
2021-11-09T08:53:36.144+0000	[###.....................] benchmark.NoBench	856MB/5.73GB (14.6%)
2021-11-09T08:53:39.144+0000	[###.....................] benchmark.NoBench	872MB/5.73GB (14.8%)
2021-11-09T08:53:42.144+0000	[###.....................] benchmark.NoBench	886MB/5.73GB (15.1%)
2021-11-09T08:53:45.146+0000	[###.....................] benchmark.NoBench	901MB/5.73GB (15.4%)
2021-11-09T08:53:48.144+0000	[###.....................] benchmark.NoBench	917MB/5.73GB (15.6%)
2021-11-09T08:53:51.144+0000	[###.....................] benchmark.NoBench	932MB/5.73GB (15.9%)
2021-11-09T08:53:54.144+0000	[###.....................] benchmark.NoBench	947MB/5.73GB (16.1%)
2021-11-09T08:53:57.147+0000	[###.....................] benchmark.NoBench	967MB/5.73GB (16.5%)
2021-11-09T08:54:00.144+0000	[####....................] benchmark.NoBench	982MB/5.73GB (16.7%)
2021-11-09T08:54:03.145+0000	[####....................] benchmark.NoBench	998MB/5.73GB (17.0%)
2021-11-09T08:54:06.144+0000	[####....................] benchmark.NoBench	1015MB/5.73GB (17.3%)
2021-11-09T08:54:09.145+0000	[####....................] benchmark.NoBench	1.01GB/5.73GB (17.5%)
2021-11-09T08:54:12.144+0000	[####....................] benchmark.NoBench	1.02GB/5.73GB (17.8%)
2021-11-09T08:54:15.145+0000	[####....................] benchmark.NoBench	1.04GB/5.73GB (18.1%)
2021-11-09T08:54:18.144+0000	[####....................] benchmark.NoBench	1.05GB/5.73GB (18.3%)
2021-11-09T08:54:21.143+0000	[####....................] benchmark.NoBench	1.07GB/5.73GB (18.6%)
2021-11-09T08:54:24.144+0000	[####....................] benchmark.NoBench	1.08GB/5.73GB (18.9%)
2021-11-09T08:54:27.144+0000	[####....................] benchmark.NoBench	1.10GB/5.73GB (19.1%)
2021-11-09T08:54:30.144+0000	[####....................] benchmark.NoBench	1.11GB/5.73GB (19.4%)
2021-11-09T08:54:33.144+0000	[####....................] benchmark.NoBench	1.13GB/5.73GB (19.7%)
2021-11-09T08:54:36.144+0000	[####....................] benchmark.NoBench	1.14GB/5.73GB (20.0%)
2021-11-09T08:54:39.144+0000	[####....................] benchmark.NoBench	1.16GB/5.73GB (20.2%)
2021-11-09T08:54:42.144+0000	[####....................] benchmark.NoBench	1.17GB/5.73GB (20.5%)
2021-11-09T08:54:45.144+0000	[####....................] benchmark.NoBench	1.19GB/5.73GB (20.8%)
2021-11-09T08:54:48.144+0000	[#####...................] benchmark.NoBench	1.20GB/5.73GB (21.0%)
2021-11-09T08:54:51.144+0000	[#####...................] benchmark.NoBench	1.22GB/5.73GB (21.3%)
2021-11-09T08:54:54.144+0000	[#####...................] benchmark.NoBench	1.24GB/5.73GB (21.6%)
2021-11-09T08:54:57.143+0000	[#####...................] benchmark.NoBench	1.25GB/5.73GB (21.9%)
2021-11-09T08:55:00.143+0000	[#####...................] benchmark.NoBench	1.27GB/5.73GB (22.2%)
2021-11-09T08:55:03.144+0000	[#####...................] benchmark.NoBench	1.29GB/5.73GB (22.4%)
2021-11-09T08:55:06.144+0000	[#####...................] benchmark.NoBench	1.30GB/5.73GB (22.7%)
2021-11-09T08:55:09.143+0000	[#####...................] benchmark.NoBench	1.32GB/5.73GB (23.0%)
2021-11-09T08:55:12.143+0000	[#####...................] benchmark.NoBench	1.33GB/5.73GB (23.2%)
2021-11-09T08:55:15.143+0000	[#####...................] benchmark.NoBench	1.35GB/5.73GB (23.5%)
2021-11-09T08:55:18.144+0000	[#####...................] benchmark.NoBench	1.36GB/5.73GB (23.8%)
2021-11-09T08:55:21.144+0000	[#####...................] benchmark.NoBench	1.38GB/5.73GB (24.0%)
2021-11-09T08:55:24.143+0000	[#####...................] benchmark.NoBench	1.39GB/5.73GB (24.3%)
2021-11-09T08:55:27.144+0000	[#####...................] benchmark.NoBench	1.41GB/5.73GB (24.6%)
2021-11-09T08:55:30.145+0000	[#####...................] benchmark.NoBench	1.42GB/5.73GB (24.8%)
2021-11-09T08:55:33.143+0000	[######..................] benchmark.NoBench	1.44GB/5.73GB (25.1%)
2021-11-09T08:55:36.143+0000	[######..................] benchmark.NoBench	1.46GB/5.73GB (25.4%)
2021-11-09T08:55:39.143+0000	[######..................] benchmark.NoBench	1.47GB/5.73GB (25.7%)
2021-11-09T08:55:42.144+0000	[######..................] benchmark.NoBench	1.49GB/5.73GB (25.9%)
2021-11-09T08:55:45.147+0000	[######..................] benchmark.NoBench	1.50GB/5.73GB (26.2%)
2021-11-09T08:55:48.143+0000	[######..................] benchmark.NoBench	1.52GB/5.73GB (26.5%)
2021-11-09T08:55:51.146+0000	[######..................] benchmark.NoBench	1.53GB/5.73GB (26.7%)
2021-11-09T08:55:54.145+0000	[######..................] benchmark.NoBench	1.55GB/5.73GB (27.0%)
2021-11-09T08:55:57.144+0000	[######..................] benchmark.NoBench	1.56GB/5.73GB (27.3%)
2021-11-09T08:56:00.143+0000	[######..................] benchmark.NoBench	1.58GB/5.73GB (27.6%)
2021-11-09T08:56:03.144+0000	[######..................] benchmark.NoBench	1.60GB/5.73GB (27.8%)
2021-11-09T08:56:06.144+0000	[######..................] benchmark.NoBench	1.61GB/5.73GB (28.1%)
2021-11-09T08:56:09.143+0000	[######..................] benchmark.NoBench	1.63GB/5.73GB (28.4%)
2021-11-09T08:56:12.144+0000	[######..................] benchmark.NoBench	1.64GB/5.73GB (28.6%)
2021-11-09T08:56:15.144+0000	[######..................] benchmark.NoBench	1.66GB/5.73GB (28.9%)
2021-11-09T08:56:18.143+0000	[#######.................] benchmark.NoBench	1.67GB/5.73GB (29.2%)
2021-11-09T08:56:21.143+0000	[#######.................] benchmark.NoBench	1.69GB/5.73GB (29.4%)
2021-11-09T08:56:24.144+0000	[#######.................] benchmark.NoBench	1.70GB/5.73GB (29.7%)
2021-11-09T08:56:27.143+0000	[#######.................] benchmark.NoBench	1.72GB/5.73GB (30.0%)
2021-11-09T08:56:30.143+0000	[#######.................] benchmark.NoBench	1.74GB/5.73GB (30.3%)
2021-11-09T08:56:33.143+0000	[#######.................] benchmark.NoBench	1.75GB/5.73GB (30.5%)
2021-11-09T08:56:36.144+0000	[#######.................] benchmark.NoBench	1.77GB/5.73GB (30.8%)
2021-11-09T08:56:39.143+0000	[#######.................] benchmark.NoBench	1.78GB/5.73GB (31.1%)
2021-11-09T08:56:42.144+0000	[#######.................] benchmark.NoBench	1.80GB/5.73GB (31.3%)
2021-11-09T08:56:45.149+0000	[#######.................] benchmark.NoBench	1.81GB/5.73GB (31.6%)
2021-11-09T08:56:48.145+0000	[#######.................] benchmark.NoBench	1.83GB/5.73GB (31.9%)
2021-11-09T08:56:51.144+0000	[#######.................] benchmark.NoBench	1.84GB/5.73GB (32.1%)
2021-11-09T08:56:54.144+0000	[#######.................] benchmark.NoBench	1.86GB/5.73GB (32.4%)
2021-11-09T08:56:57.143+0000	[#######.................] benchmark.NoBench	1.87GB/5.73GB (32.7%)
2021-11-09T08:57:00.144+0000	[#######.................] benchmark.NoBench	1.89GB/5.73GB (33.0%)
2021-11-09T08:57:03.144+0000	[#######.................] benchmark.NoBench	1.91GB/5.73GB (33.3%)
2021-11-09T08:57:06.149+0000	[########................] benchmark.NoBench	1.93GB/5.73GB (33.6%)
2021-11-09T08:57:09.143+0000	[########................] benchmark.NoBench	1.94GB/5.73GB (33.9%)
2021-11-09T08:57:12.144+0000	[########................] benchmark.NoBench	1.96GB/5.73GB (34.1%)
2021-11-09T08:57:15.144+0000	[########................] benchmark.NoBench	1.97GB/5.73GB (34.4%)
2021-11-09T08:57:18.143+0000	[########................] benchmark.NoBench	1.99GB/5.73GB (34.7%)
2021-11-09T08:57:21.144+0000	[########................] benchmark.NoBench	2.00GB/5.73GB (35.0%)
2021-11-09T08:57:24.144+0000	[########................] benchmark.NoBench	2.02GB/5.73GB (35.2%)
2021-11-09T08:57:27.143+0000	[########................] benchmark.NoBench	2.04GB/5.73GB (35.5%)
2021-11-09T08:57:30.143+0000	[########................] benchmark.NoBench	2.05GB/5.73GB (35.8%)
2021-11-09T08:57:33.144+0000	[########................] benchmark.NoBench	2.07GB/5.73GB (36.1%)
2021-11-09T08:57:36.144+0000	[########................] benchmark.NoBench	2.08GB/5.73GB (36.4%)
2021-11-09T08:57:39.143+0000	[########................] benchmark.NoBench	2.10GB/5.73GB (36.6%)
2021-11-09T08:57:42.144+0000	[########................] benchmark.NoBench	2.12GB/5.73GB (36.9%)
2021-11-09T08:57:45.144+0000	[########................] benchmark.NoBench	2.13GB/5.73GB (37.2%)
2021-11-09T08:57:48.144+0000	[########................] benchmark.NoBench	2.15GB/5.73GB (37.4%)
2021-11-09T08:57:51.144+0000	[#########...............] benchmark.NoBench	2.16GB/5.73GB (37.7%)
2021-11-09T08:57:54.145+0000	[#########...............] benchmark.NoBench	2.18GB/5.73GB (38.0%)
2021-11-09T08:57:57.143+0000	[#########...............] benchmark.NoBench	2.19GB/5.73GB (38.3%)
2021-11-09T08:58:00.144+0000	[#########...............] benchmark.NoBench	2.21GB/5.73GB (38.5%)
2021-11-09T08:58:03.144+0000	[#########...............] benchmark.NoBench	2.23GB/5.73GB (38.9%)
2021-11-09T08:58:06.144+0000	[#########...............] benchmark.NoBench	2.25GB/5.73GB (39.2%)
2021-11-09T08:58:09.144+0000	[#########...............] benchmark.NoBench	2.26GB/5.73GB (39.4%)
2021-11-09T08:58:12.144+0000	[#########...............] benchmark.NoBench	2.28GB/5.73GB (39.7%)
2021-11-09T08:58:15.144+0000	[#########...............] benchmark.NoBench	2.29GB/5.73GB (40.0%)
2021-11-09T08:58:18.144+0000	[#########...............] benchmark.NoBench	2.31GB/5.73GB (40.2%)
2021-11-09T08:58:21.144+0000	[#########...............] benchmark.NoBench	2.32GB/5.73GB (40.5%)
2021-11-09T08:58:24.144+0000	[#########...............] benchmark.NoBench	2.34GB/5.73GB (40.8%)
2021-11-09T08:58:27.144+0000	[#########...............] benchmark.NoBench	2.35GB/5.73GB (41.1%)
2021-11-09T08:58:30.143+0000	[#########...............] benchmark.NoBench	2.37GB/5.73GB (41.3%)
2021-11-09T08:58:33.143+0000	[#########...............] benchmark.NoBench	2.39GB/5.73GB (41.6%)
2021-11-09T08:58:36.144+0000	[##########..............] benchmark.NoBench	2.40GB/5.73GB (41.9%)
2021-11-09T08:58:39.144+0000	[##########..............] benchmark.NoBench	2.42GB/5.73GB (42.2%)
2021-11-09T08:58:42.144+0000	[##########..............] benchmark.NoBench	2.43GB/5.73GB (42.5%)
2021-11-09T08:58:45.146+0000	[##########..............] benchmark.NoBench	2.45GB/5.73GB (42.7%)
2021-11-09T08:58:48.144+0000	[##########..............] benchmark.NoBench	2.47GB/5.73GB (43.0%)
2021-11-09T08:58:51.144+0000	[##########..............] benchmark.NoBench	2.48GB/5.73GB (43.3%)
2021-11-09T08:58:54.144+0000	[##########..............] benchmark.NoBench	2.50GB/5.73GB (43.5%)
2021-11-09T08:58:57.143+0000	[##########..............] benchmark.NoBench	2.51GB/5.73GB (43.8%)
2021-11-09T08:59:00.144+0000	[##########..............] benchmark.NoBench	2.53GB/5.73GB (44.1%)
2021-11-09T08:59:03.144+0000	[##########..............] benchmark.NoBench	2.54GB/5.73GB (44.3%)
2021-11-09T08:59:06.144+0000	[##########..............] benchmark.NoBench	2.56GB/5.73GB (44.6%)
2021-11-09T08:59:09.143+0000	[##########..............] benchmark.NoBench	2.57GB/5.73GB (44.9%)
2021-11-09T08:59:12.143+0000	[##########..............] benchmark.NoBench	2.59GB/5.73GB (45.2%)
2021-11-09T08:59:15.143+0000	[##########..............] benchmark.NoBench	2.60GB/5.73GB (45.4%)
2021-11-09T08:59:18.148+0000	[##########..............] benchmark.NoBench	2.62GB/5.73GB (45.7%)
2021-11-09T08:59:21.144+0000	[###########.............] benchmark.NoBench	2.64GB/5.73GB (46.0%)
2021-11-09T08:59:24.144+0000	[###########.............] benchmark.NoBench	2.65GB/5.73GB (46.3%)
2021-11-09T08:59:27.143+0000	[###########.............] benchmark.NoBench	2.67GB/5.73GB (46.6%)
2021-11-09T08:59:30.143+0000	[###########.............] benchmark.NoBench	2.69GB/5.73GB (46.9%)
2021-11-09T08:59:33.143+0000	[###########.............] benchmark.NoBench	2.70GB/5.73GB (47.1%)
2021-11-09T08:59:36.143+0000	[###########.............] benchmark.NoBench	2.72GB/5.73GB (47.4%)
2021-11-09T08:59:39.144+0000	[###########.............] benchmark.NoBench	2.73GB/5.73GB (47.7%)
2021-11-09T08:59:42.144+0000	[###########.............] benchmark.NoBench	2.75GB/5.73GB (47.9%)
2021-11-09T08:59:45.143+0000	[###########.............] benchmark.NoBench	2.76GB/5.73GB (48.2%)
2021-11-09T08:59:48.144+0000	[###########.............] benchmark.NoBench	2.78GB/5.73GB (48.5%)
2021-11-09T08:59:51.144+0000	[###########.............] benchmark.NoBench	2.80GB/5.73GB (48.8%)
2021-11-09T08:59:54.145+0000	[###########.............] benchmark.NoBench	2.81GB/5.73GB (49.0%)
2021-11-09T08:59:57.147+0000	[###########.............] benchmark.NoBench	2.83GB/5.73GB (49.3%)
2021-11-09T09:00:00.143+0000	[###########.............] benchmark.NoBench	2.84GB/5.73GB (49.6%)
2021-11-09T09:00:03.144+0000	[###########.............] benchmark.NoBench	2.86GB/5.73GB (49.8%)
2021-11-09T09:00:06.144+0000	[############............] benchmark.NoBench	2.88GB/5.73GB (50.2%)
2021-11-09T09:00:09.143+0000	[############............] benchmark.NoBench	2.89GB/5.73GB (50.4%)
2021-11-09T09:00:12.143+0000	[############............] benchmark.NoBench	2.91GB/5.73GB (50.7%)
2021-11-09T09:00:15.146+0000	[############............] benchmark.NoBench	2.92GB/5.73GB (51.0%)
2021-11-09T09:00:18.143+0000	[############............] benchmark.NoBench	2.94GB/5.73GB (51.3%)
2021-11-09T09:00:21.143+0000	[############............] benchmark.NoBench	2.96GB/5.73GB (51.5%)
2021-11-09T09:00:24.144+0000	[############............] benchmark.NoBench	2.97GB/5.73GB (51.8%)
2021-11-09T09:00:27.144+0000	[############............] benchmark.NoBench	2.99GB/5.73GB (52.1%)
2021-11-09T09:00:30.147+0000	[############............] benchmark.NoBench	3.00GB/5.73GB (52.3%)
2021-11-09T09:00:33.143+0000	[############............] benchmark.NoBench	3.02GB/5.73GB (52.6%)
2021-11-09T09:00:36.144+0000	[############............] benchmark.NoBench	3.03GB/5.73GB (52.9%)
2021-11-09T09:00:39.143+0000	[############............] benchmark.NoBench	3.05GB/5.73GB (53.2%)
2021-11-09T09:00:42.144+0000	[############............] benchmark.NoBench	3.06GB/5.73GB (53.5%)
2021-11-09T09:00:45.150+0000	[############............] benchmark.NoBench	3.08GB/5.73GB (53.7%)
2021-11-09T09:00:48.143+0000	[############............] benchmark.NoBench	3.10GB/5.73GB (54.0%)
2021-11-09T09:00:51.144+0000	[#############...........] benchmark.NoBench	3.11GB/5.73GB (54.3%)
2021-11-09T09:00:54.143+0000	[#############...........] benchmark.NoBench	3.13GB/5.73GB (54.5%)
2021-11-09T09:00:57.144+0000	[#############...........] benchmark.NoBench	3.14GB/5.73GB (54.8%)
2021-11-09T09:01:00.144+0000	[#############...........] benchmark.NoBench	3.16GB/5.73GB (55.1%)
2021-11-09T09:01:03.144+0000	[#############...........] benchmark.NoBench	3.17GB/5.73GB (55.4%)
2021-11-09T09:01:06.143+0000	[#############...........] benchmark.NoBench	3.19GB/5.73GB (55.6%)
2021-11-09T09:01:09.144+0000	[#############...........] benchmark.NoBench	3.21GB/5.73GB (56.0%)
2021-11-09T09:01:12.144+0000	[#############...........] benchmark.NoBench	3.23GB/5.73GB (56.3%)
2021-11-09T09:01:15.151+0000	[#############...........] benchmark.NoBench	3.24GB/5.73GB (56.5%)
2021-11-09T09:01:18.143+0000	[#############...........] benchmark.NoBench	3.26GB/5.73GB (56.8%)
2021-11-09T09:01:21.144+0000	[#############...........] benchmark.NoBench	3.27GB/5.73GB (57.1%)
2021-11-09T09:01:24.143+0000	[#############...........] benchmark.NoBench	3.29GB/5.73GB (57.4%)
2021-11-09T09:01:27.146+0000	[#############...........] benchmark.NoBench	3.30GB/5.73GB (57.6%)
2021-11-09T09:01:30.143+0000	[#############...........] benchmark.NoBench	3.32GB/5.73GB (57.9%)
2021-11-09T09:01:33.143+0000	[#############...........] benchmark.NoBench	3.34GB/5.73GB (58.2%)
2021-11-09T09:01:36.144+0000	[##############..........] benchmark.NoBench	3.35GB/5.73GB (58.5%)
2021-11-09T09:01:39.143+0000	[##############..........] benchmark.NoBench	3.37GB/5.73GB (58.7%)
2021-11-09T09:01:42.145+0000	[##############..........] benchmark.NoBench	3.38GB/5.73GB (59.0%)
2021-11-09T09:01:45.144+0000	[##############..........] benchmark.NoBench	3.40GB/5.73GB (59.3%)
2021-11-09T09:01:48.143+0000	[##############..........] benchmark.NoBench	3.41GB/5.73GB (59.5%)
2021-11-09T09:01:51.144+0000	[##############..........] benchmark.NoBench	3.43GB/5.73GB (59.8%)
2021-11-09T09:01:54.144+0000	[##############..........] benchmark.NoBench	3.45GB/5.73GB (60.1%)
2021-11-09T09:01:57.144+0000	[##############..........] benchmark.NoBench	3.46GB/5.73GB (60.4%)
2021-11-09T09:02:00.144+0000	[##############..........] benchmark.NoBench	3.48GB/5.73GB (60.6%)
2021-11-09T09:02:03.144+0000	[##############..........] benchmark.NoBench	3.49GB/5.73GB (60.9%)
2021-11-09T09:02:06.144+0000	[##############..........] benchmark.NoBench	3.51GB/5.73GB (61.2%)
2021-11-09T09:02:09.145+0000	[##############..........] benchmark.NoBench	3.53GB/5.73GB (61.5%)
2021-11-09T09:02:12.144+0000	[##############..........] benchmark.NoBench	3.54GB/5.73GB (61.8%)
2021-11-09T09:02:15.144+0000	[##############..........] benchmark.NoBench	3.56GB/5.73GB (62.0%)
2021-11-09T09:02:18.148+0000	[##############..........] benchmark.NoBench	3.57GB/5.73GB (62.3%)
2021-11-09T09:02:21.143+0000	[###############.........] benchmark.NoBench	3.59GB/5.73GB (62.6%)
2021-11-09T09:02:24.144+0000	[###############.........] benchmark.NoBench	3.61GB/5.73GB (62.9%)
2021-11-09T09:02:27.144+0000	[###############.........] benchmark.NoBench	3.62GB/5.73GB (63.2%)
2021-11-09T09:02:30.143+0000	[###############.........] benchmark.NoBench	3.64GB/5.73GB (63.4%)
2021-11-09T09:02:33.144+0000	[###############.........] benchmark.NoBench	3.65GB/5.73GB (63.7%)
2021-11-09T09:02:36.143+0000	[###############.........] benchmark.NoBench	3.67GB/5.73GB (64.0%)
2021-11-09T09:02:39.144+0000	[###############.........] benchmark.NoBench	3.69GB/5.73GB (64.3%)
2021-11-09T09:02:42.144+0000	[###############.........] benchmark.NoBench	3.70GB/5.73GB (64.6%)
2021-11-09T09:02:45.146+0000	[###############.........] benchmark.NoBench	3.72GB/5.73GB (64.8%)
2021-11-09T09:02:48.143+0000	[###############.........] benchmark.NoBench	3.73GB/5.73GB (65.1%)
2021-11-09T09:02:51.143+0000	[###############.........] benchmark.NoBench	3.75GB/5.73GB (65.4%)
2021-11-09T09:02:54.143+0000	[###############.........] benchmark.NoBench	3.76GB/5.73GB (65.6%)
2021-11-09T09:02:57.144+0000	[###############.........] benchmark.NoBench	3.78GB/5.73GB (65.9%)
2021-11-09T09:03:00.144+0000	[###############.........] benchmark.NoBench	3.80GB/5.73GB (66.2%)
2021-11-09T09:03:03.143+0000	[###############.........] benchmark.NoBench	3.81GB/5.73GB (66.5%)
2021-11-09T09:03:06.145+0000	[################........] benchmark.NoBench	3.83GB/5.73GB (66.7%)
2021-11-09T09:03:09.143+0000	[################........] benchmark.NoBench	3.84GB/5.73GB (67.0%)
2021-11-09T09:03:12.144+0000	[################........] benchmark.NoBench	3.86GB/5.73GB (67.3%)
2021-11-09T09:03:15.143+0000	[################........] benchmark.NoBench	3.87GB/5.73GB (67.6%)
2021-11-09T09:03:18.144+0000	[################........] benchmark.NoBench	3.89GB/5.73GB (67.8%)
2021-11-09T09:03:21.143+0000	[################........] benchmark.NoBench	3.91GB/5.73GB (68.1%)
2021-11-09T09:03:24.144+0000	[################........] benchmark.NoBench	3.92GB/5.73GB (68.4%)
2021-11-09T09:03:27.143+0000	[################........] benchmark.NoBench	3.94GB/5.73GB (68.7%)
2021-11-09T09:03:30.146+0000	[################........] benchmark.NoBench	3.95GB/5.73GB (68.9%)
2021-11-09T09:03:33.146+0000	[################........] benchmark.NoBench	3.97GB/5.73GB (69.2%)
2021-11-09T09:03:36.152+0000	[################........] benchmark.NoBench	3.98GB/5.73GB (69.5%)
2021-11-09T09:03:39.144+0000	[################........] benchmark.NoBench	4.00GB/5.73GB (69.8%)
2021-11-09T09:03:42.144+0000	[################........] benchmark.NoBench	4.02GB/5.73GB (70.0%)
2021-11-09T09:03:45.144+0000	[################........] benchmark.NoBench	4.03GB/5.73GB (70.3%)
2021-11-09T09:03:48.145+0000	[################........] benchmark.NoBench	4.05GB/5.73GB (70.6%)
2021-11-09T09:03:51.149+0000	[#################.......] benchmark.NoBench	4.06GB/5.73GB (70.8%)
2021-11-09T09:03:54.144+0000	[#################.......] benchmark.NoBench	4.08GB/5.73GB (71.1%)
2021-11-09T09:03:57.144+0000	[#################.......] benchmark.NoBench	4.09GB/5.73GB (71.4%)
2021-11-09T09:04:00.144+0000	[#################.......] benchmark.NoBench	4.11GB/5.73GB (71.7%)
2021-11-09T09:04:03.144+0000	[#################.......] benchmark.NoBench	4.12GB/5.73GB (71.9%)
2021-11-09T09:04:06.144+0000	[#################.......] benchmark.NoBench	4.14GB/5.73GB (72.2%)
2021-11-09T09:04:09.147+0000	[#################.......] benchmark.NoBench	4.15GB/5.73GB (72.5%)
2021-11-09T09:04:12.145+0000	[#################.......] benchmark.NoBench	4.17GB/5.73GB (72.8%)
2021-11-09T09:04:15.144+0000	[#################.......] benchmark.NoBench	4.19GB/5.73GB (73.1%)
2021-11-09T09:04:18.145+0000	[#################.......] benchmark.NoBench	4.20GB/5.73GB (73.3%)
2021-11-09T09:04:21.144+0000	[#################.......] benchmark.NoBench	4.22GB/5.73GB (73.6%)
2021-11-09T09:04:24.152+0000	[#################.......] benchmark.NoBench	4.24GB/5.73GB (73.9%)
2021-11-09T09:04:27.144+0000	[#################.......] benchmark.NoBench	4.25GB/5.73GB (74.1%)
2021-11-09T09:04:30.143+0000	[#################.......] benchmark.NoBench	4.27GB/5.73GB (74.4%)
2021-11-09T09:04:33.147+0000	[#################.......] benchmark.NoBench	4.28GB/5.73GB (74.7%)
2021-11-09T09:04:36.144+0000	[#################.......] benchmark.NoBench	4.30GB/5.73GB (75.0%)
2021-11-09T09:04:39.144+0000	[##################......] benchmark.NoBench	4.32GB/5.73GB (75.3%)
2021-11-09T09:04:42.144+0000	[##################......] benchmark.NoBench	4.33GB/5.73GB (75.5%)
2021-11-09T09:04:45.144+0000	[##################......] benchmark.NoBench	4.35GB/5.73GB (75.8%)
2021-11-09T09:04:48.144+0000	[##################......] benchmark.NoBench	4.36GB/5.73GB (76.1%)
2021-11-09T09:04:51.144+0000	[##################......] benchmark.NoBench	4.38GB/5.73GB (76.4%)
2021-11-09T09:04:54.144+0000	[##################......] benchmark.NoBench	4.39GB/5.73GB (76.6%)
2021-11-09T09:04:57.144+0000	[##################......] benchmark.NoBench	4.41GB/5.73GB (76.9%)
2021-11-09T09:05:00.143+0000	[##################......] benchmark.NoBench	4.43GB/5.73GB (77.2%)
2021-11-09T09:05:03.144+0000	[##################......] benchmark.NoBench	4.44GB/5.73GB (77.5%)
2021-11-09T09:05:06.143+0000	[##################......] benchmark.NoBench	4.46GB/5.73GB (77.8%)
2021-11-09T09:05:09.143+0000	[##################......] benchmark.NoBench	4.48GB/5.73GB (78.0%)
2021-11-09T09:05:12.144+0000	[##################......] benchmark.NoBench	4.49GB/5.73GB (78.3%)
2021-11-09T09:05:15.144+0000	[##################......] benchmark.NoBench	4.51GB/5.73GB (78.7%)
2021-11-09T09:05:18.149+0000	[##################......] benchmark.NoBench	4.53GB/5.73GB (78.9%)
2021-11-09T09:05:21.144+0000	[###################.....] benchmark.NoBench	4.54GB/5.73GB (79.2%)
2021-11-09T09:05:24.143+0000	[###################.....] benchmark.NoBench	4.56GB/5.73GB (79.5%)
2021-11-09T09:05:27.143+0000	[###################.....] benchmark.NoBench	4.57GB/5.73GB (79.8%)
2021-11-09T09:05:30.145+0000	[###################.....] benchmark.NoBench	4.59GB/5.73GB (80.1%)
2021-11-09T09:05:33.144+0000	[###################.....] benchmark.NoBench	4.61GB/5.73GB (80.3%)
2021-11-09T09:05:36.143+0000	[###################.....] benchmark.NoBench	4.62GB/5.73GB (80.6%)
2021-11-09T09:05:39.144+0000	[###################.....] benchmark.NoBench	4.64GB/5.73GB (80.9%)
2021-11-09T09:05:42.144+0000	[###################.....] benchmark.NoBench	4.66GB/5.73GB (81.2%)
2021-11-09T09:05:45.143+0000	[###################.....] benchmark.NoBench	4.67GB/5.73GB (81.5%)
2021-11-09T09:05:48.144+0000	[###################.....] benchmark.NoBench	4.69GB/5.73GB (81.7%)
2021-11-09T09:05:51.144+0000	[###################.....] benchmark.NoBench	4.70GB/5.73GB (82.0%)
2021-11-09T09:05:54.143+0000	[###################.....] benchmark.NoBench	4.72GB/5.73GB (82.3%)
2021-11-09T09:05:57.144+0000	[###################.....] benchmark.NoBench	4.74GB/5.73GB (82.6%)
2021-11-09T09:06:00.145+0000	[###################.....] benchmark.NoBench	4.75GB/5.73GB (82.9%)
2021-11-09T09:06:03.144+0000	[###################.....] benchmark.NoBench	4.77GB/5.73GB (83.2%)
2021-11-09T09:06:06.143+0000	[####################....] benchmark.NoBench	4.79GB/5.73GB (83.5%)
2021-11-09T09:06:09.144+0000	[####################....] benchmark.NoBench	4.80GB/5.73GB (83.8%)
2021-11-09T09:06:12.143+0000	[####################....] benchmark.NoBench	4.82GB/5.73GB (84.0%)
2021-11-09T09:06:15.144+0000	[####################....] benchmark.NoBench	4.83GB/5.73GB (84.3%)
2021-11-09T09:06:18.145+0000	[####################....] benchmark.NoBench	4.85GB/5.73GB (84.6%)
2021-11-09T09:06:21.148+0000	[####################....] benchmark.NoBench	4.87GB/5.73GB (84.9%)
2021-11-09T09:06:24.144+0000	[####################....] benchmark.NoBench	4.88GB/5.73GB (85.2%)
2021-11-09T09:06:27.143+0000	[####################....] benchmark.NoBench	4.90GB/5.73GB (85.4%)
2021-11-09T09:06:30.147+0000	[####################....] benchmark.NoBench	4.91GB/5.73GB (85.7%)
2021-11-09T09:06:33.143+0000	[####################....] benchmark.NoBench	4.93GB/5.73GB (85.9%)
2021-11-09T09:06:36.144+0000	[####################....] benchmark.NoBench	4.94GB/5.73GB (86.2%)
2021-11-09T09:06:39.144+0000	[####################....] benchmark.NoBench	4.96GB/5.73GB (86.5%)
2021-11-09T09:06:42.144+0000	[####################....] benchmark.NoBench	4.98GB/5.73GB (86.8%)
2021-11-09T09:06:45.143+0000	[####################....] benchmark.NoBench	4.99GB/5.73GB (87.1%)
2021-11-09T09:06:48.144+0000	[####################....] benchmark.NoBench	5.01GB/5.73GB (87.3%)
2021-11-09T09:06:51.143+0000	[#####################...] benchmark.NoBench	5.02GB/5.73GB (87.6%)
2021-11-09T09:06:54.144+0000	[#####################...] benchmark.NoBench	5.04GB/5.73GB (87.9%)
2021-11-09T09:06:57.146+0000	[#####################...] benchmark.NoBench	5.06GB/5.73GB (88.2%)
2021-11-09T09:07:00.143+0000	[#####################...] benchmark.NoBench	5.07GB/5.73GB (88.5%)
2021-11-09T09:07:03.144+0000	[#####################...] benchmark.NoBench	5.09GB/5.73GB (88.7%)
2021-11-09T09:07:06.144+0000	[#####################...] benchmark.NoBench	5.10GB/5.73GB (89.0%)
2021-11-09T09:07:09.144+0000	[#####################...] benchmark.NoBench	5.12GB/5.73GB (89.3%)
2021-11-09T09:07:12.144+0000	[#####################...] benchmark.NoBench	5.13GB/5.73GB (89.6%)
2021-11-09T09:07:15.144+0000	[#####################...] benchmark.NoBench	5.15GB/5.73GB (89.8%)
2021-11-09T09:07:18.144+0000	[#####################...] benchmark.NoBench	5.17GB/5.73GB (90.1%)
2021-11-09T09:07:21.143+0000	[#####################...] benchmark.NoBench	5.18GB/5.73GB (90.4%)
2021-11-09T09:07:24.143+0000	[#####################...] benchmark.NoBench	5.20GB/5.73GB (90.7%)
2021-11-09T09:07:27.144+0000	[#####################...] benchmark.NoBench	5.22GB/5.73GB (91.0%)
2021-11-09T09:07:30.152+0000	[#####################...] benchmark.NoBench	5.23GB/5.73GB (91.3%)
2021-11-09T09:07:33.144+0000	[#####################...] benchmark.NoBench	5.25GB/5.73GB (91.5%)
2021-11-09T09:07:36.143+0000	[######################..] benchmark.NoBench	5.26GB/5.73GB (91.8%)
2021-11-09T09:07:39.143+0000	[######################..] benchmark.NoBench	5.28GB/5.73GB (92.1%)
2021-11-09T09:07:42.147+0000	[######################..] benchmark.NoBench	5.29GB/5.73GB (92.3%)
2021-11-09T09:07:45.143+0000	[######################..] benchmark.NoBench	5.31GB/5.73GB (92.6%)
2021-11-09T09:07:48.145+0000	[######################..] benchmark.NoBench	5.33GB/5.73GB (92.9%)
2021-11-09T09:07:51.144+0000	[######################..] benchmark.NoBench	5.34GB/5.73GB (93.2%)
2021-11-09T09:07:54.143+0000	[######################..] benchmark.NoBench	5.36GB/5.73GB (93.4%)
2021-11-09T09:07:57.147+0000	[######################..] benchmark.NoBench	5.37GB/5.73GB (93.7%)
2021-11-09T09:08:00.144+0000	[######################..] benchmark.NoBench	5.39GB/5.73GB (94.0%)
2021-11-09T09:08:03.143+0000	[######################..] benchmark.NoBench	5.41GB/5.73GB (94.3%)
2021-11-09T09:08:06.143+0000	[######################..] benchmark.NoBench	5.42GB/5.73GB (94.6%)
2021-11-09T09:08:09.143+0000	[######################..] benchmark.NoBench	5.44GB/5.73GB (94.8%)
2021-11-09T09:08:12.144+0000	[######################..] benchmark.NoBench	5.45GB/5.73GB (95.1%)
2021-11-09T09:08:15.144+0000	[######################..] benchmark.NoBench	5.47GB/5.73GB (95.4%)
2021-11-09T09:08:18.143+0000	[######################..] benchmark.NoBench	5.49GB/5.73GB (95.7%)
2021-11-09T09:08:21.144+0000	[#######################.] benchmark.NoBench	5.50GB/5.73GB (96.0%)
2021-11-09T09:08:24.143+0000	[#######################.] benchmark.NoBench	5.52GB/5.73GB (96.3%)
2021-11-09T09:08:27.143+0000	[#######################.] benchmark.NoBench	5.54GB/5.73GB (96.6%)
2021-11-09T09:08:30.144+0000	[#######################.] benchmark.NoBench	5.55GB/5.73GB (96.8%)
2021-11-09T09:08:33.144+0000	[#######################.] benchmark.NoBench	5.57GB/5.73GB (97.1%)
2021-11-09T09:08:36.145+0000	[#######################.] benchmark.NoBench	5.58GB/5.73GB (97.4%)
2021-11-09T09:08:39.144+0000	[#######################.] benchmark.NoBench	5.60GB/5.73GB (97.7%)
2021-11-09T09:08:42.144+0000	[#######################.] benchmark.NoBench	5.62GB/5.73GB (98.0%)
2021-11-09T09:08:45.144+0000	[#######################.] benchmark.NoBench	5.63GB/5.73GB (98.2%)
2021-11-09T09:08:48.143+0000	[#######################.] benchmark.NoBench	5.65GB/5.73GB (98.5%)
2021-11-09T09:08:51.143+0000	[#######################.] benchmark.NoBench	5.67GB/5.73GB (98.8%)
2021-11-09T09:08:54.144+0000	[#######################.] benchmark.NoBench	5.68GB/5.73GB (99.1%)
2021-11-09T09:08:57.147+0000	[#######################.] benchmark.NoBench	5.70GB/5.73GB (99.3%)
2021-11-09T09:09:00.143+0000	[#######################.] benchmark.NoBench	5.71GB/5.73GB (99.6%)
2021-11-09T09:09:03.143+0000	[#######################.] benchmark.NoBench	5.73GB/5.73GB (99.9%)
2021-11-09T09:09:04.490+0000	[########################] benchmark.NoBench	5.73GB/5.73GB (100.0%)
2021-11-09T09:09:04.490+0000	10000000 document(s) imported successfully. 0 document(s) failed to import.
mongo-benchmark
MongoDB: 1508.54 s
mongo-benchmark
=== Found Postgres query file, executing Postgres queries ===
= File:'NoBench.json' =
13.4-alpine: Pulling from library/postgres
Digest: sha256:c170270dc9ba94f491375e366fa2cf46d0bc0027e4a69d70e6e9d1454ba748dc
Status: Image is up to date for postgres:13.4-alpine
3b82089a1b976cf6035c20f8d89d41d9fe6108802163525e00d54b2590e9f567
3
PSQL: 363.192 s
psql-benchmark
=== Results ===
= JQ =
Overall: 
= JODA =
Overall: 35.3079
Query Time: 9.75227
1.504484287
1.124034839
1.120709459
0.869705238
0.917955742
0.463568147
0.919652424
0.936831743
0.92799042
0.967338455
= Mongo =
Overall: 1508.54
24.599
41.45
51.498
39.7
51.578
27.96
52.832
52.51
39.429
31.322
Query Time: 412.878
= PostgreSQL =
Overall: 363.192
=== AGG Results ===
= JQ =

= JODA =
10000000
3472172
7963856
7957515
4091463
1304726
186632
621867
196486
67997
2294
= Mongo =
3472172
7963856
7957515
4091463
1304726
186632
621867
196486
67997
2294
= PostgreSQL =
 3472172
 7963856
 7957515
 4091463
 1304726
 186632
 621867
 196486
 67997
  2294
