=== Found JODA query file, executing JODA queries ===
= File:'Twitter.json' =
0.12.4: Pulling from nicotin/joda
Digest: sha256:b253680f2c5ee1118e2c282e0c4ebff5cb6e87643fb98abcf1e686caaa35152a
Status: Image is up to date for nicotin/joda:0.12.4
0d9b216e2dad2b3b93c0c3ad2851194dd86933e6b5f1a3f45d4473ecf3562540
0
JODA: 106.249 s
joda-benchmark
=== Results ===
= JQ =
Overall: 
= JODA =
Overall: 106.249
Query Time: 28.06
5.321725635
16.6986536
4.599579776
0.656042838
0.783971871
= Mongo =
Overall: 

Query Time: 
= PostgreSQL =
Overall: 
=== AGG Results ===
= JQ =

= JODA =
13346336
10691615
9502932
2576896
1378476
357630
= Mongo =

= PostgreSQL =

