=== Found JODA query file, executing JODA queries ===
= File:'NoBench.json' =
0.12.3: Pulling from nicotin/joda
Digest: sha256:6c0c6b4a19967ae02ef348535acdb3eb8496453a8b868763c34370e10be0192f
Status: Image is up to date for nicotin/joda:0.12.3
943fc02c1092cd8211d73bc94ab325a8a678fea84d526d27c63b531c9d559761
0
JODA: 1.35426 s
joda-benchmark
=== Found MongoDB query file, executing MongoDB queries ===
= File:'NoBench.json' =
5.0.3-focal: Pulling from library/mongo
Digest: sha256:f7c401402aa3e689fc42c7109247ab2d5a3e3b4b8a3ace4c2bf7a5fc74ca4917
Status: Image is up to date for mongo:5.0.3-focal
996e0ad38b099c2571760c5296c0795623a179d9388c2853407433b938c084cf
2021-11-08T13:17:45.652+0000	connected to: mongodb://localhost/
2021-11-08T13:17:46.562+0000	10000 document(s) imported successfully. 0 document(s) failed to import.
mongo-benchmark
MongoDB: 3.19548 s
mongo-benchmark
=== Found Postgres query file, executing Postgres queries ===
= File:'NoBench.json' =
13.4-alpine: Pulling from library/postgres
Digest: sha256:c170270dc9ba94f491375e366fa2cf46d0bc0027e4a69d70e6e9d1454ba748dc
Status: Image is up to date for postgres:13.4-alpine
bf0559afdbfe1af15a2af31787f97a5020a2a6b851d75133274b11739c7c2672
3
PSQL: 2.24784 s
psql-benchmark
=== Results ===
= JQ =
Overall: 
= JODA =
Overall: 1.35426
Query Time: 0.234837
0.025199879
0.030149922
0.027713343
0.022853325
0.024787861
0.023618649
0.024006791
0.021875722
0.017983503
0.016647808
= Mongo =
Overall: 3.19548
0.041
0.059
0.048
0.048
0.069
0.022
0.065
0.065
0.05
0.043
Query Time: 0.51
= PostgreSQL =
Overall: 2.24784
=== AGG Results ===
= JQ =

= JODA =
10000
2917
8011
2893
4117
1283
4994
627
142
49
23
= Mongo =
2917
8011
2893
4117
1283
4994
627
142
49
23
= PostgreSQL =
  2917
  8011
  2893
  4117
  1283
  4994
   627
   142
    49
    23
