=== Found JODA query file, executing JODA queries ===
= File:'Twitter.json' =
0.12.4: Pulling from nicotin/joda
Digest: sha256:b253680f2c5ee1118e2c282e0c4ebff5cb6e87643fb98abcf1e686caaa35152a
Status: Image is up to date for nicotin/joda:0.12.4
76daf50624146df0d676e255fade8c274e48bfe2044a0f0c0e8655cf28547cd0
0
JODA: 85.8917 s
joda-benchmark
=== Results ===
= JQ =
Overall: 
= JODA =
Overall: 85.8917
Query Time: 15.7512
3.945659554
4.23270268
1.854191102
1.37146511
0.966996161
0.751160629
0.333680999
0.742479173
0.731059961
0.821758084
= Mongo =
Overall: 

Query Time: 
= PostgreSQL =
Overall: 
=== AGG Results ===
= JQ =

= JODA =
13346336
10691615
10691615
3486164
3079808
2656888
5073309
1540269
5073309
3978067
5073309
= Mongo =

= PostgreSQL =

