=== Found JODA query file, executing JODA queries ===
= File:'Twitter.json' =
0.12.4: Pulling from nicotin/joda
Digest: sha256:b253680f2c5ee1118e2c282e0c4ebff5cb6e87643fb98abcf1e686caaa35152a
Status: Image is up to date for nicotin/joda:0.12.4
7571f38cf2779828f8a560154279abbb645e2782008069559107b89a9af30fd8
0
JODA: 76.5654 s
joda-benchmark
=== Results ===
= JQ =
Overall: 
= JODA =
Overall: 76.5654
Query Time: 12.4897
7.317728773
2.149282208
0.68860847
0.606018892
0.55589195
0.397943273
0.231619296
0.254818784
0.200906984
0.086905786
= Mongo =
Overall: 

Query Time: 
= PostgreSQL =
Overall: 
=== AGG Results ===
= JQ =

= JODA =
13346336
5073309
2689798
2812643
3436096
3150924
1435230
1142961
1364864
363323
184876
= Mongo =

= PostgreSQL =

