=== Found JODA query file, executing JODA queries ===
= File:'Twitter.json' =
0.12.4: Pulling from nicotin/joda
Digest: sha256:b253680f2c5ee1118e2c282e0c4ebff5cb6e87643fb98abcf1e686caaa35152a
Status: Image is up to date for nicotin/joda:0.12.4
5c258b3b3e5eae395ea4fbd39431c0109464855dcba6546941b9aed051bba2ae
0
JODA: 72.3294 s
joda-benchmark
=== Results ===
= JQ =
Overall: 
= JODA =
Overall: 72.3294
Query Time: 12.0184
6.031317533
1.958004744
0.646535321
0.819856477
0.173024065
0.309693107
1.117877374
0.667472394
0.197479294
0.097113426
= Mongo =
Overall: 

Query Time: 
= PostgreSQL =
Overall: 
=== AGG Results ===
= JQ =

= JODA =
13346336
10691615
5088210
3778670
1637624
328291
780150
5073309
1358323
305359
251056
= Mongo =

= PostgreSQL =

