=== Found JODA query file, executing JODA queries ===
= File:'Twitter.json' =
0.12.4: Pulling from nicotin/joda
Digest: sha256:b253680f2c5ee1118e2c282e0c4ebff5cb6e87643fb98abcf1e686caaa35152a
Status: Image is up to date for nicotin/joda:0.12.4
eedff65e26786e9ab1f63dc83eb20ac67ffdf9a618b3b2f10aa818dd85cf1ae1
0
JODA: 86.8968 s
joda-benchmark
=== Results ===
= JQ =
Overall: 
= JODA =
Overall: 86.8968
Query Time: 18.0256
3.029764118
3.665484714
4.208288623
2.253548659
1.311899068
0.459500347
0.725686058
1.386537148
0.807806791
0.17707127
= Mongo =
Overall: 

Query Time: 
= PostgreSQL =
Overall: 
=== AGG Results ===
= JQ =

= JODA =
13346336
10691615
10691615
5407738
5073309
5073309
2355475
3485353
4484630
3303842
649121
= Mongo =

= PostgreSQL =

