=== Found JODA query file, executing JODA queries ===
= File:'NoBench.json' =
0.12.3: Pulling from nicotin/joda
Digest: sha256:6c0c6b4a19967ae02ef348535acdb3eb8496453a8b868763c34370e10be0192f
Status: Image is up to date for nicotin/joda:0.12.3
bb357a3da5b6130c09bb5b504df18903625584f1135c947d83d77f773832f4db
0
JODA: 2.17513 s
joda-benchmark
=== Found MongoDB query file, executing MongoDB queries ===
= File:'NoBench.json' =
5.0.3-focal: Pulling from library/mongo
Digest: sha256:f7c401402aa3e689fc42c7109247ab2d5a3e3b4b8a3ace4c2bf7a5fc74ca4917
Status: Image is up to date for mongo:5.0.3-focal
42b17a084ae104f163fa9667f94dccf71581a06f84939439f34e317ed9f61a2c
2021-11-09T12:00:47.172+0000	connected to: mongodb://localhost/
2021-11-09T12:00:50.172+0000	[#######.................] benchmark.NoBench	18.2MB/54.9MB (33.2%)
2021-11-09T12:00:53.174+0000	[###############.........] benchmark.NoBench	34.7MB/54.9MB (63.1%)
2021-11-09T12:00:56.173+0000	[####################....] benchmark.NoBench	47.9MB/54.9MB (87.2%)
2021-11-09T12:00:57.663+0000	[########################] benchmark.NoBench	54.9MB/54.9MB (100.0%)
2021-11-09T12:00:57.663+0000	100000 document(s) imported successfully. 0 document(s) failed to import.
mongo-benchmark
MongoDB: 16.8736 s
mongo-benchmark
=== Found Postgres query file, executing Postgres queries ===
= File:'NoBench.json' =
13.4-alpine: Pulling from library/postgres
Digest: sha256:c170270dc9ba94f491375e366fa2cf46d0bc0027e4a69d70e6e9d1454ba748dc
Status: Image is up to date for postgres:13.4-alpine
1ca7211f7af73554314cdc795959e2a98235125e3da6c3aa3a309d4ef7d8b971
3
PSQL: 6.20639 s
psql-benchmark
=== Results ===
= JQ =
Overall: 
= JODA =
Overall: 2.17513
Query Time: 0.436305
0.060378176
0.060195426
0.056451503
0.048581858
0.042900025
0.032982059
0.034339843
0.033596696
0.031978461
0.03490123
= Mongo =
Overall: 16.8736
0.354
0.487
0.48
0.398
0.51
0.294
0.522
0.513
0.408
0.363
Query Time: 4.329
= PostgreSQL =
Overall: 6.20639
=== AGG Results ===
= JQ =

= JODA =
100000
34172
82443
82313
42304
18711
6632
3068
818
278
10
= Mongo =
34172
82443
82313
42304
18711
6632
3068
818
278
10
= PostgreSQL =
 34172
 82443
 82313
 42304
 18711
  6632
  3068
   818
   278
    10
