=== Found JODA query file, executing JODA queries ===
= File:'Twitter.json' =
0.12.2: Pulling from nicotin/joda
Digest: sha256:f5e9052c3cc1af5f34dcaa9442d46f2baf40a6a1b6fc3a0d59558d49b5ec8fcf
Status: Image is up to date for nicotin/joda:0.12.2
61e8e4839199bfb91fd62688f375220d3ebf01068237d8f340248a10139de874
0
JODA: 100.227 s
joda-benchmark
=== Found MongoDB query file, executing MongoDB queries ===
= File:'Twitter.json' =
5.0.3-focal: Pulling from library/mongo
Digest: sha256:f7c401402aa3e689fc42c7109247ab2d5a3e3b4b8a3ace4c2bf7a5fc74ca4917
Status: Image is up to date for mongo:5.0.3-focal
2e45dda4ea3ce5dbc9095477d3335f7bde1ae4335ce8e626e1509e33b85a9073
2021-10-20T01:43:04.782+0000	connected to: mongodb://localhost/
2021-10-20T01:43:07.782+0000	[........................] benchmark.Twitter	47.2MB/49.1GB (0.1%)
2021-10-20T01:43:10.782+0000	[........................] benchmark.Twitter	96.7MB/49.1GB (0.2%)
2021-10-20T01:43:13.783+0000	[........................] benchmark.Twitter	149MB/49.1GB (0.3%)
2021-10-20T01:43:16.782+0000	[........................] benchmark.Twitter	200MB/49.1GB (0.4%)
2021-10-20T01:43:19.783+0000	[........................] benchmark.Twitter	255MB/49.1GB (0.5%)
2021-10-20T01:43:22.782+0000	[........................] benchmark.Twitter	308MB/49.1GB (0.6%)
2021-10-20T01:43:25.782+0000	[........................] benchmark.Twitter	360MB/49.1GB (0.7%)
2021-10-20T01:43:28.782+0000	[........................] benchmark.Twitter	413MB/49.1GB (0.8%)
2021-10-20T01:43:31.783+0000	[........................] benchmark.Twitter	466MB/49.1GB (0.9%)
2021-10-20T01:43:34.783+0000	[........................] benchmark.Twitter	518MB/49.1GB (1.0%)
2021-10-20T01:43:37.782+0000	[........................] benchmark.Twitter	572MB/49.1GB (1.1%)
2021-10-20T01:43:40.782+0000	[........................] benchmark.Twitter	626MB/49.1GB (1.2%)
2021-10-20T01:43:43.782+0000	[........................] benchmark.Twitter	679MB/49.1GB (1.4%)
2021-10-20T01:43:46.782+0000	[........................] benchmark.Twitter	731MB/49.1GB (1.5%)
2021-10-20T01:43:49.783+0000	[........................] benchmark.Twitter	785MB/49.1GB (1.6%)
2021-10-20T01:43:52.783+0000	[........................] benchmark.Twitter	839MB/49.1GB (1.7%)
2021-10-20T01:43:55.782+0000	[........................] benchmark.Twitter	892MB/49.1GB (1.8%)
2021-10-20T01:43:58.782+0000	[........................] benchmark.Twitter	946MB/49.1GB (1.9%)
2021-10-20T01:44:01.782+0000	[........................] benchmark.Twitter	999MB/49.1GB (2.0%)
2021-10-20T01:44:04.783+0000	[........................] benchmark.Twitter	1.03GB/49.1GB (2.1%)
2021-10-20T01:44:07.782+0000	[........................] benchmark.Twitter	1.08GB/49.1GB (2.2%)
2021-10-20T01:44:10.782+0000	[........................] benchmark.Twitter	1.14GB/49.1GB (2.3%)
2021-10-20T01:44:13.782+0000	[........................] benchmark.Twitter	1.19GB/49.1GB (2.4%)
2021-10-20T01:44:16.782+0000	[........................] benchmark.Twitter	1.24GB/49.1GB (2.5%)
2021-10-20T01:44:19.782+0000	[........................] benchmark.Twitter	1.29GB/49.1GB (2.6%)
2021-10-20T01:44:22.783+0000	[........................] benchmark.Twitter	1.34GB/49.1GB (2.7%)
2021-10-20T01:44:25.782+0000	[........................] benchmark.Twitter	1.39GB/49.1GB (2.8%)
2021-10-20T01:44:28.782+0000	[........................] benchmark.Twitter	1.44GB/49.1GB (2.9%)
2021-10-20T01:44:31.782+0000	[........................] benchmark.Twitter	1.49GB/49.1GB (3.0%)
2021-10-20T01:44:34.782+0000	[........................] benchmark.Twitter	1.55GB/49.1GB (3.1%)
2021-10-20T01:44:37.782+0000	[........................] benchmark.Twitter	1.60GB/49.1GB (3.3%)
2021-10-20T01:44:40.782+0000	[........................] benchmark.Twitter	1.65GB/49.1GB (3.4%)
2021-10-20T01:44:43.782+0000	[........................] benchmark.Twitter	1.70GB/49.1GB (3.5%)
2021-10-20T01:44:46.783+0000	[........................] benchmark.Twitter	1.75GB/49.1GB (3.6%)
2021-10-20T01:44:49.782+0000	[........................] benchmark.Twitter	1.80GB/49.1GB (3.7%)
2021-10-20T01:44:52.782+0000	[........................] benchmark.Twitter	1.86GB/49.1GB (3.8%)
2021-10-20T01:44:55.782+0000	[........................] benchmark.Twitter	1.91GB/49.1GB (3.9%)
2021-10-20T01:44:58.782+0000	[........................] benchmark.Twitter	1.96GB/49.1GB (4.0%)
2021-10-20T01:45:01.783+0000	[........................] benchmark.Twitter	2.01GB/49.1GB (4.1%)
2021-10-20T01:45:04.783+0000	[#.......................] benchmark.Twitter	2.05GB/49.1GB (4.2%)
2021-10-20T01:45:07.782+0000	[#.......................] benchmark.Twitter	2.09GB/49.1GB (4.3%)
2021-10-20T01:45:10.783+0000	[#.......................] benchmark.Twitter	2.14GB/49.1GB (4.3%)
2021-10-20T01:45:13.783+0000	[#.......................] benchmark.Twitter	2.18GB/49.1GB (4.4%)
2021-10-20T01:45:16.782+0000	[#.......................] benchmark.Twitter	2.22GB/49.1GB (4.5%)
2021-10-20T01:45:19.783+0000	[#.......................] benchmark.Twitter	2.26GB/49.1GB (4.6%)
2021-10-20T01:45:22.783+0000	[#.......................] benchmark.Twitter	2.31GB/49.1GB (4.7%)
2021-10-20T01:45:25.783+0000	[#.......................] benchmark.Twitter	2.35GB/49.1GB (4.8%)
2021-10-20T01:45:28.782+0000	[#.......................] benchmark.Twitter	2.40GB/49.1GB (4.9%)
2021-10-20T01:45:31.782+0000	[#.......................] benchmark.Twitter	2.46GB/49.1GB (5.0%)
2021-10-20T01:45:34.782+0000	[#.......................] benchmark.Twitter	2.51GB/49.1GB (5.1%)
2021-10-20T01:45:37.782+0000	[#.......................] benchmark.Twitter	2.56GB/49.1GB (5.2%)
2021-10-20T01:45:40.782+0000	[#.......................] benchmark.Twitter	2.61GB/49.1GB (5.3%)
2021-10-20T01:45:43.782+0000	[#.......................] benchmark.Twitter	2.66GB/49.1GB (5.4%)
2021-10-20T01:45:46.782+0000	[#.......................] benchmark.Twitter	2.71GB/49.1GB (5.5%)
2021-10-20T01:45:49.782+0000	[#.......................] benchmark.Twitter	2.77GB/49.1GB (5.6%)
2021-10-20T01:45:52.782+0000	[#.......................] benchmark.Twitter	2.82GB/49.1GB (5.7%)
2021-10-20T01:45:55.782+0000	[#.......................] benchmark.Twitter	2.87GB/49.1GB (5.8%)
2021-10-20T01:45:58.783+0000	[#.......................] benchmark.Twitter	2.92GB/49.1GB (5.9%)
2021-10-20T01:46:01.782+0000	[#.......................] benchmark.Twitter	2.97GB/49.1GB (6.0%)
2021-10-20T01:46:04.782+0000	[#.......................] benchmark.Twitter	3.02GB/49.1GB (6.2%)
2021-10-20T01:46:07.782+0000	[#.......................] benchmark.Twitter	3.08GB/49.1GB (6.3%)
2021-10-20T01:46:10.783+0000	[#.......................] benchmark.Twitter	3.13GB/49.1GB (6.4%)
2021-10-20T01:46:13.782+0000	[#.......................] benchmark.Twitter	3.18GB/49.1GB (6.5%)
2021-10-20T01:46:16.782+0000	[#.......................] benchmark.Twitter	3.23GB/49.1GB (6.6%)
2021-10-20T01:46:19.782+0000	[#.......................] benchmark.Twitter	3.29GB/49.1GB (6.7%)
2021-10-20T01:46:22.782+0000	[#.......................] benchmark.Twitter	3.34GB/49.1GB (6.8%)
2021-10-20T01:46:25.782+0000	[#.......................] benchmark.Twitter	3.39GB/49.1GB (6.9%)
2021-10-20T01:46:28.782+0000	[#.......................] benchmark.Twitter	3.44GB/49.1GB (7.0%)
2021-10-20T01:46:31.782+0000	[#.......................] benchmark.Twitter	3.49GB/49.1GB (7.1%)
2021-10-20T01:46:34.782+0000	[#.......................] benchmark.Twitter	3.54GB/49.1GB (7.2%)
2021-10-20T01:46:37.783+0000	[#.......................] benchmark.Twitter	3.60GB/49.1GB (7.3%)
2021-10-20T01:46:40.782+0000	[#.......................] benchmark.Twitter	3.65GB/49.1GB (7.4%)
2021-10-20T01:46:43.794+0000	[#.......................] benchmark.Twitter	3.70GB/49.1GB (7.5%)
2021-10-20T01:46:46.783+0000	[#.......................] benchmark.Twitter	3.75GB/49.1GB (7.6%)
2021-10-20T01:46:49.782+0000	[#.......................] benchmark.Twitter	3.80GB/49.1GB (7.7%)
2021-10-20T01:46:52.783+0000	[#.......................] benchmark.Twitter	3.85GB/49.1GB (7.8%)
2021-10-20T01:46:55.782+0000	[#.......................] benchmark.Twitter	3.91GB/49.1GB (8.0%)
2021-10-20T01:46:58.783+0000	[#.......................] benchmark.Twitter	3.96GB/49.1GB (8.1%)
2021-10-20T01:47:01.782+0000	[#.......................] benchmark.Twitter	4.01GB/49.1GB (8.2%)
2021-10-20T01:47:04.782+0000	[#.......................] benchmark.Twitter	4.06GB/49.1GB (8.3%)
2021-10-20T01:47:07.782+0000	[##......................] benchmark.Twitter	4.11GB/49.1GB (8.4%)
2021-10-20T01:47:10.782+0000	[##......................] benchmark.Twitter	4.17GB/49.1GB (8.5%)
2021-10-20T01:47:13.783+0000	[##......................] benchmark.Twitter	4.22GB/49.1GB (8.6%)
2021-10-20T01:47:16.782+0000	[##......................] benchmark.Twitter	4.27GB/49.1GB (8.7%)
2021-10-20T01:47:19.782+0000	[##......................] benchmark.Twitter	4.33GB/49.1GB (8.8%)
2021-10-20T01:47:22.782+0000	[##......................] benchmark.Twitter	4.38GB/49.1GB (8.9%)
2021-10-20T01:47:25.783+0000	[##......................] benchmark.Twitter	4.43GB/49.1GB (9.0%)
2021-10-20T01:47:28.783+0000	[##......................] benchmark.Twitter	4.48GB/49.1GB (9.1%)
2021-10-20T01:47:31.782+0000	[##......................] benchmark.Twitter	4.53GB/49.1GB (9.2%)
2021-10-20T01:47:34.782+0000	[##......................] benchmark.Twitter	4.58GB/49.1GB (9.3%)
2021-10-20T01:47:37.782+0000	[##......................] benchmark.Twitter	4.64GB/49.1GB (9.4%)
2021-10-20T01:47:40.782+0000	[##......................] benchmark.Twitter	4.69GB/49.1GB (9.5%)
2021-10-20T01:47:43.782+0000	[##......................] benchmark.Twitter	4.74GB/49.1GB (9.6%)
2021-10-20T01:47:46.783+0000	[##......................] benchmark.Twitter	4.79GB/49.1GB (9.7%)
2021-10-20T01:47:49.782+0000	[##......................] benchmark.Twitter	4.84GB/49.1GB (9.9%)
2021-10-20T01:47:52.783+0000	[##......................] benchmark.Twitter	4.89GB/49.1GB (10.0%)
2021-10-20T01:47:55.782+0000	[##......................] benchmark.Twitter	4.95GB/49.1GB (10.1%)
2021-10-20T01:47:58.782+0000	[##......................] benchmark.Twitter	5.00GB/49.1GB (10.2%)
2021-10-20T01:48:01.782+0000	[##......................] benchmark.Twitter	5.05GB/49.1GB (10.3%)
2021-10-20T01:48:04.782+0000	[##......................] benchmark.Twitter	5.10GB/49.1GB (10.4%)
2021-10-20T01:48:07.782+0000	[##......................] benchmark.Twitter	5.15GB/49.1GB (10.5%)
2021-10-20T01:48:10.782+0000	[##......................] benchmark.Twitter	5.20GB/49.1GB (10.6%)
2021-10-20T01:48:13.783+0000	[##......................] benchmark.Twitter	5.25GB/49.1GB (10.7%)
2021-10-20T01:48:16.782+0000	[##......................] benchmark.Twitter	5.30GB/49.1GB (10.8%)
2021-10-20T01:48:19.782+0000	[##......................] benchmark.Twitter	5.34GB/49.1GB (10.9%)
2021-10-20T01:48:22.783+0000	[##......................] benchmark.Twitter	5.39GB/49.1GB (11.0%)
2021-10-20T01:48:25.783+0000	[##......................] benchmark.Twitter	5.43GB/49.1GB (11.1%)
2021-10-20T01:48:28.783+0000	[##......................] benchmark.Twitter	5.48GB/49.1GB (11.2%)
2021-10-20T01:48:31.783+0000	[##......................] benchmark.Twitter	5.53GB/49.1GB (11.2%)
2021-10-20T01:48:34.782+0000	[##......................] benchmark.Twitter	5.57GB/49.1GB (11.3%)
2021-10-20T01:48:37.782+0000	[##......................] benchmark.Twitter	5.62GB/49.1GB (11.4%)
2021-10-20T01:48:40.782+0000	[##......................] benchmark.Twitter	5.66GB/49.1GB (11.5%)
2021-10-20T01:48:43.782+0000	[##......................] benchmark.Twitter	5.70GB/49.1GB (11.6%)
2021-10-20T01:48:46.782+0000	[##......................] benchmark.Twitter	5.75GB/49.1GB (11.7%)
2021-10-20T01:48:49.782+0000	[##......................] benchmark.Twitter	5.79GB/49.1GB (11.8%)
2021-10-20T01:48:52.782+0000	[##......................] benchmark.Twitter	5.83GB/49.1GB (11.9%)
2021-10-20T01:48:55.782+0000	[##......................] benchmark.Twitter	5.88GB/49.1GB (12.0%)
2021-10-20T01:48:58.782+0000	[##......................] benchmark.Twitter	5.92GB/49.1GB (12.0%)
2021-10-20T01:49:01.782+0000	[##......................] benchmark.Twitter	5.96GB/49.1GB (12.1%)
2021-10-20T01:49:04.782+0000	[##......................] benchmark.Twitter	6.01GB/49.1GB (12.2%)
2021-10-20T01:49:07.782+0000	[##......................] benchmark.Twitter	6.06GB/49.1GB (12.3%)
2021-10-20T01:49:10.782+0000	[##......................] benchmark.Twitter	6.11GB/49.1GB (12.4%)
2021-10-20T01:49:13.782+0000	[###.....................] benchmark.Twitter	6.16GB/49.1GB (12.5%)
2021-10-20T01:49:16.782+0000	[###.....................] benchmark.Twitter	6.21GB/49.1GB (12.6%)
2021-10-20T01:49:19.782+0000	[###.....................] benchmark.Twitter	6.26GB/49.1GB (12.7%)
2021-10-20T01:49:22.782+0000	[###.....................] benchmark.Twitter	6.32GB/49.1GB (12.9%)
2021-10-20T01:49:25.782+0000	[###.....................] benchmark.Twitter	6.37GB/49.1GB (13.0%)
2021-10-20T01:49:28.782+0000	[###.....................] benchmark.Twitter	6.42GB/49.1GB (13.1%)
2021-10-20T01:49:31.782+0000	[###.....................] benchmark.Twitter	6.47GB/49.1GB (13.2%)
2021-10-20T01:49:34.782+0000	[###.....................] benchmark.Twitter	6.52GB/49.1GB (13.3%)
2021-10-20T01:49:37.782+0000	[###.....................] benchmark.Twitter	6.57GB/49.1GB (13.4%)
2021-10-20T01:49:40.783+0000	[###.....................] benchmark.Twitter	6.63GB/49.1GB (13.5%)
2021-10-20T01:49:43.783+0000	[###.....................] benchmark.Twitter	6.68GB/49.1GB (13.6%)
2021-10-20T01:49:46.782+0000	[###.....................] benchmark.Twitter	6.73GB/49.1GB (13.7%)
2021-10-20T01:49:49.783+0000	[###.....................] benchmark.Twitter	6.78GB/49.1GB (13.8%)
2021-10-20T01:49:52.782+0000	[###.....................] benchmark.Twitter	6.83GB/49.1GB (13.9%)
2021-10-20T01:49:55.782+0000	[###.....................] benchmark.Twitter	6.88GB/49.1GB (14.0%)
2021-10-20T01:49:58.782+0000	[###.....................] benchmark.Twitter	6.93GB/49.1GB (14.1%)
2021-10-20T01:50:01.782+0000	[###.....................] benchmark.Twitter	6.99GB/49.1GB (14.2%)
2021-10-20T01:50:04.783+0000	[###.....................] benchmark.Twitter	7.04GB/49.1GB (14.3%)
2021-10-20T01:50:07.782+0000	[###.....................] benchmark.Twitter	7.09GB/49.1GB (14.4%)
2021-10-20T01:50:10.783+0000	[###.....................] benchmark.Twitter	7.14GB/49.1GB (14.5%)
2021-10-20T01:50:13.782+0000	[###.....................] benchmark.Twitter	7.19GB/49.1GB (14.6%)
2021-10-20T01:50:16.782+0000	[###.....................] benchmark.Twitter	7.24GB/49.1GB (14.7%)
2021-10-20T01:50:19.783+0000	[###.....................] benchmark.Twitter	7.29GB/49.1GB (14.8%)
2021-10-20T01:50:22.782+0000	[###.....................] benchmark.Twitter	7.34GB/49.1GB (14.9%)
2021-10-20T01:50:25.782+0000	[###.....................] benchmark.Twitter	7.40GB/49.1GB (15.1%)
2021-10-20T01:50:28.783+0000	[###.....................] benchmark.Twitter	7.45GB/49.1GB (15.2%)
2021-10-20T01:50:31.782+0000	[###.....................] benchmark.Twitter	7.50GB/49.1GB (15.3%)
2021-10-20T01:50:34.782+0000	[###.....................] benchmark.Twitter	7.55GB/49.1GB (15.4%)
2021-10-20T01:50:37.783+0000	[###.....................] benchmark.Twitter	7.60GB/49.1GB (15.5%)
2021-10-20T01:50:40.782+0000	[###.....................] benchmark.Twitter	7.66GB/49.1GB (15.6%)
2021-10-20T01:50:43.782+0000	[###.....................] benchmark.Twitter	7.71GB/49.1GB (15.7%)
2021-10-20T01:50:46.784+0000	[###.....................] benchmark.Twitter	7.76GB/49.1GB (15.8%)
2021-10-20T01:50:49.783+0000	[###.....................] benchmark.Twitter	7.81GB/49.1GB (15.9%)
2021-10-20T01:50:52.782+0000	[###.....................] benchmark.Twitter	7.86GB/49.1GB (16.0%)
2021-10-20T01:50:55.782+0000	[###.....................] benchmark.Twitter	7.91GB/49.1GB (16.1%)
2021-10-20T01:50:58.783+0000	[###.....................] benchmark.Twitter	7.96GB/49.1GB (16.2%)
2021-10-20T01:51:01.782+0000	[###.....................] benchmark.Twitter	8.02GB/49.1GB (16.3%)
2021-10-20T01:51:04.782+0000	[###.....................] benchmark.Twitter	8.07GB/49.1GB (16.4%)
2021-10-20T01:51:07.782+0000	[###.....................] benchmark.Twitter	8.12GB/49.1GB (16.5%)
2021-10-20T01:51:10.782+0000	[###.....................] benchmark.Twitter	8.17GB/49.1GB (16.6%)
2021-10-20T01:51:13.783+0000	[####....................] benchmark.Twitter	8.22GB/49.1GB (16.7%)
2021-10-20T01:51:16.782+0000	[####....................] benchmark.Twitter	8.27GB/49.1GB (16.8%)
2021-10-20T01:51:19.782+0000	[####....................] benchmark.Twitter	8.32GB/49.1GB (16.9%)
2021-10-20T01:51:22.782+0000	[####....................] benchmark.Twitter	8.37GB/49.1GB (17.0%)
2021-10-20T01:51:25.783+0000	[####....................] benchmark.Twitter	8.42GB/49.1GB (17.1%)
2021-10-20T01:51:28.782+0000	[####....................] benchmark.Twitter	8.48GB/49.1GB (17.3%)
2021-10-20T01:51:31.782+0000	[####....................] benchmark.Twitter	8.53GB/49.1GB (17.4%)
2021-10-20T01:51:34.782+0000	[####....................] benchmark.Twitter	8.58GB/49.1GB (17.5%)
2021-10-20T01:51:37.782+0000	[####....................] benchmark.Twitter	8.63GB/49.1GB (17.6%)
2021-10-20T01:51:40.782+0000	[####....................] benchmark.Twitter	8.68GB/49.1GB (17.7%)
2021-10-20T01:51:43.782+0000	[####....................] benchmark.Twitter	8.73GB/49.1GB (17.8%)
2021-10-20T01:51:46.782+0000	[####....................] benchmark.Twitter	8.78GB/49.1GB (17.9%)
2021-10-20T01:51:49.783+0000	[####....................] benchmark.Twitter	8.84GB/49.1GB (18.0%)
2021-10-20T01:51:52.783+0000	[####....................] benchmark.Twitter	8.88GB/49.1GB (18.1%)
2021-10-20T01:51:55.783+0000	[####....................] benchmark.Twitter	8.92GB/49.1GB (18.2%)
2021-10-20T01:51:58.783+0000	[####....................] benchmark.Twitter	8.96GB/49.1GB (18.2%)
2021-10-20T01:52:01.783+0000	[####....................] benchmark.Twitter	9.01GB/49.1GB (18.3%)
2021-10-20T01:52:04.782+0000	[####....................] benchmark.Twitter	9.05GB/49.1GB (18.4%)
2021-10-20T01:52:07.782+0000	[####....................] benchmark.Twitter	9.09GB/49.1GB (18.5%)
2021-10-20T01:52:10.783+0000	[####....................] benchmark.Twitter	9.14GB/49.1GB (18.6%)
2021-10-20T01:52:13.783+0000	[####....................] benchmark.Twitter	9.18GB/49.1GB (18.7%)
2021-10-20T01:52:16.782+0000	[####....................] benchmark.Twitter	9.22GB/49.1GB (18.8%)
2021-10-20T01:52:19.783+0000	[####....................] benchmark.Twitter	9.26GB/49.1GB (18.9%)
2021-10-20T01:52:22.782+0000	[####....................] benchmark.Twitter	9.31GB/49.1GB (18.9%)
2021-10-20T01:52:25.782+0000	[####....................] benchmark.Twitter	9.35GB/49.1GB (19.0%)
2021-10-20T01:52:28.783+0000	[####....................] benchmark.Twitter	9.39GB/49.1GB (19.1%)
2021-10-20T01:52:31.783+0000	[####....................] benchmark.Twitter	9.43GB/49.1GB (19.2%)
2021-10-20T01:52:34.783+0000	[####....................] benchmark.Twitter	9.48GB/49.1GB (19.3%)
2021-10-20T01:52:37.783+0000	[####....................] benchmark.Twitter	9.52GB/49.1GB (19.4%)
2021-10-20T01:52:40.782+0000	[####....................] benchmark.Twitter	9.56GB/49.1GB (19.5%)
2021-10-20T01:52:43.782+0000	[####....................] benchmark.Twitter	9.61GB/49.1GB (19.6%)
2021-10-20T01:52:46.783+0000	[####....................] benchmark.Twitter	9.66GB/49.1GB (19.7%)
2021-10-20T01:52:49.783+0000	[####....................] benchmark.Twitter	9.71GB/49.1GB (19.8%)
2021-10-20T01:52:52.782+0000	[####....................] benchmark.Twitter	9.76GB/49.1GB (19.9%)
2021-10-20T01:52:55.782+0000	[####....................] benchmark.Twitter	9.81GB/49.1GB (20.0%)
2021-10-20T01:52:58.782+0000	[####....................] benchmark.Twitter	9.86GB/49.1GB (20.1%)
2021-10-20T01:53:01.783+0000	[####....................] benchmark.Twitter	9.92GB/49.1GB (20.2%)
2021-10-20T01:53:04.782+0000	[####....................] benchmark.Twitter	9.97GB/49.1GB (20.3%)
2021-10-20T01:53:07.782+0000	[####....................] benchmark.Twitter	10.0GB/49.1GB (20.4%)
2021-10-20T01:53:10.782+0000	[####....................] benchmark.Twitter	10.1GB/49.1GB (20.5%)
2021-10-20T01:53:13.782+0000	[####....................] benchmark.Twitter	10.1GB/49.1GB (20.6%)
2021-10-20T01:53:16.782+0000	[####....................] benchmark.Twitter	10.2GB/49.1GB (20.7%)
2021-10-20T01:53:19.783+0000	[####....................] benchmark.Twitter	10.2GB/49.1GB (20.8%)
2021-10-20T01:53:22.782+0000	[#####...................] benchmark.Twitter	10.3GB/49.1GB (20.9%)
2021-10-20T01:53:25.783+0000	[#####...................] benchmark.Twitter	10.3GB/49.1GB (21.0%)
2021-10-20T01:53:28.782+0000	[#####...................] benchmark.Twitter	10.4GB/49.1GB (21.1%)
2021-10-20T01:53:31.782+0000	[#####...................] benchmark.Twitter	10.4GB/49.1GB (21.2%)
2021-10-20T01:53:34.782+0000	[#####...................] benchmark.Twitter	10.5GB/49.1GB (21.3%)
2021-10-20T01:53:37.782+0000	[#####...................] benchmark.Twitter	10.5GB/49.1GB (21.4%)
2021-10-20T01:53:40.783+0000	[#####...................] benchmark.Twitter	10.6GB/49.1GB (21.5%)
2021-10-20T01:53:43.782+0000	[#####...................] benchmark.Twitter	10.6GB/49.1GB (21.6%)
2021-10-20T01:53:46.782+0000	[#####...................] benchmark.Twitter	10.7GB/49.1GB (21.8%)
2021-10-20T01:53:49.783+0000	[#####...................] benchmark.Twitter	10.7GB/49.1GB (21.9%)
2021-10-20T01:53:52.783+0000	[#####...................] benchmark.Twitter	10.8GB/49.1GB (22.0%)
2021-10-20T01:53:55.783+0000	[#####...................] benchmark.Twitter	10.8GB/49.1GB (22.1%)
2021-10-20T01:53:58.783+0000	[#####...................] benchmark.Twitter	10.9GB/49.1GB (22.2%)
2021-10-20T01:54:01.782+0000	[#####...................] benchmark.Twitter	10.9GB/49.1GB (22.3%)
2021-10-20T01:54:04.782+0000	[#####...................] benchmark.Twitter	11.0GB/49.1GB (22.4%)
2021-10-20T01:54:07.783+0000	[#####...................] benchmark.Twitter	11.1GB/49.1GB (22.5%)
2021-10-20T01:54:10.782+0000	[#####...................] benchmark.Twitter	11.1GB/49.1GB (22.6%)
2021-10-20T01:54:13.782+0000	[#####...................] benchmark.Twitter	11.2GB/49.1GB (22.7%)
2021-10-20T01:54:16.783+0000	[#####...................] benchmark.Twitter	11.2GB/49.1GB (22.8%)
2021-10-20T01:54:19.782+0000	[#####...................] benchmark.Twitter	11.2GB/49.1GB (22.9%)
2021-10-20T01:54:22.782+0000	[#####...................] benchmark.Twitter	11.3GB/49.1GB (23.0%)
2021-10-20T01:54:25.782+0000	[#####...................] benchmark.Twitter	11.3GB/49.1GB (23.1%)
2021-10-20T01:54:28.782+0000	[#####...................] benchmark.Twitter	11.4GB/49.1GB (23.2%)
2021-10-20T01:54:31.782+0000	[#####...................] benchmark.Twitter	11.5GB/49.1GB (23.3%)
2021-10-20T01:54:34.782+0000	[#####...................] benchmark.Twitter	11.5GB/49.1GB (23.4%)
2021-10-20T01:54:37.782+0000	[#####...................] benchmark.Twitter	11.6GB/49.1GB (23.5%)
2021-10-20T01:54:40.782+0000	[#####...................] benchmark.Twitter	11.6GB/49.1GB (23.6%)
2021-10-20T01:54:43.782+0000	[#####...................] benchmark.Twitter	11.7GB/49.1GB (23.7%)
2021-10-20T01:54:46.782+0000	[#####...................] benchmark.Twitter	11.7GB/49.1GB (23.9%)
2021-10-20T01:54:49.782+0000	[#####...................] benchmark.Twitter	11.8GB/49.1GB (24.0%)
2021-10-20T01:54:52.782+0000	[#####...................] benchmark.Twitter	11.8GB/49.1GB (24.1%)
2021-10-20T01:54:55.782+0000	[#####...................] benchmark.Twitter	11.9GB/49.1GB (24.2%)
2021-10-20T01:54:58.783+0000	[#####...................] benchmark.Twitter	11.9GB/49.1GB (24.3%)
2021-10-20T01:55:01.783+0000	[#####...................] benchmark.Twitter	12.0GB/49.1GB (24.4%)
2021-10-20T01:55:04.782+0000	[#####...................] benchmark.Twitter	12.0GB/49.1GB (24.5%)
2021-10-20T01:55:07.783+0000	[#####...................] benchmark.Twitter	12.1GB/49.1GB (24.5%)
2021-10-20T01:55:10.782+0000	[#####...................] benchmark.Twitter	12.1GB/49.1GB (24.6%)
2021-10-20T01:55:13.782+0000	[#####...................] benchmark.Twitter	12.1GB/49.1GB (24.7%)
2021-10-20T01:55:16.782+0000	[#####...................] benchmark.Twitter	12.2GB/49.1GB (24.8%)
2021-10-20T01:55:19.783+0000	[#####...................] benchmark.Twitter	12.2GB/49.1GB (24.9%)
2021-10-20T01:55:22.782+0000	[#####...................] benchmark.Twitter	12.3GB/49.1GB (25.0%)
2021-10-20T01:55:25.782+0000	[######..................] benchmark.Twitter	12.3GB/49.1GB (25.0%)
2021-10-20T01:55:28.782+0000	[######..................] benchmark.Twitter	12.3GB/49.1GB (25.1%)
2021-10-20T01:55:31.783+0000	[######..................] benchmark.Twitter	12.4GB/49.1GB (25.2%)
2021-10-20T01:55:34.782+0000	[######..................] benchmark.Twitter	12.4GB/49.1GB (25.3%)
2021-10-20T01:55:37.782+0000	[######..................] benchmark.Twitter	12.5GB/49.1GB (25.4%)
2021-10-20T01:55:40.782+0000	[######..................] benchmark.Twitter	12.5GB/49.1GB (25.5%)
2021-10-20T01:55:43.783+0000	[######..................] benchmark.Twitter	12.6GB/49.1GB (25.6%)
2021-10-20T01:55:46.783+0000	[######..................] benchmark.Twitter	12.6GB/49.1GB (25.7%)
2021-10-20T01:55:49.782+0000	[######..................] benchmark.Twitter	12.7GB/49.1GB (25.8%)
2021-10-20T01:55:52.782+0000	[######..................] benchmark.Twitter	12.7GB/49.1GB (25.9%)
2021-10-20T01:55:55.782+0000	[######..................] benchmark.Twitter	12.8GB/49.1GB (26.0%)
2021-10-20T01:55:58.782+0000	[######..................] benchmark.Twitter	12.8GB/49.1GB (26.1%)
2021-10-20T01:56:01.783+0000	[######..................] benchmark.Twitter	12.9GB/49.1GB (26.2%)
2021-10-20T01:56:04.783+0000	[######..................] benchmark.Twitter	12.9GB/49.1GB (26.3%)
2021-10-20T01:56:07.782+0000	[######..................] benchmark.Twitter	13.0GB/49.1GB (26.4%)
2021-10-20T01:56:10.783+0000	[######..................] benchmark.Twitter	13.0GB/49.1GB (26.5%)
2021-10-20T01:56:13.782+0000	[######..................] benchmark.Twitter	13.1GB/49.1GB (26.6%)
2021-10-20T01:56:16.783+0000	[######..................] benchmark.Twitter	13.1GB/49.1GB (26.7%)
2021-10-20T01:56:19.784+0000	[######..................] benchmark.Twitter	13.2GB/49.1GB (26.8%)
2021-10-20T01:56:22.782+0000	[######..................] benchmark.Twitter	13.2GB/49.1GB (26.9%)
2021-10-20T01:56:25.782+0000	[######..................] benchmark.Twitter	13.3GB/49.1GB (27.0%)
2021-10-20T01:56:28.783+0000	[######..................] benchmark.Twitter	13.3GB/49.1GB (27.1%)
2021-10-20T01:56:31.782+0000	[######..................] benchmark.Twitter	13.4GB/49.1GB (27.3%)
2021-10-20T01:56:34.783+0000	[######..................] benchmark.Twitter	13.4GB/49.1GB (27.4%)
2021-10-20T01:56:37.785+0000	[######..................] benchmark.Twitter	13.5GB/49.1GB (27.5%)
2021-10-20T01:56:40.783+0000	[######..................] benchmark.Twitter	13.5GB/49.1GB (27.6%)
2021-10-20T01:56:43.783+0000	[######..................] benchmark.Twitter	13.6GB/49.1GB (27.7%)
2021-10-20T01:56:46.783+0000	[######..................] benchmark.Twitter	13.7GB/49.1GB (27.8%)
2021-10-20T01:56:49.782+0000	[######..................] benchmark.Twitter	13.7GB/49.1GB (27.9%)
2021-10-20T01:56:52.782+0000	[######..................] benchmark.Twitter	13.8GB/49.1GB (28.0%)
2021-10-20T01:56:55.782+0000	[######..................] benchmark.Twitter	13.8GB/49.1GB (28.1%)
2021-10-20T01:56:58.782+0000	[######..................] benchmark.Twitter	13.9GB/49.1GB (28.2%)
2021-10-20T01:57:01.783+0000	[######..................] benchmark.Twitter	13.9GB/49.1GB (28.3%)
2021-10-20T01:57:04.783+0000	[######..................] benchmark.Twitter	14.0GB/49.1GB (28.4%)
2021-10-20T01:57:07.782+0000	[######..................] benchmark.Twitter	14.0GB/49.1GB (28.5%)
2021-10-20T01:57:10.783+0000	[######..................] benchmark.Twitter	14.1GB/49.1GB (28.6%)
2021-10-20T01:57:13.782+0000	[######..................] benchmark.Twitter	14.1GB/49.1GB (28.7%)
2021-10-20T01:57:16.782+0000	[######..................] benchmark.Twitter	14.2GB/49.1GB (28.8%)
2021-10-20T01:57:19.782+0000	[######..................] benchmark.Twitter	14.2GB/49.1GB (28.9%)
2021-10-20T01:57:22.782+0000	[######..................] benchmark.Twitter	14.3GB/49.1GB (29.0%)
2021-10-20T01:57:25.782+0000	[######..................] benchmark.Twitter	14.3GB/49.1GB (29.1%)
2021-10-20T01:57:28.782+0000	[#######.................] benchmark.Twitter	14.4GB/49.1GB (29.3%)
2021-10-20T01:57:31.782+0000	[#######.................] benchmark.Twitter	14.4GB/49.1GB (29.4%)
2021-10-20T01:57:34.783+0000	[#######.................] benchmark.Twitter	14.5GB/49.1GB (29.5%)
2021-10-20T01:57:37.783+0000	[#######.................] benchmark.Twitter	14.5GB/49.1GB (29.6%)
2021-10-20T01:57:40.783+0000	[#######.................] benchmark.Twitter	14.6GB/49.1GB (29.7%)
2021-10-20T01:57:43.782+0000	[#######.................] benchmark.Twitter	14.6GB/49.1GB (29.8%)
2021-10-20T01:57:46.782+0000	[#######.................] benchmark.Twitter	14.7GB/49.1GB (29.9%)
2021-10-20T01:57:49.782+0000	[#######.................] benchmark.Twitter	14.7GB/49.1GB (30.0%)
2021-10-20T01:57:52.782+0000	[#######.................] benchmark.Twitter	14.8GB/49.1GB (30.1%)
2021-10-20T01:57:55.782+0000	[#######.................] benchmark.Twitter	14.8GB/49.1GB (30.2%)
2021-10-20T01:57:58.782+0000	[#######.................] benchmark.Twitter	14.9GB/49.1GB (30.3%)
2021-10-20T01:58:01.782+0000	[#######.................] benchmark.Twitter	14.9GB/49.1GB (30.4%)
2021-10-20T01:58:04.783+0000	[#######.................] benchmark.Twitter	15.0GB/49.1GB (30.5%)
2021-10-20T01:58:07.782+0000	[#######.................] benchmark.Twitter	15.0GB/49.1GB (30.6%)
2021-10-20T01:58:10.782+0000	[#######.................] benchmark.Twitter	15.1GB/49.1GB (30.7%)
2021-10-20T01:58:13.782+0000	[#######.................] benchmark.Twitter	15.1GB/49.1GB (30.8%)
2021-10-20T01:58:16.782+0000	[#######.................] benchmark.Twitter	15.2GB/49.1GB (30.9%)
2021-10-20T01:58:19.782+0000	[#######.................] benchmark.Twitter	15.2GB/49.1GB (31.0%)
2021-10-20T01:58:22.783+0000	[#######.................] benchmark.Twitter	15.3GB/49.1GB (31.1%)
2021-10-20T01:58:25.782+0000	[#######.................] benchmark.Twitter	15.3GB/49.1GB (31.1%)
2021-10-20T01:58:28.783+0000	[#######.................] benchmark.Twitter	15.3GB/49.1GB (31.2%)
2021-10-20T01:58:31.782+0000	[#######.................] benchmark.Twitter	15.4GB/49.1GB (31.3%)
2021-10-20T01:58:34.782+0000	[#######.................] benchmark.Twitter	15.4GB/49.1GB (31.4%)
2021-10-20T01:58:37.783+0000	[#######.................] benchmark.Twitter	15.5GB/49.1GB (31.5%)
2021-10-20T01:58:40.783+0000	[#######.................] benchmark.Twitter	15.5GB/49.1GB (31.6%)
2021-10-20T01:58:43.782+0000	[#######.................] benchmark.Twitter	15.6GB/49.1GB (31.7%)
2021-10-20T01:58:46.782+0000	[#######.................] benchmark.Twitter	15.6GB/49.1GB (31.8%)
2021-10-20T01:58:49.782+0000	[#######.................] benchmark.Twitter	15.7GB/49.1GB (31.9%)
2021-10-20T01:58:52.782+0000	[#######.................] benchmark.Twitter	15.7GB/49.1GB (32.0%)
2021-10-20T01:58:55.782+0000	[#######.................] benchmark.Twitter	15.8GB/49.1GB (32.1%)
2021-10-20T01:58:58.782+0000	[#######.................] benchmark.Twitter	15.8GB/49.1GB (32.2%)
2021-10-20T01:59:01.782+0000	[#######.................] benchmark.Twitter	15.9GB/49.1GB (32.3%)
2021-10-20T01:59:04.782+0000	[#######.................] benchmark.Twitter	15.9GB/49.1GB (32.4%)
2021-10-20T01:59:07.782+0000	[#######.................] benchmark.Twitter	16.0GB/49.1GB (32.5%)
2021-10-20T01:59:10.782+0000	[#######.................] benchmark.Twitter	16.0GB/49.1GB (32.6%)
2021-10-20T01:59:13.782+0000	[#######.................] benchmark.Twitter	16.1GB/49.1GB (32.8%)
2021-10-20T01:59:16.782+0000	[#######.................] benchmark.Twitter	16.1GB/49.1GB (32.9%)
2021-10-20T01:59:19.782+0000	[#######.................] benchmark.Twitter	16.2GB/49.1GB (33.0%)
2021-10-20T01:59:22.782+0000	[#######.................] benchmark.Twitter	16.2GB/49.1GB (33.1%)
2021-10-20T01:59:25.782+0000	[#######.................] benchmark.Twitter	16.3GB/49.1GB (33.2%)
2021-10-20T01:59:28.783+0000	[#######.................] benchmark.Twitter	16.4GB/49.1GB (33.3%)
2021-10-20T01:59:31.782+0000	[########................] benchmark.Twitter	16.4GB/49.1GB (33.4%)
2021-10-20T01:59:34.782+0000	[########................] benchmark.Twitter	16.4GB/49.1GB (33.5%)
2021-10-20T01:59:37.783+0000	[########................] benchmark.Twitter	16.5GB/49.1GB (33.6%)
2021-10-20T01:59:40.783+0000	[########................] benchmark.Twitter	16.6GB/49.1GB (33.7%)
2021-10-20T01:59:43.783+0000	[########................] benchmark.Twitter	16.6GB/49.1GB (33.8%)
2021-10-20T01:59:46.782+0000	[########................] benchmark.Twitter	16.7GB/49.1GB (33.9%)
2021-10-20T01:59:49.783+0000	[########................] benchmark.Twitter	16.7GB/49.1GB (34.0%)
2021-10-20T01:59:52.782+0000	[########................] benchmark.Twitter	16.8GB/49.1GB (34.1%)
2021-10-20T01:59:55.783+0000	[########................] benchmark.Twitter	16.8GB/49.1GB (34.2%)
2021-10-20T01:59:58.782+0000	[########................] benchmark.Twitter	16.9GB/49.1GB (34.3%)
2021-10-20T02:00:01.783+0000	[########................] benchmark.Twitter	16.9GB/49.1GB (34.5%)
2021-10-20T02:00:04.782+0000	[########................] benchmark.Twitter	17.0GB/49.1GB (34.6%)
2021-10-20T02:00:07.783+0000	[########................] benchmark.Twitter	17.0GB/49.1GB (34.7%)
2021-10-20T02:00:10.782+0000	[########................] benchmark.Twitter	17.1GB/49.1GB (34.8%)
2021-10-20T02:00:13.782+0000	[########................] benchmark.Twitter	17.1GB/49.1GB (34.9%)
2021-10-20T02:00:16.782+0000	[########................] benchmark.Twitter	17.2GB/49.1GB (35.0%)
2021-10-20T02:00:19.783+0000	[########................] benchmark.Twitter	17.2GB/49.1GB (35.1%)
2021-10-20T02:00:22.782+0000	[########................] benchmark.Twitter	17.3GB/49.1GB (35.2%)
2021-10-20T02:00:25.783+0000	[########................] benchmark.Twitter	17.3GB/49.1GB (35.3%)
2021-10-20T02:00:28.783+0000	[########................] benchmark.Twitter	17.4GB/49.1GB (35.4%)
2021-10-20T02:00:31.782+0000	[########................] benchmark.Twitter	17.4GB/49.1GB (35.5%)
2021-10-20T02:00:34.782+0000	[########................] benchmark.Twitter	17.5GB/49.1GB (35.6%)
2021-10-20T02:00:37.784+0000	[########................] benchmark.Twitter	17.6GB/49.1GB (35.7%)
2021-10-20T02:00:40.782+0000	[########................] benchmark.Twitter	17.6GB/49.1GB (35.8%)
2021-10-20T02:00:43.782+0000	[########................] benchmark.Twitter	17.6GB/49.1GB (35.9%)
2021-10-20T02:00:46.782+0000	[########................] benchmark.Twitter	17.7GB/49.1GB (36.0%)
2021-10-20T02:00:49.782+0000	[########................] benchmark.Twitter	17.8GB/49.1GB (36.1%)
2021-10-20T02:00:52.783+0000	[########................] benchmark.Twitter	17.8GB/49.1GB (36.2%)
2021-10-20T02:00:55.783+0000	[########................] benchmark.Twitter	17.9GB/49.1GB (36.3%)
2021-10-20T02:00:58.782+0000	[########................] benchmark.Twitter	17.9GB/49.1GB (36.4%)
2021-10-20T02:01:01.783+0000	[########................] benchmark.Twitter	18.0GB/49.1GB (36.6%)
2021-10-20T02:01:04.782+0000	[########................] benchmark.Twitter	18.0GB/49.1GB (36.7%)
2021-10-20T02:01:07.782+0000	[########................] benchmark.Twitter	18.1GB/49.1GB (36.7%)
2021-10-20T02:01:10.783+0000	[########................] benchmark.Twitter	18.1GB/49.1GB (36.8%)
2021-10-20T02:01:13.782+0000	[########................] benchmark.Twitter	18.1GB/49.1GB (36.9%)
2021-10-20T02:01:16.782+0000	[########................] benchmark.Twitter	18.2GB/49.1GB (37.0%)
2021-10-20T02:01:19.783+0000	[########................] benchmark.Twitter	18.2GB/49.1GB (37.1%)
2021-10-20T02:01:22.784+0000	[########................] benchmark.Twitter	18.2GB/49.1GB (37.1%)
2021-10-20T02:01:25.783+0000	[########................] benchmark.Twitter	18.3GB/49.1GB (37.2%)
2021-10-20T02:01:28.782+0000	[########................] benchmark.Twitter	18.3GB/49.1GB (37.3%)
2021-10-20T02:01:31.784+0000	[########................] benchmark.Twitter	18.4GB/49.1GB (37.4%)
2021-10-20T02:01:34.782+0000	[#########...............] benchmark.Twitter	18.4GB/49.1GB (37.5%)
2021-10-20T02:01:37.783+0000	[#########...............] benchmark.Twitter	18.5GB/49.1GB (37.6%)
2021-10-20T02:01:40.783+0000	[#########...............] benchmark.Twitter	18.5GB/49.1GB (37.7%)
2021-10-20T02:01:43.782+0000	[#########...............] benchmark.Twitter	18.6GB/49.1GB (37.8%)
2021-10-20T02:01:46.782+0000	[#########...............] benchmark.Twitter	18.6GB/49.1GB (37.9%)
2021-10-20T02:01:49.783+0000	[#########...............] benchmark.Twitter	18.7GB/49.1GB (38.0%)
2021-10-20T02:01:52.782+0000	[#########...............] benchmark.Twitter	18.7GB/49.1GB (38.1%)
2021-10-20T02:01:55.782+0000	[#########...............] benchmark.Twitter	18.8GB/49.1GB (38.2%)
2021-10-20T02:01:58.782+0000	[#########...............] benchmark.Twitter	18.8GB/49.1GB (38.3%)
2021-10-20T02:02:01.782+0000	[#########...............] benchmark.Twitter	18.9GB/49.1GB (38.5%)
2021-10-20T02:02:04.782+0000	[#########...............] benchmark.Twitter	18.9GB/49.1GB (38.6%)
2021-10-20T02:02:07.782+0000	[#########...............] benchmark.Twitter	19.0GB/49.1GB (38.7%)
2021-10-20T02:02:10.782+0000	[#########...............] benchmark.Twitter	19.0GB/49.1GB (38.8%)
2021-10-20T02:02:13.783+0000	[#########...............] benchmark.Twitter	19.1GB/49.1GB (38.9%)
2021-10-20T02:02:16.782+0000	[#########...............] benchmark.Twitter	19.1GB/49.1GB (39.0%)
2021-10-20T02:02:19.782+0000	[#########...............] benchmark.Twitter	19.2GB/49.1GB (39.1%)
2021-10-20T02:02:22.782+0000	[#########...............] benchmark.Twitter	19.2GB/49.1GB (39.2%)
2021-10-20T02:02:25.782+0000	[#########...............] benchmark.Twitter	19.3GB/49.1GB (39.3%)
2021-10-20T02:02:28.782+0000	[#########...............] benchmark.Twitter	19.4GB/49.1GB (39.4%)
2021-10-20T02:02:31.782+0000	[#########...............] benchmark.Twitter	19.4GB/49.1GB (39.5%)
2021-10-20T02:02:34.783+0000	[#########...............] benchmark.Twitter	19.4GB/49.1GB (39.6%)
2021-10-20T02:02:37.782+0000	[#########...............] benchmark.Twitter	19.5GB/49.1GB (39.7%)
2021-10-20T02:02:40.782+0000	[#########...............] benchmark.Twitter	19.6GB/49.1GB (39.8%)
2021-10-20T02:02:43.782+0000	[#########...............] benchmark.Twitter	19.6GB/49.1GB (39.9%)
2021-10-20T02:02:46.782+0000	[#########...............] benchmark.Twitter	19.7GB/49.1GB (40.0%)
2021-10-20T02:02:49.782+0000	[#########...............] benchmark.Twitter	19.7GB/49.1GB (40.1%)
2021-10-20T02:02:52.782+0000	[#########...............] benchmark.Twitter	19.8GB/49.1GB (40.2%)
2021-10-20T02:02:55.782+0000	[#########...............] benchmark.Twitter	19.8GB/49.1GB (40.3%)
2021-10-20T02:02:58.782+0000	[#########...............] benchmark.Twitter	19.9GB/49.1GB (40.4%)
2021-10-20T02:03:01.783+0000	[#########...............] benchmark.Twitter	19.9GB/49.1GB (40.5%)
2021-10-20T02:03:04.782+0000	[#########...............] benchmark.Twitter	20.0GB/49.1GB (40.7%)
2021-10-20T02:03:07.782+0000	[#########...............] benchmark.Twitter	20.0GB/49.1GB (40.8%)
2021-10-20T02:03:10.782+0000	[#########...............] benchmark.Twitter	20.1GB/49.1GB (40.8%)
2021-10-20T02:03:13.782+0000	[#########...............] benchmark.Twitter	20.1GB/49.1GB (40.9%)
2021-10-20T02:03:16.782+0000	[#########...............] benchmark.Twitter	20.1GB/49.1GB (41.0%)
2021-10-20T02:03:19.783+0000	[#########...............] benchmark.Twitter	20.2GB/49.1GB (41.1%)
2021-10-20T02:03:22.782+0000	[#########...............] benchmark.Twitter	20.2GB/49.1GB (41.2%)
2021-10-20T02:03:25.782+0000	[#########...............] benchmark.Twitter	20.3GB/49.1GB (41.3%)
2021-10-20T02:03:28.782+0000	[#########...............] benchmark.Twitter	20.3GB/49.1GB (41.3%)
2021-10-20T02:03:31.782+0000	[#########...............] benchmark.Twitter	20.4GB/49.1GB (41.4%)
2021-10-20T02:03:34.782+0000	[#########...............] benchmark.Twitter	20.4GB/49.1GB (41.5%)
2021-10-20T02:03:37.782+0000	[#########...............] benchmark.Twitter	20.4GB/49.1GB (41.6%)
2021-10-20T02:03:40.782+0000	[##########..............] benchmark.Twitter	20.5GB/49.1GB (41.7%)
2021-10-20T02:03:43.782+0000	[##########..............] benchmark.Twitter	20.6GB/49.1GB (41.8%)
2021-10-20T02:03:46.783+0000	[##########..............] benchmark.Twitter	20.6GB/49.1GB (41.9%)
2021-10-20T02:03:49.782+0000	[##########..............] benchmark.Twitter	20.6GB/49.1GB (42.0%)
2021-10-20T02:03:52.782+0000	[##########..............] benchmark.Twitter	20.7GB/49.1GB (42.1%)
2021-10-20T02:03:55.782+0000	[##########..............] benchmark.Twitter	20.8GB/49.1GB (42.2%)
2021-10-20T02:03:58.782+0000	[##########..............] benchmark.Twitter	20.8GB/49.1GB (42.4%)
2021-10-20T02:04:01.782+0000	[##########..............] benchmark.Twitter	20.9GB/49.1GB (42.5%)
2021-10-20T02:04:04.782+0000	[##########..............] benchmark.Twitter	20.9GB/49.1GB (42.6%)
2021-10-20T02:04:07.782+0000	[##########..............] benchmark.Twitter	21.0GB/49.1GB (42.7%)
2021-10-20T02:04:10.782+0000	[##########..............] benchmark.Twitter	21.0GB/49.1GB (42.8%)
2021-10-20T02:04:13.782+0000	[##########..............] benchmark.Twitter	21.1GB/49.1GB (42.9%)
2021-10-20T02:04:16.782+0000	[##########..............] benchmark.Twitter	21.1GB/49.1GB (43.0%)
2021-10-20T02:04:19.782+0000	[##########..............] benchmark.Twitter	21.2GB/49.1GB (43.1%)
2021-10-20T02:04:22.782+0000	[##########..............] benchmark.Twitter	21.2GB/49.1GB (43.2%)
2021-10-20T02:04:25.782+0000	[##########..............] benchmark.Twitter	21.3GB/49.1GB (43.3%)
2021-10-20T02:04:28.782+0000	[##########..............] benchmark.Twitter	21.3GB/49.1GB (43.4%)
2021-10-20T02:04:31.783+0000	[##########..............] benchmark.Twitter	21.4GB/49.1GB (43.5%)
2021-10-20T02:04:34.782+0000	[##########..............] benchmark.Twitter	21.4GB/49.1GB (43.6%)
2021-10-20T02:04:37.782+0000	[##########..............] benchmark.Twitter	21.5GB/49.1GB (43.7%)
2021-10-20T02:04:40.782+0000	[##########..............] benchmark.Twitter	21.5GB/49.1GB (43.8%)
2021-10-20T02:04:43.782+0000	[##########..............] benchmark.Twitter	21.6GB/49.1GB (43.9%)
2021-10-20T02:04:46.782+0000	[##########..............] benchmark.Twitter	21.6GB/49.1GB (44.0%)
2021-10-20T02:04:49.782+0000	[##########..............] benchmark.Twitter	21.7GB/49.1GB (44.2%)
2021-10-20T02:04:52.782+0000	[##########..............] benchmark.Twitter	21.7GB/49.1GB (44.3%)
2021-10-20T02:04:55.782+0000	[##########..............] benchmark.Twitter	21.8GB/49.1GB (44.4%)
2021-10-20T02:04:58.782+0000	[##########..............] benchmark.Twitter	21.9GB/49.1GB (44.5%)
2021-10-20T02:05:01.782+0000	[##########..............] benchmark.Twitter	21.9GB/49.1GB (44.6%)
2021-10-20T02:05:04.787+0000	[##########..............] benchmark.Twitter	21.9GB/49.1GB (44.7%)
2021-10-20T02:05:07.783+0000	[##########..............] benchmark.Twitter	22.0GB/49.1GB (44.8%)
2021-10-20T02:05:10.782+0000	[##########..............] benchmark.Twitter	22.1GB/49.1GB (44.9%)
2021-10-20T02:05:13.782+0000	[##########..............] benchmark.Twitter	22.1GB/49.1GB (45.0%)
2021-10-20T02:05:16.782+0000	[##########..............] benchmark.Twitter	22.2GB/49.1GB (45.1%)
2021-10-20T02:05:19.782+0000	[##########..............] benchmark.Twitter	22.2GB/49.1GB (45.2%)
2021-10-20T02:05:22.783+0000	[##########..............] benchmark.Twitter	22.3GB/49.1GB (45.3%)
2021-10-20T02:05:25.782+0000	[##########..............] benchmark.Twitter	22.3GB/49.1GB (45.4%)
2021-10-20T02:05:28.782+0000	[##########..............] benchmark.Twitter	22.4GB/49.1GB (45.5%)
2021-10-20T02:05:31.782+0000	[##########..............] benchmark.Twitter	22.4GB/49.1GB (45.6%)
2021-10-20T02:05:34.783+0000	[##########..............] benchmark.Twitter	22.5GB/49.1GB (45.7%)
2021-10-20T02:05:37.782+0000	[###########.............] benchmark.Twitter	22.5GB/49.1GB (45.8%)
2021-10-20T02:05:40.783+0000	[###########.............] benchmark.Twitter	22.6GB/49.1GB (45.9%)
2021-10-20T02:05:43.782+0000	[###########.............] benchmark.Twitter	22.6GB/49.1GB (46.1%)
2021-10-20T02:05:46.782+0000	[###########.............] benchmark.Twitter	22.7GB/49.1GB (46.2%)
2021-10-20T02:05:49.783+0000	[###########.............] benchmark.Twitter	22.7GB/49.1GB (46.3%)
2021-10-20T02:05:52.783+0000	[###########.............] benchmark.Twitter	22.8GB/49.1GB (46.4%)
2021-10-20T02:05:55.782+0000	[###########.............] benchmark.Twitter	22.8GB/49.1GB (46.5%)
2021-10-20T02:05:58.782+0000	[###########.............] benchmark.Twitter	22.9GB/49.1GB (46.6%)
2021-10-20T02:06:01.782+0000	[###########.............] benchmark.Twitter	22.9GB/49.1GB (46.7%)
2021-10-20T02:06:04.782+0000	[###########.............] benchmark.Twitter	23.0GB/49.1GB (46.8%)
2021-10-20T02:06:07.783+0000	[###########.............] benchmark.Twitter	23.0GB/49.1GB (46.9%)
2021-10-20T02:06:10.783+0000	[###########.............] benchmark.Twitter	23.1GB/49.1GB (47.0%)
2021-10-20T02:06:13.783+0000	[###########.............] benchmark.Twitter	23.1GB/49.1GB (47.1%)
2021-10-20T02:06:16.782+0000	[###########.............] benchmark.Twitter	23.2GB/49.1GB (47.2%)
2021-10-20T02:06:19.782+0000	[###########.............] benchmark.Twitter	23.2GB/49.1GB (47.3%)
2021-10-20T02:06:22.782+0000	[###########.............] benchmark.Twitter	23.3GB/49.1GB (47.4%)
2021-10-20T02:06:25.782+0000	[###########.............] benchmark.Twitter	23.4GB/49.1GB (47.5%)
2021-10-20T02:06:28.783+0000	[###########.............] benchmark.Twitter	23.4GB/49.1GB (47.6%)
2021-10-20T02:06:31.782+0000	[###########.............] benchmark.Twitter	23.4GB/49.1GB (47.7%)
2021-10-20T02:06:34.782+0000	[###########.............] benchmark.Twitter	23.5GB/49.1GB (47.8%)
2021-10-20T02:06:37.782+0000	[###########.............] benchmark.Twitter	23.6GB/49.1GB (47.9%)
2021-10-20T02:06:40.782+0000	[###########.............] benchmark.Twitter	23.6GB/49.1GB (48.0%)
2021-10-20T02:06:43.783+0000	[###########.............] benchmark.Twitter	23.7GB/49.1GB (48.2%)
2021-10-20T02:06:46.783+0000	[###########.............] benchmark.Twitter	23.7GB/49.1GB (48.3%)
2021-10-20T02:06:49.782+0000	[###########.............] benchmark.Twitter	23.8GB/49.1GB (48.4%)
2021-10-20T02:06:52.782+0000	[###########.............] benchmark.Twitter	23.8GB/49.1GB (48.5%)
2021-10-20T02:06:55.782+0000	[###########.............] benchmark.Twitter	23.9GB/49.1GB (48.6%)
2021-10-20T02:06:58.783+0000	[###########.............] benchmark.Twitter	23.9GB/49.1GB (48.6%)
2021-10-20T02:07:01.782+0000	[###########.............] benchmark.Twitter	23.9GB/49.1GB (48.7%)
2021-10-20T02:07:04.783+0000	[###########.............] benchmark.Twitter	24.0GB/49.1GB (48.8%)
2021-10-20T02:07:07.782+0000	[###########.............] benchmark.Twitter	24.0GB/49.1GB (48.9%)
2021-10-20T02:07:10.782+0000	[###########.............] benchmark.Twitter	24.1GB/49.1GB (49.0%)
2021-10-20T02:07:13.782+0000	[###########.............] benchmark.Twitter	24.1GB/49.1GB (49.1%)
2021-10-20T02:07:16.782+0000	[###########.............] benchmark.Twitter	24.2GB/49.1GB (49.2%)
2021-10-20T02:07:19.782+0000	[###########.............] benchmark.Twitter	24.2GB/49.1GB (49.3%)
2021-10-20T02:07:22.783+0000	[###########.............] benchmark.Twitter	24.2GB/49.1GB (49.3%)
2021-10-20T02:07:25.782+0000	[###########.............] benchmark.Twitter	24.3GB/49.1GB (49.4%)
2021-10-20T02:07:28.783+0000	[###########.............] benchmark.Twitter	24.3GB/49.1GB (49.5%)
2021-10-20T02:07:31.783+0000	[###########.............] benchmark.Twitter	24.4GB/49.1GB (49.6%)
2021-10-20T02:07:34.783+0000	[###########.............] benchmark.Twitter	24.4GB/49.1GB (49.7%)
2021-10-20T02:07:37.783+0000	[###########.............] benchmark.Twitter	24.5GB/49.1GB (49.8%)
2021-10-20T02:07:40.783+0000	[###########.............] benchmark.Twitter	24.5GB/49.1GB (49.9%)
2021-10-20T02:07:43.782+0000	[###########.............] benchmark.Twitter	24.6GB/49.1GB (50.0%)
2021-10-20T02:07:46.783+0000	[############............] benchmark.Twitter	24.6GB/49.1GB (50.1%)
2021-10-20T02:07:49.783+0000	[############............] benchmark.Twitter	24.7GB/49.1GB (50.2%)
2021-10-20T02:07:52.782+0000	[############............] benchmark.Twitter	24.7GB/49.1GB (50.3%)
2021-10-20T02:07:55.783+0000	[############............] benchmark.Twitter	24.8GB/49.1GB (50.4%)
2021-10-20T02:07:58.782+0000	[############............] benchmark.Twitter	24.8GB/49.1GB (50.5%)
2021-10-20T02:08:01.783+0000	[############............] benchmark.Twitter	24.9GB/49.1GB (50.6%)
2021-10-20T02:08:04.783+0000	[############............] benchmark.Twitter	24.9GB/49.1GB (50.7%)
2021-10-20T02:08:07.782+0000	[############............] benchmark.Twitter	25.0GB/49.1GB (50.8%)
2021-10-20T02:08:10.782+0000	[############............] benchmark.Twitter	25.0GB/49.1GB (50.9%)
2021-10-20T02:08:13.783+0000	[############............] benchmark.Twitter	25.1GB/49.1GB (51.0%)
2021-10-20T02:08:16.782+0000	[############............] benchmark.Twitter	25.1GB/49.1GB (51.1%)
2021-10-20T02:08:19.782+0000	[############............] benchmark.Twitter	25.2GB/49.1GB (51.2%)
2021-10-20T02:08:22.782+0000	[############............] benchmark.Twitter	25.2GB/49.1GB (51.3%)
2021-10-20T02:08:25.782+0000	[############............] benchmark.Twitter	25.3GB/49.1GB (51.4%)
2021-10-20T02:08:28.783+0000	[############............] benchmark.Twitter	25.3GB/49.1GB (51.5%)
2021-10-20T02:08:31.783+0000	[############............] benchmark.Twitter	25.4GB/49.1GB (51.7%)
2021-10-20T02:08:34.782+0000	[############............] benchmark.Twitter	25.4GB/49.1GB (51.8%)
2021-10-20T02:08:37.782+0000	[############............] benchmark.Twitter	25.5GB/49.1GB (51.9%)
2021-10-20T02:08:40.783+0000	[############............] benchmark.Twitter	25.5GB/49.1GB (52.0%)
2021-10-20T02:08:43.782+0000	[############............] benchmark.Twitter	25.6GB/49.1GB (52.1%)
2021-10-20T02:08:46.782+0000	[############............] benchmark.Twitter	25.6GB/49.1GB (52.2%)
2021-10-20T02:08:49.783+0000	[############............] benchmark.Twitter	25.7GB/49.1GB (52.3%)
2021-10-20T02:08:52.782+0000	[############............] benchmark.Twitter	25.7GB/49.1GB (52.4%)
2021-10-20T02:08:55.782+0000	[############............] benchmark.Twitter	25.8GB/49.1GB (52.5%)
2021-10-20T02:08:58.782+0000	[############............] benchmark.Twitter	25.8GB/49.1GB (52.6%)
2021-10-20T02:09:01.782+0000	[############............] benchmark.Twitter	25.9GB/49.1GB (52.7%)
2021-10-20T02:09:04.782+0000	[############............] benchmark.Twitter	25.9GB/49.1GB (52.8%)
2021-10-20T02:09:07.782+0000	[############............] benchmark.Twitter	26.0GB/49.1GB (52.9%)
2021-10-20T02:09:10.782+0000	[############............] benchmark.Twitter	26.0GB/49.1GB (53.0%)
2021-10-20T02:09:13.782+0000	[############............] benchmark.Twitter	26.1GB/49.1GB (53.1%)
2021-10-20T02:09:16.782+0000	[############............] benchmark.Twitter	26.1GB/49.1GB (53.2%)
2021-10-20T02:09:19.782+0000	[############............] benchmark.Twitter	26.2GB/49.1GB (53.3%)
2021-10-20T02:09:22.782+0000	[############............] benchmark.Twitter	26.2GB/49.1GB (53.4%)
2021-10-20T02:09:25.782+0000	[############............] benchmark.Twitter	26.3GB/49.1GB (53.5%)
2021-10-20T02:09:28.784+0000	[############............] benchmark.Twitter	26.4GB/49.1GB (53.6%)
2021-10-20T02:09:31.782+0000	[############............] benchmark.Twitter	26.4GB/49.1GB (53.7%)
2021-10-20T02:09:34.782+0000	[############............] benchmark.Twitter	26.4GB/49.1GB (53.8%)
2021-10-20T02:09:37.782+0000	[############............] benchmark.Twitter	26.5GB/49.1GB (53.9%)
2021-10-20T02:09:40.782+0000	[############............] benchmark.Twitter	26.6GB/49.1GB (54.1%)
2021-10-20T02:09:43.783+0000	[############............] benchmark.Twitter	26.6GB/49.1GB (54.2%)
2021-10-20T02:09:46.782+0000	[#############...........] benchmark.Twitter	26.7GB/49.1GB (54.3%)
2021-10-20T02:09:49.782+0000	[#############...........] benchmark.Twitter	26.7GB/49.1GB (54.4%)
2021-10-20T02:09:52.782+0000	[#############...........] benchmark.Twitter	26.8GB/49.1GB (54.5%)
2021-10-20T02:09:55.783+0000	[#############...........] benchmark.Twitter	26.8GB/49.1GB (54.6%)
2021-10-20T02:09:58.782+0000	[#############...........] benchmark.Twitter	26.9GB/49.1GB (54.7%)
2021-10-20T02:10:01.782+0000	[#############...........] benchmark.Twitter	26.9GB/49.1GB (54.8%)
2021-10-20T02:10:04.782+0000	[#############...........] benchmark.Twitter	27.0GB/49.1GB (54.9%)
2021-10-20T02:10:07.782+0000	[#############...........] benchmark.Twitter	27.0GB/49.1GB (55.0%)
2021-10-20T02:10:10.783+0000	[#############...........] benchmark.Twitter	27.1GB/49.1GB (55.1%)
2021-10-20T02:10:13.782+0000	[#############...........] benchmark.Twitter	27.1GB/49.1GB (55.2%)
2021-10-20T02:10:16.782+0000	[#############...........] benchmark.Twitter	27.2GB/49.1GB (55.3%)
2021-10-20T02:10:19.782+0000	[#############...........] benchmark.Twitter	27.2GB/49.1GB (55.4%)
2021-10-20T02:10:22.782+0000	[#############...........] benchmark.Twitter	27.3GB/49.1GB (55.5%)
2021-10-20T02:10:25.783+0000	[#############...........] benchmark.Twitter	27.3GB/49.1GB (55.6%)
2021-10-20T02:10:28.784+0000	[#############...........] benchmark.Twitter	27.4GB/49.1GB (55.7%)
2021-10-20T02:10:31.782+0000	[#############...........] benchmark.Twitter	27.4GB/49.1GB (55.8%)
2021-10-20T02:10:34.783+0000	[#############...........] benchmark.Twitter	27.5GB/49.1GB (55.9%)
2021-10-20T02:10:37.782+0000	[#############...........] benchmark.Twitter	27.5GB/49.1GB (56.0%)
2021-10-20T02:10:40.782+0000	[#############...........] benchmark.Twitter	27.6GB/49.1GB (56.1%)
2021-10-20T02:10:43.782+0000	[#############...........] benchmark.Twitter	27.6GB/49.1GB (56.3%)
2021-10-20T02:10:46.782+0000	[#############...........] benchmark.Twitter	27.7GB/49.1GB (56.4%)
2021-10-20T02:10:49.782+0000	[#############...........] benchmark.Twitter	27.7GB/49.1GB (56.5%)
2021-10-20T02:10:52.782+0000	[#############...........] benchmark.Twitter	27.8GB/49.1GB (56.6%)
2021-10-20T02:10:55.782+0000	[#############...........] benchmark.Twitter	27.8GB/49.1GB (56.7%)
2021-10-20T02:10:58.782+0000	[#############...........] benchmark.Twitter	27.9GB/49.1GB (56.8%)
2021-10-20T02:11:01.782+0000	[#############...........] benchmark.Twitter	27.9GB/49.1GB (56.9%)
2021-10-20T02:11:04.782+0000	[#############...........] benchmark.Twitter	28.0GB/49.1GB (57.0%)
2021-10-20T02:11:07.782+0000	[#############...........] benchmark.Twitter	28.0GB/49.1GB (57.1%)
2021-10-20T02:11:10.783+0000	[#############...........] benchmark.Twitter	28.1GB/49.1GB (57.2%)
2021-10-20T02:11:13.782+0000	[#############...........] benchmark.Twitter	28.1GB/49.1GB (57.3%)
2021-10-20T02:11:16.782+0000	[#############...........] benchmark.Twitter	28.2GB/49.1GB (57.3%)
2021-10-20T02:11:19.782+0000	[#############...........] benchmark.Twitter	28.2GB/49.1GB (57.4%)
2021-10-20T02:11:22.782+0000	[#############...........] benchmark.Twitter	28.2GB/49.1GB (57.5%)
2021-10-20T02:11:25.783+0000	[#############...........] benchmark.Twitter	28.3GB/49.1GB (57.6%)
2021-10-20T02:11:28.783+0000	[#############...........] benchmark.Twitter	28.3GB/49.1GB (57.7%)
2021-10-20T02:11:31.783+0000	[#############...........] benchmark.Twitter	28.4GB/49.1GB (57.8%)
2021-10-20T02:11:34.782+0000	[#############...........] benchmark.Twitter	28.4GB/49.1GB (57.9%)
2021-10-20T02:11:37.782+0000	[#############...........] benchmark.Twitter	28.5GB/49.1GB (57.9%)
2021-10-20T02:11:40.782+0000	[#############...........] benchmark.Twitter	28.5GB/49.1GB (58.0%)
2021-10-20T02:11:43.782+0000	[#############...........] benchmark.Twitter	28.6GB/49.1GB (58.1%)
2021-10-20T02:11:46.783+0000	[#############...........] benchmark.Twitter	28.6GB/49.1GB (58.2%)
2021-10-20T02:11:49.782+0000	[#############...........] benchmark.Twitter	28.6GB/49.1GB (58.3%)
2021-10-20T02:11:52.782+0000	[##############..........] benchmark.Twitter	28.7GB/49.1GB (58.4%)
2021-10-20T02:11:55.782+0000	[##############..........] benchmark.Twitter	28.7GB/49.1GB (58.4%)
2021-10-20T02:11:58.782+0000	[##############..........] benchmark.Twitter	28.8GB/49.1GB (58.5%)
2021-10-20T02:12:01.782+0000	[##############..........] benchmark.Twitter	28.8GB/49.1GB (58.6%)
2021-10-20T02:12:04.782+0000	[##############..........] benchmark.Twitter	28.9GB/49.1GB (58.7%)
2021-10-20T02:12:07.783+0000	[##############..........] benchmark.Twitter	28.9GB/49.1GB (58.8%)
2021-10-20T02:12:10.782+0000	[##############..........] benchmark.Twitter	29.0GB/49.1GB (58.9%)
2021-10-20T02:12:13.782+0000	[##############..........] benchmark.Twitter	29.0GB/49.1GB (59.0%)
2021-10-20T02:12:16.783+0000	[##############..........] benchmark.Twitter	29.1GB/49.1GB (59.1%)
2021-10-20T02:12:19.786+0000	[##############..........] benchmark.Twitter	29.1GB/49.1GB (59.2%)
2021-10-20T02:12:22.783+0000	[##############..........] benchmark.Twitter	29.2GB/49.1GB (59.3%)
2021-10-20T02:12:25.782+0000	[##############..........] benchmark.Twitter	29.2GB/49.1GB (59.4%)
2021-10-20T02:12:28.783+0000	[##############..........] benchmark.Twitter	29.3GB/49.1GB (59.6%)
2021-10-20T02:12:31.782+0000	[##############..........] benchmark.Twitter	29.3GB/49.1GB (59.7%)
2021-10-20T02:12:34.782+0000	[##############..........] benchmark.Twitter	29.4GB/49.1GB (59.8%)
2021-10-20T02:12:37.782+0000	[##############..........] benchmark.Twitter	29.4GB/49.1GB (59.9%)
2021-10-20T02:12:40.783+0000	[##############..........] benchmark.Twitter	29.5GB/49.1GB (60.0%)
2021-10-20T02:12:43.783+0000	[##############..........] benchmark.Twitter	29.5GB/49.1GB (60.1%)
2021-10-20T02:12:46.782+0000	[##############..........] benchmark.Twitter	29.6GB/49.1GB (60.2%)
2021-10-20T02:12:49.782+0000	[##############..........] benchmark.Twitter	29.6GB/49.1GB (60.3%)
2021-10-20T02:12:52.782+0000	[##############..........] benchmark.Twitter	29.7GB/49.1GB (60.4%)
2021-10-20T02:12:55.782+0000	[##############..........] benchmark.Twitter	29.7GB/49.1GB (60.5%)
2021-10-20T02:12:58.783+0000	[##############..........] benchmark.Twitter	29.8GB/49.1GB (60.6%)
2021-10-20T02:13:01.783+0000	[##############..........] benchmark.Twitter	29.8GB/49.1GB (60.7%)
2021-10-20T02:13:04.782+0000	[##############..........] benchmark.Twitter	29.9GB/49.1GB (60.8%)
2021-10-20T02:13:07.783+0000	[##############..........] benchmark.Twitter	29.9GB/49.1GB (60.9%)
2021-10-20T02:13:10.782+0000	[##############..........] benchmark.Twitter	30.0GB/49.1GB (61.0%)
2021-10-20T02:13:13.783+0000	[##############..........] benchmark.Twitter	30.0GB/49.1GB (61.1%)
2021-10-20T02:13:16.782+0000	[##############..........] benchmark.Twitter	30.1GB/49.1GB (61.2%)
2021-10-20T02:13:19.782+0000	[##############..........] benchmark.Twitter	30.1GB/49.1GB (61.3%)
2021-10-20T02:13:22.783+0000	[##############..........] benchmark.Twitter	30.2GB/49.1GB (61.4%)
2021-10-20T02:13:25.782+0000	[##############..........] benchmark.Twitter	30.2GB/49.1GB (61.5%)
2021-10-20T02:13:28.782+0000	[##############..........] benchmark.Twitter	30.3GB/49.1GB (61.6%)
2021-10-20T02:13:31.783+0000	[##############..........] benchmark.Twitter	30.3GB/49.1GB (61.7%)
2021-10-20T02:13:34.783+0000	[##############..........] benchmark.Twitter	30.4GB/49.1GB (61.8%)
2021-10-20T02:13:37.782+0000	[##############..........] benchmark.Twitter	30.4GB/49.1GB (61.9%)
2021-10-20T02:13:40.782+0000	[##############..........] benchmark.Twitter	30.4GB/49.1GB (61.9%)
2021-10-20T02:13:43.783+0000	[##############..........] benchmark.Twitter	30.5GB/49.1GB (62.0%)
2021-10-20T02:13:46.782+0000	[##############..........] benchmark.Twitter	30.5GB/49.1GB (62.1%)
2021-10-20T02:13:49.782+0000	[##############..........] benchmark.Twitter	30.6GB/49.1GB (62.2%)
2021-10-20T02:13:52.783+0000	[##############..........] benchmark.Twitter	30.6GB/49.1GB (62.3%)
2021-10-20T02:13:55.782+0000	[##############..........] benchmark.Twitter	30.6GB/49.1GB (62.4%)
2021-10-20T02:13:58.782+0000	[##############..........] benchmark.Twitter	30.7GB/49.1GB (62.5%)
2021-10-20T02:14:01.782+0000	[###############.........] benchmark.Twitter	30.8GB/49.1GB (62.6%)
2021-10-20T02:14:04.782+0000	[###############.........] benchmark.Twitter	30.8GB/49.1GB (62.7%)
2021-10-20T02:14:07.783+0000	[###############.........] benchmark.Twitter	30.9GB/49.1GB (62.8%)
2021-10-20T02:14:10.783+0000	[###############.........] benchmark.Twitter	30.9GB/49.1GB (62.9%)
2021-10-20T02:14:13.782+0000	[###############.........] benchmark.Twitter	30.9GB/49.1GB (63.0%)
2021-10-20T02:14:16.782+0000	[###############.........] benchmark.Twitter	31.0GB/49.1GB (63.1%)
2021-10-20T02:14:19.782+0000	[###############.........] benchmark.Twitter	31.1GB/49.1GB (63.2%)
2021-10-20T02:14:22.782+0000	[###############.........] benchmark.Twitter	31.1GB/49.1GB (63.3%)
2021-10-20T02:14:25.782+0000	[###############.........] benchmark.Twitter	31.2GB/49.1GB (63.4%)
2021-10-20T02:14:28.782+0000	[###############.........] benchmark.Twitter	31.2GB/49.1GB (63.5%)
2021-10-20T02:14:31.783+0000	[###############.........] benchmark.Twitter	31.3GB/49.1GB (63.6%)
2021-10-20T02:14:34.783+0000	[###############.........] benchmark.Twitter	31.3GB/49.1GB (63.7%)
2021-10-20T02:14:37.782+0000	[###############.........] benchmark.Twitter	31.4GB/49.1GB (63.8%)
2021-10-20T02:14:40.783+0000	[###############.........] benchmark.Twitter	31.4GB/49.1GB (63.9%)
2021-10-20T02:14:43.782+0000	[###############.........] benchmark.Twitter	31.5GB/49.1GB (64.1%)
2021-10-20T02:14:46.782+0000	[###############.........] benchmark.Twitter	31.5GB/49.1GB (64.2%)
2021-10-20T02:14:49.782+0000	[###############.........] benchmark.Twitter	31.6GB/49.1GB (64.3%)
2021-10-20T02:14:52.783+0000	[###############.........] benchmark.Twitter	31.6GB/49.1GB (64.4%)
2021-10-20T02:14:55.782+0000	[###############.........] benchmark.Twitter	31.7GB/49.1GB (64.5%)
2021-10-20T02:14:58.782+0000	[###############.........] benchmark.Twitter	31.7GB/49.1GB (64.6%)
2021-10-20T02:15:01.783+0000	[###############.........] benchmark.Twitter	31.8GB/49.1GB (64.7%)
2021-10-20T02:15:04.783+0000	[###############.........] benchmark.Twitter	31.8GB/49.1GB (64.8%)
2021-10-20T02:15:07.782+0000	[###############.........] benchmark.Twitter	31.9GB/49.1GB (64.9%)
2021-10-20T02:15:10.782+0000	[###############.........] benchmark.Twitter	31.9GB/49.1GB (65.0%)
2021-10-20T02:15:13.783+0000	[###############.........] benchmark.Twitter	32.0GB/49.1GB (65.1%)
2021-10-20T02:15:16.782+0000	[###############.........] benchmark.Twitter	32.0GB/49.1GB (65.2%)
2021-10-20T02:15:19.783+0000	[###############.........] benchmark.Twitter	32.1GB/49.1GB (65.3%)
2021-10-20T02:15:22.782+0000	[###############.........] benchmark.Twitter	32.1GB/49.1GB (65.4%)
2021-10-20T02:15:25.782+0000	[###############.........] benchmark.Twitter	32.2GB/49.1GB (65.5%)
2021-10-20T02:15:28.782+0000	[###############.........] benchmark.Twitter	32.2GB/49.1GB (65.6%)
2021-10-20T02:15:31.784+0000	[###############.........] benchmark.Twitter	32.3GB/49.1GB (65.7%)
2021-10-20T02:15:34.782+0000	[###############.........] benchmark.Twitter	32.3GB/49.1GB (65.8%)
2021-10-20T02:15:37.782+0000	[###############.........] benchmark.Twitter	32.4GB/49.1GB (65.9%)
2021-10-20T02:15:40.782+0000	[###############.........] benchmark.Twitter	32.4GB/49.1GB (66.0%)
2021-10-20T02:15:43.783+0000	[###############.........] benchmark.Twitter	32.5GB/49.1GB (66.1%)
2021-10-20T02:15:46.782+0000	[###############.........] benchmark.Twitter	32.5GB/49.1GB (66.2%)
2021-10-20T02:15:49.783+0000	[###############.........] benchmark.Twitter	32.6GB/49.1GB (66.3%)
2021-10-20T02:15:52.783+0000	[###############.........] benchmark.Twitter	32.6GB/49.1GB (66.5%)
2021-10-20T02:15:55.783+0000	[###############.........] benchmark.Twitter	32.7GB/49.1GB (66.6%)
2021-10-20T02:15:58.782+0000	[###############.........] benchmark.Twitter	32.8GB/49.1GB (66.7%)
2021-10-20T02:16:01.783+0000	[################........] benchmark.Twitter	32.8GB/49.1GB (66.8%)
2021-10-20T02:16:04.782+0000	[################........] benchmark.Twitter	32.9GB/49.1GB (66.9%)
2021-10-20T02:16:07.782+0000	[################........] benchmark.Twitter	32.9GB/49.1GB (67.0%)
2021-10-20T02:16:10.783+0000	[################........] benchmark.Twitter	33.0GB/49.1GB (67.1%)
2021-10-20T02:16:13.782+0000	[################........] benchmark.Twitter	33.0GB/49.1GB (67.2%)
2021-10-20T02:16:16.784+0000	[################........] benchmark.Twitter	33.1GB/49.1GB (67.3%)
2021-10-20T02:16:19.782+0000	[################........] benchmark.Twitter	33.1GB/49.1GB (67.4%)
2021-10-20T02:16:22.782+0000	[################........] benchmark.Twitter	33.2GB/49.1GB (67.5%)
2021-10-20T02:16:25.782+0000	[################........] benchmark.Twitter	33.2GB/49.1GB (67.6%)
2021-10-20T02:16:28.782+0000	[################........] benchmark.Twitter	33.2GB/49.1GB (67.7%)
2021-10-20T02:16:31.782+0000	[################........] benchmark.Twitter	33.3GB/49.1GB (67.8%)
2021-10-20T02:16:34.785+0000	[################........] benchmark.Twitter	33.3GB/49.1GB (67.9%)
2021-10-20T02:16:37.782+0000	[################........] benchmark.Twitter	33.4GB/49.1GB (67.9%)
2021-10-20T02:16:40.783+0000	[################........] benchmark.Twitter	33.4GB/49.1GB (68.0%)
2021-10-20T02:16:43.782+0000	[################........] benchmark.Twitter	33.5GB/49.1GB (68.1%)
2021-10-20T02:16:46.783+0000	[################........] benchmark.Twitter	33.5GB/49.1GB (68.2%)
2021-10-20T02:16:49.784+0000	[################........] benchmark.Twitter	33.6GB/49.1GB (68.3%)
2021-10-20T02:16:52.783+0000	[################........] benchmark.Twitter	33.6GB/49.1GB (68.4%)
2021-10-20T02:16:55.783+0000	[################........] benchmark.Twitter	33.7GB/49.1GB (68.5%)
2021-10-20T02:16:58.782+0000	[################........] benchmark.Twitter	33.7GB/49.1GB (68.6%)
2021-10-20T02:17:01.782+0000	[################........] benchmark.Twitter	33.8GB/49.1GB (68.7%)
2021-10-20T02:17:04.783+0000	[################........] benchmark.Twitter	33.8GB/49.1GB (68.8%)
2021-10-20T02:17:07.782+0000	[################........] benchmark.Twitter	33.9GB/49.1GB (68.9%)
2021-10-20T02:17:10.782+0000	[################........] benchmark.Twitter	33.9GB/49.1GB (69.0%)
2021-10-20T02:17:13.783+0000	[################........] benchmark.Twitter	34.0GB/49.1GB (69.1%)
2021-10-20T02:17:16.782+0000	[################........] benchmark.Twitter	34.0GB/49.1GB (69.2%)
2021-10-20T02:17:19.782+0000	[################........] benchmark.Twitter	34.1GB/49.1GB (69.3%)
2021-10-20T02:17:22.783+0000	[################........] benchmark.Twitter	34.1GB/49.1GB (69.5%)
2021-10-20T02:17:25.782+0000	[################........] benchmark.Twitter	34.2GB/49.1GB (69.6%)
2021-10-20T02:17:28.782+0000	[################........] benchmark.Twitter	34.2GB/49.1GB (69.7%)
2021-10-20T02:17:31.782+0000	[################........] benchmark.Twitter	34.3GB/49.1GB (69.8%)
2021-10-20T02:17:34.782+0000	[################........] benchmark.Twitter	34.3GB/49.1GB (69.9%)
2021-10-20T02:17:37.782+0000	[################........] benchmark.Twitter	34.4GB/49.1GB (70.0%)
2021-10-20T02:17:40.782+0000	[################........] benchmark.Twitter	34.4GB/49.1GB (70.1%)
2021-10-20T02:17:43.782+0000	[################........] benchmark.Twitter	34.5GB/49.1GB (70.2%)
2021-10-20T02:17:46.782+0000	[################........] benchmark.Twitter	34.5GB/49.1GB (70.3%)
2021-10-20T02:17:49.782+0000	[################........] benchmark.Twitter	34.6GB/49.1GB (70.4%)
2021-10-20T02:17:52.782+0000	[################........] benchmark.Twitter	34.6GB/49.1GB (70.5%)
2021-10-20T02:17:55.782+0000	[################........] benchmark.Twitter	34.7GB/49.1GB (70.6%)
2021-10-20T02:17:58.782+0000	[################........] benchmark.Twitter	34.8GB/49.1GB (70.7%)
2021-10-20T02:18:01.783+0000	[################........] benchmark.Twitter	34.8GB/49.1GB (70.8%)
2021-10-20T02:18:04.782+0000	[#################.......] benchmark.Twitter	34.9GB/49.1GB (70.9%)
2021-10-20T02:18:07.783+0000	[#################.......] benchmark.Twitter	34.9GB/49.1GB (71.0%)
2021-10-20T02:18:10.782+0000	[#################.......] benchmark.Twitter	35.0GB/49.1GB (71.1%)
2021-10-20T02:18:13.782+0000	[#################.......] benchmark.Twitter	35.0GB/49.1GB (71.2%)
2021-10-20T02:18:16.782+0000	[#################.......] benchmark.Twitter	35.1GB/49.1GB (71.4%)
2021-10-20T02:18:19.782+0000	[#################.......] benchmark.Twitter	35.1GB/49.1GB (71.5%)
2021-10-20T02:18:22.784+0000	[#################.......] benchmark.Twitter	35.2GB/49.1GB (71.6%)
2021-10-20T02:18:25.782+0000	[#################.......] benchmark.Twitter	35.2GB/49.1GB (71.7%)
2021-10-20T02:18:28.782+0000	[#################.......] benchmark.Twitter	35.3GB/49.1GB (71.8%)
2021-10-20T02:18:31.782+0000	[#################.......] benchmark.Twitter	35.3GB/49.1GB (71.9%)
2021-10-20T02:18:34.783+0000	[#################.......] benchmark.Twitter	35.4GB/49.1GB (72.0%)
2021-10-20T02:18:37.782+0000	[#################.......] benchmark.Twitter	35.4GB/49.1GB (72.1%)
2021-10-20T02:18:40.782+0000	[#################.......] benchmark.Twitter	35.5GB/49.1GB (72.2%)
2021-10-20T02:18:43.782+0000	[#################.......] benchmark.Twitter	35.5GB/49.1GB (72.3%)
2021-10-20T02:18:46.782+0000	[#################.......] benchmark.Twitter	35.6GB/49.1GB (72.4%)
2021-10-20T02:18:49.782+0000	[#################.......] benchmark.Twitter	35.6GB/49.1GB (72.5%)
2021-10-20T02:18:52.782+0000	[#################.......] benchmark.Twitter	35.7GB/49.1GB (72.6%)
2021-10-20T02:18:55.782+0000	[#################.......] benchmark.Twitter	35.7GB/49.1GB (72.7%)
2021-10-20T02:18:58.782+0000	[#################.......] benchmark.Twitter	35.8GB/49.1GB (72.8%)
2021-10-20T02:19:01.784+0000	[#################.......] benchmark.Twitter	35.8GB/49.1GB (72.9%)
2021-10-20T02:19:04.782+0000	[#################.......] benchmark.Twitter	35.9GB/49.1GB (73.0%)
2021-10-20T02:19:07.783+0000	[#################.......] benchmark.Twitter	35.9GB/49.1GB (73.1%)
2021-10-20T02:19:10.782+0000	[#################.......] benchmark.Twitter	36.0GB/49.1GB (73.2%)
2021-10-20T02:19:13.782+0000	[#################.......] benchmark.Twitter	36.0GB/49.1GB (73.3%)
2021-10-20T02:19:16.782+0000	[#################.......] benchmark.Twitter	36.1GB/49.1GB (73.4%)
2021-10-20T02:19:19.783+0000	[#################.......] benchmark.Twitter	36.1GB/49.1GB (73.5%)
2021-10-20T02:19:22.782+0000	[#################.......] benchmark.Twitter	36.2GB/49.1GB (73.6%)
2021-10-20T02:19:25.782+0000	[#################.......] benchmark.Twitter	36.2GB/49.1GB (73.8%)
2021-10-20T02:19:28.782+0000	[#################.......] benchmark.Twitter	36.3GB/49.1GB (73.9%)
2021-10-20T02:19:31.782+0000	[#################.......] benchmark.Twitter	36.3GB/49.1GB (74.0%)
2021-10-20T02:19:34.782+0000	[#################.......] benchmark.Twitter	36.4GB/49.1GB (74.1%)
2021-10-20T02:19:37.783+0000	[#################.......] benchmark.Twitter	36.4GB/49.1GB (74.2%)
2021-10-20T02:19:40.782+0000	[#################.......] benchmark.Twitter	36.5GB/49.1GB (74.3%)
2021-10-20T02:19:43.783+0000	[#################.......] benchmark.Twitter	36.5GB/49.1GB (74.4%)
2021-10-20T02:19:46.782+0000	[#################.......] benchmark.Twitter	36.6GB/49.1GB (74.5%)
2021-10-20T02:19:49.782+0000	[#################.......] benchmark.Twitter	36.6GB/49.1GB (74.6%)
2021-10-20T02:19:52.782+0000	[#################.......] benchmark.Twitter	36.7GB/49.1GB (74.7%)
2021-10-20T02:19:55.782+0000	[#################.......] benchmark.Twitter	36.7GB/49.1GB (74.8%)
2021-10-20T02:19:58.782+0000	[#################.......] benchmark.Twitter	36.8GB/49.1GB (74.9%)
2021-10-20T02:20:01.782+0000	[#################.......] benchmark.Twitter	36.9GB/49.1GB (75.0%)
2021-10-20T02:20:04.782+0000	[##################......] benchmark.Twitter	36.9GB/49.1GB (75.1%)
2021-10-20T02:20:07.782+0000	[##################......] benchmark.Twitter	37.0GB/49.1GB (75.2%)
2021-10-20T02:20:10.782+0000	[##################......] benchmark.Twitter	37.0GB/49.1GB (75.3%)
2021-10-20T02:20:13.783+0000	[##################......] benchmark.Twitter	37.0GB/49.1GB (75.4%)
2021-10-20T02:20:16.783+0000	[##################......] benchmark.Twitter	37.1GB/49.1GB (75.5%)
2021-10-20T02:20:19.783+0000	[##################......] benchmark.Twitter	37.1GB/49.1GB (75.6%)
2021-10-20T02:20:22.782+0000	[##################......] benchmark.Twitter	37.2GB/49.1GB (75.7%)
2021-10-20T02:20:25.782+0000	[##################......] benchmark.Twitter	37.2GB/49.1GB (75.8%)
2021-10-20T02:20:28.782+0000	[##################......] benchmark.Twitter	37.3GB/49.1GB (75.9%)
2021-10-20T02:20:31.782+0000	[##################......] benchmark.Twitter	37.4GB/49.1GB (76.0%)
2021-10-20T02:20:34.782+0000	[##################......] benchmark.Twitter	37.4GB/49.1GB (76.1%)
2021-10-20T02:20:37.782+0000	[##################......] benchmark.Twitter	37.5GB/49.1GB (76.2%)
2021-10-20T02:20:40.783+0000	[##################......] benchmark.Twitter	37.5GB/49.1GB (76.3%)
2021-10-20T02:20:43.782+0000	[##################......] benchmark.Twitter	37.6GB/49.1GB (76.4%)
2021-10-20T02:20:46.782+0000	[##################......] benchmark.Twitter	37.6GB/49.1GB (76.5%)
2021-10-20T02:20:49.782+0000	[##################......] benchmark.Twitter	37.6GB/49.1GB (76.6%)
2021-10-20T02:20:52.782+0000	[##################......] benchmark.Twitter	37.7GB/49.1GB (76.7%)
2021-10-20T02:20:55.782+0000	[##################......] benchmark.Twitter	37.7GB/49.1GB (76.8%)
2021-10-20T02:20:58.783+0000	[##################......] benchmark.Twitter	37.8GB/49.1GB (76.9%)
2021-10-20T02:21:01.782+0000	[##################......] benchmark.Twitter	37.8GB/49.1GB (77.0%)
2021-10-20T02:21:04.783+0000	[##################......] benchmark.Twitter	37.9GB/49.1GB (77.1%)
2021-10-20T02:21:07.782+0000	[##################......] benchmark.Twitter	37.9GB/49.1GB (77.2%)
2021-10-20T02:21:10.782+0000	[##################......] benchmark.Twitter	38.0GB/49.1GB (77.3%)
2021-10-20T02:21:13.782+0000	[##################......] benchmark.Twitter	38.0GB/49.1GB (77.4%)
2021-10-20T02:21:16.782+0000	[##################......] benchmark.Twitter	38.1GB/49.1GB (77.5%)
2021-10-20T02:21:19.783+0000	[##################......] benchmark.Twitter	38.1GB/49.1GB (77.6%)
2021-10-20T02:21:22.782+0000	[##################......] benchmark.Twitter	38.2GB/49.1GB (77.7%)
2021-10-20T02:21:25.782+0000	[##################......] benchmark.Twitter	38.2GB/49.1GB (77.8%)
2021-10-20T02:21:28.783+0000	[##################......] benchmark.Twitter	38.3GB/49.1GB (77.9%)
2021-10-20T02:21:31.782+0000	[##################......] benchmark.Twitter	38.3GB/49.1GB (78.0%)
2021-10-20T02:21:34.783+0000	[##################......] benchmark.Twitter	38.4GB/49.1GB (78.1%)
2021-10-20T02:21:37.782+0000	[##################......] benchmark.Twitter	38.4GB/49.1GB (78.2%)
2021-10-20T02:21:40.782+0000	[##################......] benchmark.Twitter	38.5GB/49.1GB (78.3%)
2021-10-20T02:21:43.783+0000	[##################......] benchmark.Twitter	38.5GB/49.1GB (78.4%)
2021-10-20T02:21:46.783+0000	[##################......] benchmark.Twitter	38.6GB/49.1GB (78.5%)
2021-10-20T02:21:49.782+0000	[##################......] benchmark.Twitter	38.6GB/49.1GB (78.6%)
2021-10-20T02:21:52.782+0000	[##################......] benchmark.Twitter	38.7GB/49.1GB (78.7%)
2021-10-20T02:21:55.783+0000	[##################......] benchmark.Twitter	38.7GB/49.1GB (78.8%)
2021-10-20T02:21:58.782+0000	[##################......] benchmark.Twitter	38.8GB/49.1GB (78.9%)
2021-10-20T02:22:01.782+0000	[##################......] benchmark.Twitter	38.8GB/49.1GB (79.0%)
2021-10-20T02:22:04.782+0000	[##################......] benchmark.Twitter	38.9GB/49.1GB (79.1%)
2021-10-20T02:22:07.782+0000	[###################.....] benchmark.Twitter	38.9GB/49.1GB (79.3%)
2021-10-20T02:22:10.782+0000	[###################.....] benchmark.Twitter	39.0GB/49.1GB (79.4%)
2021-10-20T02:22:13.782+0000	[###################.....] benchmark.Twitter	39.0GB/49.1GB (79.5%)
2021-10-20T02:22:16.782+0000	[###################.....] benchmark.Twitter	39.1GB/49.1GB (79.6%)
2021-10-20T02:22:19.784+0000	[###################.....] benchmark.Twitter	39.1GB/49.1GB (79.7%)
2021-10-20T02:22:22.782+0000	[###################.....] benchmark.Twitter	39.2GB/49.1GB (79.8%)
2021-10-20T02:22:25.783+0000	[###################.....] benchmark.Twitter	39.2GB/49.1GB (79.9%)
2021-10-20T02:22:28.783+0000	[###################.....] benchmark.Twitter	39.3GB/49.1GB (80.0%)
2021-10-20T02:22:31.782+0000	[###################.....] benchmark.Twitter	39.4GB/49.1GB (80.1%)
2021-10-20T02:22:34.782+0000	[###################.....] benchmark.Twitter	39.4GB/49.1GB (80.2%)
2021-10-20T02:22:37.782+0000	[###################.....] benchmark.Twitter	39.5GB/49.1GB (80.3%)
2021-10-20T02:22:40.782+0000	[###################.....] benchmark.Twitter	39.5GB/49.1GB (80.4%)
2021-10-20T02:22:43.782+0000	[###################.....] benchmark.Twitter	39.5GB/49.1GB (80.5%)
2021-10-20T02:22:46.783+0000	[###################.....] benchmark.Twitter	39.6GB/49.1GB (80.6%)
2021-10-20T02:22:49.782+0000	[###################.....] benchmark.Twitter	39.7GB/49.1GB (80.7%)
2021-10-20T02:22:52.783+0000	[###################.....] benchmark.Twitter	39.7GB/49.1GB (80.8%)
2021-10-20T02:22:55.783+0000	[###################.....] benchmark.Twitter	39.8GB/49.1GB (80.9%)
2021-10-20T02:22:58.783+0000	[###################.....] benchmark.Twitter	39.8GB/49.1GB (81.0%)
2021-10-20T02:23:01.783+0000	[###################.....] benchmark.Twitter	39.9GB/49.1GB (81.1%)
2021-10-20T02:23:04.782+0000	[###################.....] benchmark.Twitter	39.9GB/49.1GB (81.3%)
2021-10-20T02:23:07.782+0000	[###################.....] benchmark.Twitter	40.0GB/49.1GB (81.4%)
2021-10-20T02:23:10.782+0000	[###################.....] benchmark.Twitter	40.0GB/49.1GB (81.5%)
2021-10-20T02:23:13.782+0000	[###################.....] benchmark.Twitter	40.1GB/49.1GB (81.6%)
2021-10-20T02:23:16.782+0000	[###################.....] benchmark.Twitter	40.1GB/49.1GB (81.7%)
2021-10-20T02:23:19.783+0000	[###################.....] benchmark.Twitter	40.2GB/49.1GB (81.8%)
2021-10-20T02:23:22.782+0000	[###################.....] benchmark.Twitter	40.2GB/49.1GB (81.9%)
2021-10-20T02:23:25.783+0000	[###################.....] benchmark.Twitter	40.3GB/49.1GB (82.0%)
2021-10-20T02:23:28.782+0000	[###################.....] benchmark.Twitter	40.3GB/49.1GB (82.1%)
2021-10-20T02:23:31.783+0000	[###################.....] benchmark.Twitter	40.4GB/49.1GB (82.2%)
2021-10-20T02:23:34.782+0000	[###################.....] benchmark.Twitter	40.4GB/49.1GB (82.3%)
2021-10-20T02:23:37.783+0000	[###################.....] benchmark.Twitter	40.5GB/49.1GB (82.4%)
2021-10-20T02:23:40.782+0000	[###################.....] benchmark.Twitter	40.5GB/49.1GB (82.5%)
2021-10-20T02:23:43.783+0000	[###################.....] benchmark.Twitter	40.6GB/49.1GB (82.6%)
2021-10-20T02:23:46.782+0000	[###################.....] benchmark.Twitter	40.6GB/49.1GB (82.7%)
2021-10-20T02:23:49.782+0000	[###################.....] benchmark.Twitter	40.7GB/49.1GB (82.8%)
2021-10-20T02:23:52.783+0000	[###################.....] benchmark.Twitter	40.7GB/49.1GB (82.9%)
2021-10-20T02:23:55.782+0000	[###################.....] benchmark.Twitter	40.8GB/49.1GB (83.0%)
2021-10-20T02:23:58.783+0000	[###################.....] benchmark.Twitter	40.8GB/49.1GB (83.1%)
2021-10-20T02:24:01.782+0000	[###################.....] benchmark.Twitter	40.9GB/49.1GB (83.2%)
2021-10-20T02:24:04.782+0000	[####################....] benchmark.Twitter	40.9GB/49.1GB (83.3%)
2021-10-20T02:24:07.782+0000	[####################....] benchmark.Twitter	41.0GB/49.1GB (83.4%)
2021-10-20T02:24:10.783+0000	[####################....] benchmark.Twitter	41.0GB/49.1GB (83.5%)
2021-10-20T02:24:13.782+0000	[####################....] benchmark.Twitter	41.1GB/49.1GB (83.6%)
2021-10-20T02:24:16.782+0000	[####################....] benchmark.Twitter	41.1GB/49.1GB (83.7%)
2021-10-20T02:24:19.782+0000	[####################....] benchmark.Twitter	41.2GB/49.1GB (83.8%)
2021-10-20T02:24:22.782+0000	[####################....] benchmark.Twitter	41.2GB/49.1GB (84.0%)
2021-10-20T02:24:25.782+0000	[####################....] benchmark.Twitter	41.3GB/49.1GB (84.1%)
2021-10-20T02:24:28.782+0000	[####################....] benchmark.Twitter	41.4GB/49.1GB (84.2%)
2021-10-20T02:24:31.782+0000	[####################....] benchmark.Twitter	41.4GB/49.1GB (84.3%)
2021-10-20T02:24:34.783+0000	[####################....] benchmark.Twitter	41.4GB/49.1GB (84.4%)
2021-10-20T02:24:37.782+0000	[####################....] benchmark.Twitter	41.5GB/49.1GB (84.4%)
2021-10-20T02:24:40.782+0000	[####################....] benchmark.Twitter	41.5GB/49.1GB (84.5%)
2021-10-20T02:24:43.782+0000	[####################....] benchmark.Twitter	41.6GB/49.1GB (84.6%)
2021-10-20T02:24:46.782+0000	[####################....] benchmark.Twitter	41.6GB/49.1GB (84.7%)
2021-10-20T02:24:49.782+0000	[####################....] benchmark.Twitter	41.7GB/49.1GB (84.8%)
2021-10-20T02:24:52.783+0000	[####################....] benchmark.Twitter	41.7GB/49.1GB (84.9%)
2021-10-20T02:24:55.783+0000	[####################....] benchmark.Twitter	41.8GB/49.1GB (85.0%)
2021-10-20T02:24:58.782+0000	[####################....] benchmark.Twitter	41.8GB/49.1GB (85.1%)
2021-10-20T02:25:01.782+0000	[####################....] benchmark.Twitter	41.9GB/49.1GB (85.2%)
2021-10-20T02:25:04.782+0000	[####################....] benchmark.Twitter	41.9GB/49.1GB (85.3%)
2021-10-20T02:25:07.782+0000	[####################....] benchmark.Twitter	42.0GB/49.1GB (85.4%)
2021-10-20T02:25:10.783+0000	[####################....] benchmark.Twitter	42.0GB/49.1GB (85.5%)
2021-10-20T02:25:13.782+0000	[####################....] benchmark.Twitter	42.0GB/49.1GB (85.6%)
2021-10-20T02:25:16.782+0000	[####################....] benchmark.Twitter	42.1GB/49.1GB (85.7%)
2021-10-20T02:25:19.783+0000	[####################....] benchmark.Twitter	42.1GB/49.1GB (85.8%)
2021-10-20T02:25:22.782+0000	[####################....] benchmark.Twitter	42.2GB/49.1GB (85.9%)
2021-10-20T02:25:25.782+0000	[####################....] benchmark.Twitter	42.2GB/49.1GB (86.0%)
2021-10-20T02:25:28.782+0000	[####################....] benchmark.Twitter	42.3GB/49.1GB (86.1%)
2021-10-20T02:25:31.782+0000	[####################....] benchmark.Twitter	42.4GB/49.1GB (86.2%)
2021-10-20T02:25:34.783+0000	[####################....] benchmark.Twitter	42.4GB/49.1GB (86.3%)
2021-10-20T02:25:37.782+0000	[####################....] benchmark.Twitter	42.5GB/49.1GB (86.4%)
2021-10-20T02:25:40.782+0000	[####################....] benchmark.Twitter	42.5GB/49.1GB (86.5%)
2021-10-20T02:25:43.782+0000	[####################....] benchmark.Twitter	42.5GB/49.1GB (86.6%)
2021-10-20T02:25:46.783+0000	[####################....] benchmark.Twitter	42.6GB/49.1GB (86.7%)
2021-10-20T02:25:49.783+0000	[####################....] benchmark.Twitter	42.6GB/49.1GB (86.8%)
2021-10-20T02:25:52.782+0000	[####################....] benchmark.Twitter	42.7GB/49.1GB (86.9%)
2021-10-20T02:25:55.782+0000	[####################....] benchmark.Twitter	42.8GB/49.1GB (87.0%)
2021-10-20T02:25:58.782+0000	[####################....] benchmark.Twitter	42.8GB/49.1GB (87.1%)
2021-10-20T02:26:01.782+0000	[####################....] benchmark.Twitter	42.9GB/49.1GB (87.2%)
2021-10-20T02:26:04.782+0000	[####################....] benchmark.Twitter	42.9GB/49.1GB (87.3%)
2021-10-20T02:26:07.782+0000	[####################....] benchmark.Twitter	43.0GB/49.1GB (87.4%)
2021-10-20T02:26:10.782+0000	[#####################...] benchmark.Twitter	43.0GB/49.1GB (87.5%)
2021-10-20T02:26:13.782+0000	[#####################...] benchmark.Twitter	43.0GB/49.1GB (87.6%)
2021-10-20T02:26:16.783+0000	[#####################...] benchmark.Twitter	43.1GB/49.1GB (87.7%)
2021-10-20T02:26:19.782+0000	[#####################...] benchmark.Twitter	43.1GB/49.1GB (87.8%)
2021-10-20T02:26:22.783+0000	[#####################...] benchmark.Twitter	43.2GB/49.1GB (87.9%)
2021-10-20T02:26:25.782+0000	[#####################...] benchmark.Twitter	43.2GB/49.1GB (88.0%)
2021-10-20T02:26:28.783+0000	[#####################...] benchmark.Twitter	43.3GB/49.1GB (88.1%)
2021-10-20T02:26:31.782+0000	[#####################...] benchmark.Twitter	43.4GB/49.1GB (88.2%)
2021-10-20T02:26:34.782+0000	[#####################...] benchmark.Twitter	43.4GB/49.1GB (88.3%)
2021-10-20T02:26:37.783+0000	[#####################...] benchmark.Twitter	43.5GB/49.1GB (88.4%)
2021-10-20T02:26:40.782+0000	[#####################...] benchmark.Twitter	43.5GB/49.1GB (88.5%)
2021-10-20T02:26:43.783+0000	[#####################...] benchmark.Twitter	43.5GB/49.1GB (88.6%)
2021-10-20T02:26:46.782+0000	[#####################...] benchmark.Twitter	43.6GB/49.1GB (88.7%)
2021-10-20T02:26:49.783+0000	[#####################...] benchmark.Twitter	43.6GB/49.1GB (88.8%)
2021-10-20T02:26:52.782+0000	[#####################...] benchmark.Twitter	43.7GB/49.1GB (88.9%)
2021-10-20T02:26:55.782+0000	[#####################...] benchmark.Twitter	43.8GB/49.1GB (89.0%)
2021-10-20T02:26:58.782+0000	[#####################...] benchmark.Twitter	43.8GB/49.1GB (89.1%)
2021-10-20T02:27:01.782+0000	[#####################...] benchmark.Twitter	43.9GB/49.1GB (89.3%)
2021-10-20T02:27:04.783+0000	[#####################...] benchmark.Twitter	43.9GB/49.1GB (89.3%)
2021-10-20T02:27:07.783+0000	[#####################...] benchmark.Twitter	43.9GB/49.1GB (89.4%)
2021-10-20T02:27:10.782+0000	[#####################...] benchmark.Twitter	44.0GB/49.1GB (89.5%)
2021-10-20T02:27:13.782+0000	[#####################...] benchmark.Twitter	44.0GB/49.1GB (89.6%)
2021-10-20T02:27:16.783+0000	[#####################...] benchmark.Twitter	44.1GB/49.1GB (89.7%)
2021-10-20T02:27:19.782+0000	[#####################...] benchmark.Twitter	44.1GB/49.1GB (89.8%)
2021-10-20T02:27:22.782+0000	[#####################...] benchmark.Twitter	44.1GB/49.1GB (89.8%)
2021-10-20T02:27:25.782+0000	[#####################...] benchmark.Twitter	44.2GB/49.1GB (89.9%)
2021-10-20T02:27:28.782+0000	[#####################...] benchmark.Twitter	44.2GB/49.1GB (90.0%)
2021-10-20T02:27:31.783+0000	[#####################...] benchmark.Twitter	44.3GB/49.1GB (90.1%)
2021-10-20T02:27:34.782+0000	[#####################...] benchmark.Twitter	44.3GB/49.1GB (90.2%)
2021-10-20T02:27:37.783+0000	[#####################...] benchmark.Twitter	44.4GB/49.1GB (90.3%)
2021-10-20T02:27:40.782+0000	[#####################...] benchmark.Twitter	44.4GB/49.1GB (90.4%)
2021-10-20T02:27:43.782+0000	[#####################...] benchmark.Twitter	44.5GB/49.1GB (90.5%)
2021-10-20T02:27:46.782+0000	[#####################...] benchmark.Twitter	44.5GB/49.1GB (90.6%)
2021-10-20T02:27:49.782+0000	[#####################...] benchmark.Twitter	44.6GB/49.1GB (90.7%)
2021-10-20T02:27:52.782+0000	[#####################...] benchmark.Twitter	44.6GB/49.1GB (90.8%)
2021-10-20T02:27:55.782+0000	[#####################...] benchmark.Twitter	44.7GB/49.1GB (90.9%)
2021-10-20T02:27:58.782+0000	[#####################...] benchmark.Twitter	44.7GB/49.1GB (91.0%)
2021-10-20T02:28:01.782+0000	[#####################...] benchmark.Twitter	44.8GB/49.1GB (91.1%)
2021-10-20T02:28:04.782+0000	[#####################...] benchmark.Twitter	44.8GB/49.1GB (91.2%)
2021-10-20T02:28:07.782+0000	[#####################...] benchmark.Twitter	44.9GB/49.1GB (91.3%)
2021-10-20T02:28:10.783+0000	[#####################...] benchmark.Twitter	44.9GB/49.1GB (91.4%)
2021-10-20T02:28:13.782+0000	[#####################...] benchmark.Twitter	45.0GB/49.1GB (91.5%)
2021-10-20T02:28:16.782+0000	[#####################...] benchmark.Twitter	45.0GB/49.1GB (91.6%)
2021-10-20T02:28:19.783+0000	[######################..] benchmark.Twitter	45.1GB/49.1GB (91.7%)
2021-10-20T02:28:22.783+0000	[######################..] benchmark.Twitter	45.1GB/49.1GB (91.8%)
2021-10-20T02:28:25.782+0000	[######################..] benchmark.Twitter	45.2GB/49.1GB (91.9%)
2021-10-20T02:28:28.782+0000	[######################..] benchmark.Twitter	45.2GB/49.1GB (92.0%)
2021-10-20T02:28:31.783+0000	[######################..] benchmark.Twitter	45.3GB/49.1GB (92.1%)
2021-10-20T02:28:34.783+0000	[######################..] benchmark.Twitter	45.3GB/49.1GB (92.2%)
2021-10-20T02:28:37.783+0000	[######################..] benchmark.Twitter	45.4GB/49.1GB (92.3%)
2021-10-20T02:28:40.782+0000	[######################..] benchmark.Twitter	45.4GB/49.1GB (92.4%)
2021-10-20T02:28:43.782+0000	[######################..] benchmark.Twitter	45.5GB/49.1GB (92.5%)
2021-10-20T02:28:46.782+0000	[######################..] benchmark.Twitter	45.5GB/49.1GB (92.6%)
2021-10-20T02:28:49.783+0000	[######################..] benchmark.Twitter	45.6GB/49.1GB (92.7%)
2021-10-20T02:28:52.782+0000	[######################..] benchmark.Twitter	45.6GB/49.1GB (92.8%)
2021-10-20T02:28:55.782+0000	[######################..] benchmark.Twitter	45.7GB/49.1GB (92.9%)
2021-10-20T02:28:58.783+0000	[######################..] benchmark.Twitter	45.7GB/49.1GB (93.0%)
2021-10-20T02:29:01.782+0000	[######################..] benchmark.Twitter	45.8GB/49.1GB (93.1%)
2021-10-20T02:29:04.782+0000	[######################..] benchmark.Twitter	45.8GB/49.1GB (93.3%)
2021-10-20T02:29:07.782+0000	[######################..] benchmark.Twitter	45.9GB/49.1GB (93.4%)
2021-10-20T02:29:10.782+0000	[######################..] benchmark.Twitter	45.9GB/49.1GB (93.5%)
2021-10-20T02:29:13.783+0000	[######################..] benchmark.Twitter	46.0GB/49.1GB (93.6%)
2021-10-20T02:29:16.783+0000	[######################..] benchmark.Twitter	46.0GB/49.1GB (93.7%)
2021-10-20T02:29:19.782+0000	[######################..] benchmark.Twitter	46.1GB/49.1GB (93.8%)
2021-10-20T02:29:22.783+0000	[######################..] benchmark.Twitter	46.1GB/49.1GB (93.9%)
2021-10-20T02:29:25.782+0000	[######################..] benchmark.Twitter	46.2GB/49.1GB (94.0%)
2021-10-20T02:29:28.782+0000	[######################..] benchmark.Twitter	46.2GB/49.1GB (94.1%)
2021-10-20T02:29:31.783+0000	[######################..] benchmark.Twitter	46.3GB/49.1GB (94.2%)
2021-10-20T02:29:34.782+0000	[######################..] benchmark.Twitter	46.3GB/49.1GB (94.3%)
2021-10-20T02:29:37.782+0000	[######################..] benchmark.Twitter	46.4GB/49.1GB (94.4%)
2021-10-20T02:29:40.782+0000	[######################..] benchmark.Twitter	46.4GB/49.1GB (94.5%)
2021-10-20T02:29:43.783+0000	[######################..] benchmark.Twitter	46.5GB/49.1GB (94.6%)
2021-10-20T02:29:46.782+0000	[######################..] benchmark.Twitter	46.5GB/49.1GB (94.7%)
2021-10-20T02:29:49.782+0000	[######################..] benchmark.Twitter	46.6GB/49.1GB (94.8%)
2021-10-20T02:29:52.782+0000	[######################..] benchmark.Twitter	46.6GB/49.1GB (94.9%)
2021-10-20T02:29:55.782+0000	[######################..] benchmark.Twitter	46.7GB/49.1GB (95.0%)
2021-10-20T02:29:58.782+0000	[######################..] benchmark.Twitter	46.7GB/49.1GB (95.1%)
2021-10-20T02:30:01.782+0000	[######################..] benchmark.Twitter	46.8GB/49.1GB (95.2%)
2021-10-20T02:30:04.783+0000	[######################..] benchmark.Twitter	46.8GB/49.1GB (95.3%)
2021-10-20T02:30:07.782+0000	[######################..] benchmark.Twitter	46.9GB/49.1GB (95.4%)
2021-10-20T02:30:10.782+0000	[######################..] benchmark.Twitter	46.9GB/49.1GB (95.5%)
2021-10-20T02:30:13.782+0000	[######################..] benchmark.Twitter	47.0GB/49.1GB (95.6%)
2021-10-20T02:30:16.782+0000	[######################..] benchmark.Twitter	47.0GB/49.1GB (95.7%)
2021-10-20T02:30:19.782+0000	[######################..] benchmark.Twitter	47.0GB/49.1GB (95.7%)
2021-10-20T02:30:22.782+0000	[#######################.] benchmark.Twitter	47.1GB/49.1GB (95.8%)
2021-10-20T02:30:25.782+0000	[#######################.] benchmark.Twitter	47.1GB/49.1GB (95.9%)
2021-10-20T02:30:28.782+0000	[#######################.] benchmark.Twitter	47.2GB/49.1GB (96.0%)
2021-10-20T02:30:31.782+0000	[#######################.] benchmark.Twitter	47.2GB/49.1GB (96.1%)
2021-10-20T02:30:34.783+0000	[#######################.] benchmark.Twitter	47.3GB/49.1GB (96.2%)
2021-10-20T02:30:37.782+0000	[#######################.] benchmark.Twitter	47.3GB/49.1GB (96.3%)
2021-10-20T02:30:40.782+0000	[#######################.] benchmark.Twitter	47.4GB/49.1GB (96.4%)
2021-10-20T02:30:43.783+0000	[#######################.] benchmark.Twitter	47.4GB/49.1GB (96.5%)
2021-10-20T02:30:46.782+0000	[#######################.] benchmark.Twitter	47.5GB/49.1GB (96.6%)
2021-10-20T02:30:49.782+0000	[#######################.] benchmark.Twitter	47.5GB/49.1GB (96.7%)
2021-10-20T02:30:52.782+0000	[#######################.] benchmark.Twitter	47.5GB/49.1GB (96.8%)
2021-10-20T02:30:55.782+0000	[#######################.] benchmark.Twitter	47.6GB/49.1GB (96.9%)
2021-10-20T02:30:58.782+0000	[#######################.] benchmark.Twitter	47.6GB/49.1GB (97.0%)
2021-10-20T02:31:01.782+0000	[#######################.] benchmark.Twitter	47.7GB/49.1GB (97.1%)
2021-10-20T02:31:04.782+0000	[#######################.] benchmark.Twitter	47.8GB/49.1GB (97.2%)
2021-10-20T02:31:07.783+0000	[#######################.] benchmark.Twitter	47.8GB/49.1GB (97.3%)
2021-10-20T02:31:10.782+0000	[#######################.] benchmark.Twitter	47.9GB/49.1GB (97.4%)
2021-10-20T02:31:13.782+0000	[#######################.] benchmark.Twitter	47.9GB/49.1GB (97.5%)
2021-10-20T02:31:16.782+0000	[#######################.] benchmark.Twitter	48.0GB/49.1GB (97.6%)
2021-10-20T02:31:19.783+0000	[#######################.] benchmark.Twitter	48.0GB/49.1GB (97.7%)
2021-10-20T02:31:22.782+0000	[#######################.] benchmark.Twitter	48.1GB/49.1GB (97.8%)
2021-10-20T02:31:25.782+0000	[#######################.] benchmark.Twitter	48.1GB/49.1GB (97.9%)
2021-10-20T02:31:28.782+0000	[#######################.] benchmark.Twitter	48.2GB/49.1GB (98.0%)
2021-10-20T02:31:31.783+0000	[#######################.] benchmark.Twitter	48.2GB/49.1GB (98.1%)
2021-10-20T02:31:34.782+0000	[#######################.] benchmark.Twitter	48.3GB/49.1GB (98.2%)
2021-10-20T02:31:37.783+0000	[#######################.] benchmark.Twitter	48.3GB/49.1GB (98.3%)
2021-10-20T02:31:40.782+0000	[#######################.] benchmark.Twitter	48.4GB/49.1GB (98.4%)
2021-10-20T02:31:43.782+0000	[#######################.] benchmark.Twitter	48.4GB/49.1GB (98.6%)
2021-10-20T02:31:46.783+0000	[#######################.] benchmark.Twitter	48.5GB/49.1GB (98.7%)
2021-10-20T02:31:49.782+0000	[#######################.] benchmark.Twitter	48.5GB/49.1GB (98.8%)
2021-10-20T02:31:52.783+0000	[#######################.] benchmark.Twitter	48.6GB/49.1GB (98.9%)
2021-10-20T02:31:55.782+0000	[#######################.] benchmark.Twitter	48.6GB/49.1GB (99.0%)
2021-10-20T02:31:58.783+0000	[#######################.] benchmark.Twitter	48.7GB/49.1GB (99.1%)
2021-10-20T02:32:01.783+0000	[#######################.] benchmark.Twitter	48.7GB/49.1GB (99.2%)
2021-10-20T02:32:04.782+0000	[#######################.] benchmark.Twitter	48.8GB/49.1GB (99.3%)
2021-10-20T02:32:07.783+0000	[#######################.] benchmark.Twitter	48.8GB/49.1GB (99.4%)
2021-10-20T02:32:10.783+0000	[#######################.] benchmark.Twitter	48.9GB/49.1GB (99.5%)
2021-10-20T02:32:13.782+0000	[#######################.] benchmark.Twitter	48.9GB/49.1GB (99.6%)
2021-10-20T02:32:16.783+0000	[#######################.] benchmark.Twitter	49.0GB/49.1GB (99.7%)
2021-10-20T02:32:19.782+0000	[#######################.] benchmark.Twitter	49.0GB/49.1GB (99.8%)
2021-10-20T02:32:22.782+0000	[#######################.] benchmark.Twitter	49.1GB/49.1GB (99.9%)
2021-10-20T02:32:25.608+0000	[########################] benchmark.Twitter	49.1GB/49.1GB (100.0%)
2021-10-20T02:32:25.608+0000	13346336 document(s) imported successfully. 0 document(s) failed to import.
mongo-benchmark
MongoDB: 4143.37 s
mongo-benchmark
=== Found Postgres query file, executing Postgres queries ===
= File:'Twitter.json' =
13.4-alpine: Pulling from library/postgres
Digest: sha256:e9e481c3b0960e6acdd0d1202938617b9075d20f477765b531846671b7e624f2
Status: Image is up to date for postgres:13.4-alpine
ebcabe27346740a9a0d27868ee5b9e72e06825dc68c6331c499abf234dcd5a9f
3
PSQL: 8481.6 s
psql-benchmark
=== Results ===
= JQ =
Overall: 
= JODA =
Overall: 100.227
Query Time: 44.4971
7.686117087
6.38828679
3.935687456
3.215577138
3.630737714
3.22142417
4.897076301
3.571518406
4.288854537
3.661823986
= Mongo =
Overall: 4143.37
187.443
160.594
162.634
176.178
67.745
75.204
87.584
86.392
84.666
89.297
Query Time: 1177.74
= PostgreSQL =
Overall: 8481.6
=== AGG Results ===
= JQ =

= JODA =
13346336
5073309
1985718
1423329
1253365
4467128
970479
434583
226865
79126
56933
= Mongo =
5073309
1985718
1423329
1253365
4467128
970479
434583
226865
79126
56933
= PostgreSQL =
 5073309
 1985718
 1423329
 1253365
 4456547
 959898
 424002
 216709
 68970
 48900
