=== Found JODA query file, executing JODA queries ===
= File:'Twitter.json' =
0.12.4: Pulling from nicotin/joda
Digest: sha256:b253680f2c5ee1118e2c282e0c4ebff5cb6e87643fb98abcf1e686caaa35152a
Status: Image is up to date for nicotin/joda:0.12.4
209d1bba1d95291f73c5f7e9225ed6fa6f33e048b2b83d539907b067a3b190ab
0
JODA: 98.0579 s
joda-benchmark
=== Results ===
= JQ =
Overall: 
= JODA =
Overall: 98.0579
Query Time: 19.2776
8.012683665
2.1425361
0.918701786
1.802051643
1.620633089
1.339394201
0.446644234
0.209792872
1.634854962
1.150260257
= Mongo =
Overall: 

Query Time: 
= PostgreSQL =
Overall: 
=== AGG Results ===
= JQ =

= JODA =
13346336
5073309
2391308
1071600
4797973
10691615
10691615
467347
293595
5096265
10691615
= Mongo =

= PostgreSQL =

