=== Found JODA query file, executing JODA queries ===
= File:'NoBench.json' =
0.12.3: Pulling from nicotin/joda
Digest: sha256:6c0c6b4a19967ae02ef348535acdb3eb8496453a8b868763c34370e10be0192f
Status: Image is up to date for nicotin/joda:0.12.3
2cab109c4e46a8d5576d0ac69def82ae3aeb89398b2aa84f72f6bf0d4b2696aa
0
JODA: 1.48969 s
joda-benchmark
=== Found MongoDB query file, executing MongoDB queries ===
= File:'NoBench.json' =
5.0.3-focal: Pulling from library/mongo
Digest: sha256:f7c401402aa3e689fc42c7109247ab2d5a3e3b4b8a3ace4c2bf7a5fc74ca4917
Status: Image is up to date for mongo:5.0.3-focal
17dcd78f981ca6d5b3163318b243e08b7aef3cc3b6c3e3f602987b509ed0c134
2021-11-09T08:45:40.048+0000	connected to: mongodb://localhost/
2021-11-09T08:45:40.830+0000	10000 document(s) imported successfully. 0 document(s) failed to import.
mongo-benchmark
MongoDB: 3.09177 s
mongo-benchmark
=== Found Postgres query file, executing Postgres queries ===
= File:'NoBench.json' =
13.4-alpine: Pulling from library/postgres
Digest: sha256:c170270dc9ba94f491375e366fa2cf46d0bc0027e4a69d70e6e9d1454ba748dc
Status: Image is up to date for postgres:13.4-alpine
615cab9bee79d773c1d3ca19322d4d5d99be769008b084c11b292ae6050b8cdc
3
PSQL: 2.38263 s
psql-benchmark
=== Results ===
= JQ =
Overall: 
= JODA =
Overall: 1.48969
Query Time: 0.238438
0.031168513
0.034158048
0.022760727
0.02373297
0.023883616
0.021138976
0.023805236
0.021099112
0.019915326
0.016775581
= Mongo =
Overall: 3.09177
0.044
0.057
0.047
0.047
0.063
0.023
0.064
0.064
0.05
0.043
Query Time: 0.502
= PostgreSQL =
Overall: 2.38263
=== AGG Results ===
= JQ =

= JODA =
10000
2917
8011
2893
4117
1283
4994
627
142
49
23
= Mongo =
2917
8011
2893
4117
1283
4994
627
142
49
23
= PostgreSQL =
  2917
  8011
  2893
  4117
  1283
  4994
   627
   142
    49
    23
