=== Found JODA query file, executing JODA queries ===
= File:'NoBench.json' =
0.12.3: Pulling from nicotin/joda
Digest: sha256:6c0c6b4a19967ae02ef348535acdb3eb8496453a8b868763c34370e10be0192f
Status: Image is up to date for nicotin/joda:0.12.3
87ba8db1be89e56e8dcadd5f5a11cb38cb19a8a5d995d76c161af0b8bf1476e9
0
JODA: 34.2396 s
joda-benchmark
=== Found MongoDB query file, executing MongoDB queries ===
= File:'NoBench.json' =
5.0.3-focal: Pulling from library/mongo
Digest: sha256:f7c401402aa3e689fc42c7109247ab2d5a3e3b4b8a3ace4c2bf7a5fc74ca4917
Status: Image is up to date for mongo:5.0.3-focal
49b1d7d170ace1c44976239d4157f78af42634fca65dae9d7c5ccad5110fc1c1
2021-11-09T15:19:54.980+0000	connected to: mongodb://localhost/
2021-11-09T15:19:57.980+0000	[........................] benchmark.NoBench	18.9MB/5.73GB (0.3%)
2021-11-09T15:20:00.981+0000	[........................] benchmark.NoBench	33.5MB/5.73GB (0.6%)
2021-11-09T15:20:03.983+0000	[........................] benchmark.NoBench	47.4MB/5.73GB (0.8%)
2021-11-09T15:20:06.981+0000	[........................] benchmark.NoBench	62.6MB/5.73GB (1.1%)
2021-11-09T15:20:09.981+0000	[........................] benchmark.NoBench	77.6MB/5.73GB (1.3%)
2021-11-09T15:20:12.981+0000	[........................] benchmark.NoBench	92.7MB/5.73GB (1.6%)
2021-11-09T15:20:15.981+0000	[........................] benchmark.NoBench	108MB/5.73GB (1.8%)
2021-11-09T15:20:18.980+0000	[........................] benchmark.NoBench	123MB/5.73GB (2.1%)
2021-11-09T15:20:21.980+0000	[........................] benchmark.NoBench	138MB/5.73GB (2.3%)
2021-11-09T15:20:24.980+0000	[........................] benchmark.NoBench	154MB/5.73GB (2.6%)
2021-11-09T15:20:27.980+0000	[........................] benchmark.NoBench	169MB/5.73GB (2.9%)
2021-11-09T15:20:30.981+0000	[........................] benchmark.NoBench	185MB/5.73GB (3.2%)
2021-11-09T15:20:33.980+0000	[........................] benchmark.NoBench	200MB/5.73GB (3.4%)
2021-11-09T15:20:36.980+0000	[........................] benchmark.NoBench	215MB/5.73GB (3.7%)
2021-11-09T15:20:39.985+0000	[........................] benchmark.NoBench	229MB/5.73GB (3.9%)
2021-11-09T15:20:42.987+0000	[........................] benchmark.NoBench	244MB/5.73GB (4.1%)
2021-11-09T15:20:45.986+0000	[#.......................] benchmark.NoBench	259MB/5.73GB (4.4%)
2021-11-09T15:20:48.980+0000	[#.......................] benchmark.NoBench	276MB/5.73GB (4.7%)
2021-11-09T15:20:51.980+0000	[#.......................] benchmark.NoBench	292MB/5.73GB (5.0%)
2021-11-09T15:20:54.980+0000	[#.......................] benchmark.NoBench	308MB/5.73GB (5.3%)
2021-11-09T15:20:57.981+0000	[#.......................] benchmark.NoBench	327MB/5.73GB (5.6%)
2021-11-09T15:21:00.980+0000	[#.......................] benchmark.NoBench	342MB/5.73GB (5.8%)
2021-11-09T15:21:03.980+0000	[#.......................] benchmark.NoBench	359MB/5.73GB (6.1%)
2021-11-09T15:21:06.980+0000	[#.......................] benchmark.NoBench	374MB/5.73GB (6.4%)
2021-11-09T15:21:09.980+0000	[#.......................] benchmark.NoBench	390MB/5.73GB (6.6%)
2021-11-09T15:21:12.980+0000	[#.......................] benchmark.NoBench	406MB/5.73GB (6.9%)
2021-11-09T15:21:15.988+0000	[#.......................] benchmark.NoBench	421MB/5.73GB (7.2%)
2021-11-09T15:21:18.980+0000	[#.......................] benchmark.NoBench	435MB/5.73GB (7.4%)
2021-11-09T15:21:21.986+0000	[#.......................] benchmark.NoBench	450MB/5.73GB (7.7%)
2021-11-09T15:21:24.981+0000	[#.......................] benchmark.NoBench	465MB/5.73GB (7.9%)
2021-11-09T15:21:27.980+0000	[#.......................] benchmark.NoBench	480MB/5.73GB (8.2%)
2021-11-09T15:21:30.981+0000	[##......................] benchmark.NoBench	496MB/5.73GB (8.5%)
2021-11-09T15:21:33.980+0000	[##......................] benchmark.NoBench	512MB/5.73GB (8.7%)
2021-11-09T15:21:36.980+0000	[##......................] benchmark.NoBench	525MB/5.73GB (8.9%)
2021-11-09T15:21:39.980+0000	[##......................] benchmark.NoBench	540MB/5.73GB (9.2%)
2021-11-09T15:21:42.981+0000	[##......................] benchmark.NoBench	556MB/5.73GB (9.5%)
2021-11-09T15:21:45.980+0000	[##......................] benchmark.NoBench	572MB/5.73GB (9.7%)
2021-11-09T15:21:48.980+0000	[##......................] benchmark.NoBench	588MB/5.73GB (10.0%)
2021-11-09T15:21:51.981+0000	[##......................] benchmark.NoBench	603MB/5.73GB (10.3%)
2021-11-09T15:21:54.982+0000	[##......................] benchmark.NoBench	621MB/5.73GB (10.6%)
2021-11-09T15:21:57.981+0000	[##......................] benchmark.NoBench	638MB/5.73GB (10.9%)
2021-11-09T15:22:00.983+0000	[##......................] benchmark.NoBench	654MB/5.73GB (11.1%)
2021-11-09T15:22:03.981+0000	[##......................] benchmark.NoBench	670MB/5.73GB (11.4%)
2021-11-09T15:22:06.991+0000	[##......................] benchmark.NoBench	685MB/5.73GB (11.7%)
2021-11-09T15:22:09.987+0000	[##......................] benchmark.NoBench	700MB/5.73GB (11.9%)
2021-11-09T15:22:12.984+0000	[##......................] benchmark.NoBench	715MB/5.73GB (12.2%)
2021-11-09T15:22:15.983+0000	[##......................] benchmark.NoBench	730MB/5.73GB (12.4%)
2021-11-09T15:22:18.981+0000	[###.....................] benchmark.NoBench	746MB/5.73GB (12.7%)
2021-11-09T15:22:21.980+0000	[###.....................] benchmark.NoBench	761MB/5.73GB (13.0%)
2021-11-09T15:22:24.980+0000	[###.....................] benchmark.NoBench	777MB/5.73GB (13.2%)
2021-11-09T15:22:27.981+0000	[###.....................] benchmark.NoBench	793MB/5.73GB (13.5%)
2021-11-09T15:22:30.982+0000	[###.....................] benchmark.NoBench	807MB/5.73GB (13.8%)
2021-11-09T15:22:33.982+0000	[###.....................] benchmark.NoBench	823MB/5.73GB (14.0%)
2021-11-09T15:22:36.980+0000	[###.....................] benchmark.NoBench	841MB/5.73GB (14.3%)
2021-11-09T15:22:39.980+0000	[###.....................] benchmark.NoBench	856MB/5.73GB (14.6%)
2021-11-09T15:22:42.991+0000	[###.....................] benchmark.NoBench	871MB/5.73GB (14.8%)
2021-11-09T15:22:45.981+0000	[###.....................] benchmark.NoBench	885MB/5.73GB (15.1%)
2021-11-09T15:22:48.980+0000	[###.....................] benchmark.NoBench	901MB/5.73GB (15.3%)
2021-11-09T15:22:51.980+0000	[###.....................] benchmark.NoBench	916MB/5.73GB (15.6%)
2021-11-09T15:22:54.982+0000	[###.....................] benchmark.NoBench	931MB/5.73GB (15.9%)
2021-11-09T15:22:57.981+0000	[###.....................] benchmark.NoBench	948MB/5.73GB (16.1%)
2021-11-09T15:23:00.981+0000	[###.....................] benchmark.NoBench	966MB/5.73GB (16.4%)
2021-11-09T15:23:03.981+0000	[####....................] benchmark.NoBench	981MB/5.73GB (16.7%)
2021-11-09T15:23:06.990+0000	[####....................] benchmark.NoBench	998MB/5.73GB (17.0%)
2021-11-09T15:23:09.985+0000	[####....................] benchmark.NoBench	1014MB/5.73GB (17.3%)
2021-11-09T15:23:12.986+0000	[####....................] benchmark.NoBench	1.01GB/5.73GB (17.5%)
2021-11-09T15:23:15.982+0000	[####....................] benchmark.NoBench	1.02GB/5.73GB (17.8%)
2021-11-09T15:23:18.981+0000	[####....................] benchmark.NoBench	1.04GB/5.73GB (18.1%)
2021-11-09T15:23:21.980+0000	[####....................] benchmark.NoBench	1.05GB/5.73GB (18.4%)
2021-11-09T15:23:24.982+0000	[####....................] benchmark.NoBench	1.07GB/5.73GB (18.6%)
2021-11-09T15:23:27.980+0000	[####....................] benchmark.NoBench	1.08GB/5.73GB (18.9%)
2021-11-09T15:23:30.981+0000	[####....................] benchmark.NoBench	1.10GB/5.73GB (19.2%)
2021-11-09T15:23:33.980+0000	[####....................] benchmark.NoBench	1.12GB/5.73GB (19.5%)
2021-11-09T15:23:36.981+0000	[####....................] benchmark.NoBench	1.13GB/5.73GB (19.7%)
2021-11-09T15:23:39.980+0000	[####....................] benchmark.NoBench	1.15GB/5.73GB (20.0%)
2021-11-09T15:23:42.980+0000	[####....................] benchmark.NoBench	1.16GB/5.73GB (20.3%)
2021-11-09T15:23:45.980+0000	[####....................] benchmark.NoBench	1.18GB/5.73GB (20.5%)
2021-11-09T15:23:48.980+0000	[####....................] benchmark.NoBench	1.19GB/5.73GB (20.8%)
2021-11-09T15:23:51.980+0000	[#####...................] benchmark.NoBench	1.21GB/5.73GB (21.1%)
2021-11-09T15:23:54.988+0000	[#####...................] benchmark.NoBench	1.22GB/5.73GB (21.4%)
2021-11-09T15:23:57.980+0000	[#####...................] benchmark.NoBench	1.24GB/5.73GB (21.6%)
2021-11-09T15:24:00.980+0000	[#####...................] benchmark.NoBench	1.26GB/5.73GB (22.0%)
2021-11-09T15:24:03.981+0000	[#####...................] benchmark.NoBench	1.28GB/5.73GB (22.3%)
2021-11-09T15:24:06.980+0000	[#####...................] benchmark.NoBench	1.29GB/5.73GB (22.5%)
2021-11-09T15:24:09.980+0000	[#####...................] benchmark.NoBench	1.31GB/5.73GB (22.8%)
2021-11-09T15:24:12.980+0000	[#####...................] benchmark.NoBench	1.32GB/5.73GB (23.1%)
2021-11-09T15:24:15.980+0000	[#####...................] benchmark.NoBench	1.34GB/5.73GB (23.3%)
2021-11-09T15:24:18.980+0000	[#####...................] benchmark.NoBench	1.35GB/5.73GB (23.6%)
2021-11-09T15:24:21.980+0000	[#####...................] benchmark.NoBench	1.37GB/5.73GB (23.9%)
2021-11-09T15:24:24.983+0000	[#####...................] benchmark.NoBench	1.38GB/5.73GB (24.1%)
2021-11-09T15:24:27.980+0000	[#####...................] benchmark.NoBench	1.40GB/5.73GB (24.4%)
2021-11-09T15:24:30.981+0000	[#####...................] benchmark.NoBench	1.41GB/5.73GB (24.7%)
2021-11-09T15:24:33.981+0000	[#####...................] benchmark.NoBench	1.43GB/5.73GB (24.9%)
2021-11-09T15:24:36.980+0000	[######..................] benchmark.NoBench	1.44GB/5.73GB (25.2%)
2021-11-09T15:24:39.980+0000	[######..................] benchmark.NoBench	1.46GB/5.73GB (25.5%)
2021-11-09T15:24:42.981+0000	[######..................] benchmark.NoBench	1.48GB/5.73GB (25.7%)
2021-11-09T15:24:45.980+0000	[######..................] benchmark.NoBench	1.49GB/5.73GB (26.0%)
2021-11-09T15:24:48.981+0000	[######..................] benchmark.NoBench	1.51GB/5.73GB (26.3%)
2021-11-09T15:24:51.980+0000	[######..................] benchmark.NoBench	1.52GB/5.73GB (26.5%)
2021-11-09T15:24:54.980+0000	[######..................] benchmark.NoBench	1.54GB/5.73GB (26.8%)
2021-11-09T15:24:57.981+0000	[######..................] benchmark.NoBench	1.55GB/5.73GB (27.1%)
2021-11-09T15:25:00.981+0000	[######..................] benchmark.NoBench	1.57GB/5.73GB (27.3%)
2021-11-09T15:25:03.981+0000	[######..................] benchmark.NoBench	1.58GB/5.73GB (27.6%)
2021-11-09T15:25:06.981+0000	[######..................] benchmark.NoBench	1.60GB/5.73GB (27.9%)
2021-11-09T15:25:09.980+0000	[######..................] benchmark.NoBench	1.62GB/5.73GB (28.2%)
2021-11-09T15:25:12.980+0000	[######..................] benchmark.NoBench	1.63GB/5.73GB (28.5%)
2021-11-09T15:25:15.981+0000	[######..................] benchmark.NoBench	1.65GB/5.73GB (28.8%)
2021-11-09T15:25:18.980+0000	[######..................] benchmark.NoBench	1.66GB/5.73GB (29.0%)
2021-11-09T15:25:21.980+0000	[#######.................] benchmark.NoBench	1.68GB/5.73GB (29.3%)
2021-11-09T15:25:24.980+0000	[#######.................] benchmark.NoBench	1.70GB/5.73GB (29.6%)
2021-11-09T15:25:27.980+0000	[#######.................] benchmark.NoBench	1.71GB/5.73GB (29.8%)
2021-11-09T15:25:30.981+0000	[#######.................] benchmark.NoBench	1.73GB/5.73GB (30.1%)
2021-11-09T15:25:33.980+0000	[#######.................] benchmark.NoBench	1.74GB/5.73GB (30.4%)
2021-11-09T15:25:36.980+0000	[#######.................] benchmark.NoBench	1.76GB/5.73GB (30.6%)
2021-11-09T15:25:39.981+0000	[#######.................] benchmark.NoBench	1.77GB/5.73GB (30.9%)
2021-11-09T15:25:42.981+0000	[#######.................] benchmark.NoBench	1.79GB/5.73GB (31.2%)
2021-11-09T15:25:45.981+0000	[#######.................] benchmark.NoBench	1.80GB/5.73GB (31.5%)
2021-11-09T15:25:48.980+0000	[#######.................] benchmark.NoBench	1.82GB/5.73GB (31.7%)
2021-11-09T15:25:51.980+0000	[#######.................] benchmark.NoBench	1.83GB/5.73GB (32.0%)
2021-11-09T15:25:54.981+0000	[#######.................] benchmark.NoBench	1.85GB/5.73GB (32.3%)
2021-11-09T15:25:57.980+0000	[#######.................] benchmark.NoBench	1.87GB/5.73GB (32.5%)
2021-11-09T15:26:00.980+0000	[#######.................] benchmark.NoBench	1.88GB/5.73GB (32.8%)
2021-11-09T15:26:03.980+0000	[#######.................] benchmark.NoBench	1.90GB/5.73GB (33.1%)
2021-11-09T15:26:06.980+0000	[########................] benchmark.NoBench	1.91GB/5.73GB (33.4%)
2021-11-09T15:26:09.980+0000	[########................] benchmark.NoBench	1.93GB/5.73GB (33.7%)
2021-11-09T15:26:12.981+0000	[########................] benchmark.NoBench	1.95GB/5.73GB (34.0%)
2021-11-09T15:26:15.980+0000	[########................] benchmark.NoBench	1.96GB/5.73GB (34.2%)
2021-11-09T15:26:18.980+0000	[########................] benchmark.NoBench	1.98GB/5.73GB (34.5%)
2021-11-09T15:26:21.980+0000	[########................] benchmark.NoBench	1.99GB/5.73GB (34.8%)
2021-11-09T15:26:24.981+0000	[########................] benchmark.NoBench	2.01GB/5.73GB (35.1%)
2021-11-09T15:26:27.981+0000	[########................] benchmark.NoBench	2.03GB/5.73GB (35.3%)
2021-11-09T15:26:30.980+0000	[########................] benchmark.NoBench	2.04GB/5.73GB (35.6%)
2021-11-09T15:26:33.981+0000	[########................] benchmark.NoBench	2.06GB/5.73GB (35.8%)
2021-11-09T15:26:36.981+0000	[########................] benchmark.NoBench	2.07GB/5.73GB (36.1%)
2021-11-09T15:26:39.981+0000	[########................] benchmark.NoBench	2.09GB/5.73GB (36.4%)
2021-11-09T15:26:42.980+0000	[########................] benchmark.NoBench	2.10GB/5.73GB (36.6%)
2021-11-09T15:26:45.980+0000	[########................] benchmark.NoBench	2.12GB/5.73GB (36.9%)
2021-11-09T15:26:48.980+0000	[########................] benchmark.NoBench	2.13GB/5.73GB (37.2%)
2021-11-09T15:26:51.981+0000	[########................] benchmark.NoBench	2.15GB/5.73GB (37.4%)
2021-11-09T15:26:54.980+0000	[#########...............] benchmark.NoBench	2.16GB/5.73GB (37.7%)
2021-11-09T15:26:57.980+0000	[#########...............] benchmark.NoBench	2.18GB/5.73GB (37.9%)
2021-11-09T15:27:00.981+0000	[#########...............] benchmark.NoBench	2.19GB/5.73GB (38.2%)
2021-11-09T15:27:03.981+0000	[#########...............] benchmark.NoBench	2.21GB/5.73GB (38.5%)
2021-11-09T15:27:06.980+0000	[#########...............] benchmark.NoBench	2.23GB/5.73GB (38.8%)
2021-11-09T15:27:09.980+0000	[#########...............] benchmark.NoBench	2.24GB/5.73GB (39.1%)
2021-11-09T15:27:12.980+0000	[#########...............] benchmark.NoBench	2.26GB/5.73GB (39.4%)
2021-11-09T15:27:15.980+0000	[#########...............] benchmark.NoBench	2.27GB/5.73GB (39.6%)
2021-11-09T15:27:18.984+0000	[#########...............] benchmark.NoBench	2.29GB/5.73GB (39.9%)
2021-11-09T15:27:21.980+0000	[#########...............] benchmark.NoBench	2.30GB/5.73GB (40.2%)
2021-11-09T15:27:24.981+0000	[#########...............] benchmark.NoBench	2.32GB/5.73GB (40.5%)
2021-11-09T15:27:27.981+0000	[#########...............] benchmark.NoBench	2.34GB/5.73GB (40.7%)
2021-11-09T15:27:30.983+0000	[#########...............] benchmark.NoBench	2.35GB/5.73GB (41.0%)
2021-11-09T15:27:33.981+0000	[#########...............] benchmark.NoBench	2.37GB/5.73GB (41.3%)
2021-11-09T15:27:36.981+0000	[#########...............] benchmark.NoBench	2.38GB/5.73GB (41.6%)
2021-11-09T15:27:39.982+0000	[##########..............] benchmark.NoBench	2.40GB/5.73GB (41.8%)
2021-11-09T15:27:42.981+0000	[##########..............] benchmark.NoBench	2.42GB/5.73GB (42.1%)
2021-11-09T15:27:45.980+0000	[##########..............] benchmark.NoBench	2.43GB/5.73GB (42.4%)
2021-11-09T15:27:48.981+0000	[##########..............] benchmark.NoBench	2.45GB/5.73GB (42.7%)
2021-11-09T15:27:51.981+0000	[##########..............] benchmark.NoBench	2.46GB/5.73GB (42.9%)
2021-11-09T15:27:54.980+0000	[##########..............] benchmark.NoBench	2.48GB/5.73GB (43.2%)
2021-11-09T15:27:57.980+0000	[##########..............] benchmark.NoBench	2.49GB/5.73GB (43.5%)
2021-11-09T15:28:00.980+0000	[##########..............] benchmark.NoBench	2.51GB/5.73GB (43.8%)
2021-11-09T15:28:03.981+0000	[##########..............] benchmark.NoBench	2.52GB/5.73GB (44.0%)
2021-11-09T15:28:06.981+0000	[##########..............] benchmark.NoBench	2.54GB/5.73GB (44.3%)
2021-11-09T15:28:09.980+0000	[##########..............] benchmark.NoBench	2.56GB/5.73GB (44.7%)
2021-11-09T15:28:12.981+0000	[##########..............] benchmark.NoBench	2.58GB/5.73GB (44.9%)
2021-11-09T15:28:15.980+0000	[##########..............] benchmark.NoBench	2.59GB/5.73GB (45.2%)
2021-11-09T15:28:18.982+0000	[##########..............] benchmark.NoBench	2.61GB/5.73GB (45.5%)
2021-11-09T15:28:21.981+0000	[##########..............] benchmark.NoBench	2.62GB/5.73GB (45.7%)
2021-11-09T15:28:24.981+0000	[###########.............] benchmark.NoBench	2.64GB/5.73GB (46.0%)
2021-11-09T15:28:27.980+0000	[###########.............] benchmark.NoBench	2.65GB/5.73GB (46.3%)
2021-11-09T15:28:30.981+0000	[###########.............] benchmark.NoBench	2.67GB/5.73GB (46.6%)
2021-11-09T15:28:33.980+0000	[###########.............] benchmark.NoBench	2.69GB/5.73GB (46.9%)
2021-11-09T15:28:36.980+0000	[###########.............] benchmark.NoBench	2.70GB/5.73GB (47.2%)
2021-11-09T15:28:39.981+0000	[###########.............] benchmark.NoBench	2.72GB/5.73GB (47.4%)
2021-11-09T15:28:42.981+0000	[###########.............] benchmark.NoBench	2.74GB/5.73GB (47.7%)
2021-11-09T15:28:45.981+0000	[###########.............] benchmark.NoBench	2.75GB/5.73GB (48.0%)
2021-11-09T15:28:48.980+0000	[###########.............] benchmark.NoBench	2.77GB/5.73GB (48.3%)
2021-11-09T15:28:51.982+0000	[###########.............] benchmark.NoBench	2.78GB/5.73GB (48.6%)
2021-11-09T15:28:54.980+0000	[###########.............] benchmark.NoBench	2.80GB/5.73GB (48.8%)
2021-11-09T15:28:57.980+0000	[###########.............] benchmark.NoBench	2.82GB/5.73GB (49.1%)
2021-11-09T15:29:00.981+0000	[###########.............] benchmark.NoBench	2.83GB/5.73GB (49.4%)
2021-11-09T15:29:03.981+0000	[###########.............] benchmark.NoBench	2.85GB/5.73GB (49.6%)
2021-11-09T15:29:06.981+0000	[###########.............] benchmark.NoBench	2.86GB/5.73GB (49.9%)
2021-11-09T15:29:09.980+0000	[############............] benchmark.NoBench	2.88GB/5.73GB (50.2%)
2021-11-09T15:29:12.980+0000	[############............] benchmark.NoBench	2.90GB/5.73GB (50.5%)
2021-11-09T15:29:15.980+0000	[############............] benchmark.NoBench	2.91GB/5.73GB (50.8%)
2021-11-09T15:29:18.980+0000	[############............] benchmark.NoBench	2.93GB/5.73GB (51.1%)
2021-11-09T15:29:21.980+0000	[############............] benchmark.NoBench	2.94GB/5.73GB (51.3%)
2021-11-09T15:29:24.981+0000	[############............] benchmark.NoBench	2.96GB/5.73GB (51.6%)
2021-11-09T15:29:27.982+0000	[############............] benchmark.NoBench	2.97GB/5.73GB (51.9%)
2021-11-09T15:29:30.980+0000	[############............] benchmark.NoBench	2.99GB/5.73GB (52.2%)
2021-11-09T15:29:33.980+0000	[############............] benchmark.NoBench	3.01GB/5.73GB (52.4%)
2021-11-09T15:29:36.981+0000	[############............] benchmark.NoBench	3.02GB/5.73GB (52.7%)
2021-11-09T15:29:39.980+0000	[############............] benchmark.NoBench	3.04GB/5.73GB (53.0%)
2021-11-09T15:29:42.981+0000	[############............] benchmark.NoBench	3.05GB/5.73GB (53.2%)
2021-11-09T15:29:45.981+0000	[############............] benchmark.NoBench	3.07GB/5.73GB (53.5%)
2021-11-09T15:29:48.980+0000	[############............] benchmark.NoBench	3.08GB/5.73GB (53.8%)
2021-11-09T15:29:51.980+0000	[############............] benchmark.NoBench	3.10GB/5.73GB (54.1%)
2021-11-09T15:29:54.989+0000	[#############...........] benchmark.NoBench	3.12GB/5.73GB (54.4%)
2021-11-09T15:29:57.981+0000	[#############...........] benchmark.NoBench	3.14GB/5.73GB (54.7%)
2021-11-09T15:30:00.980+0000	[#############...........] benchmark.NoBench	3.15GB/5.73GB (55.0%)
2021-11-09T15:30:03.980+0000	[#############...........] benchmark.NoBench	3.17GB/5.73GB (55.2%)
2021-11-09T15:30:06.980+0000	[#############...........] benchmark.NoBench	3.18GB/5.73GB (55.5%)
2021-11-09T15:30:09.981+0000	[#############...........] benchmark.NoBench	3.20GB/5.73GB (55.8%)
2021-11-09T15:30:12.980+0000	[#############...........] benchmark.NoBench	3.22GB/5.73GB (56.1%)
2021-11-09T15:30:15.980+0000	[#############...........] benchmark.NoBench	3.23GB/5.73GB (56.4%)
2021-11-09T15:30:18.980+0000	[#############...........] benchmark.NoBench	3.25GB/5.73GB (56.7%)
2021-11-09T15:30:21.980+0000	[#############...........] benchmark.NoBench	3.26GB/5.73GB (56.9%)
2021-11-09T15:30:24.982+0000	[#############...........] benchmark.NoBench	3.28GB/5.73GB (57.2%)
2021-11-09T15:30:27.983+0000	[#############...........] benchmark.NoBench	3.30GB/5.73GB (57.5%)
2021-11-09T15:30:30.981+0000	[#############...........] benchmark.NoBench	3.31GB/5.73GB (57.7%)
2021-11-09T15:30:33.980+0000	[#############...........] benchmark.NoBench	3.33GB/5.73GB (58.0%)
2021-11-09T15:30:36.981+0000	[#############...........] benchmark.NoBench	3.34GB/5.73GB (58.3%)
2021-11-09T15:30:39.980+0000	[##############..........] benchmark.NoBench	3.36GB/5.73GB (58.6%)
2021-11-09T15:30:42.981+0000	[##############..........] benchmark.NoBench	3.37GB/5.73GB (58.9%)
2021-11-09T15:30:45.980+0000	[##############..........] benchmark.NoBench	3.39GB/5.73GB (59.1%)
2021-11-09T15:30:48.980+0000	[##############..........] benchmark.NoBench	3.41GB/5.73GB (59.4%)
2021-11-09T15:30:51.981+0000	[##############..........] benchmark.NoBench	3.42GB/5.73GB (59.7%)
2021-11-09T15:30:54.981+0000	[##############..........] benchmark.NoBench	3.44GB/5.73GB (60.0%)
2021-11-09T15:30:57.980+0000	[##############..........] benchmark.NoBench	3.45GB/5.73GB (60.2%)
2021-11-09T15:31:00.985+0000	[##############..........] benchmark.NoBench	3.47GB/5.73GB (60.5%)
2021-11-09T15:31:03.983+0000	[##############..........] benchmark.NoBench	3.49GB/5.73GB (60.8%)
2021-11-09T15:31:06.980+0000	[##############..........] benchmark.NoBench	3.50GB/5.73GB (61.0%)
2021-11-09T15:31:09.981+0000	[##############..........] benchmark.NoBench	3.52GB/5.73GB (61.3%)
2021-11-09T15:31:12.981+0000	[##############..........] benchmark.NoBench	3.53GB/5.73GB (61.6%)
2021-11-09T15:31:15.981+0000	[##############..........] benchmark.NoBench	3.55GB/5.73GB (61.9%)
2021-11-09T15:31:18.981+0000	[##############..........] benchmark.NoBench	3.57GB/5.73GB (62.2%)
2021-11-09T15:31:21.983+0000	[##############..........] benchmark.NoBench	3.58GB/5.73GB (62.5%)
2021-11-09T15:31:24.981+0000	[###############.........] benchmark.NoBench	3.60GB/5.73GB (62.7%)
2021-11-09T15:31:27.981+0000	[###############.........] benchmark.NoBench	3.61GB/5.73GB (63.0%)
2021-11-09T15:31:30.981+0000	[###############.........] benchmark.NoBench	3.63GB/5.73GB (63.3%)
2021-11-09T15:31:33.981+0000	[###############.........] benchmark.NoBench	3.64GB/5.73GB (63.6%)
2021-11-09T15:31:36.980+0000	[###############.........] benchmark.NoBench	3.66GB/5.73GB (63.8%)
2021-11-09T15:31:39.981+0000	[###############.........] benchmark.NoBench	3.68GB/5.73GB (64.1%)
2021-11-09T15:31:42.980+0000	[###############.........] benchmark.NoBench	3.69GB/5.73GB (64.4%)
2021-11-09T15:31:45.980+0000	[###############.........] benchmark.NoBench	3.71GB/5.73GB (64.7%)
2021-11-09T15:31:48.981+0000	[###############.........] benchmark.NoBench	3.72GB/5.73GB (65.0%)
2021-11-09T15:31:51.980+0000	[###############.........] benchmark.NoBench	3.74GB/5.73GB (65.2%)
2021-11-09T15:31:54.980+0000	[###############.........] benchmark.NoBench	3.76GB/5.73GB (65.5%)
2021-11-09T15:31:57.981+0000	[###############.........] benchmark.NoBench	3.77GB/5.73GB (65.8%)
2021-11-09T15:32:00.980+0000	[###############.........] benchmark.NoBench	3.79GB/5.73GB (66.1%)
2021-11-09T15:32:03.983+0000	[###############.........] benchmark.NoBench	3.80GB/5.73GB (66.3%)
2021-11-09T15:32:06.980+0000	[###############.........] benchmark.NoBench	3.82GB/5.73GB (66.6%)
2021-11-09T15:32:09.981+0000	[################........] benchmark.NoBench	3.84GB/5.73GB (66.9%)
2021-11-09T15:32:12.980+0000	[################........] benchmark.NoBench	3.85GB/5.73GB (67.2%)
2021-11-09T15:32:15.980+0000	[################........] benchmark.NoBench	3.87GB/5.73GB (67.5%)
2021-11-09T15:32:18.981+0000	[################........] benchmark.NoBench	3.88GB/5.73GB (67.7%)
2021-11-09T15:32:21.989+0000	[################........] benchmark.NoBench	3.90GB/5.73GB (68.0%)
2021-11-09T15:32:24.980+0000	[################........] benchmark.NoBench	3.91GB/5.73GB (68.3%)
2021-11-09T15:32:27.980+0000	[################........] benchmark.NoBench	3.93GB/5.73GB (68.5%)
2021-11-09T15:32:30.981+0000	[################........] benchmark.NoBench	3.95GB/5.73GB (68.8%)
2021-11-09T15:32:33.982+0000	[################........] benchmark.NoBench	3.96GB/5.73GB (69.1%)
2021-11-09T15:32:36.980+0000	[################........] benchmark.NoBench	3.98GB/5.73GB (69.3%)
2021-11-09T15:32:39.980+0000	[################........] benchmark.NoBench	3.99GB/5.73GB (69.6%)
2021-11-09T15:32:42.980+0000	[################........] benchmark.NoBench	4.01GB/5.73GB (69.9%)
2021-11-09T15:32:45.981+0000	[################........] benchmark.NoBench	4.02GB/5.73GB (70.1%)
2021-11-09T15:32:48.982+0000	[################........] benchmark.NoBench	4.04GB/5.73GB (70.4%)
2021-11-09T15:32:51.981+0000	[################........] benchmark.NoBench	4.05GB/5.73GB (70.7%)
2021-11-09T15:32:54.981+0000	[#################.......] benchmark.NoBench	4.07GB/5.73GB (71.0%)
2021-11-09T15:32:57.980+0000	[#################.......] benchmark.NoBench	4.09GB/5.73GB (71.3%)
2021-11-09T15:33:00.980+0000	[#################.......] benchmark.NoBench	4.10GB/5.73GB (71.5%)
2021-11-09T15:33:03.981+0000	[#################.......] benchmark.NoBench	4.12GB/5.73GB (71.8%)
2021-11-09T15:33:06.980+0000	[#################.......] benchmark.NoBench	4.13GB/5.73GB (72.1%)
2021-11-09T15:33:09.980+0000	[#################.......] benchmark.NoBench	4.15GB/5.73GB (72.4%)
2021-11-09T15:33:12.983+0000	[#################.......] benchmark.NoBench	4.17GB/5.73GB (72.7%)
2021-11-09T15:33:15.980+0000	[#################.......] benchmark.NoBench	4.18GB/5.73GB (73.0%)
2021-11-09T15:33:18.980+0000	[#################.......] benchmark.NoBench	4.20GB/5.73GB (73.3%)
2021-11-09T15:33:21.980+0000	[#################.......] benchmark.NoBench	4.22GB/5.73GB (73.6%)
2021-11-09T15:33:24.980+0000	[#################.......] benchmark.NoBench	4.24GB/5.73GB (73.9%)
2021-11-09T15:33:27.980+0000	[#################.......] benchmark.NoBench	4.25GB/5.73GB (74.2%)
2021-11-09T15:33:30.984+0000	[#################.......] benchmark.NoBench	4.27GB/5.73GB (74.4%)
2021-11-09T15:33:33.981+0000	[#################.......] benchmark.NoBench	4.28GB/5.73GB (74.7%)
2021-11-09T15:33:36.980+0000	[#################.......] benchmark.NoBench	4.30GB/5.73GB (75.0%)
2021-11-09T15:33:39.980+0000	[##################......] benchmark.NoBench	4.31GB/5.73GB (75.2%)
2021-11-09T15:33:42.981+0000	[##################......] benchmark.NoBench	4.33GB/5.73GB (75.5%)
2021-11-09T15:33:45.981+0000	[##################......] benchmark.NoBench	4.35GB/5.73GB (75.8%)
2021-11-09T15:33:48.981+0000	[##################......] benchmark.NoBench	4.36GB/5.73GB (76.1%)
2021-11-09T15:33:51.980+0000	[##################......] benchmark.NoBench	4.38GB/5.73GB (76.4%)
2021-11-09T15:33:54.981+0000	[##################......] benchmark.NoBench	4.39GB/5.73GB (76.6%)
2021-11-09T15:33:57.981+0000	[##################......] benchmark.NoBench	4.41GB/5.73GB (76.9%)
2021-11-09T15:34:00.981+0000	[##################......] benchmark.NoBench	4.42GB/5.73GB (77.2%)
2021-11-09T15:34:03.981+0000	[##################......] benchmark.NoBench	4.44GB/5.73GB (77.4%)
2021-11-09T15:34:06.980+0000	[##################......] benchmark.NoBench	4.46GB/5.73GB (77.7%)
2021-11-09T15:34:09.980+0000	[##################......] benchmark.NoBench	4.47GB/5.73GB (78.0%)
2021-11-09T15:34:12.980+0000	[##################......] benchmark.NoBench	4.49GB/5.73GB (78.3%)
2021-11-09T15:34:15.980+0000	[##################......] benchmark.NoBench	4.50GB/5.73GB (78.6%)
2021-11-09T15:34:18.981+0000	[##################......] benchmark.NoBench	4.52GB/5.73GB (78.9%)
2021-11-09T15:34:21.980+0000	[###################.....] benchmark.NoBench	4.54GB/5.73GB (79.2%)
2021-11-09T15:34:24.981+0000	[###################.....] benchmark.NoBench	4.56GB/5.73GB (79.5%)
2021-11-09T15:34:27.982+0000	[###################.....] benchmark.NoBench	4.57GB/5.73GB (79.8%)
2021-11-09T15:34:30.981+0000	[###################.....] benchmark.NoBench	4.59GB/5.73GB (80.0%)
2021-11-09T15:34:33.981+0000	[###################.....] benchmark.NoBench	4.60GB/5.73GB (80.3%)
2021-11-09T15:34:36.980+0000	[###################.....] benchmark.NoBench	4.62GB/5.73GB (80.6%)
2021-11-09T15:34:39.981+0000	[###################.....] benchmark.NoBench	4.64GB/5.73GB (80.9%)
2021-11-09T15:34:42.981+0000	[###################.....] benchmark.NoBench	4.65GB/5.73GB (81.1%)
2021-11-09T15:34:45.980+0000	[###################.....] benchmark.NoBench	4.67GB/5.73GB (81.4%)
2021-11-09T15:34:48.980+0000	[###################.....] benchmark.NoBench	4.68GB/5.73GB (81.7%)
2021-11-09T15:34:51.980+0000	[###################.....] benchmark.NoBench	4.70GB/5.73GB (81.9%)
2021-11-09T15:34:54.981+0000	[###################.....] benchmark.NoBench	4.72GB/5.73GB (82.2%)
2021-11-09T15:34:57.981+0000	[###################.....] benchmark.NoBench	4.73GB/5.73GB (82.5%)
2021-11-09T15:35:00.981+0000	[###################.....] benchmark.NoBench	4.75GB/5.73GB (82.8%)
2021-11-09T15:35:03.981+0000	[###################.....] benchmark.NoBench	4.76GB/5.73GB (83.1%)
2021-11-09T15:35:06.980+0000	[####################....] benchmark.NoBench	4.78GB/5.73GB (83.4%)
2021-11-09T15:35:09.981+0000	[####################....] benchmark.NoBench	4.80GB/5.73GB (83.7%)
2021-11-09T15:35:12.980+0000	[####################....] benchmark.NoBench	4.81GB/5.73GB (83.9%)
2021-11-09T15:35:15.980+0000	[####################....] benchmark.NoBench	4.83GB/5.73GB (84.2%)
2021-11-09T15:35:18.980+0000	[####################....] benchmark.NoBench	4.85GB/5.73GB (84.5%)
2021-11-09T15:35:21.981+0000	[####################....] benchmark.NoBench	4.86GB/5.73GB (84.8%)
2021-11-09T15:35:24.983+0000	[####################....] benchmark.NoBench	4.88GB/5.73GB (85.1%)
2021-11-09T15:35:27.980+0000	[####################....] benchmark.NoBench	4.89GB/5.73GB (85.4%)
2021-11-09T15:35:30.981+0000	[####################....] benchmark.NoBench	4.91GB/5.73GB (85.6%)
2021-11-09T15:35:33.980+0000	[####################....] benchmark.NoBench	4.93GB/5.73GB (85.9%)
2021-11-09T15:35:36.981+0000	[####################....] benchmark.NoBench	4.94GB/5.73GB (86.2%)
2021-11-09T15:35:39.980+0000	[####################....] benchmark.NoBench	4.96GB/5.73GB (86.5%)
2021-11-09T15:35:42.982+0000	[####################....] benchmark.NoBench	4.98GB/5.73GB (86.8%)
2021-11-09T15:35:45.980+0000	[####################....] benchmark.NoBench	4.99GB/5.73GB (87.1%)
2021-11-09T15:35:48.981+0000	[####################....] benchmark.NoBench	5.01GB/5.73GB (87.3%)
2021-11-09T15:35:51.980+0000	[#####################...] benchmark.NoBench	5.02GB/5.73GB (87.6%)
2021-11-09T15:35:54.980+0000	[#####################...] benchmark.NoBench	5.04GB/5.73GB (87.9%)
2021-11-09T15:35:57.981+0000	[#####################...] benchmark.NoBench	5.06GB/5.73GB (88.2%)
2021-11-09T15:36:00.980+0000	[#####################...] benchmark.NoBench	5.07GB/5.73GB (88.5%)
2021-11-09T15:36:03.983+0000	[#####################...] benchmark.NoBench	5.09GB/5.73GB (88.8%)
2021-11-09T15:36:06.980+0000	[#####################...] benchmark.NoBench	5.11GB/5.73GB (89.0%)
2021-11-09T15:36:09.983+0000	[#####################...] benchmark.NoBench	5.12GB/5.73GB (89.3%)
2021-11-09T15:36:12.980+0000	[#####################...] benchmark.NoBench	5.14GB/5.73GB (89.6%)
2021-11-09T15:36:15.980+0000	[#####################...] benchmark.NoBench	5.15GB/5.73GB (89.9%)
2021-11-09T15:36:18.980+0000	[#####################...] benchmark.NoBench	5.17GB/5.73GB (90.1%)
2021-11-09T15:36:21.981+0000	[#####################...] benchmark.NoBench	5.19GB/5.73GB (90.5%)
2021-11-09T15:36:24.980+0000	[#####################...] benchmark.NoBench	5.20GB/5.73GB (90.7%)
2021-11-09T15:36:27.980+0000	[#####################...] benchmark.NoBench	5.22GB/5.73GB (91.0%)
2021-11-09T15:36:30.981+0000	[#####################...] benchmark.NoBench	5.23GB/5.73GB (91.3%)
2021-11-09T15:36:33.980+0000	[#####################...] benchmark.NoBench	5.25GB/5.73GB (91.6%)
2021-11-09T15:36:36.980+0000	[######################..] benchmark.NoBench	5.27GB/5.73GB (91.8%)
2021-11-09T15:36:39.980+0000	[######################..] benchmark.NoBench	5.28GB/5.73GB (92.1%)
2021-11-09T15:36:42.981+0000	[######################..] benchmark.NoBench	5.30GB/5.73GB (92.4%)
2021-11-09T15:36:45.981+0000	[######################..] benchmark.NoBench	5.31GB/5.73GB (92.7%)
2021-11-09T15:36:48.983+0000	[######################..] benchmark.NoBench	5.33GB/5.73GB (92.9%)
2021-11-09T15:36:51.980+0000	[######################..] benchmark.NoBench	5.34GB/5.73GB (93.2%)
2021-11-09T15:36:54.981+0000	[######################..] benchmark.NoBench	5.36GB/5.73GB (93.5%)
2021-11-09T15:36:57.981+0000	[######################..] benchmark.NoBench	5.38GB/5.73GB (93.8%)
2021-11-09T15:37:00.980+0000	[######################..] benchmark.NoBench	5.39GB/5.73GB (94.1%)
2021-11-09T15:37:03.981+0000	[######################..] benchmark.NoBench	5.41GB/5.73GB (94.3%)
2021-11-09T15:37:06.980+0000	[######################..] benchmark.NoBench	5.42GB/5.73GB (94.6%)
2021-11-09T15:37:09.981+0000	[######################..] benchmark.NoBench	5.44GB/5.73GB (94.9%)
2021-11-09T15:37:12.980+0000	[######################..] benchmark.NoBench	5.46GB/5.73GB (95.2%)
2021-11-09T15:37:15.981+0000	[######################..] benchmark.NoBench	5.47GB/5.73GB (95.4%)
2021-11-09T15:37:18.981+0000	[######################..] benchmark.NoBench	5.49GB/5.73GB (95.7%)
2021-11-09T15:37:21.980+0000	[#######################.] benchmark.NoBench	5.50GB/5.73GB (96.0%)
2021-11-09T15:37:24.980+0000	[#######################.] benchmark.NoBench	5.52GB/5.73GB (96.3%)
2021-11-09T15:37:27.980+0000	[#######################.] benchmark.NoBench	5.54GB/5.73GB (96.6%)
2021-11-09T15:37:30.981+0000	[#######################.] benchmark.NoBench	5.56GB/5.73GB (96.9%)
2021-11-09T15:37:33.980+0000	[#######################.] benchmark.NoBench	5.57GB/5.73GB (97.2%)
2021-11-09T15:37:36.982+0000	[#######################.] benchmark.NoBench	5.59GB/5.73GB (97.4%)
2021-11-09T15:37:39.980+0000	[#######################.] benchmark.NoBench	5.60GB/5.73GB (97.7%)
2021-11-09T15:37:42.980+0000	[#######################.] benchmark.NoBench	5.62GB/5.73GB (98.0%)
2021-11-09T15:37:45.981+0000	[#######################.] benchmark.NoBench	5.63GB/5.73GB (98.3%)
2021-11-09T15:37:48.980+0000	[#######################.] benchmark.NoBench	5.65GB/5.73GB (98.5%)
2021-11-09T15:37:51.980+0000	[#######################.] benchmark.NoBench	5.67GB/5.73GB (98.8%)
2021-11-09T15:37:54.980+0000	[#######################.] benchmark.NoBench	5.68GB/5.73GB (99.1%)
2021-11-09T15:37:57.981+0000	[#######################.] benchmark.NoBench	5.70GB/5.73GB (99.4%)
2021-11-09T15:38:00.980+0000	[#######################.] benchmark.NoBench	5.72GB/5.73GB (99.7%)
2021-11-09T15:38:03.989+0000	[#######################.] benchmark.NoBench	5.73GB/5.73GB (100.0%)
2021-11-09T15:38:04.556+0000	[########################] benchmark.NoBench	5.73GB/5.73GB (100.0%)
2021-11-09T15:38:04.556+0000	10000000 document(s) imported successfully. 0 document(s) failed to import.
mongo-benchmark
MongoDB: 1509.57 s
mongo-benchmark
=== Found Postgres query file, executing Postgres queries ===
= File:'NoBench.json' =
13.4-alpine: Pulling from library/postgres
Digest: sha256:c170270dc9ba94f491375e366fa2cf46d0bc0027e4a69d70e6e9d1454ba748dc
Status: Image is up to date for postgres:13.4-alpine
7f5adccebf106bd7ad381ee2a61abafa821a87eb2ce853c1d27907253640fefe
3
PSQL: 353.633 s
psql-benchmark
=== Results ===
= JQ =
Overall: 
= JODA =
Overall: 34.2396
Query Time: 9.01862
1.154775144
0.955504128
1.100907908
0.890487801
0.913751758
0.449202853
0.898644357
0.887274269
0.879337424
0.888733788
= Mongo =
Overall: 1509.57
25.526
41.778
54.279
39.828
50.046
29.909
52.916
50.845
40.908
31.557
Query Time: 417.592
= PostgreSQL =
Overall: 353.633
=== AGG Results ===
= JQ =

= JODA =
10000000
3472172
7963856
7957515
4091463
1304726
186632
621867
196486
67997
2294
= Mongo =
3472172
7963856
7957515
4091463
1304726
186632
621867
196486
67997
2294
= PostgreSQL =
 3472172
 7963856
 7957515
 4091463
 1304726
 186632
 621867
 196486
 67997
  2294
