=== Found JODA query file, executing JODA queries ===
= File:'Twitter.json' =
0.12.4: Pulling from nicotin/joda
Digest: sha256:b253680f2c5ee1118e2c282e0c4ebff5cb6e87643fb98abcf1e686caaa35152a
Status: Image is up to date for nicotin/joda:0.12.4
96f91fc90bbb4212fba6c099ae2ec375b9a1d16dd003997cf40fda00644f71b5
0
JODA: 91.4301 s
joda-benchmark
=== Results ===
= JQ =
Overall: 
= JODA =
Overall: 91.4301
Query Time: 20.3509
5.747449211
3.245320651
2.454756541
3.208380444
1.643561412
1.035343249
0.994927119
0.521031817
0.321163287
1.178922173
= Mongo =
Overall: 

Query Time: 
= PostgreSQL =
Overall: 
=== AGG Results ===
= JQ =

= JODA =
13346336
10691615
9205553
6390094
6383140
4368837
2404079
4376017
1971939
1644148
5073309
= Mongo =

= PostgreSQL =

