=== Found JODA query file, executing JODA queries ===
= File:'Twitter.json' =
0.12.4: Pulling from nicotin/joda
Digest: sha256:b253680f2c5ee1118e2c282e0c4ebff5cb6e87643fb98abcf1e686caaa35152a
Status: Image is up to date for nicotin/joda:0.12.4
4657bae014d4502851f8fc4d617df2b24ae87a254cd766ccef0d8b48fa1bccff
0
JODA: 101.516 s
joda-benchmark
=== Results ===
= JQ =
Overall: 
= JODA =
Overall: 101.516
Query Time: 18.5738
6.681694505
2.946574308
1.505761327
1.924947335
1.792405296
1.121075971
0.812120497
0.325309389
0.718973541
0.744888361
= Mongo =
Overall: 

Query Time: 
= PostgreSQL =
Overall: 
=== AGG Results ===
= JQ =

= JODA =
13346336
5073309
5009107
5073309
11360618
10691615
4682782
4124179
982988
2689798
5073309
= Mongo =

= PostgreSQL =

