=== Found JODA query file, executing JODA queries ===
= File:'Twitter.json' =
0.12.4: Pulling from nicotin/joda
Digest: sha256:b253680f2c5ee1118e2c282e0c4ebff5cb6e87643fb98abcf1e686caaa35152a
Status: Image is up to date for nicotin/joda:0.12.4
04c08abd0324a922c0cb05e201d79d51dd865d94e723509ac780b0a354431632
0
JODA: 150.213 s
joda-benchmark
=== Results ===
= JQ =
Overall: 
= JODA =
Overall: 150.213
Query Time: 46.2775
4.073414653
6.025263897
8.378965033
1.173719224
2.372938748
0.210268511
4.523310367
12.067913891
7.111058675
0.340632914
= Mongo =
Overall: 

Query Time: 
= PostgreSQL =
Overall: 
=== AGG Results ===
= JQ =

= JODA =
13346336
10691615
5073309
4100646
2819463
1555935
382221
10691615
7254179
2969135
2005464
= Mongo =

= PostgreSQL =

