=== Found JODA query file, executing JODA queries ===
= File:'Twitter.json' =
0.12.2: Pulling from nicotin/joda
Digest: sha256:f5e9052c3cc1af5f34dcaa9442d46f2baf40a6a1b6fc3a0d59558d49b5ec8fcf
Status: Image is up to date for nicotin/joda:0.12.2
7115f24b5a6462acb91a27442cca9f0a5bc5fd34fc31fa55bb87d22d6e82a8f0
0
JODA: 140.876 s
joda-benchmark
=== Found MongoDB query file, executing MongoDB queries ===
= File:'Twitter.json' =
5.0.3-focal: Pulling from library/mongo
Digest: sha256:f7c401402aa3e689fc42c7109247ab2d5a3e3b4b8a3ace4c2bf7a5fc74ca4917
Status: Image is up to date for mongo:5.0.3-focal
f15984cf0fe2b21954b6f7d55b20f4a1509b46918a4f7de2addddd216d3888e7
2021-10-22T23:21:17.759+0000	connected to: mongodb://localhost/
2021-10-22T23:21:20.760+0000	[........................] benchmark.Twitter	56.6MB/49.1GB (0.1%)
2021-10-22T23:21:23.759+0000	[........................] benchmark.Twitter	120MB/49.1GB (0.2%)
2021-10-22T23:21:26.760+0000	[........................] benchmark.Twitter	184MB/49.1GB (0.4%)
2021-10-22T23:21:29.759+0000	[........................] benchmark.Twitter	247MB/49.1GB (0.5%)
2021-10-22T23:21:32.760+0000	[........................] benchmark.Twitter	310MB/49.1GB (0.6%)
2021-10-22T23:21:35.759+0000	[........................] benchmark.Twitter	374MB/49.1GB (0.7%)
2021-10-22T23:21:38.760+0000	[........................] benchmark.Twitter	437MB/49.1GB (0.9%)
2021-10-22T23:21:41.760+0000	[........................] benchmark.Twitter	502MB/49.1GB (1.0%)
2021-10-22T23:21:44.760+0000	[........................] benchmark.Twitter	568MB/49.1GB (1.1%)
2021-10-22T23:21:47.759+0000	[........................] benchmark.Twitter	636MB/49.1GB (1.3%)
2021-10-22T23:21:50.759+0000	[........................] benchmark.Twitter	700MB/49.1GB (1.4%)
2021-10-22T23:21:53.760+0000	[........................] benchmark.Twitter	764MB/49.1GB (1.5%)
2021-10-22T23:21:56.760+0000	[........................] benchmark.Twitter	826MB/49.1GB (1.6%)
2021-10-22T23:21:59.759+0000	[........................] benchmark.Twitter	892MB/49.1GB (1.8%)
2021-10-22T23:22:02.760+0000	[........................] benchmark.Twitter	956MB/49.1GB (1.9%)
2021-10-22T23:22:05.760+0000	[........................] benchmark.Twitter	1020MB/49.1GB (2.0%)
2021-10-22T23:22:08.760+0000	[........................] benchmark.Twitter	1.06GB/49.1GB (2.2%)
2021-10-22T23:22:11.759+0000	[........................] benchmark.Twitter	1.12GB/49.1GB (2.3%)
2021-10-22T23:22:14.760+0000	[........................] benchmark.Twitter	1.18GB/49.1GB (2.4%)
2021-10-22T23:22:17.760+0000	[........................] benchmark.Twitter	1.24GB/49.1GB (2.5%)
2021-10-22T23:22:20.759+0000	[........................] benchmark.Twitter	1.31GB/49.1GB (2.7%)
2021-10-22T23:22:23.760+0000	[........................] benchmark.Twitter	1.37GB/49.1GB (2.8%)
2021-10-22T23:22:26.759+0000	[........................] benchmark.Twitter	1.43GB/49.1GB (2.9%)
2021-10-22T23:22:29.760+0000	[........................] benchmark.Twitter	1.50GB/49.1GB (3.0%)
2021-10-22T23:22:32.760+0000	[........................] benchmark.Twitter	1.56GB/49.1GB (3.2%)
2021-10-22T23:22:35.760+0000	[........................] benchmark.Twitter	1.62GB/49.1GB (3.3%)
2021-10-22T23:22:38.759+0000	[........................] benchmark.Twitter	1.68GB/49.1GB (3.4%)
2021-10-22T23:22:41.760+0000	[........................] benchmark.Twitter	1.74GB/49.1GB (3.5%)
2021-10-22T23:22:44.760+0000	[........................] benchmark.Twitter	1.81GB/49.1GB (3.7%)
2021-10-22T23:22:47.760+0000	[........................] benchmark.Twitter	1.87GB/49.1GB (3.8%)
2021-10-22T23:22:50.759+0000	[........................] benchmark.Twitter	1.93GB/49.1GB (3.9%)
2021-10-22T23:22:53.760+0000	[........................] benchmark.Twitter	1.99GB/49.1GB (4.1%)
2021-10-22T23:22:56.760+0000	[........................] benchmark.Twitter	2.05GB/49.1GB (4.2%)
2021-10-22T23:22:59.760+0000	[#.......................] benchmark.Twitter	2.10GB/49.1GB (4.3%)
2021-10-22T23:23:02.759+0000	[#.......................] benchmark.Twitter	2.15GB/49.1GB (4.4%)
2021-10-22T23:23:05.759+0000	[#.......................] benchmark.Twitter	2.20GB/49.1GB (4.5%)
2021-10-22T23:23:08.759+0000	[#.......................] benchmark.Twitter	2.25GB/49.1GB (4.6%)
2021-10-22T23:23:11.759+0000	[#.......................] benchmark.Twitter	2.30GB/49.1GB (4.7%)
2021-10-22T23:23:14.759+0000	[#.......................] benchmark.Twitter	2.36GB/49.1GB (4.8%)
2021-10-22T23:23:17.759+0000	[#.......................] benchmark.Twitter	2.42GB/49.1GB (4.9%)
2021-10-22T23:23:20.761+0000	[#.......................] benchmark.Twitter	2.49GB/49.1GB (5.1%)
2021-10-22T23:23:23.759+0000	[#.......................] benchmark.Twitter	2.55GB/49.1GB (5.2%)
2021-10-22T23:23:26.759+0000	[#.......................] benchmark.Twitter	2.61GB/49.1GB (5.3%)
2021-10-22T23:23:29.760+0000	[#.......................] benchmark.Twitter	2.68GB/49.1GB (5.4%)
2021-10-22T23:23:32.760+0000	[#.......................] benchmark.Twitter	2.74GB/49.1GB (5.6%)
2021-10-22T23:23:35.760+0000	[#.......................] benchmark.Twitter	2.80GB/49.1GB (5.7%)
2021-10-22T23:23:38.760+0000	[#.......................] benchmark.Twitter	2.86GB/49.1GB (5.8%)
2021-10-22T23:23:41.760+0000	[#.......................] benchmark.Twitter	2.93GB/49.1GB (6.0%)
2021-10-22T23:23:44.760+0000	[#.......................] benchmark.Twitter	2.99GB/49.1GB (6.1%)
2021-10-22T23:23:47.759+0000	[#.......................] benchmark.Twitter	3.05GB/49.1GB (6.2%)
2021-10-22T23:23:50.759+0000	[#.......................] benchmark.Twitter	3.11GB/49.1GB (6.3%)
2021-10-22T23:23:53.759+0000	[#.......................] benchmark.Twitter	3.18GB/49.1GB (6.5%)
2021-10-22T23:23:56.760+0000	[#.......................] benchmark.Twitter	3.24GB/49.1GB (6.6%)
2021-10-22T23:23:59.760+0000	[#.......................] benchmark.Twitter	3.31GB/49.1GB (6.7%)
2021-10-22T23:24:02.760+0000	[#.......................] benchmark.Twitter	3.37GB/49.1GB (6.9%)
2021-10-22T23:24:05.760+0000	[#.......................] benchmark.Twitter	3.44GB/49.1GB (7.0%)
2021-10-22T23:24:08.759+0000	[#.......................] benchmark.Twitter	3.50GB/49.1GB (7.1%)
2021-10-22T23:24:11.759+0000	[#.......................] benchmark.Twitter	3.56GB/49.1GB (7.3%)
2021-10-22T23:24:14.759+0000	[#.......................] benchmark.Twitter	3.63GB/49.1GB (7.4%)
2021-10-22T23:24:17.760+0000	[#.......................] benchmark.Twitter	3.69GB/49.1GB (7.5%)
2021-10-22T23:24:20.760+0000	[#.......................] benchmark.Twitter	3.75GB/49.1GB (7.6%)
2021-10-22T23:24:23.759+0000	[#.......................] benchmark.Twitter	3.82GB/49.1GB (7.8%)
2021-10-22T23:24:26.759+0000	[#.......................] benchmark.Twitter	3.88GB/49.1GB (7.9%)
2021-10-22T23:24:29.759+0000	[#.......................] benchmark.Twitter	3.95GB/49.1GB (8.0%)
2021-10-22T23:24:32.759+0000	[#.......................] benchmark.Twitter	4.01GB/49.1GB (8.2%)
2021-10-22T23:24:35.764+0000	[#.......................] benchmark.Twitter	4.07GB/49.1GB (8.3%)
2021-10-22T23:24:38.760+0000	[##......................] benchmark.Twitter	4.14GB/49.1GB (8.4%)
2021-10-22T23:24:41.759+0000	[##......................] benchmark.Twitter	4.20GB/49.1GB (8.5%)
2021-10-22T23:24:44.759+0000	[##......................] benchmark.Twitter	4.26GB/49.1GB (8.7%)
2021-10-22T23:24:47.759+0000	[##......................] benchmark.Twitter	4.33GB/49.1GB (8.8%)
2021-10-22T23:24:50.760+0000	[##......................] benchmark.Twitter	4.39GB/49.1GB (8.9%)
2021-10-22T23:24:53.760+0000	[##......................] benchmark.Twitter	4.46GB/49.1GB (9.1%)
2021-10-22T23:24:56.760+0000	[##......................] benchmark.Twitter	4.52GB/49.1GB (9.2%)
2021-10-22T23:24:59.759+0000	[##......................] benchmark.Twitter	4.58GB/49.1GB (9.3%)
2021-10-22T23:25:02.760+0000	[##......................] benchmark.Twitter	4.64GB/49.1GB (9.5%)
2021-10-22T23:25:05.759+0000	[##......................] benchmark.Twitter	4.71GB/49.1GB (9.6%)
2021-10-22T23:25:08.760+0000	[##......................] benchmark.Twitter	4.77GB/49.1GB (9.7%)
2021-10-22T23:25:11.759+0000	[##......................] benchmark.Twitter	4.83GB/49.1GB (9.8%)
2021-10-22T23:25:14.761+0000	[##......................] benchmark.Twitter	4.90GB/49.1GB (10.0%)
2021-10-22T23:25:17.760+0000	[##......................] benchmark.Twitter	4.96GB/49.1GB (10.1%)
2021-10-22T23:25:20.760+0000	[##......................] benchmark.Twitter	5.03GB/49.1GB (10.2%)
2021-10-22T23:25:23.759+0000	[##......................] benchmark.Twitter	5.09GB/49.1GB (10.4%)
2021-10-22T23:25:26.759+0000	[##......................] benchmark.Twitter	5.15GB/49.1GB (10.5%)
2021-10-22T23:25:29.764+0000	[##......................] benchmark.Twitter	5.22GB/49.1GB (10.6%)
2021-10-22T23:25:32.759+0000	[##......................] benchmark.Twitter	5.28GB/49.1GB (10.7%)
2021-10-22T23:25:35.760+0000	[##......................] benchmark.Twitter	5.33GB/49.1GB (10.8%)
2021-10-22T23:25:38.760+0000	[##......................] benchmark.Twitter	5.39GB/49.1GB (11.0%)
2021-10-22T23:25:41.759+0000	[##......................] benchmark.Twitter	5.44GB/49.1GB (11.1%)
2021-10-22T23:25:44.759+0000	[##......................] benchmark.Twitter	5.50GB/49.1GB (11.2%)
2021-10-22T23:25:47.759+0000	[##......................] benchmark.Twitter	5.56GB/49.1GB (11.3%)
2021-10-22T23:25:50.760+0000	[##......................] benchmark.Twitter	5.62GB/49.1GB (11.4%)
2021-10-22T23:25:53.759+0000	[##......................] benchmark.Twitter	5.67GB/49.1GB (11.5%)
2021-10-22T23:25:56.759+0000	[##......................] benchmark.Twitter	5.73GB/49.1GB (11.7%)
2021-10-22T23:25:59.759+0000	[##......................] benchmark.Twitter	5.78GB/49.1GB (11.8%)
2021-10-22T23:26:02.760+0000	[##......................] benchmark.Twitter	5.84GB/49.1GB (11.9%)
2021-10-22T23:26:05.761+0000	[##......................] benchmark.Twitter	5.89GB/49.1GB (12.0%)
2021-10-22T23:26:08.760+0000	[##......................] benchmark.Twitter	5.95GB/49.1GB (12.1%)
2021-10-22T23:26:11.759+0000	[##......................] benchmark.Twitter	6.01GB/49.1GB (12.2%)
2021-10-22T23:26:14.760+0000	[##......................] benchmark.Twitter	6.07GB/49.1GB (12.3%)
2021-10-22T23:26:17.759+0000	[##......................] benchmark.Twitter	6.13GB/49.1GB (12.5%)
2021-10-22T23:26:20.760+0000	[###.....................] benchmark.Twitter	6.19GB/49.1GB (12.6%)
2021-10-22T23:26:23.759+0000	[###.....................] benchmark.Twitter	6.25GB/49.1GB (12.7%)
2021-10-22T23:26:26.760+0000	[###.....................] benchmark.Twitter	6.32GB/49.1GB (12.9%)
2021-10-22T23:26:29.759+0000	[###.....................] benchmark.Twitter	6.38GB/49.1GB (13.0%)
2021-10-22T23:26:32.760+0000	[###.....................] benchmark.Twitter	6.44GB/49.1GB (13.1%)
2021-10-22T23:26:35.760+0000	[###.....................] benchmark.Twitter	6.50GB/49.1GB (13.2%)
2021-10-22T23:26:38.760+0000	[###.....................] benchmark.Twitter	6.57GB/49.1GB (13.4%)
2021-10-22T23:26:41.760+0000	[###.....................] benchmark.Twitter	6.63GB/49.1GB (13.5%)
2021-10-22T23:26:44.760+0000	[###.....................] benchmark.Twitter	6.69GB/49.1GB (13.6%)
2021-10-22T23:26:47.759+0000	[###.....................] benchmark.Twitter	6.76GB/49.1GB (13.8%)
2021-10-22T23:26:50.759+0000	[###.....................] benchmark.Twitter	6.82GB/49.1GB (13.9%)
2021-10-22T23:26:53.759+0000	[###.....................] benchmark.Twitter	6.88GB/49.1GB (14.0%)
2021-10-22T23:26:56.760+0000	[###.....................] benchmark.Twitter	6.95GB/49.1GB (14.1%)
2021-10-22T23:26:59.759+0000	[###.....................] benchmark.Twitter	7.01GB/49.1GB (14.3%)
2021-10-22T23:27:02.759+0000	[###.....................] benchmark.Twitter	7.08GB/49.1GB (14.4%)
2021-10-22T23:27:05.760+0000	[###.....................] benchmark.Twitter	7.14GB/49.1GB (14.5%)
2021-10-22T23:27:08.760+0000	[###.....................] benchmark.Twitter	7.20GB/49.1GB (14.7%)
2021-10-22T23:27:11.760+0000	[###.....................] benchmark.Twitter	7.27GB/49.1GB (14.8%)
2021-10-22T23:27:14.759+0000	[###.....................] benchmark.Twitter	7.33GB/49.1GB (14.9%)
2021-10-22T23:27:17.759+0000	[###.....................] benchmark.Twitter	7.39GB/49.1GB (15.0%)
2021-10-22T23:27:20.760+0000	[###.....................] benchmark.Twitter	7.46GB/49.1GB (15.2%)
2021-10-22T23:27:23.760+0000	[###.....................] benchmark.Twitter	7.52GB/49.1GB (15.3%)
2021-10-22T23:27:26.759+0000	[###.....................] benchmark.Twitter	7.58GB/49.1GB (15.4%)
2021-10-22T23:27:29.759+0000	[###.....................] benchmark.Twitter	7.65GB/49.1GB (15.6%)
2021-10-22T23:27:32.760+0000	[###.....................] benchmark.Twitter	7.71GB/49.1GB (15.7%)
2021-10-22T23:27:35.759+0000	[###.....................] benchmark.Twitter	7.78GB/49.1GB (15.8%)
2021-10-22T23:27:38.761+0000	[###.....................] benchmark.Twitter	7.84GB/49.1GB (16.0%)
2021-10-22T23:27:41.759+0000	[###.....................] benchmark.Twitter	7.90GB/49.1GB (16.1%)
2021-10-22T23:27:44.760+0000	[###.....................] benchmark.Twitter	7.97GB/49.1GB (16.2%)
2021-10-22T23:27:47.760+0000	[###.....................] benchmark.Twitter	8.03GB/49.1GB (16.3%)
2021-10-22T23:27:50.760+0000	[###.....................] benchmark.Twitter	8.09GB/49.1GB (16.5%)
2021-10-22T23:27:53.760+0000	[###.....................] benchmark.Twitter	8.16GB/49.1GB (16.6%)
2021-10-22T23:27:56.759+0000	[####....................] benchmark.Twitter	8.22GB/49.1GB (16.7%)
2021-10-22T23:27:59.760+0000	[####....................] benchmark.Twitter	8.29GB/49.1GB (16.9%)
2021-10-22T23:28:02.759+0000	[####....................] benchmark.Twitter	8.35GB/49.1GB (17.0%)
2021-10-22T23:28:05.760+0000	[####....................] benchmark.Twitter	8.42GB/49.1GB (17.1%)
2021-10-22T23:28:08.760+0000	[####....................] benchmark.Twitter	8.48GB/49.1GB (17.3%)
2021-10-22T23:28:11.759+0000	[####....................] benchmark.Twitter	8.54GB/49.1GB (17.4%)
2021-10-22T23:28:14.759+0000	[####....................] benchmark.Twitter	8.61GB/49.1GB (17.5%)
2021-10-22T23:28:17.760+0000	[####....................] benchmark.Twitter	8.67GB/49.1GB (17.6%)
2021-10-22T23:28:20.760+0000	[####....................] benchmark.Twitter	8.74GB/49.1GB (17.8%)
2021-10-22T23:28:23.759+0000	[####....................] benchmark.Twitter	8.80GB/49.1GB (17.9%)
2021-10-22T23:28:26.759+0000	[####....................] benchmark.Twitter	8.86GB/49.1GB (18.0%)
2021-10-22T23:28:29.759+0000	[####....................] benchmark.Twitter	8.91GB/49.1GB (18.1%)
2021-10-22T23:28:32.760+0000	[####....................] benchmark.Twitter	8.97GB/49.1GB (18.3%)
2021-10-22T23:28:35.765+0000	[####....................] benchmark.Twitter	9.03GB/49.1GB (18.4%)
2021-10-22T23:28:38.759+0000	[####....................] benchmark.Twitter	9.08GB/49.1GB (18.5%)
2021-10-22T23:28:41.760+0000	[####....................] benchmark.Twitter	9.13GB/49.1GB (18.6%)
2021-10-22T23:28:44.759+0000	[####....................] benchmark.Twitter	9.19GB/49.1GB (18.7%)
2021-10-22T23:28:47.762+0000	[####....................] benchmark.Twitter	9.24GB/49.1GB (18.8%)
2021-10-22T23:28:50.759+0000	[####....................] benchmark.Twitter	9.30GB/49.1GB (18.9%)
2021-10-22T23:28:53.760+0000	[####....................] benchmark.Twitter	9.36GB/49.1GB (19.0%)
2021-10-22T23:28:56.760+0000	[####....................] benchmark.Twitter	9.41GB/49.1GB (19.2%)
2021-10-22T23:28:59.760+0000	[####....................] benchmark.Twitter	9.46GB/49.1GB (19.3%)
2021-10-22T23:29:02.760+0000	[####....................] benchmark.Twitter	9.52GB/49.1GB (19.4%)
2021-10-22T23:29:05.760+0000	[####....................] benchmark.Twitter	9.58GB/49.1GB (19.5%)
2021-10-22T23:29:08.759+0000	[####....................] benchmark.Twitter	9.64GB/49.1GB (19.6%)
2021-10-22T23:29:11.759+0000	[####....................] benchmark.Twitter	9.70GB/49.1GB (19.7%)
2021-10-22T23:29:14.760+0000	[####....................] benchmark.Twitter	9.77GB/49.1GB (19.9%)
2021-10-22T23:29:17.759+0000	[####....................] benchmark.Twitter	9.83GB/49.1GB (20.0%)
2021-10-22T23:29:20.759+0000	[####....................] benchmark.Twitter	9.90GB/49.1GB (20.1%)
2021-10-22T23:29:23.759+0000	[####....................] benchmark.Twitter	9.96GB/49.1GB (20.3%)
2021-10-22T23:29:26.759+0000	[####....................] benchmark.Twitter	10.0GB/49.1GB (20.4%)
2021-10-22T23:29:29.760+0000	[####....................] benchmark.Twitter	10.1GB/49.1GB (20.5%)
2021-10-22T23:29:32.759+0000	[####....................] benchmark.Twitter	10.2GB/49.1GB (20.7%)
2021-10-22T23:29:35.760+0000	[####....................] benchmark.Twitter	10.2GB/49.1GB (20.8%)
2021-10-22T23:29:38.760+0000	[#####...................] benchmark.Twitter	10.3GB/49.1GB (20.9%)
2021-10-22T23:29:41.759+0000	[#####...................] benchmark.Twitter	10.3GB/49.1GB (21.1%)
2021-10-22T23:29:44.760+0000	[#####...................] benchmark.Twitter	10.4GB/49.1GB (21.2%)
2021-10-22T23:29:47.760+0000	[#####...................] benchmark.Twitter	10.5GB/49.1GB (21.3%)
2021-10-22T23:29:50.760+0000	[#####...................] benchmark.Twitter	10.5GB/49.1GB (21.5%)
2021-10-22T23:29:53.760+0000	[#####...................] benchmark.Twitter	10.6GB/49.1GB (21.6%)
2021-10-22T23:29:56.760+0000	[#####...................] benchmark.Twitter	10.7GB/49.1GB (21.7%)
2021-10-22T23:29:59.759+0000	[#####...................] benchmark.Twitter	10.7GB/49.1GB (21.8%)
2021-10-22T23:30:02.759+0000	[#####...................] benchmark.Twitter	10.8GB/49.1GB (22.0%)
2021-10-22T23:30:05.759+0000	[#####...................] benchmark.Twitter	10.9GB/49.1GB (22.1%)
2021-10-22T23:30:08.759+0000	[#####...................] benchmark.Twitter	10.9GB/49.1GB (22.2%)
2021-10-22T23:30:11.760+0000	[#####...................] benchmark.Twitter	11.0GB/49.1GB (22.4%)
2021-10-22T23:30:14.760+0000	[#####...................] benchmark.Twitter	11.1GB/49.1GB (22.5%)
2021-10-22T23:30:17.759+0000	[#####...................] benchmark.Twitter	11.1GB/49.1GB (22.6%)
2021-10-22T23:30:20.760+0000	[#####...................] benchmark.Twitter	11.2GB/49.1GB (22.8%)
2021-10-22T23:30:23.760+0000	[#####...................] benchmark.Twitter	11.2GB/49.1GB (22.9%)
2021-10-22T23:30:26.760+0000	[#####...................] benchmark.Twitter	11.3GB/49.1GB (23.0%)
2021-10-22T23:30:29.760+0000	[#####...................] benchmark.Twitter	11.4GB/49.1GB (23.1%)
2021-10-22T23:30:32.759+0000	[#####...................] benchmark.Twitter	11.4GB/49.1GB (23.3%)
2021-10-22T23:30:35.760+0000	[#####...................] benchmark.Twitter	11.5GB/49.1GB (23.4%)
2021-10-22T23:30:38.760+0000	[#####...................] benchmark.Twitter	11.6GB/49.1GB (23.5%)
2021-10-22T23:30:41.760+0000	[#####...................] benchmark.Twitter	11.6GB/49.1GB (23.7%)
2021-10-22T23:30:44.760+0000	[#####...................] benchmark.Twitter	11.7GB/49.1GB (23.8%)
2021-10-22T23:30:47.759+0000	[#####...................] benchmark.Twitter	11.8GB/49.1GB (23.9%)
2021-10-22T23:30:50.759+0000	[#####...................] benchmark.Twitter	11.8GB/49.1GB (24.0%)
2021-10-22T23:30:53.759+0000	[#####...................] benchmark.Twitter	11.9GB/49.1GB (24.2%)
2021-10-22T23:30:56.760+0000	[#####...................] benchmark.Twitter	11.9GB/49.1GB (24.3%)
2021-10-22T23:30:59.760+0000	[#####...................] benchmark.Twitter	12.0GB/49.1GB (24.4%)
2021-10-22T23:31:02.760+0000	[#####...................] benchmark.Twitter	12.1GB/49.1GB (24.5%)
2021-10-22T23:31:05.760+0000	[#####...................] benchmark.Twitter	12.1GB/49.1GB (24.7%)
2021-10-22T23:31:08.760+0000	[#####...................] benchmark.Twitter	12.2GB/49.1GB (24.8%)
2021-10-22T23:31:11.760+0000	[#####...................] benchmark.Twitter	12.2GB/49.1GB (24.9%)
2021-10-22T23:31:14.761+0000	[#####...................] benchmark.Twitter	12.3GB/49.1GB (25.0%)
2021-10-22T23:31:17.760+0000	[######..................] benchmark.Twitter	12.3GB/49.1GB (25.1%)
2021-10-22T23:31:20.760+0000	[######..................] benchmark.Twitter	12.4GB/49.1GB (25.2%)
2021-10-22T23:31:23.759+0000	[######..................] benchmark.Twitter	12.4GB/49.1GB (25.3%)
2021-10-22T23:31:26.759+0000	[######..................] benchmark.Twitter	12.5GB/49.1GB (25.4%)
2021-10-22T23:31:29.760+0000	[######..................] benchmark.Twitter	12.6GB/49.1GB (25.6%)
2021-10-22T23:31:32.759+0000	[######..................] benchmark.Twitter	12.6GB/49.1GB (25.7%)
2021-10-22T23:31:35.759+0000	[######..................] benchmark.Twitter	12.7GB/49.1GB (25.8%)
2021-10-22T23:31:38.759+0000	[######..................] benchmark.Twitter	12.8GB/49.1GB (26.0%)
2021-10-22T23:31:41.759+0000	[######..................] benchmark.Twitter	12.8GB/49.1GB (26.1%)
2021-10-22T23:31:44.759+0000	[######..................] benchmark.Twitter	12.9GB/49.1GB (26.2%)
2021-10-22T23:31:47.759+0000	[######..................] benchmark.Twitter	12.9GB/49.1GB (26.3%)
2021-10-22T23:31:50.759+0000	[######..................] benchmark.Twitter	13.0GB/49.1GB (26.5%)
2021-10-22T23:31:53.760+0000	[######..................] benchmark.Twitter	13.1GB/49.1GB (26.6%)
2021-10-22T23:31:56.759+0000	[######..................] benchmark.Twitter	13.1GB/49.1GB (26.7%)
2021-10-22T23:31:59.760+0000	[######..................] benchmark.Twitter	13.2GB/49.1GB (26.9%)
2021-10-22T23:32:02.759+0000	[######..................] benchmark.Twitter	13.3GB/49.1GB (27.0%)
2021-10-22T23:32:05.763+0000	[######..................] benchmark.Twitter	13.3GB/49.1GB (27.1%)
2021-10-22T23:32:08.759+0000	[######..................] benchmark.Twitter	13.4GB/49.1GB (27.3%)
2021-10-22T23:32:11.759+0000	[######..................] benchmark.Twitter	13.5GB/49.1GB (27.4%)
2021-10-22T23:32:14.760+0000	[######..................] benchmark.Twitter	13.5GB/49.1GB (27.5%)
2021-10-22T23:32:17.759+0000	[######..................] benchmark.Twitter	13.6GB/49.1GB (27.6%)
2021-10-22T23:32:20.759+0000	[######..................] benchmark.Twitter	13.7GB/49.1GB (27.8%)
2021-10-22T23:32:23.759+0000	[######..................] benchmark.Twitter	13.7GB/49.1GB (27.9%)
2021-10-22T23:32:26.760+0000	[######..................] benchmark.Twitter	13.8GB/49.1GB (28.0%)
2021-10-22T23:32:29.759+0000	[######..................] benchmark.Twitter	13.8GB/49.1GB (28.2%)
2021-10-22T23:32:32.774+0000	[######..................] benchmark.Twitter	13.9GB/49.1GB (28.3%)
2021-10-22T23:32:35.759+0000	[######..................] benchmark.Twitter	14.0GB/49.1GB (28.4%)
2021-10-22T23:32:38.759+0000	[######..................] benchmark.Twitter	14.0GB/49.1GB (28.6%)
2021-10-22T23:32:41.760+0000	[######..................] benchmark.Twitter	14.1GB/49.1GB (28.7%)
2021-10-22T23:32:44.760+0000	[######..................] benchmark.Twitter	14.2GB/49.1GB (28.8%)
2021-10-22T23:32:47.760+0000	[######..................] benchmark.Twitter	14.2GB/49.1GB (29.0%)
2021-10-22T23:32:50.759+0000	[######..................] benchmark.Twitter	14.3GB/49.1GB (29.1%)
2021-10-22T23:32:53.759+0000	[#######.................] benchmark.Twitter	14.3GB/49.1GB (29.2%)
2021-10-22T23:32:56.760+0000	[#######.................] benchmark.Twitter	14.4GB/49.1GB (29.3%)
2021-10-22T23:32:59.760+0000	[#######.................] benchmark.Twitter	14.5GB/49.1GB (29.5%)
2021-10-22T23:33:02.759+0000	[#######.................] benchmark.Twitter	14.5GB/49.1GB (29.6%)
2021-10-22T23:33:05.759+0000	[#######.................] benchmark.Twitter	14.6GB/49.1GB (29.7%)
2021-10-22T23:33:08.759+0000	[#######.................] benchmark.Twitter	14.7GB/49.1GB (29.9%)
2021-10-22T23:33:11.760+0000	[#######.................] benchmark.Twitter	14.7GB/49.1GB (30.0%)
2021-10-22T23:33:14.760+0000	[#######.................] benchmark.Twitter	14.8GB/49.1GB (30.1%)
2021-10-22T23:33:17.760+0000	[#######.................] benchmark.Twitter	14.9GB/49.1GB (30.3%)
2021-10-22T23:33:20.759+0000	[#######.................] benchmark.Twitter	14.9GB/49.1GB (30.4%)
2021-10-22T23:33:23.760+0000	[#######.................] benchmark.Twitter	15.0GB/49.1GB (30.5%)
2021-10-22T23:33:26.759+0000	[#######.................] benchmark.Twitter	15.1GB/49.1GB (30.6%)
2021-10-22T23:33:29.760+0000	[#######.................] benchmark.Twitter	15.1GB/49.1GB (30.7%)
2021-10-22T23:33:32.759+0000	[#######.................] benchmark.Twitter	15.2GB/49.1GB (30.9%)
2021-10-22T23:33:35.760+0000	[#######.................] benchmark.Twitter	15.2GB/49.1GB (31.0%)
2021-10-22T23:33:38.760+0000	[#######.................] benchmark.Twitter	15.3GB/49.1GB (31.1%)
2021-10-22T23:33:41.759+0000	[#######.................] benchmark.Twitter	15.3GB/49.1GB (31.2%)
2021-10-22T23:33:44.760+0000	[#######.................] benchmark.Twitter	15.4GB/49.1GB (31.3%)
2021-10-22T23:33:47.759+0000	[#######.................] benchmark.Twitter	15.4GB/49.1GB (31.4%)
2021-10-22T23:33:50.760+0000	[#######.................] benchmark.Twitter	15.5GB/49.1GB (31.5%)
2021-10-22T23:33:53.760+0000	[#######.................] benchmark.Twitter	15.6GB/49.1GB (31.7%)
2021-10-22T23:33:56.759+0000	[#######.................] benchmark.Twitter	15.6GB/49.1GB (31.8%)
2021-10-22T23:33:59.759+0000	[#######.................] benchmark.Twitter	15.7GB/49.1GB (31.9%)
2021-10-22T23:34:02.760+0000	[#######.................] benchmark.Twitter	15.8GB/49.1GB (32.1%)
2021-10-22T23:34:05.760+0000	[#######.................] benchmark.Twitter	15.8GB/49.1GB (32.2%)
2021-10-22T23:34:08.759+0000	[#######.................] benchmark.Twitter	15.9GB/49.1GB (32.3%)
2021-10-22T23:34:11.760+0000	[#######.................] benchmark.Twitter	15.9GB/49.1GB (32.4%)
2021-10-22T23:34:14.759+0000	[#######.................] benchmark.Twitter	16.0GB/49.1GB (32.6%)
2021-10-22T23:34:17.760+0000	[#######.................] benchmark.Twitter	16.1GB/49.1GB (32.7%)
2021-10-22T23:34:20.760+0000	[#######.................] benchmark.Twitter	16.1GB/49.1GB (32.8%)
2021-10-22T23:34:23.759+0000	[#######.................] benchmark.Twitter	16.2GB/49.1GB (33.0%)
2021-10-22T23:34:26.771+0000	[#######.................] benchmark.Twitter	16.3GB/49.1GB (33.1%)
2021-10-22T23:34:29.759+0000	[#######.................] benchmark.Twitter	16.3GB/49.1GB (33.2%)
2021-10-22T23:34:32.759+0000	[########................] benchmark.Twitter	16.4GB/49.1GB (33.4%)
2021-10-22T23:34:35.760+0000	[########................] benchmark.Twitter	16.4GB/49.1GB (33.5%)
2021-10-22T23:34:38.759+0000	[########................] benchmark.Twitter	16.5GB/49.1GB (33.6%)
2021-10-22T23:34:41.759+0000	[########................] benchmark.Twitter	16.6GB/49.1GB (33.7%)
2021-10-22T23:34:44.760+0000	[########................] benchmark.Twitter	16.6GB/49.1GB (33.9%)
2021-10-22T23:34:47.759+0000	[########................] benchmark.Twitter	16.7GB/49.1GB (34.0%)
2021-10-22T23:34:50.760+0000	[########................] benchmark.Twitter	16.8GB/49.1GB (34.1%)
2021-10-22T23:34:53.760+0000	[########................] benchmark.Twitter	16.8GB/49.1GB (34.3%)
2021-10-22T23:34:56.759+0000	[########................] benchmark.Twitter	16.9GB/49.1GB (34.4%)
2021-10-22T23:34:59.761+0000	[########................] benchmark.Twitter	17.0GB/49.1GB (34.5%)
2021-10-22T23:35:02.761+0000	[########................] benchmark.Twitter	17.0GB/49.1GB (34.6%)
2021-10-22T23:35:05.760+0000	[########................] benchmark.Twitter	17.1GB/49.1GB (34.8%)
2021-10-22T23:35:08.759+0000	[########................] benchmark.Twitter	17.1GB/49.1GB (34.9%)
2021-10-22T23:35:11.760+0000	[########................] benchmark.Twitter	17.2GB/49.1GB (35.0%)
2021-10-22T23:35:14.760+0000	[########................] benchmark.Twitter	17.3GB/49.1GB (35.2%)
2021-10-22T23:35:17.760+0000	[########................] benchmark.Twitter	17.3GB/49.1GB (35.3%)
2021-10-22T23:35:20.760+0000	[########................] benchmark.Twitter	17.4GB/49.1GB (35.4%)
2021-10-22T23:35:23.760+0000	[########................] benchmark.Twitter	17.5GB/49.1GB (35.6%)
2021-10-22T23:35:26.760+0000	[########................] benchmark.Twitter	17.5GB/49.1GB (35.7%)
2021-10-22T23:35:29.761+0000	[########................] benchmark.Twitter	17.6GB/49.1GB (35.8%)
2021-10-22T23:35:32.759+0000	[########................] benchmark.Twitter	17.7GB/49.1GB (35.9%)
2021-10-22T23:35:35.760+0000	[########................] benchmark.Twitter	17.7GB/49.1GB (36.1%)
2021-10-22T23:35:38.760+0000	[########................] benchmark.Twitter	17.8GB/49.1GB (36.2%)
2021-10-22T23:35:41.759+0000	[########................] benchmark.Twitter	17.9GB/49.1GB (36.3%)
2021-10-22T23:35:44.759+0000	[########................] benchmark.Twitter	17.9GB/49.1GB (36.5%)
2021-10-22T23:35:47.760+0000	[########................] benchmark.Twitter	18.0GB/49.1GB (36.6%)
2021-10-22T23:35:50.761+0000	[########................] benchmark.Twitter	18.0GB/49.1GB (36.7%)
2021-10-22T23:35:53.760+0000	[########................] benchmark.Twitter	18.1GB/49.1GB (36.8%)
2021-10-22T23:35:56.759+0000	[########................] benchmark.Twitter	18.1GB/49.1GB (36.9%)
2021-10-22T23:35:59.759+0000	[########................] benchmark.Twitter	18.2GB/49.1GB (37.0%)
2021-10-22T23:36:02.759+0000	[########................] benchmark.Twitter	18.2GB/49.1GB (37.1%)
2021-10-22T23:36:05.759+0000	[########................] benchmark.Twitter	18.3GB/49.1GB (37.3%)
2021-10-22T23:36:08.759+0000	[########................] benchmark.Twitter	18.4GB/49.1GB (37.4%)
2021-10-22T23:36:11.760+0000	[########................] benchmark.Twitter	18.4GB/49.1GB (37.5%)
2021-10-22T23:36:14.759+0000	[#########...............] benchmark.Twitter	18.5GB/49.1GB (37.6%)
2021-10-22T23:36:17.760+0000	[#########...............] benchmark.Twitter	18.5GB/49.1GB (37.7%)
2021-10-22T23:36:20.760+0000	[#########...............] benchmark.Twitter	18.6GB/49.1GB (37.9%)
2021-10-22T23:36:23.760+0000	[#########...............] benchmark.Twitter	18.7GB/49.1GB (38.0%)
2021-10-22T23:36:26.760+0000	[#########...............] benchmark.Twitter	18.7GB/49.1GB (38.1%)
2021-10-22T23:36:29.760+0000	[#########...............] benchmark.Twitter	18.8GB/49.1GB (38.3%)
2021-10-22T23:36:32.759+0000	[#########...............] benchmark.Twitter	18.9GB/49.1GB (38.4%)
2021-10-22T23:36:35.760+0000	[#########...............] benchmark.Twitter	18.9GB/49.1GB (38.5%)
2021-10-22T23:36:38.759+0000	[#########...............] benchmark.Twitter	19.0GB/49.1GB (38.6%)
2021-10-22T23:36:41.759+0000	[#########...............] benchmark.Twitter	19.1GB/49.1GB (38.8%)
2021-10-22T23:36:44.759+0000	[#########...............] benchmark.Twitter	19.1GB/49.1GB (38.9%)
2021-10-22T23:36:47.760+0000	[#########...............] benchmark.Twitter	19.2GB/49.1GB (39.0%)
2021-10-22T23:36:50.760+0000	[#########...............] benchmark.Twitter	19.2GB/49.1GB (39.2%)
2021-10-22T23:36:53.760+0000	[#########...............] benchmark.Twitter	19.3GB/49.1GB (39.3%)
2021-10-22T23:36:56.760+0000	[#########...............] benchmark.Twitter	19.4GB/49.1GB (39.4%)
2021-10-22T23:36:59.760+0000	[#########...............] benchmark.Twitter	19.4GB/49.1GB (39.6%)
2021-10-22T23:37:02.760+0000	[#########...............] benchmark.Twitter	19.5GB/49.1GB (39.7%)
2021-10-22T23:37:05.759+0000	[#########...............] benchmark.Twitter	19.6GB/49.1GB (39.8%)
2021-10-22T23:37:08.760+0000	[#########...............] benchmark.Twitter	19.6GB/49.1GB (39.9%)
2021-10-22T23:37:11.760+0000	[#########...............] benchmark.Twitter	19.7GB/49.1GB (40.1%)
2021-10-22T23:37:14.760+0000	[#########...............] benchmark.Twitter	19.8GB/49.1GB (40.2%)
2021-10-22T23:37:17.759+0000	[#########...............] benchmark.Twitter	19.8GB/49.1GB (40.3%)
2021-10-22T23:37:20.760+0000	[#########...............] benchmark.Twitter	19.9GB/49.1GB (40.4%)
2021-10-22T23:37:23.762+0000	[#########...............] benchmark.Twitter	19.9GB/49.1GB (40.6%)
2021-10-22T23:37:26.760+0000	[#########...............] benchmark.Twitter	20.0GB/49.1GB (40.7%)
2021-10-22T23:37:29.759+0000	[#########...............] benchmark.Twitter	20.1GB/49.1GB (40.8%)
2021-10-22T23:37:32.761+0000	[#########...............] benchmark.Twitter	20.1GB/49.1GB (40.9%)
2021-10-22T23:37:35.759+0000	[#########...............] benchmark.Twitter	20.2GB/49.1GB (41.0%)
2021-10-22T23:37:38.765+0000	[#########...............] benchmark.Twitter	20.2GB/49.1GB (41.2%)
2021-10-22T23:37:41.760+0000	[#########...............] benchmark.Twitter	20.3GB/49.1GB (41.3%)
2021-10-22T23:37:44.760+0000	[#########...............] benchmark.Twitter	20.3GB/49.1GB (41.4%)
2021-10-22T23:37:47.761+0000	[#########...............] benchmark.Twitter	20.4GB/49.1GB (41.5%)
2021-10-22T23:37:50.760+0000	[#########...............] benchmark.Twitter	20.4GB/49.1GB (41.6%)
2021-10-22T23:37:53.759+0000	[##########..............] benchmark.Twitter	20.5GB/49.1GB (41.7%)
2021-10-22T23:37:56.759+0000	[##########..............] benchmark.Twitter	20.6GB/49.1GB (41.9%)
2021-10-22T23:37:59.759+0000	[##########..............] benchmark.Twitter	20.6GB/49.1GB (42.0%)
2021-10-22T23:38:02.759+0000	[##########..............] benchmark.Twitter	20.7GB/49.1GB (42.1%)
2021-10-22T23:38:05.760+0000	[##########..............] benchmark.Twitter	20.8GB/49.1GB (42.3%)
2021-10-22T23:38:08.759+0000	[##########..............] benchmark.Twitter	20.8GB/49.1GB (42.4%)
2021-10-22T23:38:11.760+0000	[##########..............] benchmark.Twitter	20.9GB/49.1GB (42.5%)
2021-10-22T23:38:14.759+0000	[##########..............] benchmark.Twitter	21.0GB/49.1GB (42.7%)
2021-10-22T23:38:17.760+0000	[##########..............] benchmark.Twitter	21.0GB/49.1GB (42.8%)
2021-10-22T23:38:20.760+0000	[##########..............] benchmark.Twitter	21.1GB/49.1GB (42.9%)
2021-10-22T23:38:23.759+0000	[##########..............] benchmark.Twitter	21.1GB/49.1GB (43.0%)
2021-10-22T23:38:26.759+0000	[##########..............] benchmark.Twitter	21.2GB/49.1GB (43.2%)
2021-10-22T23:38:29.760+0000	[##########..............] benchmark.Twitter	21.3GB/49.1GB (43.3%)
2021-10-22T23:38:32.759+0000	[##########..............] benchmark.Twitter	21.3GB/49.1GB (43.4%)
2021-10-22T23:38:35.760+0000	[##########..............] benchmark.Twitter	21.4GB/49.1GB (43.6%)
2021-10-22T23:38:38.759+0000	[##########..............] benchmark.Twitter	21.5GB/49.1GB (43.7%)
2021-10-22T23:38:41.759+0000	[##########..............] benchmark.Twitter	21.5GB/49.1GB (43.8%)
2021-10-22T23:38:44.759+0000	[##########..............] benchmark.Twitter	21.6GB/49.1GB (43.9%)
2021-10-22T23:38:47.760+0000	[##########..............] benchmark.Twitter	21.7GB/49.1GB (44.1%)
2021-10-22T23:38:50.761+0000	[##########..............] benchmark.Twitter	21.7GB/49.1GB (44.2%)
2021-10-22T23:38:53.760+0000	[##########..............] benchmark.Twitter	21.8GB/49.1GB (44.3%)
2021-10-22T23:38:56.759+0000	[##########..............] benchmark.Twitter	21.9GB/49.1GB (44.5%)
2021-10-22T23:38:59.760+0000	[##########..............] benchmark.Twitter	21.9GB/49.1GB (44.6%)
2021-10-22T23:39:02.760+0000	[##########..............] benchmark.Twitter	22.0GB/49.1GB (44.7%)
2021-10-22T23:39:05.759+0000	[##########..............] benchmark.Twitter	22.0GB/49.1GB (44.9%)
2021-10-22T23:39:08.759+0000	[##########..............] benchmark.Twitter	22.1GB/49.1GB (45.0%)
2021-10-22T23:39:11.759+0000	[##########..............] benchmark.Twitter	22.2GB/49.1GB (45.1%)
2021-10-22T23:39:14.759+0000	[##########..............] benchmark.Twitter	22.2GB/49.1GB (45.2%)
2021-10-22T23:39:17.760+0000	[##########..............] benchmark.Twitter	22.3GB/49.1GB (45.4%)
2021-10-22T23:39:20.759+0000	[##########..............] benchmark.Twitter	22.4GB/49.1GB (45.5%)
2021-10-22T23:39:23.761+0000	[##########..............] benchmark.Twitter	22.4GB/49.1GB (45.6%)
2021-10-22T23:39:26.761+0000	[##########..............] benchmark.Twitter	22.5GB/49.1GB (45.7%)
2021-10-22T23:39:29.760+0000	[###########.............] benchmark.Twitter	22.5GB/49.1GB (45.9%)
2021-10-22T23:39:32.759+0000	[###########.............] benchmark.Twitter	22.6GB/49.1GB (46.0%)
2021-10-22T23:39:35.759+0000	[###########.............] benchmark.Twitter	22.7GB/49.1GB (46.1%)
2021-10-22T23:39:38.760+0000	[###########.............] benchmark.Twitter	22.7GB/49.1GB (46.3%)
2021-10-22T23:39:41.760+0000	[###########.............] benchmark.Twitter	22.8GB/49.1GB (46.4%)
2021-10-22T23:39:44.760+0000	[###########.............] benchmark.Twitter	22.9GB/49.1GB (46.5%)
2021-10-22T23:39:47.759+0000	[###########.............] benchmark.Twitter	22.9GB/49.1GB (46.7%)
2021-10-22T23:39:50.760+0000	[###########.............] benchmark.Twitter	23.0GB/49.1GB (46.8%)
2021-10-22T23:39:53.759+0000	[###########.............] benchmark.Twitter	23.1GB/49.1GB (46.9%)
2021-10-22T23:39:56.759+0000	[###########.............] benchmark.Twitter	23.1GB/49.1GB (47.1%)
2021-10-22T23:39:59.760+0000	[###########.............] benchmark.Twitter	23.2GB/49.1GB (47.2%)
2021-10-22T23:40:02.760+0000	[###########.............] benchmark.Twitter	23.2GB/49.1GB (47.3%)
2021-10-22T23:40:05.759+0000	[###########.............] benchmark.Twitter	23.3GB/49.1GB (47.4%)
2021-10-22T23:40:08.760+0000	[###########.............] benchmark.Twitter	23.4GB/49.1GB (47.6%)
2021-10-22T23:40:11.762+0000	[###########.............] benchmark.Twitter	23.4GB/49.1GB (47.7%)
2021-10-22T23:40:14.760+0000	[###########.............] benchmark.Twitter	23.5GB/49.1GB (47.8%)
2021-10-22T23:40:17.760+0000	[###########.............] benchmark.Twitter	23.6GB/49.1GB (48.0%)
2021-10-22T23:40:20.759+0000	[###########.............] benchmark.Twitter	23.6GB/49.1GB (48.1%)
2021-10-22T23:40:23.759+0000	[###########.............] benchmark.Twitter	23.7GB/49.1GB (48.2%)
2021-10-22T23:40:26.760+0000	[###########.............] benchmark.Twitter	23.8GB/49.1GB (48.4%)
2021-10-22T23:40:29.759+0000	[###########.............] benchmark.Twitter	23.8GB/49.1GB (48.5%)
2021-10-22T23:40:32.762+0000	[###########.............] benchmark.Twitter	23.9GB/49.1GB (48.6%)
2021-10-22T23:40:35.759+0000	[###########.............] benchmark.Twitter	23.9GB/49.1GB (48.7%)
2021-10-22T23:40:38.759+0000	[###########.............] benchmark.Twitter	24.0GB/49.1GB (48.8%)
2021-10-22T23:40:41.760+0000	[###########.............] benchmark.Twitter	24.0GB/49.1GB (48.9%)
2021-10-22T23:40:44.759+0000	[###########.............] benchmark.Twitter	24.1GB/49.1GB (49.0%)
2021-10-22T23:40:47.760+0000	[###########.............] benchmark.Twitter	24.1GB/49.1GB (49.2%)
2021-10-22T23:40:50.760+0000	[###########.............] benchmark.Twitter	24.2GB/49.1GB (49.3%)
2021-10-22T23:40:53.760+0000	[###########.............] benchmark.Twitter	24.3GB/49.1GB (49.4%)
2021-10-22T23:40:56.760+0000	[###########.............] benchmark.Twitter	24.3GB/49.1GB (49.5%)
2021-10-22T23:40:59.760+0000	[###########.............] benchmark.Twitter	24.4GB/49.1GB (49.6%)
2021-10-22T23:41:02.759+0000	[###########.............] benchmark.Twitter	24.4GB/49.1GB (49.7%)
2021-10-22T23:41:05.759+0000	[###########.............] benchmark.Twitter	24.5GB/49.1GB (49.9%)
2021-10-22T23:41:08.759+0000	[###########.............] benchmark.Twitter	24.6GB/49.1GB (50.0%)
2021-10-22T23:41:11.759+0000	[############............] benchmark.Twitter	24.6GB/49.1GB (50.1%)
2021-10-22T23:41:14.759+0000	[############............] benchmark.Twitter	24.7GB/49.1GB (50.2%)
2021-10-22T23:41:17.760+0000	[############............] benchmark.Twitter	24.8GB/49.1GB (50.4%)
2021-10-22T23:41:20.760+0000	[############............] benchmark.Twitter	24.8GB/49.1GB (50.5%)
2021-10-22T23:41:23.760+0000	[############............] benchmark.Twitter	24.9GB/49.1GB (50.6%)
2021-10-22T23:41:26.759+0000	[############............] benchmark.Twitter	24.9GB/49.1GB (50.8%)
2021-10-22T23:41:29.760+0000	[############............] benchmark.Twitter	25.0GB/49.1GB (50.9%)
2021-10-22T23:41:32.760+0000	[############............] benchmark.Twitter	25.1GB/49.1GB (51.0%)
2021-10-22T23:41:35.759+0000	[############............] benchmark.Twitter	25.1GB/49.1GB (51.2%)
2021-10-22T23:41:38.759+0000	[############............] benchmark.Twitter	25.2GB/49.1GB (51.3%)
2021-10-22T23:41:41.759+0000	[############............] benchmark.Twitter	25.3GB/49.1GB (51.4%)
2021-10-22T23:41:44.760+0000	[############............] benchmark.Twitter	25.3GB/49.1GB (51.5%)
2021-10-22T23:41:47.760+0000	[############............] benchmark.Twitter	25.4GB/49.1GB (51.7%)
2021-10-22T23:41:50.760+0000	[############............] benchmark.Twitter	25.4GB/49.1GB (51.8%)
2021-10-22T23:41:53.760+0000	[############............] benchmark.Twitter	25.5GB/49.1GB (51.9%)
2021-10-22T23:41:56.761+0000	[############............] benchmark.Twitter	25.6GB/49.1GB (52.1%)
2021-10-22T23:41:59.766+0000	[############............] benchmark.Twitter	25.6GB/49.1GB (52.2%)
2021-10-22T23:42:02.760+0000	[############............] benchmark.Twitter	25.7GB/49.1GB (52.3%)
2021-10-22T23:42:05.759+0000	[############............] benchmark.Twitter	25.8GB/49.1GB (52.5%)
2021-10-22T23:42:08.760+0000	[############............] benchmark.Twitter	25.8GB/49.1GB (52.6%)
2021-10-22T23:42:11.759+0000	[############............] benchmark.Twitter	25.9GB/49.1GB (52.7%)
2021-10-22T23:42:14.760+0000	[############............] benchmark.Twitter	26.0GB/49.1GB (52.8%)
2021-10-22T23:42:17.760+0000	[############............] benchmark.Twitter	26.0GB/49.1GB (53.0%)
2021-10-22T23:42:20.759+0000	[############............] benchmark.Twitter	26.1GB/49.1GB (53.1%)
2021-10-22T23:42:23.759+0000	[############............] benchmark.Twitter	26.2GB/49.1GB (53.2%)
2021-10-22T23:42:26.760+0000	[############............] benchmark.Twitter	26.2GB/49.1GB (53.4%)
2021-10-22T23:42:29.760+0000	[############............] benchmark.Twitter	26.3GB/49.1GB (53.5%)
2021-10-22T23:42:32.760+0000	[############............] benchmark.Twitter	26.4GB/49.1GB (53.6%)
2021-10-22T23:42:35.760+0000	[############............] benchmark.Twitter	26.4GB/49.1GB (53.8%)
2021-10-22T23:42:38.760+0000	[############............] benchmark.Twitter	26.5GB/49.1GB (53.9%)
2021-10-22T23:42:41.759+0000	[############............] benchmark.Twitter	26.5GB/49.1GB (54.0%)
2021-10-22T23:42:44.760+0000	[############............] benchmark.Twitter	26.6GB/49.1GB (54.1%)
2021-10-22T23:42:47.759+0000	[#############...........] benchmark.Twitter	26.7GB/49.1GB (54.3%)
2021-10-22T23:42:50.759+0000	[#############...........] benchmark.Twitter	26.7GB/49.1GB (54.4%)
2021-10-22T23:42:53.759+0000	[#############...........] benchmark.Twitter	26.8GB/49.1GB (54.5%)
2021-10-22T23:42:56.760+0000	[#############...........] benchmark.Twitter	26.9GB/49.1GB (54.7%)
2021-10-22T23:42:59.759+0000	[#############...........] benchmark.Twitter	26.9GB/49.1GB (54.8%)
2021-10-22T23:43:02.759+0000	[#############...........] benchmark.Twitter	27.0GB/49.1GB (54.9%)
2021-10-22T23:43:05.760+0000	[#############...........] benchmark.Twitter	27.1GB/49.1GB (55.1%)
2021-10-22T23:43:08.759+0000	[#############...........] benchmark.Twitter	27.1GB/49.1GB (55.2%)
2021-10-22T23:43:11.759+0000	[#############...........] benchmark.Twitter	27.2GB/49.1GB (55.3%)
2021-10-22T23:43:14.760+0000	[#############...........] benchmark.Twitter	27.2GB/49.1GB (55.5%)
2021-10-22T23:43:17.760+0000	[#############...........] benchmark.Twitter	27.3GB/49.1GB (55.6%)
2021-10-22T23:43:20.759+0000	[#############...........] benchmark.Twitter	27.4GB/49.1GB (55.7%)
2021-10-22T23:43:23.759+0000	[#############...........] benchmark.Twitter	27.4GB/49.1GB (55.8%)
2021-10-22T23:43:26.760+0000	[#############...........] benchmark.Twitter	27.5GB/49.1GB (56.0%)
2021-10-22T23:43:29.759+0000	[#############...........] benchmark.Twitter	27.6GB/49.1GB (56.1%)
2021-10-22T23:43:32.761+0000	[#############...........] benchmark.Twitter	27.6GB/49.1GB (56.2%)
2021-10-22T23:43:35.760+0000	[#############...........] benchmark.Twitter	27.7GB/49.1GB (56.4%)
2021-10-22T23:43:38.759+0000	[#############...........] benchmark.Twitter	27.8GB/49.1GB (56.5%)
2021-10-22T23:43:41.759+0000	[#############...........] benchmark.Twitter	27.8GB/49.1GB (56.6%)
2021-10-22T23:43:44.761+0000	[#############...........] benchmark.Twitter	27.9GB/49.1GB (56.8%)
2021-10-22T23:43:47.760+0000	[#############...........] benchmark.Twitter	27.9GB/49.1GB (56.9%)
2021-10-22T23:43:50.761+0000	[#############...........] benchmark.Twitter	28.0GB/49.1GB (57.0%)
2021-10-22T23:43:53.760+0000	[#############...........] benchmark.Twitter	28.1GB/49.1GB (57.1%)
2021-10-22T23:43:56.760+0000	[#############...........] benchmark.Twitter	28.1GB/49.1GB (57.3%)
2021-10-22T23:43:59.759+0000	[#############...........] benchmark.Twitter	28.2GB/49.1GB (57.4%)
2021-10-22T23:44:02.759+0000	[#############...........] benchmark.Twitter	28.2GB/49.1GB (57.5%)
2021-10-22T23:44:05.759+0000	[#############...........] benchmark.Twitter	28.3GB/49.1GB (57.6%)
2021-10-22T23:44:08.760+0000	[#############...........] benchmark.Twitter	28.4GB/49.1GB (57.7%)
2021-10-22T23:44:11.759+0000	[#############...........] benchmark.Twitter	28.4GB/49.1GB (57.8%)
2021-10-22T23:44:14.759+0000	[#############...........] benchmark.Twitter	28.5GB/49.1GB (57.9%)
2021-10-22T23:44:17.760+0000	[#############...........] benchmark.Twitter	28.5GB/49.1GB (58.1%)
2021-10-22T23:44:20.759+0000	[#############...........] benchmark.Twitter	28.6GB/49.1GB (58.2%)
2021-10-22T23:44:23.760+0000	[#############...........] benchmark.Twitter	28.6GB/49.1GB (58.3%)
2021-10-22T23:44:26.760+0000	[##############..........] benchmark.Twitter	28.7GB/49.1GB (58.4%)
2021-10-22T23:44:29.760+0000	[##############..........] benchmark.Twitter	28.7GB/49.1GB (58.5%)
2021-10-22T23:44:32.760+0000	[##############..........] benchmark.Twitter	28.8GB/49.1GB (58.6%)
2021-10-22T23:44:35.760+0000	[##############..........] benchmark.Twitter	28.9GB/49.1GB (58.8%)
2021-10-22T23:44:38.760+0000	[##############..........] benchmark.Twitter	28.9GB/49.1GB (58.9%)
2021-10-22T23:44:41.760+0000	[##############..........] benchmark.Twitter	29.0GB/49.1GB (59.0%)
2021-10-22T23:44:44.760+0000	[##############..........] benchmark.Twitter	29.1GB/49.1GB (59.1%)
2021-10-22T23:44:47.759+0000	[##############..........] benchmark.Twitter	29.1GB/49.1GB (59.3%)
2021-10-22T23:44:50.760+0000	[##############..........] benchmark.Twitter	29.2GB/49.1GB (59.4%)
2021-10-22T23:44:53.759+0000	[##############..........] benchmark.Twitter	29.2GB/49.1GB (59.5%)
2021-10-22T23:44:56.759+0000	[##############..........] benchmark.Twitter	29.3GB/49.1GB (59.7%)
2021-10-22T23:44:59.759+0000	[##############..........] benchmark.Twitter	29.4GB/49.1GB (59.8%)
2021-10-22T23:45:02.760+0000	[##############..........] benchmark.Twitter	29.4GB/49.1GB (59.9%)
2021-10-22T23:45:05.760+0000	[##############..........] benchmark.Twitter	29.5GB/49.1GB (60.1%)
2021-10-22T23:45:08.759+0000	[##############..........] benchmark.Twitter	29.6GB/49.1GB (60.2%)
2021-10-22T23:45:11.760+0000	[##############..........] benchmark.Twitter	29.6GB/49.1GB (60.3%)
2021-10-22T23:45:14.759+0000	[##############..........] benchmark.Twitter	29.7GB/49.1GB (60.4%)
2021-10-22T23:45:17.759+0000	[##############..........] benchmark.Twitter	29.8GB/49.1GB (60.6%)
2021-10-22T23:45:20.760+0000	[##############..........] benchmark.Twitter	29.8GB/49.1GB (60.7%)
2021-10-22T23:45:23.760+0000	[##############..........] benchmark.Twitter	29.9GB/49.1GB (60.8%)
2021-10-22T23:45:26.760+0000	[##############..........] benchmark.Twitter	29.9GB/49.1GB (61.0%)
2021-10-22T23:45:29.760+0000	[##############..........] benchmark.Twitter	30.0GB/49.1GB (61.1%)
2021-10-22T23:45:32.759+0000	[##############..........] benchmark.Twitter	30.1GB/49.1GB (61.2%)
2021-10-22T23:45:35.759+0000	[##############..........] benchmark.Twitter	30.1GB/49.1GB (61.4%)
2021-10-22T23:45:38.759+0000	[##############..........] benchmark.Twitter	30.2GB/49.1GB (61.5%)
2021-10-22T23:45:41.760+0000	[##############..........] benchmark.Twitter	30.3GB/49.1GB (61.6%)
2021-10-22T23:45:44.759+0000	[##############..........] benchmark.Twitter	30.3GB/49.1GB (61.7%)
2021-10-22T23:45:47.759+0000	[##############..........] benchmark.Twitter	30.4GB/49.1GB (61.8%)
2021-10-22T23:45:50.759+0000	[##############..........] benchmark.Twitter	30.4GB/49.1GB (61.9%)
2021-10-22T23:45:53.760+0000	[##############..........] benchmark.Twitter	30.5GB/49.1GB (62.0%)
2021-10-22T23:45:56.760+0000	[##############..........] benchmark.Twitter	30.5GB/49.1GB (62.1%)
2021-10-22T23:45:59.760+0000	[##############..........] benchmark.Twitter	30.6GB/49.1GB (62.3%)
2021-10-22T23:46:02.760+0000	[##############..........] benchmark.Twitter	30.6GB/49.1GB (62.4%)
2021-10-22T23:46:05.759+0000	[###############.........] benchmark.Twitter	30.7GB/49.1GB (62.5%)
2021-10-22T23:46:08.760+0000	[###############.........] benchmark.Twitter	30.8GB/49.1GB (62.6%)
2021-10-22T23:46:11.760+0000	[###############.........] benchmark.Twitter	30.8GB/49.1GB (62.8%)
2021-10-22T23:46:14.759+0000	[###############.........] benchmark.Twitter	30.9GB/49.1GB (62.9%)
2021-10-22T23:46:17.760+0000	[###############.........] benchmark.Twitter	31.0GB/49.1GB (63.0%)
2021-10-22T23:46:20.759+0000	[###############.........] benchmark.Twitter	31.0GB/49.1GB (63.2%)
2021-10-22T23:46:23.759+0000	[###############.........] benchmark.Twitter	31.1GB/49.1GB (63.3%)
2021-10-22T23:46:26.759+0000	[###############.........] benchmark.Twitter	31.2GB/49.1GB (63.4%)
2021-10-22T23:46:29.759+0000	[###############.........] benchmark.Twitter	31.2GB/49.1GB (63.5%)
2021-10-22T23:46:32.759+0000	[###############.........] benchmark.Twitter	31.3GB/49.1GB (63.7%)
2021-10-22T23:46:35.760+0000	[###############.........] benchmark.Twitter	31.4GB/49.1GB (63.8%)
2021-10-22T23:46:38.760+0000	[###############.........] benchmark.Twitter	31.4GB/49.1GB (63.9%)
2021-10-22T23:46:41.759+0000	[###############.........] benchmark.Twitter	31.5GB/49.1GB (64.1%)
2021-10-22T23:46:44.760+0000	[###############.........] benchmark.Twitter	31.5GB/49.1GB (64.2%)
2021-10-22T23:46:47.759+0000	[###############.........] benchmark.Twitter	31.6GB/49.1GB (64.3%)
2021-10-22T23:46:50.760+0000	[###############.........] benchmark.Twitter	31.7GB/49.1GB (64.4%)
2021-10-22T23:46:53.760+0000	[###############.........] benchmark.Twitter	31.7GB/49.1GB (64.6%)
2021-10-22T23:46:56.759+0000	[###############.........] benchmark.Twitter	31.8GB/49.1GB (64.7%)
2021-10-22T23:46:59.759+0000	[###############.........] benchmark.Twitter	31.9GB/49.1GB (64.8%)
2021-10-22T23:47:02.759+0000	[###############.........] benchmark.Twitter	31.9GB/49.1GB (65.0%)
2021-10-22T23:47:05.760+0000	[###############.........] benchmark.Twitter	32.0GB/49.1GB (65.1%)
2021-10-22T23:47:08.759+0000	[###############.........] benchmark.Twitter	32.0GB/49.1GB (65.2%)
2021-10-22T23:47:11.759+0000	[###############.........] benchmark.Twitter	32.1GB/49.1GB (65.4%)
2021-10-22T23:47:14.760+0000	[###############.........] benchmark.Twitter	32.2GB/49.1GB (65.5%)
2021-10-22T23:47:17.760+0000	[###############.........] benchmark.Twitter	32.2GB/49.1GB (65.6%)
2021-10-22T23:47:20.760+0000	[###############.........] benchmark.Twitter	32.3GB/49.1GB (65.7%)
2021-10-22T23:47:23.760+0000	[###############.........] benchmark.Twitter	32.4GB/49.1GB (65.9%)
2021-10-22T23:47:26.759+0000	[###############.........] benchmark.Twitter	32.4GB/49.1GB (66.0%)
2021-10-22T23:47:29.759+0000	[###############.........] benchmark.Twitter	32.5GB/49.1GB (66.1%)
2021-10-22T23:47:32.759+0000	[###############.........] benchmark.Twitter	32.6GB/49.1GB (66.3%)
2021-10-22T23:47:35.760+0000	[###############.........] benchmark.Twitter	32.6GB/49.1GB (66.4%)
2021-10-22T23:47:38.759+0000	[###############.........] benchmark.Twitter	32.7GB/49.1GB (66.5%)
2021-10-22T23:47:41.759+0000	[###############.........] benchmark.Twitter	32.8GB/49.1GB (66.7%)
2021-10-22T23:47:44.760+0000	[################........] benchmark.Twitter	32.8GB/49.1GB (66.8%)
2021-10-22T23:47:47.760+0000	[################........] benchmark.Twitter	32.9GB/49.1GB (66.9%)
2021-10-22T23:47:50.760+0000	[################........] benchmark.Twitter	33.0GB/49.1GB (67.1%)
2021-10-22T23:47:53.760+0000	[################........] benchmark.Twitter	33.0GB/49.1GB (67.2%)
2021-10-22T23:47:56.760+0000	[################........] benchmark.Twitter	33.1GB/49.1GB (67.3%)
2021-10-22T23:47:59.759+0000	[################........] benchmark.Twitter	33.1GB/49.1GB (67.4%)
2021-10-22T23:48:02.759+0000	[################........] benchmark.Twitter	33.2GB/49.1GB (67.6%)
2021-10-22T23:48:05.759+0000	[################........] benchmark.Twitter	33.3GB/49.1GB (67.7%)
2021-10-22T23:48:08.760+0000	[################........] benchmark.Twitter	33.3GB/49.1GB (67.8%)
2021-10-22T23:48:11.759+0000	[################........] benchmark.Twitter	33.4GB/49.1GB (67.9%)
2021-10-22T23:48:14.760+0000	[################........] benchmark.Twitter	33.4GB/49.1GB (68.0%)
2021-10-22T23:48:17.760+0000	[################........] benchmark.Twitter	33.5GB/49.1GB (68.2%)
2021-10-22T23:48:20.760+0000	[################........] benchmark.Twitter	33.5GB/49.1GB (68.3%)
2021-10-22T23:48:23.759+0000	[################........] benchmark.Twitter	33.6GB/49.1GB (68.4%)
2021-10-22T23:48:26.760+0000	[################........] benchmark.Twitter	33.7GB/49.1GB (68.5%)
2021-10-22T23:48:29.759+0000	[################........] benchmark.Twitter	33.7GB/49.1GB (68.6%)
2021-10-22T23:48:32.760+0000	[################........] benchmark.Twitter	33.8GB/49.1GB (68.8%)
2021-10-22T23:48:35.759+0000	[################........] benchmark.Twitter	33.9GB/49.1GB (68.9%)
2021-10-22T23:48:38.759+0000	[################........] benchmark.Twitter	33.9GB/49.1GB (69.0%)
2021-10-22T23:48:41.759+0000	[################........] benchmark.Twitter	34.0GB/49.1GB (69.2%)
2021-10-22T23:48:44.759+0000	[################........] benchmark.Twitter	34.0GB/49.1GB (69.3%)
2021-10-22T23:48:47.759+0000	[################........] benchmark.Twitter	34.1GB/49.1GB (69.4%)
2021-10-22T23:48:50.759+0000	[################........] benchmark.Twitter	34.2GB/49.1GB (69.5%)
2021-10-22T23:48:53.759+0000	[################........] benchmark.Twitter	34.2GB/49.1GB (69.7%)
2021-10-22T23:48:56.760+0000	[################........] benchmark.Twitter	34.3GB/49.1GB (69.8%)
2021-10-22T23:48:59.759+0000	[################........] benchmark.Twitter	34.4GB/49.1GB (69.9%)
2021-10-22T23:49:02.760+0000	[################........] benchmark.Twitter	34.4GB/49.1GB (70.0%)
2021-10-22T23:49:05.760+0000	[################........] benchmark.Twitter	34.5GB/49.1GB (70.2%)
2021-10-22T23:49:08.759+0000	[################........] benchmark.Twitter	34.5GB/49.1GB (70.3%)
2021-10-22T23:49:11.760+0000	[################........] benchmark.Twitter	34.6GB/49.1GB (70.4%)
2021-10-22T23:49:14.760+0000	[################........] benchmark.Twitter	34.7GB/49.1GB (70.6%)
2021-10-22T23:49:17.760+0000	[################........] benchmark.Twitter	34.7GB/49.1GB (70.7%)
2021-10-22T23:49:20.760+0000	[################........] benchmark.Twitter	34.8GB/49.1GB (70.8%)
2021-10-22T23:49:23.760+0000	[#################.......] benchmark.Twitter	34.9GB/49.1GB (70.9%)
2021-10-22T23:49:26.760+0000	[#################.......] benchmark.Twitter	34.9GB/49.1GB (71.1%)
2021-10-22T23:49:29.760+0000	[#################.......] benchmark.Twitter	35.0GB/49.1GB (71.2%)
2021-10-22T23:49:32.759+0000	[#################.......] benchmark.Twitter	35.0GB/49.1GB (71.3%)
2021-10-22T23:49:35.760+0000	[#################.......] benchmark.Twitter	35.1GB/49.1GB (71.5%)
2021-10-22T23:49:38.759+0000	[#################.......] benchmark.Twitter	35.2GB/49.1GB (71.6%)
2021-10-22T23:49:41.759+0000	[#################.......] benchmark.Twitter	35.2GB/49.1GB (71.7%)
2021-10-22T23:49:44.760+0000	[#################.......] benchmark.Twitter	35.3GB/49.1GB (71.8%)
2021-10-22T23:49:47.760+0000	[#################.......] benchmark.Twitter	35.4GB/49.1GB (72.0%)
2021-10-22T23:49:50.759+0000	[#################.......] benchmark.Twitter	35.4GB/49.1GB (72.1%)
2021-10-22T23:49:53.759+0000	[#################.......] benchmark.Twitter	35.5GB/49.1GB (72.2%)
2021-10-22T23:49:56.759+0000	[#################.......] benchmark.Twitter	35.5GB/49.1GB (72.4%)
2021-10-22T23:49:59.761+0000	[#################.......] benchmark.Twitter	35.6GB/49.1GB (72.5%)
2021-10-22T23:50:02.759+0000	[#################.......] benchmark.Twitter	35.7GB/49.1GB (72.6%)
2021-10-22T23:50:05.760+0000	[#################.......] benchmark.Twitter	35.7GB/49.1GB (72.7%)
2021-10-22T23:50:08.760+0000	[#################.......] benchmark.Twitter	35.8GB/49.1GB (72.9%)
2021-10-22T23:50:11.760+0000	[#################.......] benchmark.Twitter	35.9GB/49.1GB (73.0%)
2021-10-22T23:50:14.760+0000	[#################.......] benchmark.Twitter	35.9GB/49.1GB (73.1%)
2021-10-22T23:50:17.759+0000	[#################.......] benchmark.Twitter	36.0GB/49.1GB (73.3%)
2021-10-22T23:50:20.760+0000	[#################.......] benchmark.Twitter	36.0GB/49.1GB (73.4%)
2021-10-22T23:50:23.760+0000	[#################.......] benchmark.Twitter	36.1GB/49.1GB (73.5%)
2021-10-22T23:50:26.759+0000	[#################.......] benchmark.Twitter	36.2GB/49.1GB (73.6%)
2021-10-22T23:50:29.759+0000	[#################.......] benchmark.Twitter	36.2GB/49.1GB (73.8%)
2021-10-22T23:50:32.759+0000	[#################.......] benchmark.Twitter	36.3GB/49.1GB (73.9%)
2021-10-22T23:50:35.760+0000	[#################.......] benchmark.Twitter	36.4GB/49.1GB (74.0%)
2021-10-22T23:50:38.759+0000	[#################.......] benchmark.Twitter	36.4GB/49.1GB (74.1%)
2021-10-22T23:50:41.760+0000	[#################.......] benchmark.Twitter	36.5GB/49.1GB (74.3%)
2021-10-22T23:50:44.760+0000	[#################.......] benchmark.Twitter	36.5GB/49.1GB (74.4%)
2021-10-22T23:50:47.760+0000	[#################.......] benchmark.Twitter	36.6GB/49.1GB (74.5%)
2021-10-22T23:50:50.763+0000	[#################.......] benchmark.Twitter	36.7GB/49.1GB (74.6%)
2021-10-22T23:50:53.760+0000	[#################.......] benchmark.Twitter	36.7GB/49.1GB (74.8%)
2021-10-22T23:50:56.760+0000	[#################.......] benchmark.Twitter	36.8GB/49.1GB (74.9%)
2021-10-22T23:50:59.760+0000	[##################......] benchmark.Twitter	36.9GB/49.1GB (75.0%)
2021-10-22T23:51:02.759+0000	[##################......] benchmark.Twitter	36.9GB/49.1GB (75.1%)
2021-10-22T23:51:05.759+0000	[##################......] benchmark.Twitter	37.0GB/49.1GB (75.3%)
2021-10-22T23:51:08.759+0000	[##################......] benchmark.Twitter	37.0GB/49.1GB (75.4%)
2021-10-22T23:51:11.760+0000	[##################......] benchmark.Twitter	37.1GB/49.1GB (75.5%)
2021-10-22T23:51:14.759+0000	[##################......] benchmark.Twitter	37.2GB/49.1GB (75.7%)
2021-10-22T23:51:17.760+0000	[##################......] benchmark.Twitter	37.2GB/49.1GB (75.8%)
2021-10-22T23:51:20.759+0000	[##################......] benchmark.Twitter	37.3GB/49.1GB (75.9%)
2021-10-22T23:51:23.761+0000	[##################......] benchmark.Twitter	37.4GB/49.1GB (76.0%)
2021-10-22T23:51:26.760+0000	[##################......] benchmark.Twitter	37.4GB/49.1GB (76.2%)
2021-10-22T23:51:29.765+0000	[##################......] benchmark.Twitter	37.5GB/49.1GB (76.3%)
2021-10-22T23:51:32.760+0000	[##################......] benchmark.Twitter	37.5GB/49.1GB (76.4%)
2021-10-22T23:51:35.759+0000	[##################......] benchmark.Twitter	37.6GB/49.1GB (76.5%)
2021-10-22T23:51:38.759+0000	[##################......] benchmark.Twitter	37.7GB/49.1GB (76.6%)
2021-10-22T23:51:41.760+0000	[##################......] benchmark.Twitter	37.7GB/49.1GB (76.8%)
2021-10-22T23:51:44.760+0000	[##################......] benchmark.Twitter	37.8GB/49.1GB (76.9%)
2021-10-22T23:51:47.760+0000	[##################......] benchmark.Twitter	37.8GB/49.1GB (77.0%)
2021-10-22T23:51:50.759+0000	[##################......] benchmark.Twitter	37.9GB/49.1GB (77.1%)
2021-10-22T23:51:53.759+0000	[##################......] benchmark.Twitter	38.0GB/49.1GB (77.2%)
2021-10-22T23:51:56.760+0000	[##################......] benchmark.Twitter	38.0GB/49.1GB (77.4%)
2021-10-22T23:51:59.760+0000	[##################......] benchmark.Twitter	38.1GB/49.1GB (77.5%)
2021-10-22T23:52:02.760+0000	[##################......] benchmark.Twitter	38.1GB/49.1GB (77.6%)
2021-10-22T23:52:05.760+0000	[##################......] benchmark.Twitter	38.2GB/49.1GB (77.7%)
2021-10-22T23:52:08.760+0000	[##################......] benchmark.Twitter	38.3GB/49.1GB (77.9%)
2021-10-22T23:52:11.759+0000	[##################......] benchmark.Twitter	38.3GB/49.1GB (78.0%)
2021-10-22T23:52:14.760+0000	[##################......] benchmark.Twitter	38.4GB/49.1GB (78.1%)
2021-10-22T23:52:17.759+0000	[##################......] benchmark.Twitter	38.5GB/49.1GB (78.3%)
2021-10-22T23:52:20.759+0000	[##################......] benchmark.Twitter	38.5GB/49.1GB (78.4%)
2021-10-22T23:52:23.760+0000	[##################......] benchmark.Twitter	38.6GB/49.1GB (78.5%)
2021-10-22T23:52:26.760+0000	[##################......] benchmark.Twitter	38.6GB/49.1GB (78.6%)
2021-10-22T23:52:29.760+0000	[##################......] benchmark.Twitter	38.7GB/49.1GB (78.8%)
2021-10-22T23:52:32.760+0000	[##################......] benchmark.Twitter	38.8GB/49.1GB (78.9%)
2021-10-22T23:52:35.760+0000	[##################......] benchmark.Twitter	38.8GB/49.1GB (79.0%)
2021-10-22T23:52:38.760+0000	[##################......] benchmark.Twitter	38.9GB/49.1GB (79.2%)
2021-10-22T23:52:41.759+0000	[###################.....] benchmark.Twitter	39.0GB/49.1GB (79.3%)
2021-10-22T23:52:44.760+0000	[###################.....] benchmark.Twitter	39.0GB/49.1GB (79.4%)
2021-10-22T23:52:47.759+0000	[###################.....] benchmark.Twitter	39.1GB/49.1GB (79.5%)
2021-10-22T23:52:50.760+0000	[###################.....] benchmark.Twitter	39.1GB/49.1GB (79.7%)
2021-10-22T23:52:53.759+0000	[###################.....] benchmark.Twitter	39.2GB/49.1GB (79.8%)
2021-10-22T23:52:56.759+0000	[###################.....] benchmark.Twitter	39.3GB/49.1GB (79.9%)
2021-10-22T23:52:59.760+0000	[###################.....] benchmark.Twitter	39.3GB/49.1GB (80.1%)
2021-10-22T23:53:02.760+0000	[###################.....] benchmark.Twitter	39.4GB/49.1GB (80.2%)
2021-10-22T23:53:05.760+0000	[###################.....] benchmark.Twitter	39.5GB/49.1GB (80.3%)
2021-10-22T23:53:08.759+0000	[###################.....] benchmark.Twitter	39.5GB/49.1GB (80.4%)
2021-10-22T23:53:11.760+0000	[###################.....] benchmark.Twitter	39.6GB/49.1GB (80.6%)
2021-10-22T23:53:14.760+0000	[###################.....] benchmark.Twitter	39.6GB/49.1GB (80.7%)
2021-10-22T23:53:17.760+0000	[###################.....] benchmark.Twitter	39.7GB/49.1GB (80.8%)
2021-10-22T23:53:20.760+0000	[###################.....] benchmark.Twitter	39.8GB/49.1GB (80.9%)
2021-10-22T23:53:23.760+0000	[###################.....] benchmark.Twitter	39.8GB/49.1GB (81.1%)
2021-10-22T23:53:26.760+0000	[###################.....] benchmark.Twitter	39.9GB/49.1GB (81.2%)
2021-10-22T23:53:29.761+0000	[###################.....] benchmark.Twitter	40.0GB/49.1GB (81.3%)
2021-10-22T23:53:32.759+0000	[###################.....] benchmark.Twitter	40.0GB/49.1GB (81.5%)
2021-10-22T23:53:35.760+0000	[###################.....] benchmark.Twitter	40.1GB/49.1GB (81.6%)
2021-10-22T23:53:38.760+0000	[###################.....] benchmark.Twitter	40.1GB/49.1GB (81.7%)
2021-10-22T23:53:41.760+0000	[###################.....] benchmark.Twitter	40.2GB/49.1GB (81.8%)
2021-10-22T23:53:44.760+0000	[###################.....] benchmark.Twitter	40.3GB/49.1GB (82.0%)
2021-10-22T23:53:47.760+0000	[###################.....] benchmark.Twitter	40.3GB/49.1GB (82.1%)
2021-10-22T23:53:50.760+0000	[###################.....] benchmark.Twitter	40.4GB/49.1GB (82.2%)
2021-10-22T23:53:53.759+0000	[###################.....] benchmark.Twitter	40.5GB/49.1GB (82.4%)
2021-10-22T23:53:56.760+0000	[###################.....] benchmark.Twitter	40.5GB/49.1GB (82.5%)
2021-10-22T23:53:59.759+0000	[###################.....] benchmark.Twitter	40.6GB/49.1GB (82.6%)
2021-10-22T23:54:02.759+0000	[###################.....] benchmark.Twitter	40.7GB/49.1GB (82.8%)
2021-10-22T23:54:05.760+0000	[###################.....] benchmark.Twitter	40.7GB/49.1GB (82.9%)
2021-10-22T23:54:08.760+0000	[###################.....] benchmark.Twitter	40.8GB/49.1GB (83.0%)
2021-10-22T23:54:11.760+0000	[###################.....] benchmark.Twitter	40.9GB/49.1GB (83.1%)
2021-10-22T23:54:14.760+0000	[###################.....] benchmark.Twitter	40.9GB/49.1GB (83.3%)
2021-10-22T23:54:17.760+0000	[####################....] benchmark.Twitter	41.0GB/49.1GB (83.4%)
2021-10-22T23:54:20.759+0000	[####################....] benchmark.Twitter	41.0GB/49.1GB (83.5%)
2021-10-22T23:54:23.759+0000	[####################....] benchmark.Twitter	41.1GB/49.1GB (83.6%)
2021-10-22T23:54:26.760+0000	[####################....] benchmark.Twitter	41.2GB/49.1GB (83.8%)
2021-10-22T23:54:29.760+0000	[####################....] benchmark.Twitter	41.2GB/49.1GB (83.9%)
2021-10-22T23:54:32.760+0000	[####################....] benchmark.Twitter	41.3GB/49.1GB (84.0%)
2021-10-22T23:54:35.760+0000	[####################....] benchmark.Twitter	41.4GB/49.1GB (84.2%)
2021-10-22T23:54:38.759+0000	[####################....] benchmark.Twitter	41.4GB/49.1GB (84.3%)
2021-10-22T23:54:41.759+0000	[####################....] benchmark.Twitter	41.5GB/49.1GB (84.4%)
2021-10-22T23:54:44.759+0000	[####################....] benchmark.Twitter	41.5GB/49.1GB (84.5%)
2021-10-22T23:54:47.760+0000	[####################....] benchmark.Twitter	41.6GB/49.1GB (84.6%)
2021-10-22T23:54:50.759+0000	[####################....] benchmark.Twitter	41.6GB/49.1GB (84.8%)
2021-10-22T23:54:53.760+0000	[####################....] benchmark.Twitter	41.7GB/49.1GB (84.9%)
2021-10-22T23:54:56.760+0000	[####################....] benchmark.Twitter	41.8GB/49.1GB (85.0%)
2021-10-22T23:54:59.759+0000	[####################....] benchmark.Twitter	41.8GB/49.1GB (85.1%)
2021-10-22T23:55:02.760+0000	[####################....] benchmark.Twitter	41.9GB/49.1GB (85.2%)
2021-10-22T23:55:05.760+0000	[####################....] benchmark.Twitter	41.9GB/49.1GB (85.4%)
2021-10-22T23:55:08.759+0000	[####################....] benchmark.Twitter	42.0GB/49.1GB (85.5%)
2021-10-22T23:55:11.759+0000	[####################....] benchmark.Twitter	42.1GB/49.1GB (85.6%)
2021-10-22T23:55:14.759+0000	[####################....] benchmark.Twitter	42.1GB/49.1GB (85.7%)
2021-10-22T23:55:17.760+0000	[####################....] benchmark.Twitter	42.2GB/49.1GB (85.9%)
2021-10-22T23:55:20.761+0000	[####################....] benchmark.Twitter	42.2GB/49.1GB (86.0%)
2021-10-22T23:55:23.759+0000	[####################....] benchmark.Twitter	42.3GB/49.1GB (86.1%)
2021-10-22T23:55:26.759+0000	[####################....] benchmark.Twitter	42.4GB/49.1GB (86.3%)
2021-10-22T23:55:29.760+0000	[####################....] benchmark.Twitter	42.5GB/49.1GB (86.4%)
2021-10-22T23:55:32.760+0000	[####################....] benchmark.Twitter	42.5GB/49.1GB (86.5%)
2021-10-22T23:55:35.760+0000	[####################....] benchmark.Twitter	42.6GB/49.1GB (86.6%)
2021-10-22T23:55:38.760+0000	[####################....] benchmark.Twitter	42.6GB/49.1GB (86.8%)
2021-10-22T23:55:41.759+0000	[####################....] benchmark.Twitter	42.7GB/49.1GB (86.9%)
2021-10-22T23:55:44.760+0000	[####################....] benchmark.Twitter	42.8GB/49.1GB (87.0%)
2021-10-22T23:55:47.761+0000	[####################....] benchmark.Twitter	42.8GB/49.1GB (87.2%)
2021-10-22T23:55:50.761+0000	[####################....] benchmark.Twitter	42.9GB/49.1GB (87.3%)
2021-10-22T23:55:53.759+0000	[####################....] benchmark.Twitter	43.0GB/49.1GB (87.4%)
2021-10-22T23:55:56.760+0000	[#####################...] benchmark.Twitter	43.0GB/49.1GB (87.5%)
2021-10-22T23:55:59.759+0000	[#####################...] benchmark.Twitter	43.1GB/49.1GB (87.7%)
2021-10-22T23:56:02.760+0000	[#####################...] benchmark.Twitter	43.1GB/49.1GB (87.8%)
2021-10-22T23:56:05.760+0000	[#####################...] benchmark.Twitter	43.2GB/49.1GB (87.9%)
2021-10-22T23:56:08.761+0000	[#####################...] benchmark.Twitter	43.3GB/49.1GB (88.1%)
2021-10-22T23:56:11.760+0000	[#####################...] benchmark.Twitter	43.3GB/49.1GB (88.2%)
2021-10-22T23:56:14.759+0000	[#####################...] benchmark.Twitter	43.4GB/49.1GB (88.3%)
2021-10-22T23:56:17.759+0000	[#####################...] benchmark.Twitter	43.5GB/49.1GB (88.5%)
2021-10-22T23:56:20.759+0000	[#####################...] benchmark.Twitter	43.5GB/49.1GB (88.6%)
2021-10-22T23:56:23.759+0000	[#####################...] benchmark.Twitter	43.6GB/49.1GB (88.7%)
2021-10-22T23:56:26.760+0000	[#####################...] benchmark.Twitter	43.7GB/49.1GB (88.9%)
2021-10-22T23:56:29.760+0000	[#####################...] benchmark.Twitter	43.7GB/49.1GB (89.0%)
2021-10-22T23:56:32.760+0000	[#####################...] benchmark.Twitter	43.8GB/49.1GB (89.1%)
2021-10-22T23:56:35.759+0000	[#####################...] benchmark.Twitter	43.9GB/49.1GB (89.2%)
2021-10-22T23:56:38.759+0000	[#####################...] benchmark.Twitter	43.9GB/49.1GB (89.4%)
2021-10-22T23:56:41.759+0000	[#####################...] benchmark.Twitter	44.0GB/49.1GB (89.5%)
2021-10-22T23:56:44.760+0000	[#####################...] benchmark.Twitter	44.0GB/49.1GB (89.6%)
2021-10-22T23:56:47.759+0000	[#####################...] benchmark.Twitter	44.1GB/49.1GB (89.7%)
2021-10-22T23:56:50.759+0000	[#####################...] benchmark.Twitter	44.1GB/49.1GB (89.8%)
2021-10-22T23:56:53.760+0000	[#####################...] benchmark.Twitter	44.2GB/49.1GB (89.9%)
2021-10-22T23:56:56.762+0000	[#####################...] benchmark.Twitter	44.2GB/49.1GB (90.0%)
2021-10-22T23:56:59.760+0000	[#####################...] benchmark.Twitter	44.3GB/49.1GB (90.1%)
2021-10-22T23:57:02.759+0000	[#####################...] benchmark.Twitter	44.3GB/49.1GB (90.3%)
2021-10-22T23:57:05.759+0000	[#####################...] benchmark.Twitter	44.4GB/49.1GB (90.4%)
2021-10-22T23:57:08.760+0000	[#####################...] benchmark.Twitter	44.5GB/49.1GB (90.5%)
2021-10-22T23:57:11.760+0000	[#####################...] benchmark.Twitter	44.5GB/49.1GB (90.6%)
2021-10-22T23:57:14.759+0000	[#####################...] benchmark.Twitter	44.6GB/49.1GB (90.8%)
2021-10-22T23:57:17.761+0000	[#####################...] benchmark.Twitter	44.7GB/49.1GB (90.9%)
2021-10-22T23:57:20.760+0000	[#####################...] benchmark.Twitter	44.7GB/49.1GB (91.0%)
2021-10-22T23:57:23.760+0000	[#####################...] benchmark.Twitter	44.8GB/49.1GB (91.2%)
2021-10-22T23:57:26.759+0000	[#####################...] benchmark.Twitter	44.9GB/49.1GB (91.3%)
2021-10-22T23:57:29.760+0000	[#####################...] benchmark.Twitter	44.9GB/49.1GB (91.4%)
2021-10-22T23:57:32.760+0000	[#####################...] benchmark.Twitter	45.0GB/49.1GB (91.5%)
2021-10-22T23:57:35.760+0000	[######################..] benchmark.Twitter	45.0GB/49.1GB (91.7%)
2021-10-22T23:57:38.760+0000	[######################..] benchmark.Twitter	45.1GB/49.1GB (91.8%)
2021-10-22T23:57:41.759+0000	[######################..] benchmark.Twitter	45.2GB/49.1GB (91.9%)
2021-10-22T23:57:44.759+0000	[######################..] benchmark.Twitter	45.2GB/49.1GB (92.1%)
2021-10-22T23:57:47.760+0000	[######################..] benchmark.Twitter	45.3GB/49.1GB (92.2%)
2021-10-22T23:57:50.760+0000	[######################..] benchmark.Twitter	45.4GB/49.1GB (92.3%)
2021-10-22T23:57:53.760+0000	[######################..] benchmark.Twitter	45.4GB/49.1GB (92.5%)
2021-10-22T23:57:56.760+0000	[######################..] benchmark.Twitter	45.5GB/49.1GB (92.6%)
2021-10-22T23:57:59.760+0000	[######################..] benchmark.Twitter	45.5GB/49.1GB (92.7%)
2021-10-22T23:58:02.760+0000	[######################..] benchmark.Twitter	45.6GB/49.1GB (92.8%)
2021-10-22T23:58:05.764+0000	[######################..] benchmark.Twitter	45.7GB/49.1GB (93.0%)
2021-10-22T23:58:08.760+0000	[######################..] benchmark.Twitter	45.7GB/49.1GB (93.1%)
2021-10-22T23:58:11.760+0000	[######################..] benchmark.Twitter	45.8GB/49.1GB (93.2%)
2021-10-22T23:58:14.760+0000	[######################..] benchmark.Twitter	45.9GB/49.1GB (93.4%)
2021-10-22T23:58:17.759+0000	[######################..] benchmark.Twitter	45.9GB/49.1GB (93.5%)
2021-10-22T23:58:20.760+0000	[######################..] benchmark.Twitter	46.0GB/49.1GB (93.6%)
2021-10-22T23:58:23.760+0000	[######################..] benchmark.Twitter	46.1GB/49.1GB (93.7%)
2021-10-22T23:58:26.760+0000	[######################..] benchmark.Twitter	46.1GB/49.1GB (93.9%)
2021-10-22T23:58:29.760+0000	[######################..] benchmark.Twitter	46.2GB/49.1GB (94.0%)
2021-10-22T23:58:32.759+0000	[######################..] benchmark.Twitter	46.2GB/49.1GB (94.1%)
2021-10-22T23:58:35.760+0000	[######################..] benchmark.Twitter	46.3GB/49.1GB (94.3%)
2021-10-22T23:58:38.760+0000	[######################..] benchmark.Twitter	46.4GB/49.1GB (94.4%)
2021-10-22T23:58:41.759+0000	[######################..] benchmark.Twitter	46.5GB/49.1GB (94.5%)
2021-10-22T23:58:44.759+0000	[######################..] benchmark.Twitter	46.5GB/49.1GB (94.7%)
2021-10-22T23:58:47.759+0000	[######################..] benchmark.Twitter	46.6GB/49.1GB (94.8%)
2021-10-22T23:58:50.759+0000	[######################..] benchmark.Twitter	46.6GB/49.1GB (94.9%)
2021-10-22T23:58:53.759+0000	[######################..] benchmark.Twitter	46.7GB/49.1GB (95.1%)
2021-10-22T23:58:56.759+0000	[######################..] benchmark.Twitter	46.8GB/49.1GB (95.2%)
2021-10-22T23:58:59.760+0000	[######################..] benchmark.Twitter	46.8GB/49.1GB (95.3%)
2021-10-22T23:59:02.760+0000	[######################..] benchmark.Twitter	46.9GB/49.1GB (95.4%)
2021-10-22T23:59:05.759+0000	[######################..] benchmark.Twitter	46.9GB/49.1GB (95.5%)
2021-10-22T23:59:08.760+0000	[######################..] benchmark.Twitter	47.0GB/49.1GB (95.7%)
2021-10-22T23:59:11.759+0000	[######################..] benchmark.Twitter	47.0GB/49.1GB (95.8%)
2021-10-22T23:59:14.760+0000	[#######################.] benchmark.Twitter	47.1GB/49.1GB (95.9%)
2021-10-22T23:59:17.760+0000	[#######################.] benchmark.Twitter	47.2GB/49.1GB (96.0%)
2021-10-22T23:59:20.760+0000	[#######################.] benchmark.Twitter	47.2GB/49.1GB (96.1%)
2021-10-22T23:59:23.759+0000	[#######################.] benchmark.Twitter	47.3GB/49.1GB (96.2%)
2021-10-22T23:59:26.761+0000	[#######################.] benchmark.Twitter	47.3GB/49.1GB (96.3%)
2021-10-22T23:59:29.759+0000	[#######################.] benchmark.Twitter	47.4GB/49.1GB (96.5%)
2021-10-22T23:59:32.760+0000	[#######################.] benchmark.Twitter	47.5GB/49.1GB (96.6%)
2021-10-22T23:59:35.760+0000	[#######################.] benchmark.Twitter	47.5GB/49.1GB (96.7%)
2021-10-22T23:59:38.759+0000	[#######################.] benchmark.Twitter	47.6GB/49.1GB (96.9%)
2021-10-22T23:59:41.759+0000	[#######################.] benchmark.Twitter	47.6GB/49.1GB (97.0%)
2021-10-22T23:59:44.760+0000	[#######################.] benchmark.Twitter	47.7GB/49.1GB (97.1%)
2021-10-22T23:59:47.759+0000	[#######################.] benchmark.Twitter	47.8GB/49.1GB (97.2%)
2021-10-22T23:59:50.759+0000	[#######################.] benchmark.Twitter	47.8GB/49.1GB (97.4%)
2021-10-22T23:59:53.760+0000	[#######################.] benchmark.Twitter	47.9GB/49.1GB (97.5%)
2021-10-22T23:59:56.759+0000	[#######################.] benchmark.Twitter	48.0GB/49.1GB (97.6%)
2021-10-22T23:59:59.760+0000	[#######################.] benchmark.Twitter	48.0GB/49.1GB (97.8%)
2021-10-23T00:00:02.760+0000	[#######################.] benchmark.Twitter	48.1GB/49.1GB (97.9%)
2021-10-23T00:00:05.760+0000	[#######################.] benchmark.Twitter	48.2GB/49.1GB (98.0%)
2021-10-23T00:00:08.759+0000	[#######################.] benchmark.Twitter	48.2GB/49.1GB (98.2%)
2021-10-23T00:00:11.759+0000	[#######################.] benchmark.Twitter	48.3GB/49.1GB (98.3%)
2021-10-23T00:00:14.760+0000	[#######################.] benchmark.Twitter	48.4GB/49.1GB (98.4%)
2021-10-23T00:00:17.760+0000	[#######################.] benchmark.Twitter	48.4GB/49.1GB (98.5%)
2021-10-23T00:00:20.759+0000	[#######################.] benchmark.Twitter	48.5GB/49.1GB (98.7%)
2021-10-23T00:00:23.760+0000	[#######################.] benchmark.Twitter	48.5GB/49.1GB (98.8%)
2021-10-23T00:00:26.760+0000	[#######################.] benchmark.Twitter	48.6GB/49.1GB (98.9%)
2021-10-23T00:00:29.759+0000	[#######################.] benchmark.Twitter	48.7GB/49.1GB (99.0%)
2021-10-23T00:00:32.766+0000	[#######################.] benchmark.Twitter	48.7GB/49.1GB (99.2%)
2021-10-23T00:00:35.760+0000	[#######################.] benchmark.Twitter	48.8GB/49.1GB (99.3%)
2021-10-23T00:00:38.759+0000	[#######################.] benchmark.Twitter	48.9GB/49.1GB (99.4%)
2021-10-23T00:00:41.759+0000	[#######################.] benchmark.Twitter	48.9GB/49.1GB (99.6%)
2021-10-23T00:00:44.759+0000	[#######################.] benchmark.Twitter	49.0GB/49.1GB (99.7%)
2021-10-23T00:00:47.760+0000	[#######################.] benchmark.Twitter	49.0GB/49.1GB (99.8%)
2021-10-23T00:00:50.760+0000	[#######################.] benchmark.Twitter	49.1GB/49.1GB (99.9%)
2021-10-23T00:00:51.940+0000	[########################] benchmark.Twitter	49.1GB/49.1GB (100.0%)
2021-10-23T00:00:51.940+0000	13346336 document(s) imported successfully. 0 document(s) failed to import.
mongo-benchmark
MongoDB: 3561.02 s
mongo-benchmark
=== Found Postgres query file, executing Postgres queries ===
= File:'Twitter.json' =
13.4-alpine: Pulling from library/postgres
Digest: sha256:e9e481c3b0960e6acdd0d1202938617b9075d20f477765b531846671b7e624f2
Status: Image is up to date for postgres:13.4-alpine
c322329f38270cc6517f3ab6789779cc0f243801308f9deab055ca67fadf5409
3
PSQL: 8552.54 s
psql-benchmark
=== Found JQ query file, executing JQ queries ===
Sending build context to Docker daemon  112.1kB
Step 1/2 : FROM alpine
 ---> 14119a10abf4
Step 2/2 : RUN apk add --no-cache --upgrade bash jq
 ---> Using cache
 ---> 91ec4132b45e
Successfully built 91ec4132b45e
Successfully tagged nicotin/jq:05-10-2021
write /dev/stdout: broken pipe
0
JQ: 19050.3 s
jq-benchmark
=== Results ===
= JQ =
Overall: 19050.3
= JODA =
Overall: 140.876
Query Time: 65.7149
10.497371551
7.35288532
7.713294378
5.791566405
4.6941113
5.546343851
5.113687732
5.261546969
7.145751917
6.598305703
= Mongo =
Overall: 3561.02
184.125
166.77
165.412
176.304
65.09
86.029
87.908
86.138
83.867
80.492
Query Time: 1182.13
= PostgreSQL =
Overall: 8552.54
=== AGG Results ===
= JQ =
5073309
1985718
1423329
1253365
4467128
970479
434583
226865
79126
56933
= JODA =
13346336
5073309
1985718
1423329
1253365
4467128
970479
434583
226865
79126
56933
= Mongo =
5073309
1985718
1423329
1253365
4467128
970479
434583
226865
79126
56933
= PostgreSQL =
 5073309
 1985718
 1423329
 1253365
 4456547
 959898
 424002
 216709
 68970
 48900
