=== Found JODA query file, executing JODA queries ===
= File:'Twitter.json' =
0.12.4: Pulling from nicotin/joda
Digest: sha256:b253680f2c5ee1118e2c282e0c4ebff5cb6e87643fb98abcf1e686caaa35152a
Status: Image is up to date for nicotin/joda:0.12.4
4522e35e069da32fb94f5f9e0550f9a189cd82a3d9b815af374998fecd6cac23
0
JODA: 77.6803 s
joda-benchmark
=== Results ===
= JQ =
Overall: 
= JODA =
Overall: 77.6803
Query Time: 11.3534
4.439038123
2.030105451
0.87568255
1.485834868
0.613545949
0.960167624
0.441072724
0.27708779
0.094633907
0.136206546
= Mongo =
Overall: 

Query Time: 
= PostgreSQL =
Overall: 
=== AGG Results ===
= JQ =

= JODA =
13346336
10691615
9502932
7738279
2104226
4128331
4128331
2230409
833660
262808
256229
= Mongo =

= PostgreSQL =

