=== Found JODA query file, executing JODA queries ===
= File:'NoBench.json' =
0.12.3: Pulling from nicotin/joda
Digest: sha256:6c0c6b4a19967ae02ef348535acdb3eb8496453a8b868763c34370e10be0192f
Status: Image is up to date for nicotin/joda:0.12.3
d903f5b9e4570b17011c7dcef30c7458570bfd75fd6aa83b9ebb411ac86f3a83
0
JODA: 5.93115 s
joda-benchmark
=== Found MongoDB query file, executing MongoDB queries ===
= File:'NoBench.json' =
5.0.3-focal: Pulling from library/mongo
Digest: sha256:f7c401402aa3e689fc42c7109247ab2d5a3e3b4b8a3ace4c2bf7a5fc74ca4917
Status: Image is up to date for mongo:5.0.3-focal
6c6d9a065ab24fc345c8a086bd70c7050a875b88b77e391e00c6cf9797327bdb
2021-11-09T05:32:30.308+0000	connected to: mongodb://localhost/
2021-11-09T05:32:33.309+0000	[........................] benchmark.NoBench	16.1MB/574MB (2.8%)
2021-11-09T05:32:36.309+0000	[#.......................] benchmark.NoBench	30.7MB/574MB (5.4%)
2021-11-09T05:32:39.308+0000	[#.......................] benchmark.NoBench	43.2MB/574MB (7.5%)
2021-11-09T05:32:42.310+0000	[##......................] benchmark.NoBench	56.9MB/574MB (9.9%)
2021-11-09T05:32:45.309+0000	[##......................] benchmark.NoBench	71.3MB/574MB (12.4%)
2021-11-09T05:32:48.308+0000	[###.....................] benchmark.NoBench	84.9MB/574MB (14.8%)
2021-11-09T05:32:51.309+0000	[####....................] benchmark.NoBench	100.0MB/574MB (17.4%)
2021-11-09T05:32:54.309+0000	[####....................] benchmark.NoBench	113MB/574MB (19.7%)
2021-11-09T05:32:57.321+0000	[#####...................] benchmark.NoBench	127MB/574MB (22.1%)
2021-11-09T05:33:00.310+0000	[#####...................] benchmark.NoBench	141MB/574MB (24.5%)
2021-11-09T05:33:03.308+0000	[######..................] benchmark.NoBench	154MB/574MB (26.9%)
2021-11-09T05:33:06.309+0000	[#######.................] benchmark.NoBench	168MB/574MB (29.3%)
2021-11-09T05:33:09.309+0000	[#######.................] benchmark.NoBench	183MB/574MB (31.9%)
2021-11-09T05:33:12.309+0000	[########................] benchmark.NoBench	196MB/574MB (34.3%)
2021-11-09T05:33:15.309+0000	[########................] benchmark.NoBench	210MB/574MB (36.7%)
2021-11-09T05:33:18.309+0000	[#########...............] benchmark.NoBench	225MB/574MB (39.2%)
2021-11-09T05:33:21.309+0000	[#########...............] benchmark.NoBench	238MB/574MB (41.5%)
2021-11-09T05:33:24.308+0000	[##########..............] benchmark.NoBench	253MB/574MB (44.0%)
2021-11-09T05:33:27.309+0000	[###########.............] benchmark.NoBench	266MB/574MB (46.4%)
2021-11-09T05:33:30.309+0000	[###########.............] benchmark.NoBench	281MB/574MB (48.9%)
2021-11-09T05:33:33.309+0000	[############............] benchmark.NoBench	297MB/574MB (51.7%)
2021-11-09T05:33:36.308+0000	[############............] benchmark.NoBench	310MB/574MB (54.1%)
2021-11-09T05:33:39.309+0000	[#############...........] benchmark.NoBench	324MB/574MB (56.5%)
2021-11-09T05:33:42.309+0000	[##############..........] benchmark.NoBench	337MB/574MB (58.8%)
2021-11-09T05:33:45.309+0000	[##############..........] benchmark.NoBench	351MB/574MB (61.2%)
2021-11-09T05:33:48.309+0000	[###############.........] benchmark.NoBench	366MB/574MB (63.9%)
2021-11-09T05:33:51.309+0000	[###############.........] benchmark.NoBench	380MB/574MB (66.2%)
2021-11-09T05:33:54.308+0000	[################........] benchmark.NoBench	393MB/574MB (68.6%)
2021-11-09T05:33:57.309+0000	[#################.......] benchmark.NoBench	407MB/574MB (71.0%)
2021-11-09T05:34:00.309+0000	[#################.......] benchmark.NoBench	421MB/574MB (73.5%)
2021-11-09T05:34:03.316+0000	[##################......] benchmark.NoBench	435MB/574MB (75.9%)
2021-11-09T05:34:06.309+0000	[##################......] benchmark.NoBench	449MB/574MB (78.3%)
2021-11-09T05:34:09.308+0000	[###################.....] benchmark.NoBench	463MB/574MB (80.7%)
2021-11-09T05:34:12.309+0000	[###################.....] benchmark.NoBench	478MB/574MB (83.3%)
2021-11-09T05:34:15.312+0000	[####################....] benchmark.NoBench	492MB/574MB (85.8%)
2021-11-09T05:34:18.313+0000	[#####################...] benchmark.NoBench	506MB/574MB (88.3%)
2021-11-09T05:34:21.313+0000	[#####################...] benchmark.NoBench	520MB/574MB (90.7%)
2021-11-09T05:34:24.309+0000	[######################..] benchmark.NoBench	535MB/574MB (93.2%)
2021-11-09T05:34:27.309+0000	[######################..] benchmark.NoBench	549MB/574MB (95.7%)
2021-11-09T05:34:30.308+0000	[#######################.] benchmark.NoBench	563MB/574MB (98.1%)
2021-11-09T05:34:32.491+0000	[########################] benchmark.NoBench	574MB/574MB (100.0%)
2021-11-09T05:34:32.492+0000	1000000 document(s) imported successfully. 0 document(s) failed to import.
mongo-benchmark
MongoDB: 165.372 s
mongo-benchmark
=== Found Postgres query file, executing Postgres queries ===
= File:'NoBench.json' =
13.4-alpine: Pulling from library/postgres
Digest: sha256:c170270dc9ba94f491375e366fa2cf46d0bc0027e4a69d70e6e9d1454ba748dc
Status: Image is up to date for postgres:13.4-alpine
d5d106a1ba0d81bae04834ff3bab6e602938eec9eac6abd40be518be26f532e1
3
PSQL: 39.5129 s
psql-benchmark
=== Results ===
= JQ =
Overall: 
= JODA =
Overall: 5.93115
Query Time: 2.44468
0.185025707
0.182239077
0.254889458
0.240816256
0.253440652
0.160948174
0.282299598
0.288413304
0.30576822
0.290836753
= Mongo =
Overall: 165.372
2.634
4.575
5.304
3.944
4.899
2.831
5.017
5.201
3.881
3.025
Query Time: 41.311
= PostgreSQL =
Overall: 39.5129
=== AGG Results ===
= JQ =

= JODA =
1000000
346717
745481
739140
383933
155590
22994
49322
11758
4034
111
= Mongo =
346717
745481
739140
383933
155590
22994
49322
11758
4034
111
= PostgreSQL =
 346717
 745481
 739140
 383933
 155590
 22994
 49322
 11758
  4034
   111
