=== Found JODA query file, executing JODA queries ===
= File:'Twitter.json' =
0.12.4: Pulling from nicotin/joda
Digest: sha256:b253680f2c5ee1118e2c282e0c4ebff5cb6e87643fb98abcf1e686caaa35152a
Status: Image is up to date for nicotin/joda:0.12.4
3a9a3cc045ba5f6f213fdf0ee94e1a9d25a7d73040aa38ecfc9821d81022b091
0
JODA: 132.462 s
joda-benchmark
=== Results ===
= JQ =
Overall: 
= JODA =
Overall: 132.462
Query Time: 42.6643
3.898801393
7.137905026
6.539372032
8.573514325
0.437854988
0.297978865
0.627691792
0.096295313
0.381298133
0.088210299
0.287229862
0.084283912
11.830490557
0.359314733
0.040927026
0.003528395
0.095433672
0.101619348
0.161193983
1.621328745
= Mongo =
Overall: 

Query Time: 
= PostgreSQL =
Overall: 
=== AGG Results ===
= JQ =

= JODA =
13346336
10497220
5073309
3077465
3710482
1257056
285998
265196
217102
140152
140152
102933
61327
5073309
1985538
0
85825
91935
37305
5073309
= Mongo =

= PostgreSQL =

