=== Found JODA query file, executing JODA queries ===
= File:'Twitter.json' =
0.12.4: Pulling from nicotin/joda
Digest: sha256:b253680f2c5ee1118e2c282e0c4ebff5cb6e87643fb98abcf1e686caaa35152a
Status: Image is up to date for nicotin/joda:0.12.4
3cd08ec5c884e9cfb3a5e2d66e3ac3cd6d147238e51276c474324d4dacf796e2
0
JODA: 80.793 s
joda-benchmark
=== Results ===
= JQ =
Overall: 
= JODA =
Overall: 80.793
Query Time: 13.8012
4.710735424
2.655487
0.93137877
1.432242007
0.616843802
0.934784392
0.648374613
0.691776835
0.669920582
0.509643255
= Mongo =
Overall: 

Query Time: 
= PostgreSQL =
Overall: 
=== AGG Results ===
= JQ =

= JODA =
13346336
10691615
9502932
7738279
2104226
4128331
4128331
4128331
4128331
4128331
2871244
= Mongo =

= PostgreSQL =

