=== Found JODA query file, executing JODA queries ===
= File:'Twitter.json' =
0.12.4: Pulling from nicotin/joda
Digest: sha256:b253680f2c5ee1118e2c282e0c4ebff5cb6e87643fb98abcf1e686caaa35152a
Status: Image is up to date for nicotin/joda:0.12.4
87e59468e79f172bc02144fb3e9db027b50c9dad817a227da4ce00fb9f4e794a
0
JODA: 88.1799 s
joda-benchmark
=== Results ===
= JQ =
Overall: 
= JODA =
Overall: 88.1799
Query Time: 19.9302
3.767405049
4.83254245
5.111757106
4.961455558
1.257039144
= Mongo =
Overall: 

Query Time: 
= PostgreSQL =
Overall: 
=== AGG Results ===
= JQ =

= JODA =
13346336
10497220
5073309
3077465
3710482
1257056
= Mongo =

= PostgreSQL =

