=== Found JODA query file, executing JODA queries ===
= File:'Twitter.json' =
0.12.4: Pulling from nicotin/joda
Digest: sha256:b253680f2c5ee1118e2c282e0c4ebff5cb6e87643fb98abcf1e686caaa35152a
Status: Image is up to date for nicotin/joda:0.12.4
ab127c54fa0e95f7adff115138b070486fa61dd07c2379c39cd8526f88147892
0
JODA: 80.6135 s
joda-benchmark
=== Results ===
= JQ =
Overall: 
= JODA =
Overall: 80.6135
Query Time: 14.2122
4.380834428
4.472594132
1.462374064
1.161286207
0.695688238
0.150838037
0.614173387
0.370538526
0.804634321
0.099201283
= Mongo =
Overall: 

Query Time: 
= PostgreSQL =
Overall: 
=== AGG Results ===
= JQ =

= JODA =
13346336
10691615
5073309
4743231
5073309
1523340
318762
2299725
1295078
1314027
156074
= Mongo =

= PostgreSQL =

