=== Found JODA query file, executing JODA queries ===
= File:'NoBench.json' =
0.12.3: Pulling from nicotin/joda
Digest: sha256:6c0c6b4a19967ae02ef348535acdb3eb8496453a8b868763c34370e10be0192f
Status: Image is up to date for nicotin/joda:0.12.3
37202836645e1d75e62b912c2d1fb76530be420199ec64188efabafc6727bb87
0
JODA: 1.63692 s
joda-benchmark
=== Found MongoDB query file, executing MongoDB queries ===
= File:'NoBench.json' =
5.0.3-focal: Pulling from library/mongo
Digest: sha256:f7c401402aa3e689fc42c7109247ab2d5a3e3b4b8a3ace4c2bf7a5fc74ca4917
Status: Image is up to date for mongo:5.0.3-focal
fa4162f9ec61a923414a080cfa0da768678164ffcfd8ee5a1dd578de0003ecaa
2021-11-09T05:31:48.335+0000	connected to: mongodb://localhost/
2021-11-09T05:31:51.335+0000	[######..................] benchmark.NoBench	15.9MB/54.9MB (28.9%)
2021-11-09T05:31:54.339+0000	[#############...........] benchmark.NoBench	30.2MB/54.9MB (55.0%)
2021-11-09T05:31:57.335+0000	[##################......] benchmark.NoBench	43.3MB/54.9MB (78.8%)
2021-11-09T05:32:00.242+0000	[########################] benchmark.NoBench	54.9MB/54.9MB (100.0%)
2021-11-09T05:32:00.242+0000	100000 document(s) imported successfully. 0 document(s) failed to import.
mongo-benchmark
MongoDB: 18.4633 s
mongo-benchmark
=== Found Postgres query file, executing Postgres queries ===
= File:'NoBench.json' =
13.4-alpine: Pulling from library/postgres
Digest: sha256:c170270dc9ba94f491375e366fa2cf46d0bc0027e4a69d70e6e9d1454ba748dc
Status: Image is up to date for postgres:13.4-alpine
5e72ee7522c9a2f8f4da3ebb3b53938f2cd3f282a552303eafa4fccac7ba4a79
3
PSQL: 5.98765 s
psql-benchmark
=== Results ===
= JQ =
Overall: 
= JODA =
Overall: 1.63692
Query Time: 0.394423
0.043608998
0.04224628
0.048194357
0.038028163
0.039806144
0.030811252
0.03516357
0.036375228
0.036281073
0.043908139
= Mongo =
Overall: 18.4633
0.359
0.487
0.48
0.389
0.545
0.299
0.569
0.565
0.429
0.347
Query Time: 4.469
= PostgreSQL =
Overall: 5.98765
=== AGG Results ===
= JQ =

= JODA =
100000
34172
82443
82313
42304
18711
6632
3068
818
278
10
= Mongo =
34172
82443
82313
42304
18711
6632
3068
818
278
10
= PostgreSQL =
 34172
 82443
 82313
 42304
 18711
  6632
  3068
   818
   278
    10
