=== Found JODA query file, executing JODA queries ===
= File:'Twitter.json' =
0.12.4: Pulling from nicotin/joda
Digest: sha256:b253680f2c5ee1118e2c282e0c4ebff5cb6e87643fb98abcf1e686caaa35152a
Status: Image is up to date for nicotin/joda:0.12.4
d938a45dd61b4c4ee5fa1a8a9ba9094eae7e94a66df717007aaea28fcdd1edef
0
JODA: 82.7974 s
joda-benchmark
=== Results ===
= JQ =
Overall: 
= JODA =
Overall: 82.7974
Query Time: 14.6612
4.627218682
2.232435772
1.544221049
2.072672507
0.676599208
1.328885274
0.848665281
0.254382969
0.836261627
0.239829555
= Mongo =
Overall: 

Query Time: 
= PostgreSQL =
Overall: 
=== AGG Results ===
= JQ =

= JODA =
13346336
10691615
9205553
6390094
6383140
1546424
5073309
1501180
925448
5073309
1318963
= Mongo =

= PostgreSQL =

