=== Found JODA query file, executing JODA queries ===
= File:'Twitter.json' =
0.12.4: Pulling from nicotin/joda
Digest: sha256:b253680f2c5ee1118e2c282e0c4ebff5cb6e87643fb98abcf1e686caaa35152a
Status: Image is up to date for nicotin/joda:0.12.4
9d6256c8f2681bf4527e2f92ba3ef5df0e73a12748d50052750170acce454ec4
0
JODA: 87.7699 s
joda-benchmark
=== Results ===
= JQ =
Overall: 
= JODA =
Overall: 87.7699
Query Time: 20.4398
4.572072299
4.641557572
3.954579158
2.306778029
1.113208917
1.526639426
0.92043981
0.406488431
0.526201958
0.471800155
= Mongo =
Overall: 

Query Time: 
= PostgreSQL =
Overall: 
=== AGG Results ===
= JQ =

= JODA =
13346336
10691615
5073309
5407738
5073309
3178266
5267704
4682782
2621809
4045543
2128860
= Mongo =

= PostgreSQL =

