=== Found JODA query file, executing JODA queries ===
= File:'Twitter.json' =
0.12.4: Pulling from nicotin/joda
Digest: sha256:b253680f2c5ee1118e2c282e0c4ebff5cb6e87643fb98abcf1e686caaa35152a
Status: Image is up to date for nicotin/joda:0.12.4
063790801a06cbb2f11d20fd7ddf09ca34fde33f087c5bab14f6df129e9a05dd
0
JODA: 63.6432 s
joda-benchmark
=== Results ===
= JQ =
Overall: 
= JODA =
Overall: 63.6432
Query Time: 8.71827
5.681865082
1.720105216
0.378839223
0.267146267
0.166663083
0.115287266
0.141275717
0.081411071
0.096611007
0.069065905
= Mongo =
Overall: 

Query Time: 
= PostgreSQL =
Overall: 
=== AGG Results ===
= JQ =

= JODA =
13346336
5073309
5096265
1310493
688110
644781
318320
567347
61114
60478
22156
= Mongo =

= PostgreSQL =

