=== Found JODA query file, executing JODA queries ===
= File:'NoBench.json' =
0.12.3: Pulling from nicotin/joda
Digest: sha256:6c0c6b4a19967ae02ef348535acdb3eb8496453a8b868763c34370e10be0192f
Status: Image is up to date for nicotin/joda:0.12.3
ac3c3c662dfee3a74640d753c86a1af472c2e573b90f9557745653b3b66aa7cb
0
JODA: 1.60842 s
joda-benchmark
=== Found MongoDB query file, executing MongoDB queries ===
= File:'NoBench.json' =
5.0.3-focal: Pulling from library/mongo
Digest: sha256:f7c401402aa3e689fc42c7109247ab2d5a3e3b4b8a3ace4c2bf7a5fc74ca4917
Status: Image is up to date for mongo:5.0.3-focal
8c8051dc5bebdaed4ede84995d189579ea9a1ace47a7429893392ae1c767a7b1
2021-11-10T00:58:11.657+0000	connected to: mongodb://localhost/
2021-11-10T00:58:14.659+0000	[#######.................] benchmark.NoBench	16.1MB/54.9MB (29.2%)
2021-11-10T00:58:17.658+0000	[############............] benchmark.NoBench	29.2MB/54.9MB (53.2%)
2021-11-10T00:58:20.659+0000	[##################......] benchmark.NoBench	42.3MB/54.9MB (76.9%)
2021-11-10T00:58:23.445+0000	[########################] benchmark.NoBench	54.9MB/54.9MB (100.0%)
2021-11-10T00:58:23.445+0000	100000 document(s) imported successfully. 0 document(s) failed to import.
mongo-benchmark
MongoDB: 17.9909 s
mongo-benchmark
=== Found Postgres query file, executing Postgres queries ===
= File:'NoBench.json' =
13.4-alpine: Pulling from library/postgres
Digest: sha256:c170270dc9ba94f491375e366fa2cf46d0bc0027e4a69d70e6e9d1454ba748dc
Status: Image is up to date for postgres:13.4-alpine
7a15cb26de37426ae65f5350f93a96d75602164d452f748bb5931a4fa12a10e7
3
PSQL: 5.90677 s
psql-benchmark
=== Results ===
= JQ =
Overall: 
= JODA =
Overall: 1.60842
Query Time: 0.368266
0.036066687
0.034392477
0.037324954
0.036233874
0.045497539
0.029968511
0.03640181
0.037713668
0.038071533
0.036594629
= Mongo =
Overall: 17.9909
0.353
0.484
0.476
0.377
0.486
0.271
0.505
0.504
0.389
0.303
Query Time: 4.148
= PostgreSQL =
Overall: 5.90677
=== AGG Results ===
= JQ =

= JODA =
100000
34172
82443
82313
42304
18711
6632
3068
818
278
10
= Mongo =
34172
82443
82313
42304
18711
6632
3068
818
278
10
= PostgreSQL =
 34172
 82443
 82313
 42304
 18711
  6632
  3068
   818
   278
    10
