=== Found JODA query file, executing JODA queries ===
= File:'Twitter.json' =
0.12.4: Pulling from nicotin/joda
Digest: sha256:b253680f2c5ee1118e2c282e0c4ebff5cb6e87643fb98abcf1e686caaa35152a
Status: Image is up to date for nicotin/joda:0.12.4
12d1d20a8cba11972228c800eb26030ab17bf6c97df692bb6785e06a56dddf9e
0
JODA: 73.8861 s
joda-benchmark
=== Results ===
= JQ =
Overall: 
= JODA =
Overall: 73.8861
Query Time: 14.0709
6.860014877
2.984837537
1.516921963
0.459565249
0.301329533
0.144567017
0.103823872
0.109378317
0.108383921
1.482067473
= Mongo =
Overall: 

Query Time: 
= PostgreSQL =
Overall: 
=== AGG Results ===
= JQ =

= JODA =
13346336
10691615
5073309
1707641
1317761
1493294
619997
202258
446073
335076
5538927
= Mongo =

= PostgreSQL =

