=== Found JODA query file, executing JODA queries ===
= File:'NoBench.json' =
0.12.3: Pulling from nicotin/joda
Digest: sha256:6c0c6b4a19967ae02ef348535acdb3eb8496453a8b868763c34370e10be0192f
Status: Image is up to date for nicotin/joda:0.12.3
e99bc1537052a431c35ad753d84663866e1126a94b5c9d0166305edf15074a90
0
JODA: 1.2423 s
joda-benchmark
=== Found MongoDB query file, executing MongoDB queries ===
= File:'NoBench.json' =
5.0.3-focal: Pulling from library/mongo
Digest: sha256:f7c401402aa3e689fc42c7109247ab2d5a3e3b4b8a3ace4c2bf7a5fc74ca4917
Status: Image is up to date for mongo:5.0.3-focal
8a0c9901e0a87f6b207a1a43acc3bbd168e0714865675117a3e5ba104fd25f91
2021-11-08T19:46:25.548+0000	connected to: mongodb://localhost/
2021-11-08T19:46:26.313+0000	10000 document(s) imported successfully. 0 document(s) failed to import.
mongo-benchmark
MongoDB: 3.03619 s
mongo-benchmark
=== Found Postgres query file, executing Postgres queries ===
= File:'NoBench.json' =
13.4-alpine: Pulling from library/postgres
Digest: sha256:c170270dc9ba94f491375e366fa2cf46d0bc0027e4a69d70e6e9d1454ba748dc
Status: Image is up to date for postgres:13.4-alpine
d377334e0d74bae1baf3a3e03deff028355127b79b619a18b040dc2578ed4052
3
PSQL: 2.21444 s
psql-benchmark
=== Results ===
= JQ =
Overall: 
= JODA =
Overall: 1.2423
Query Time: 0.246326
0.030047052
0.030380419
0.026837697
0.028561307
0.022930145
0.023606035
0.026331196
0.020411957
0.018128088
0.019092479
= Mongo =
Overall: 3.03619
0.04
0.053
0.046
0.048
0.063
0.022
0.064
0.064
0.049
0.042
Query Time: 0.491
= PostgreSQL =
Overall: 2.21444
=== AGG Results ===
= JQ =

= JODA =
10000
2917
8011
2893
4117
1283
4994
627
142
49
23
= Mongo =
2917
8011
2893
4117
1283
4994
627
142
49
23
= PostgreSQL =
  2917
  8011
  2893
  4117
  1283
  4994
   627
   142
    49
    23
