=== Found JODA query file, executing JODA queries ===
= File:'Twitter.json' =
0.12.4: Pulling from nicotin/joda
Digest: sha256:b253680f2c5ee1118e2c282e0c4ebff5cb6e87643fb98abcf1e686caaa35152a
Status: Image is up to date for nicotin/joda:0.12.4
876476d444f71f15ee849ed67ba729ec8e97578f7430bb3833e075d9c264e4dd
0
JODA: 90.2379 s
joda-benchmark
=== Results ===
= JQ =
Overall: 
= JODA =
Overall: 90.2379
Query Time: 19.1539
5.295195911
2.058627163
1.587203892
1.960928629
1.713084526
1.129562946
1.807184878
1.096535069
1.26394665
1.241676169
= Mongo =
Overall: 

Query Time: 
= PostgreSQL =
Overall: 
=== AGG Results ===
= JQ =

= JODA =
13346336
5073309
5009107
5073309
11360618
10691615
5073309
10691615
2818968
5407738
3429873
= Mongo =

= PostgreSQL =

