=== Found JODA query file, executing JODA queries ===
= File:'Twitter.json' =
0.12.4: Pulling from nicotin/joda
Digest: sha256:b253680f2c5ee1118e2c282e0c4ebff5cb6e87643fb98abcf1e686caaa35152a
Status: Image is up to date for nicotin/joda:0.12.4
97e07525d86e4eec326d18fb7414082859ef173562d00e1f7ab25684b2166c70
0
JODA: 89.3281 s
joda-benchmark
=== Results ===
= JQ =
Overall: 
= JODA =
Overall: 89.3281
Query Time: 17.2732
6.402691664
3.282935438
1.440088653
1.548329195
1.360300788
1.529107606
0.786455001
0.611962941
0.221854271
0.089475046
= Mongo =
Overall: 

Query Time: 
= PostgreSQL =
Overall: 
=== AGG Results ===
= JQ =

= JODA =
13346336
5073309
5073309
10691615
10691615
4549413
10691615
5073309
2390990
522691
107867
= Mongo =

= PostgreSQL =

