=== Found JODA query file, executing JODA queries ===
= File:'NoBench.json' =
0.12.3: Pulling from nicotin/joda
Digest: sha256:6c0c6b4a19967ae02ef348535acdb3eb8496453a8b868763c34370e10be0192f
Status: Image is up to date for nicotin/joda:0.12.3
b737cd0bf722b6c3e1bc428e0905256d0d2a8ab305f26037331ed57d615c9aa8
0
JODA: 5.99208 s
joda-benchmark
=== Found MongoDB query file, executing MongoDB queries ===
= File:'NoBench.json' =
5.0.3-focal: Pulling from library/mongo
Digest: sha256:f7c401402aa3e689fc42c7109247ab2d5a3e3b4b8a3ace4c2bf7a5fc74ca4917
Status: Image is up to date for mongo:5.0.3-focal
962b9889e0962e83cefc93307a088279cb656e12b008b328074c99e2acdc855b
2021-11-10T07:27:23.866+0000	connected to: mongodb://localhost/
2021-11-10T07:27:26.866+0000	[........................] benchmark.NoBench	14.8MB/574MB (2.6%)
2021-11-10T07:27:29.872+0000	[#.......................] benchmark.NoBench	28.0MB/574MB (4.9%)
2021-11-10T07:27:32.866+0000	[#.......................] benchmark.NoBench	40.9MB/574MB (7.1%)
2021-11-10T07:27:35.866+0000	[##......................] benchmark.NoBench	54.9MB/574MB (9.6%)
2021-11-10T07:27:38.866+0000	[##......................] benchmark.NoBench	68.4MB/574MB (11.9%)
2021-11-10T07:27:41.873+0000	[###.....................] benchmark.NoBench	83.1MB/574MB (14.5%)
2021-11-10T07:27:44.866+0000	[####....................] benchmark.NoBench	96.6MB/574MB (16.8%)
2021-11-10T07:27:47.867+0000	[####....................] benchmark.NoBench	110MB/574MB (19.1%)
2021-11-10T07:27:50.867+0000	[#####...................] benchmark.NoBench	125MB/574MB (21.7%)
2021-11-10T07:27:53.866+0000	[#####...................] benchmark.NoBench	139MB/574MB (24.2%)
2021-11-10T07:27:56.866+0000	[######..................] benchmark.NoBench	153MB/574MB (26.6%)
2021-11-10T07:27:59.868+0000	[######..................] benchmark.NoBench	167MB/574MB (29.1%)
2021-11-10T07:28:02.866+0000	[#######.................] benchmark.NoBench	181MB/574MB (31.6%)
2021-11-10T07:28:05.866+0000	[########................] benchmark.NoBench	196MB/574MB (34.1%)
2021-11-10T07:28:08.866+0000	[########................] benchmark.NoBench	209MB/574MB (36.5%)
2021-11-10T07:28:11.866+0000	[#########...............] benchmark.NoBench	224MB/574MB (39.0%)
2021-11-10T07:28:14.868+0000	[#########...............] benchmark.NoBench	238MB/574MB (41.5%)
2021-11-10T07:28:17.867+0000	[##########..............] benchmark.NoBench	251MB/574MB (43.8%)
2021-11-10T07:28:20.866+0000	[###########.............] benchmark.NoBench	265MB/574MB (46.2%)
2021-11-10T07:28:23.866+0000	[###########.............] benchmark.NoBench	279MB/574MB (48.7%)
2021-11-10T07:28:26.866+0000	[############............] benchmark.NoBench	297MB/574MB (51.7%)
2021-11-10T07:28:29.866+0000	[#############...........] benchmark.NoBench	312MB/574MB (54.3%)
2021-11-10T07:28:32.866+0000	[#############...........] benchmark.NoBench	326MB/574MB (56.8%)
2021-11-10T07:28:35.866+0000	[##############..........] benchmark.NoBench	341MB/574MB (59.4%)
2021-11-10T07:28:38.866+0000	[##############..........] benchmark.NoBench	355MB/574MB (61.9%)
2021-11-10T07:28:41.866+0000	[###############.........] benchmark.NoBench	370MB/574MB (64.4%)
2021-11-10T07:28:44.870+0000	[################........] benchmark.NoBench	384MB/574MB (67.0%)
2021-11-10T07:28:47.868+0000	[################........] benchmark.NoBench	398MB/574MB (69.5%)
2021-11-10T07:28:50.866+0000	[#################.......] benchmark.NoBench	413MB/574MB (71.9%)
2021-11-10T07:28:53.866+0000	[#################.......] benchmark.NoBench	426MB/574MB (74.3%)
2021-11-10T07:28:56.867+0000	[##################......] benchmark.NoBench	440MB/574MB (76.8%)
2021-11-10T07:28:59.866+0000	[###################.....] benchmark.NoBench	455MB/574MB (79.3%)
2021-11-10T07:29:02.866+0000	[###################.....] benchmark.NoBench	469MB/574MB (81.8%)
2021-11-10T07:29:05.866+0000	[####################....] benchmark.NoBench	484MB/574MB (84.3%)
2021-11-10T07:29:08.866+0000	[####################....] benchmark.NoBench	498MB/574MB (86.8%)
2021-11-10T07:29:11.866+0000	[#####################...] benchmark.NoBench	514MB/574MB (89.6%)
2021-11-10T07:29:14.866+0000	[######################..] benchmark.NoBench	528MB/574MB (92.1%)
2021-11-10T07:29:17.866+0000	[######################..] benchmark.NoBench	544MB/574MB (94.8%)
2021-11-10T07:29:20.866+0000	[#######################.] benchmark.NoBench	558MB/574MB (97.4%)
2021-11-10T07:29:23.867+0000	[#######################.] benchmark.NoBench	572MB/574MB (99.8%)
2021-11-10T07:29:24.139+0000	[########################] benchmark.NoBench	574MB/574MB (100.0%)
2021-11-10T07:29:24.139+0000	1000000 document(s) imported successfully. 0 document(s) failed to import.
mongo-benchmark
MongoDB: 162.96 s
mongo-benchmark
=== Found Postgres query file, executing Postgres queries ===
= File:'NoBench.json' =
13.4-alpine: Pulling from library/postgres
Digest: sha256:c170270dc9ba94f491375e366fa2cf46d0bc0027e4a69d70e6e9d1454ba748dc
Status: Image is up to date for postgres:13.4-alpine
c8ceb74ddf52a32e0c6b03cb24d517999903e136e7fca0f7b5b82e679e989378
3
PSQL: 39.6421 s
psql-benchmark
=== Results ===
= JQ =
Overall: 
= JODA =
Overall: 5.99208
Query Time: 2.59662
0.231772146
0.19382481
0.234706289
0.246890719
0.295438635
0.161159785
0.326467202
0.310707427
0.333298134
0.262359109
= Mongo =
Overall: 162.96
2.476
4.324
5.129
3.857
5.05
2.968
4.979
5.039
4
3.017
Query Time: 40.839
= PostgreSQL =
Overall: 39.6421
=== AGG Results ===
= JQ =

= JODA =
1000000
346717
745481
739140
383933
155590
22994
49322
11758
4034
111
= Mongo =
346717
745481
739140
383933
155590
22994
49322
11758
4034
111
= PostgreSQL =
 346717
 745481
 739140
 383933
 155590
 22994
 49322
 11758
  4034
   111
