=== Found JODA query file, executing JODA queries ===
= File:'Twitter.json' =
0.12.4: Pulling from nicotin/joda
Digest: sha256:b253680f2c5ee1118e2c282e0c4ebff5cb6e87643fb98abcf1e686caaa35152a
Status: Image is up to date for nicotin/joda:0.12.4
eae00aa9122380d4a5d097b9e6b18ad07b574e7fd016c7ab7511dbee72aab844
0
JODA: 89.9162 s
joda-benchmark
=== Results ===
= JQ =
Overall: 
= JODA =
Overall: 89.9162
Query Time: 16.3185
4.81203464
3.426186149
1.746764588
0.978166741
1.262604348
0.595250072
1.343898637
1.126270478
0.706335325
0.320995884
= Mongo =
Overall: 

Query Time: 
= PostgreSQL =
Overall: 
=== AGG Results ===
= JQ =

= JODA =
13346336
10691615
11361303
8706582
3088276
3219571
3088276
10691353
3150924
3088276
706368
= Mongo =

= PostgreSQL =

