=== Found JODA query file, executing JODA queries ===
= File:'NoBench.json' =
0.12.3: Pulling from nicotin/joda
Digest: sha256:6c0c6b4a19967ae02ef348535acdb3eb8496453a8b868763c34370e10be0192f
Status: Image is up to date for nicotin/joda:0.12.3
d88f322691c62d538a98d866648faa3923b35a6ca9e8534061fc68e32bfcd215
0
JODA: 5.67682 s
joda-benchmark
=== Found MongoDB query file, executing MongoDB queries ===
= File:'NoBench.json' =
5.0.3-focal: Pulling from library/mongo
Digest: sha256:f7c401402aa3e689fc42c7109247ab2d5a3e3b4b8a3ace4c2bf7a5fc74ca4917
Status: Image is up to date for mongo:5.0.3-focal
0e69d73d021ac0954a29f4ef173f53bbdadf18a388a8a6715775f30727080d75
2021-11-09T21:43:25.378+0000	connected to: mongodb://localhost/
2021-11-09T21:43:28.378+0000	[........................] benchmark.NoBench	17.3MB/574MB (3.0%)
2021-11-09T21:43:31.378+0000	[#.......................] benchmark.NoBench	32.7MB/574MB (5.7%)
2021-11-09T21:43:34.382+0000	[#.......................] benchmark.NoBench	45.7MB/574MB (8.0%)
2021-11-09T21:43:37.378+0000	[##......................] benchmark.NoBench	59.7MB/574MB (10.4%)
2021-11-09T21:43:40.378+0000	[###.....................] benchmark.NoBench	72.9MB/574MB (12.7%)
2021-11-09T21:43:43.379+0000	[###.....................] benchmark.NoBench	87.1MB/574MB (15.2%)
2021-11-09T21:43:46.378+0000	[####....................] benchmark.NoBench	101MB/574MB (17.5%)
2021-11-09T21:43:49.378+0000	[####....................] benchmark.NoBench	114MB/574MB (19.9%)
2021-11-09T21:43:52.379+0000	[#####...................] benchmark.NoBench	127MB/574MB (22.2%)
2021-11-09T21:43:55.378+0000	[#####...................] benchmark.NoBench	142MB/574MB (24.8%)
2021-11-09T21:43:58.379+0000	[######..................] benchmark.NoBench	158MB/574MB (27.5%)
2021-11-09T21:44:01.378+0000	[#######.................] benchmark.NoBench	172MB/574MB (30.0%)
2021-11-09T21:44:04.378+0000	[#######.................] benchmark.NoBench	185MB/574MB (32.3%)
2021-11-09T21:44:07.382+0000	[########................] benchmark.NoBench	199MB/574MB (34.7%)
2021-11-09T21:44:10.378+0000	[########................] benchmark.NoBench	213MB/574MB (37.1%)
2021-11-09T21:44:13.380+0000	[#########...............] benchmark.NoBench	228MB/574MB (39.7%)
2021-11-09T21:44:16.379+0000	[##########..............] benchmark.NoBench	241MB/574MB (42.0%)
2021-11-09T21:44:19.378+0000	[##########..............] benchmark.NoBench	256MB/574MB (44.7%)
2021-11-09T21:44:22.378+0000	[###########.............] benchmark.NoBench	270MB/574MB (47.1%)
2021-11-09T21:44:25.378+0000	[###########.............] benchmark.NoBench	285MB/574MB (49.6%)
2021-11-09T21:44:28.387+0000	[############............] benchmark.NoBench	300MB/574MB (52.3%)
2021-11-09T21:44:31.378+0000	[#############...........] benchmark.NoBench	313MB/574MB (54.6%)
2021-11-09T21:44:34.380+0000	[#############...........] benchmark.NoBench	328MB/574MB (57.2%)
2021-11-09T21:44:37.378+0000	[##############..........] benchmark.NoBench	342MB/574MB (59.6%)
2021-11-09T21:44:40.378+0000	[##############..........] benchmark.NoBench	356MB/574MB (62.0%)
2021-11-09T21:44:43.379+0000	[###############.........] benchmark.NoBench	369MB/574MB (64.3%)
2021-11-09T21:44:46.379+0000	[################........] benchmark.NoBench	383MB/574MB (66.7%)
2021-11-09T21:44:49.381+0000	[################........] benchmark.NoBench	397MB/574MB (69.2%)
2021-11-09T21:44:52.378+0000	[#################.......] benchmark.NoBench	412MB/574MB (71.8%)
2021-11-09T21:44:55.378+0000	[#################.......] benchmark.NoBench	426MB/574MB (74.3%)
2021-11-09T21:44:58.378+0000	[##################......] benchmark.NoBench	440MB/574MB (76.7%)
2021-11-09T21:45:01.378+0000	[###################.....] benchmark.NoBench	454MB/574MB (79.2%)
2021-11-09T21:45:04.378+0000	[###################.....] benchmark.NoBench	469MB/574MB (81.8%)
2021-11-09T21:45:07.378+0000	[####################....] benchmark.NoBench	484MB/574MB (84.4%)
2021-11-09T21:45:10.383+0000	[####################....] benchmark.NoBench	500MB/574MB (87.2%)
2021-11-09T21:45:13.378+0000	[#####################...] benchmark.NoBench	514MB/574MB (89.7%)
2021-11-09T21:45:16.379+0000	[######################..] benchmark.NoBench	528MB/574MB (92.1%)
2021-11-09T21:45:19.378+0000	[######################..] benchmark.NoBench	543MB/574MB (94.6%)
2021-11-09T21:45:22.379+0000	[#######################.] benchmark.NoBench	557MB/574MB (97.1%)
2021-11-09T21:45:25.378+0000	[#######################.] benchmark.NoBench	572MB/574MB (99.7%)
2021-11-09T21:45:25.706+0000	[########################] benchmark.NoBench	574MB/574MB (100.0%)
2021-11-09T21:45:25.706+0000	1000000 document(s) imported successfully. 0 document(s) failed to import.
mongo-benchmark
MongoDB: 163.902 s
mongo-benchmark
=== Found Postgres query file, executing Postgres queries ===
= File:'NoBench.json' =
13.4-alpine: Pulling from library/postgres
Digest: sha256:c170270dc9ba94f491375e366fa2cf46d0bc0027e4a69d70e6e9d1454ba748dc
Status: Image is up to date for postgres:13.4-alpine
c4e05fa5580a35eaee82a69d21efddcaaa55d0134864e48522486af9c82fa28b
3
PSQL: 38.8612 s
psql-benchmark
=== Results ===
= JQ =
Overall: 
= JODA =
Overall: 5.67682
Query Time: 2.21778
0.219757106
0.143755894
0.204110886
0.209382424
0.275899306
0.139961884
0.250047026
0.271440955
0.244978605
0.258446702
= Mongo =
Overall: 163.902
2.969
4.174
4.941
3.866
4.962
3.302
5.226
5.191
4.065
2.977
Query Time: 41.673
= PostgreSQL =
Overall: 38.8612
=== AGG Results ===
= JQ =

= JODA =
1000000
346717
745481
739140
383933
155590
22994
49322
11758
4034
111
= Mongo =
346717
745481
739140
383933
155590
22994
49322
11758
4034
111
= PostgreSQL =
 346717
 745481
 739140
 383933
 155590
 22994
 49322
 11758
  4034
   111
