=== Found JODA query file, executing JODA queries ===
= File:'NoBench.json' =
0.12.3: Pulling from nicotin/joda
Digest: sha256:6c0c6b4a19967ae02ef348535acdb3eb8496453a8b868763c34370e10be0192f
Status: Image is up to date for nicotin/joda:0.12.3
4663360b2552961fe98bae3348d70ff7aadf83d10f8ad0c0c1c189674ce9d82f
0
JODA: 1.7769 s
Error: No such container: joda-benchmark
=== Found MongoDB query file, executing MongoDB queries ===
= File:'NoBench.json' =
5.0.3-focal: Pulling from library/mongo
Digest: sha256:f7c401402aa3e689fc42c7109247ab2d5a3e3b4b8a3ace4c2bf7a5fc74ca4917
Status: Image is up to date for mongo:5.0.3-focal
37e4cdc36683a24eb6247e98ae7e4b34a6a3c73d645ac5cca564490a99bc5cc0
2021-11-09T02:17:06.013+0000	connected to: mongodb://localhost/
2021-11-09T02:17:09.014+0000	[#######.................] benchmark.NoBench	17.7MB/54.9MB (32.2%)
2021-11-09T02:17:12.021+0000	[##############..........] benchmark.NoBench	33.1MB/54.9MB (60.2%)
2021-11-09T02:17:15.018+0000	[####################....] benchmark.NoBench	45.9MB/54.9MB (83.6%)
2021-11-09T02:17:17.015+0000	[########################] benchmark.NoBench	54.9MB/54.9MB (100.0%)
2021-11-09T02:17:17.015+0000	100000 document(s) imported successfully. 0 document(s) failed to import.
mongo-benchmark
MongoDB: 17.5858 s
mongo-benchmark
=== Found Postgres query file, executing Postgres queries ===
= File:'NoBench.json' =
13.4-alpine: Pulling from library/postgres
Digest: sha256:c170270dc9ba94f491375e366fa2cf46d0bc0027e4a69d70e6e9d1454ba748dc
Status: Image is up to date for postgres:13.4-alpine
7849ffd3b329d449664e372ec2b4e196f9417c16566ab7688b53ebbf507b3d24
3
PSQL: 6.24963 s
psql-benchmark
=== Results ===
= JQ =
Overall: 
= JODA =
Overall: 1.7769
Query Time: 0

= Mongo =
Overall: 17.5858
0.357
0.518
0.554
0.4
0.537
0.292
0.57
0.55
0.423
0.315
Query Time: 4.516
= PostgreSQL =
Overall: 6.24963
=== AGG Results ===
= JQ =

= JODA =

= Mongo =
34172
82443
82313
42304
18711
6632
3068
818
278
10
= PostgreSQL =
 34172
 82443
 82313
 42304
 18711
  6632
  3068
   818
   278
    10
