=== Found JODA query file, executing JODA queries ===
= File:'Twitter.json' =
0.12.4: Pulling from nicotin/joda
Digest: sha256:b253680f2c5ee1118e2c282e0c4ebff5cb6e87643fb98abcf1e686caaa35152a
Status: Image is up to date for nicotin/joda:0.12.4
82d40c686f4553b8471d38c923ec8013a851bb26214dde35aceec44c2ac94fe5
0
JODA: 85.5646 s
joda-benchmark
=== Results ===
= JQ =
Overall: 
= JODA =
Overall: 85.5646
Query Time: 16.0919
4.128680322
2.841541726
2.339007966
0.70458404
2.083023254
0.602978108
0.899133565
0.857242748
1.085970156
0.549722206
= Mongo =
Overall: 

Query Time: 
= PostgreSQL =
Overall: 
=== AGG Results ===
= JQ =

= JODA =
13346336
10691615
10691615
5228698
5073309
4557255
3485353
3673894
5073309
5407738
3200381
= Mongo =

= PostgreSQL =

