=== Found JODA query file, executing JODA queries ===
= File:'Twitter.json' =
0.12.4: Pulling from nicotin/joda
Digest: sha256:b253680f2c5ee1118e2c282e0c4ebff5cb6e87643fb98abcf1e686caaa35152a
Status: Image is up to date for nicotin/joda:0.12.4
955ea8e16b41e8d4834f4a838cd2d4b1d2665a8dc3363253250897b8ab9de1b3
0
JODA: 76.8874 s
joda-benchmark
=== Results ===
= JQ =
Overall: 
= JODA =
Overall: 76.8874
Query Time: 13.0823
4.421525467
2.222607668
1.047874272
0.775529123
0.905547753
0.53252163
0.731948465
0.766213898
0.554712698
1.123816842
= Mongo =
Overall: 

Query Time: 
= PostgreSQL =
Overall: 
=== AGG Results ===
= JQ =

= JODA =
13346336
5073309
5260263
3478918
2186234
5073309
2005464
3047940
2784918
3498613
5112386
= Mongo =

= PostgreSQL =

