=== Found JODA query file, executing JODA queries ===
= File:'Twitter.json' =
0.12.4: Pulling from nicotin/joda
Digest: sha256:b253680f2c5ee1118e2c282e0c4ebff5cb6e87643fb98abcf1e686caaa35152a
Status: Image is up to date for nicotin/joda:0.12.4
fbebbaea456ae9e4a8b81c0a1c99b1f64feb024d197d0a3b775cbabce1842256
0
JODA: 170.419 s
joda-benchmark
=== Results ===
= JQ =
Overall: 
= JODA =
Overall: 170.419
Query Time: 51.0741
5.722633447
4.21546422
1.969354958
7.656968802
5.660861596
4.71855773
6.300008939
0.452975587
0.537025601
0.424297561
0.434855388
0.54323001
2.510673821
1.99574535
2.404939249
2.159053041
2.325881789
0.768875308
0.130936316
0.141715205
= Mongo =
Overall: 

Query Time: 
= PostgreSQL =
Overall: 
=== AGG Results ===
= JQ =

= JODA =
13346336
10691615
10691615
10691615
5407738
5073309
4407411
5316168
1985718
4391971
2542211
2299725
3643493
1691232
1448237
1660707
1623397
1692202
465913
223054
223037
= Mongo =

= PostgreSQL =

