=== Found JODA query file, executing JODA queries ===
= File:'Twitter.json' =
0.12.4: Pulling from nicotin/joda
Digest: sha256:b253680f2c5ee1118e2c282e0c4ebff5cb6e87643fb98abcf1e686caaa35152a
Status: Image is up to date for nicotin/joda:0.12.4
b7d30b46d51ebaa431c6901f5c41ad65d81509e1123d8a3d8c3085a2b05a1afe
0
JODA: 100.108 s
joda-benchmark
=== Results ===
= JQ =
Overall: 
= JODA =
Overall: 100.108
Query Time: 18.1385
6.055456123
3.832909423
1.829865221
1.107540317
1.547051712
1.016722423
0.735079585
0.736289781
0.534462252
0.743107466
= Mongo =
Overall: 

Query Time: 
= PostgreSQL =
Overall: 
=== AGG Results ===
= JQ =

= JODA =
13346336
10691615
11361303
10691615
5073309
5407738
5072914
5073309
5073309
1152800
3568960
= Mongo =

= PostgreSQL =

