=== Found JODA query file, executing JODA queries ===
= File:'Twitter.json' =
0.12.2: Pulling from nicotin/joda
Digest: sha256:f5e9052c3cc1af5f34dcaa9442d46f2baf40a6a1b6fc3a0d59558d49b5ec8fcf
Status: Image is up to date for nicotin/joda:0.12.2
add39b181a565dc6f6e4832df3cafa6555f36b3ee0e70fe67470fddf75881739
0
JODA: 123.931 s
joda-benchmark
=== Found MongoDB query file, executing MongoDB queries ===
= File:'Twitter.json' =
5.0.3-focal: Pulling from library/mongo
Digest: sha256:f7c401402aa3e689fc42c7109247ab2d5a3e3b4b8a3ace4c2bf7a5fc74ca4917
Status: Image is up to date for mongo:5.0.3-focal
4001f588fd966f01e56b1852bcebf5fcac31a41772ef49864d950b3377232275
2021-10-29T00:29:57.735+0000	connected to: mongodb://localhost/
2021-10-29T00:30:00.737+0000	[........................] benchmark.Twitter	59.5MB/49.1GB (0.1%)
2021-10-29T00:30:03.735+0000	[........................] benchmark.Twitter	121MB/49.1GB (0.2%)
2021-10-29T00:30:06.735+0000	[........................] benchmark.Twitter	187MB/49.1GB (0.4%)
2021-10-29T00:30:09.736+0000	[........................] benchmark.Twitter	250MB/49.1GB (0.5%)
2021-10-29T00:30:12.735+0000	[........................] benchmark.Twitter	314MB/49.1GB (0.6%)
2021-10-29T00:30:15.735+0000	[........................] benchmark.Twitter	378MB/49.1GB (0.8%)
2021-10-29T00:30:18.735+0000	[........................] benchmark.Twitter	440MB/49.1GB (0.9%)
2021-10-29T00:30:21.735+0000	[........................] benchmark.Twitter	503MB/49.1GB (1.0%)
2021-10-29T00:30:24.735+0000	[........................] benchmark.Twitter	572MB/49.1GB (1.1%)
2021-10-29T00:30:27.735+0000	[........................] benchmark.Twitter	639MB/49.1GB (1.3%)
2021-10-29T00:30:30.735+0000	[........................] benchmark.Twitter	706MB/49.1GB (1.4%)
2021-10-29T00:30:33.735+0000	[........................] benchmark.Twitter	771MB/49.1GB (1.5%)
2021-10-29T00:30:36.735+0000	[........................] benchmark.Twitter	836MB/49.1GB (1.7%)
2021-10-29T00:30:39.735+0000	[........................] benchmark.Twitter	901MB/49.1GB (1.8%)
2021-10-29T00:30:42.736+0000	[........................] benchmark.Twitter	966MB/49.1GB (1.9%)
2021-10-29T00:30:45.735+0000	[........................] benchmark.Twitter	1.01GB/49.1GB (2.1%)
2021-10-29T00:30:48.735+0000	[........................] benchmark.Twitter	1.07GB/49.1GB (2.2%)
2021-10-29T00:30:51.735+0000	[........................] benchmark.Twitter	1.13GB/49.1GB (2.3%)
2021-10-29T00:30:54.735+0000	[........................] benchmark.Twitter	1.20GB/49.1GB (2.4%)
2021-10-29T00:30:57.735+0000	[........................] benchmark.Twitter	1.26GB/49.1GB (2.6%)
2021-10-29T00:31:00.735+0000	[........................] benchmark.Twitter	1.33GB/49.1GB (2.7%)
2021-10-29T00:31:03.735+0000	[........................] benchmark.Twitter	1.39GB/49.1GB (2.8%)
2021-10-29T00:31:06.736+0000	[........................] benchmark.Twitter	1.46GB/49.1GB (3.0%)
2021-10-29T00:31:09.735+0000	[........................] benchmark.Twitter	1.52GB/49.1GB (3.1%)
2021-10-29T00:31:12.735+0000	[........................] benchmark.Twitter	1.58GB/49.1GB (3.2%)
2021-10-29T00:31:15.735+0000	[........................] benchmark.Twitter	1.64GB/49.1GB (3.3%)
2021-10-29T00:31:18.735+0000	[........................] benchmark.Twitter	1.70GB/49.1GB (3.5%)
2021-10-29T00:31:21.736+0000	[........................] benchmark.Twitter	1.77GB/49.1GB (3.6%)
2021-10-29T00:31:24.735+0000	[........................] benchmark.Twitter	1.83GB/49.1GB (3.7%)
2021-10-29T00:31:27.736+0000	[........................] benchmark.Twitter	1.89GB/49.1GB (3.8%)
2021-10-29T00:31:30.735+0000	[........................] benchmark.Twitter	1.95GB/49.1GB (4.0%)
2021-10-29T00:31:33.735+0000	[........................] benchmark.Twitter	2.01GB/49.1GB (4.1%)
2021-10-29T00:31:36.736+0000	[#.......................] benchmark.Twitter	2.06GB/49.1GB (4.2%)
2021-10-29T00:31:39.735+0000	[#.......................] benchmark.Twitter	2.12GB/49.1GB (4.3%)
2021-10-29T00:31:42.735+0000	[#.......................] benchmark.Twitter	2.17GB/49.1GB (4.4%)
2021-10-29T00:31:45.736+0000	[#.......................] benchmark.Twitter	2.23GB/49.1GB (4.5%)
2021-10-29T00:31:48.735+0000	[#.......................] benchmark.Twitter	2.29GB/49.1GB (4.7%)
2021-10-29T00:31:51.737+0000	[#.......................] benchmark.Twitter	2.34GB/49.1GB (4.8%)
2021-10-29T00:31:54.736+0000	[#.......................] benchmark.Twitter	2.41GB/49.1GB (4.9%)
2021-10-29T00:31:57.735+0000	[#.......................] benchmark.Twitter	2.47GB/49.1GB (5.0%)
2021-10-29T00:32:00.735+0000	[#.......................] benchmark.Twitter	2.54GB/49.1GB (5.2%)
2021-10-29T00:32:03.735+0000	[#.......................] benchmark.Twitter	2.60GB/49.1GB (5.3%)
2021-10-29T00:32:06.735+0000	[#.......................] benchmark.Twitter	2.66GB/49.1GB (5.4%)
2021-10-29T00:32:09.736+0000	[#.......................] benchmark.Twitter	2.73GB/49.1GB (5.6%)
2021-10-29T00:32:12.736+0000	[#.......................] benchmark.Twitter	2.79GB/49.1GB (5.7%)
2021-10-29T00:32:15.735+0000	[#.......................] benchmark.Twitter	2.85GB/49.1GB (5.8%)
2021-10-29T00:32:18.736+0000	[#.......................] benchmark.Twitter	2.92GB/49.1GB (5.9%)
2021-10-29T00:32:21.735+0000	[#.......................] benchmark.Twitter	2.98GB/49.1GB (6.1%)
2021-10-29T00:32:24.736+0000	[#.......................] benchmark.Twitter	3.05GB/49.1GB (6.2%)
2021-10-29T00:32:27.735+0000	[#.......................] benchmark.Twitter	3.11GB/49.1GB (6.3%)
2021-10-29T00:32:30.735+0000	[#.......................] benchmark.Twitter	3.17GB/49.1GB (6.5%)
2021-10-29T00:32:33.735+0000	[#.......................] benchmark.Twitter	3.23GB/49.1GB (6.6%)
2021-10-29T00:32:36.736+0000	[#.......................] benchmark.Twitter	3.30GB/49.1GB (6.7%)
2021-10-29T00:32:39.735+0000	[#.......................] benchmark.Twitter	3.36GB/49.1GB (6.8%)
2021-10-29T00:32:42.735+0000	[#.......................] benchmark.Twitter	3.42GB/49.1GB (7.0%)
2021-10-29T00:32:45.735+0000	[#.......................] benchmark.Twitter	3.49GB/49.1GB (7.1%)
2021-10-29T00:32:48.736+0000	[#.......................] benchmark.Twitter	3.55GB/49.1GB (7.2%)
2021-10-29T00:32:51.735+0000	[#.......................] benchmark.Twitter	3.61GB/49.1GB (7.4%)
2021-10-29T00:32:54.735+0000	[#.......................] benchmark.Twitter	3.67GB/49.1GB (7.5%)
2021-10-29T00:32:57.736+0000	[#.......................] benchmark.Twitter	3.74GB/49.1GB (7.6%)
2021-10-29T00:33:00.735+0000	[#.......................] benchmark.Twitter	3.80GB/49.1GB (7.7%)
2021-10-29T00:33:03.735+0000	[#.......................] benchmark.Twitter	3.87GB/49.1GB (7.9%)
2021-10-29T00:33:06.735+0000	[#.......................] benchmark.Twitter	3.93GB/49.1GB (8.0%)
2021-10-29T00:33:09.735+0000	[#.......................] benchmark.Twitter	3.99GB/49.1GB (8.1%)
2021-10-29T00:33:12.735+0000	[#.......................] benchmark.Twitter	4.06GB/49.1GB (8.3%)
2021-10-29T00:33:15.735+0000	[##......................] benchmark.Twitter	4.12GB/49.1GB (8.4%)
2021-10-29T00:33:18.735+0000	[##......................] benchmark.Twitter	4.19GB/49.1GB (8.5%)
2021-10-29T00:33:21.736+0000	[##......................] benchmark.Twitter	4.25GB/49.1GB (8.7%)
2021-10-29T00:33:24.735+0000	[##......................] benchmark.Twitter	4.32GB/49.1GB (8.8%)
2021-10-29T00:33:27.736+0000	[##......................] benchmark.Twitter	4.38GB/49.1GB (8.9%)
2021-10-29T00:33:30.735+0000	[##......................] benchmark.Twitter	4.44GB/49.1GB (9.0%)
2021-10-29T00:33:33.735+0000	[##......................] benchmark.Twitter	4.50GB/49.1GB (9.2%)
2021-10-29T00:33:36.735+0000	[##......................] benchmark.Twitter	4.57GB/49.1GB (9.3%)
2021-10-29T00:33:39.736+0000	[##......................] benchmark.Twitter	4.63GB/49.1GB (9.4%)
2021-10-29T00:33:42.738+0000	[##......................] benchmark.Twitter	4.69GB/49.1GB (9.6%)
2021-10-29T00:33:45.737+0000	[##......................] benchmark.Twitter	4.76GB/49.1GB (9.7%)
2021-10-29T00:33:48.735+0000	[##......................] benchmark.Twitter	4.82GB/49.1GB (9.8%)
2021-10-29T00:33:51.736+0000	[##......................] benchmark.Twitter	4.89GB/49.1GB (9.9%)
2021-10-29T00:33:54.735+0000	[##......................] benchmark.Twitter	4.95GB/49.1GB (10.1%)
2021-10-29T00:33:57.735+0000	[##......................] benchmark.Twitter	5.02GB/49.1GB (10.2%)
2021-10-29T00:34:00.735+0000	[##......................] benchmark.Twitter	5.08GB/49.1GB (10.3%)
2021-10-29T00:34:03.736+0000	[##......................] benchmark.Twitter	5.15GB/49.1GB (10.5%)
2021-10-29T00:34:06.735+0000	[##......................] benchmark.Twitter	5.21GB/49.1GB (10.6%)
2021-10-29T00:34:09.735+0000	[##......................] benchmark.Twitter	5.28GB/49.1GB (10.7%)
2021-10-29T00:34:12.735+0000	[##......................] benchmark.Twitter	5.33GB/49.1GB (10.8%)
2021-10-29T00:34:15.735+0000	[##......................] benchmark.Twitter	5.39GB/49.1GB (11.0%)
2021-10-29T00:34:18.737+0000	[##......................] benchmark.Twitter	5.44GB/49.1GB (11.1%)
2021-10-29T00:34:21.735+0000	[##......................] benchmark.Twitter	5.50GB/49.1GB (11.2%)
2021-10-29T00:34:24.735+0000	[##......................] benchmark.Twitter	5.56GB/49.1GB (11.3%)
2021-10-29T00:34:27.735+0000	[##......................] benchmark.Twitter	5.61GB/49.1GB (11.4%)
2021-10-29T00:34:30.735+0000	[##......................] benchmark.Twitter	5.67GB/49.1GB (11.5%)
2021-10-29T00:34:33.735+0000	[##......................] benchmark.Twitter	5.72GB/49.1GB (11.7%)
2021-10-29T00:34:36.735+0000	[##......................] benchmark.Twitter	5.78GB/49.1GB (11.8%)
2021-10-29T00:34:39.735+0000	[##......................] benchmark.Twitter	5.83GB/49.1GB (11.9%)
2021-10-29T00:34:42.736+0000	[##......................] benchmark.Twitter	5.89GB/49.1GB (12.0%)
2021-10-29T00:34:45.735+0000	[##......................] benchmark.Twitter	5.95GB/49.1GB (12.1%)
2021-10-29T00:34:48.735+0000	[##......................] benchmark.Twitter	6.00GB/49.1GB (12.2%)
2021-10-29T00:34:51.735+0000	[##......................] benchmark.Twitter	6.07GB/49.1GB (12.3%)
2021-10-29T00:34:54.735+0000	[##......................] benchmark.Twitter	6.13GB/49.1GB (12.5%)
2021-10-29T00:34:57.735+0000	[###.....................] benchmark.Twitter	6.19GB/49.1GB (12.6%)
2021-10-29T00:35:00.735+0000	[###.....................] benchmark.Twitter	6.25GB/49.1GB (12.7%)
2021-10-29T00:35:03.735+0000	[###.....................] benchmark.Twitter	6.32GB/49.1GB (12.9%)
2021-10-29T00:35:06.735+0000	[###.....................] benchmark.Twitter	6.38GB/49.1GB (13.0%)
2021-10-29T00:35:09.735+0000	[###.....................] benchmark.Twitter	6.44GB/49.1GB (13.1%)
2021-10-29T00:35:12.739+0000	[###.....................] benchmark.Twitter	6.51GB/49.1GB (13.2%)
2021-10-29T00:35:15.735+0000	[###.....................] benchmark.Twitter	6.57GB/49.1GB (13.4%)
2021-10-29T00:35:18.736+0000	[###.....................] benchmark.Twitter	6.63GB/49.1GB (13.5%)
2021-10-29T00:35:21.735+0000	[###.....................] benchmark.Twitter	6.70GB/49.1GB (13.6%)
2021-10-29T00:35:24.736+0000	[###.....................] benchmark.Twitter	6.76GB/49.1GB (13.8%)
2021-10-29T00:35:27.736+0000	[###.....................] benchmark.Twitter	6.82GB/49.1GB (13.9%)
2021-10-29T00:35:30.735+0000	[###.....................] benchmark.Twitter	6.88GB/49.1GB (14.0%)
2021-10-29T00:35:33.735+0000	[###.....................] benchmark.Twitter	6.95GB/49.1GB (14.1%)
2021-10-29T00:35:36.735+0000	[###.....................] benchmark.Twitter	7.01GB/49.1GB (14.3%)
2021-10-29T00:35:39.736+0000	[###.....................] benchmark.Twitter	7.08GB/49.1GB (14.4%)
2021-10-29T00:35:42.735+0000	[###.....................] benchmark.Twitter	7.14GB/49.1GB (14.5%)
2021-10-29T00:35:45.735+0000	[###.....................] benchmark.Twitter	7.20GB/49.1GB (14.7%)
2021-10-29T00:35:48.735+0000	[###.....................] benchmark.Twitter	7.27GB/49.1GB (14.8%)
2021-10-29T00:35:51.737+0000	[###.....................] benchmark.Twitter	7.33GB/49.1GB (14.9%)
2021-10-29T00:35:54.735+0000	[###.....................] benchmark.Twitter	7.39GB/49.1GB (15.0%)
2021-10-29T00:35:57.735+0000	[###.....................] benchmark.Twitter	7.46GB/49.1GB (15.2%)
2021-10-29T00:36:00.735+0000	[###.....................] benchmark.Twitter	7.52GB/49.1GB (15.3%)
2021-10-29T00:36:03.735+0000	[###.....................] benchmark.Twitter	7.58GB/49.1GB (15.4%)
2021-10-29T00:36:06.735+0000	[###.....................] benchmark.Twitter	7.64GB/49.1GB (15.5%)
2021-10-29T00:36:09.735+0000	[###.....................] benchmark.Twitter	7.70GB/49.1GB (15.7%)
2021-10-29T00:36:12.735+0000	[###.....................] benchmark.Twitter	7.76GB/49.1GB (15.8%)
2021-10-29T00:36:15.735+0000	[###.....................] benchmark.Twitter	7.83GB/49.1GB (15.9%)
2021-10-29T00:36:18.736+0000	[###.....................] benchmark.Twitter	7.89GB/49.1GB (16.1%)
2021-10-29T00:36:21.735+0000	[###.....................] benchmark.Twitter	7.96GB/49.1GB (16.2%)
2021-10-29T00:36:24.735+0000	[###.....................] benchmark.Twitter	8.02GB/49.1GB (16.3%)
2021-10-29T00:36:27.735+0000	[###.....................] benchmark.Twitter	8.08GB/49.1GB (16.5%)
2021-10-29T00:36:30.735+0000	[###.....................] benchmark.Twitter	8.15GB/49.1GB (16.6%)
2021-10-29T00:36:33.735+0000	[####....................] benchmark.Twitter	8.21GB/49.1GB (16.7%)
2021-10-29T00:36:36.735+0000	[####....................] benchmark.Twitter	8.28GB/49.1GB (16.8%)
2021-10-29T00:36:39.735+0000	[####....................] benchmark.Twitter	8.34GB/49.1GB (17.0%)
2021-10-29T00:36:42.736+0000	[####....................] benchmark.Twitter	8.41GB/49.1GB (17.1%)
2021-10-29T00:36:45.735+0000	[####....................] benchmark.Twitter	8.47GB/49.1GB (17.2%)
2021-10-29T00:36:48.735+0000	[####....................] benchmark.Twitter	8.54GB/49.1GB (17.4%)
2021-10-29T00:36:51.735+0000	[####....................] benchmark.Twitter	8.60GB/49.1GB (17.5%)
2021-10-29T00:36:54.736+0000	[####....................] benchmark.Twitter	8.66GB/49.1GB (17.6%)
2021-10-29T00:36:57.735+0000	[####....................] benchmark.Twitter	8.72GB/49.1GB (17.8%)
2021-10-29T00:37:00.736+0000	[####....................] benchmark.Twitter	8.79GB/49.1GB (17.9%)
2021-10-29T00:37:03.735+0000	[####....................] benchmark.Twitter	8.85GB/49.1GB (18.0%)
2021-10-29T00:37:06.735+0000	[####....................] benchmark.Twitter	8.91GB/49.1GB (18.1%)
2021-10-29T00:37:09.735+0000	[####....................] benchmark.Twitter	8.97GB/49.1GB (18.3%)
2021-10-29T00:37:12.735+0000	[####....................] benchmark.Twitter	9.03GB/49.1GB (18.4%)
2021-10-29T00:37:15.735+0000	[####....................] benchmark.Twitter	9.08GB/49.1GB (18.5%)
2021-10-29T00:37:18.735+0000	[####....................] benchmark.Twitter	9.13GB/49.1GB (18.6%)
2021-10-29T00:37:21.735+0000	[####....................] benchmark.Twitter	9.19GB/49.1GB (18.7%)
2021-10-29T00:37:24.735+0000	[####....................] benchmark.Twitter	9.25GB/49.1GB (18.8%)
2021-10-29T00:37:27.735+0000	[####....................] benchmark.Twitter	9.30GB/49.1GB (18.9%)
2021-10-29T00:37:30.735+0000	[####....................] benchmark.Twitter	9.36GB/49.1GB (19.0%)
2021-10-29T00:37:33.735+0000	[####....................] benchmark.Twitter	9.41GB/49.1GB (19.2%)
2021-10-29T00:37:36.735+0000	[####....................] benchmark.Twitter	9.46GB/49.1GB (19.3%)
2021-10-29T00:37:39.735+0000	[####....................] benchmark.Twitter	9.52GB/49.1GB (19.4%)
2021-10-29T00:37:42.735+0000	[####....................] benchmark.Twitter	9.58GB/49.1GB (19.5%)
2021-10-29T00:37:45.735+0000	[####....................] benchmark.Twitter	9.64GB/49.1GB (19.6%)
2021-10-29T00:37:48.735+0000	[####....................] benchmark.Twitter	9.71GB/49.1GB (19.8%)
2021-10-29T00:37:51.735+0000	[####....................] benchmark.Twitter	9.77GB/49.1GB (19.9%)
2021-10-29T00:37:54.736+0000	[####....................] benchmark.Twitter	9.84GB/49.1GB (20.0%)
2021-10-29T00:37:57.736+0000	[####....................] benchmark.Twitter	9.90GB/49.1GB (20.1%)
2021-10-29T00:38:00.735+0000	[####....................] benchmark.Twitter	9.96GB/49.1GB (20.3%)
2021-10-29T00:38:03.736+0000	[####....................] benchmark.Twitter	10.0GB/49.1GB (20.4%)
2021-10-29T00:38:06.735+0000	[####....................] benchmark.Twitter	10.1GB/49.1GB (20.5%)
2021-10-29T00:38:09.735+0000	[####....................] benchmark.Twitter	10.2GB/49.1GB (20.7%)
2021-10-29T00:38:12.735+0000	[####....................] benchmark.Twitter	10.2GB/49.1GB (20.8%)
2021-10-29T00:38:15.735+0000	[#####...................] benchmark.Twitter	10.3GB/49.1GB (20.9%)
2021-10-29T00:38:18.735+0000	[#####...................] benchmark.Twitter	10.3GB/49.1GB (21.1%)
2021-10-29T00:38:21.735+0000	[#####...................] benchmark.Twitter	10.4GB/49.1GB (21.2%)
2021-10-29T00:38:24.746+0000	[#####...................] benchmark.Twitter	10.5GB/49.1GB (21.3%)
2021-10-29T00:38:27.735+0000	[#####...................] benchmark.Twitter	10.5GB/49.1GB (21.4%)
2021-10-29T00:38:30.735+0000	[#####...................] benchmark.Twitter	10.6GB/49.1GB (21.6%)
2021-10-29T00:38:33.735+0000	[#####...................] benchmark.Twitter	10.7GB/49.1GB (21.7%)
2021-10-29T00:38:36.735+0000	[#####...................] benchmark.Twitter	10.7GB/49.1GB (21.8%)
2021-10-29T00:38:39.735+0000	[#####...................] benchmark.Twitter	10.8GB/49.1GB (22.0%)
2021-10-29T00:38:42.735+0000	[#####...................] benchmark.Twitter	10.9GB/49.1GB (22.1%)
2021-10-29T00:38:45.735+0000	[#####...................] benchmark.Twitter	10.9GB/49.1GB (22.2%)
2021-10-29T00:38:48.735+0000	[#####...................] benchmark.Twitter	11.0GB/49.1GB (22.4%)
2021-10-29T00:38:51.736+0000	[#####...................] benchmark.Twitter	11.1GB/49.1GB (22.5%)
2021-10-29T00:38:54.735+0000	[#####...................] benchmark.Twitter	11.1GB/49.1GB (22.6%)
2021-10-29T00:38:57.735+0000	[#####...................] benchmark.Twitter	11.2GB/49.1GB (22.7%)
2021-10-29T00:39:00.735+0000	[#####...................] benchmark.Twitter	11.2GB/49.1GB (22.9%)
2021-10-29T00:39:03.735+0000	[#####...................] benchmark.Twitter	11.3GB/49.1GB (23.0%)
2021-10-29T00:39:06.735+0000	[#####...................] benchmark.Twitter	11.4GB/49.1GB (23.1%)
2021-10-29T00:39:09.735+0000	[#####...................] benchmark.Twitter	11.4GB/49.1GB (23.3%)
2021-10-29T00:39:12.735+0000	[#####...................] benchmark.Twitter	11.5GB/49.1GB (23.4%)
2021-10-29T00:39:15.735+0000	[#####...................] benchmark.Twitter	11.6GB/49.1GB (23.5%)
2021-10-29T00:39:18.735+0000	[#####...................] benchmark.Twitter	11.6GB/49.1GB (23.7%)
2021-10-29T00:39:21.735+0000	[#####...................] benchmark.Twitter	11.7GB/49.1GB (23.8%)
2021-10-29T00:39:24.735+0000	[#####...................] benchmark.Twitter	11.8GB/49.1GB (23.9%)
2021-10-29T00:39:27.735+0000	[#####...................] benchmark.Twitter	11.8GB/49.1GB (24.1%)
2021-10-29T00:39:30.735+0000	[#####...................] benchmark.Twitter	11.9GB/49.1GB (24.2%)
2021-10-29T00:39:33.735+0000	[#####...................] benchmark.Twitter	11.9GB/49.1GB (24.3%)
2021-10-29T00:39:36.736+0000	[#####...................] benchmark.Twitter	12.0GB/49.1GB (24.4%)
2021-10-29T00:39:39.736+0000	[#####...................] benchmark.Twitter	12.1GB/49.1GB (24.5%)
2021-10-29T00:39:42.736+0000	[#####...................] benchmark.Twitter	12.1GB/49.1GB (24.6%)
2021-10-29T00:39:45.736+0000	[#####...................] benchmark.Twitter	12.2GB/49.1GB (24.8%)
2021-10-29T00:39:48.735+0000	[#####...................] benchmark.Twitter	12.2GB/49.1GB (24.9%)
2021-10-29T00:39:51.735+0000	[#####...................] benchmark.Twitter	12.3GB/49.1GB (25.0%)
2021-10-29T00:39:54.735+0000	[######..................] benchmark.Twitter	12.3GB/49.1GB (25.1%)
2021-10-29T00:39:57.735+0000	[######..................] benchmark.Twitter	12.4GB/49.1GB (25.2%)
2021-10-29T00:40:00.735+0000	[######..................] benchmark.Twitter	12.4GB/49.1GB (25.3%)
2021-10-29T00:40:03.735+0000	[######..................] benchmark.Twitter	12.5GB/49.1GB (25.4%)
2021-10-29T00:40:06.735+0000	[######..................] benchmark.Twitter	12.5GB/49.1GB (25.5%)
2021-10-29T00:40:09.735+0000	[######..................] benchmark.Twitter	12.6GB/49.1GB (25.6%)
2021-10-29T00:40:12.735+0000	[######..................] benchmark.Twitter	12.7GB/49.1GB (25.8%)
2021-10-29T00:40:15.735+0000	[######..................] benchmark.Twitter	12.7GB/49.1GB (25.9%)
2021-10-29T00:40:18.735+0000	[######..................] benchmark.Twitter	12.8GB/49.1GB (26.0%)
2021-10-29T00:40:21.736+0000	[######..................] benchmark.Twitter	12.8GB/49.1GB (26.2%)
2021-10-29T00:40:24.735+0000	[######..................] benchmark.Twitter	12.9GB/49.1GB (26.3%)
2021-10-29T00:40:27.735+0000	[######..................] benchmark.Twitter	13.0GB/49.1GB (26.4%)
2021-10-29T00:40:30.735+0000	[######..................] benchmark.Twitter	13.1GB/49.1GB (26.6%)
2021-10-29T00:40:33.740+0000	[######..................] benchmark.Twitter	13.1GB/49.1GB (26.7%)
2021-10-29T00:40:36.736+0000	[######..................] benchmark.Twitter	13.2GB/49.1GB (26.8%)
2021-10-29T00:40:39.735+0000	[######..................] benchmark.Twitter	13.2GB/49.1GB (26.9%)
2021-10-29T00:40:42.735+0000	[######..................] benchmark.Twitter	13.3GB/49.1GB (27.1%)
2021-10-29T00:40:45.736+0000	[######..................] benchmark.Twitter	13.4GB/49.1GB (27.2%)
2021-10-29T00:40:48.736+0000	[######..................] benchmark.Twitter	13.4GB/49.1GB (27.3%)
2021-10-29T00:40:51.735+0000	[######..................] benchmark.Twitter	13.5GB/49.1GB (27.5%)
2021-10-29T00:40:54.735+0000	[######..................] benchmark.Twitter	13.6GB/49.1GB (27.6%)
2021-10-29T00:40:57.736+0000	[######..................] benchmark.Twitter	13.6GB/49.1GB (27.7%)
2021-10-29T00:41:00.735+0000	[######..................] benchmark.Twitter	13.7GB/49.1GB (27.9%)
2021-10-29T00:41:03.735+0000	[######..................] benchmark.Twitter	13.8GB/49.1GB (28.0%)
2021-10-29T00:41:06.736+0000	[######..................] benchmark.Twitter	13.8GB/49.1GB (28.1%)
2021-10-29T00:41:09.735+0000	[######..................] benchmark.Twitter	13.9GB/49.1GB (28.2%)
2021-10-29T00:41:12.736+0000	[######..................] benchmark.Twitter	13.9GB/49.1GB (28.4%)
2021-10-29T00:41:15.735+0000	[######..................] benchmark.Twitter	14.0GB/49.1GB (28.5%)
2021-10-29T00:41:18.735+0000	[######..................] benchmark.Twitter	14.1GB/49.1GB (28.6%)
2021-10-29T00:41:21.735+0000	[######..................] benchmark.Twitter	14.1GB/49.1GB (28.8%)
2021-10-29T00:41:24.735+0000	[######..................] benchmark.Twitter	14.2GB/49.1GB (28.9%)
2021-10-29T00:41:27.735+0000	[######..................] benchmark.Twitter	14.3GB/49.1GB (29.0%)
2021-10-29T00:41:30.735+0000	[#######.................] benchmark.Twitter	14.3GB/49.1GB (29.2%)
2021-10-29T00:41:33.735+0000	[#######.................] benchmark.Twitter	14.4GB/49.1GB (29.3%)
2021-10-29T00:41:36.736+0000	[#######.................] benchmark.Twitter	14.5GB/49.1GB (29.4%)
2021-10-29T00:41:39.735+0000	[#######.................] benchmark.Twitter	14.5GB/49.1GB (29.6%)
2021-10-29T00:41:42.735+0000	[#######.................] benchmark.Twitter	14.6GB/49.1GB (29.7%)
2021-10-29T00:41:45.735+0000	[#######.................] benchmark.Twitter	14.7GB/49.1GB (29.8%)
2021-10-29T00:41:48.736+0000	[#######.................] benchmark.Twitter	14.7GB/49.1GB (29.9%)
2021-10-29T00:41:51.735+0000	[#######.................] benchmark.Twitter	14.8GB/49.1GB (30.1%)
2021-10-29T00:41:54.736+0000	[#######.................] benchmark.Twitter	14.8GB/49.1GB (30.2%)
2021-10-29T00:41:57.735+0000	[#######.................] benchmark.Twitter	14.9GB/49.1GB (30.3%)
2021-10-29T00:42:00.739+0000	[#######.................] benchmark.Twitter	15.0GB/49.1GB (30.5%)
2021-10-29T00:42:03.738+0000	[#######.................] benchmark.Twitter	15.0GB/49.1GB (30.6%)
2021-10-29T00:42:06.735+0000	[#######.................] benchmark.Twitter	15.1GB/49.1GB (30.7%)
2021-10-29T00:42:09.736+0000	[#######.................] benchmark.Twitter	15.1GB/49.1GB (30.8%)
2021-10-29T00:42:12.737+0000	[#######.................] benchmark.Twitter	15.2GB/49.1GB (30.9%)
2021-10-29T00:42:15.735+0000	[#######.................] benchmark.Twitter	15.2GB/49.1GB (31.0%)
2021-10-29T00:42:18.739+0000	[#######.................] benchmark.Twitter	15.3GB/49.1GB (31.2%)
2021-10-29T00:42:21.735+0000	[#######.................] benchmark.Twitter	15.4GB/49.1GB (31.3%)
2021-10-29T00:42:24.742+0000	[#######.................] benchmark.Twitter	15.4GB/49.1GB (31.4%)
2021-10-29T00:42:27.735+0000	[#######.................] benchmark.Twitter	15.5GB/49.1GB (31.5%)
2021-10-29T00:42:30.735+0000	[#######.................] benchmark.Twitter	15.5GB/49.1GB (31.6%)
2021-10-29T00:42:33.735+0000	[#######.................] benchmark.Twitter	15.6GB/49.1GB (31.8%)
2021-10-29T00:42:36.735+0000	[#######.................] benchmark.Twitter	15.7GB/49.1GB (31.9%)
2021-10-29T00:42:39.735+0000	[#######.................] benchmark.Twitter	15.7GB/49.1GB (32.0%)
2021-10-29T00:42:42.735+0000	[#######.................] benchmark.Twitter	15.8GB/49.1GB (32.2%)
2021-10-29T00:42:45.735+0000	[#######.................] benchmark.Twitter	15.9GB/49.1GB (32.3%)
2021-10-29T00:42:48.735+0000	[#######.................] benchmark.Twitter	15.9GB/49.1GB (32.4%)
2021-10-29T00:42:51.735+0000	[#######.................] benchmark.Twitter	16.0GB/49.1GB (32.5%)
2021-10-29T00:42:54.735+0000	[#######.................] benchmark.Twitter	16.1GB/49.1GB (32.7%)
2021-10-29T00:42:57.735+0000	[#######.................] benchmark.Twitter	16.1GB/49.1GB (32.8%)
2021-10-29T00:43:00.735+0000	[#######.................] benchmark.Twitter	16.2GB/49.1GB (32.9%)
2021-10-29T00:43:03.735+0000	[#######.................] benchmark.Twitter	16.2GB/49.1GB (33.1%)
2021-10-29T00:43:06.735+0000	[#######.................] benchmark.Twitter	16.3GB/49.1GB (33.2%)
2021-10-29T00:43:09.735+0000	[#######.................] benchmark.Twitter	16.4GB/49.1GB (33.3%)
2021-10-29T00:43:12.735+0000	[########................] benchmark.Twitter	16.4GB/49.1GB (33.4%)
2021-10-29T00:43:15.736+0000	[########................] benchmark.Twitter	16.5GB/49.1GB (33.6%)
2021-10-29T00:43:18.735+0000	[########................] benchmark.Twitter	16.6GB/49.1GB (33.7%)
2021-10-29T00:43:21.736+0000	[########................] benchmark.Twitter	16.6GB/49.1GB (33.8%)
2021-10-29T00:43:24.735+0000	[########................] benchmark.Twitter	16.7GB/49.1GB (34.0%)
2021-10-29T00:43:27.735+0000	[########................] benchmark.Twitter	16.8GB/49.1GB (34.1%)
2021-10-29T00:43:30.735+0000	[########................] benchmark.Twitter	16.8GB/49.1GB (34.2%)
2021-10-29T00:43:33.736+0000	[########................] benchmark.Twitter	16.9GB/49.1GB (34.4%)
2021-10-29T00:43:36.735+0000	[########................] benchmark.Twitter	16.9GB/49.1GB (34.5%)
2021-10-29T00:43:39.735+0000	[########................] benchmark.Twitter	17.0GB/49.1GB (34.6%)
2021-10-29T00:43:42.736+0000	[########................] benchmark.Twitter	17.1GB/49.1GB (34.8%)
2021-10-29T00:43:45.735+0000	[########................] benchmark.Twitter	17.1GB/49.1GB (34.9%)
2021-10-29T00:43:48.735+0000	[########................] benchmark.Twitter	17.2GB/49.1GB (35.0%)
2021-10-29T00:43:51.738+0000	[########................] benchmark.Twitter	17.3GB/49.1GB (35.1%)
2021-10-29T00:43:54.735+0000	[########................] benchmark.Twitter	17.3GB/49.1GB (35.3%)
2021-10-29T00:43:57.735+0000	[########................] benchmark.Twitter	17.4GB/49.1GB (35.4%)
2021-10-29T00:44:00.735+0000	[########................] benchmark.Twitter	17.5GB/49.1GB (35.5%)
2021-10-29T00:44:03.735+0000	[########................] benchmark.Twitter	17.5GB/49.1GB (35.7%)
2021-10-29T00:44:06.735+0000	[########................] benchmark.Twitter	17.6GB/49.1GB (35.8%)
2021-10-29T00:44:09.736+0000	[########................] benchmark.Twitter	17.6GB/49.1GB (35.9%)
2021-10-29T00:44:12.736+0000	[########................] benchmark.Twitter	17.7GB/49.1GB (36.1%)
2021-10-29T00:44:15.735+0000	[########................] benchmark.Twitter	17.8GB/49.1GB (36.2%)
2021-10-29T00:44:18.735+0000	[########................] benchmark.Twitter	17.8GB/49.1GB (36.3%)
2021-10-29T00:44:21.735+0000	[########................] benchmark.Twitter	17.9GB/49.1GB (36.4%)
2021-10-29T00:44:24.735+0000	[########................] benchmark.Twitter	18.0GB/49.1GB (36.6%)
2021-10-29T00:44:27.735+0000	[########................] benchmark.Twitter	18.0GB/49.1GB (36.7%)
2021-10-29T00:44:30.735+0000	[########................] benchmark.Twitter	18.1GB/49.1GB (36.8%)
2021-10-29T00:44:33.736+0000	[########................] benchmark.Twitter	18.1GB/49.1GB (36.9%)
2021-10-29T00:44:36.736+0000	[########................] benchmark.Twitter	18.2GB/49.1GB (37.0%)
2021-10-29T00:44:39.735+0000	[########................] benchmark.Twitter	18.2GB/49.1GB (37.1%)
2021-10-29T00:44:42.736+0000	[########................] benchmark.Twitter	18.3GB/49.1GB (37.3%)
2021-10-29T00:44:45.735+0000	[########................] benchmark.Twitter	18.4GB/49.1GB (37.4%)
2021-10-29T00:44:48.735+0000	[########................] benchmark.Twitter	18.4GB/49.1GB (37.5%)
2021-10-29T00:44:51.735+0000	[#########...............] benchmark.Twitter	18.5GB/49.1GB (37.6%)
2021-10-29T00:44:54.735+0000	[#########...............] benchmark.Twitter	18.6GB/49.1GB (37.8%)
2021-10-29T00:44:57.735+0000	[#########...............] benchmark.Twitter	18.6GB/49.1GB (37.9%)
2021-10-29T00:45:00.735+0000	[#########...............] benchmark.Twitter	18.7GB/49.1GB (38.0%)
2021-10-29T00:45:03.735+0000	[#########...............] benchmark.Twitter	18.7GB/49.1GB (38.1%)
2021-10-29T00:45:06.735+0000	[#########...............] benchmark.Twitter	18.8GB/49.1GB (38.3%)
2021-10-29T00:45:09.735+0000	[#########...............] benchmark.Twitter	18.9GB/49.1GB (38.4%)
2021-10-29T00:45:12.735+0000	[#########...............] benchmark.Twitter	18.9GB/49.1GB (38.5%)
2021-10-29T00:45:15.735+0000	[#########...............] benchmark.Twitter	19.0GB/49.1GB (38.6%)
2021-10-29T00:45:18.735+0000	[#########...............] benchmark.Twitter	19.0GB/49.1GB (38.8%)
2021-10-29T00:45:21.735+0000	[#########...............] benchmark.Twitter	19.1GB/49.1GB (38.9%)
2021-10-29T00:45:24.735+0000	[#########...............] benchmark.Twitter	19.2GB/49.1GB (39.0%)
2021-10-29T00:45:27.736+0000	[#########...............] benchmark.Twitter	19.2GB/49.1GB (39.1%)
2021-10-29T00:45:30.736+0000	[#########...............] benchmark.Twitter	19.3GB/49.1GB (39.3%)
2021-10-29T00:45:33.735+0000	[#########...............] benchmark.Twitter	19.4GB/49.1GB (39.4%)
2021-10-29T00:45:36.735+0000	[#########...............] benchmark.Twitter	19.4GB/49.1GB (39.5%)
2021-10-29T00:45:39.736+0000	[#########...............] benchmark.Twitter	19.5GB/49.1GB (39.6%)
2021-10-29T00:45:42.735+0000	[#########...............] benchmark.Twitter	19.5GB/49.1GB (39.8%)
2021-10-29T00:45:45.736+0000	[#########...............] benchmark.Twitter	19.6GB/49.1GB (39.9%)
2021-10-29T00:45:48.735+0000	[#########...............] benchmark.Twitter	19.7GB/49.1GB (40.0%)
2021-10-29T00:45:51.735+0000	[#########...............] benchmark.Twitter	19.7GB/49.1GB (40.2%)
2021-10-29T00:45:54.736+0000	[#########...............] benchmark.Twitter	19.8GB/49.1GB (40.3%)
2021-10-29T00:45:57.735+0000	[#########...............] benchmark.Twitter	19.9GB/49.1GB (40.4%)
2021-10-29T00:46:00.735+0000	[#########...............] benchmark.Twitter	19.9GB/49.1GB (40.6%)
2021-10-29T00:46:03.735+0000	[#########...............] benchmark.Twitter	20.0GB/49.1GB (40.7%)
2021-10-29T00:46:06.735+0000	[#########...............] benchmark.Twitter	20.1GB/49.1GB (40.8%)
2021-10-29T00:46:09.735+0000	[#########...............] benchmark.Twitter	20.1GB/49.1GB (40.9%)
2021-10-29T00:46:12.735+0000	[#########...............] benchmark.Twitter	20.2GB/49.1GB (41.0%)
2021-10-29T00:46:15.735+0000	[#########...............] benchmark.Twitter	20.2GB/49.1GB (41.1%)
2021-10-29T00:46:18.735+0000	[#########...............] benchmark.Twitter	20.3GB/49.1GB (41.3%)
2021-10-29T00:46:21.735+0000	[#########...............] benchmark.Twitter	20.3GB/49.1GB (41.4%)
2021-10-29T00:46:24.735+0000	[#########...............] benchmark.Twitter	20.4GB/49.1GB (41.5%)
2021-10-29T00:46:27.735+0000	[#########...............] benchmark.Twitter	20.4GB/49.1GB (41.6%)
2021-10-29T00:46:30.736+0000	[##########..............] benchmark.Twitter	20.5GB/49.1GB (41.7%)
2021-10-29T00:46:33.735+0000	[##########..............] benchmark.Twitter	20.6GB/49.1GB (41.8%)
2021-10-29T00:46:36.735+0000	[##########..............] benchmark.Twitter	20.6GB/49.1GB (42.0%)
2021-10-29T00:46:39.735+0000	[##########..............] benchmark.Twitter	20.7GB/49.1GB (42.1%)
2021-10-29T00:46:42.735+0000	[##########..............] benchmark.Twitter	20.8GB/49.1GB (42.2%)
2021-10-29T00:46:45.735+0000	[##########..............] benchmark.Twitter	20.8GB/49.1GB (42.4%)
2021-10-29T00:46:48.735+0000	[##########..............] benchmark.Twitter	20.9GB/49.1GB (42.5%)
2021-10-29T00:46:51.735+0000	[##########..............] benchmark.Twitter	20.9GB/49.1GB (42.6%)
2021-10-29T00:46:54.736+0000	[##########..............] benchmark.Twitter	21.0GB/49.1GB (42.8%)
2021-10-29T00:46:57.736+0000	[##########..............] benchmark.Twitter	21.1GB/49.1GB (42.9%)
2021-10-29T00:47:00.735+0000	[##########..............] benchmark.Twitter	21.1GB/49.1GB (43.0%)
2021-10-29T00:47:03.735+0000	[##########..............] benchmark.Twitter	21.2GB/49.1GB (43.1%)
2021-10-29T00:47:06.735+0000	[##########..............] benchmark.Twitter	21.3GB/49.1GB (43.3%)
2021-10-29T00:47:09.735+0000	[##########..............] benchmark.Twitter	21.3GB/49.1GB (43.4%)
2021-10-29T00:47:12.735+0000	[##########..............] benchmark.Twitter	21.4GB/49.1GB (43.5%)
2021-10-29T00:47:15.735+0000	[##########..............] benchmark.Twitter	21.5GB/49.1GB (43.7%)
2021-10-29T00:47:18.735+0000	[##########..............] benchmark.Twitter	21.5GB/49.1GB (43.8%)
2021-10-29T00:47:21.735+0000	[##########..............] benchmark.Twitter	21.6GB/49.1GB (43.9%)
2021-10-29T00:47:24.737+0000	[##########..............] benchmark.Twitter	21.6GB/49.1GB (44.1%)
2021-10-29T00:47:27.736+0000	[##########..............] benchmark.Twitter	21.7GB/49.1GB (44.2%)
2021-10-29T00:47:30.736+0000	[##########..............] benchmark.Twitter	21.8GB/49.1GB (44.3%)
2021-10-29T00:47:33.735+0000	[##########..............] benchmark.Twitter	21.8GB/49.1GB (44.4%)
2021-10-29T00:47:36.736+0000	[##########..............] benchmark.Twitter	21.9GB/49.1GB (44.6%)
2021-10-29T00:47:39.735+0000	[##########..............] benchmark.Twitter	22.0GB/49.1GB (44.7%)
2021-10-29T00:47:42.735+0000	[##########..............] benchmark.Twitter	22.0GB/49.1GB (44.8%)
2021-10-29T00:47:45.735+0000	[##########..............] benchmark.Twitter	22.1GB/49.1GB (45.0%)
2021-10-29T00:47:48.736+0000	[##########..............] benchmark.Twitter	22.1GB/49.1GB (45.1%)
2021-10-29T00:47:51.735+0000	[##########..............] benchmark.Twitter	22.2GB/49.1GB (45.2%)
2021-10-29T00:47:54.735+0000	[##########..............] benchmark.Twitter	22.3GB/49.1GB (45.3%)
2021-10-29T00:47:57.735+0000	[##########..............] benchmark.Twitter	22.3GB/49.1GB (45.5%)
2021-10-29T00:48:00.735+0000	[##########..............] benchmark.Twitter	22.4GB/49.1GB (45.6%)
2021-10-29T00:48:03.735+0000	[##########..............] benchmark.Twitter	22.5GB/49.1GB (45.7%)
2021-10-29T00:48:06.736+0000	[###########.............] benchmark.Twitter	22.5GB/49.1GB (45.9%)
2021-10-29T00:48:09.735+0000	[###########.............] benchmark.Twitter	22.6GB/49.1GB (46.0%)
2021-10-29T00:48:12.735+0000	[###########.............] benchmark.Twitter	22.7GB/49.1GB (46.1%)
2021-10-29T00:48:15.735+0000	[###########.............] benchmark.Twitter	22.7GB/49.1GB (46.3%)
2021-10-29T00:48:18.735+0000	[###########.............] benchmark.Twitter	22.8GB/49.1GB (46.4%)
2021-10-29T00:48:21.735+0000	[###########.............] benchmark.Twitter	22.9GB/49.1GB (46.5%)
2021-10-29T00:48:24.735+0000	[###########.............] benchmark.Twitter	22.9GB/49.1GB (46.6%)
2021-10-29T00:48:27.736+0000	[###########.............] benchmark.Twitter	23.0GB/49.1GB (46.8%)
2021-10-29T00:48:30.735+0000	[###########.............] benchmark.Twitter	23.0GB/49.1GB (46.9%)
2021-10-29T00:48:33.736+0000	[###########.............] benchmark.Twitter	23.1GB/49.1GB (47.0%)
2021-10-29T00:48:36.735+0000	[###########.............] benchmark.Twitter	23.2GB/49.1GB (47.2%)
2021-10-29T00:48:39.735+0000	[###########.............] benchmark.Twitter	23.2GB/49.1GB (47.3%)
2021-10-29T00:48:42.736+0000	[###########.............] benchmark.Twitter	23.3GB/49.1GB (47.4%)
2021-10-29T00:48:45.735+0000	[###########.............] benchmark.Twitter	23.4GB/49.1GB (47.5%)
2021-10-29T00:48:48.735+0000	[###########.............] benchmark.Twitter	23.4GB/49.1GB (47.7%)
2021-10-29T00:48:51.735+0000	[###########.............] benchmark.Twitter	23.5GB/49.1GB (47.8%)
2021-10-29T00:48:54.735+0000	[###########.............] benchmark.Twitter	23.6GB/49.1GB (47.9%)
2021-10-29T00:48:57.735+0000	[###########.............] benchmark.Twitter	23.6GB/49.1GB (48.1%)
2021-10-29T00:49:00.735+0000	[###########.............] benchmark.Twitter	23.7GB/49.1GB (48.2%)
2021-10-29T00:49:03.738+0000	[###########.............] benchmark.Twitter	23.7GB/49.1GB (48.3%)
2021-10-29T00:49:06.735+0000	[###########.............] benchmark.Twitter	23.8GB/49.1GB (48.4%)
2021-10-29T00:49:09.735+0000	[###########.............] benchmark.Twitter	23.9GB/49.1GB (48.6%)
2021-10-29T00:49:12.736+0000	[###########.............] benchmark.Twitter	23.9GB/49.1GB (48.7%)
2021-10-29T00:49:15.735+0000	[###########.............] benchmark.Twitter	24.0GB/49.1GB (48.8%)
2021-10-29T00:49:18.736+0000	[###########.............] benchmark.Twitter	24.0GB/49.1GB (48.9%)
2021-10-29T00:49:21.735+0000	[###########.............] benchmark.Twitter	24.1GB/49.1GB (49.0%)
2021-10-29T00:49:24.735+0000	[###########.............] benchmark.Twitter	24.1GB/49.1GB (49.1%)
2021-10-29T00:49:27.736+0000	[###########.............] benchmark.Twitter	24.2GB/49.1GB (49.2%)
2021-10-29T00:49:30.735+0000	[###########.............] benchmark.Twitter	24.2GB/49.1GB (49.3%)
2021-10-29T00:49:33.735+0000	[###########.............] benchmark.Twitter	24.3GB/49.1GB (49.4%)
2021-10-29T00:49:36.735+0000	[###########.............] benchmark.Twitter	24.4GB/49.1GB (49.6%)
2021-10-29T00:49:39.735+0000	[###########.............] benchmark.Twitter	24.4GB/49.1GB (49.7%)
2021-10-29T00:49:42.735+0000	[###########.............] benchmark.Twitter	24.5GB/49.1GB (49.8%)
2021-10-29T00:49:45.735+0000	[###########.............] benchmark.Twitter	24.5GB/49.1GB (49.9%)
2021-10-29T00:49:48.735+0000	[############............] benchmark.Twitter	24.6GB/49.1GB (50.0%)
2021-10-29T00:49:51.735+0000	[############............] benchmark.Twitter	24.6GB/49.1GB (50.2%)
2021-10-29T00:49:54.736+0000	[############............] benchmark.Twitter	24.7GB/49.1GB (50.3%)
2021-10-29T00:49:57.735+0000	[############............] benchmark.Twitter	24.8GB/49.1GB (50.4%)
2021-10-29T00:50:00.735+0000	[############............] benchmark.Twitter	24.8GB/49.1GB (50.5%)
2021-10-29T00:50:03.735+0000	[############............] benchmark.Twitter	24.9GB/49.1GB (50.7%)
2021-10-29T00:50:06.735+0000	[############............] benchmark.Twitter	25.0GB/49.1GB (50.8%)
2021-10-29T00:50:09.736+0000	[############............] benchmark.Twitter	25.0GB/49.1GB (50.9%)
2021-10-29T00:50:12.735+0000	[############............] benchmark.Twitter	25.1GB/49.1GB (51.1%)
2021-10-29T00:50:15.735+0000	[############............] benchmark.Twitter	25.1GB/49.1GB (51.2%)
2021-10-29T00:50:18.735+0000	[############............] benchmark.Twitter	25.2GB/49.1GB (51.3%)
2021-10-29T00:50:21.736+0000	[############............] benchmark.Twitter	25.3GB/49.1GB (51.5%)
2021-10-29T00:50:24.736+0000	[############............] benchmark.Twitter	25.3GB/49.1GB (51.6%)
2021-10-29T00:50:27.735+0000	[############............] benchmark.Twitter	25.4GB/49.1GB (51.7%)
2021-10-29T00:50:30.735+0000	[############............] benchmark.Twitter	25.5GB/49.1GB (51.8%)
2021-10-29T00:50:33.735+0000	[############............] benchmark.Twitter	25.5GB/49.1GB (52.0%)
2021-10-29T00:50:36.735+0000	[############............] benchmark.Twitter	25.6GB/49.1GB (52.1%)
2021-10-29T00:50:39.735+0000	[############............] benchmark.Twitter	25.7GB/49.1GB (52.2%)
2021-10-29T00:50:42.735+0000	[############............] benchmark.Twitter	25.7GB/49.1GB (52.4%)
2021-10-29T00:50:45.735+0000	[############............] benchmark.Twitter	25.8GB/49.1GB (52.5%)
2021-10-29T00:50:48.735+0000	[############............] benchmark.Twitter	25.9GB/49.1GB (52.6%)
2021-10-29T00:50:51.735+0000	[############............] benchmark.Twitter	25.9GB/49.1GB (52.8%)
2021-10-29T00:50:54.735+0000	[############............] benchmark.Twitter	26.0GB/49.1GB (52.9%)
2021-10-29T00:50:57.735+0000	[############............] benchmark.Twitter	26.1GB/49.1GB (53.0%)
2021-10-29T00:51:00.735+0000	[############............] benchmark.Twitter	26.1GB/49.1GB (53.2%)
2021-10-29T00:51:03.735+0000	[############............] benchmark.Twitter	26.2GB/49.1GB (53.3%)
2021-10-29T00:51:06.735+0000	[############............] benchmark.Twitter	26.2GB/49.1GB (53.4%)
2021-10-29T00:51:09.736+0000	[############............] benchmark.Twitter	26.3GB/49.1GB (53.6%)
2021-10-29T00:51:12.735+0000	[############............] benchmark.Twitter	26.4GB/49.1GB (53.7%)
2021-10-29T00:51:15.735+0000	[############............] benchmark.Twitter	26.4GB/49.1GB (53.8%)
2021-10-29T00:51:18.735+0000	[############............] benchmark.Twitter	26.5GB/49.1GB (53.9%)
2021-10-29T00:51:21.735+0000	[############............] benchmark.Twitter	26.6GB/49.1GB (54.1%)
2021-10-29T00:51:24.735+0000	[#############...........] benchmark.Twitter	26.6GB/49.1GB (54.2%)
2021-10-29T00:51:27.735+0000	[#############...........] benchmark.Twitter	26.7GB/49.1GB (54.3%)
2021-10-29T00:51:30.735+0000	[#############...........] benchmark.Twitter	26.8GB/49.1GB (54.5%)
2021-10-29T00:51:33.736+0000	[#############...........] benchmark.Twitter	26.8GB/49.1GB (54.6%)
2021-10-29T00:51:36.735+0000	[#############...........] benchmark.Twitter	26.9GB/49.1GB (54.7%)
2021-10-29T00:51:39.735+0000	[#############...........] benchmark.Twitter	26.9GB/49.1GB (54.9%)
2021-10-29T00:51:42.735+0000	[#############...........] benchmark.Twitter	27.0GB/49.1GB (55.0%)
2021-10-29T00:51:45.735+0000	[#############...........] benchmark.Twitter	27.1GB/49.1GB (55.1%)
2021-10-29T00:51:48.735+0000	[#############...........] benchmark.Twitter	27.1GB/49.1GB (55.2%)
2021-10-29T00:51:51.735+0000	[#############...........] benchmark.Twitter	27.2GB/49.1GB (55.4%)
2021-10-29T00:51:54.735+0000	[#############...........] benchmark.Twitter	27.3GB/49.1GB (55.5%)
2021-10-29T00:51:57.735+0000	[#############...........] benchmark.Twitter	27.3GB/49.1GB (55.6%)
2021-10-29T00:52:00.735+0000	[#############...........] benchmark.Twitter	27.4GB/49.1GB (55.8%)
2021-10-29T00:52:03.735+0000	[#############...........] benchmark.Twitter	27.5GB/49.1GB (55.9%)
2021-10-29T00:52:06.735+0000	[#############...........] benchmark.Twitter	27.5GB/49.1GB (56.0%)
2021-10-29T00:52:09.735+0000	[#############...........] benchmark.Twitter	27.6GB/49.1GB (56.2%)
2021-10-29T00:52:12.735+0000	[#############...........] benchmark.Twitter	27.7GB/49.1GB (56.3%)
2021-10-29T00:52:15.736+0000	[#############...........] benchmark.Twitter	27.7GB/49.1GB (56.4%)
2021-10-29T00:52:18.735+0000	[#############...........] benchmark.Twitter	27.8GB/49.1GB (56.6%)
2021-10-29T00:52:21.736+0000	[#############...........] benchmark.Twitter	27.9GB/49.1GB (56.7%)
2021-10-29T00:52:24.735+0000	[#############...........] benchmark.Twitter	27.9GB/49.1GB (56.8%)
2021-10-29T00:52:27.735+0000	[#############...........] benchmark.Twitter	28.0GB/49.1GB (57.0%)
2021-10-29T00:52:30.735+0000	[#############...........] benchmark.Twitter	28.1GB/49.1GB (57.1%)
2021-10-29T00:52:33.736+0000	[#############...........] benchmark.Twitter	28.1GB/49.1GB (57.2%)
2021-10-29T00:52:36.735+0000	[#############...........] benchmark.Twitter	28.2GB/49.1GB (57.3%)
2021-10-29T00:52:39.735+0000	[#############...........] benchmark.Twitter	28.2GB/49.1GB (57.4%)
2021-10-29T00:52:42.735+0000	[#############...........] benchmark.Twitter	28.3GB/49.1GB (57.5%)
2021-10-29T00:52:45.735+0000	[#############...........] benchmark.Twitter	28.3GB/49.1GB (57.7%)
2021-10-29T00:52:48.735+0000	[#############...........] benchmark.Twitter	28.4GB/49.1GB (57.8%)
2021-10-29T00:52:51.735+0000	[#############...........] benchmark.Twitter	28.4GB/49.1GB (57.9%)
2021-10-29T00:52:54.735+0000	[#############...........] benchmark.Twitter	28.5GB/49.1GB (58.0%)
2021-10-29T00:52:57.735+0000	[#############...........] benchmark.Twitter	28.5GB/49.1GB (58.1%)
2021-10-29T00:53:00.735+0000	[#############...........] benchmark.Twitter	28.6GB/49.1GB (58.2%)
2021-10-29T00:53:03.735+0000	[#############...........] benchmark.Twitter	28.6GB/49.1GB (58.3%)
2021-10-29T00:53:06.735+0000	[##############..........] benchmark.Twitter	28.7GB/49.1GB (58.4%)
2021-10-29T00:53:09.735+0000	[##############..........] benchmark.Twitter	28.8GB/49.1GB (58.6%)
2021-10-29T00:53:12.735+0000	[##############..........] benchmark.Twitter	28.8GB/49.1GB (58.7%)
2021-10-29T00:53:15.735+0000	[##############..........] benchmark.Twitter	28.9GB/49.1GB (58.8%)
2021-10-29T00:53:18.735+0000	[##############..........] benchmark.Twitter	29.0GB/49.1GB (58.9%)
2021-10-29T00:53:21.735+0000	[##############..........] benchmark.Twitter	29.0GB/49.1GB (59.1%)
2021-10-29T00:53:24.735+0000	[##############..........] benchmark.Twitter	29.1GB/49.1GB (59.2%)
2021-10-29T00:53:27.735+0000	[##############..........] benchmark.Twitter	29.1GB/49.1GB (59.3%)
2021-10-29T00:53:30.735+0000	[##############..........] benchmark.Twitter	29.2GB/49.1GB (59.5%)
2021-10-29T00:53:33.736+0000	[##############..........] benchmark.Twitter	29.3GB/49.1GB (59.6%)
2021-10-29T00:53:36.735+0000	[##############..........] benchmark.Twitter	29.3GB/49.1GB (59.7%)
2021-10-29T00:53:39.735+0000	[##############..........] benchmark.Twitter	29.4GB/49.1GB (59.8%)
2021-10-29T00:53:42.735+0000	[##############..........] benchmark.Twitter	29.5GB/49.1GB (60.0%)
2021-10-29T00:53:45.736+0000	[##############..........] benchmark.Twitter	29.5GB/49.1GB (60.1%)
2021-10-29T00:53:48.736+0000	[##############..........] benchmark.Twitter	29.6GB/49.1GB (60.2%)
2021-10-29T00:53:51.735+0000	[##############..........] benchmark.Twitter	29.7GB/49.1GB (60.4%)
2021-10-29T00:53:54.735+0000	[##############..........] benchmark.Twitter	29.7GB/49.1GB (60.5%)
2021-10-29T00:53:57.736+0000	[##############..........] benchmark.Twitter	29.8GB/49.1GB (60.6%)
2021-10-29T00:54:00.736+0000	[##############..........] benchmark.Twitter	29.9GB/49.1GB (60.8%)
2021-10-29T00:54:03.735+0000	[##############..........] benchmark.Twitter	29.9GB/49.1GB (60.9%)
2021-10-29T00:54:06.735+0000	[##############..........] benchmark.Twitter	30.0GB/49.1GB (61.0%)
2021-10-29T00:54:09.735+0000	[##############..........] benchmark.Twitter	30.0GB/49.1GB (61.1%)
2021-10-29T00:54:12.735+0000	[##############..........] benchmark.Twitter	30.1GB/49.1GB (61.3%)
2021-10-29T00:54:15.735+0000	[##############..........] benchmark.Twitter	30.2GB/49.1GB (61.4%)
2021-10-29T00:54:18.735+0000	[##############..........] benchmark.Twitter	30.2GB/49.1GB (61.5%)
2021-10-29T00:54:21.735+0000	[##############..........] benchmark.Twitter	30.3GB/49.1GB (61.7%)
2021-10-29T00:54:24.736+0000	[##############..........] benchmark.Twitter	30.3GB/49.1GB (61.8%)
2021-10-29T00:54:27.735+0000	[##############..........] benchmark.Twitter	30.4GB/49.1GB (61.9%)
2021-10-29T00:54:30.735+0000	[##############..........] benchmark.Twitter	30.4GB/49.1GB (62.0%)
2021-10-29T00:54:33.735+0000	[##############..........] benchmark.Twitter	30.5GB/49.1GB (62.1%)
2021-10-29T00:54:36.735+0000	[##############..........] benchmark.Twitter	30.6GB/49.1GB (62.2%)
2021-10-29T00:54:39.736+0000	[##############..........] benchmark.Twitter	30.6GB/49.1GB (62.3%)
2021-10-29T00:54:42.735+0000	[##############..........] benchmark.Twitter	30.7GB/49.1GB (62.4%)
2021-10-29T00:54:45.735+0000	[###############.........] benchmark.Twitter	30.7GB/49.1GB (62.6%)
2021-10-29T00:54:48.735+0000	[###############.........] benchmark.Twitter	30.8GB/49.1GB (62.7%)
2021-10-29T00:54:51.735+0000	[###############.........] benchmark.Twitter	30.9GB/49.1GB (62.8%)
2021-10-29T00:54:54.735+0000	[###############.........] benchmark.Twitter	30.9GB/49.1GB (63.0%)
2021-10-29T00:54:57.735+0000	[###############.........] benchmark.Twitter	31.0GB/49.1GB (63.1%)
2021-10-29T00:55:00.735+0000	[###############.........] benchmark.Twitter	31.1GB/49.1GB (63.2%)
2021-10-29T00:55:03.735+0000	[###############.........] benchmark.Twitter	31.1GB/49.1GB (63.3%)
2021-10-29T00:55:06.735+0000	[###############.........] benchmark.Twitter	31.2GB/49.1GB (63.5%)
2021-10-29T00:55:09.735+0000	[###############.........] benchmark.Twitter	31.2GB/49.1GB (63.6%)
2021-10-29T00:55:12.735+0000	[###############.........] benchmark.Twitter	31.3GB/49.1GB (63.7%)
2021-10-29T00:55:15.736+0000	[###############.........] benchmark.Twitter	31.4GB/49.1GB (63.9%)
2021-10-29T00:55:18.735+0000	[###############.........] benchmark.Twitter	31.4GB/49.1GB (64.0%)
2021-10-29T00:55:21.735+0000	[###############.........] benchmark.Twitter	31.5GB/49.1GB (64.1%)
2021-10-29T00:55:24.736+0000	[###############.........] benchmark.Twitter	31.6GB/49.1GB (64.3%)
2021-10-29T00:55:27.735+0000	[###############.........] benchmark.Twitter	31.6GB/49.1GB (64.4%)
2021-10-29T00:55:30.735+0000	[###############.........] benchmark.Twitter	31.7GB/49.1GB (64.5%)
2021-10-29T00:55:33.735+0000	[###############.........] benchmark.Twitter	31.8GB/49.1GB (64.6%)
2021-10-29T00:55:36.735+0000	[###############.........] benchmark.Twitter	31.8GB/49.1GB (64.8%)
2021-10-29T00:55:39.735+0000	[###############.........] benchmark.Twitter	31.9GB/49.1GB (64.9%)
2021-10-29T00:55:42.735+0000	[###############.........] benchmark.Twitter	32.0GB/49.1GB (65.0%)
2021-10-29T00:55:45.735+0000	[###############.........] benchmark.Twitter	32.0GB/49.1GB (65.2%)
2021-10-29T00:55:48.736+0000	[###############.........] benchmark.Twitter	32.1GB/49.1GB (65.3%)
2021-10-29T00:55:51.735+0000	[###############.........] benchmark.Twitter	32.1GB/49.1GB (65.4%)
2021-10-29T00:55:54.735+0000	[###############.........] benchmark.Twitter	32.2GB/49.1GB (65.6%)
2021-10-29T00:55:57.735+0000	[###############.........] benchmark.Twitter	32.3GB/49.1GB (65.7%)
2021-10-29T00:56:00.736+0000	[###############.........] benchmark.Twitter	32.3GB/49.1GB (65.8%)
2021-10-29T00:56:03.735+0000	[###############.........] benchmark.Twitter	32.4GB/49.1GB (66.0%)
2021-10-29T00:56:06.735+0000	[###############.........] benchmark.Twitter	32.5GB/49.1GB (66.1%)
2021-10-29T00:56:09.735+0000	[###############.........] benchmark.Twitter	32.5GB/49.1GB (66.2%)
2021-10-29T00:56:12.735+0000	[###############.........] benchmark.Twitter	32.6GB/49.1GB (66.3%)
2021-10-29T00:56:15.735+0000	[###############.........] benchmark.Twitter	32.7GB/49.1GB (66.5%)
2021-10-29T00:56:18.735+0000	[###############.........] benchmark.Twitter	32.7GB/49.1GB (66.6%)
2021-10-29T00:56:21.736+0000	[################........] benchmark.Twitter	32.8GB/49.1GB (66.7%)
2021-10-29T00:56:24.735+0000	[################........] benchmark.Twitter	32.9GB/49.1GB (66.9%)
2021-10-29T00:56:27.735+0000	[################........] benchmark.Twitter	32.9GB/49.1GB (67.0%)
2021-10-29T00:56:30.735+0000	[################........] benchmark.Twitter	33.0GB/49.1GB (67.1%)
2021-10-29T00:56:33.736+0000	[################........] benchmark.Twitter	33.0GB/49.1GB (67.3%)
2021-10-29T00:56:36.735+0000	[################........] benchmark.Twitter	33.1GB/49.1GB (67.4%)
2021-10-29T00:56:39.742+0000	[################........] benchmark.Twitter	33.2GB/49.1GB (67.5%)
2021-10-29T00:56:42.735+0000	[################........] benchmark.Twitter	33.2GB/49.1GB (67.6%)
2021-10-29T00:56:45.735+0000	[################........] benchmark.Twitter	33.3GB/49.1GB (67.7%)
2021-10-29T00:56:48.735+0000	[################........] benchmark.Twitter	33.3GB/49.1GB (67.9%)
2021-10-29T00:56:51.735+0000	[################........] benchmark.Twitter	33.4GB/49.1GB (68.0%)
2021-10-29T00:56:54.735+0000	[################........] benchmark.Twitter	33.5GB/49.1GB (68.1%)
2021-10-29T00:56:57.736+0000	[################........] benchmark.Twitter	33.5GB/49.1GB (68.2%)
2021-10-29T00:57:00.735+0000	[################........] benchmark.Twitter	33.6GB/49.1GB (68.3%)
2021-10-29T00:57:03.735+0000	[################........] benchmark.Twitter	33.6GB/49.1GB (68.5%)
2021-10-29T00:57:06.736+0000	[################........] benchmark.Twitter	33.7GB/49.1GB (68.6%)
2021-10-29T00:57:09.735+0000	[################........] benchmark.Twitter	33.8GB/49.1GB (68.7%)
2021-10-29T00:57:12.735+0000	[################........] benchmark.Twitter	33.8GB/49.1GB (68.8%)
2021-10-29T00:57:15.735+0000	[################........] benchmark.Twitter	33.9GB/49.1GB (69.0%)
2021-10-29T00:57:18.735+0000	[################........] benchmark.Twitter	33.9GB/49.1GB (69.1%)
2021-10-29T00:57:21.736+0000	[################........] benchmark.Twitter	34.0GB/49.1GB (69.2%)
2021-10-29T00:57:24.735+0000	[################........] benchmark.Twitter	34.1GB/49.1GB (69.3%)
2021-10-29T00:57:27.735+0000	[################........] benchmark.Twitter	34.1GB/49.1GB (69.5%)
2021-10-29T00:57:30.735+0000	[################........] benchmark.Twitter	34.2GB/49.1GB (69.6%)
2021-10-29T00:57:33.735+0000	[################........] benchmark.Twitter	34.3GB/49.1GB (69.7%)
2021-10-29T00:57:36.735+0000	[################........] benchmark.Twitter	34.3GB/49.1GB (69.9%)
2021-10-29T00:57:39.735+0000	[################........] benchmark.Twitter	34.4GB/49.1GB (70.0%)
2021-10-29T00:57:42.735+0000	[################........] benchmark.Twitter	34.5GB/49.1GB (70.1%)
2021-10-29T00:57:45.735+0000	[################........] benchmark.Twitter	34.5GB/49.1GB (70.2%)
2021-10-29T00:57:48.735+0000	[################........] benchmark.Twitter	34.6GB/49.1GB (70.4%)
2021-10-29T00:57:51.735+0000	[################........] benchmark.Twitter	34.6GB/49.1GB (70.5%)
2021-10-29T00:57:54.735+0000	[################........] benchmark.Twitter	34.7GB/49.1GB (70.6%)
2021-10-29T00:57:57.735+0000	[################........] benchmark.Twitter	34.8GB/49.1GB (70.8%)
2021-10-29T00:58:00.735+0000	[#################.......] benchmark.Twitter	34.8GB/49.1GB (70.9%)
2021-10-29T00:58:03.735+0000	[#################.......] benchmark.Twitter	34.9GB/49.1GB (71.0%)
2021-10-29T00:58:06.735+0000	[#################.......] benchmark.Twitter	35.0GB/49.1GB (71.2%)
2021-10-29T00:58:09.735+0000	[#################.......] benchmark.Twitter	35.0GB/49.1GB (71.3%)
2021-10-29T00:58:12.736+0000	[#################.......] benchmark.Twitter	35.1GB/49.1GB (71.4%)
2021-10-29T00:58:15.735+0000	[#################.......] benchmark.Twitter	35.1GB/49.1GB (71.5%)
2021-10-29T00:58:18.735+0000	[#################.......] benchmark.Twitter	35.2GB/49.1GB (71.7%)
2021-10-29T00:58:21.735+0000	[#################.......] benchmark.Twitter	35.3GB/49.1GB (71.8%)
2021-10-29T00:58:24.735+0000	[#################.......] benchmark.Twitter	35.3GB/49.1GB (71.9%)
2021-10-29T00:58:27.735+0000	[#################.......] benchmark.Twitter	35.4GB/49.1GB (72.1%)
2021-10-29T00:58:30.735+0000	[#################.......] benchmark.Twitter	35.5GB/49.1GB (72.2%)
2021-10-29T00:58:33.735+0000	[#################.......] benchmark.Twitter	35.5GB/49.1GB (72.3%)
2021-10-29T00:58:36.735+0000	[#################.......] benchmark.Twitter	35.6GB/49.1GB (72.4%)
2021-10-29T00:58:39.735+0000	[#################.......] benchmark.Twitter	35.6GB/49.1GB (72.6%)
2021-10-29T00:58:42.735+0000	[#################.......] benchmark.Twitter	35.7GB/49.1GB (72.7%)
2021-10-29T00:58:45.735+0000	[#################.......] benchmark.Twitter	35.8GB/49.1GB (72.8%)
2021-10-29T00:58:48.735+0000	[#################.......] benchmark.Twitter	35.8GB/49.1GB (72.9%)
2021-10-29T00:58:51.735+0000	[#################.......] benchmark.Twitter	35.9GB/49.1GB (73.1%)
2021-10-29T00:58:54.735+0000	[#################.......] benchmark.Twitter	36.0GB/49.1GB (73.2%)
2021-10-29T00:58:57.736+0000	[#################.......] benchmark.Twitter	36.0GB/49.1GB (73.3%)
2021-10-29T00:59:00.736+0000	[#################.......] benchmark.Twitter	36.1GB/49.1GB (73.5%)
2021-10-29T00:59:03.735+0000	[#################.......] benchmark.Twitter	36.2GB/49.1GB (73.6%)
2021-10-29T00:59:06.735+0000	[#################.......] benchmark.Twitter	36.2GB/49.1GB (73.7%)
2021-10-29T00:59:09.735+0000	[#################.......] benchmark.Twitter	36.3GB/49.1GB (73.9%)
2021-10-29T00:59:12.735+0000	[#################.......] benchmark.Twitter	36.4GB/49.1GB (74.0%)
2021-10-29T00:59:15.735+0000	[#################.......] benchmark.Twitter	36.4GB/49.1GB (74.1%)
2021-10-29T00:59:18.735+0000	[#################.......] benchmark.Twitter	36.5GB/49.1GB (74.2%)
2021-10-29T00:59:21.735+0000	[#################.......] benchmark.Twitter	36.5GB/49.1GB (74.4%)
2021-10-29T00:59:24.735+0000	[#################.......] benchmark.Twitter	36.6GB/49.1GB (74.5%)
2021-10-29T00:59:27.735+0000	[#################.......] benchmark.Twitter	36.7GB/49.1GB (74.6%)
2021-10-29T00:59:30.736+0000	[#################.......] benchmark.Twitter	36.7GB/49.1GB (74.7%)
2021-10-29T00:59:33.736+0000	[#################.......] benchmark.Twitter	36.8GB/49.1GB (74.9%)
2021-10-29T00:59:36.735+0000	[##################......] benchmark.Twitter	36.9GB/49.1GB (75.0%)
2021-10-29T00:59:39.735+0000	[##################......] benchmark.Twitter	36.9GB/49.1GB (75.1%)
2021-10-29T00:59:42.736+0000	[##################......] benchmark.Twitter	37.0GB/49.1GB (75.3%)
2021-10-29T00:59:45.736+0000	[##################......] benchmark.Twitter	37.0GB/49.1GB (75.4%)
2021-10-29T00:59:48.736+0000	[##################......] benchmark.Twitter	37.1GB/49.1GB (75.5%)
2021-10-29T00:59:51.735+0000	[##################......] benchmark.Twitter	37.2GB/49.1GB (75.6%)
2021-10-29T00:59:54.736+0000	[##################......] benchmark.Twitter	37.2GB/49.1GB (75.8%)
2021-10-29T00:59:57.735+0000	[##################......] benchmark.Twitter	37.3GB/49.1GB (75.9%)
2021-10-29T01:00:00.736+0000	[##################......] benchmark.Twitter	37.4GB/49.1GB (76.0%)
2021-10-29T01:00:03.736+0000	[##################......] benchmark.Twitter	37.4GB/49.1GB (76.1%)
2021-10-29T01:00:06.735+0000	[##################......] benchmark.Twitter	37.5GB/49.1GB (76.3%)
2021-10-29T01:00:09.735+0000	[##################......] benchmark.Twitter	37.5GB/49.1GB (76.4%)
2021-10-29T01:00:12.735+0000	[##################......] benchmark.Twitter	37.6GB/49.1GB (76.5%)
2021-10-29T01:00:15.735+0000	[##################......] benchmark.Twitter	37.6GB/49.1GB (76.6%)
2021-10-29T01:00:18.736+0000	[##################......] benchmark.Twitter	37.7GB/49.1GB (76.7%)
2021-10-29T01:00:21.735+0000	[##################......] benchmark.Twitter	37.8GB/49.1GB (76.9%)
2021-10-29T01:00:24.735+0000	[##################......] benchmark.Twitter	37.8GB/49.1GB (77.0%)
2021-10-29T01:00:27.735+0000	[##################......] benchmark.Twitter	37.9GB/49.1GB (77.1%)
2021-10-29T01:00:30.735+0000	[##################......] benchmark.Twitter	37.9GB/49.1GB (77.2%)
2021-10-29T01:00:33.736+0000	[##################......] benchmark.Twitter	38.0GB/49.1GB (77.4%)
2021-10-29T01:00:36.735+0000	[##################......] benchmark.Twitter	38.1GB/49.1GB (77.5%)
2021-10-29T01:00:39.735+0000	[##################......] benchmark.Twitter	38.1GB/49.1GB (77.6%)
2021-10-29T01:00:42.735+0000	[##################......] benchmark.Twitter	38.2GB/49.1GB (77.7%)
2021-10-29T01:00:45.735+0000	[##################......] benchmark.Twitter	38.3GB/49.1GB (77.9%)
2021-10-29T01:00:48.735+0000	[##################......] benchmark.Twitter	38.3GB/49.1GB (78.0%)
2021-10-29T01:00:51.736+0000	[##################......] benchmark.Twitter	38.4GB/49.1GB (78.1%)
2021-10-29T01:00:54.735+0000	[##################......] benchmark.Twitter	38.5GB/49.1GB (78.3%)
2021-10-29T01:00:57.735+0000	[##################......] benchmark.Twitter	38.5GB/49.1GB (78.4%)
2021-10-29T01:01:00.735+0000	[##################......] benchmark.Twitter	38.6GB/49.1GB (78.5%)
2021-10-29T01:01:03.736+0000	[##################......] benchmark.Twitter	38.6GB/49.1GB (78.6%)
2021-10-29T01:01:06.735+0000	[##################......] benchmark.Twitter	38.7GB/49.1GB (78.8%)
2021-10-29T01:01:09.735+0000	[##################......] benchmark.Twitter	38.8GB/49.1GB (78.9%)
2021-10-29T01:01:12.740+0000	[##################......] benchmark.Twitter	38.8GB/49.1GB (79.0%)
2021-10-29T01:01:15.735+0000	[##################......] benchmark.Twitter	38.9GB/49.1GB (79.1%)
2021-10-29T01:01:18.735+0000	[###################.....] benchmark.Twitter	39.0GB/49.1GB (79.3%)
2021-10-29T01:01:21.736+0000	[###################.....] benchmark.Twitter	39.0GB/49.1GB (79.4%)
2021-10-29T01:01:24.736+0000	[###################.....] benchmark.Twitter	39.1GB/49.1GB (79.5%)
2021-10-29T01:01:27.735+0000	[###################.....] benchmark.Twitter	39.1GB/49.1GB (79.7%)
2021-10-29T01:01:30.735+0000	[###################.....] benchmark.Twitter	39.2GB/49.1GB (79.8%)
2021-10-29T01:01:33.735+0000	[###################.....] benchmark.Twitter	39.3GB/49.1GB (79.9%)
2021-10-29T01:01:36.735+0000	[###################.....] benchmark.Twitter	39.3GB/49.1GB (80.0%)
2021-10-29T01:01:39.735+0000	[###################.....] benchmark.Twitter	39.4GB/49.1GB (80.2%)
2021-10-29T01:01:42.735+0000	[###################.....] benchmark.Twitter	39.5GB/49.1GB (80.3%)
2021-10-29T01:01:45.735+0000	[###################.....] benchmark.Twitter	39.5GB/49.1GB (80.4%)
2021-10-29T01:01:48.735+0000	[###################.....] benchmark.Twitter	39.6GB/49.1GB (80.6%)
2021-10-29T01:01:51.736+0000	[###################.....] benchmark.Twitter	39.6GB/49.1GB (80.7%)
2021-10-29T01:01:54.735+0000	[###################.....] benchmark.Twitter	39.7GB/49.1GB (80.8%)
2021-10-29T01:01:57.735+0000	[###################.....] benchmark.Twitter	39.8GB/49.1GB (81.0%)
2021-10-29T01:02:00.736+0000	[###################.....] benchmark.Twitter	39.8GB/49.1GB (81.1%)
2021-10-29T01:02:03.735+0000	[###################.....] benchmark.Twitter	39.9GB/49.1GB (81.2%)
2021-10-29T01:02:06.735+0000	[###################.....] benchmark.Twitter	40.0GB/49.1GB (81.3%)
2021-10-29T01:02:09.736+0000	[###################.....] benchmark.Twitter	40.0GB/49.1GB (81.5%)
2021-10-29T01:02:12.736+0000	[###################.....] benchmark.Twitter	40.1GB/49.1GB (81.6%)
2021-10-29T01:02:15.735+0000	[###################.....] benchmark.Twitter	40.1GB/49.1GB (81.7%)
2021-10-29T01:02:18.735+0000	[###################.....] benchmark.Twitter	40.2GB/49.1GB (81.9%)
2021-10-29T01:02:21.735+0000	[###################.....] benchmark.Twitter	40.3GB/49.1GB (82.0%)
2021-10-29T01:02:24.735+0000	[###################.....] benchmark.Twitter	40.3GB/49.1GB (82.1%)
2021-10-29T01:02:27.735+0000	[###################.....] benchmark.Twitter	40.4GB/49.1GB (82.2%)
2021-10-29T01:02:30.735+0000	[###################.....] benchmark.Twitter	40.5GB/49.1GB (82.4%)
2021-10-29T01:02:33.735+0000	[###################.....] benchmark.Twitter	40.5GB/49.1GB (82.5%)
2021-10-29T01:02:36.736+0000	[###################.....] benchmark.Twitter	40.6GB/49.1GB (82.6%)
2021-10-29T01:02:39.735+0000	[###################.....] benchmark.Twitter	40.7GB/49.1GB (82.8%)
2021-10-29T01:02:42.736+0000	[###################.....] benchmark.Twitter	40.7GB/49.1GB (82.9%)
2021-10-29T01:02:45.736+0000	[###################.....] benchmark.Twitter	40.8GB/49.1GB (83.0%)
2021-10-29T01:02:48.735+0000	[###################.....] benchmark.Twitter	40.9GB/49.1GB (83.1%)
2021-10-29T01:02:51.735+0000	[###################.....] benchmark.Twitter	40.9GB/49.1GB (83.3%)
2021-10-29T01:02:54.735+0000	[####################....] benchmark.Twitter	41.0GB/49.1GB (83.4%)
2021-10-29T01:02:57.735+0000	[####################....] benchmark.Twitter	41.0GB/49.1GB (83.5%)
2021-10-29T01:03:00.735+0000	[####################....] benchmark.Twitter	41.1GB/49.1GB (83.6%)
2021-10-29T01:03:03.735+0000	[####################....] benchmark.Twitter	41.2GB/49.1GB (83.8%)
2021-10-29T01:03:06.736+0000	[####################....] benchmark.Twitter	41.2GB/49.1GB (83.9%)
2021-10-29T01:03:09.736+0000	[####################....] benchmark.Twitter	41.3GB/49.1GB (84.0%)
2021-10-29T01:03:12.736+0000	[####################....] benchmark.Twitter	41.4GB/49.1GB (84.2%)
2021-10-29T01:03:15.735+0000	[####################....] benchmark.Twitter	41.4GB/49.1GB (84.3%)
2021-10-29T01:03:18.736+0000	[####################....] benchmark.Twitter	41.5GB/49.1GB (84.4%)
2021-10-29T01:03:21.735+0000	[####################....] benchmark.Twitter	41.5GB/49.1GB (84.5%)
2021-10-29T01:03:24.735+0000	[####################....] benchmark.Twitter	41.6GB/49.1GB (84.6%)
2021-10-29T01:03:27.735+0000	[####################....] benchmark.Twitter	41.6GB/49.1GB (84.8%)
2021-10-29T01:03:30.735+0000	[####################....] benchmark.Twitter	41.7GB/49.1GB (84.9%)
2021-10-29T01:03:33.735+0000	[####################....] benchmark.Twitter	41.8GB/49.1GB (85.0%)
2021-10-29T01:03:36.735+0000	[####################....] benchmark.Twitter	41.8GB/49.1GB (85.1%)
2021-10-29T01:03:39.735+0000	[####################....] benchmark.Twitter	41.9GB/49.1GB (85.2%)
2021-10-29T01:03:42.735+0000	[####################....] benchmark.Twitter	41.9GB/49.1GB (85.4%)
2021-10-29T01:03:45.735+0000	[####################....] benchmark.Twitter	42.0GB/49.1GB (85.5%)
2021-10-29T01:03:48.735+0000	[####################....] benchmark.Twitter	42.1GB/49.1GB (85.6%)
2021-10-29T01:03:51.735+0000	[####################....] benchmark.Twitter	42.1GB/49.1GB (85.8%)
2021-10-29T01:03:54.736+0000	[####################....] benchmark.Twitter	42.2GB/49.1GB (85.9%)
2021-10-29T01:03:57.735+0000	[####################....] benchmark.Twitter	42.3GB/49.1GB (86.0%)
2021-10-29T01:04:00.737+0000	[####################....] benchmark.Twitter	42.3GB/49.1GB (86.1%)
2021-10-29T01:04:03.735+0000	[####################....] benchmark.Twitter	42.4GB/49.1GB (86.3%)
2021-10-29T01:04:06.735+0000	[####################....] benchmark.Twitter	42.5GB/49.1GB (86.4%)
2021-10-29T01:04:09.735+0000	[####################....] benchmark.Twitter	42.5GB/49.1GB (86.5%)
2021-10-29T01:04:12.735+0000	[####################....] benchmark.Twitter	42.6GB/49.1GB (86.7%)
2021-10-29T01:04:15.735+0000	[####################....] benchmark.Twitter	42.6GB/49.1GB (86.8%)
2021-10-29T01:04:18.735+0000	[####################....] benchmark.Twitter	42.7GB/49.1GB (86.9%)
2021-10-29T01:04:21.735+0000	[####################....] benchmark.Twitter	42.8GB/49.1GB (87.1%)
2021-10-29T01:04:24.735+0000	[####################....] benchmark.Twitter	42.8GB/49.1GB (87.2%)
2021-10-29T01:04:27.735+0000	[####################....] benchmark.Twitter	42.9GB/49.1GB (87.3%)
2021-10-29T01:04:30.736+0000	[####################....] benchmark.Twitter	43.0GB/49.1GB (87.4%)
2021-10-29T01:04:33.735+0000	[#####################...] benchmark.Twitter	43.0GB/49.1GB (87.6%)
2021-10-29T01:04:36.735+0000	[#####################...] benchmark.Twitter	43.1GB/49.1GB (87.7%)
2021-10-29T01:04:39.736+0000	[#####################...] benchmark.Twitter	43.2GB/49.1GB (87.8%)
2021-10-29T01:04:42.736+0000	[#####################...] benchmark.Twitter	43.2GB/49.1GB (88.0%)
2021-10-29T01:04:45.735+0000	[#####################...] benchmark.Twitter	43.3GB/49.1GB (88.1%)
2021-10-29T01:04:48.735+0000	[#####################...] benchmark.Twitter	43.4GB/49.1GB (88.2%)
2021-10-29T01:04:51.735+0000	[#####################...] benchmark.Twitter	43.4GB/49.1GB (88.4%)
2021-10-29T01:04:54.735+0000	[#####################...] benchmark.Twitter	43.5GB/49.1GB (88.5%)
2021-10-29T01:04:57.735+0000	[#####################...] benchmark.Twitter	43.5GB/49.1GB (88.6%)
2021-10-29T01:05:00.735+0000	[#####################...] benchmark.Twitter	43.6GB/49.1GB (88.8%)
2021-10-29T01:05:03.736+0000	[#####################...] benchmark.Twitter	43.7GB/49.1GB (88.9%)
2021-10-29T01:05:06.735+0000	[#####################...] benchmark.Twitter	43.7GB/49.1GB (89.0%)
2021-10-29T01:05:09.735+0000	[#####################...] benchmark.Twitter	43.8GB/49.1GB (89.2%)
2021-10-29T01:05:12.735+0000	[#####################...] benchmark.Twitter	43.9GB/49.1GB (89.3%)
2021-10-29T01:05:15.736+0000	[#####################...] benchmark.Twitter	43.9GB/49.1GB (89.4%)
2021-10-29T01:05:18.735+0000	[#####################...] benchmark.Twitter	44.0GB/49.1GB (89.5%)
2021-10-29T01:05:21.736+0000	[#####################...] benchmark.Twitter	44.0GB/49.1GB (89.6%)
2021-10-29T01:05:24.735+0000	[#####################...] benchmark.Twitter	44.1GB/49.1GB (89.7%)
2021-10-29T01:05:27.736+0000	[#####################...] benchmark.Twitter	44.1GB/49.1GB (89.8%)
2021-10-29T01:05:30.736+0000	[#####################...] benchmark.Twitter	44.2GB/49.1GB (90.0%)
2021-10-29T01:05:33.735+0000	[#####################...] benchmark.Twitter	44.2GB/49.1GB (90.1%)
2021-10-29T01:05:36.735+0000	[#####################...] benchmark.Twitter	44.3GB/49.1GB (90.2%)
2021-10-29T01:05:39.736+0000	[#####################...] benchmark.Twitter	44.4GB/49.1GB (90.3%)
2021-10-29T01:05:42.735+0000	[#####################...] benchmark.Twitter	44.4GB/49.1GB (90.5%)
2021-10-29T01:05:45.735+0000	[#####################...] benchmark.Twitter	44.5GB/49.1GB (90.6%)
2021-10-29T01:05:48.735+0000	[#####################...] benchmark.Twitter	44.6GB/49.1GB (90.7%)
2021-10-29T01:05:51.742+0000	[#####################...] benchmark.Twitter	44.6GB/49.1GB (90.8%)
2021-10-29T01:05:54.735+0000	[#####################...] benchmark.Twitter	44.7GB/49.1GB (91.0%)
2021-10-29T01:05:57.735+0000	[#####################...] benchmark.Twitter	44.8GB/49.1GB (91.1%)
2021-10-29T01:06:00.735+0000	[#####################...] benchmark.Twitter	44.8GB/49.1GB (91.2%)
2021-10-29T01:06:03.735+0000	[#####################...] benchmark.Twitter	44.9GB/49.1GB (91.4%)
2021-10-29T01:06:06.736+0000	[#####################...] benchmark.Twitter	45.0GB/49.1GB (91.5%)
2021-10-29T01:06:09.735+0000	[#####################...] benchmark.Twitter	45.0GB/49.1GB (91.6%)
2021-10-29T01:06:12.736+0000	[######################..] benchmark.Twitter	45.1GB/49.1GB (91.8%)
2021-10-29T01:06:15.735+0000	[######################..] benchmark.Twitter	45.1GB/49.1GB (91.9%)
2021-10-29T01:06:18.735+0000	[######################..] benchmark.Twitter	45.2GB/49.1GB (92.0%)
2021-10-29T01:06:21.736+0000	[######################..] benchmark.Twitter	45.3GB/49.1GB (92.1%)
2021-10-29T01:06:24.736+0000	[######################..] benchmark.Twitter	45.3GB/49.1GB (92.3%)
2021-10-29T01:06:27.735+0000	[######################..] benchmark.Twitter	45.4GB/49.1GB (92.4%)
2021-10-29T01:06:30.735+0000	[######################..] benchmark.Twitter	45.5GB/49.1GB (92.5%)
2021-10-29T01:06:33.735+0000	[######################..] benchmark.Twitter	45.5GB/49.1GB (92.7%)
2021-10-29T01:06:36.735+0000	[######################..] benchmark.Twitter	45.6GB/49.1GB (92.8%)
2021-10-29T01:06:39.735+0000	[######################..] benchmark.Twitter	45.6GB/49.1GB (92.9%)
2021-10-29T01:06:42.735+0000	[######################..] benchmark.Twitter	45.7GB/49.1GB (93.0%)
2021-10-29T01:06:45.736+0000	[######################..] benchmark.Twitter	45.8GB/49.1GB (93.2%)
2021-10-29T01:06:48.735+0000	[######################..] benchmark.Twitter	45.8GB/49.1GB (93.3%)
2021-10-29T01:06:51.736+0000	[######################..] benchmark.Twitter	45.9GB/49.1GB (93.4%)
2021-10-29T01:06:54.736+0000	[######################..] benchmark.Twitter	46.0GB/49.1GB (93.6%)
2021-10-29T01:06:57.735+0000	[######################..] benchmark.Twitter	46.0GB/49.1GB (93.7%)
2021-10-29T01:07:00.736+0000	[######################..] benchmark.Twitter	46.1GB/49.1GB (93.8%)
2021-10-29T01:07:03.735+0000	[######################..] benchmark.Twitter	46.2GB/49.1GB (94.0%)
2021-10-29T01:07:06.736+0000	[######################..] benchmark.Twitter	46.2GB/49.1GB (94.1%)
2021-10-29T01:07:09.736+0000	[######################..] benchmark.Twitter	46.3GB/49.1GB (94.2%)
2021-10-29T01:07:12.735+0000	[######################..] benchmark.Twitter	46.4GB/49.1GB (94.3%)
2021-10-29T01:07:15.735+0000	[######################..] benchmark.Twitter	46.4GB/49.1GB (94.5%)
2021-10-29T01:07:18.736+0000	[######################..] benchmark.Twitter	46.5GB/49.1GB (94.6%)
2021-10-29T01:07:21.736+0000	[######################..] benchmark.Twitter	46.5GB/49.1GB (94.7%)
2021-10-29T01:07:24.735+0000	[######################..] benchmark.Twitter	46.6GB/49.1GB (94.9%)
2021-10-29T01:07:27.735+0000	[######################..] benchmark.Twitter	46.7GB/49.1GB (95.0%)
2021-10-29T01:07:30.735+0000	[######################..] benchmark.Twitter	46.7GB/49.1GB (95.1%)
2021-10-29T01:07:33.736+0000	[######################..] benchmark.Twitter	46.8GB/49.1GB (95.3%)
2021-10-29T01:07:36.735+0000	[######################..] benchmark.Twitter	46.9GB/49.1GB (95.4%)
2021-10-29T01:07:39.735+0000	[######################..] benchmark.Twitter	46.9GB/49.1GB (95.5%)
2021-10-29T01:07:42.735+0000	[######################..] benchmark.Twitter	47.0GB/49.1GB (95.6%)
2021-10-29T01:07:45.735+0000	[######################..] benchmark.Twitter	47.0GB/49.1GB (95.7%)
2021-10-29T01:07:48.735+0000	[######################..] benchmark.Twitter	47.1GB/49.1GB (95.8%)
2021-10-29T01:07:51.735+0000	[#######################.] benchmark.Twitter	47.1GB/49.1GB (95.9%)
2021-10-29T01:07:54.735+0000	[#######################.] benchmark.Twitter	47.2GB/49.1GB (96.1%)
2021-10-29T01:07:57.735+0000	[#######################.] benchmark.Twitter	47.2GB/49.1GB (96.2%)
2021-10-29T01:08:00.736+0000	[#######################.] benchmark.Twitter	47.3GB/49.1GB (96.3%)
2021-10-29T01:08:03.735+0000	[#######################.] benchmark.Twitter	47.4GB/49.1GB (96.4%)
2021-10-29T01:08:06.735+0000	[#######################.] benchmark.Twitter	47.4GB/49.1GB (96.6%)
2021-10-29T01:08:09.735+0000	[#######################.] benchmark.Twitter	47.5GB/49.1GB (96.7%)
2021-10-29T01:08:12.735+0000	[#######################.] benchmark.Twitter	47.6GB/49.1GB (96.8%)
2021-10-29T01:08:15.737+0000	[#######################.] benchmark.Twitter	47.6GB/49.1GB (96.9%)
2021-10-29T01:08:18.735+0000	[#######################.] benchmark.Twitter	47.7GB/49.1GB (97.1%)
2021-10-29T01:08:21.735+0000	[#######################.] benchmark.Twitter	47.8GB/49.1GB (97.2%)
2021-10-29T01:08:24.736+0000	[#######################.] benchmark.Twitter	47.8GB/49.1GB (97.3%)
2021-10-29T01:08:27.735+0000	[#######################.] benchmark.Twitter	47.9GB/49.1GB (97.5%)
2021-10-29T01:08:30.735+0000	[#######################.] benchmark.Twitter	47.9GB/49.1GB (97.6%)
2021-10-29T01:08:33.735+0000	[#######################.] benchmark.Twitter	48.0GB/49.1GB (97.7%)
2021-10-29T01:08:36.735+0000	[#######################.] benchmark.Twitter	48.1GB/49.1GB (97.8%)
2021-10-29T01:08:39.735+0000	[#######################.] benchmark.Twitter	48.1GB/49.1GB (98.0%)
2021-10-29T01:08:42.735+0000	[#######################.] benchmark.Twitter	48.2GB/49.1GB (98.1%)
2021-10-29T01:08:45.735+0000	[#######################.] benchmark.Twitter	48.3GB/49.1GB (98.2%)
2021-10-29T01:08:48.735+0000	[#######################.] benchmark.Twitter	48.3GB/49.1GB (98.4%)
2021-10-29T01:08:51.735+0000	[#######################.] benchmark.Twitter	48.4GB/49.1GB (98.5%)
2021-10-29T01:08:54.736+0000	[#######################.] benchmark.Twitter	48.5GB/49.1GB (98.6%)
2021-10-29T01:08:57.735+0000	[#######################.] benchmark.Twitter	48.5GB/49.1GB (98.7%)
2021-10-29T01:09:00.735+0000	[#######################.] benchmark.Twitter	48.6GB/49.1GB (98.9%)
2021-10-29T01:09:03.736+0000	[#######################.] benchmark.Twitter	48.6GB/49.1GB (99.0%)
2021-10-29T01:09:06.735+0000	[#######################.] benchmark.Twitter	48.7GB/49.1GB (99.1%)
2021-10-29T01:09:09.735+0000	[#######################.] benchmark.Twitter	48.8GB/49.1GB (99.3%)
2021-10-29T01:09:12.736+0000	[#######################.] benchmark.Twitter	48.8GB/49.1GB (99.4%)
2021-10-29T01:09:15.735+0000	[#######################.] benchmark.Twitter	48.9GB/49.1GB (99.5%)
2021-10-29T01:09:18.735+0000	[#######################.] benchmark.Twitter	49.0GB/49.1GB (99.6%)
2021-10-29T01:09:21.736+0000	[#######################.] benchmark.Twitter	49.0GB/49.1GB (99.8%)
2021-10-29T01:09:24.735+0000	[#######################.] benchmark.Twitter	49.1GB/49.1GB (99.9%)
2021-10-29T01:09:27.295+0000	[########################] benchmark.Twitter	49.1GB/49.1GB (100.0%)
2021-10-29T01:09:27.295+0000	13346336 document(s) imported successfully. 0 document(s) failed to import.
mongo-benchmark
MongoDB: 3541.99 s
mongo-benchmark
=== Found Postgres query file, executing Postgres queries ===
= File:'Twitter.json' =
13.4-alpine: Pulling from library/postgres
Digest: sha256:c170270dc9ba94f491375e366fa2cf46d0bc0027e4a69d70e6e9d1454ba748dc
Status: Image is up to date for postgres:13.4-alpine
2e1bafb3068b012344bffdd2950a9bad24a927a0ad4cc647c50e58017605e29d
3
PSQL: 8539.44 s
psql-benchmark
=== Found JQ query file, executing JQ queries ===
Sending build context to Docker daemon  112.1kB
Step 1/2 : FROM alpine
 ---> 14119a10abf4
Step 2/2 : RUN apk add --no-cache --upgrade bash jq
 ---> Using cache
 ---> 91ec4132b45e
Successfully built 91ec4132b45e
Successfully tagged nicotin/jq:05-10-2021
write /dev/stdout: broken pipe
0
JQ: 19522.8 s
jq-benchmark
=== Results ===
= JQ =
Overall: 19522.8
= JODA =
Overall: 123.931
Query Time: 63.2608
10.129736113
7.758923577
6.837723461
7.695040437
5.566166987
4.487268376
6.2156934
4.819155795
5.185961113
4.565136663
= Mongo =
Overall: 3541.99
185.05
168.954
164.682
175.646
66.131
73.133
82.461
86.696
82.692
82.384
Query Time: 1167.83
= PostgreSQL =
Overall: 8539.44
=== AGG Results ===
= JQ =
5073309
1985718
1423329
1253365
4467128
970479
434583
226865
79126
56933
= JODA =
13346336
5073309
1985718
1423329
1253365
4467128
970479
434583
226865
79126
56933
= Mongo =
5073309
1985718
1423329
1253365
4467128
970479
434583
226865
79126
56933
= PostgreSQL =
 5073309
 1985718
 1423329
 1253365
 4456547
 959898
 424002
 216709
 68970
 48900
