=== Found JODA query file, executing JODA queries ===
= File:'Twitter.json' =
0.12.4: Pulling from nicotin/joda
Digest: sha256:b253680f2c5ee1118e2c282e0c4ebff5cb6e87643fb98abcf1e686caaa35152a
Status: Image is up to date for nicotin/joda:0.12.4
f1b209acdf64e4f3ee35b03f0a12a738c045c4dda3b336730d29298fd3f3cf05
0
JODA: 88.2527 s
joda-benchmark
=== Results ===
= JQ =
Overall: 
= JODA =
Overall: 88.2527
Query Time: 21.089
4.988702183
5.857504863
5.11567299
4.81126345
0.315839651
= Mongo =
Overall: 

Query Time: 
= PostgreSQL =
Overall: 
=== AGG Results ===
= JQ =

= JODA =
13346336
5290099
2635378
2606930
2005513
1596418
= Mongo =

= PostgreSQL =

