=== Found JODA query file, executing JODA queries ===
=== Found MongoDB query file, executing MongoDB queries ===
=== Found Postgres query file, executing Postgres queries ===
=== Found JQ query file, executing JQ queries ===
Sending build context to Docker daemon  9.433MB
Step 1/2 : FROM alpine
 ---> 14119a10abf4
Step 2/2 : RUN apk add --no-cache --upgrade bash jq
 ---> Using cache
 ---> 91ec4132b45e
Successfully built 91ec4132b45e
Successfully tagged nicotin/jq:05-10-2021
status: exited: 143
JQ: 9.19483 s
d521590a03beb48af7be3c4c78caa10921b41c968d25924258ef1f91cb582f0b
=== Results ===
= JODA =
Overall: 
Query Time: 

= Mongo =
Overall: 
Query Time: 

= PostgreSQL =
Overall: 
Query Time: 

= JQ =
Overall: 9.19483
