=== Found JODA query file, executing JODA queries ===
= File:'Twitter.json' =
0.12.4: Pulling from nicotin/joda
Digest: sha256:b253680f2c5ee1118e2c282e0c4ebff5cb6e87643fb98abcf1e686caaa35152a
Status: Image is up to date for nicotin/joda:0.12.4
9cdeef99e4f31995a6f2e5449fa57f981761f34dbf12eb3450df947b9c386ad1
0
JODA: 68.6225 s
joda-benchmark
=== Results ===
= JQ =
Overall: 
= JODA =
Overall: 68.6225
Query Time: 10.7464
6.887527882
1.946540411
0.774327281
0.367107711
0.239569234
0.147434759
0.144881486
0.084337905
0.08641385
0.068276558
= Mongo =
Overall: 

Query Time: 
= PostgreSQL =
Overall: 
=== AGG Results ===
= JQ =

= JODA =
13346336
5073309
5073309
1734181
964346
694332
130389
267577
130389
130389
19097
= Mongo =

= PostgreSQL =

