The files belonging to this database system will be owned by user "postgres".
This user must also own the server process.

The database cluster will be initialized with locale "en_US.utf8".
The default database encoding has accordingly been set to "UTF8".
The default text search configuration will be set to "english".

Data page checksums are disabled.

fixing permissions on existing directory /var/lib/postgresql/data ... ok
creating subdirectories ... ok
selecting dynamic shared memory implementation ... posix
selecting default max_connections ... 100
selecting default shared_buffers ... 128MB
selecting default time zone ... UTC
creating configuration files ... ok
running bootstrap script ... ok
sh: locale: not found
2021-10-24 11:49:02.100 UTC [30] WARNING:  no usable system locales were found
performing post-bootstrap initialization ... ok
syncing data to disk ... ok


Success. You can now start the database server using:

    pg_ctl -D /var/lib/postgresql/data -l logfile start

initdb: warning: enabling "trust" authentication for local connections
You can change this by editing pg_hba.conf or using the option -A, or
--auth-local and --auth-host, the next time you run initdb.
waiting for server to start....2021-10-24 11:49:02.854 UTC [36] LOG:  starting PostgreSQL 13.4 on x86_64-pc-linux-musl, compiled by gcc (Alpine 10.3.1_git20210424) 10.3.1 20210424, 64-bit
2021-10-24 11:49:02.875 UTC [36] LOG:  listening on Unix socket "/var/run/postgresql/.s.PGSQL.5432"
2021-10-24 11:49:02.878 UTC [37] LOG:  database system was shut down at 2021-10-24 11:49:02 UTC
2021-10-24 11:49:02.881 UTC [36] LOG:  database system is ready to accept connections
 done
server started
2021-10-24 11:49:02.954 UTC [46] LOG:  statement: SELECT 1 FROM pg_database WHERE datname = 'postgres' ;
2021-10-24 11:49:02.957 UTC [46] LOG:  duration: 2.627 ms

/usr/local/bin/docker-entrypoint.sh: running /docker-entrypoint-initdb.d/1-benchmark.sql
2021-10-24 11:49:02.967 UTC [48] LOG:  statement: CREATE UNLOGGED TABLE Twitter (doc jsonb);
2021-10-24 11:49:02.975 UTC [48] LOG:  duration: 7.420 ms
CREATE TABLE
2021-10-24 11:49:02.975 UTC [48] LOG:  statement: COPY Twitter (doc) from program 'sed -e ''s/\\/\\\\/g'' /dataset/Twitter.json';
2021-10-24 13:14:04.221 UTC [48] LOG:  duration: 5101246.368 ms
COPY 13346336
2021-10-24 13:14:04.222 UTC [48] LOG:  statement: SELECT COUNT(*) FROM Twitter WHERE ( ( ( jsonb_path_exists(doc,'$.retweeted_status.extended_tweet.entities.user_mentions') OR jsonb_path_exists(doc,'$.retweeted_status.user.id.type() ? (@ == "string")') ) OR (jsonb_path_exists(doc,'$.retweeted_status.extended_tweet.display_text_range.type() ? (@ == "array")') AND jsonb_path_exists(doc,'$.retweeted_status.extended_tweet.display_text_range.size() ? (@ >= 2)')) ) OR jsonb_path_exists(doc,'$.retweeted_status.user.id_str.type() ? (@ == "string")') ) ;
2021-10-24 13:19:58.509 UTC [48] LOG:  duration: 354287.528 ms
  count  
---------
 5073309
(1 row)

2021-10-24 13:19:58.510 UTC [48] LOG:  statement: SELECT COUNT(*) FROM Twitter WHERE ( ( ( ( jsonb_path_exists(doc,'$.retweeted_status.extended_tweet.entities.user_mentions') OR jsonb_path_exists(doc,'$.retweeted_status.user.id.type() ? (@ == "string")') ) OR (jsonb_path_exists(doc,'$.retweeted_status.extended_tweet.display_text_range.type() ? (@ == "array")') AND jsonb_path_exists(doc,'$.retweeted_status.extended_tweet.display_text_range.size() ? (@ >= 2)')) ) OR jsonb_path_exists(doc,'$.retweeted_status.user.id_str.type() ? (@ == "string")') ) AND ( jsonb_path_exists(doc,'$.retweeted_status.user.profile_image_url') AND jsonb_path_exists(doc,'$.retweeted_status.entities.media') ) ) ;
2021-10-24 13:24:39.570 UTC [48] LOG:  duration: 281060.321 ms
  count  
---------
 1985718
(1 row)

2021-10-24 13:24:39.571 UTC [48] LOG:  statement: SELECT COUNT(*) FROM Twitter WHERE ( ( ( ( ( jsonb_path_exists(doc,'$.retweeted_status.extended_tweet.entities.user_mentions') OR jsonb_path_exists(doc,'$.retweeted_status.user.id.type() ? (@ == "string")') ) OR (jsonb_path_exists(doc,'$.retweeted_status.extended_tweet.display_text_range.type() ? (@ == "array")') AND jsonb_path_exists(doc,'$.retweeted_status.extended_tweet.display_text_range.size() ? (@ >= 2)')) ) OR jsonb_path_exists(doc,'$.retweeted_status.user.id_str.type() ? (@ == "string")') ) AND ( jsonb_path_exists(doc,'$.retweeted_status.user.profile_image_url') AND jsonb_path_exists(doc,'$.retweeted_status.entities.media') ) ) AND jsonb_path_exists(doc,'$.retweeted_status.user.time_zone.type() ? (@ == "string")') ) ;
2021-10-24 13:29:16.178 UTC [48] LOG:  duration: 276607.998 ms
  count  
---------
 1423329
(1 row)

2021-10-24 13:29:16.179 UTC [48] LOG:  statement: SELECT COUNT(*) FROM Twitter WHERE ( ( ( ( ( ( jsonb_path_exists(doc,'$.retweeted_status.extended_tweet.entities.user_mentions') OR jsonb_path_exists(doc,'$.retweeted_status.user.id.type() ? (@ == "string")') ) OR (jsonb_path_exists(doc,'$.retweeted_status.extended_tweet.display_text_range.type() ? (@ == "array")') AND jsonb_path_exists(doc,'$.retweeted_status.extended_tweet.display_text_range.size() ? (@ >= 2)')) ) OR jsonb_path_exists(doc,'$.retweeted_status.user.id_str.type() ? (@ == "string")') ) AND ( jsonb_path_exists(doc,'$.retweeted_status.user.profile_image_url') AND jsonb_path_exists(doc,'$.retweeted_status.entities.media') ) ) AND jsonb_path_exists(doc,'$.retweeted_status.user.time_zone.type() ? (@ == "string")') ) AND ( jsonb_path_exists(doc,'$.retweeted_status.quoted_status.lang') OR jsonb_path_exists(doc,'$.user.profile_banner_url.type() ? (@ == "string")') ) ) ;
2021-10-24 13:34:12.872 UTC [48] LOG:  duration: 296692.822 ms
  count  
---------
 1253365
(1 row)

2021-10-24 13:34:12.872 UTC [48] LOG:  statement: SELECT COUNT(*) FROM Twitter WHERE ( ( (jsonb_path_exists(doc,'$.retweeted_status.quoted_status.place.bounding_box.type() ? (@ == "object")') AND jsonb_path_exists(doc,'$.retweeted_status.quoted_status.place.bounding_box.keyvalue().size() ? (@ >= 2)')) OR jsonb_path_exists(doc,'$.delete.status.id_str') ) OR jsonb_path_exists(doc,'$.user.profile_background_tile ? (@ == true)') ) ;
2021-10-24 13:38:52.382 UTC [48] LOG:  duration: 279510.150 ms
  count  
---------
 4456547
(1 row)

2021-10-24 13:38:52.383 UTC [48] LOG:  statement: SELECT COUNT(*) FROM Twitter WHERE ( ( ( (jsonb_path_exists(doc,'$.retweeted_status.quoted_status.place.bounding_box.type() ? (@ == "object")') AND jsonb_path_exists(doc,'$.retweeted_status.quoted_status.place.bounding_box.keyvalue().size() ? (@ >= 2)')) OR jsonb_path_exists(doc,'$.delete.status.id_str') ) OR jsonb_path_exists(doc,'$.user.profile_background_tile ? (@ == true)') ) AND ( ( ( jsonb_path_exists(doc,'$.quoted_status.id') OR ( ( jsonb_path_exists(doc,'$.retweeted_status.quoted_status.user.created_at ? (@ starts with "T")') OR jsonb_path_exists(doc,'$.retweeted_status.quoted_status.user.created_at ? (@ starts with "S")') ) OR jsonb_path_exists(doc,'$.retweeted_status.quoted_status.user.created_at ? (@ starts with "Mon ")') ) ) OR jsonb_path_exists(doc,'$.retweeted_status.quoted_status.extended_entities.media.type() ? (@ == "string")') ) OR jsonb_path_exists(doc,'$.retweeted_status.user.screen_name') ) ) ;
2021-10-24 13:44:36.554 UTC [48] LOG:  duration: 344170.828 ms
 count  
--------
 959898
(1 row)

2021-10-24 13:44:36.554 UTC [48] LOG:  statement: SELECT COUNT(*) FROM Twitter WHERE ( ( ( ( (jsonb_path_exists(doc,'$.retweeted_status.quoted_status.place.bounding_box.type() ? (@ == "object")') AND jsonb_path_exists(doc,'$.retweeted_status.quoted_status.place.bounding_box.keyvalue().size() ? (@ >= 2)')) OR jsonb_path_exists(doc,'$.delete.status.id_str') ) OR jsonb_path_exists(doc,'$.user.profile_background_tile ? (@ == true)') ) AND ( ( ( jsonb_path_exists(doc,'$.quoted_status.id') OR ( ( jsonb_path_exists(doc,'$.retweeted_status.quoted_status.user.created_at ? (@ starts with "T")') OR jsonb_path_exists(doc,'$.retweeted_status.quoted_status.user.created_at ? (@ starts with "S")') ) OR jsonb_path_exists(doc,'$.retweeted_status.quoted_status.user.created_at ? (@ starts with "Mon ")') ) ) OR jsonb_path_exists(doc,'$.retweeted_status.quoted_status.extended_entities.media.type() ? (@ == "string")') ) OR jsonb_path_exists(doc,'$.retweeted_status.user.screen_name') ) ) AND ( ( ( jsonb_path_exists(doc,'$.user.profile_sidebar_fill_color') AND jsonb_path_exists(doc,'$.quoted_status.user.profile_background_tile') ) OR jsonb_path_exists(doc,'$.retweeted_status.extended_tweet.entities.user_mentions.type() ? (@ == "string")') ) OR jsonb_path_exists(doc,'$.user.geo_enabled ? (@ == false)') ) ) ;
2021-10-24 13:50:35.283 UTC [48] LOG:  duration: 358728.339 ms
 count  
--------
 424002
(1 row)

2021-10-24 13:50:35.283 UTC [48] LOG:  statement: SELECT COUNT(*) FROM Twitter WHERE ( ( ( ( ( (jsonb_path_exists(doc,'$.retweeted_status.quoted_status.place.bounding_box.type() ? (@ == "object")') AND jsonb_path_exists(doc,'$.retweeted_status.quoted_status.place.bounding_box.keyvalue().size() ? (@ >= 2)')) OR jsonb_path_exists(doc,'$.delete.status.id_str') ) OR jsonb_path_exists(doc,'$.user.profile_background_tile ? (@ == true)') ) AND ( ( ( jsonb_path_exists(doc,'$.quoted_status.id') OR ( ( jsonb_path_exists(doc,'$.retweeted_status.quoted_status.user.created_at ? (@ starts with "T")') OR jsonb_path_exists(doc,'$.retweeted_status.quoted_status.user.created_at ? (@ starts with "S")') ) OR jsonb_path_exists(doc,'$.retweeted_status.quoted_status.user.created_at ? (@ starts with "Mon ")') ) ) OR jsonb_path_exists(doc,'$.retweeted_status.quoted_status.extended_entities.media.type() ? (@ == "string")') ) OR jsonb_path_exists(doc,'$.retweeted_status.user.screen_name') ) ) AND ( ( ( jsonb_path_exists(doc,'$.user.profile_sidebar_fill_color') AND jsonb_path_exists(doc,'$.quoted_status.user.profile_background_tile') ) OR jsonb_path_exists(doc,'$.retweeted_status.extended_tweet.entities.user_mentions.type() ? (@ == "string")') ) OR jsonb_path_exists(doc,'$.user.geo_enabled ? (@ == false)') ) ) AND ( jsonb_path_exists(doc,'$.user.id_str') AND jsonb_path_exists(doc,'$.retweeted_status.display_text_range') ) ) ;
2021-10-24 13:56:14.236 UTC [48] LOG:  duration: 338952.606 ms
 count  
--------
 216709
(1 row)

2021-10-24 13:56:14.236 UTC [48] LOG:  statement: SELECT COUNT(*) FROM Twitter WHERE ( ( ( ( ( ( (jsonb_path_exists(doc,'$.retweeted_status.quoted_status.place.bounding_box.type() ? (@ == "object")') AND jsonb_path_exists(doc,'$.retweeted_status.quoted_status.place.bounding_box.keyvalue().size() ? (@ >= 2)')) OR jsonb_path_exists(doc,'$.delete.status.id_str') ) OR jsonb_path_exists(doc,'$.user.profile_background_tile ? (@ == true)') ) AND ( ( ( jsonb_path_exists(doc,'$.quoted_status.id') OR ( ( jsonb_path_exists(doc,'$.retweeted_status.quoted_status.user.created_at ? (@ starts with "T")') OR jsonb_path_exists(doc,'$.retweeted_status.quoted_status.user.created_at ? (@ starts with "S")') ) OR jsonb_path_exists(doc,'$.retweeted_status.quoted_status.user.created_at ? (@ starts with "Mon ")') ) ) OR jsonb_path_exists(doc,'$.retweeted_status.quoted_status.extended_entities.media.type() ? (@ == "string")') ) OR jsonb_path_exists(doc,'$.retweeted_status.user.screen_name') ) ) AND ( ( ( jsonb_path_exists(doc,'$.user.profile_sidebar_fill_color') AND jsonb_path_exists(doc,'$.quoted_status.user.profile_background_tile') ) OR jsonb_path_exists(doc,'$.retweeted_status.extended_tweet.entities.user_mentions.type() ? (@ == "string")') ) OR jsonb_path_exists(doc,'$.user.geo_enabled ? (@ == false)') ) ) AND ( jsonb_path_exists(doc,'$.user.id_str') AND jsonb_path_exists(doc,'$.retweeted_status.display_text_range') ) ) AND ( jsonb_path_exists(doc,'$.quoted_status.entities.user_mentions.type() ? (@ == "string")') OR jsonb_path_exists(doc,'$.quoted_status.user.name') ) ) ;
2021-10-24 14:01:03.217 UTC [48] LOG:  duration: 288980.174 ms
 count 
-------
 68970
(1 row)

2021-10-24 14:01:03.217 UTC [48] LOG:  statement: SELECT COUNT(*) FROM Twitter WHERE ( ( ( ( ( ( ( (jsonb_path_exists(doc,'$.retweeted_status.quoted_status.place.bounding_box.type() ? (@ == "object")') AND jsonb_path_exists(doc,'$.retweeted_status.quoted_status.place.bounding_box.keyvalue().size() ? (@ >= 2)')) OR jsonb_path_exists(doc,'$.delete.status.id_str') ) OR jsonb_path_exists(doc,'$.user.profile_background_tile ? (@ == true)') ) AND ( ( ( jsonb_path_exists(doc,'$.quoted_status.id') OR ( ( jsonb_path_exists(doc,'$.retweeted_status.quoted_status.user.created_at ? (@ starts with "T")') OR jsonb_path_exists(doc,'$.retweeted_status.quoted_status.user.created_at ? (@ starts with "S")') ) OR jsonb_path_exists(doc,'$.retweeted_status.quoted_status.user.created_at ? (@ starts with "Mon ")') ) ) OR jsonb_path_exists(doc,'$.retweeted_status.quoted_status.extended_entities.media.type() ? (@ == "string")') ) OR jsonb_path_exists(doc,'$.retweeted_status.user.screen_name') ) ) AND ( ( ( jsonb_path_exists(doc,'$.user.profile_sidebar_fill_color') AND jsonb_path_exists(doc,'$.quoted_status.user.profile_background_tile') ) OR jsonb_path_exists(doc,'$.retweeted_status.extended_tweet.entities.user_mentions.type() ? (@ == "string")') ) OR jsonb_path_exists(doc,'$.user.geo_enabled ? (@ == false)') ) ) AND ( jsonb_path_exists(doc,'$.user.id_str') AND jsonb_path_exists(doc,'$.retweeted_status.display_text_range') ) ) AND ( jsonb_path_exists(doc,'$.quoted_status.entities.user_mentions.type() ? (@ == "string")') OR jsonb_path_exists(doc,'$.quoted_status.user.name') ) ) AND ( jsonb_path_exists(doc,'$.quoted_status.user.screen_name ? (@ starts with "B")') OR jsonb_path_exists(doc,'$.quoted_status.user.verified ? (@ == false)') ) ) ;
2021-10-24 14:05:56.304 UTC [48] LOG:  duration: 293086.457 ms
 count 
-------
 48900
(1 row)

2021-10-24 14:05:56.304 UTC [48] LOG:  statement: SELECT * FROM nonexistingsopostgresstops;
2021-10-24 14:05:56.304 UTC [48] ERROR:  relation "nonexistingsopostgresstops" does not exist at character 15
2021-10-24 14:05:56.304 UTC [48] STATEMENT:  SELECT * FROM nonexistingsopostgresstops;
psql:/docker-entrypoint-initdb.d/1-benchmark.sql:14: ERROR:  relation "nonexistingsopostgresstops" does not exist
LINE 1: SELECT * FROM nonexistingsopostgresstops;
                      ^
