=== Found JODA query file, executing JODA queries ===
= File:'Twitter.json' =
0.12.4: Pulling from nicotin/joda
Digest: sha256:b253680f2c5ee1118e2c282e0c4ebff5cb6e87643fb98abcf1e686caaa35152a
Status: Image is up to date for nicotin/joda:0.12.4
28a483bf9353424363832814ea50e3e18a4e888a937220d975689b5014aa99f4
0
JODA: 80.4637 s
joda-benchmark
=== Results ===
= JQ =
Overall: 
= JODA =
Overall: 80.4637
Query Time: 13.9829
4.815930315
4.158044751
1.239204162
0.61077936
0.265769854
0.247526785
0.235870504
1.366052786
0.684823498
0.358888558
= Mongo =
Overall: 

Query Time: 
= PostgreSQL =
Overall: 
=== AGG Results ===
= JQ =

= JODA =
13346336
10691615
5073309
4100646
2819463
1555935
382221
1361611
5407738
2869995
2371259
= Mongo =

= PostgreSQL =

