=== Found JODA query file, executing JODA queries ===
= File:'Twitter.json' =
0.12.4: Pulling from nicotin/joda
Digest: sha256:b253680f2c5ee1118e2c282e0c4ebff5cb6e87643fb98abcf1e686caaa35152a
Status: Image is up to date for nicotin/joda:0.12.4
1d28714727417265708fa48ad7c62b7b4bc9a14d8f4b89aabe10711aff5707bb
0
JODA: 256.167 s
joda-benchmark
=== Results ===
= JQ =
Overall: 
= JODA =
Overall: 256.167
Query Time: 101.852
7.52070675
2.265233393
2.080666767
1.221226467
1.151044815
9.097568587
2.071888446
10.645869973
7.736781504
5.659221684
6.254457711
3.86530147
6.348714169
5.832604346
3.242057184
0.262861456
6.921971691
5.730565067
6.23623789
7.706827329
= Mongo =
Overall: 

Query Time: 
= PostgreSQL =
Overall: 
=== AGG Results ===
= JQ =

= JODA =
13346336
4717199
5073309
10691615
5073309
10691615
5407315
10691615
5407738
5073309
5073309
5407738
2461130
5212456
5073309
1846613
1179284
5407738
5073309
7084847
5073309
= Mongo =

= PostgreSQL =

