=== Found JODA query file, executing JODA queries ===
= File:'Twitter.json' =
0.12.4: Pulling from nicotin/joda
Digest: sha256:b253680f2c5ee1118e2c282e0c4ebff5cb6e87643fb98abcf1e686caaa35152a
Status: Image is up to date for nicotin/joda:0.12.4
cb159861d66bfea0ebebbabfdee88b5eef5ca2d7ba768025d10a4a786a6a89f9
0
JODA: 93.7326 s
joda-benchmark
=== Results ===
= JQ =
Overall: 
= JODA =
Overall: 93.7326
Query Time: 23.6218
5.524045473
2.635711826
2.329572001
2.945926357
1.925056363
1.781455671
2.088132629
1.801951497
1.707521877
0.882379878
= Mongo =
Overall: 

Query Time: 
= PostgreSQL =
Overall: 
=== AGG Results ===
= JQ =

= JODA =
13346336
5073309
5119867
5580667
10672110
10691615
10691615
5376440
5112386
5073309
3178266
= Mongo =

= PostgreSQL =

