=== Found JODA query file, executing JODA queries ===
= File:'Twitter.json' =
0.12.4: Pulling from nicotin/joda
Digest: sha256:b253680f2c5ee1118e2c282e0c4ebff5cb6e87643fb98abcf1e686caaa35152a
Status: Image is up to date for nicotin/joda:0.12.4
e8e043502128c57eabb79c250de5ca7ef41d233f882726242de2df181f0a6913
0
JODA: 112.018 s
joda-benchmark
=== Results ===
= JQ =
Overall: 
= JODA =
Overall: 112.018
Query Time: 29.4164
9.44156221
2.68995587
1.43405281
1.387942826
1.211309847
1.460228873
7.361488298
3.91448358
0.21854201
0.296809492
= Mongo =
Overall: 

Query Time: 
= PostgreSQL =
Overall: 
=== AGG Results ===
= JQ =

= JODA =
13346336
5073309
5073309
10691615
10691615
4549413
10691615
5073309
2390990
522691
107867
= Mongo =

= PostgreSQL =

