=== Found JODA query file, executing JODA queries ===
= File:'NoBench.json' =
0.12.3: Pulling from nicotin/joda
Digest: sha256:6c0c6b4a19967ae02ef348535acdb3eb8496453a8b868763c34370e10be0192f
Status: Image is up to date for nicotin/joda:0.12.3
e489b428cf604409b1cf494047c6e96290338b77b93e70c33686f0e6d7fd0faf
0
JODA: 1.78667 s
joda-benchmark
=== Found MongoDB query file, executing MongoDB queries ===
= File:'NoBench.json' =
5.0.3-focal: Pulling from library/mongo
Digest: sha256:f7c401402aa3e689fc42c7109247ab2d5a3e3b4b8a3ace4c2bf7a5fc74ca4917
Status: Image is up to date for mongo:5.0.3-focal
d4ae85bdb3e898b4e14aeea9cea9025c8b2a8f68508269aebb1c9b18833550f7
2021-11-10T04:12:09.547+0000	connected to: mongodb://localhost/
2021-11-10T04:12:12.549+0000	[######..................] benchmark.NoBench	15.9MB/54.9MB (29.0%)
2021-11-10T04:12:15.547+0000	[############............] benchmark.NoBench	28.7MB/54.9MB (52.2%)
2021-11-10T04:12:18.547+0000	[##################......] benchmark.NoBench	42.4MB/54.9MB (77.2%)
2021-11-10T04:12:21.457+0000	[########################] benchmark.NoBench	54.9MB/54.9MB (100.0%)
2021-11-10T04:12:21.457+0000	100000 document(s) imported successfully. 0 document(s) failed to import.
mongo-benchmark
MongoDB: 18.2522 s
mongo-benchmark
=== Found Postgres query file, executing Postgres queries ===
= File:'NoBench.json' =
13.4-alpine: Pulling from library/postgres
Digest: sha256:c170270dc9ba94f491375e366fa2cf46d0bc0027e4a69d70e6e9d1454ba748dc
Status: Image is up to date for postgres:13.4-alpine
76a79e75a6be9a3973ca68cfe6735e97e76eec8bd9f486309c33c4d6a35eedf7
3
PSQL: 6.34866 s
psql-benchmark
=== Results ===
= JQ =
Overall: 
= JODA =
Overall: 1.78667
Query Time: 0.392485
0.050900802
0.04549187
0.046159116
0.041843648
0.037084041
0.029012914
0.034998157
0.038091518
0.036774416
0.032128365
= Mongo =
Overall: 18.2522
0.349
0.491
0.493
0.385
0.495
0.288
0.509
0.507
0.391
0.345
Query Time: 4.253
= PostgreSQL =
Overall: 6.34866
=== AGG Results ===
= JQ =

= JODA =
100000
34172
82443
82313
42304
18711
6632
3068
818
278
10
= Mongo =
34172
82443
82313
42304
18711
6632
3068
818
278
10
= PostgreSQL =
 34172
 82443
 82313
 42304
 18711
  6632
  3068
   818
   278
    10
