=== Found JODA query file, executing JODA queries ===
= File:'Twitter.json' =
0.12.4: Pulling from nicotin/joda
Digest: sha256:b253680f2c5ee1118e2c282e0c4ebff5cb6e87643fb98abcf1e686caaa35152a
Status: Image is up to date for nicotin/joda:0.12.4
3a6faf2bf4b4e36b87f5d43600040ad165d6390f09c25eb6496195e9dc45f34f
0
JODA: 78.7552 s
joda-benchmark
=== Results ===
= JQ =
Overall: 
= JODA =
Overall: 78.7552
Query Time: 14.4668
5.721991116
1.201747242
1.705785912
1.663047514
1.471026722
0.454159533
0.386644191
0.388043441
0.913804611
0.560591908
= Mongo =
Overall: 

Query Time: 
= PostgreSQL =
Overall: 
=== AGG Results ===
= JQ =

= JODA =
13346336
5073309
2391308
10691615
5301100
5073309
1185815
672861
1692137
5407738
3062630
= Mongo =

= PostgreSQL =

