=== Found JODA query file, executing JODA queries ===
= File:'Twitter.json' =
0.12.4: Pulling from nicotin/joda
Digest: sha256:b253680f2c5ee1118e2c282e0c4ebff5cb6e87643fb98abcf1e686caaa35152a
Status: Image is up to date for nicotin/joda:0.12.4
d4eefd7709caab8e8de6fd6eec9059d58d394b5751d4d5595a2e3ccda0b717e4
0
JODA: 79.394 s
joda-benchmark
=== Results ===
= JQ =
Overall: 
= JODA =
Overall: 79.394
Query Time: 14.8001
4.844398634
1.735203504
1.165457781
1.245852628
1.51423587
2.288022926
0.680856205
0.49363993
0.49074813
0.341712076
= Mongo =
Overall: 

Query Time: 
= PostgreSQL =
Overall: 
=== AGG Results ===
= JQ =

= JODA =
13346336
10691615
9205553
6390094
4648496
8918198
5073309
2999200
1431941
1985718
1617481
= Mongo =

= PostgreSQL =

