=== Found JODA query file, executing JODA queries ===
= File:'Twitter.json' =
0.12.4: Pulling from nicotin/joda
Digest: sha256:b253680f2c5ee1118e2c282e0c4ebff5cb6e87643fb98abcf1e686caaa35152a
Status: Image is up to date for nicotin/joda:0.12.4
fd7e98d9f7a5b06bc6a5ef454d8811cd8ab782b927808f998d7761ed31fc427f
0
JODA: 70.2892 s
joda-benchmark
=== Results ===
= JQ =
Overall: 
= JODA =
Overall: 70.2892
Query Time: 10.8666
6.444531636
1.851978683
0.973285788
0.445897386
0.312545796
0.335786493
0.216791982
0.10559572
0.098744496
0.08143526
= Mongo =
Overall: 

Query Time: 
= PostgreSQL =
Overall: 
=== AGG Results ===
= JQ =

= JODA =
13346336
5073309
10691613
5407737
2798316
1493155
948710
1069321
346858
245321
238787
= Mongo =

= PostgreSQL =

