=== Found JODA query file, executing JODA queries ===
= File:'NoBench.json' =
0.12.3: Pulling from nicotin/joda
Digest: sha256:6c0c6b4a19967ae02ef348535acdb3eb8496453a8b868763c34370e10be0192f
Status: Image is up to date for nicotin/joda:0.12.3
c36f1491b808bdacd3f3a5410d5d72dd7bdb2f3ed89a1700bd33c7039e7250e6
0
JODA: 34.0542 s
joda-benchmark
=== Found MongoDB query file, executing MongoDB queries ===
= File:'NoBench.json' =
5.0.3-focal: Pulling from library/mongo
Digest: sha256:f7c401402aa3e689fc42c7109247ab2d5a3e3b4b8a3ace4c2bf7a5fc74ca4917
Status: Image is up to date for mongo:5.0.3-focal
223985033aa90791745f38137d92e579df86d75ecfcc3258bd5cf995804fc681
2021-11-08T19:51:33.556+0000	connected to: mongodb://localhost/
2021-11-08T19:51:36.556+0000	[........................] benchmark.NoBench	20.4MB/5.73GB (0.3%)
2021-11-08T19:51:39.557+0000	[........................] benchmark.NoBench	35.5MB/5.73GB (0.6%)
2021-11-08T19:51:42.557+0000	[........................] benchmark.NoBench	49.1MB/5.73GB (0.8%)
2021-11-08T19:51:45.568+0000	[........................] benchmark.NoBench	63.3MB/5.73GB (1.1%)
2021-11-08T19:51:48.557+0000	[........................] benchmark.NoBench	77.6MB/5.73GB (1.3%)
2021-11-08T19:51:51.557+0000	[........................] benchmark.NoBench	92.9MB/5.73GB (1.6%)
2021-11-08T19:51:54.556+0000	[........................] benchmark.NoBench	108MB/5.73GB (1.8%)
2021-11-08T19:51:57.557+0000	[........................] benchmark.NoBench	123MB/5.73GB (2.1%)
2021-11-08T19:52:00.557+0000	[........................] benchmark.NoBench	138MB/5.73GB (2.3%)
2021-11-08T19:52:03.556+0000	[........................] benchmark.NoBench	153MB/5.73GB (2.6%)
2021-11-08T19:52:06.557+0000	[........................] benchmark.NoBench	167MB/5.73GB (2.8%)
2021-11-08T19:52:09.558+0000	[........................] benchmark.NoBench	181MB/5.73GB (3.1%)
2021-11-08T19:52:12.556+0000	[........................] benchmark.NoBench	195MB/5.73GB (3.3%)
2021-11-08T19:52:15.556+0000	[........................] benchmark.NoBench	210MB/5.73GB (3.6%)
2021-11-08T19:52:18.556+0000	[........................] benchmark.NoBench	226MB/5.73GB (3.8%)
2021-11-08T19:52:21.557+0000	[........................] benchmark.NoBench	242MB/5.73GB (4.1%)
2021-11-08T19:52:24.556+0000	[#.......................] benchmark.NoBench	257MB/5.73GB (4.4%)
2021-11-08T19:52:27.557+0000	[#.......................] benchmark.NoBench	272MB/5.73GB (4.6%)
2021-11-08T19:52:30.557+0000	[#.......................] benchmark.NoBench	287MB/5.73GB (4.9%)
2021-11-08T19:52:33.560+0000	[#.......................] benchmark.NoBench	302MB/5.73GB (5.1%)
2021-11-08T19:52:36.559+0000	[#.......................] benchmark.NoBench	321MB/5.73GB (5.5%)
2021-11-08T19:52:39.557+0000	[#.......................] benchmark.NoBench	337MB/5.73GB (5.7%)
2021-11-08T19:52:42.556+0000	[#.......................] benchmark.NoBench	352MB/5.73GB (6.0%)
2021-11-08T19:52:45.567+0000	[#.......................] benchmark.NoBench	368MB/5.73GB (6.3%)
2021-11-08T19:52:48.556+0000	[#.......................] benchmark.NoBench	383MB/5.73GB (6.5%)
2021-11-08T19:52:51.557+0000	[#.......................] benchmark.NoBench	399MB/5.73GB (6.8%)
2021-11-08T19:52:54.557+0000	[#.......................] benchmark.NoBench	415MB/5.73GB (7.1%)
2021-11-08T19:52:57.556+0000	[#.......................] benchmark.NoBench	430MB/5.73GB (7.3%)
2021-11-08T19:53:00.557+0000	[#.......................] benchmark.NoBench	445MB/5.73GB (7.6%)
2021-11-08T19:53:03.562+0000	[#.......................] benchmark.NoBench	460MB/5.73GB (7.8%)
2021-11-08T19:53:06.557+0000	[#.......................] benchmark.NoBench	475MB/5.73GB (8.1%)
2021-11-08T19:53:09.556+0000	[##......................] benchmark.NoBench	491MB/5.73GB (8.4%)
2021-11-08T19:53:12.557+0000	[##......................] benchmark.NoBench	507MB/5.73GB (8.6%)
2021-11-08T19:53:15.556+0000	[##......................] benchmark.NoBench	522MB/5.73GB (8.9%)
2021-11-08T19:53:18.556+0000	[##......................] benchmark.NoBench	539MB/5.73GB (9.2%)
2021-11-08T19:53:21.562+0000	[##......................] benchmark.NoBench	554MB/5.73GB (9.4%)
2021-11-08T19:53:24.556+0000	[##......................] benchmark.NoBench	569MB/5.73GB (9.7%)
2021-11-08T19:53:27.557+0000	[##......................] benchmark.NoBench	584MB/5.73GB (10.0%)
2021-11-08T19:53:30.563+0000	[##......................] benchmark.NoBench	601MB/5.73GB (10.2%)
2021-11-08T19:53:33.557+0000	[##......................] benchmark.NoBench	616MB/5.73GB (10.5%)
2021-11-08T19:53:36.556+0000	[##......................] benchmark.NoBench	634MB/5.73GB (10.8%)
2021-11-08T19:53:39.558+0000	[##......................] benchmark.NoBench	649MB/5.73GB (11.1%)
2021-11-08T19:53:42.557+0000	[##......................] benchmark.NoBench	664MB/5.73GB (11.3%)
2021-11-08T19:53:45.557+0000	[##......................] benchmark.NoBench	682MB/5.73GB (11.6%)
2021-11-08T19:53:48.569+0000	[##......................] benchmark.NoBench	697MB/5.73GB (11.9%)
2021-11-08T19:53:51.557+0000	[##......................] benchmark.NoBench	712MB/5.73GB (12.1%)
2021-11-08T19:53:54.558+0000	[##......................] benchmark.NoBench	727MB/5.73GB (12.4%)
2021-11-08T19:53:57.556+0000	[###.....................] benchmark.NoBench	743MB/5.73GB (12.7%)
2021-11-08T19:54:00.556+0000	[###.....................] benchmark.NoBench	758MB/5.73GB (12.9%)
2021-11-08T19:54:03.557+0000	[###.....................] benchmark.NoBench	775MB/5.73GB (13.2%)
2021-11-08T19:54:06.557+0000	[###.....................] benchmark.NoBench	790MB/5.73GB (13.5%)
2021-11-08T19:54:09.556+0000	[###.....................] benchmark.NoBench	806MB/5.73GB (13.7%)
2021-11-08T19:54:12.556+0000	[###.....................] benchmark.NoBench	823MB/5.73GB (14.0%)
2021-11-08T19:54:15.557+0000	[###.....................] benchmark.NoBench	838MB/5.73GB (14.3%)
2021-11-08T19:54:18.556+0000	[###.....................] benchmark.NoBench	853MB/5.73GB (14.5%)
2021-11-08T19:54:21.556+0000	[###.....................] benchmark.NoBench	869MB/5.73GB (14.8%)
2021-11-08T19:54:24.557+0000	[###.....................] benchmark.NoBench	885MB/5.73GB (15.1%)
2021-11-08T19:54:27.558+0000	[###.....................] benchmark.NoBench	901MB/5.73GB (15.3%)
2021-11-08T19:54:30.556+0000	[###.....................] benchmark.NoBench	917MB/5.73GB (15.6%)
2021-11-08T19:54:33.557+0000	[###.....................] benchmark.NoBench	932MB/5.73GB (15.9%)
2021-11-08T19:54:36.557+0000	[###.....................] benchmark.NoBench	948MB/5.73GB (16.1%)
2021-11-08T19:54:39.557+0000	[###.....................] benchmark.NoBench	966MB/5.73GB (16.5%)
2021-11-08T19:54:42.556+0000	[####....................] benchmark.NoBench	982MB/5.73GB (16.7%)
2021-11-08T19:54:45.557+0000	[####....................] benchmark.NoBench	1000MB/5.73GB (17.0%)
2021-11-08T19:54:48.556+0000	[####....................] benchmark.NoBench	1017MB/5.73GB (17.3%)
2021-11-08T19:54:51.557+0000	[####....................] benchmark.NoBench	1.01GB/5.73GB (17.6%)
2021-11-08T19:54:54.557+0000	[####....................] benchmark.NoBench	1.02GB/5.73GB (17.9%)
2021-11-08T19:54:57.557+0000	[####....................] benchmark.NoBench	1.04GB/5.73GB (18.1%)
2021-11-08T19:55:00.556+0000	[####....................] benchmark.NoBench	1.06GB/5.73GB (18.4%)
2021-11-08T19:55:03.556+0000	[####....................] benchmark.NoBench	1.07GB/5.73GB (18.7%)
2021-11-08T19:55:06.557+0000	[####....................] benchmark.NoBench	1.09GB/5.73GB (18.9%)
2021-11-08T19:55:09.557+0000	[####....................] benchmark.NoBench	1.10GB/5.73GB (19.2%)
2021-11-08T19:55:12.557+0000	[####....................] benchmark.NoBench	1.11GB/5.73GB (19.4%)
2021-11-08T19:55:15.556+0000	[####....................] benchmark.NoBench	1.13GB/5.73GB (19.7%)
2021-11-08T19:55:18.557+0000	[####....................] benchmark.NoBench	1.14GB/5.73GB (20.0%)
2021-11-08T19:55:21.556+0000	[####....................] benchmark.NoBench	1.16GB/5.73GB (20.2%)
2021-11-08T19:55:24.562+0000	[####....................] benchmark.NoBench	1.18GB/5.73GB (20.5%)
2021-11-08T19:55:27.557+0000	[####....................] benchmark.NoBench	1.19GB/5.73GB (20.8%)
2021-11-08T19:55:30.557+0000	[#####...................] benchmark.NoBench	1.21GB/5.73GB (21.0%)
2021-11-08T19:55:33.556+0000	[#####...................] benchmark.NoBench	1.22GB/5.73GB (21.3%)
2021-11-08T19:55:36.557+0000	[#####...................] benchmark.NoBench	1.24GB/5.73GB (21.6%)
2021-11-08T19:55:39.557+0000	[#####...................] benchmark.NoBench	1.25GB/5.73GB (21.9%)
2021-11-08T19:55:42.557+0000	[#####...................] benchmark.NoBench	1.27GB/5.73GB (22.1%)
2021-11-08T19:55:45.556+0000	[#####...................] benchmark.NoBench	1.29GB/5.73GB (22.4%)
2021-11-08T19:55:48.557+0000	[#####...................] benchmark.NoBench	1.30GB/5.73GB (22.7%)
2021-11-08T19:55:51.556+0000	[#####...................] benchmark.NoBench	1.32GB/5.73GB (22.9%)
2021-11-08T19:55:54.559+0000	[#####...................] benchmark.NoBench	1.33GB/5.73GB (23.2%)
2021-11-08T19:55:57.556+0000	[#####...................] benchmark.NoBench	1.35GB/5.73GB (23.5%)
2021-11-08T19:56:00.557+0000	[#####...................] benchmark.NoBench	1.36GB/5.73GB (23.7%)
2021-11-08T19:56:03.556+0000	[#####...................] benchmark.NoBench	1.37GB/5.73GB (24.0%)
2021-11-08T19:56:06.557+0000	[#####...................] benchmark.NoBench	1.39GB/5.73GB (24.2%)
2021-11-08T19:56:09.557+0000	[#####...................] benchmark.NoBench	1.40GB/5.73GB (24.5%)
2021-11-08T19:56:12.557+0000	[#####...................] benchmark.NoBench	1.42GB/5.73GB (24.7%)
2021-11-08T19:56:15.557+0000	[######..................] benchmark.NoBench	1.43GB/5.73GB (25.0%)
2021-11-08T19:56:18.557+0000	[######..................] benchmark.NoBench	1.45GB/5.73GB (25.3%)
2021-11-08T19:56:21.557+0000	[######..................] benchmark.NoBench	1.47GB/5.73GB (25.6%)
2021-11-08T19:56:24.557+0000	[######..................] benchmark.NoBench	1.48GB/5.73GB (25.8%)
2021-11-08T19:56:27.556+0000	[######..................] benchmark.NoBench	1.50GB/5.73GB (26.1%)
2021-11-08T19:56:30.556+0000	[######..................] benchmark.NoBench	1.51GB/5.73GB (26.4%)
2021-11-08T19:56:33.557+0000	[######..................] benchmark.NoBench	1.53GB/5.73GB (26.7%)
2021-11-08T19:56:36.557+0000	[######..................] benchmark.NoBench	1.54GB/5.73GB (26.9%)
2021-11-08T19:56:39.557+0000	[######..................] benchmark.NoBench	1.56GB/5.73GB (27.2%)
2021-11-08T19:56:42.557+0000	[######..................] benchmark.NoBench	1.58GB/5.73GB (27.5%)
2021-11-08T19:56:45.557+0000	[######..................] benchmark.NoBench	1.59GB/5.73GB (27.8%)
2021-11-08T19:56:48.558+0000	[######..................] benchmark.NoBench	1.61GB/5.73GB (28.1%)
2021-11-08T19:56:51.562+0000	[######..................] benchmark.NoBench	1.62GB/5.73GB (28.3%)
2021-11-08T19:56:54.557+0000	[######..................] benchmark.NoBench	1.64GB/5.73GB (28.6%)
2021-11-08T19:56:57.556+0000	[######..................] benchmark.NoBench	1.66GB/5.73GB (28.9%)
2021-11-08T19:57:00.556+0000	[#######.................] benchmark.NoBench	1.67GB/5.73GB (29.2%)
2021-11-08T19:57:03.557+0000	[#######.................] benchmark.NoBench	1.69GB/5.73GB (29.5%)
2021-11-08T19:57:06.556+0000	[#######.................] benchmark.NoBench	1.70GB/5.73GB (29.7%)
2021-11-08T19:57:09.557+0000	[#######.................] benchmark.NoBench	1.72GB/5.73GB (30.0%)
2021-11-08T19:57:12.557+0000	[#######.................] benchmark.NoBench	1.73GB/5.73GB (30.2%)
2021-11-08T19:57:15.557+0000	[#######.................] benchmark.NoBench	1.75GB/5.73GB (30.5%)
2021-11-08T19:57:18.566+0000	[#######.................] benchmark.NoBench	1.76GB/5.73GB (30.8%)
2021-11-08T19:57:21.557+0000	[#######.................] benchmark.NoBench	1.78GB/5.73GB (31.0%)
2021-11-08T19:57:24.557+0000	[#######.................] benchmark.NoBench	1.79GB/5.73GB (31.3%)
2021-11-08T19:57:27.557+0000	[#######.................] benchmark.NoBench	1.81GB/5.73GB (31.6%)
2021-11-08T19:57:30.556+0000	[#######.................] benchmark.NoBench	1.83GB/5.73GB (31.8%)
2021-11-08T19:57:33.557+0000	[#######.................] benchmark.NoBench	1.84GB/5.73GB (32.1%)
2021-11-08T19:57:36.556+0000	[#######.................] benchmark.NoBench	1.86GB/5.73GB (32.4%)
2021-11-08T19:57:39.559+0000	[#######.................] benchmark.NoBench	1.87GB/5.73GB (32.7%)
2021-11-08T19:57:42.557+0000	[#######.................] benchmark.NoBench	1.89GB/5.73GB (33.0%)
2021-11-08T19:57:45.557+0000	[#######.................] benchmark.NoBench	1.91GB/5.73GB (33.3%)
2021-11-08T19:57:48.556+0000	[########................] benchmark.NoBench	1.92GB/5.73GB (33.6%)
2021-11-08T19:57:51.557+0000	[########................] benchmark.NoBench	1.94GB/5.73GB (33.8%)
2021-11-08T19:57:54.556+0000	[########................] benchmark.NoBench	1.95GB/5.73GB (34.1%)
2021-11-08T19:57:57.557+0000	[########................] benchmark.NoBench	1.97GB/5.73GB (34.3%)
2021-11-08T19:58:00.556+0000	[########................] benchmark.NoBench	1.99GB/5.73GB (34.6%)
2021-11-08T19:58:03.556+0000	[########................] benchmark.NoBench	2.00GB/5.73GB (34.9%)
2021-11-08T19:58:06.557+0000	[########................] benchmark.NoBench	2.02GB/5.73GB (35.1%)
2021-11-08T19:58:09.557+0000	[########................] benchmark.NoBench	2.03GB/5.73GB (35.4%)
2021-11-08T19:58:12.556+0000	[########................] benchmark.NoBench	2.05GB/5.73GB (35.7%)
2021-11-08T19:58:15.557+0000	[########................] benchmark.NoBench	2.06GB/5.73GB (36.0%)
2021-11-08T19:58:18.557+0000	[########................] benchmark.NoBench	2.08GB/5.73GB (36.2%)
2021-11-08T19:58:21.556+0000	[########................] benchmark.NoBench	2.09GB/5.73GB (36.5%)
2021-11-08T19:58:24.556+0000	[########................] benchmark.NoBench	2.11GB/5.73GB (36.7%)
2021-11-08T19:58:27.557+0000	[########................] benchmark.NoBench	2.12GB/5.73GB (37.0%)
2021-11-08T19:58:30.561+0000	[########................] benchmark.NoBench	2.14GB/5.73GB (37.2%)
2021-11-08T19:58:33.556+0000	[#########...............] benchmark.NoBench	2.15GB/5.73GB (37.5%)
2021-11-08T19:58:36.556+0000	[#########...............] benchmark.NoBench	2.17GB/5.73GB (37.8%)
2021-11-08T19:58:39.557+0000	[#########...............] benchmark.NoBench	2.18GB/5.73GB (38.1%)
2021-11-08T19:58:42.556+0000	[#########...............] benchmark.NoBench	2.20GB/5.73GB (38.4%)
2021-11-08T19:58:45.556+0000	[#########...............] benchmark.NoBench	2.22GB/5.73GB (38.7%)
2021-11-08T19:58:48.557+0000	[#########...............] benchmark.NoBench	2.23GB/5.73GB (38.9%)
2021-11-08T19:58:51.557+0000	[#########...............] benchmark.NoBench	2.25GB/5.73GB (39.2%)
2021-11-08T19:58:54.562+0000	[#########...............] benchmark.NoBench	2.26GB/5.73GB (39.5%)
2021-11-08T19:58:57.557+0000	[#########...............] benchmark.NoBench	2.28GB/5.73GB (39.7%)
2021-11-08T19:59:00.556+0000	[#########...............] benchmark.NoBench	2.29GB/5.73GB (40.0%)
2021-11-08T19:59:03.557+0000	[#########...............] benchmark.NoBench	2.31GB/5.73GB (40.3%)
2021-11-08T19:59:06.561+0000	[#########...............] benchmark.NoBench	2.32GB/5.73GB (40.5%)
2021-11-08T19:59:09.557+0000	[#########...............] benchmark.NoBench	2.34GB/5.73GB (40.8%)
2021-11-08T19:59:12.556+0000	[#########...............] benchmark.NoBench	2.35GB/5.73GB (41.0%)
2021-11-08T19:59:15.556+0000	[#########...............] benchmark.NoBench	2.37GB/5.73GB (41.3%)
2021-11-08T19:59:18.556+0000	[#########...............] benchmark.NoBench	2.38GB/5.73GB (41.6%)
2021-11-08T19:59:21.557+0000	[##########..............] benchmark.NoBench	2.40GB/5.73GB (41.9%)
2021-11-08T19:59:24.556+0000	[##########..............] benchmark.NoBench	2.42GB/5.73GB (42.1%)
2021-11-08T19:59:27.556+0000	[##########..............] benchmark.NoBench	2.43GB/5.73GB (42.4%)
2021-11-08T19:59:30.556+0000	[##########..............] benchmark.NoBench	2.45GB/5.73GB (42.7%)
2021-11-08T19:59:33.557+0000	[##########..............] benchmark.NoBench	2.46GB/5.73GB (42.9%)
2021-11-08T19:59:36.556+0000	[##########..............] benchmark.NoBench	2.48GB/5.73GB (43.2%)
2021-11-08T19:59:39.556+0000	[##########..............] benchmark.NoBench	2.49GB/5.73GB (43.5%)
2021-11-08T19:59:42.557+0000	[##########..............] benchmark.NoBench	2.51GB/5.73GB (43.7%)
2021-11-08T19:59:45.556+0000	[##########..............] benchmark.NoBench	2.53GB/5.73GB (44.1%)
2021-11-08T19:59:48.558+0000	[##########..............] benchmark.NoBench	2.54GB/5.73GB (44.4%)
2021-11-08T19:59:51.560+0000	[##########..............] benchmark.NoBench	2.56GB/5.73GB (44.6%)
2021-11-08T19:59:54.557+0000	[##########..............] benchmark.NoBench	2.57GB/5.73GB (44.9%)
2021-11-08T19:59:57.557+0000	[##########..............] benchmark.NoBench	2.59GB/5.73GB (45.2%)
2021-11-08T20:00:00.557+0000	[##########..............] benchmark.NoBench	2.61GB/5.73GB (45.5%)
2021-11-08T20:00:03.556+0000	[##########..............] benchmark.NoBench	2.62GB/5.73GB (45.7%)
2021-11-08T20:00:06.556+0000	[###########.............] benchmark.NoBench	2.64GB/5.73GB (46.0%)
2021-11-08T20:00:09.557+0000	[###########.............] benchmark.NoBench	2.65GB/5.73GB (46.3%)
2021-11-08T20:00:12.557+0000	[###########.............] benchmark.NoBench	2.67GB/5.73GB (46.5%)
2021-11-08T20:00:15.557+0000	[###########.............] benchmark.NoBench	2.68GB/5.73GB (46.8%)
2021-11-08T20:00:18.556+0000	[###########.............] benchmark.NoBench	2.70GB/5.73GB (47.1%)
2021-11-08T20:00:21.556+0000	[###########.............] benchmark.NoBench	2.71GB/5.73GB (47.3%)
2021-11-08T20:00:24.558+0000	[###########.............] benchmark.NoBench	2.73GB/5.73GB (47.6%)
2021-11-08T20:00:27.557+0000	[###########.............] benchmark.NoBench	2.75GB/5.73GB (47.9%)
2021-11-08T20:00:30.556+0000	[###########.............] benchmark.NoBench	2.76GB/5.73GB (48.2%)
2021-11-08T20:00:33.556+0000	[###########.............] benchmark.NoBench	2.78GB/5.73GB (48.5%)
2021-11-08T20:00:36.557+0000	[###########.............] benchmark.NoBench	2.79GB/5.73GB (48.7%)
2021-11-08T20:00:39.557+0000	[###########.............] benchmark.NoBench	2.81GB/5.73GB (49.0%)
2021-11-08T20:00:42.557+0000	[###########.............] benchmark.NoBench	2.82GB/5.73GB (49.3%)
2021-11-08T20:00:45.556+0000	[###########.............] benchmark.NoBench	2.84GB/5.73GB (49.5%)
2021-11-08T20:00:48.556+0000	[###########.............] benchmark.NoBench	2.86GB/5.73GB (49.8%)
2021-11-08T20:00:51.556+0000	[############............] benchmark.NoBench	2.87GB/5.73GB (50.1%)
2021-11-08T20:00:54.557+0000	[############............] benchmark.NoBench	2.89GB/5.73GB (50.4%)
2021-11-08T20:00:57.558+0000	[############............] benchmark.NoBench	2.90GB/5.73GB (50.7%)
2021-11-08T20:01:00.559+0000	[############............] benchmark.NoBench	2.92GB/5.73GB (50.9%)
2021-11-08T20:01:03.556+0000	[############............] benchmark.NoBench	2.94GB/5.73GB (51.2%)
2021-11-08T20:01:06.557+0000	[############............] benchmark.NoBench	2.95GB/5.73GB (51.5%)
2021-11-08T20:01:09.558+0000	[############............] benchmark.NoBench	2.97GB/5.73GB (51.7%)
2021-11-08T20:01:12.556+0000	[############............] benchmark.NoBench	2.98GB/5.73GB (52.0%)
2021-11-08T20:01:15.556+0000	[############............] benchmark.NoBench	3.00GB/5.73GB (52.3%)
2021-11-08T20:01:18.557+0000	[############............] benchmark.NoBench	3.01GB/5.73GB (52.6%)
2021-11-08T20:01:21.556+0000	[############............] benchmark.NoBench	3.03GB/5.73GB (52.9%)
2021-11-08T20:01:24.556+0000	[############............] benchmark.NoBench	3.05GB/5.73GB (53.1%)
2021-11-08T20:01:27.558+0000	[############............] benchmark.NoBench	3.06GB/5.73GB (53.4%)
2021-11-08T20:01:30.556+0000	[############............] benchmark.NoBench	3.08GB/5.73GB (53.7%)
2021-11-08T20:01:33.556+0000	[############............] benchmark.NoBench	3.09GB/5.73GB (54.0%)
2021-11-08T20:01:36.556+0000	[#############...........] benchmark.NoBench	3.11GB/5.73GB (54.2%)
2021-11-08T20:01:39.556+0000	[#############...........] benchmark.NoBench	3.12GB/5.73GB (54.5%)
2021-11-08T20:01:42.557+0000	[#############...........] benchmark.NoBench	3.14GB/5.73GB (54.8%)
2021-11-08T20:01:45.556+0000	[#############...........] benchmark.NoBench	3.16GB/5.73GB (55.0%)
2021-11-08T20:01:48.557+0000	[#############...........] benchmark.NoBench	3.17GB/5.73GB (55.3%)
2021-11-08T20:01:51.557+0000	[#############...........] benchmark.NoBench	3.19GB/5.73GB (55.7%)
2021-11-08T20:01:54.557+0000	[#############...........] benchmark.NoBench	3.21GB/5.73GB (55.9%)
2021-11-08T20:01:57.557+0000	[#############...........] benchmark.NoBench	3.22GB/5.73GB (56.2%)
2021-11-08T20:02:00.557+0000	[#############...........] benchmark.NoBench	3.24GB/5.73GB (56.5%)
2021-11-08T20:02:03.557+0000	[#############...........] benchmark.NoBench	3.25GB/5.73GB (56.7%)
2021-11-08T20:02:06.563+0000	[#############...........] benchmark.NoBench	3.27GB/5.73GB (57.0%)
2021-11-08T20:02:09.557+0000	[#############...........] benchmark.NoBench	3.28GB/5.73GB (57.3%)
2021-11-08T20:02:12.557+0000	[#############...........] benchmark.NoBench	3.30GB/5.73GB (57.5%)
2021-11-08T20:02:15.557+0000	[#############...........] benchmark.NoBench	3.31GB/5.73GB (57.8%)
2021-11-08T20:02:18.557+0000	[#############...........] benchmark.NoBench	3.33GB/5.73GB (58.1%)
2021-11-08T20:02:21.557+0000	[##############..........] benchmark.NoBench	3.35GB/5.73GB (58.4%)
2021-11-08T20:02:24.556+0000	[##############..........] benchmark.NoBench	3.36GB/5.73GB (58.7%)
2021-11-08T20:02:27.556+0000	[##############..........] benchmark.NoBench	3.38GB/5.73GB (58.9%)
2021-11-08T20:02:30.557+0000	[##############..........] benchmark.NoBench	3.40GB/5.73GB (59.2%)
2021-11-08T20:02:33.557+0000	[##############..........] benchmark.NoBench	3.41GB/5.73GB (59.5%)
2021-11-08T20:02:36.557+0000	[##############..........] benchmark.NoBench	3.43GB/5.73GB (59.7%)
2021-11-08T20:02:39.556+0000	[##############..........] benchmark.NoBench	3.44GB/5.73GB (60.0%)
2021-11-08T20:02:42.558+0000	[##############..........] benchmark.NoBench	3.46GB/5.73GB (60.3%)
2021-11-08T20:02:45.563+0000	[##############..........] benchmark.NoBench	3.47GB/5.73GB (60.6%)
2021-11-08T20:02:48.557+0000	[##############..........] benchmark.NoBench	3.49GB/5.73GB (60.9%)
2021-11-08T20:02:51.556+0000	[##############..........] benchmark.NoBench	3.51GB/5.73GB (61.1%)
2021-11-08T20:02:54.557+0000	[##############..........] benchmark.NoBench	3.52GB/5.73GB (61.4%)
2021-11-08T20:02:57.556+0000	[##############..........] benchmark.NoBench	3.54GB/5.73GB (61.7%)
2021-11-08T20:03:00.556+0000	[##############..........] benchmark.NoBench	3.55GB/5.73GB (61.9%)
2021-11-08T20:03:03.557+0000	[##############..........] benchmark.NoBench	3.57GB/5.73GB (62.2%)
2021-11-08T20:03:06.557+0000	[###############.........] benchmark.NoBench	3.58GB/5.73GB (62.5%)
2021-11-08T20:03:09.557+0000	[###############.........] benchmark.NoBench	3.60GB/5.73GB (62.8%)
2021-11-08T20:03:12.557+0000	[###############.........] benchmark.NoBench	3.62GB/5.73GB (63.1%)
2021-11-08T20:03:15.556+0000	[###############.........] benchmark.NoBench	3.63GB/5.73GB (63.3%)
2021-11-08T20:03:18.565+0000	[###############.........] benchmark.NoBench	3.65GB/5.73GB (63.6%)
2021-11-08T20:03:21.556+0000	[###############.........] benchmark.NoBench	3.66GB/5.73GB (63.9%)
2021-11-08T20:03:24.558+0000	[###############.........] benchmark.NoBench	3.68GB/5.73GB (64.2%)
2021-11-08T20:03:27.558+0000	[###############.........] benchmark.NoBench	3.69GB/5.73GB (64.4%)
2021-11-08T20:03:30.557+0000	[###############.........] benchmark.NoBench	3.71GB/5.73GB (64.7%)
2021-11-08T20:03:33.560+0000	[###############.........] benchmark.NoBench	3.73GB/5.73GB (65.0%)
2021-11-08T20:03:36.556+0000	[###############.........] benchmark.NoBench	3.74GB/5.73GB (65.3%)
2021-11-08T20:03:39.557+0000	[###############.........] benchmark.NoBench	3.76GB/5.73GB (65.5%)
2021-11-08T20:03:42.557+0000	[###############.........] benchmark.NoBench	3.77GB/5.73GB (65.8%)
2021-11-08T20:03:45.558+0000	[###############.........] benchmark.NoBench	3.79GB/5.73GB (66.1%)
2021-11-08T20:03:48.557+0000	[###############.........] benchmark.NoBench	3.80GB/5.73GB (66.4%)
2021-11-08T20:03:51.556+0000	[###############.........] benchmark.NoBench	3.82GB/5.73GB (66.6%)
2021-11-08T20:03:54.556+0000	[################........] benchmark.NoBench	3.84GB/5.73GB (66.9%)
2021-11-08T20:03:57.556+0000	[################........] benchmark.NoBench	3.86GB/5.73GB (67.2%)
2021-11-08T20:04:00.557+0000	[################........] benchmark.NoBench	3.87GB/5.73GB (67.5%)
2021-11-08T20:04:03.557+0000	[################........] benchmark.NoBench	3.89GB/5.73GB (67.8%)
2021-11-08T20:04:06.556+0000	[################........] benchmark.NoBench	3.90GB/5.73GB (68.0%)
2021-11-08T20:04:09.557+0000	[################........] benchmark.NoBench	3.92GB/5.73GB (68.3%)
2021-11-08T20:04:12.556+0000	[################........] benchmark.NoBench	3.93GB/5.73GB (68.6%)
2021-11-08T20:04:15.556+0000	[################........] benchmark.NoBench	3.95GB/5.73GB (68.9%)
2021-11-08T20:04:18.556+0000	[################........] benchmark.NoBench	3.96GB/5.73GB (69.1%)
2021-11-08T20:04:21.556+0000	[################........] benchmark.NoBench	3.98GB/5.73GB (69.4%)
2021-11-08T20:04:24.556+0000	[################........] benchmark.NoBench	4.00GB/5.73GB (69.7%)
2021-11-08T20:04:27.556+0000	[################........] benchmark.NoBench	4.01GB/5.73GB (70.0%)
2021-11-08T20:04:30.562+0000	[################........] benchmark.NoBench	4.03GB/5.73GB (70.2%)
2021-11-08T20:04:33.557+0000	[################........] benchmark.NoBench	4.04GB/5.73GB (70.5%)
2021-11-08T20:04:36.563+0000	[################........] benchmark.NoBench	4.06GB/5.73GB (70.8%)
2021-11-08T20:04:39.557+0000	[#################.......] benchmark.NoBench	4.07GB/5.73GB (71.1%)
2021-11-08T20:04:42.556+0000	[#################.......] benchmark.NoBench	4.09GB/5.73GB (71.4%)
2021-11-08T20:04:45.556+0000	[#################.......] benchmark.NoBench	4.11GB/5.73GB (71.6%)
2021-11-08T20:04:48.558+0000	[#################.......] benchmark.NoBench	4.12GB/5.73GB (71.9%)
2021-11-08T20:04:51.557+0000	[#################.......] benchmark.NoBench	4.14GB/5.73GB (72.2%)
2021-11-08T20:04:54.557+0000	[#################.......] benchmark.NoBench	4.16GB/5.73GB (72.5%)
2021-11-08T20:04:57.556+0000	[#################.......] benchmark.NoBench	4.18GB/5.73GB (72.8%)
2021-11-08T20:05:00.557+0000	[#################.......] benchmark.NoBench	4.19GB/5.73GB (73.1%)
2021-11-08T20:05:03.557+0000	[#################.......] benchmark.NoBench	4.21GB/5.73GB (73.4%)
2021-11-08T20:05:06.556+0000	[#################.......] benchmark.NoBench	4.22GB/5.73GB (73.7%)
2021-11-08T20:05:09.557+0000	[#################.......] benchmark.NoBench	4.24GB/5.73GB (73.9%)
2021-11-08T20:05:12.557+0000	[#################.......] benchmark.NoBench	4.26GB/5.73GB (74.2%)
2021-11-08T20:05:15.557+0000	[#################.......] benchmark.NoBench	4.27GB/5.73GB (74.5%)
2021-11-08T20:05:18.556+0000	[#################.......] benchmark.NoBench	4.29GB/5.73GB (74.8%)
2021-11-08T20:05:21.557+0000	[##################......] benchmark.NoBench	4.30GB/5.73GB (75.0%)
2021-11-08T20:05:24.556+0000	[##################......] benchmark.NoBench	4.32GB/5.73GB (75.3%)
2021-11-08T20:05:27.559+0000	[##################......] benchmark.NoBench	4.33GB/5.73GB (75.6%)
2021-11-08T20:05:30.557+0000	[##################......] benchmark.NoBench	4.35GB/5.73GB (75.8%)
2021-11-08T20:05:33.556+0000	[##################......] benchmark.NoBench	4.36GB/5.73GB (76.1%)
2021-11-08T20:05:36.557+0000	[##################......] benchmark.NoBench	4.38GB/5.73GB (76.4%)
2021-11-08T20:05:39.557+0000	[##################......] benchmark.NoBench	4.40GB/5.73GB (76.7%)
2021-11-08T20:05:42.556+0000	[##################......] benchmark.NoBench	4.41GB/5.73GB (77.0%)
2021-11-08T20:05:45.556+0000	[##################......] benchmark.NoBench	4.43GB/5.73GB (77.2%)
2021-11-08T20:05:48.558+0000	[##################......] benchmark.NoBench	4.44GB/5.73GB (77.5%)
2021-11-08T20:05:51.557+0000	[##################......] benchmark.NoBench	4.46GB/5.73GB (77.8%)
2021-11-08T20:05:54.556+0000	[##################......] benchmark.NoBench	4.47GB/5.73GB (78.0%)
2021-11-08T20:05:57.557+0000	[##################......] benchmark.NoBench	4.49GB/5.73GB (78.4%)
2021-11-08T20:06:00.557+0000	[##################......] benchmark.NoBench	4.51GB/5.73GB (78.7%)
2021-11-08T20:06:03.556+0000	[##################......] benchmark.NoBench	4.53GB/5.73GB (79.0%)
2021-11-08T20:06:06.557+0000	[###################.....] benchmark.NoBench	4.54GB/5.73GB (79.2%)
2021-11-08T20:06:09.557+0000	[###################.....] benchmark.NoBench	4.56GB/5.73GB (79.5%)
2021-11-08T20:06:12.557+0000	[###################.....] benchmark.NoBench	4.57GB/5.73GB (79.8%)
2021-11-08T20:06:15.557+0000	[###################.....] benchmark.NoBench	4.59GB/5.73GB (80.1%)
2021-11-08T20:06:18.557+0000	[###################.....] benchmark.NoBench	4.61GB/5.73GB (80.3%)
2021-11-08T20:06:21.558+0000	[###################.....] benchmark.NoBench	4.62GB/5.73GB (80.6%)
2021-11-08T20:06:24.556+0000	[###################.....] benchmark.NoBench	4.64GB/5.73GB (80.9%)
2021-11-08T20:06:27.556+0000	[###################.....] benchmark.NoBench	4.65GB/5.73GB (81.1%)
2021-11-08T20:06:30.558+0000	[###################.....] benchmark.NoBench	4.67GB/5.73GB (81.4%)
2021-11-08T20:06:33.556+0000	[###################.....] benchmark.NoBench	4.68GB/5.73GB (81.6%)
2021-11-08T20:06:36.557+0000	[###################.....] benchmark.NoBench	4.70GB/5.73GB (81.9%)
2021-11-08T20:06:39.557+0000	[###################.....] benchmark.NoBench	4.71GB/5.73GB (82.2%)
2021-11-08T20:06:42.556+0000	[###################.....] benchmark.NoBench	4.73GB/5.73GB (82.5%)
2021-11-08T20:06:45.557+0000	[###################.....] benchmark.NoBench	4.74GB/5.73GB (82.7%)
2021-11-08T20:06:48.556+0000	[###################.....] benchmark.NoBench	4.76GB/5.73GB (83.0%)
2021-11-08T20:06:51.561+0000	[###################.....] benchmark.NoBench	4.77GB/5.73GB (83.3%)
2021-11-08T20:06:54.556+0000	[####################....] benchmark.NoBench	4.79GB/5.73GB (83.5%)
2021-11-08T20:06:57.558+0000	[####################....] benchmark.NoBench	4.81GB/5.73GB (83.9%)
2021-11-08T20:07:00.557+0000	[####################....] benchmark.NoBench	4.82GB/5.73GB (84.1%)
2021-11-08T20:07:03.558+0000	[####################....] benchmark.NoBench	4.84GB/5.73GB (84.4%)
2021-11-08T20:07:06.560+0000	[####################....] benchmark.NoBench	4.85GB/5.73GB (84.6%)
2021-11-08T20:07:09.556+0000	[####################....] benchmark.NoBench	4.87GB/5.73GB (84.9%)
2021-11-08T20:07:12.557+0000	[####################....] benchmark.NoBench	4.88GB/5.73GB (85.2%)
2021-11-08T20:07:15.558+0000	[####################....] benchmark.NoBench	4.90GB/5.73GB (85.5%)
2021-11-08T20:07:18.556+0000	[####################....] benchmark.NoBench	4.91GB/5.73GB (85.7%)
2021-11-08T20:07:21.557+0000	[####################....] benchmark.NoBench	4.93GB/5.73GB (86.0%)
2021-11-08T20:07:24.561+0000	[####################....] benchmark.NoBench	4.95GB/5.73GB (86.3%)
2021-11-08T20:07:27.559+0000	[####################....] benchmark.NoBench	4.96GB/5.73GB (86.5%)
2021-11-08T20:07:30.558+0000	[####################....] benchmark.NoBench	4.98GB/5.73GB (86.8%)
2021-11-08T20:07:33.557+0000	[####################....] benchmark.NoBench	4.99GB/5.73GB (87.1%)
2021-11-08T20:07:36.556+0000	[####################....] benchmark.NoBench	5.01GB/5.73GB (87.3%)
2021-11-08T20:07:39.556+0000	[#####################...] benchmark.NoBench	5.02GB/5.73GB (87.6%)
2021-11-08T20:07:42.562+0000	[#####################...] benchmark.NoBench	5.04GB/5.73GB (87.9%)
2021-11-08T20:07:45.556+0000	[#####################...] benchmark.NoBench	5.05GB/5.73GB (88.2%)
2021-11-08T20:07:48.557+0000	[#####################...] benchmark.NoBench	5.07GB/5.73GB (88.4%)
2021-11-08T20:07:51.557+0000	[#####################...] benchmark.NoBench	5.09GB/5.73GB (88.7%)
2021-11-08T20:07:54.556+0000	[#####################...] benchmark.NoBench	5.10GB/5.73GB (89.0%)
2021-11-08T20:07:57.557+0000	[#####################...] benchmark.NoBench	5.12GB/5.73GB (89.3%)
2021-11-08T20:08:00.556+0000	[#####################...] benchmark.NoBench	5.14GB/5.73GB (89.6%)
2021-11-08T20:08:03.557+0000	[#####################...] benchmark.NoBench	5.15GB/5.73GB (89.9%)
2021-11-08T20:08:06.557+0000	[#####################...] benchmark.NoBench	5.17GB/5.73GB (90.1%)
2021-11-08T20:08:09.557+0000	[#####################...] benchmark.NoBench	5.18GB/5.73GB (90.4%)
2021-11-08T20:08:12.556+0000	[#####################...] benchmark.NoBench	5.20GB/5.73GB (90.7%)
2021-11-08T20:08:15.556+0000	[#####################...] benchmark.NoBench	5.22GB/5.73GB (91.0%)
2021-11-08T20:08:18.557+0000	[#####################...] benchmark.NoBench	5.23GB/5.73GB (91.2%)
2021-11-08T20:08:21.556+0000	[#####################...] benchmark.NoBench	5.25GB/5.73GB (91.5%)
2021-11-08T20:08:24.556+0000	[######################..] benchmark.NoBench	5.26GB/5.73GB (91.8%)
2021-11-08T20:08:27.561+0000	[######################..] benchmark.NoBench	5.28GB/5.73GB (92.1%)
2021-11-08T20:08:30.557+0000	[######################..] benchmark.NoBench	5.29GB/5.73GB (92.3%)
2021-11-08T20:08:33.557+0000	[######################..] benchmark.NoBench	5.31GB/5.73GB (92.6%)
2021-11-08T20:08:36.556+0000	[######################..] benchmark.NoBench	5.33GB/5.73GB (92.9%)
2021-11-08T20:08:39.557+0000	[######################..] benchmark.NoBench	5.34GB/5.73GB (93.2%)
2021-11-08T20:08:42.556+0000	[######################..] benchmark.NoBench	5.36GB/5.73GB (93.4%)
2021-11-08T20:08:45.560+0000	[######################..] benchmark.NoBench	5.37GB/5.73GB (93.7%)
2021-11-08T20:08:48.557+0000	[######################..] benchmark.NoBench	5.39GB/5.73GB (94.0%)
2021-11-08T20:08:51.557+0000	[######################..] benchmark.NoBench	5.40GB/5.73GB (94.3%)
2021-11-08T20:08:54.561+0000	[######################..] benchmark.NoBench	5.42GB/5.73GB (94.5%)
2021-11-08T20:08:57.559+0000	[######################..] benchmark.NoBench	5.43GB/5.73GB (94.8%)
2021-11-08T20:09:00.556+0000	[######################..] benchmark.NoBench	5.45GB/5.73GB (95.1%)
2021-11-08T20:09:03.557+0000	[######################..] benchmark.NoBench	5.47GB/5.73GB (95.4%)
2021-11-08T20:09:06.556+0000	[######################..] benchmark.NoBench	5.48GB/5.73GB (95.6%)
2021-11-08T20:09:09.556+0000	[#######################.] benchmark.NoBench	5.50GB/5.73GB (95.9%)
2021-11-08T20:09:12.557+0000	[#######################.] benchmark.NoBench	5.51GB/5.73GB (96.2%)
2021-11-08T20:09:15.559+0000	[#######################.] benchmark.NoBench	5.53GB/5.73GB (96.4%)
2021-11-08T20:09:18.560+0000	[#######################.] benchmark.NoBench	5.54GB/5.73GB (96.7%)
2021-11-08T20:09:21.564+0000	[#######################.] benchmark.NoBench	5.56GB/5.73GB (97.0%)
2021-11-08T20:09:24.559+0000	[#######################.] benchmark.NoBench	5.57GB/5.73GB (97.2%)
2021-11-08T20:09:27.556+0000	[#######################.] benchmark.NoBench	5.59GB/5.73GB (97.5%)
2021-11-08T20:09:30.557+0000	[#######################.] benchmark.NoBench	5.61GB/5.73GB (97.8%)
2021-11-08T20:09:33.557+0000	[#######################.] benchmark.NoBench	5.62GB/5.73GB (98.1%)
2021-11-08T20:09:36.557+0000	[#######################.] benchmark.NoBench	5.64GB/5.73GB (98.3%)
2021-11-08T20:09:39.556+0000	[#######################.] benchmark.NoBench	5.65GB/5.73GB (98.6%)
2021-11-08T20:09:42.557+0000	[#######################.] benchmark.NoBench	5.67GB/5.73GB (98.9%)
2021-11-08T20:09:45.556+0000	[#######################.] benchmark.NoBench	5.68GB/5.73GB (99.1%)
2021-11-08T20:09:48.557+0000	[#######################.] benchmark.NoBench	5.70GB/5.73GB (99.4%)
2021-11-08T20:09:51.556+0000	[#######################.] benchmark.NoBench	5.72GB/5.73GB (99.7%)
2021-11-08T20:09:54.557+0000	[#######################.] benchmark.NoBench	5.73GB/5.73GB (99.9%)
2021-11-08T20:09:55.171+0000	[########################] benchmark.NoBench	5.73GB/5.73GB (100.0%)
2021-11-08T20:09:55.171+0000	10000000 document(s) imported successfully. 0 document(s) failed to import.
mongo-benchmark
MongoDB: 1513.41 s
mongo-benchmark
=== Found Postgres query file, executing Postgres queries ===
= File:'NoBench.json' =
13.4-alpine: Pulling from library/postgres
Digest: sha256:c170270dc9ba94f491375e366fa2cf46d0bc0027e4a69d70e6e9d1454ba748dc
Status: Image is up to date for postgres:13.4-alpine
1dfa9c7231b6659ef864c2ac32585b51cc3e248d16f0ab2a24b31ed48e78d489
3
PSQL: 370.705 s
psql-benchmark
=== Results ===
= JQ =
Overall: 
= JODA =
Overall: 34.0542
Query Time: 9.08792
1.127835421
0.894222021
1.047045541
0.878470193
0.902278638
0.45989767
0.894904025
1.033965595
0.89950274
0.949793626
= Mongo =
Overall: 1513.41
24.475
41.107
51.13
37.594
51.315
29.416
50.808
52.53
40.691
30.446
Query Time: 409.512
= PostgreSQL =
Overall: 370.705
=== AGG Results ===
= JQ =

= JODA =
10000000
3472172
7963856
7957515
4091463
1304726
186632
621867
196486
67997
2294
= Mongo =
3472172
7963856
7957515
4091463
1304726
186632
621867
196486
67997
2294
= PostgreSQL =
 3472172
 7963856
 7957515
 4091463
 1304726
 186632
 621867
 196486
 67997
  2294
