=== Found JODA query file, executing JODA queries ===
= File:'NoBench.json' =
0.12.3: Pulling from nicotin/joda
Digest: sha256:6c0c6b4a19967ae02ef348535acdb3eb8496453a8b868763c34370e10be0192f
Status: Image is up to date for nicotin/joda:0.12.3
0e010a2bc6070052c0244534407a2258a0f330a888b208d3fd51ddf48c1d326a
0
JODA: 1.05125 s
joda-benchmark
=== Found MongoDB query file, executing MongoDB queries ===
= File:'NoBench.json' =
5.0.3-focal: Pulling from library/mongo
Digest: sha256:f7c401402aa3e689fc42c7109247ab2d5a3e3b4b8a3ace4c2bf7a5fc74ca4917
Status: Image is up to date for mongo:5.0.3-focal
ca29048e4779d64e3f6c3679aaebcae07cd0d2661ad4abcfb7e29227897f637a
2021-11-09T05:31:29.826+0000	connected to: mongodb://localhost/
2021-11-09T05:31:30.624+0000	10000 document(s) imported successfully. 0 document(s) failed to import.
mongo-benchmark
MongoDB: 3.09895 s
mongo-benchmark
=== Found Postgres query file, executing Postgres queries ===
= File:'NoBench.json' =
13.4-alpine: Pulling from library/postgres
Digest: sha256:c170270dc9ba94f491375e366fa2cf46d0bc0027e4a69d70e6e9d1454ba748dc
Status: Image is up to date for postgres:13.4-alpine
c85568a67607d1f40f519f2ab544cfc0e87de7d83f9a5a0f283ff5249641e3d0
3
PSQL: 2.22721 s
psql-benchmark
=== Results ===
= JQ =
Overall: 
= JODA =
Overall: 1.05125
Query Time: 0.19968
0.021719833
0.024217136
0.019950348
0.019998901
0.020115952
0.020617535
0.020173744
0.02015631
0.016622922
0.016107299
= Mongo =
Overall: 3.09895
0.043
0.056
0.046
0.047
0.063
0.022
0.063
0.064
0.049
0.043
Query Time: 0.496
= PostgreSQL =
Overall: 2.22721
=== AGG Results ===
= JQ =

= JODA =
10000
2917
8011
2893
4117
1283
4994
627
142
49
23
= Mongo =
2917
8011
2893
4117
1283
4994
627
142
49
23
= PostgreSQL =
  2917
  8011
  2893
  4117
  1283
  4994
   627
   142
    49
    23
