=== Found JODA query file, executing JODA queries ===
= File:'Twitter.json' =
0.12.4: Pulling from nicotin/joda
Digest: sha256:b253680f2c5ee1118e2c282e0c4ebff5cb6e87643fb98abcf1e686caaa35152a
Status: Image is up to date for nicotin/joda:0.12.4
347109234fdc803c5714e3d9a73ec35b92675711aa28eaf6ccf15316993fd206
0
JODA: 72.0142 s
joda-benchmark
=== Results ===
= JQ =
Overall: 
= JODA =
Overall: 72.0142
Query Time: 11.4458
6.812322163
1.075090372
0.282284978
1.090458335
0.715216041
0.574133889
0.344675891
0.255003856
0.142686067
0.153937451
= Mongo =
Overall: 

Query Time: 
= PostgreSQL =
Overall: 
=== AGG Results ===
= JQ =

= JODA =
13346336
5073309
2689798
1101152
5078595
5073309
2000056
1243608
1070639
259795
844048
= Mongo =

= PostgreSQL =

